

================================================================
== Vitis HLS Report for 'bfs'
================================================================
* Date:           Mon Mar 10 00:18:03 2025

* Version:        2022.1 (Build 3526262 on Mon Apr 18 15:47:01 MDT 2022)
* Project:        bfs_random_prj_p1
* Solution:       solution (Vivado IP Flow Target)
* Product family: virtex7
* Target device:  xc7vx485t-ffg1761-2


================================================================
== Performance Estimates
================================================================
+ Timing: 
    * Summary: 
    +--------+----------+----------+------------+
    |  Clock |  Target  | Estimated| Uncertainty|
    +--------+----------+----------+------------+
    |ap_clk  |  10.00 ns|  6.539 ns|     2.70 ns|
    +--------+----------+----------+------------+

+ Latency: 
    * Summary: 
    +---------+---------+----------+----------+-----+-----+---------+
    |  Latency (cycles) |  Latency (absolute) |  Interval | Pipeline|
    |   min   |   max   |    min   |    max   | min | max |   Type  |
    +---------+---------+----------+----------+-----+-----+---------+
    |        ?|        ?|         ?|         ?|    ?|    ?|       no|
    +---------+---------+----------+----------+-----+-----+---------+

    + Detail: 
        * Instance: 
        +-----------------------------------------+------------------------------+---------+---------+----------+----------+-----+-----+---------+
        |                                         |                              |  Latency (cycles) |  Latency (absolute) |  Interval | Pipeline|
        |                 Instance                |            Module            |   min   |   max   |    min   |    max   | min | max |   Type  |
        +-----------------------------------------+------------------------------+---------+---------+----------+----------+-----+-----+---------+
        |grp_bfs_Pipeline_loop_neighbors_fu_317   |bfs_Pipeline_loop_neighbors   |        ?|        ?|         ?|         ?|    ?|    ?|       no|
        |grp_bfs_Pipeline_loop_neighbors1_fu_334  |bfs_Pipeline_loop_neighbors1  |        ?|        ?|         ?|         ?|    ?|    ?|       no|
        +-----------------------------------------+------------------------------+---------+---------+----------+----------+-----+-----+---------+

        * Loop: 
        +-----------------+---------+---------+----------+-----------+-----------+-------+----------+
        |                 |  Latency (cycles) | Iteration|  Initiation Interval  |  Trip |          |
        |    Loop Name    |   min   |   max   |  Latency |  achieved |   target  | Count | Pipelined|
        +-----------------+---------+---------+----------+-----------+-----------+-------+----------+
        |- loop_horizons  |        ?|        ?|         ?|          -|          -|  1 ~ 5|        no|
        | + loop_nodes    |        ?|        ?|         ?|          -|          -|    256|        no|
        | + loop_nodes    |        ?|        ?|         ?|          -|          -|    256|        no|
        +-----------------+---------+---------+----------+-----------+-----------+-------+----------+



================================================================
== Utilization Estimates
================================================================
* Summary: 
+-----------------+---------+------+--------+--------+-----+
|       Name      | BRAM_18K|  DSP |   FF   |   LUT  | URAM|
+-----------------+---------+------+--------+--------+-----+
|DSP              |        -|     -|       -|       -|    -|
|Expression       |        -|     -|       0|    5403|    -|
|FIFO             |        -|     -|       -|       -|    -|
|Instance         |        -|     0|    1212|    1808|    -|
|Memory           |        -|     -|       -|       -|    -|
|Multiplexer      |        -|     -|       -|     493|    -|
|Register         |        -|     -|     814|       -|    -|
+-----------------+---------+------+--------+--------+-----+
|Total            |        0|     0|    2026|    7704|    0|
+-----------------+---------+------+--------+--------+-----+
|Available        |     2060|  2800|  607200|  303600|    0|
+-----------------+---------+------+--------+--------+-----+
|Utilization (%)  |        0|     0|      ~0|       2|    0|
+-----------------+---------+------+--------+--------+-----+

+ Detail: 
    * Instance: 
    +-----------------------------------------+------------------------------+---------+----+-----+-----+-----+
    |                 Instance                |            Module            | BRAM_18K| DSP|  FF | LUT | URAM|
    +-----------------------------------------+------------------------------+---------+----+-----+-----+-----+
    |grp_bfs_Pipeline_loop_neighbors_fu_317   |bfs_Pipeline_loop_neighbors   |        0|   0|  548|  855|    0|
    |grp_bfs_Pipeline_loop_neighbors1_fu_334  |bfs_Pipeline_loop_neighbors1  |        0|   0|  548|  855|    0|
    |mul_4ns_6ns_9_1_1_U25                    |mul_4ns_6ns_9_1_1             |        0|   0|    0|   26|    0|
    |mul_4ns_6ns_9_1_1_U27                    |mul_4ns_6ns_9_1_1             |        0|   0|    0|   26|    0|
    |urem_4ns_4ns_4_8_seq_1_U24               |urem_4ns_4ns_4_8_seq_1        |        0|   0|   58|   23|    0|
    |urem_4ns_4ns_4_8_seq_1_U26               |urem_4ns_4ns_4_8_seq_1        |        0|   0|   58|   23|    0|
    +-----------------------------------------+------------------------------+---------+----+-----+-----+-----+
    |Total                                    |                              |        0|   0| 1212| 1808|    0|
    +-----------------------------------------+------------------------------+---------+----+-----+-----+-----+

    * DSP: 
    N/A

    * Memory: 
    N/A

    * FIFO: 
    N/A

    * Expression: 
    +-------------------------+----------+----+---+-----+------------+------------+
    |      Variable Name      | Operation| DSP| FF| LUT | Bitwidth P0| Bitwidth P1|
    +-------------------------+----------+----+---+-----+------------+------------+
    |add_ln21_fu_674_p2       |         +|   0|  0|   13|           4|           2|
    |n_2_fu_463_p2            |         +|   0|  0|   16|           9|           1|
    |n_3_fu_685_p2            |         +|   0|  0|   16|           9|           1|
    |and_ln18_fu_414_p2       |       and|   0|  0|   16|          16|          16|
    |and_ln39_1_fu_607_p2     |       and|   0|  0|  128|         128|         128|
    |and_ln39_2_fu_867_p2     |       and|   0|  0|  128|         128|         128|
    |and_ln39_3_fu_829_p2     |       and|   0|  0|  128|         128|         128|
    |and_ln39_fu_645_p2       |       and|   0|  0|  128|         128|         128|
    |icmp_ln21_fu_437_p2      |      icmp|   0|  0|    9|           4|           4|
    |icmp_ln24_1_fu_679_p2    |      icmp|   0|  0|   11|           9|          10|
    |icmp_ln24_fu_457_p2      |      icmp|   0|  0|   11|           9|          10|
    |icmp_ln25_1_fu_740_p2    |      icmp|   0|  0|   11|           8|           8|
    |icmp_ln25_fu_518_p2      |      icmp|   0|  0|   11|           8|           8|
    |icmp_ln28_2_fu_750_p2    |      icmp|   0|  0|   29|          64|          64|
    |icmp_ln28_fu_528_p2      |      icmp|   0|  0|   29|          64|          64|
    |icmp_ln39_1_fu_890_p2    |      icmp|   0|  0|   29|          64|           1|
    |icmp_ln39_fu_668_p2      |      icmp|   0|  0|   29|          64|           1|
    |lshr_ln25_1_fu_730_p2    |      lshr|   0|  0|   35|          16|          16|
    |lshr_ln25_fu_508_p2      |      lshr|   0|  0|   35|          16|          16|
    |conv20_fu_447_p2         |        or|   0|  0|    4|           4|           1|
    |or_ln39_1_fu_623_p2      |        or|   0|  0|  128|         128|         128|
    |or_ln39_2_fu_883_p2      |        or|   0|  0|  128|         128|         128|
    |or_ln39_3_fu_845_p2      |        or|   0|  0|  128|         128|         128|
    |or_ln39_fu_661_p2        |        or|   0|  0|  128|         128|         128|
    |select_ln28_1_fu_762_p3  |    select|   0|  0|   64|           1|          64|
    |select_ln28_fu_540_p3    |    select|   0|  0|   64|           1|          64|
    |shl_ln18_fu_402_p2       |       shl|   0|  0|   35|           8|          16|
    |shl_ln39_2_fu_655_p2     |       shl|   0|  0|  423|         128|         128|
    |shl_ln39_3_fu_595_p2     |       shl|   0|  0|  423|          64|         128|
    |shl_ln39_4_fu_617_p2     |       shl|   0|  0|  423|         128|         128|
    |shl_ln39_5_fu_855_p2     |       shl|   0|  0|  423|          64|         128|
    |shl_ln39_6_fu_877_p2     |       shl|   0|  0|  423|         128|         128|
    |shl_ln39_7_fu_817_p2     |       shl|   0|  0|  423|          64|         128|
    |shl_ln39_8_fu_839_p2     |       shl|   0|  0|  423|         128|         128|
    |shl_ln39_fu_633_p2       |       shl|   0|  0|  423|          64|         128|
    |xor_ln18_fu_408_p2       |       xor|   0|  0|   16|          16|           2|
    |xor_ln39_1_fu_601_p2     |       xor|   0|  0|  128|         128|           2|
    |xor_ln39_2_fu_861_p2     |       xor|   0|  0|  128|         128|           2|
    |xor_ln39_3_fu_823_p2     |       xor|   0|  0|  128|         128|           2|
    |xor_ln39_fu_639_p2       |       xor|   0|  0|  128|         128|           2|
    +-------------------------+----------+----+---+-----+------------+------------+
    |Total                    |          |   0|  0| 5403|        2698|        2425|
    +-------------------------+----------+----+---+-----+------------+------------+

    * Multiplexer: 
    +-------------------------+-----+-----------+-----+-----------+
    |           Name          | LUT | Input Size| Bits| Total Bits|
    +-------------------------+-----+-----------+-----+-----------+
    |ap_NS_fsm                |  153|         32|    1|         32|
    |cnt_1_reg_278            |    9|          2|   64|        128|
    |cnt_2_reg_263            |    9|          2|   64|        128|
    |cnt_3_reg_302            |    9|          2|   64|        128|
    |cnt_reg_239              |    9|          2|   64|        128|
    |edges_0_address0         |   13|          3|   11|         33|
    |edges_0_address1         |   13|          3|   11|         33|
    |edges_0_ce0              |   13|          3|    1|          3|
    |edges_0_ce1              |   13|          3|    1|          3|
    |edges_1_address0         |   13|          3|   11|         33|
    |edges_1_address1         |   13|          3|   11|         33|
    |edges_1_ce0              |   13|          3|    1|          3|
    |edges_1_ce1              |   13|          3|    1|          3|
    |horizon_fu_112           |    9|          2|    4|          8|
    |level_address0           |   29|          7|    7|         49|
    |level_ce0                |   17|          4|    1|          4|
    |level_counts_0_address0  |   29|          7|    2|         14|
    |level_counts_0_d0        |   17|          4|  128|        512|
    |level_counts_1_address0  |   21|          5|    2|         10|
    |level_counts_1_d0        |   13|          3|  128|        384|
    |level_d0                 |   17|          4|   16|         64|
    |level_we0                |   17|          4|    1|          4|
    |n_1_reg_290              |    9|          2|    9|         18|
    |n_reg_251                |    9|          2|    9|         18|
    |nodes_address0           |   13|          3|    8|         24|
    +-------------------------+-----+-----------+-----+-----------+
    |Total                    |  493|        111|  620|       1797|
    +-------------------------+-----+-----------+-----+-----------+

    * Register: 
    +------------------------------------------------------+----+----+-----+-----------+
    |                         Name                         | FF | LUT| Bits| Const Bits|
    +------------------------------------------------------+----+----+-----+-----------+
    |add_ln21_reg_1033                                     |   4|   0|    4|          0|
    |ap_CS_fsm                                             |  31|   0|   31|          0|
    |cnt_1_0_loc_fu_128                                    |  64|   0|   64|          0|
    |cnt_1_reg_278                                         |  64|   0|   64|          0|
    |cnt_2_0_loc_fu_124                                    |  64|   0|   64|          0|
    |cnt_2_reg_263                                         |  64|   0|   64|          0|
    |cnt_3_reg_302                                         |  64|   0|   64|          0|
    |cnt_6_0_loc_fu_120                                    |  64|   0|   64|          0|
    |cnt_9_0_loc_fu_116                                    |  64|   0|   64|          0|
    |cnt_reg_239                                           |  64|   0|   64|          0|
    |conv20_reg_958                                        |   3|   0|    4|          1|
    |grp_bfs_Pipeline_loop_neighbors1_fu_334_ap_start_reg  |   1|   0|    1|          0|
    |grp_bfs_Pipeline_loop_neighbors_fu_317_ap_start_reg   |   1|   0|    1|          0|
    |horizon_fu_112                                        |   4|   0|    4|          0|
    |icmp_ln21_reg_949                                     |   1|   0|    1|          0|
    |icmp_ln39_reg_1029                                    |   1|   0|    1|          0|
    |level_addr_reg_936                                    |   7|   0|    7|          0|
    |level_counts_0_addr_1_reg_1019                        |   2|   0|    2|          0|
    |level_counts_0_addr_2_reg_1090                        |   2|   0|    2|          0|
    |level_counts_1_addr_1_reg_1095                        |   2|   0|    2|          0|
    |level_counts_1_addr_reg_1024                          |   2|   0|    2|          0|
    |n_1_reg_290                                           |   9|   0|    9|          0|
    |n_2_reg_973                                           |   9|   0|    9|          0|
    |n_3_reg_1044                                          |   9|   0|    9|          0|
    |n_reg_251                                             |   9|   0|    9|          0|
    |reg_363                                               |  64|   0|   64|          0|
    |shl_ln39_1_reg_1080                                   |   1|   0|    7|          6|
    |shl_ln_reg_1013                                       |   1|   0|    7|          6|
    |targetBlock4_reg_1070                                 |   1|   0|    1|          0|
    |targetBlock_reg_999                                   |   1|   0|    1|          0|
    |tmp_16_reg_1009                                       |   1|   0|    1|          0|
    |tmp_18_reg_1086                                       |   1|   0|    1|          0|
    |tmp_begin_1_reg_1062                                  |  64|   0|   64|          0|
    |tmp_begin_reg_991                                     |  64|   0|   64|          0|
    |zext_ln21_reg_953                                     |   4|   0|    8|          4|
    |zext_ln24_reg_965                                     |   3|   0|    8|          5|
    +------------------------------------------------------+----+----+-----+-----------+
    |Total                                                 | 814|   0|  836|         22|
    +------------------------------------------------------+----+----+-----+-----------+



================================================================
== Interface
================================================================
* Summary: 
+-------------------------+-----+-----+------------+----------------+--------------+
|        RTL Ports        | Dir | Bits|  Protocol  |  Source Object |    C Type    |
+-------------------------+-----+-----+------------+----------------+--------------+
|ap_clk                   |   in|    1|  ap_ctrl_hs|             bfs|  return value|
|ap_rst                   |   in|    1|  ap_ctrl_hs|             bfs|  return value|
|ap_start                 |   in|    1|  ap_ctrl_hs|             bfs|  return value|
|ap_done                  |  out|    1|  ap_ctrl_hs|             bfs|  return value|
|ap_idle                  |  out|    1|  ap_ctrl_hs|             bfs|  return value|
|ap_ready                 |  out|    1|  ap_ctrl_hs|             bfs|  return value|
|nodes_address0           |  out|    8|   ap_memory|           nodes|         array|
|nodes_ce0                |  out|    1|   ap_memory|           nodes|         array|
|nodes_q0                 |   in|  128|   ap_memory|           nodes|         array|
|edges_0_address0         |  out|   11|   ap_memory|         edges_0|         array|
|edges_0_ce0              |  out|    1|   ap_memory|         edges_0|         array|
|edges_0_q0               |   in|   64|   ap_memory|         edges_0|         array|
|edges_0_address1         |  out|   11|   ap_memory|         edges_0|         array|
|edges_0_ce1              |  out|    1|   ap_memory|         edges_0|         array|
|edges_0_q1               |   in|   64|   ap_memory|         edges_0|         array|
|edges_1_address0         |  out|   11|   ap_memory|         edges_1|         array|
|edges_1_ce0              |  out|    1|   ap_memory|         edges_1|         array|
|edges_1_q0               |   in|   64|   ap_memory|         edges_1|         array|
|edges_1_address1         |  out|   11|   ap_memory|         edges_1|         array|
|edges_1_ce1              |  out|    1|   ap_memory|         edges_1|         array|
|edges_1_q1               |   in|   64|   ap_memory|         edges_1|         array|
|starting_node            |   in|   64|     ap_none|   starting_node|        scalar|
|level_address0           |  out|    7|   ap_memory|           level|         array|
|level_ce0                |  out|    1|   ap_memory|           level|         array|
|level_we0                |  out|    1|   ap_memory|           level|         array|
|level_d0                 |  out|   16|   ap_memory|           level|         array|
|level_q0                 |   in|   16|   ap_memory|           level|         array|
|level_counts_0_address0  |  out|    2|   ap_memory|  level_counts_0|         array|
|level_counts_0_ce0       |  out|    1|   ap_memory|  level_counts_0|         array|
|level_counts_0_we0       |  out|    1|   ap_memory|  level_counts_0|         array|
|level_counts_0_d0        |  out|  128|   ap_memory|  level_counts_0|         array|
|level_counts_0_q0        |   in|  128|   ap_memory|  level_counts_0|         array|
|level_counts_1_address0  |  out|    2|   ap_memory|  level_counts_1|         array|
|level_counts_1_ce0       |  out|    1|   ap_memory|  level_counts_1|         array|
|level_counts_1_we0       |  out|    1|   ap_memory|  level_counts_1|         array|
|level_counts_1_d0        |  out|  128|   ap_memory|  level_counts_1|         array|
|level_counts_1_q0        |   in|  128|   ap_memory|  level_counts_1|         array|
+-------------------------+-----+-----+------------+----------------+--------------+

