

================================================================
== Vitis HLS Report for 'bfs'
================================================================
* Date:           Mon Mar 10 00:16:11 2025

* Version:        2022.1 (Build 3526262 on Mon Apr 18 15:47:01 MDT 2022)
* Project:        bfs_random_prj_p1
* Solution:       solution (Vivado IP Flow Target)
* Product family: virtex7
* Target device:  xc7vx485t-ffg1761-2


================================================================
== Performance Estimates
================================================================
+ Timing: 
    * Summary: 
    +--------+----------+----------+------------+
    |  Clock |  Target  | Estimated| Uncertainty|
    +--------+----------+----------+------------+
    |ap_clk  |  10.00 ns|  6.900 ns|     2.70 ns|
    +--------+----------+----------+------------+

+ Latency: 
    * Summary: 
    +---------+---------+----------+----------+-----+-----+---------+
    |  Latency (cycles) |  Latency (absolute) |  Interval | Pipeline|
    |   min   |   max   |    min   |    max   | min | max |   Type  |
    +---------+---------+----------+----------+-----+-----+---------+
    |        ?|        ?|         ?|         ?|    ?|    ?|       no|
    +---------+---------+----------+----------+-----+-----+---------+

    + Detail: 
        * Instance: 
        N/A

        * Loop: 
        +---------------------+---------+---------+----------+-----------+-----------+-------+----------+
        |                     |  Latency (cycles) | Iteration|  Initiation Interval  |  Trip |          |
        |      Loop Name      |   min   |   max   |  Latency |  achieved |   target  | Count | Pipelined|
        +---------------------+---------+---------+----------+-----------+-----------+-------+----------+
        |- loop_horizons      |        ?|        ?|         ?|          -|          -|  1 ~ 5|        no|
        | + loop_nodes        |        ?|        ?|         ?|          -|          -|    128|        no|
        |  ++ loop_neighbors  |        ?|        ?|         9|          -|          -|      ?|        no|
        |  ++ loop_neighbors  |        ?|        ?|         9|          -|          -|      ?|        no|
        | + loop_nodes        |        ?|        ?|         ?|          -|          -|    128|        no|
        |  ++ loop_neighbors  |        ?|        ?|         8|          -|          -|      ?|        no|
        |  ++ loop_neighbors  |        ?|        ?|         7|          -|          -|      ?|        no|
        +---------------------+---------+---------+----------+-----------+-----------+-------+----------+



================================================================
== Utilization Estimates
================================================================
* Summary: 
+-----------------+---------+------+--------+--------+-----+
|       Name      | BRAM_18K|  DSP |   FF   |   LUT  | URAM|
+-----------------+---------+------+--------+--------+-----+
|DSP              |        -|     -|       -|       -|    -|
|Expression       |        -|     -|       0|   12299|    -|
|FIFO             |        -|     -|       -|       -|    -|
|Instance         |        -|     0|     116|     170|    -|
|Memory           |        -|     -|       -|       -|    -|
|Multiplexer      |        -|     -|       -|     826|    -|
|Register         |        -|     -|    2264|       -|    -|
+-----------------+---------+------+--------+--------+-----+
|Total            |        0|     0|    2380|   13295|    0|
+-----------------+---------+------+--------+--------+-----+
|Available        |     2060|  2800|  607200|  303600|    0|
+-----------------+---------+------+--------+--------+-----+
|Utilization (%)  |        0|     0|      ~0|       4|    0|
+-----------------+---------+------+--------+--------+-----+

+ Detail: 
    * Instance: 
    +---------------------------+------------------------+---------+----+----+----+-----+
    |          Instance         |         Module         | BRAM_18K| DSP| FF | LUT| URAM|
    +---------------------------+------------------------+---------+----+----+----+-----+
    |mul_4ns_6ns_9_1_1_U1       |mul_4ns_6ns_9_1_1       |        0|   0|   0|  26|    0|
    |mul_4ns_6ns_9_1_1_U12      |mul_4ns_6ns_9_1_1       |        0|   0|   0|  26|    0|
    |mux_21_64_1_1_U3           |mux_21_64_1_1           |        0|   0|   0|   9|    0|
    |mux_21_64_1_1_U4           |mux_21_64_1_1           |        0|   0|   0|   9|    0|
    |mux_21_64_1_1_U5           |mux_21_64_1_1           |        0|   0|   0|   9|    0|
    |mux_21_64_1_1_U6           |mux_21_64_1_1           |        0|   0|   0|   9|    0|
    |mux_21_64_1_1_U8           |mux_21_64_1_1           |        0|   0|   0|   9|    0|
    |mux_21_64_1_1_U9           |mux_21_64_1_1           |        0|   0|   0|   9|    0|
    |mux_21_64_1_1_U10          |mux_21_64_1_1           |        0|   0|   0|   9|    0|
    |mux_21_64_1_1_U11          |mux_21_64_1_1           |        0|   0|   0|   9|    0|
    |urem_4ns_4ns_4_8_seq_1_U2  |urem_4ns_4ns_4_8_seq_1  |        0|   0|  58|  23|    0|
    |urem_4ns_4ns_4_8_seq_1_U7  |urem_4ns_4ns_4_8_seq_1  |        0|   0|  58|  23|    0|
    +---------------------------+------------------------+---------+----+----+----+-----+
    |Total                      |                        |        0|   0| 116| 170|    0|
    +---------------------------+------------------------+---------+----+----+----+-----+

    * DSP: 
    N/A

    * Memory: 
    N/A

    * FIFO: 
    N/A

    * Expression: 
    +-------------------------+----------+----+---+-----+------------+------------+
    |      Variable Name      | Operation| DSP| FF| LUT | Bitwidth P0| Bitwidth P1|
    +-------------------------+----------+----+---+-----+------------+------------+
    |add_ln21_fu_1487_p2      |         +|   0|  0|   13|           4|           2|
    |add_ln28_10_fu_1357_p2   |         +|   0|  0|   18|          11|           1|
    |add_ln28_11_fu_1953_p2   |         +|   0|  0|   18|          11|           1|
    |add_ln28_1_fu_1181_p2    |         +|   0|  0|   71|          64|           2|
    |add_ln28_2_fu_1347_p2    |         +|   0|  0|   71|          64|           1|
    |add_ln28_3_fu_1660_p2    |         +|   0|  0|   71|          64|           1|
    |add_ln28_4_fu_1463_p2    |         +|   0|  0|   71|          64|           2|
    |add_ln28_5_fu_1776_p2    |         +|   0|  0|   71|          64|           2|
    |add_ln28_6_fu_1943_p2    |         +|   0|  0|   71|          64|           1|
    |add_ln28_7_fu_2060_p2    |         +|   0|  0|   71|          64|           2|
    |add_ln28_8_fu_1075_p2    |         +|   0|  0|   18|          11|           1|
    |add_ln28_9_fu_1670_p2    |         +|   0|  0|   18|          11|           1|
    |add_ln28_fu_1065_p2      |         +|   0|  0|   71|          64|           1|
    |add_ln34_1_fu_1175_p2    |         +|   0|  0|   71|          64|           1|
    |add_ln34_2_fu_1341_p2    |         +|   0|  0|   71|          64|           1|
    |add_ln34_3_fu_1653_p2    |         +|   0|  0|   71|          64|           1|
    |add_ln34_4_fu_1457_p2    |         +|   0|  0|   71|          64|           1|
    |add_ln34_5_fu_1770_p2    |         +|   0|  0|   71|          64|           1|
    |add_ln34_6_fu_1936_p2    |         +|   0|  0|   71|          64|           1|
    |add_ln34_7_fu_2053_p2    |         +|   0|  0|   71|          64|           1|
    |add_ln34_fu_1059_p2      |         +|   0|  0|   71|          64|           1|
    |n_4_fu_1469_p2           |         +|   0|  0|   16|           9|           2|
    |n_5_fu_2066_p2           |         +|   0|  0|   16|           9|           2|
    |ap_condition_429         |       and|   0|  0|    2|           1|           1|
    |grp_fu_805_p2            |      icmp|   0|  0|   11|           8|           8|
    |grp_fu_828_p2            |      icmp|   0|  0|   11|           8|           7|
    |grp_fu_834_p2            |      icmp|   0|  0|   11|           8|           8|
    |icmp_ln21_fu_869_p2      |      icmp|   0|  0|    9|           4|           4|
    |icmp_ln28_10_fu_1840_p2  |      icmp|   0|  0|   29|          64|          64|
    |icmp_ln28_11_fu_1964_p2  |      icmp|   0|  0|   29|          64|          64|
    |icmp_ln28_1_fu_963_p2    |      icmp|   0|  0|   29|          64|          64|
    |icmp_ln28_2_fu_1239_p2   |      icmp|   0|  0|   29|          64|          64|
    |icmp_ln28_3_fu_1551_p2   |      icmp|   0|  0|   29|          64|          64|
    |icmp_ln28_4_fu_1086_p2   |      icmp|   0|  0|   29|          64|          64|
    |icmp_ln28_5_fu_1245_p2   |      icmp|   0|  0|   29|          64|          64|
    |icmp_ln28_6_fu_1834_p2   |      icmp|   0|  0|   29|          64|          64|
    |icmp_ln28_7_fu_1557_p2   |      icmp|   0|  0|   29|          64|          64|
    |icmp_ln28_8_fu_1368_p2   |      icmp|   0|  0|   29|          64|          64|
    |icmp_ln28_9_fu_1681_p2   |      icmp|   0|  0|   29|          64|          64|
    |icmp_ln28_fu_957_p2      |      icmp|   0|  0|   29|          64|          64|
    |icmp_ln39_1_fu_2095_p2   |      icmp|   0|  0|   29|          64|           1|
    |icmp_ln39_fu_1481_p2     |      icmp|   0|  0|   29|          64|           1|
    |lshr_ln26_1_fu_1531_p2   |      lshr|   0|  0|  950|         256|         256|
    |lshr_ln26_2_fu_1219_p2   |      lshr|   0|  0|  950|         256|         256|
    |lshr_ln26_3_fu_1814_p2   |      lshr|   0|  0|  950|         256|         256|
    |lshr_ln26_fu_937_p2      |      lshr|   0|  0|  950|         256|         256|
    |lshr_ln29_10_fu_1416_p2  |      lshr|   0|  0|  423|         128|         128|
    |lshr_ln29_11_fu_1437_p2  |      lshr|   0|  0|  423|         128|         128|
    |lshr_ln29_12_fu_1889_p2  |      lshr|   0|  0|  423|         128|         128|
    |lshr_ln29_13_fu_1911_p2  |      lshr|   0|  0|  423|         128|         128|
    |lshr_ln29_14_fu_2012_p2  |      lshr|   0|  0|  423|         128|         128|
    |lshr_ln29_15_fu_2033_p2  |      lshr|   0|  0|  423|         128|         128|
    |lshr_ln29_1_fu_1034_p2   |      lshr|   0|  0|  423|         128|         128|
    |lshr_ln29_2_fu_1134_p2   |      lshr|   0|  0|  423|         128|         128|
    |lshr_ln29_3_fu_1155_p2   |      lshr|   0|  0|  423|         128|         128|
    |lshr_ln29_4_fu_1606_p2   |      lshr|   0|  0|  423|         128|         128|
    |lshr_ln29_5_fu_1628_p2   |      lshr|   0|  0|  423|         128|         128|
    |lshr_ln29_6_fu_1729_p2   |      lshr|   0|  0|  423|         128|         128|
    |lshr_ln29_7_fu_1750_p2   |      lshr|   0|  0|  423|         128|         128|
    |lshr_ln29_8_fu_1294_p2   |      lshr|   0|  0|  423|         128|         128|
    |lshr_ln29_9_fu_1316_p2   |      lshr|   0|  0|  423|         128|         128|
    |lshr_ln29_fu_1012_p2     |      lshr|   0|  0|  423|         128|         128|
    |conv20_fu_875_p2         |        or|   0|  0|    4|           4|           1|
    |n_2_fu_1191_p2           |        or|   0|  0|    8|           8|           1|
    |n_3_fu_1786_p2           |        or|   0|  0|    8|           8|           1|
    |xor_ln28_1_fu_1676_p2    |       xor|   0|  0|    2|           1|           2|
    |xor_ln28_2_fu_1363_p2    |       xor|   0|  0|    2|           1|           2|
    |xor_ln28_3_fu_1959_p2    |       xor|   0|  0|    2|           1|           2|
    |xor_ln28_fu_1081_p2      |       xor|   0|  0|    2|           1|           2|
    +-------------------------+----------+----+---+-----+------------+------------+
    |Total                    |          |   0|  0|12299|        5111|        3911|
    +-------------------------+----------+----+---+-----+------------+------------+

    * Multiplexer: 
    +-----------------------------------+-----+-----------+-----+-----------+
    |                Name               | LUT | Input Size| Bits| Total Bits|
    +-----------------------------------+-----+-----------+-----+-----------+
    |ap_NS_fsm                          |  292|         67|    1|         67|
    |ap_phi_mux_cnt_13_0_phi_fu_686_p4  |   13|          3|   64|        192|
    |ap_phi_mux_cnt_17_0_phi_fu_757_p4  |   13|          3|   64|        192|
    |ap_phi_mux_cnt_17_1_phi_fu_769_p4  |   13|          3|   64|        192|
    |ap_phi_mux_cnt_4_ph_phi_fu_697_p4  |    9|          2|   64|        128|
    |cnt_10_0_reg_585                   |    9|          2|   64|        128|
    |cnt_10_1_reg_596                   |    9|          2|   64|        128|
    |cnt_13_0_reg_683                   |    9|          2|   64|        128|
    |cnt_13_1_reg_706                   |    9|          2|   64|        128|
    |cnt_14_0_reg_733                   |    9|          2|   64|        128|
    |cnt_17_0_reg_754                   |    9|          2|   64|        128|
    |cnt_1_0_reg_493                    |    9|          2|   64|        128|
    |cnt_1_ph_reg_537                   |    9|          2|   64|        128|
    |cnt_1_reg_549                      |    9|          2|   64|        128|
    |cnt_2_0_reg_514                    |    9|          2|   64|        128|
    |cnt_2_1_reg_525                    |    9|          2|   64|        128|
    |cnt_2_reg_636                      |    9|          2|   64|        128|
    |cnt_3_ph_reg_608                   |    9|          2|   64|        128|
    |cnt_3_reg_620                      |    9|          2|   64|        128|
    |cnt_4_ph_reg_694                   |    9|          2|   64|        128|
    |cnt_4_reg_718                      |    9|          2|   64|        128|
    |cnt_5_ph_reg_777                   |    9|          2|   64|        128|
    |cnt_5_reg_789                      |    9|          2|   64|        128|
    |cnt_6_0_reg_564                    |    9|          2|   64|        128|
    |cnt_7_0_reg_662                    |    9|          2|   64|        128|
    |cnt_reg_467                        |    9|          2|   64|        128|
    |e_10_0_reg_744                     |    9|          2|   64|        128|
    |e_1_0_reg_504                      |    9|          2|   64|        128|
    |e_5_0_reg_575                      |    9|          2|   64|        128|
    |e_6_0_reg_673                      |    9|          2|   64|        128|
    |edges_0_address0                   |   37|          9|   10|         90|
    |edges_1_address0                   |   37|          9|   10|         90|
    |horizon_fu_122                     |    9|          2|    4|          8|
    |level_address0                     |   57|         14|    8|        112|
    |level_counts_0_address0            |   17|          4|    3|         12|
    |level_counts_0_d0                  |   17|          4|   64|        256|
    |level_counts_1_address0            |   13|          3|    3|          9|
    |level_counts_1_d0                  |   13|          3|   64|        192|
    |level_d0                           |   17|          4|    8|         32|
    |n_1_reg_650                        |    9|          2|    9|         18|
    |n_reg_481                          |    9|          2|    9|         18|
    |nodes_0_address0                   |   13|          3|    6|         18|
    |nodes_1_address0                   |   13|          3|    6|         18|
    +-----------------------------------+-----+-----------+-----+-----------+
    |Total                              |  826|        190| 2061|       4844|
    +-----------------------------------+-----+-----------+-----+-----------+

    * Register: 
    +------------------------+----+----+-----+-----------+
    |          Name          | FF | LUT| Bits| Const Bits|
    +------------------------+----+----+-----+-----------+
    |add_ln21_reg_2364       |   4|   0|    4|          0|
    |add_ln28_1_reg_2244     |  64|   0|   64|          0|
    |add_ln28_4_reg_2350     |  64|   0|   64|          0|
    |add_ln28_5_reg_2476     |  64|   0|   64|          0|
    |ap_CS_fsm               |  66|   0|   66|          0|
    |cnt_10_0_reg_585        |  64|   0|   64|          0|
    |cnt_10_1_reg_596        |  64|   0|   64|          0|
    |cnt_13_0_reg_683        |  64|   0|   64|          0|
    |cnt_13_1_reg_706        |  64|   0|   64|          0|
    |cnt_14_0_reg_733        |  64|   0|   64|          0|
    |cnt_17_0_reg_754        |  64|   0|   64|          0|
    |cnt_1_0_reg_493         |  64|   0|   64|          0|
    |cnt_1_ph_reg_537        |  64|   0|   64|          0|
    |cnt_1_reg_549           |  64|   0|   64|          0|
    |cnt_2_0_reg_514         |  64|   0|   64|          0|
    |cnt_2_1_reg_525         |  64|   0|   64|          0|
    |cnt_2_reg_636           |  64|   0|   64|          0|
    |cnt_3_ph_reg_608        |  64|   0|   64|          0|
    |cnt_3_reg_620           |  64|   0|   64|          0|
    |cnt_4_ph_reg_694        |  64|   0|   64|          0|
    |cnt_4_reg_718           |  64|   0|   64|          0|
    |cnt_5_ph_reg_777        |  64|   0|   64|          0|
    |cnt_5_reg_789           |  64|   0|   64|          0|
    |cnt_6_0_reg_564         |  64|   0|   64|          0|
    |cnt_7_0_reg_662         |  64|   0|   64|          0|
    |cnt_reg_467             |  64|   0|   64|          0|
    |conv20_reg_2124         |   3|   0|    4|          1|
    |e_10_0_reg_744          |  64|   0|   64|          0|
    |e_1_0_reg_504           |  64|   0|   64|          0|
    |e_5_0_reg_575           |  64|   0|   64|          0|
    |e_6_0_reg_673           |  64|   0|   64|          0|
    |horizon_fu_122          |   4|   0|    4|          0|
    |icmp_ln21_reg_2120      |   1|   0|    1|          0|
    |icmp_ln25_1_reg_2254    |   1|   0|    1|          0|
    |icmp_ln25_2_reg_2384    |   1|   0|    1|          0|
    |icmp_ln25_3_reg_2486    |   1|   0|    1|          0|
    |icmp_ln25_reg_2148      |   1|   0|    1|          0|
    |icmp_ln28_2_reg_2274    |   1|   0|    1|          0|
    |icmp_ln28_3_reg_2404    |   1|   0|    1|          0|
    |icmp_ln28_6_reg_2506    |   1|   0|    1|          0|
    |icmp_ln28_7_reg_2408    |   1|   0|    1|          0|
    |icmp_ln28_reg_2168      |   1|   0|    1|          0|
    |icmp_ln39_reg_2360      |   1|   0|    1|          0|
    |level_addr_10_reg_2463  |   8|   0|    8|          0|
    |level_addr_11_reg_2528  |   8|   0|    8|          0|
    |level_addr_12_reg_2564  |   8|   0|    8|          0|
    |level_addr_2_reg_2190   |   8|   0|    8|          0|
    |level_addr_5_reg_2231   |   8|   0|    8|          0|
    |level_addr_6_reg_2296   |   8|   0|    8|          0|
    |level_addr_8_reg_2427   |   8|   0|    8|          0|
    |level_addr_9_reg_2337   |   8|   0|    8|          0|
    |n_1_reg_650             |   9|   0|    9|          0|
    |n_4_reg_2355            |   9|   0|    9|          0|
    |n_5_reg_2577            |   9|   0|    9|          0|
    |n_reg_481               |   9|   0|    9|          0|
    |tmp_10_reg_2211         |   1|   0|    1|          0|
    |tmp_11_reg_2216         |   1|   0|    1|          0|
    |tmp_19_reg_2443         |   1|   0|    1|          0|
    |tmp_1_reg_2144          |   1|   0|    1|          0|
    |tmp_20_reg_2448         |   1|   0|    1|          0|
    |tmp_28_reg_2317         |   1|   0|    1|          0|
    |tmp_29_reg_2322         |   1|   0|    1|          0|
    |tmp_36_reg_2544         |   1|   0|    1|          0|
    |tmp_37_reg_2549         |   1|   0|    1|          0|
    |tmp_end_1_reg_2398      |  64|   0|   64|          0|
    |tmp_end_2_reg_2268      |  64|   0|   64|          0|
    |tmp_end_3_reg_2500      |  64|   0|   64|          0|
    |tmp_end_reg_2162        |  64|   0|   64|          0|
    |trunc_ln28_2_reg_2422   |   1|   0|    1|          0|
    |trunc_ln28_4_reg_2291   |   1|   0|    1|          0|
    |trunc_ln28_6_reg_2523   |   1|   0|    1|          0|
    |trunc_ln28_reg_2185     |   1|   0|    1|          0|
    |xor_ln28_1_reg_2435     |   1|   0|    1|          0|
    |xor_ln28_2_reg_2309     |   1|   0|    1|          0|
    |xor_ln28_3_reg_2536     |   1|   0|    1|          0|
    |xor_ln28_reg_2203       |   1|   0|    1|          0|
    |zext_ln21_reg_2115      |   4|   0|    8|          4|
    |zext_ln24_2_reg_2371    |   4|   0|    8|          4|
    |zext_ln24_reg_2130      |   3|   0|    8|          5|
    +------------------------+----+----+-----+-----------+
    |Total                   |2264|   0| 2278|         14|
    +------------------------+----+----+-----+-----------+



================================================================
== Interface
================================================================
* Summary: 
+-------------------------+-----+-----+------------+----------------+--------------+
|        RTL Ports        | Dir | Bits|  Protocol  |  Source Object |    C Type    |
+-------------------------+-----+-----+------------+----------------+--------------+
|ap_clk                   |   in|    1|  ap_ctrl_hs|             bfs|  return value|
|ap_rst                   |   in|    1|  ap_ctrl_hs|             bfs|  return value|
|ap_start                 |   in|    1|  ap_ctrl_hs|             bfs|  return value|
|ap_done                  |  out|    1|  ap_ctrl_hs|             bfs|  return value|
|ap_idle                  |  out|    1|  ap_ctrl_hs|             bfs|  return value|
|ap_ready                 |  out|    1|  ap_ctrl_hs|             bfs|  return value|
|nodes_0_address0         |  out|    6|   ap_memory|         nodes_0|         array|
|nodes_0_ce0              |  out|    1|   ap_memory|         nodes_0|         array|
|nodes_0_q0               |   in|  256|   ap_memory|         nodes_0|         array|
|nodes_1_address0         |  out|    6|   ap_memory|         nodes_1|         array|
|nodes_1_ce0              |  out|    1|   ap_memory|         nodes_1|         array|
|nodes_1_q0               |   in|  256|   ap_memory|         nodes_1|         array|
|edges_0_address0         |  out|   10|   ap_memory|         edges_0|         array|
|edges_0_ce0              |  out|    1|   ap_memory|         edges_0|         array|
|edges_0_q0               |   in|  128|   ap_memory|         edges_0|         array|
|edges_1_address0         |  out|   10|   ap_memory|         edges_1|         array|
|edges_1_ce0              |  out|    1|   ap_memory|         edges_1|         array|
|edges_1_q0               |   in|  128|   ap_memory|         edges_1|         array|
|starting_node            |   in|   64|     ap_none|   starting_node|        scalar|
|level_address0           |  out|    8|   ap_memory|           level|         array|
|level_ce0                |  out|    1|   ap_memory|           level|         array|
|level_we0                |  out|    1|   ap_memory|           level|         array|
|level_d0                 |  out|    8|   ap_memory|           level|         array|
|level_q0                 |   in|    8|   ap_memory|           level|         array|
|level_counts_0_address0  |  out|    3|   ap_memory|  level_counts_0|         array|
|level_counts_0_ce0       |  out|    1|   ap_memory|  level_counts_0|         array|
|level_counts_0_we0       |  out|    1|   ap_memory|  level_counts_0|         array|
|level_counts_0_d0        |  out|   64|   ap_memory|  level_counts_0|         array|
|level_counts_1_address0  |  out|    3|   ap_memory|  level_counts_1|         array|
|level_counts_1_ce0       |  out|    1|   ap_memory|  level_counts_1|         array|
|level_counts_1_we0       |  out|    1|   ap_memory|  level_counts_1|         array|
|level_counts_1_d0        |  out|   64|   ap_memory|  level_counts_1|         array|
+-------------------------+-----+-----+------------+----------------+--------------+

