

================================================================
== Synthesis Summary Report of 'bfs'
================================================================
+ General Information: 
    * Date:           Mon Mar 10 00:16:11 2025
    * Version:        2022.1 (Build 3526262 on Mon Apr 18 15:47:01 MDT 2022)
    * Project:        bfs_random_prj_p1
    * Solution:       solution (Vivado IP Flow Target)
    * Product family: virtex7
    * Target device:  xc7vx485t-ffg1761-2
    

+ Performance & Resource Estimates: 
    
    PS: '+' for module; 'o' for loop; '*' for dataflow
    +---------------------+------+------+---------+--------+----------+---------+------+----------+------+----+------------+------------+-----+
    |       Modules       | Issue|      | Latency | Latency| Iteration|         | Trip |          |      |    |            |            |     |
    |       & Loops       | Type | Slack| (cycles)|  (ns)  |  Latency | Interval| Count| Pipelined| BRAM | DSP|     FF     |     LUT    | URAM|
    +---------------------+------+------+---------+--------+----------+---------+------+----------+------+----+------------+------------+-----+
    |+ bfs                |     -|  0.40|        -|       -|         -|        -|     -|        no|     -|   -|  2380 (~0%)|  13295 (4%)|    -|
    | o loop_horizons     |     -|  7.30|        -|       -|         -|        -|     -|        no|     -|   -|           -|           -|    -|
    |  o loop_nodes       |     -|  7.30|        -|       -|         -|        -|     -|        no|     -|   -|           -|           -|    -|
    |   o loop_neighbors  |     -|  7.30|        -|       -|         9|        -|     -|        no|     -|   -|           -|           -|    -|
    |   o loop_neighbors  |     -|  7.30|        -|       -|         9|        -|     -|        no|     -|   -|           -|           -|    -|
    |  o loop_nodes       |     -|  7.30|        -|       -|         -|        -|     -|        no|     -|   -|           -|           -|    -|
    |   o loop_neighbors  |     -|  7.30|        -|       -|         8|        -|     -|        no|     -|   -|           -|           -|    -|
    |   o loop_neighbors  |     -|  7.30|        -|       -|         7|        -|     -|        no|     -|   -|           -|           -|    -|
    +---------------------+------+------+---------+--------+----------+---------+------+----------+------+----+------------+------------+-----+


================================================================
== HW Interfaces
================================================================
* AP_MEMORY
+-------------------------+----------+
| Interface               | Bitwidth |
+-------------------------+----------+
| edges_0_address0        | 10       |
| edges_0_q0              | 128      |
| edges_1_address0        | 10       |
| edges_1_q0              | 128      |
| level_address0          | 8        |
| level_counts_0_address0 | 3        |
| level_counts_0_d0       | 64       |
| level_counts_1_address0 | 3        |
| level_counts_1_d0       | 64       |
| level_d0                | 8        |
| level_q0                | 8        |
| nodes_0_address0        | 6        |
| nodes_0_q0              | 256      |
| nodes_1_address0        | 6        |
| nodes_1_q0              | 256      |
+-------------------------+----------+

* REGISTER
+---------------+---------+----------+
| Interface     | Mode    | Bitwidth |
+---------------+---------+----------+
| starting_node | ap_none | 64       |
+---------------+---------+----------+

* TOP LEVEL CONTROL
+-----------+------------+-----------------------------------+
| Interface | Type       | Ports                             |
+-----------+------------+-----------------------------------+
| ap_clk    | clock      | ap_clk                            |
| ap_rst    | reset      | ap_rst                            |
| ap_ctrl   | ap_ctrl_hs | ap_done ap_idle ap_ready ap_start |
+-----------+------------+-----------------------------------+


================================================================
== SW I/O Information
================================================================
* Top Function Arguments
+---------------+-----------+--------------------+
| Argument      | Direction | Datatype           |
+---------------+-----------+--------------------+
| nodes         | in        | node_t_struct*     |
| edges         | in        | edge_t_struct*     |
| starting_node | in        | long unsigned int  |
| level         | inout     | signed char*       |
| level_counts  | out       | long unsigned int* |
+---------------+-----------+--------------------+

* SW-to-HW Mapping
+---------------+-------------------------+---------+----------+
| Argument      | HW Interface            | HW Type | HW Usage |
+---------------+-------------------------+---------+----------+
| nodes         | nodes_0_address0        | port    | offset   |
| nodes         | nodes_0_ce0             | port    |          |
| nodes         | nodes_0_q0              | port    |          |
| nodes         | nodes_1_address0        | port    | offset   |
| nodes         | nodes_1_ce0             | port    |          |
| nodes         | nodes_1_q0              | port    |          |
| edges         | edges_0_address0        | port    | offset   |
| edges         | edges_0_ce0             | port    |          |
| edges         | edges_0_q0              | port    |          |
| edges         | edges_1_address0        | port    | offset   |
| edges         | edges_1_ce0             | port    |          |
| edges         | edges_1_q0              | port    |          |
| starting_node | starting_node           | port    |          |
| level         | level_address0          | port    | offset   |
| level         | level_ce0               | port    |          |
| level         | level_we0               | port    |          |
| level         | level_d0                | port    |          |
| level         | level_q0                | port    |          |
| level_counts  | level_counts_0_address0 | port    | offset   |
| level_counts  | level_counts_0_ce0      | port    |          |
| level_counts  | level_counts_0_we0      | port    |          |
| level_counts  | level_counts_0_d0       | port    |          |
| level_counts  | level_counts_1_address0 | port    | offset   |
| level_counts  | level_counts_1_ce0      | port    |          |
| level_counts  | level_counts_1_we0      | port    |          |
| level_counts  | level_counts_1_d0       | port    |          |
+---------------+-------------------------+---------+----------+


================================================================
== Bind Op Report
================================================================
+--------------------------+-----+--------+-------------+-----+--------+---------+
| Name                     | DSP | Pragma | Variable    | Op  | Impl   | Latency |
+--------------------------+-----+--------+-------------+-----+--------+---------+
| + bfs                    | 0   |        |             |     |        |         |
|   add_ln34_fu_1059_p2    | -   |        | add_ln34    | add | fabric | 0       |
|   add_ln28_fu_1065_p2    | -   |        | add_ln28    | add | fabric | 0       |
|   add_ln28_8_fu_1075_p2  | -   |        | add_ln28_8  | add | fabric | 0       |
|   add_ln34_1_fu_1175_p2  | -   |        | add_ln34_1  | add | fabric | 0       |
|   add_ln28_1_fu_1181_p2  | -   |        | add_ln28_1  | add | fabric | 0       |
|   add_ln34_2_fu_1341_p2  | -   |        | add_ln34_2  | add | fabric | 0       |
|   add_ln28_2_fu_1347_p2  | -   |        | add_ln28_2  | add | fabric | 0       |
|   add_ln28_10_fu_1357_p2 | -   |        | add_ln28_10 | add | fabric | 0       |
|   add_ln34_4_fu_1457_p2  | -   |        | add_ln34_4  | add | fabric | 0       |
|   add_ln28_4_fu_1463_p2  | -   |        | add_ln28_4  | add | fabric | 0       |
|   n_4_fu_1469_p2         | -   |        | n_4         | add | fabric | 0       |
|   mul_4ns_6ns_9_1_1_U1   | -   |        | mul_ln39    | mul | auto   | 0       |
|   add_ln21_fu_1487_p2    | -   |        | add_ln21    | add | fabric | 0       |
|   add_ln34_3_fu_1653_p2  | -   |        | add_ln34_3  | add | fabric | 0       |
|   add_ln28_3_fu_1660_p2  | -   |        | add_ln28_3  | add | fabric | 0       |
|   add_ln28_9_fu_1670_p2  | -   |        | add_ln28_9  | add | fabric | 0       |
|   add_ln34_5_fu_1770_p2  | -   |        | add_ln34_5  | add | fabric | 0       |
|   add_ln28_5_fu_1776_p2  | -   |        | add_ln28_5  | add | fabric | 0       |
|   add_ln34_6_fu_1936_p2  | -   |        | add_ln34_6  | add | fabric | 0       |
|   add_ln28_6_fu_1943_p2  | -   |        | add_ln28_6  | add | fabric | 0       |
|   add_ln28_11_fu_1953_p2 | -   |        | add_ln28_11 | add | fabric | 0       |
|   add_ln34_7_fu_2053_p2  | -   |        | add_ln34_7  | add | fabric | 0       |
|   add_ln28_7_fu_2060_p2  | -   |        | add_ln28_7  | add | fabric | 0       |
|   n_5_fu_2066_p2         | -   |        | n_5         | add | fabric | 0       |
|   mul_4ns_6ns_9_1_1_U12  | -   |        | mul_ln39_1  | mul | auto   | 0       |
+--------------------------+-----+--------+-------------+-----+--------+---------+


================================================================
== Bind Storage Report
================================================================
  No bind storage info in design

================================================================
== Pragma Report
================================================================
* Valid Pragma Syntax
+--------------------+---------------------------------------------+----------------------------------------------------------------------------------------------+
| Type               | Options                                     | Location                                                                                     |
+--------------------+---------------------------------------------+----------------------------------------------------------------------------------------------+
| array_partition    | variable=edges cyclic factor=2 dim=1        | ../../../../dse_ds/MachSuite/random_ds/bfs/bulk/p1/script/dir_56.tcl:8 in bfs, edges         |
| array_partition    | variable=level_counts block factor=2 dim=1  | ../../../../dse_ds/MachSuite/random_ds/bfs/bulk/p1/script/dir_56.tcl:10 in bfs, level_counts |
| array_partition    | variable=nodes cyclic factor=2 dim=1        | ../../../../dse_ds/MachSuite/random_ds/bfs/bulk/p1/script/dir_56.tcl:6 in bfs, nodes         |
| array_reshape      | variable=edges block factor=2 dim=1         | ../../../../dse_ds/MachSuite/random_ds/bfs/bulk/p1/script/dir_56.tcl:9 in bfs, edges         |
| array_reshape      | variable=nodes block factor=2 dim=1         | ../../../../dse_ds/MachSuite/random_ds/bfs/bulk/p1/script/dir_56.tcl:7 in bfs, nodes         |
| bind_op            | variable=cnt op=add impl=dsp latency=-1     | ../../../../dse_ds/MachSuite/random_ds/bfs/bulk/p1/script/dir_56.tcl:14 in bfs, cnt          |
| bind_op            | variable=e op=add impl=dsp latency=-1       | ../../../../dse_ds/MachSuite/random_ds/bfs/bulk/p1/script/dir_56.tcl:13 in bfs, e            |
| bind_op            | variable=horizon op=add impl=dsp latency=-1 | ../../../../dse_ds/MachSuite/random_ds/bfs/bulk/p1/script/dir_56.tcl:11 in bfs, horizon      |
| bind_op            | variable=n op=add impl=dsp latency=-1       | ../../../../dse_ds/MachSuite/random_ds/bfs/bulk/p1/script/dir_56.tcl:12 in bfs, n            |
| expression_balance |                                             | ../../../../dse_ds/MachSuite/random_ds/bfs/bulk/p1/script/dir_56.tcl:1 in bfs                |
| pipeline           | off                                         | ../../../../dse_ds/MachSuite/random_ds/bfs/bulk/p1/script/dir_56.tcl:5 in bfs                |
| unroll             | factor=2                                    | ../../../../dse_ds/MachSuite/random_ds/bfs/bulk/p1/script/dir_56.tcl:4 in bfs                |
+--------------------+---------------------------------------------+----------------------------------------------------------------------------------------------+


