

================================================================
== Vitis HLS Report for 'bfs'
================================================================
* Date:           Mon Mar 10 00:16:41 2025

* Version:        2022.1 (Build 3526262 on Mon Apr 18 15:47:01 MDT 2022)
* Project:        bfs_random_prj_p1
* Solution:       solution (Vivado IP Flow Target)
* Product family: virtex7
* Target device:  xc7vx485t-ffg1761-2


================================================================
== Performance Estimates
================================================================
+ Timing: 
    * Summary: 
    +--------+----------+----------+------------+
    |  Clock |  Target  | Estimated| Uncertainty|
    +--------+----------+----------+------------+
    |ap_clk  |  10.00 ns|  6.904 ns|     2.70 ns|
    +--------+----------+----------+------------+

+ Latency: 
    * Summary: 
    +---------+---------+----------+----------+-----+-----+---------+
    |  Latency (cycles) |  Latency (absolute) |  Interval | Pipeline|
    |   min   |   max   |    min   |    max   | min | max |   Type  |
    +---------+---------+----------+----------+-----+-----+---------+
    |        ?|        ?|         ?|         ?|    ?|    ?|       no|
    +---------+---------+----------+----------+-----+-----+---------+

    + Detail: 
        * Instance: 
        N/A

        * Loop: 
        +---------------------+---------+---------+----------+-----------+-----------+-------+----------+
        |                     |  Latency (cycles) | Iteration|  Initiation Interval  |  Trip |          |
        |      Loop Name      |   min   |   max   |  Latency |  achieved |   target  | Count | Pipelined|
        +---------------------+---------+---------+----------+-----------+-----------+-------+----------+
        |- loop_horizons      |        ?|        ?|         ?|          -|          -|  1 ~ 5|        no|
        | + loop_nodes        |        ?|        ?|         ?|          -|          -|    128|        no|
        |  ++ loop_neighbors  |        ?|        ?|         9|          -|          -|      ?|        no|
        |  ++ loop_neighbors  |        ?|        ?|         9|          -|          -|      ?|        no|
        | + loop_nodes        |        ?|        ?|         ?|          -|          -|    128|        no|
        |  ++ loop_neighbors  |        ?|        ?|         8|          -|          -|      ?|        no|
        |  ++ loop_neighbors  |        ?|        ?|         7|          -|          -|      ?|        no|
        +---------------------+---------+---------+----------+-----------+-----------+-------+----------+



================================================================
== Utilization Estimates
================================================================
* Summary: 
+-----------------+---------+------+--------+--------+-----+
|       Name      | BRAM_18K|  DSP |   FF   |   LUT  | URAM|
+-----------------+---------+------+--------+--------+-----+
|DSP              |        -|     -|       -|       -|    -|
|Expression       |        -|     -|       0|   11174|    -|
|FIFO             |        -|     -|       -|       -|    -|
|Instance         |        -|     0|     116|     206|    -|
|Memory           |        -|     -|       -|       -|    -|
|Multiplexer      |        -|     -|       -|    1027|    -|
|Register         |        -|     -|    4162|       -|    -|
+-----------------+---------+------+--------+--------+-----+
|Total            |        0|     0|    4278|   12407|    0|
+-----------------+---------+------+--------+--------+-----+
|Available        |     2060|  2800|  607200|  303600|    0|
+-----------------+---------+------+--------+--------+-----+
|Utilization (%)  |        0|     0|      ~0|       4|    0|
+-----------------+---------+------+--------+--------+-----+

+ Detail: 
    * Instance: 
    +---------------------------+------------------------+---------+----+----+----+-----+
    |          Instance         |         Module         | BRAM_18K| DSP| FF | LUT| URAM|
    +---------------------------+------------------------+---------+----+----+----+-----+
    |mul_4ns_6ns_9_1_1_U8       |mul_4ns_6ns_9_1_1       |        0|   0|   0|  26|    0|
    |mul_4ns_6ns_9_1_1_U16      |mul_4ns_6ns_9_1_1       |        0|   0|   0|  26|    0|
    |mux_21_8_1_1_U2            |mux_21_8_1_1            |        0|   0|   0|   9|    0|
    |mux_21_8_1_1_U5            |mux_21_8_1_1            |        0|   0|   0|   9|    0|
    |mux_21_8_1_1_U10           |mux_21_8_1_1            |        0|   0|   0|   9|    0|
    |mux_21_8_1_1_U13           |mux_21_8_1_1            |        0|   0|   0|   9|    0|
    |mux_257_8_1_1_U3           |mux_257_8_1_1           |        0|   0|   0|   9|    0|
    |mux_257_8_1_1_U4           |mux_257_8_1_1           |        0|   0|   0|   9|    0|
    |mux_257_8_1_1_U6           |mux_257_8_1_1           |        0|   0|   0|   9|    0|
    |mux_257_8_1_1_U7           |mux_257_8_1_1           |        0|   0|   0|   9|    0|
    |mux_257_8_1_1_U11          |mux_257_8_1_1           |        0|   0|   0|   9|    0|
    |mux_257_8_1_1_U12          |mux_257_8_1_1           |        0|   0|   0|   9|    0|
    |mux_257_8_1_1_U14          |mux_257_8_1_1           |        0|   0|   0|   9|    0|
    |mux_257_8_1_1_U15          |mux_257_8_1_1           |        0|   0|   0|   9|    0|
    |urem_4ns_4ns_4_8_seq_1_U1  |urem_4ns_4ns_4_8_seq_1  |        0|   0|  58|  23|    0|
    |urem_4ns_4ns_4_8_seq_1_U9  |urem_4ns_4ns_4_8_seq_1  |        0|   0|  58|  23|    0|
    +---------------------------+------------------------+---------+----+----+----+-----+
    |Total                      |                        |        0|   0| 116| 206|    0|
    +---------------------------+------------------------+---------+----+----+----+-----+

    * DSP: 
    N/A

    * Memory: 
    N/A

    * FIFO: 
    N/A

    * Expression: 
    +-------------------------+----------+----+---+-----+------------+------------+
    |      Variable Name      | Operation| DSP| FF| LUT | Bitwidth P0| Bitwidth P1|
    +-------------------------+----------+----+---+-----+------------+------------+
    |add_ln21_fu_1964_p2      |         +|   0|  0|   13|           4|           2|
    |add_ln28_10_fu_1729_p2   |         +|   0|  0|   19|          12|           1|
    |add_ln28_11_fu_2730_p2   |         +|   0|  0|   19|          12|           1|
    |add_ln28_1_fu_1464_p2    |         +|   0|  0|   71|          64|           2|
    |add_ln28_2_fu_2260_p2    |         +|   0|  0|   71|          64|           1|
    |add_ln28_3_fu_1714_p2    |         +|   0|  0|   71|          64|           1|
    |add_ln28_4_fu_2469_p2    |         +|   0|  0|   71|          64|           2|
    |add_ln28_5_fu_1923_p2    |         +|   0|  0|   71|          64|           2|
    |add_ln28_6_fu_2720_p2    |         +|   0|  0|   71|          64|           1|
    |add_ln28_7_fu_2930_p2    |         +|   0|  0|   71|          64|           2|
    |add_ln28_8_fu_1270_p2    |         +|   0|  0|   19|          12|           1|
    |add_ln28_9_fu_2270_p2    |         +|   0|  0|   19|          12|           1|
    |add_ln28_fu_1255_p2      |         +|   0|  0|   71|          64|           1|
    |add_ln34_1_fu_1458_p2    |         +|   0|  0|   71|          64|           1|
    |add_ln34_2_fu_2253_p2    |         +|   0|  0|   71|          64|           1|
    |add_ln34_3_fu_1708_p2    |         +|   0|  0|   71|          64|           1|
    |add_ln34_4_fu_2463_p2    |         +|   0|  0|   71|          64|           1|
    |add_ln34_5_fu_1917_p2    |         +|   0|  0|   71|          64|           1|
    |add_ln34_6_fu_2713_p2    |         +|   0|  0|   71|          64|           1|
    |add_ln34_7_fu_2923_p2    |         +|   0|  0|   71|          64|           1|
    |add_ln34_fu_1249_p2      |         +|   0|  0|   71|          64|           1|
    |n_2_fu_1929_p2           |         +|   0|  0|   16|           9|           2|
    |n_3_fu_2936_p2           |         +|   0|  0|   16|           9|           2|
    |and_ln18_1_fu_908_p2     |       and|   0|  0|   16|          16|          16|
    |and_ln18_fu_930_p2       |       and|   0|  0|   16|          16|          16|
    |and_ln33_10_fu_2692_p2   |       and|   0|  0|   16|          16|          16|
    |and_ln33_11_fu_2671_p2   |       and|   0|  0|   16|          16|          16|
    |and_ln33_12_fu_1896_p2   |       and|   0|  0|   16|          16|          16|
    |and_ln33_13_fu_1875_p2   |       and|   0|  0|   16|          16|          16|
    |and_ln33_14_fu_2902_p2   |       and|   0|  0|   16|          16|          16|
    |and_ln33_15_fu_2881_p2   |       and|   0|  0|   16|          16|          16|
    |and_ln33_1_fu_1207_p2    |       and|   0|  0|   16|          16|          16|
    |and_ln33_2_fu_2232_p2    |       and|   0|  0|   16|          16|          16|
    |and_ln33_3_fu_2211_p2    |       and|   0|  0|   16|          16|          16|
    |and_ln33_4_fu_1437_p2    |       and|   0|  0|   16|          16|          16|
    |and_ln33_5_fu_1416_p2    |       and|   0|  0|   16|          16|          16|
    |and_ln33_6_fu_2442_p2    |       and|   0|  0|   16|          16|          16|
    |and_ln33_7_fu_2421_p2    |       and|   0|  0|   16|          16|          16|
    |and_ln33_8_fu_1687_p2    |       and|   0|  0|   16|          16|          16|
    |and_ln33_9_fu_1666_p2    |       and|   0|  0|   16|          16|          16|
    |and_ln33_fu_1228_p2      |       and|   0|  0|   16|          16|          16|
    |icmp_ln21_fu_949_p2      |      icmp|   0|  0|    9|           4|           4|
    |icmp_ln25_1_fu_1479_p2   |      icmp|   0|  0|   11|           8|           8|
    |icmp_ln25_2_fu_2024_p2   |      icmp|   0|  0|   11|           8|           8|
    |icmp_ln25_3_fu_2484_p2   |      icmp|   0|  0|   11|           8|           8|
    |icmp_ln25_fu_1020_p2     |      icmp|   0|  0|   11|           8|           8|
    |icmp_ln28_10_fu_2526_p2  |      icmp|   0|  0|   29|          64|          64|
    |icmp_ln28_11_fu_2741_p2  |      icmp|   0|  0|   29|          64|          64|
    |icmp_ln28_1_fu_1062_p2   |      icmp|   0|  0|   29|          64|          64|
    |icmp_ln28_2_fu_1515_p2   |      icmp|   0|  0|   29|          64|          64|
    |icmp_ln28_3_fu_2060_p2   |      icmp|   0|  0|   29|          64|          64|
    |icmp_ln28_4_fu_1261_p2   |      icmp|   0|  0|   29|          64|          64|
    |icmp_ln28_5_fu_2066_p2   |      icmp|   0|  0|   29|          64|          64|
    |icmp_ln28_6_fu_2520_p2   |      icmp|   0|  0|   29|          64|          64|
    |icmp_ln28_7_fu_1521_p2   |      icmp|   0|  0|   29|          64|          64|
    |icmp_ln28_8_fu_2281_p2   |      icmp|   0|  0|   29|          64|          64|
    |icmp_ln28_9_fu_1720_p2   |      icmp|   0|  0|   29|          64|          64|
    |icmp_ln28_fu_1056_p2     |      icmp|   0|  0|   29|          64|          64|
    |icmp_ln32_1_fu_1387_p2   |      icmp|   0|  0|   11|           8|           7|
    |icmp_ln32_2_fu_2182_p2   |      icmp|   0|  0|   11|           8|           7|
    |icmp_ln32_3_fu_1637_p2   |      icmp|   0|  0|   11|           8|           7|
    |icmp_ln32_4_fu_2392_p2   |      icmp|   0|  0|   11|           8|           7|
    |icmp_ln32_5_fu_1846_p2   |      icmp|   0|  0|   11|           8|           7|
    |icmp_ln32_6_fu_2642_p2   |      icmp|   0|  0|   11|           8|           7|
    |icmp_ln32_7_fu_2852_p2   |      icmp|   0|  0|   11|           8|           7|
    |icmp_ln32_fu_1178_p2     |      icmp|   0|  0|   11|           8|           7|
    |icmp_ln39_1_fu_2965_p2   |      icmp|   0|  0|   29|          64|           1|
    |icmp_ln39_fu_1958_p2     |      icmp|   0|  0|   29|          64|           1|
    |lshr_ln26_1_fu_2040_p2   |      lshr|   0|  0|  950|         256|         256|
    |lshr_ln26_2_fu_1495_p2   |      lshr|   0|  0|  950|         256|         256|
    |lshr_ln26_3_fu_2500_p2   |      lshr|   0|  0|  950|         256|         256|
    |lshr_ln26_fu_1036_p2     |      lshr|   0|  0|  950|         256|         256|
    |lshr_ln29_10_fu_2312_p2  |      lshr|   0|  0|  423|         128|         128|
    |lshr_ln29_11_fu_1557_p2  |      lshr|   0|  0|  423|         128|         128|
    |lshr_ln29_12_fu_2562_p2  |      lshr|   0|  0|  423|         128|         128|
    |lshr_ln29_13_fu_1766_p2  |      lshr|   0|  0|  423|         128|         128|
    |lshr_ln29_14_fu_2772_p2  |      lshr|   0|  0|  423|         128|         128|
    |lshr_ln29_8_fu_2102_p2   |      lshr|   0|  0|  423|         128|         128|
    |lshr_ln29_9_fu_1307_p2   |      lshr|   0|  0|  423|         128|         128|
    |lshr_ln29_fu_1098_p2     |      lshr|   0|  0|  423|         128|         128|
    |lshr_ln30_10_fu_1354_p2  |      lshr|   0|  0|   35|          16|          16|
    |lshr_ln30_11_fu_1368_p2  |      lshr|   0|  0|   35|          16|          16|
    |lshr_ln30_12_fu_2359_p2  |      lshr|   0|  0|   35|          16|          16|
    |lshr_ln30_13_fu_2373_p2  |      lshr|   0|  0|   35|          16|          16|
    |lshr_ln30_14_fu_1604_p2  |      lshr|   0|  0|   35|          16|          16|
    |lshr_ln30_15_fu_1618_p2  |      lshr|   0|  0|   35|          16|          16|
    |lshr_ln30_16_fu_2609_p2  |      lshr|   0|  0|   35|          16|          16|
    |lshr_ln30_17_fu_2623_p2  |      lshr|   0|  0|   35|          16|          16|
    |lshr_ln30_18_fu_1813_p2  |      lshr|   0|  0|   35|          16|          16|
    |lshr_ln30_19_fu_1827_p2  |      lshr|   0|  0|   35|          16|          16|
    |lshr_ln30_20_fu_2819_p2  |      lshr|   0|  0|   35|          16|          16|
    |lshr_ln30_21_fu_2833_p2  |      lshr|   0|  0|   35|          16|          16|
    |lshr_ln30_5_fu_1159_p2   |      lshr|   0|  0|   35|          16|          16|
    |lshr_ln30_7_fu_2149_p2   |      lshr|   0|  0|   35|          16|          16|
    |lshr_ln30_9_fu_2163_p2   |      lshr|   0|  0|   35|          16|          16|
    |lshr_ln30_fu_1145_p2     |      lshr|   0|  0|   35|          16|          16|
    |conv20_fu_955_p2         |        or|   0|  0|    4|           4|           1|
    |or_ln33_10_fu_2707_p2    |        or|   0|  0|   16|          16|          16|
    |or_ln33_11_fu_2686_p2    |        or|   0|  0|   16|          16|          16|
    |or_ln33_12_fu_1911_p2    |        or|   0|  0|   16|          16|          16|
    |or_ln33_13_fu_1890_p2    |        or|   0|  0|   16|          16|          16|
    |or_ln33_14_fu_2917_p2    |        or|   0|  0|   16|          16|          16|
    |or_ln33_15_fu_2896_p2    |        or|   0|  0|   16|          16|          16|
    |or_ln33_1_fu_1222_p2     |        or|   0|  0|   16|          16|          16|
    |or_ln33_2_fu_2247_p2     |        or|   0|  0|   16|          16|          16|
    |or_ln33_3_fu_2226_p2     |        or|   0|  0|   16|          16|          16|
    |or_ln33_4_fu_1452_p2     |        or|   0|  0|   16|          16|          16|
    |or_ln33_5_fu_1431_p2     |        or|   0|  0|   16|          16|          16|
    |or_ln33_6_fu_2457_p2     |        or|   0|  0|   16|          16|          16|
    |or_ln33_7_fu_2436_p2     |        or|   0|  0|   16|          16|          16|
    |or_ln33_8_fu_1702_p2     |        or|   0|  0|   16|          16|          16|
    |or_ln33_9_fu_1681_p2     |        or|   0|  0|   16|          16|          16|
    |or_ln33_fu_1243_p2       |        or|   0|  0|   16|          16|          16|
    |shl_ln18_1_fu_896_p2     |       shl|   0|  0|   35|           8|          16|
    |shl_ln18_fu_918_p2       |       shl|   0|  0|   35|           8|          16|
    |shl_ln33_10_fu_1654_p2   |       shl|   0|  0|   35|           8|          16|
    |shl_ln33_11_fu_2451_p2   |       shl|   0|  0|   35|          16|          16|
    |shl_ln33_12_fu_2430_p2   |       shl|   0|  0|   35|          16|          16|
    |shl_ln33_13_fu_1696_p2   |       shl|   0|  0|   35|          16|          16|
    |shl_ln33_14_fu_1675_p2   |       shl|   0|  0|   35|          16|          16|
    |shl_ln33_15_fu_2659_p2   |       shl|   0|  0|   35|           8|          16|
    |shl_ln33_16_fu_1863_p2   |       shl|   0|  0|   35|           8|          16|
    |shl_ln33_17_fu_2701_p2   |       shl|   0|  0|   35|          16|          16|
    |shl_ln33_18_fu_2680_p2   |       shl|   0|  0|   35|          16|          16|
    |shl_ln33_19_fu_1905_p2   |       shl|   0|  0|   35|          16|          16|
    |shl_ln33_1_fu_1237_p2    |       shl|   0|  0|   35|          16|          16|
    |shl_ln33_20_fu_1884_p2   |       shl|   0|  0|   35|          16|          16|
    |shl_ln33_21_fu_2869_p2   |       shl|   0|  0|   35|           8|          16|
    |shl_ln33_22_fu_2911_p2   |       shl|   0|  0|   35|          16|          16|
    |shl_ln33_23_fu_2890_p2   |       shl|   0|  0|   35|          16|          16|
    |shl_ln33_2_fu_1216_p2    |       shl|   0|  0|   35|          16|          16|
    |shl_ln33_3_fu_2199_p2    |       shl|   0|  0|   35|           8|          16|
    |shl_ln33_4_fu_1404_p2    |       shl|   0|  0|   35|           8|          16|
    |shl_ln33_5_fu_2241_p2    |       shl|   0|  0|   35|          16|          16|
    |shl_ln33_6_fu_2220_p2    |       shl|   0|  0|   35|          16|          16|
    |shl_ln33_7_fu_1446_p2    |       shl|   0|  0|   35|          16|          16|
    |shl_ln33_8_fu_1425_p2    |       shl|   0|  0|   35|          16|          16|
    |shl_ln33_9_fu_2409_p2    |       shl|   0|  0|   35|           8|          16|
    |shl_ln33_fu_1195_p2      |       shl|   0|  0|   35|           8|          16|
    |xor_ln18_1_fu_902_p2     |       xor|   0|  0|   16|          16|           2|
    |xor_ln18_fu_924_p2       |       xor|   0|  0|   16|          16|           2|
    |xor_ln28_1_fu_2276_p2    |       xor|   0|  0|    2|           1|           2|
    |xor_ln28_2_fu_1735_p2    |       xor|   0|  0|    2|           1|           2|
    |xor_ln28_3_fu_2736_p2    |       xor|   0|  0|    2|           1|           2|
    |xor_ln28_fu_1276_p2      |       xor|   0|  0|    2|           1|           2|
    |xor_ln33_1_fu_2205_p2    |       xor|   0|  0|   16|          16|           2|
    |xor_ln33_2_fu_1410_p2    |       xor|   0|  0|   16|          16|           2|
    |xor_ln33_3_fu_2415_p2    |       xor|   0|  0|   16|          16|           2|
    |xor_ln33_4_fu_1660_p2    |       xor|   0|  0|   16|          16|           2|
    |xor_ln33_5_fu_2665_p2    |       xor|   0|  0|   16|          16|           2|
    |xor_ln33_6_fu_1869_p2    |       xor|   0|  0|   16|          16|           2|
    |xor_ln33_7_fu_2875_p2    |       xor|   0|  0|   16|          16|           2|
    |xor_ln33_fu_1201_p2      |       xor|   0|  0|   16|          16|           2|
    +-------------------------+----------+----+---+-----+------------+------------+
    |Total                    |          |   0|  0|11174|        5442|        4185|
    +-------------------------+----------+----+---+-----+------------+------------+

    * Multiplexer: 
    +-----------------------------------+-----+-----------+-----+-----------+
    |                Name               | LUT | Input Size| Bits| Total Bits|
    +-----------------------------------+-----+-----------+-----+-----------+
    |ap_NS_fsm                          |  299|         68|    1|         68|
    |ap_phi_mux_cnt_13_0_phi_fu_718_p4  |    9|          2|   64|        128|
    |ap_phi_mux_cnt_17_0_phi_fu_789_p4  |    9|          2|   64|        128|
    |ap_phi_mux_cnt_17_1_phi_fu_801_p4  |    9|          2|   64|        128|
    |ap_phi_mux_cnt_3_ph_phi_fu_729_p4  |    9|          2|   64|        128|
    |cnt_12_0_reg_617                   |    9|          2|   64|        128|
    |cnt_12_1_reg_628                   |    9|          2|   64|        128|
    |cnt_13_0_reg_715                   |    9|          2|   64|        128|
    |cnt_13_1_reg_738                   |    9|          2|   64|        128|
    |cnt_14_0_reg_765                   |    9|          2|   64|        128|
    |cnt_17_0_reg_786                   |    9|          2|   64|        128|
    |cnt_17_1_reg_797                   |    9|          2|   64|        128|
    |cnt_1_0_reg_525                    |    9|          2|   64|        128|
    |cnt_1_reg_668                      |    9|          2|   64|        128|
    |cnt_2_0_reg_546                    |    9|          2|   64|        128|
    |cnt_2_1_reg_557                    |    9|          2|   64|        128|
    |cnt_2_ph_reg_569                   |    9|          2|   64|        128|
    |cnt_2_reg_581                      |    9|          2|   64|        128|
    |cnt_3_ph_reg_726                   |    9|          2|   64|        128|
    |cnt_3_reg_750                      |    9|          2|   64|        128|
    |cnt_4_ph_reg_640                   |    9|          2|   64|        128|
    |cnt_4_reg_652                      |    9|          2|   64|        128|
    |cnt_5_ph_reg_809                   |    9|          2|   64|        128|
    |cnt_5_reg_821                      |    9|          2|   64|        128|
    |cnt_6_0_reg_596                    |    9|          2|   64|        128|
    |cnt_7_0_reg_694                    |    9|          2|   64|        128|
    |cnt_reg_499                        |    9|          2|   64|        128|
    |e_10_0_reg_776                     |    9|          2|   64|        128|
    |e_1_0_reg_536                      |    9|          2|   64|        128|
    |e_5_0_reg_607                      |    9|          2|   64|        128|
    |e_6_0_reg_705                      |    9|          2|   64|        128|
    |edges_address0                     |   37|          9|   11|         99|
    |horizon_fu_140                     |    9|          2|    4|          8|
    |level_0_address0                   |  113|         23|    6|        138|
    |level_0_d0                         |   41|         10|   16|        160|
    |level_1_address0                   |  113|         23|    6|        138|
    |level_1_d0                         |   41|         10|   16|        160|
    |level_counts_0_address0            |   17|          4|    3|         12|
    |level_counts_0_d0                  |   17|          4|   64|        256|
    |level_counts_1_address0            |   13|          3|    3|          9|
    |level_counts_1_d0                  |   13|          3|   64|        192|
    |n_1_reg_682                        |    9|          2|    9|         18|
    |n_reg_513                          |    9|          2|    9|         18|
    |nodes_0_address0                   |   13|          3|    6|         18|
    |nodes_1_address0                   |   13|          3|    6|         18|
    +-----------------------------------+-----+-----------+-----+-----------+
    |Total                              | 1027|        229| 2144|       5152|
    +-----------------------------------+-----+-----------+-----+-----------+

    * Register: 
    +--------------------------+-----+----+-----+-----------+
    |           Name           |  FF | LUT| Bits| Const Bits|
    +--------------------------+-----+----+-----+-----------+
    |add_ln21_reg_3377         |    4|   0|    4|          0|
    |add_ln28_1_reg_3208       |   64|   0|   64|          0|
    |add_ln28_4_reg_3560       |   64|   0|   64|          0|
    |add_ln28_5_reg_3360       |   64|   0|   64|          0|
    |ap_CS_fsm                 |   67|   0|   67|          0|
    |cnt_12_0_reg_617          |   64|   0|   64|          0|
    |cnt_12_1_reg_628          |   64|   0|   64|          0|
    |cnt_13_0_reg_715          |   64|   0|   64|          0|
    |cnt_13_1_reg_738          |   64|   0|   64|          0|
    |cnt_14_0_reg_765          |   64|   0|   64|          0|
    |cnt_17_0_reg_786          |   64|   0|   64|          0|
    |cnt_17_1_reg_797          |   64|   0|   64|          0|
    |cnt_1_0_reg_525           |   64|   0|   64|          0|
    |cnt_1_reg_668             |   64|   0|   64|          0|
    |cnt_2_0_reg_546           |   64|   0|   64|          0|
    |cnt_2_1_reg_557           |   64|   0|   64|          0|
    |cnt_2_ph_reg_569          |   64|   0|   64|          0|
    |cnt_2_reg_581             |   64|   0|   64|          0|
    |cnt_3_ph_reg_726          |   64|   0|   64|          0|
    |cnt_3_reg_750             |   64|   0|   64|          0|
    |cnt_4_ph_reg_640          |   64|   0|   64|          0|
    |cnt_4_reg_652             |   64|   0|   64|          0|
    |cnt_5_ph_reg_809          |   64|   0|   64|          0|
    |cnt_5_reg_821             |   64|   0|   64|          0|
    |cnt_6_0_reg_596           |   64|   0|   64|          0|
    |cnt_7_0_reg_694           |   64|   0|   64|          0|
    |cnt_reg_499               |   64|   0|   64|          0|
    |conv20_reg_3015           |    3|   0|    4|          1|
    |e_10_0_reg_776            |   64|   0|   64|          0|
    |e_1_0_reg_536             |   64|   0|   64|          0|
    |e_5_0_reg_607             |   64|   0|   64|          0|
    |e_6_0_reg_705             |   64|   0|   64|          0|
    |horizon_fu_140            |    4|   0|    4|          0|
    |icmp_ln21_reg_3011        |    1|   0|    1|          0|
    |icmp_ln25_1_reg_3213      |    1|   0|    1|          0|
    |icmp_ln25_2_reg_3418      |    1|   0|    1|          0|
    |icmp_ln25_3_reg_3565      |    1|   0|    1|          0|
    |icmp_ln25_reg_3061        |    1|   0|    1|          0|
    |icmp_ln28_2_reg_3233      |    1|   0|    1|          0|
    |icmp_ln28_3_reg_3438      |    1|   0|    1|          0|
    |icmp_ln28_4_reg_3146      |    1|   0|    1|          0|
    |icmp_ln28_5_reg_3442      |    1|   0|    1|          0|
    |icmp_ln28_6_reg_3585      |    1|   0|    1|          0|
    |icmp_ln28_9_reg_3298      |    1|   0|    1|          0|
    |icmp_ln28_reg_3081        |    1|   0|    1|          0|
    |icmp_ln32_1_reg_3185      |    1|   0|    1|          0|
    |icmp_ln32_2_reg_3481      |    1|   0|    1|          0|
    |icmp_ln32_3_reg_3275      |    1|   0|    1|          0|
    |icmp_ln32_4_reg_3537      |    1|   0|    1|          0|
    |icmp_ln32_5_reg_3337      |    1|   0|    1|          0|
    |icmp_ln32_6_reg_3627      |    1|   0|    1|          0|
    |icmp_ln32_7_reg_3683      |    1|   0|    1|          0|
    |icmp_ln32_reg_3123        |    1|   0|    1|          0|
    |icmp_ln39_reg_3373        |    1|   0|    1|          0|
    |level_0_addr_10_reg_3673  |    6|   0|    6|          0|
    |level_0_addr_1_reg_3044   |    6|   0|    6|          0|
    |level_0_addr_2_reg_3113   |    6|   0|    6|          0|
    |level_0_addr_3_reg_3401   |    6|   0|    6|          0|
    |level_0_addr_4_reg_3175   |    6|   0|    6|          0|
    |level_0_addr_5_reg_3471   |    6|   0|    6|          0|
    |level_0_addr_6_reg_3265   |    6|   0|    6|          0|
    |level_0_addr_7_reg_3527   |    6|   0|    6|          0|
    |level_0_addr_8_reg_3327   |    6|   0|    6|          0|
    |level_0_addr_9_reg_3617   |    6|   0|    6|          0|
    |level_0_addr_reg_2985     |    6|   0|    6|          0|
    |level_1_addr_10_reg_3678  |    6|   0|    6|          0|
    |level_1_addr_1_reg_3049   |    6|   0|    6|          0|
    |level_1_addr_2_reg_3118   |    6|   0|    6|          0|
    |level_1_addr_3_reg_3406   |    6|   0|    6|          0|
    |level_1_addr_4_reg_3180   |    6|   0|    6|          0|
    |level_1_addr_5_reg_3476   |    6|   0|    6|          0|
    |level_1_addr_6_reg_3270   |    6|   0|    6|          0|
    |level_1_addr_7_reg_3532   |    6|   0|    6|          0|
    |level_1_addr_8_reg_3332   |    6|   0|    6|          0|
    |level_1_addr_9_reg_3622   |    6|   0|    6|          0|
    |level_1_addr_reg_2990     |    6|   0|    6|          0|
    |lshr_ln29_10_reg_3512     |  128|   0|  128|          0|
    |lshr_ln29_11_reg_3250     |  128|   0|  128|          0|
    |lshr_ln29_12_reg_3602     |  128|   0|  128|          0|
    |lshr_ln29_13_reg_3312     |  128|   0|  128|          0|
    |lshr_ln29_14_reg_3658     |  128|   0|  128|          0|
    |lshr_ln29_8_reg_3456      |  128|   0|  128|          0|
    |lshr_ln29_9_reg_3160      |  128|   0|  128|          0|
    |lshr_ln29_reg_3098        |  128|   0|  128|          0|
    |lshr_ln2_reg_3103         |   57|   0|   57|          0|
    |lshr_ln30_1_reg_3607      |   57|   0|   57|          0|
    |lshr_ln30_2_reg_3165      |   57|   0|   57|          0|
    |lshr_ln30_3_reg_3663      |   57|   0|   57|          0|
    |lshr_ln30_4_reg_3461      |   57|   0|   57|          0|
    |lshr_ln30_6_reg_3255      |   57|   0|   57|          0|
    |lshr_ln30_8_reg_3517      |   57|   0|   57|          0|
    |lshr_ln30_s_reg_3317      |   57|   0|   57|          0|
    |n_1_reg_682               |    9|   0|    9|          0|
    |n_2_reg_3365              |    9|   0|    9|          0|
    |n_3_reg_3706              |    9|   0|    9|          0|
    |n_reg_513                 |    9|   0|    9|          0|
    |or_ln33_10_reg_3640       |   16|   0|   16|          0|
    |or_ln33_11_reg_3635       |   16|   0|   16|          0|
    |or_ln33_12_reg_3350       |   16|   0|   16|          0|
    |or_ln33_13_reg_3345       |   16|   0|   16|          0|
    |or_ln33_14_reg_3696       |   16|   0|   16|          0|
    |or_ln33_15_reg_3691       |   16|   0|   16|          0|
    |or_ln33_1_reg_3131        |   16|   0|   16|          0|
    |or_ln33_2_reg_3494        |   16|   0|   16|          0|
    |or_ln33_3_reg_3489        |   16|   0|   16|          0|
    |or_ln33_4_reg_3198        |   16|   0|   16|          0|
    |or_ln33_5_reg_3193        |   16|   0|   16|          0|
    |or_ln33_6_reg_3550        |   16|   0|   16|          0|
    |or_ln33_7_reg_3545        |   16|   0|   16|          0|
    |or_ln33_8_reg_3288        |   16|   0|   16|          0|
    |or_ln33_9_reg_3283        |   16|   0|   16|          0|
    |or_ln33_reg_3136          |   16|   0|   16|          0|
    |shl_ln_reg_2975           |    1|   0|    4|          3|
    |tmp_10_reg_3485           |    1|   0|    1|          0|
    |tmp_13_reg_3189           |    1|   0|    1|          0|
    |tmp_17_reg_3541           |    1|   0|    1|          0|
    |tmp_18_reg_3279           |    1|   0|    1|          0|
    |tmp_19_reg_3631           |    1|   0|    1|          0|
    |tmp_20_reg_3341           |    1|   0|    1|          0|
    |tmp_21_reg_3687           |    1|   0|    1|          0|
    |tmp_3_reg_3054            |    1|   0|    1|          0|
    |tmp_7_reg_3411            |    1|   0|    1|          0|
    |tmp_9_reg_3127            |    1|   0|    1|          0|
    |tmp_end_1_reg_3432        |   64|   0|   64|          0|
    |tmp_end_2_reg_3227        |   64|   0|   64|          0|
    |tmp_end_3_reg_3579        |   64|   0|   64|          0|
    |tmp_end_reg_3075          |   64|   0|   64|          0|
    |tmp_reg_2981              |    1|   0|    1|          0|
    |trunc_ln29_1_reg_3451     |    1|   0|    1|          0|
    |trunc_ln29_2_reg_3245     |    1|   0|    1|          0|
    |trunc_ln29_3_reg_3597     |    1|   0|    1|          0|
    |trunc_ln29_reg_3093       |    1|   0|    1|          0|
    |trunc_ln30_10_reg_3466    |    1|   0|    1|          0|
    |trunc_ln30_13_reg_3170    |    1|   0|    1|          0|
    |trunc_ln30_16_reg_3522    |    1|   0|    1|          0|
    |trunc_ln30_19_reg_3260    |    1|   0|    1|          0|
    |trunc_ln30_22_reg_3612    |    1|   0|    1|          0|
    |trunc_ln30_25_reg_3322    |    1|   0|    1|          0|
    |trunc_ln30_28_reg_3668    |    1|   0|    1|          0|
    |trunc_ln30_reg_3108       |    1|   0|    1|          0|
    |xor_ln28_1_reg_3499       |    1|   0|    1|          0|
    |xor_ln28_2_reg_3302       |    1|   0|    1|          0|
    |xor_ln28_3_reg_3645       |    1|   0|    1|          0|
    |xor_ln28_reg_3150         |    1|   0|    1|          0|
    |zext_ln21_reg_3005        |    4|   0|    8|          4|
    |zext_ln24_reg_3029        |    3|   0|    8|          5|
    |zext_ln25_1_reg_3395      |    6|   0|   64|         58|
    |zext_ln25_reg_3038        |    6|   0|   64|         58|
    +--------------------------+-----+----+-----+-----------+
    |Total                     | 4162|   0| 4291|        129|
    +--------------------------+-----+----+-----+-----------+



================================================================
== Interface
================================================================
* Summary: 
+-------------------------+-----+-----+------------+----------------+--------------+
|        RTL Ports        | Dir | Bits|  Protocol  |  Source Object |    C Type    |
+-------------------------+-----+-----+------------+----------------+--------------+
|ap_clk                   |   in|    1|  ap_ctrl_hs|             bfs|  return value|
|ap_rst                   |   in|    1|  ap_ctrl_hs|             bfs|  return value|
|ap_start                 |   in|    1|  ap_ctrl_hs|             bfs|  return value|
|ap_done                  |  out|    1|  ap_ctrl_hs|             bfs|  return value|
|ap_idle                  |  out|    1|  ap_ctrl_hs|             bfs|  return value|
|ap_ready                 |  out|    1|  ap_ctrl_hs|             bfs|  return value|
|nodes_0_address0         |  out|    6|   ap_memory|         nodes_0|         array|
|nodes_0_ce0              |  out|    1|   ap_memory|         nodes_0|         array|
|nodes_0_q0               |   in|  256|   ap_memory|         nodes_0|         array|
|nodes_1_address0         |  out|    6|   ap_memory|         nodes_1|         array|
|nodes_1_ce0              |  out|    1|   ap_memory|         nodes_1|         array|
|nodes_1_q0               |   in|  256|   ap_memory|         nodes_1|         array|
|edges_address0           |  out|   11|   ap_memory|           edges|         array|
|edges_ce0                |  out|    1|   ap_memory|           edges|         array|
|edges_q0                 |   in|  128|   ap_memory|           edges|         array|
|starting_node            |   in|   64|     ap_none|   starting_node|        scalar|
|level_0_address0         |  out|    6|   ap_memory|         level_0|         array|
|level_0_ce0              |  out|    1|   ap_memory|         level_0|         array|
|level_0_we0              |  out|    1|   ap_memory|         level_0|         array|
|level_0_d0               |  out|   16|   ap_memory|         level_0|         array|
|level_0_q0               |   in|   16|   ap_memory|         level_0|         array|
|level_1_address0         |  out|    6|   ap_memory|         level_1|         array|
|level_1_ce0              |  out|    1|   ap_memory|         level_1|         array|
|level_1_we0              |  out|    1|   ap_memory|         level_1|         array|
|level_1_d0               |  out|   16|   ap_memory|         level_1|         array|
|level_1_q0               |   in|   16|   ap_memory|         level_1|         array|
|level_counts_0_address0  |  out|    3|   ap_memory|  level_counts_0|         array|
|level_counts_0_ce0       |  out|    1|   ap_memory|  level_counts_0|         array|
|level_counts_0_we0       |  out|    1|   ap_memory|  level_counts_0|         array|
|level_counts_0_d0        |  out|   64|   ap_memory|  level_counts_0|         array|
|level_counts_1_address0  |  out|    3|   ap_memory|  level_counts_1|         array|
|level_counts_1_ce0       |  out|    1|   ap_memory|  level_counts_1|         array|
|level_counts_1_we0       |  out|    1|   ap_memory|  level_counts_1|         array|
|level_counts_1_d0        |  out|   64|   ap_memory|  level_counts_1|         array|
+-------------------------+-----+-----+------------+----------------+--------------+

