

================================================================
== Vitis HLS Report for 'bfs'
================================================================
* Date:           Mon Mar 10 00:17:25 2025

* Version:        2022.1 (Build 3526262 on Mon Apr 18 15:47:01 MDT 2022)
* Project:        bfs_random_prj_p1
* Solution:       solution (Vivado IP Flow Target)
* Product family: virtex7
* Target device:  xc7vx485t-ffg1761-2


================================================================
== Performance Estimates
================================================================
+ Timing: 
    * Summary: 
    +--------+----------+----------+------------+
    |  Clock |  Target  | Estimated| Uncertainty|
    +--------+----------+----------+------------+
    |ap_clk  |  10.00 ns|  6.900 ns|     2.70 ns|
    +--------+----------+----------+------------+

+ Latency: 
    * Summary: 
    +---------+---------+----------+----------+-----+-----+---------+
    |  Latency (cycles) |  Latency (absolute) |  Interval | Pipeline|
    |   min   |   max   |    min   |    max   | min | max |   Type  |
    +---------+---------+----------+----------+-----+-----+---------+
    |        ?|        ?|         ?|         ?|    ?|    ?|       no|
    +---------+---------+----------+----------+-----+-----+---------+

    + Detail: 
        * Instance: 
        N/A

        * Loop: 
        +---------------------+---------+---------+----------+-----------+-----------+-------+----------+
        |                     |  Latency (cycles) | Iteration|  Initiation Interval  |  Trip |          |
        |      Loop Name      |   min   |   max   |  Latency |  achieved |   target  | Count | Pipelined|
        +---------------------+---------+---------+----------+-----------+-----------+-------+----------+
        |- loop_horizons      |        ?|        ?|         ?|          -|          -|  1 ~ 5|        no|
        | + loop_nodes        |        ?|        ?|         ?|          -|          -|    128|        no|
        |  ++ loop_neighbors  |        ?|        ?|         4|          -|          -|      ?|        no|
        |  ++ loop_neighbors  |        ?|        ?|         4|          -|          -|      ?|        no|
        | + loop_nodes        |        ?|        ?|         ?|          -|          -|    128|        no|
        |  ++ loop_neighbors  |        ?|        ?|         4|          -|          -|      ?|        no|
        |  ++ loop_neighbors  |        ?|        ?|         3|          -|          -|      ?|        no|
        +---------------------+---------+---------+----------+-----------+-----------+-------+----------+



================================================================
== Utilization Estimates
================================================================
* Summary: 
+-----------------+---------+------+--------+--------+-----+
|       Name      | BRAM_18K|  DSP |   FF   |   LUT  | URAM|
+-----------------+---------+------+--------+--------+-----+
|DSP              |        -|     -|       -|       -|    -|
|Expression       |        -|     -|       0|    5497|    -|
|FIFO             |        -|     -|       -|       -|    -|
|Instance         |        -|     -|       -|       -|    -|
|Memory           |        -|     -|       -|       -|    -|
|Multiplexer      |        -|     -|       -|     518|    -|
|Register         |        -|     -|    1698|       -|    -|
+-----------------+---------+------+--------+--------+-----+
|Total            |        0|     0|    1698|    6015|    0|
+-----------------+---------+------+--------+--------+-----+
|Available        |     2060|  2800|  607200|  303600|    0|
+-----------------+---------+------+--------+--------+-----+
|Utilization (%)  |        0|     0|      ~0|       1|    0|
+-----------------+---------+------+--------+--------+-----+

+ Detail: 
    * Instance: 
    N/A

    * DSP: 
    N/A

    * Memory: 
    N/A

    * FIFO: 
    N/A

    * Expression: 
    +------------------------+----------+----+---+-----+------------+------------+
    |      Variable Name     | Operation| DSP| FF| LUT | Bitwidth P0| Bitwidth P1|
    +------------------------+----------+----+---+-----+------------+------------+
    |add_ln21_fu_690_p2      |         +|   0|  0|   13|           4|           2|
    |add_ln39_fu_1033_p2     |         +|   0|  0|   14|           7|           4|
    |cnt_12_fu_998_p2        |         +|   0|  0|   71|          64|           1|
    |cnt_16_fu_1366_p2       |         +|   0|  0|   71|          64|           1|
    |cnt_5_fu_845_p2         |         +|   0|  0|   71|          64|           1|
    |cnt_8_fu_1213_p2        |         +|   0|  0|   71|          64|           1|
    |e_11_fu_1373_p2         |         +|   0|  0|   71|          64|           1|
    |e_3_fu_851_p2           |         +|   0|  0|   71|          64|           1|
    |e_6_fu_1219_p2          |         +|   0|  0|   71|          64|           1|
    |e_9_fu_1004_p2          |         +|   0|  0|   71|          64|           1|
    |n_2_fu_918_p2           |         +|   0|  0|   16|           9|           2|
    |n_3_fu_1286_p2          |         +|   0|  0|   16|           9|           2|
    |and_ln18_fu_620_p2      |       and|   0|  0|   16|          16|          16|
    |and_ln33_1_fu_1191_p2   |       and|   0|  0|   16|          16|          16|
    |and_ln33_2_fu_976_p2    |       and|   0|  0|   16|          16|          16|
    |and_ln33_3_fu_1344_p2   |       and|   0|  0|   16|          16|          16|
    |and_ln33_fu_823_p2      |       and|   0|  0|   16|          16|          16|
    |icmp_ln21_fu_634_p2     |      icmp|   0|  0|    9|           4|           4|
    |icmp_ln25_1_fu_1077_p2  |      icmp|   0|  0|   11|           8|           8|
    |icmp_ln25_2_fu_857_p2   |      icmp|   0|  0|   11|           8|           8|
    |icmp_ln25_3_fu_1225_p2  |      icmp|   0|  0|   11|           8|           8|
    |icmp_ln25_fu_709_p2     |      icmp|   0|  0|   11|           8|           8|
    |icmp_ln28_1_fu_757_p2   |      icmp|   0|  0|   29|          64|          64|
    |icmp_ln28_2_fu_1119_p2  |      icmp|   0|  0|   29|          64|          64|
    |icmp_ln28_3_fu_898_p2   |      icmp|   0|  0|   29|          64|          64|
    |icmp_ln28_4_fu_1125_p2  |      icmp|   0|  0|   29|          64|          64|
    |icmp_ln28_5_fu_904_p2   |      icmp|   0|  0|   29|          64|          64|
    |icmp_ln28_6_fu_1266_p2  |      icmp|   0|  0|   29|          64|          64|
    |icmp_ln28_7_fu_1272_p2  |      icmp|   0|  0|   29|          64|          64|
    |icmp_ln28_fu_751_p2     |      icmp|   0|  0|   29|          64|          64|
    |icmp_ln32_1_fu_1169_p2  |      icmp|   0|  0|   11|           8|           7|
    |icmp_ln32_2_fu_954_p2   |      icmp|   0|  0|   11|           8|           7|
    |icmp_ln32_3_fu_1322_p2  |      icmp|   0|  0|   11|           8|           7|
    |icmp_ln32_fu_801_p2     |      icmp|   0|  0|   11|           8|           7|
    |icmp_ln39_1_fu_1053_p2  |      icmp|   0|  0|   29|          64|           1|
    |icmp_ln39_fu_684_p2     |      icmp|   0|  0|   29|          64|           1|
    |lshr_ln26_1_fu_1099_p2  |      lshr|   0|  0|  950|         256|         256|
    |lshr_ln26_2_fu_878_p2   |      lshr|   0|  0|  950|         256|         256|
    |lshr_ln26_3_fu_1246_p2  |      lshr|   0|  0|  950|         256|         256|
    |lshr_ln26_fu_731_p2     |      lshr|   0|  0|  950|         256|         256|
    |lshr_ln30_4_fu_1159_p2  |      lshr|   0|  0|   35|          16|          16|
    |lshr_ln30_5_fu_944_p2   |      lshr|   0|  0|   35|          16|          16|
    |lshr_ln30_6_fu_1312_p2  |      lshr|   0|  0|   35|          16|          16|
    |lshr_ln30_fu_791_p2     |      lshr|   0|  0|   35|          16|          16|
    |conv20_fu_640_p2        |        or|   0|  0|    4|           4|           1|
    |or_ln33_1_fu_1206_p2    |        or|   0|  0|   16|          16|          16|
    |or_ln33_2_fu_991_p2     |        or|   0|  0|   16|          16|          16|
    |or_ln33_3_fu_1359_p2    |        or|   0|  0|   16|          16|          16|
    |or_ln33_fu_838_p2       |        or|   0|  0|   16|          16|          16|
    |shl_ln18_fu_608_p2      |       shl|   0|  0|   35|           8|          16|
    |shl_ln33_1_fu_832_p2    |       shl|   0|  0|   35|          16|          16|
    |shl_ln33_2_fu_1179_p2   |       shl|   0|  0|   35|           8|          16|
    |shl_ln33_3_fu_1200_p2   |       shl|   0|  0|   35|          16|          16|
    |shl_ln33_4_fu_964_p2    |       shl|   0|  0|   35|           8|          16|
    |shl_ln33_5_fu_985_p2    |       shl|   0|  0|   35|          16|          16|
    |shl_ln33_6_fu_1332_p2   |       shl|   0|  0|   35|           8|          16|
    |shl_ln33_7_fu_1353_p2   |       shl|   0|  0|   35|          16|          16|
    |shl_ln33_fu_811_p2      |       shl|   0|  0|   35|           8|          16|
    |xor_ln18_fu_614_p2      |       xor|   0|  0|   16|          16|           2|
    |xor_ln33_1_fu_1185_p2   |       xor|   0|  0|   16|          16|           2|
    |xor_ln33_2_fu_970_p2    |       xor|   0|  0|   16|          16|           2|
    |xor_ln33_3_fu_1338_p2   |       xor|   0|  0|   16|          16|           2|
    |xor_ln33_fu_817_p2      |       xor|   0|  0|   16|          16|           2|
    +------------------------+----------+----+---+-----+------------+------------+
    |Total                   |          |   0|  0| 5497|        2669|        1983|
    +------------------------+----------+----+---+-----+------------+------------+

    * Multiplexer: 
    +---------------------------------+-----+-----------+-----+-----------+
    |               Name              | LUT | Input Size| Bits| Total Bits|
    +---------------------------------+-----+-----------+-----+-----------+
    |ap_NS_fsm                        |  150|         31|    1|         31|
    |ap_phi_mux_cnt_17_phi_fu_513_p4  |   13|          3|   64|        192|
    |cnt_10_reg_366                   |    9|          2|   64|        128|
    |cnt_11_reg_399                   |   13|          3|   64|        192|
    |cnt_13_reg_387                   |    9|          2|   64|        128|
    |cnt_14_reg_488                   |    9|          2|   64|        128|
    |cnt_15_reg_521                   |   13|          3|   64|        192|
    |cnt_1_reg_415                    |    9|          2|   64|        128|
    |cnt_2_reg_339                    |    9|          2|   64|        128|
    |cnt_3_reg_351                    |    9|          2|   64|        128|
    |cnt_4_reg_318                    |    9|          2|   64|        128|
    |cnt_6_reg_440                    |    9|          2|   64|        128|
    |cnt_7_reg_473                    |    9|          2|   64|        128|
    |cnt_9_reg_461                    |    9|          2|   64|        128|
    |cnt_reg_293                      |    9|          2|   64|        128|
    |e_10_reg_499                     |    9|          2|   64|        128|
    |e_1_reg_329                      |    9|          2|   64|        128|
    |e_5_reg_451                      |    9|          2|   64|        128|
    |e_7_reg_377                      |    9|          2|   64|        128|
    |edges_address0                   |   21|          5|   12|         60|
    |horizon_fu_112                   |    9|          2|    4|          8|
    |level_address0                   |   61|         15|    7|        105|
    |level_counts_address0            |   17|          4|    4|         16|
    |level_counts_d0                  |   17|          4|   64|        256|
    |level_d0                         |   25|          6|   16|         96|
    |n_1_reg_428                      |    9|          2|    9|         18|
    |n_reg_306                        |    9|          2|    9|         18|
    |nodes_0_address0                 |   13|          3|    6|         18|
    |nodes_1_address0                 |   13|          3|    6|         18|
    +---------------------------------+-----+-----------+-----+-----------+
    |Total                            |  518|        116| 1290|       3140|
    +---------------------------------+-----+-----------+-----+-----------+

    * Register: 
    +-----------------------+----+----+-----+-----------+
    |          Name         | FF | LUT| Bits| Const Bits|
    +-----------------------+----+----+-----+-----------+
    |add_ln21_reg_1440      |   4|   0|    4|          0|
    |ap_CS_fsm              |  30|   0|   30|          0|
    |cnt_10_reg_366         |  64|   0|   64|          0|
    |cnt_11_reg_399         |  64|   0|   64|          0|
    |cnt_13_reg_387         |  64|   0|   64|          0|
    |cnt_14_reg_488         |  64|   0|   64|          0|
    |cnt_15_reg_521         |  64|   0|   64|          0|
    |cnt_1_reg_415          |  64|   0|   64|          0|
    |cnt_2_reg_339          |  64|   0|   64|          0|
    |cnt_3_reg_351          |  64|   0|   64|          0|
    |cnt_4_reg_318          |  64|   0|   64|          0|
    |cnt_6_reg_440          |  64|   0|   64|          0|
    |cnt_7_reg_473          |  64|   0|   64|          0|
    |cnt_9_reg_461          |  64|   0|   64|          0|
    |cnt_reg_293            |  64|   0|   64|          0|
    |conv20_reg_1409        |   3|   0|    4|          1|
    |e_10_reg_499           |  64|   0|   64|          0|
    |e_1_reg_329            |  64|   0|   64|          0|
    |e_3_reg_1501           |  64|   0|   64|          0|
    |e_5_reg_451            |  64|   0|   64|          0|
    |e_6_reg_1630           |  64|   0|   64|          0|
    |e_7_reg_377            |  64|   0|   64|          0|
    |e_9_reg_1560           |  64|   0|   64|          0|
    |horizon_fu_112         |   4|   0|    4|          0|
    |icmp_ln21_reg_1405     |   1|   0|    1|          0|
    |icmp_ln25_1_reg_1581   |   1|   0|    1|          0|
    |icmp_ln25_2_reg_1506   |   1|   0|    1|          0|
    |icmp_ln25_3_reg_1635   |   1|   0|    1|          0|
    |icmp_ln25_reg_1452     |   1|   0|    1|          0|
    |icmp_ln28_2_reg_1600   |   1|   0|    1|          0|
    |icmp_ln28_3_reg_1525   |   1|   0|    1|          0|
    |icmp_ln28_6_reg_1654   |   1|   0|    1|          0|
    |icmp_ln28_reg_1471     |   1|   0|    1|          0|
    |icmp_ln39_reg_1436     |   1|   0|    1|          0|
    |level_addr_1_reg_1426  |   7|   0|    7|          0|
    |level_addr_2_reg_1568  |   7|   0|    7|          0|
    |level_addr_3_reg_1488  |   7|   0|    7|          0|
    |level_addr_4_reg_1617  |   7|   0|    7|          0|
    |level_addr_5_reg_1547  |   7|   0|    7|          0|
    |level_addr_6_reg_1676  |   7|   0|    7|          0|
    |level_addr_reg_1391    |   7|   0|    7|          0|
    |n_1_reg_428            |   9|   0|    9|          0|
    |n_2_reg_1537           |   9|   0|    9|          0|
    |n_3_reg_1666           |   9|   0|    9|          0|
    |n_reg_306              |   9|   0|    9|          0|
    |shl_ln1_reg_1431       |   3|   0|    7|          4|
    |tmp_end_1_reg_1595     |  64|   0|   64|          0|
    |tmp_end_2_reg_1520     |  64|   0|   64|          0|
    |tmp_end_3_reg_1649     |  64|   0|   64|          0|
    |tmp_end_reg_1466       |  64|   0|   64|          0|
    |trunc_ln25_1_reg_1576  |   6|   0|    6|          0|
    |trunc_ln30_2_reg_1612  |   1|   0|    1|          0|
    |trunc_ln30_4_reg_1542  |   1|   0|    1|          0|
    |trunc_ln30_6_reg_1671  |   1|   0|    1|          0|
    |trunc_ln30_reg_1483    |   1|   0|    1|          0|
    |trunc_ln_reg_1447      |   6|   0|    6|          0|
    |zext_ln21_reg_1399     |   4|   0|    8|          4|
    |zext_ln24_reg_1417     |   3|   0|    8|          5|
    +-----------------------+----+----+-----+-----------+
    |Total                  |1698|   0| 1712|         14|
    +-----------------------+----+----+-----+-----------+



================================================================
== Interface
================================================================
* Summary: 
+-----------------------+-----+-----+------------+---------------+--------------+
|       RTL Ports       | Dir | Bits|  Protocol  | Source Object |    C Type    |
+-----------------------+-----+-----+------------+---------------+--------------+
|ap_clk                 |   in|    1|  ap_ctrl_hs|            bfs|  return value|
|ap_rst                 |   in|    1|  ap_ctrl_hs|            bfs|  return value|
|ap_start               |   in|    1|  ap_ctrl_hs|            bfs|  return value|
|ap_done                |  out|    1|  ap_ctrl_hs|            bfs|  return value|
|ap_idle                |  out|    1|  ap_ctrl_hs|            bfs|  return value|
|ap_ready               |  out|    1|  ap_ctrl_hs|            bfs|  return value|
|nodes_0_address0       |  out|    6|   ap_memory|        nodes_0|         array|
|nodes_0_ce0            |  out|    1|   ap_memory|        nodes_0|         array|
|nodes_0_q0             |   in|  256|   ap_memory|        nodes_0|         array|
|nodes_1_address0       |  out|    6|   ap_memory|        nodes_1|         array|
|nodes_1_ce0            |  out|    1|   ap_memory|        nodes_1|         array|
|nodes_1_q0             |   in|  256|   ap_memory|        nodes_1|         array|
|edges_address0         |  out|   12|   ap_memory|          edges|         array|
|edges_ce0              |  out|    1|   ap_memory|          edges|         array|
|edges_q0               |   in|   64|   ap_memory|          edges|         array|
|starting_node          |   in|   64|     ap_none|  starting_node|        scalar|
|level_address0         |  out|    7|   ap_memory|          level|         array|
|level_ce0              |  out|    1|   ap_memory|          level|         array|
|level_we0              |  out|    1|   ap_memory|          level|         array|
|level_d0               |  out|   16|   ap_memory|          level|         array|
|level_q0               |   in|   16|   ap_memory|          level|         array|
|level_counts_address0  |  out|    4|   ap_memory|   level_counts|         array|
|level_counts_ce0       |  out|    1|   ap_memory|   level_counts|         array|
|level_counts_we0       |  out|    1|   ap_memory|   level_counts|         array|
|level_counts_d0        |  out|   64|   ap_memory|   level_counts|         array|
+-----------------------+-----+-----+------------+---------------+--------------+

