

================================================================
== Vitis HLS Report for 'bfs'
================================================================
* Date:           Mon Mar 10 00:17:11 2025

* Version:        2022.1 (Build 3526262 on Mon Apr 18 15:47:01 MDT 2022)
* Project:        bfs_random_prj_p1
* Solution:       solution (Vivado IP Flow Target)
* Product family: virtex7
* Target device:  xc7vx485t-ffg1761-2


================================================================
== Performance Estimates
================================================================
+ Timing: 
    * Summary: 
    +--------+----------+----------+------------+
    |  Clock |  Target  | Estimated| Uncertainty|
    +--------+----------+----------+------------+
    |ap_clk  |  10.00 ns|  6.904 ns|     2.70 ns|
    +--------+----------+----------+------------+

+ Latency: 
    * Summary: 
    +---------+---------+----------+----------+-----+-----+---------+
    |  Latency (cycles) |  Latency (absolute) |  Interval | Pipeline|
    |   min   |   max   |    min   |    max   | min | max |   Type  |
    +---------+---------+----------+----------+-----+-----+---------+
    |        ?|        ?|         ?|         ?|    ?|    ?|       no|
    +---------+---------+----------+----------+-----+-----+---------+

    + Detail: 
        * Instance: 
        N/A

        * Loop: 
        +---------------------+---------+---------+----------+-----------+-----------+-------+----------+
        |                     |  Latency (cycles) | Iteration|  Initiation Interval  |  Trip |          |
        |      Loop Name      |   min   |   max   |  Latency |  achieved |   target  | Count | Pipelined|
        +---------------------+---------+---------+----------+-----------+-----------+-------+----------+
        |- loop_horizons      |        ?|        ?|         ?|          -|          -|  1 ~ 5|        no|
        | + loop_nodes        |        ?|        ?|         ?|          -|          -|    256|        no|
        |  ++ loop_neighbors  |        ?|        ?|     7 ~ 8|          -|          -|      ?|        no|
        | + loop_nodes        |        ?|        ?|         ?|          -|          -|    256|        no|
        |  ++ loop_neighbors  |        ?|        ?|         7|          -|          -|      ?|        no|
        +---------------------+---------+---------+----------+-----------+-----------+-------+----------+



================================================================
== Utilization Estimates
================================================================
* Summary: 
+-----------------+---------+------+--------+--------+-----+
|       Name      | BRAM_18K|  DSP |   FF   |   LUT  | URAM|
+-----------------+---------+------+--------+--------+-----+
|DSP              |        -|     -|       -|       -|    -|
|Expression       |        -|     -|       0|    7782|    -|
|FIFO             |        -|     -|       -|       -|    -|
|Instance         |        -|     -|       0|      90|    -|
|Memory           |        -|     -|       -|       -|    -|
|Multiplexer      |        -|     -|       -|     559|    -|
|Register         |        -|     -|    2219|       -|    -|
+-----------------+---------+------+--------+--------+-----+
|Total            |        0|     0|    2219|    8431|    0|
+-----------------+---------+------+--------+--------+-----+
|Available        |     2060|  2800|  607200|  303600|    0|
+-----------------+---------+------+--------+--------+-----+
|Utilization (%)  |        0|     0|      ~0|       2|    0|
+-----------------+---------+------+--------+--------+-----+

+ Detail: 
    * Instance: 
    +-------------------+---------------+---------+----+---+----+-----+
    |      Instance     |     Module    | BRAM_18K| DSP| FF| LUT| URAM|
    +-------------------+---------------+---------+----+---+----+-----+
    |mux_21_64_1_1_U2   |mux_21_64_1_1  |        0|   0|  0|   9|    0|
    |mux_21_64_1_1_U3   |mux_21_64_1_1  |        0|   0|  0|   9|    0|
    |mux_21_64_1_1_U7   |mux_21_64_1_1  |        0|   0|  0|   9|    0|
    |mux_21_64_1_1_U8   |mux_21_64_1_1  |        0|   0|  0|   9|    0|
    |mux_21_8_1_1_U1    |mux_21_8_1_1   |        0|   0|  0|   9|    0|
    |mux_21_8_1_1_U6    |mux_21_8_1_1   |        0|   0|  0|   9|    0|
    |mux_257_8_1_1_U4   |mux_257_8_1_1  |        0|   0|  0|   9|    0|
    |mux_257_8_1_1_U5   |mux_257_8_1_1  |        0|   0|  0|   9|    0|
    |mux_257_8_1_1_U9   |mux_257_8_1_1  |        0|   0|  0|   9|    0|
    |mux_257_8_1_1_U10  |mux_257_8_1_1  |        0|   0|  0|   9|    0|
    +-------------------+---------------+---------+----+---+----+-----+
    |Total              |               |        0|   0|  0|  90|    0|
    +-------------------+---------------+---------+----+---+----+-----+

    * DSP: 
    N/A

    * Memory: 
    N/A

    * FIFO: 
    N/A

    * Expression: 
    +-------------------------+----------+----+---+-----+------------+------------+
    |      Variable Name      | Operation| DSP| FF| LUT | Bitwidth P0| Bitwidth P1|
    +-------------------------+----------+----+---+-----+------------+------------+
    |add_ln21_fu_743_p2       |         +|   0|  0|   13|           4|           2|
    |add_ln28_1_fu_1711_p2    |         +|   0|  0|   71|          64|           1|
    |add_ln28_2_fu_1290_p2    |         +|   0|  0|   71|          64|           2|
    |add_ln28_3_fu_1909_p2    |         +|   0|  0|   71|          64|           2|
    |add_ln28_4_fu_1098_p2    |         +|   0|  0|   18|          11|           1|
    |add_ln28_5_fu_1717_p2    |         +|   0|  0|   18|          11|           1|
    |add_ln28_fu_1092_p2      |         +|   0|  0|   71|          64|           1|
    |add_ln34_1_fu_1704_p2    |         +|   0|  0|   71|          64|           1|
    |add_ln34_2_fu_1283_p2    |         +|   0|  0|   71|          64|           1|
    |add_ln34_3_fu_1902_p2    |         +|   0|  0|   71|          64|           1|
    |add_ln34_fu_1086_p2      |         +|   0|  0|   71|          64|           1|
    |add_ln39_fu_1335_p2      |         +|   0|  0|   14|           6|           4|
    |n_2_fu_701_p2            |         +|   0|  0|   16|           9|           1|
    |n_3_fu_1306_p2           |         +|   0|  0|   16|           9|           1|
    |and_ln18_1_fu_634_p2     |       and|   0|  0|   16|          16|          16|
    |and_ln18_fu_656_p2       |       and|   0|  0|   16|          16|          16|
    |and_ln33_1_fu_1044_p2    |       and|   0|  0|   16|          16|          16|
    |and_ln33_2_fu_1683_p2    |       and|   0|  0|   16|          16|          16|
    |and_ln33_3_fu_1662_p2    |       and|   0|  0|   16|          16|          16|
    |and_ln33_4_fu_1262_p2    |       and|   0|  0|   16|          16|          16|
    |and_ln33_5_fu_1241_p2    |       and|   0|  0|   16|          16|          16|
    |and_ln33_6_fu_1881_p2    |       and|   0|  0|   16|          16|          16|
    |and_ln33_7_fu_1860_p2    |       and|   0|  0|   16|          16|          16|
    |and_ln33_fu_1065_p2      |       and|   0|  0|   16|          16|          16|
    |icmp_ln21_fu_675_p2      |      icmp|   0|  0|    9|           4|           4|
    |icmp_ln24_1_fu_1300_p2   |      icmp|   0|  0|   11|           9|          10|
    |icmp_ln24_fu_695_p2      |      icmp|   0|  0|   11|           9|          10|
    |icmp_ln25_1_fu_1424_p2   |      icmp|   0|  0|   11|           8|           8|
    |icmp_ln25_fu_806_p2      |      icmp|   0|  0|   11|           8|           8|
    |icmp_ln28_1_fu_901_p2    |      icmp|   0|  0|   29|          64|          64|
    |icmp_ln28_2_fu_1515_p2   |      icmp|   0|  0|   29|          64|          64|
    |icmp_ln28_3_fu_1519_p2   |      icmp|   0|  0|   29|          64|          64|
    |icmp_ln28_4_fu_1103_p2   |      icmp|   0|  0|   29|          64|          64|
    |icmp_ln28_5_fu_1722_p2   |      icmp|   0|  0|   29|          64|          64|
    |icmp_ln28_fu_897_p2      |      icmp|   0|  0|   29|          64|          64|
    |icmp_ln32_1_fu_1633_p2   |      icmp|   0|  0|   11|           8|           7|
    |icmp_ln32_2_fu_1212_p2   |      icmp|   0|  0|   11|           8|           7|
    |icmp_ln32_3_fu_1831_p2   |      icmp|   0|  0|   11|           8|           7|
    |icmp_ln32_fu_1015_p2     |      icmp|   0|  0|   11|           8|           7|
    |icmp_ln39_1_fu_1356_p2   |      icmp|   0|  0|   29|          64|           1|
    |icmp_ln39_fu_737_p2      |      icmp|   0|  0|   29|          64|           1|
    |lshr_ln25_1_fu_786_p2    |      lshr|   0|  0|   35|          16|          16|
    |lshr_ln25_2_fu_1390_p2   |      lshr|   0|  0|   35|          16|          16|
    |lshr_ln25_3_fu_1404_p2   |      lshr|   0|  0|   35|          16|          16|
    |lshr_ln25_fu_772_p2      |      lshr|   0|  0|   35|          16|          16|
    |lshr_ln26_1_fu_849_p2    |      lshr|   0|  0|  950|         256|         256|
    |lshr_ln26_2_fu_1453_p2   |      lshr|   0|  0|  950|         256|         256|
    |lshr_ln26_3_fu_1467_p2   |      lshr|   0|  0|  950|         256|         256|
    |lshr_ln26_fu_835_p2      |      lshr|   0|  0|  950|         256|         256|
    |lshr_ln29_1_fu_1553_p2   |      lshr|   0|  0|  423|         128|         128|
    |lshr_ln29_2_fu_1132_p2   |      lshr|   0|  0|  423|         128|         128|
    |lshr_ln29_3_fu_1751_p2   |      lshr|   0|  0|  423|         128|         128|
    |lshr_ln29_fu_935_p2      |      lshr|   0|  0|  423|         128|         128|
    |lshr_ln30_10_fu_1812_p2  |      lshr|   0|  0|   35|          16|          16|
    |lshr_ln30_1_fu_996_p2    |      lshr|   0|  0|   35|          16|          16|
    |lshr_ln30_3_fu_1600_p2   |      lshr|   0|  0|   35|          16|          16|
    |lshr_ln30_5_fu_1614_p2   |      lshr|   0|  0|   35|          16|          16|
    |lshr_ln30_7_fu_1179_p2   |      lshr|   0|  0|   35|          16|          16|
    |lshr_ln30_8_fu_1193_p2   |      lshr|   0|  0|   35|          16|          16|
    |lshr_ln30_9_fu_1798_p2   |      lshr|   0|  0|   35|          16|          16|
    |lshr_ln30_fu_982_p2      |      lshr|   0|  0|   35|          16|          16|
    |conv20_fu_681_p2         |        or|   0|  0|    4|           4|           1|
    |or_ln33_1_fu_1059_p2     |        or|   0|  0|   16|          16|          16|
    |or_ln33_2_fu_1698_p2     |        or|   0|  0|   16|          16|          16|
    |or_ln33_3_fu_1677_p2     |        or|   0|  0|   16|          16|          16|
    |or_ln33_4_fu_1277_p2     |        or|   0|  0|   16|          16|          16|
    |or_ln33_5_fu_1256_p2     |        or|   0|  0|   16|          16|          16|
    |or_ln33_6_fu_1896_p2     |        or|   0|  0|   16|          16|          16|
    |or_ln33_7_fu_1875_p2     |        or|   0|  0|   16|          16|          16|
    |or_ln33_fu_1080_p2       |        or|   0|  0|   16|          16|          16|
    |shl_ln18_1_fu_622_p2     |       shl|   0|  0|   35|           8|          16|
    |shl_ln18_fu_644_p2       |       shl|   0|  0|   35|           8|          16|
    |shl_ln33_10_fu_1890_p2   |       shl|   0|  0|   35|          16|          16|
    |shl_ln33_11_fu_1869_p2   |       shl|   0|  0|   35|          16|          16|
    |shl_ln33_1_fu_1074_p2    |       shl|   0|  0|   35|          16|          16|
    |shl_ln33_2_fu_1053_p2    |       shl|   0|  0|   35|          16|          16|
    |shl_ln33_3_fu_1650_p2    |       shl|   0|  0|   35|           8|          16|
    |shl_ln33_4_fu_1692_p2    |       shl|   0|  0|   35|          16|          16|
    |shl_ln33_5_fu_1671_p2    |       shl|   0|  0|   35|          16|          16|
    |shl_ln33_6_fu_1229_p2    |       shl|   0|  0|   35|           8|          16|
    |shl_ln33_7_fu_1271_p2    |       shl|   0|  0|   35|          16|          16|
    |shl_ln33_8_fu_1250_p2    |       shl|   0|  0|   35|          16|          16|
    |shl_ln33_9_fu_1848_p2    |       shl|   0|  0|   35|           8|          16|
    |shl_ln33_fu_1032_p2      |       shl|   0|  0|   35|           8|          16|
    |xor_ln18_1_fu_628_p2     |       xor|   0|  0|   16|          16|           2|
    |xor_ln18_fu_650_p2       |       xor|   0|  0|   16|          16|           2|
    |xor_ln33_1_fu_1656_p2    |       xor|   0|  0|   16|          16|           2|
    |xor_ln33_2_fu_1235_p2    |       xor|   0|  0|   16|          16|           2|
    |xor_ln33_3_fu_1854_p2    |       xor|   0|  0|   16|          16|           2|
    |xor_ln33_fu_1038_p2      |       xor|   0|  0|   16|          16|           2|
    +-------------------------+----------+----+---+-----+------------+------------+
    |Total                    |          |   0|  0| 7782|        3436|        2727|
    +-------------------------+----------+----+---+-----+------------+------------+

    * Multiplexer: 
    +----------------------------------+-----+-----------+-----+-----------+
    |               Name               | LUT | Input Size| Bits| Total Bits|
    +----------------------------------+-----+-----------+-----+-----------+
    |ap_NS_fsm                         |  150|         31|    1|         31|
    |ap_phi_mux_cnt_2_1_phi_fu_450_p4  |    9|          2|   64|        128|
    |ap_phi_mux_cnt_9_0_phi_fu_535_p4  |    9|          2|   64|        128|
    |ap_phi_mux_cnt_9_1_phi_fu_547_p4  |    9|          2|   64|        128|
    |cnt_1_reg_486                     |    9|          2|   64|        128|
    |cnt_2_0_reg_435                   |    9|          2|   64|        128|
    |cnt_2_1_reg_446                   |    9|          2|   64|        128|
    |cnt_2_ph_reg_458                  |    9|          2|   64|        128|
    |cnt_2_reg_470                     |    9|          2|   64|        128|
    |cnt_3_ph_reg_555                  |    9|          2|   64|        128|
    |cnt_3_reg_567                     |    9|          2|   64|        128|
    |cnt_4_0_reg_414                   |    9|          2|   64|        128|
    |cnt_5_0_reg_511                   |    9|          2|   64|        128|
    |cnt_9_0_reg_532                   |    9|          2|   64|        128|
    |cnt_9_1_reg_543                   |    9|          2|   64|        128|
    |cnt_reg_389                       |    9|          2|   64|        128|
    |e_2_0_reg_425                     |    9|          2|   64|        128|
    |e_3_0_reg_522                     |    9|          2|   64|        128|
    |edges_address0                    |   21|          5|   11|         55|
    |horizon_fu_142                    |    9|          2|    4|          8|
    |level_0_address0                  |   53|         13|    6|         78|
    |level_0_d0                        |   25|          6|   16|         96|
    |level_1_address0                  |   53|         13|    6|         78|
    |level_1_d0                        |   25|          6|   16|         96|
    |level_counts_0_address0           |   13|          3|    3|          9|
    |level_counts_0_d0                 |   13|          3|   64|        192|
    |n_1_reg_499                       |    9|          2|    9|         18|
    |n_reg_402                         |    9|          2|    9|         18|
    |nodes_0_address0                  |   13|          3|    6|         18|
    |nodes_1_address0                  |   13|          3|    6|         18|
    +----------------------------------+-----+-----------+-----+-----------+
    |Total                             |  559|        126| 1245|       2891|
    +----------------------------------+-----+-----------+-----+-----------+

    * Register: 
    +-------------------------+-----+----+-----+-----------+
    |           Name          |  FF | LUT| Bits| Const Bits|
    +-------------------------+-----+----+-----+-----------+
    |add_ln21_reg_1994        |    4|   0|    4|          0|
    |ap_CS_fsm                |   30|   0|   30|          0|
    |cnt_1_reg_486            |   64|   0|   64|          0|
    |cnt_2_0_reg_435          |   64|   0|   64|          0|
    |cnt_2_1_reg_446          |   64|   0|   64|          0|
    |cnt_2_ph_reg_458         |   64|   0|   64|          0|
    |cnt_2_reg_470            |   64|   0|   64|          0|
    |cnt_3_ph_reg_555         |   64|   0|   64|          0|
    |cnt_3_reg_567            |   64|   0|   64|          0|
    |cnt_4_0_reg_414          |   64|   0|   64|          0|
    |cnt_5_0_reg_511          |   64|   0|   64|          0|
    |cnt_9_0_reg_532          |   64|   0|   64|          0|
    |cnt_9_1_reg_543          |   64|   0|   64|          0|
    |cnt_reg_389              |   64|   0|   64|          0|
    |conv20_reg_1954          |    3|   0|    4|          1|
    |e_2_0_reg_425            |   64|   0|   64|          0|
    |e_3_0_reg_522            |   64|   0|   64|          0|
    |horizon_fu_142           |    4|   0|    4|          0|
    |icmp_ln21_reg_1950       |    1|   0|    1|          0|
    |icmp_ln32_1_reg_2268     |    1|   0|    1|          0|
    |icmp_ln32_2_reg_2141     |    1|   0|    1|          0|
    |icmp_ln32_3_reg_2324     |    1|   0|    1|          0|
    |icmp_ln39_reg_1990       |    1|   0|    1|          0|
    |level_0_addr_3_reg_2071  |    6|   0|    6|          0|
    |level_0_addr_4_reg_2258  |    6|   0|    6|          0|
    |level_0_addr_5_reg_2131  |    6|   0|    6|          0|
    |level_0_addr_6_reg_2314  |    6|   0|    6|          0|
    |level_0_addr_reg_1925    |    6|   0|    6|          0|
    |level_1_addr_3_reg_2076  |    6|   0|    6|          0|
    |level_1_addr_4_reg_2263  |    6|   0|    6|          0|
    |level_1_addr_5_reg_2136  |    6|   0|    6|          0|
    |level_1_addr_6_reg_2319  |    6|   0|    6|          0|
    |level_1_addr_reg_1930    |    6|   0|    6|          0|
    |lshr_ln29_1_reg_2243     |  128|   0|  128|          0|
    |lshr_ln29_2_reg_2116     |  128|   0|  128|          0|
    |lshr_ln29_3_reg_2299     |  128|   0|  128|          0|
    |lshr_ln29_reg_2056       |  128|   0|  128|          0|
    |lshr_ln2_reg_2061        |   57|   0|   57|          0|
    |lshr_ln30_2_reg_2248     |   57|   0|   57|          0|
    |lshr_ln30_4_reg_2121     |   57|   0|   57|          0|
    |lshr_ln30_6_reg_2304     |   57|   0|   57|          0|
    |n_1_reg_499              |    9|   0|    9|          0|
    |n_2_reg_1975             |    9|   0|    9|          0|
    |n_3_reg_2172             |    9|   0|    9|          0|
    |n_reg_402                |    9|   0|    9|          0|
    |or_ln33_1_reg_2088       |   16|   0|   16|          0|
    |or_ln33_2_reg_2281       |   16|   0|   16|          0|
    |or_ln33_3_reg_2276       |   16|   0|   16|          0|
    |or_ln33_4_reg_2154       |   16|   0|   16|          0|
    |or_ln33_5_reg_2149       |   16|   0|   16|          0|
    |or_ln33_6_reg_2337       |   16|   0|   16|          0|
    |or_ln33_7_reg_2332       |   16|   0|   16|          0|
    |or_ln33_reg_2093         |   16|   0|   16|          0|
    |shl_ln_reg_1915          |    1|   0|    4|          3|
    |tmp_12_reg_2272          |    1|   0|    1|          0|
    |tmp_13_reg_2106          |    1|   0|    1|          0|
    |tmp_15_reg_2145          |    1|   0|    1|          0|
    |tmp_16_reg_2289          |    1|   0|    1|          0|
    |tmp_18_reg_2328          |    1|   0|    1|          0|
    |tmp_1_reg_2003           |    1|   0|    1|          0|
    |tmp_2_reg_2012           |    1|   0|    1|          0|
    |tmp_3_reg_2190           |    1|   0|    1|          0|
    |tmp_5_reg_2199           |    1|   0|    1|          0|
    |tmp_9_reg_2084           |    1|   0|    1|          0|
    |tmp_begin_1_reg_2214     |   64|   0|   64|          0|
    |tmp_begin_reg_2027       |   64|   0|   64|          0|
    |tmp_end_1_reg_2220       |   64|   0|   64|          0|
    |tmp_end_reg_2033         |   64|   0|   64|          0|
    |tmp_reg_1921             |    1|   0|    1|          0|
    |trunc_ln24_1_reg_2164    |    6|   0|    6|          0|
    |trunc_ln24_reg_1967      |    6|   0|    6|          0|
    |trunc_ln28_1_reg_2233    |   11|   0|   11|          0|
    |trunc_ln28_reg_2046      |   11|   0|   11|          0|
    |trunc_ln30_12_reg_2309   |    1|   0|    1|          0|
    |trunc_ln30_4_reg_2253    |    1|   0|    1|          0|
    |trunc_ln30_9_reg_2126    |    1|   0|    1|          0|
    |trunc_ln30_reg_2066      |    1|   0|    1|          0|
    |zext_ln21_reg_1945       |    4|   0|    8|          4|
    |zext_ln24_reg_1962       |    3|   0|    8|          5|
    +-------------------------+-----+----+-----+-----------+
    |Total                    | 2219|   0| 2232|         13|
    +-------------------------+-----+----+-----+-----------+



================================================================
== Interface
================================================================
* Summary: 
+-------------------------+-----+-----+------------+----------------+--------------+
|        RTL Ports        | Dir | Bits|  Protocol  |  Source Object |    C Type    |
+-------------------------+-----+-----+------------+----------------+--------------+
|ap_clk                   |   in|    1|  ap_ctrl_hs|             bfs|  return value|
|ap_rst                   |   in|    1|  ap_ctrl_hs|             bfs|  return value|
|ap_start                 |   in|    1|  ap_ctrl_hs|             bfs|  return value|
|ap_done                  |  out|    1|  ap_ctrl_hs|             bfs|  return value|
|ap_idle                  |  out|    1|  ap_ctrl_hs|             bfs|  return value|
|ap_ready                 |  out|    1|  ap_ctrl_hs|             bfs|  return value|
|nodes_0_address0         |  out|    6|   ap_memory|         nodes_0|         array|
|nodes_0_ce0              |  out|    1|   ap_memory|         nodes_0|         array|
|nodes_0_q0               |   in|  256|   ap_memory|         nodes_0|         array|
|nodes_1_address0         |  out|    6|   ap_memory|         nodes_1|         array|
|nodes_1_ce0              |  out|    1|   ap_memory|         nodes_1|         array|
|nodes_1_q0               |   in|  256|   ap_memory|         nodes_1|         array|
|edges_address0           |  out|   11|   ap_memory|           edges|         array|
|edges_ce0                |  out|    1|   ap_memory|           edges|         array|
|edges_q0                 |   in|  128|   ap_memory|           edges|         array|
|starting_node            |   in|   64|     ap_none|   starting_node|        scalar|
|level_0_address0         |  out|    6|   ap_memory|         level_0|         array|
|level_0_ce0              |  out|    1|   ap_memory|         level_0|         array|
|level_0_we0              |  out|    1|   ap_memory|         level_0|         array|
|level_0_d0               |  out|   16|   ap_memory|         level_0|         array|
|level_0_q0               |   in|   16|   ap_memory|         level_0|         array|
|level_1_address0         |  out|    6|   ap_memory|         level_1|         array|
|level_1_ce0              |  out|    1|   ap_memory|         level_1|         array|
|level_1_we0              |  out|    1|   ap_memory|         level_1|         array|
|level_1_d0               |  out|   16|   ap_memory|         level_1|         array|
|level_1_q0               |   in|   16|   ap_memory|         level_1|         array|
|level_counts_0_address0  |  out|    3|   ap_memory|  level_counts_0|         array|
|level_counts_0_ce0       |  out|    1|   ap_memory|  level_counts_0|         array|
|level_counts_0_we0       |  out|    1|   ap_memory|  level_counts_0|         array|
|level_counts_0_d0        |  out|   64|   ap_memory|  level_counts_0|         array|
|level_counts_1_address0  |  out|    3|   ap_memory|  level_counts_1|         array|
|level_counts_1_ce0       |  out|    1|   ap_memory|  level_counts_1|         array|
|level_counts_1_we0       |  out|    1|   ap_memory|  level_counts_1|         array|
|level_counts_1_d0        |  out|   64|   ap_memory|  level_counts_1|         array|
+-------------------------+-----+-----+------------+----------------+--------------+

