

================================================================
== Vitis HLS Report for 'bfs'
================================================================
* Date:           Mon Mar 10 00:12:24 2025

* Version:        2022.1 (Build 3526262 on Mon Apr 18 15:47:01 MDT 2022)
* Project:        bfs_random_prj_p1
* Solution:       solution (Vivado IP Flow Target)
* Product family: virtex7
* Target device:  xc7vx485t-ffg1761-2


================================================================
== Performance Estimates
================================================================
+ Timing: 
    * Summary: 
    +--------+----------+----------+------------+
    |  Clock |  Target  | Estimated| Uncertainty|
    +--------+----------+----------+------------+
    |ap_clk  |  10.00 ns|  6.822 ns|     2.70 ns|
    +--------+----------+----------+------------+

+ Latency: 
    * Summary: 
    +---------+---------+----------+----------+-----+-----+---------+
    |  Latency (cycles) |  Latency (absolute) |  Interval | Pipeline|
    |   min   |   max   |    min   |    max   | min | max |   Type  |
    +---------+---------+----------+----------+-----+-----+---------+
    |        ?|        ?|         ?|         ?|    ?|    ?|       no|
    +---------+---------+----------+----------+-----+-----+---------+

    + Detail: 
        * Instance: 
        N/A

        * Loop: 
        +---------------------+---------+---------+----------+-----------+-----------+-------+----------+
        |                     |  Latency (cycles) | Iteration|  Initiation Interval  |  Trip |          |
        |      Loop Name      |   min   |   max   |  Latency |  achieved |   target  | Count | Pipelined|
        +---------------------+---------+---------+----------+-----------+-----------+-------+----------+
        |- loop_horizons      |        ?|        ?|         ?|          -|          -|  1 ~ 5|        no|
        | + loop_nodes        |        ?|        ?|         ?|          -|          -|    256|        no|
        |  ++ loop_neighbors  |        ?|        ?|         5|          -|          -|      ?|        no|
        | + loop_nodes        |        ?|        ?|         ?|          -|          -|    256|        no|
        |  ++ loop_neighbors  |        ?|        ?|         4|          -|          -|      ?|        no|
        +---------------------+---------+---------+----------+-----------+-----------+-------+----------+



================================================================
== Utilization Estimates
================================================================
* Summary: 
+-----------------+---------+------+--------+--------+-----+
|       Name      | BRAM_18K|  DSP |   FF   |   LUT  | URAM|
+-----------------+---------+------+--------+--------+-----+
|DSP              |        -|     -|       -|       -|    -|
|Expression       |        -|     -|       0|    7637|    -|
|FIFO             |        -|     -|       -|       -|    -|
|Instance         |        -|     -|       0|      72|    -|
|Memory           |        -|     -|       -|       -|    -|
|Multiplexer      |        -|     -|       -|     449|    -|
|Register         |        -|     -|    1180|       -|    -|
+-----------------+---------+------+--------+--------+-----+
|Total            |        0|     0|    1180|    8158|    0|
+-----------------+---------+------+--------+--------+-----+
|Available        |     2060|  2800|  607200|  303600|    0|
+-----------------+---------+------+--------+--------+-----+
|Utilization (%)  |        0|     0|      ~0|       2|    0|
+-----------------+---------+------+--------+--------+-----+

+ Detail: 
    * Instance: 
    +------------------+---------------+---------+----+---+----+-----+
    |     Instance     |     Module    | BRAM_18K| DSP| FF| LUT| URAM|
    +------------------+---------------+---------+----+---+----+-----+
    |mux_21_64_1_1_U2  |mux_21_64_1_1  |        0|   0|  0|   9|    0|
    |mux_21_64_1_1_U3  |mux_21_64_1_1  |        0|   0|  0|   9|    0|
    |mux_21_64_1_1_U6  |mux_21_64_1_1  |        0|   0|  0|   9|    0|
    |mux_21_64_1_1_U7  |mux_21_64_1_1  |        0|   0|  0|   9|    0|
    |mux_21_8_1_1_U1   |mux_21_8_1_1   |        0|   0|  0|   9|    0|
    |mux_21_8_1_1_U4   |mux_21_8_1_1   |        0|   0|  0|   9|    0|
    |mux_21_8_1_1_U5   |mux_21_8_1_1   |        0|   0|  0|   9|    0|
    |mux_21_8_1_1_U8   |mux_21_8_1_1   |        0|   0|  0|   9|    0|
    +------------------+---------------+---------+----+---+----+-----+
    |Total             |               |        0|   0|  0|  72|    0|
    +------------------+---------------+---------+----+---+----+-----+

    * DSP: 
    N/A

    * Memory: 
    N/A

    * FIFO: 
    N/A

    * Expression: 
    +------------------------+----------+----+---+-----+------------+------------+
    |      Variable Name     | Operation| DSP| FF| LUT | Bitwidth P0| Bitwidth P1|
    +------------------------+----------+----+---+-----+------------+------------+
    |add_ln21_fu_1072_p2     |         +|   0|  0|   13|           4|           2|
    |add_ln39_fu_1113_p2     |         +|   0|  0|   11|           3|           1|
    |cnt_6_fu_995_p2         |         +|   0|  0|   71|          64|           1|
    |cnt_8_fu_1431_p2        |         +|   0|  0|   71|          64|           1|
    |e_4_fu_1001_p2          |         +|   0|  0|   71|          64|           1|
    |e_5_fu_1438_p2          |         +|   0|  0|   71|          64|           1|
    |n_2_fu_665_p2           |         +|   0|  0|   16|           9|           1|
    |n_3_fu_1091_p2          |         +|   0|  0|   16|           9|           1|
    |and_ln18_1_fu_573_p2    |       and|   0|  0|   16|          16|          16|
    |and_ln18_fu_603_p2      |       and|   0|  0|   16|          16|          16|
    |and_ln33_1_fu_953_p2    |       and|   0|  0|   16|          16|          16|
    |and_ln33_2_fu_1410_p2   |       and|   0|  0|   16|          16|          16|
    |and_ln33_3_fu_1389_p2   |       and|   0|  0|   16|          16|          16|
    |and_ln33_fu_974_p2      |       and|   0|  0|   16|          16|          16|
    |and_ln39_1_fu_1467_p2   |       and|   0|  0|  128|         128|         128|
    |and_ln39_fu_1043_p2     |       and|   0|  0|  128|         128|         128|
    |icmp_ln21_fu_635_p2     |      icmp|   0|  0|    9|           4|           4|
    |icmp_ln24_1_fu_1085_p2  |      icmp|   0|  0|   11|           9|          10|
    |icmp_ln24_fu_659_p2     |      icmp|   0|  0|   11|           9|          10|
    |icmp_ln25_1_fu_1190_p2  |      icmp|   0|  0|   11|           8|           8|
    |icmp_ln25_fu_754_p2     |      icmp|   0|  0|   11|           8|           8|
    |icmp_ln28_1_fu_849_p2   |      icmp|   0|  0|   29|          64|          64|
    |icmp_ln28_2_fu_1281_p2  |      icmp|   0|  0|   29|          64|          64|
    |icmp_ln28_3_fu_1285_p2  |      icmp|   0|  0|   29|          64|          64|
    |icmp_ln28_fu_845_p2     |      icmp|   0|  0|   29|          64|          64|
    |icmp_ln32_1_fu_1360_p2  |      icmp|   0|  0|   11|           8|           7|
    |icmp_ln32_fu_924_p2     |      icmp|   0|  0|   11|           8|           7|
    |icmp_ln39_1_fu_1490_p2  |      icmp|   0|  0|   29|          64|           1|
    |icmp_ln39_fu_1066_p2    |      icmp|   0|  0|   29|          64|           1|
    |lshr_ln25_1_fu_735_p2   |      lshr|   0|  0|   35|          16|          16|
    |lshr_ln25_2_fu_1157_p2  |      lshr|   0|  0|   35|          16|          16|
    |lshr_ln25_3_fu_1171_p2  |      lshr|   0|  0|   35|          16|          16|
    |lshr_ln25_fu_721_p2     |      lshr|   0|  0|   35|          16|          16|
    |lshr_ln26_1_fu_797_p2   |      lshr|   0|  0|  950|         256|         256|
    |lshr_ln26_2_fu_1219_p2  |      lshr|   0|  0|  950|         256|         256|
    |lshr_ln26_3_fu_1233_p2  |      lshr|   0|  0|  950|         256|         256|
    |lshr_ln26_fu_783_p2     |      lshr|   0|  0|  950|         256|         256|
    |lshr_ln30_1_fu_905_p2   |      lshr|   0|  0|   35|          16|          16|
    |lshr_ln30_2_fu_1320_p2  |      lshr|   0|  0|   35|          16|          16|
    |lshr_ln30_3_fu_1341_p2  |      lshr|   0|  0|   35|          16|          16|
    |lshr_ln30_fu_884_p2     |      lshr|   0|  0|   35|          16|          16|
    |conv20_fu_641_p2        |        or|   0|  0|    4|           4|           1|
    |level_counts_1_d0       |        or|   0|  0|  128|         128|         128|
    |or_ln33_1_fu_968_p2     |        or|   0|  0|   16|          16|          16|
    |or_ln33_2_fu_1425_p2    |        or|   0|  0|   16|          16|          16|
    |or_ln33_3_fu_1404_p2    |        or|   0|  0|   16|          16|          16|
    |or_ln33_fu_989_p2       |        or|   0|  0|   16|          16|          16|
    |or_ln39_1_fu_1483_p2    |        or|   0|  0|  128|         128|         128|
    |shl_ln18_1_fu_561_p2    |       shl|   0|  0|   35|           8|          16|
    |shl_ln18_fu_591_p2      |       shl|   0|  0|   35|           8|          16|
    |shl_ln33_1_fu_983_p2    |       shl|   0|  0|   35|          16|          16|
    |shl_ln33_2_fu_962_p2    |       shl|   0|  0|   35|          16|          16|
    |shl_ln33_3_fu_1377_p2   |       shl|   0|  0|   35|           8|          16|
    |shl_ln33_4_fu_1419_p2   |       shl|   0|  0|   35|          16|          16|
    |shl_ln33_5_fu_1398_p2   |       shl|   0|  0|   35|          16|          16|
    |shl_ln33_fu_941_p2      |       shl|   0|  0|   35|           8|          16|
    |shl_ln39_2_fu_1053_p2   |       shl|   0|  0|  423|         128|         128|
    |shl_ln39_3_fu_1455_p2   |       shl|   0|  0|  423|          64|         128|
    |shl_ln39_4_fu_1477_p2   |       shl|   0|  0|  423|         128|         128|
    |shl_ln39_fu_1031_p2     |       shl|   0|  0|  423|          64|         128|
    |xor_ln18_1_fu_567_p2    |       xor|   0|  0|   16|          16|           2|
    |xor_ln18_fu_597_p2      |       xor|   0|  0|   16|          16|           2|
    |xor_ln33_1_fu_1383_p2   |       xor|   0|  0|   16|          16|           2|
    |xor_ln33_fu_947_p2      |       xor|   0|  0|   16|          16|           2|
    |xor_ln39_1_fu_1461_p2   |       xor|   0|  0|  128|         128|           2|
    |xor_ln39_fu_1037_p2     |       xor|   0|  0|  128|         128|           2|
    +------------------------+----------+----+---+-----+------------+------------+
    |Total                   |          |   0|  0| 7637|        3347|        2798|
    +------------------------+----------+----+---+-----+------------+------------+

    * Multiplexer: 
    +--------------------------------+-----+-----------+-----+-----------+
    |              Name              | LUT | Input Size| Bits| Total Bits|
    +--------------------------------+-----+-----------+-----+-----------+
    |ap_NS_fsm                       |  129|         26|    1|         26|
    |ap_phi_mux_cnt_9_phi_fu_456_p4  |    9|          2|   64|        128|
    |cnt_1_reg_407                   |    9|          2|   64|        128|
    |cnt_2_reg_379                   |    9|          2|   64|        128|
    |cnt_3_reg_391                   |    9|          2|   64|        128|
    |cnt_4_reg_358                   |    9|          2|   64|        128|
    |cnt_5_reg_431                   |    9|          2|   64|        128|
    |cnt_7_reg_464                   |    9|          2|   64|        128|
    |cnt_9_reg_452                   |    9|          2|   64|        128|
    |cnt_reg_334                     |    9|          2|   64|        128|
    |e_1_reg_369                     |    9|          2|   64|        128|
    |e_3_reg_442                     |    9|          2|   64|        128|
    |edges_address0                  |   13|          3|   12|         36|
    |horizon_fu_136                  |    9|          2|    4|          8|
    |level_0_address0                |   37|          9|    6|         54|
    |level_0_d0                      |   17|          4|   16|         64|
    |level_1_address0                |   37|          9|    6|         54|
    |level_1_d0                      |   17|          4|   16|         64|
    |level_counts_0_address0         |   21|          5|    2|         10|
    |level_counts_0_d0               |   13|          3|  128|        384|
    |level_counts_1_address0         |   13|          3|    2|          6|
    |n_1_reg_419                     |    9|          2|    9|         18|
    |n_reg_346                       |    9|          2|    9|         18|
    |nodes_0_address0                |   13|          3|    6|         18|
    |nodes_1_address0                |   13|          3|    6|         18|
    +--------------------------------+-----+-----------+-----+-----------+
    |Total                           |  449|        100|  927|       2186|
    +--------------------------------+-----+-----------+-----+-----------+

    * Register: 
    +--------------------------------+----+----+-----+-----------+
    |              Name              | FF | LUT| Bits| Const Bits|
    +--------------------------------+----+----+-----+-----------+
    |add_ln21_reg_1702               |   4|   0|    4|          0|
    |ap_CS_fsm                       |  25|   0|   25|          0|
    |cnt_1_reg_407                   |  64|   0|   64|          0|
    |cnt_2_reg_379                   |  64|   0|   64|          0|
    |cnt_3_reg_391                   |  64|   0|   64|          0|
    |cnt_4_reg_358                   |  64|   0|   64|          0|
    |cnt_5_reg_431                   |  64|   0|   64|          0|
    |cnt_7_reg_464                   |  64|   0|   64|          0|
    |cnt_9_reg_452                   |  64|   0|   64|          0|
    |cnt_reg_334                     |  64|   0|   64|          0|
    |conv20_reg_1548                 |   3|   0|    4|          1|
    |e_1_reg_369                     |  64|   0|   64|          0|
    |e_3_reg_442                     |  64|   0|   64|          0|
    |e_4_reg_1688                    |  64|   0|   64|          0|
    |horizon_fu_136                  |   4|   0|    4|          0|
    |icmp_ln21_reg_1544              |   1|   0|    1|          0|
    |icmp_ln32_1_reg_1824            |   1|   0|    1|          0|
    |icmp_ln32_reg_1669              |   1|   0|    1|          0|
    |icmp_ln39_reg_1698              |   1|   0|    1|          0|
    |level_0_addr_3_reg_1659         |   6|   0|    6|          0|
    |level_0_addr_4_reg_1814         |   6|   0|    6|          0|
    |level_0_addr_reg_1514           |   6|   0|    6|          0|
    |level_1_addr_3_reg_1664         |   6|   0|    6|          0|
    |level_1_addr_4_reg_1819         |   6|   0|    6|          0|
    |level_1_addr_reg_1519           |   6|   0|    6|          0|
    |level_counts_0_addr_1_reg_1742  |   2|   0|    2|          0|
    |level_counts_1_addr_reg_1587    |   2|   0|    2|          0|
    |n_1_reg_419                     |   9|   0|    9|          0|
    |n_2_reg_1572                    |   9|   0|    9|          0|
    |n_3_reg_1722                    |   9|   0|    9|          0|
    |n_reg_346                       |   9|   0|    9|          0|
    |or_ln33_1_reg_1673              |  16|   0|   16|          0|
    |or_ln33_2_reg_1833              |  16|   0|   16|          0|
    |or_ln33_3_reg_1828              |  16|   0|   16|          0|
    |or_ln33_reg_1678                |  16|   0|   16|          0|
    |tmp_10_reg_1644                 |   1|   0|    1|          0|
    |tmp_11_reg_1649                 |   1|   0|    1|          0|
    |tmp_12_reg_1654                 |   1|   0|    1|          0|
    |tmp_16_reg_1799                 |   1|   0|    1|          0|
    |tmp_17_reg_1804                 |   1|   0|    1|          0|
    |tmp_18_reg_1809                 |   1|   0|    1|          0|
    |tmp_1_reg_1505                  |   1|   0|    1|          0|
    |tmp_4_reg_1592                  |   1|   0|    1|          0|
    |tmp_5_reg_1601                  |   1|   0|    1|          0|
    |tmp_7_reg_1747                  |   1|   0|    1|          0|
    |tmp_9_reg_1756                  |   1|   0|    1|          0|
    |tmp_begin_1_reg_1771            |  64|   0|   64|          0|
    |tmp_begin_reg_1616              |  64|   0|   64|          0|
    |tmp_end_1_reg_1777              |  64|   0|   64|          0|
    |tmp_end_reg_1622                |  64|   0|   64|          0|
    |tmp_reg_1500                    |   1|   0|    1|          0|
    |trunc_ln18_reg_1510             |   1|   0|    1|          0|
    |trunc_ln1_reg_1693              |   3|   0|    3|          0|
    |trunc_ln24_1_reg_1564           |   1|   0|    1|          0|
    |trunc_ln24_2_reg_1709           |   6|   0|    6|          0|
    |trunc_ln24_3_reg_1714           |   1|   0|    1|          0|
    |trunc_ln24_reg_1559             |   6|   0|    6|          0|
    |trunc_ln29_1_reg_1639           |   1|   0|    1|          0|
    |trunc_ln29_3_reg_1794           |   1|   0|    1|          0|
    |trunc_ln39_1_reg_1737           |   1|   0|    1|          0|
    |zext_ln21_reg_1539              |   4|   0|    8|          4|
    |zext_ln24_reg_1554              |   3|   0|    8|          5|
    +--------------------------------+----+----+-----+-----------+
    |Total                           |1180|   0| 1190|         10|
    +--------------------------------+----+----+-----+-----------+



================================================================
== Interface
================================================================
* Summary: 
+-------------------------+-----+-----+------------+----------------+--------------+
|        RTL Ports        | Dir | Bits|  Protocol  |  Source Object |    C Type    |
+-------------------------+-----+-----+------------+----------------+--------------+
|ap_clk                   |   in|    1|  ap_ctrl_hs|             bfs|  return value|
|ap_rst                   |   in|    1|  ap_ctrl_hs|             bfs|  return value|
|ap_start                 |   in|    1|  ap_ctrl_hs|             bfs|  return value|
|ap_done                  |  out|    1|  ap_ctrl_hs|             bfs|  return value|
|ap_idle                  |  out|    1|  ap_ctrl_hs|             bfs|  return value|
|ap_ready                 |  out|    1|  ap_ctrl_hs|             bfs|  return value|
|nodes_0_address0         |  out|    6|   ap_memory|         nodes_0|         array|
|nodes_0_ce0              |  out|    1|   ap_memory|         nodes_0|         array|
|nodes_0_q0               |   in|  256|   ap_memory|         nodes_0|         array|
|nodes_1_address0         |  out|    6|   ap_memory|         nodes_1|         array|
|nodes_1_ce0              |  out|    1|   ap_memory|         nodes_1|         array|
|nodes_1_q0               |   in|  256|   ap_memory|         nodes_1|         array|
|edges_address0           |  out|   12|   ap_memory|           edges|         array|
|edges_ce0                |  out|    1|   ap_memory|           edges|         array|
|edges_q0                 |   in|   64|   ap_memory|           edges|         array|
|starting_node            |   in|   64|     ap_none|   starting_node|        scalar|
|level_0_address0         |  out|    6|   ap_memory|         level_0|         array|
|level_0_ce0              |  out|    1|   ap_memory|         level_0|         array|
|level_0_we0              |  out|    1|   ap_memory|         level_0|         array|
|level_0_d0               |  out|   16|   ap_memory|         level_0|         array|
|level_0_q0               |   in|   16|   ap_memory|         level_0|         array|
|level_1_address0         |  out|    6|   ap_memory|         level_1|         array|
|level_1_ce0              |  out|    1|   ap_memory|         level_1|         array|
|level_1_we0              |  out|    1|   ap_memory|         level_1|         array|
|level_1_d0               |  out|   16|   ap_memory|         level_1|         array|
|level_1_q0               |   in|   16|   ap_memory|         level_1|         array|
|level_counts_0_address0  |  out|    2|   ap_memory|  level_counts_0|         array|
|level_counts_0_ce0       |  out|    1|   ap_memory|  level_counts_0|         array|
|level_counts_0_we0       |  out|    1|   ap_memory|  level_counts_0|         array|
|level_counts_0_d0        |  out|  128|   ap_memory|  level_counts_0|         array|
|level_counts_0_q0        |   in|  128|   ap_memory|  level_counts_0|         array|
|level_counts_1_address0  |  out|    2|   ap_memory|  level_counts_1|         array|
|level_counts_1_ce0       |  out|    1|   ap_memory|  level_counts_1|         array|
|level_counts_1_we0       |  out|    1|   ap_memory|  level_counts_1|         array|
|level_counts_1_d0        |  out|  128|   ap_memory|  level_counts_1|         array|
|level_counts_1_q0        |   in|  128|   ap_memory|  level_counts_1|         array|
+-------------------------+-----+-----+------------+----------------+--------------+

