

================================================================
== Vitis HLS Report for 'bfs'
================================================================
* Date:           Mon Mar 10 00:17:38 2025

* Version:        2022.1 (Build 3526262 on Mon Apr 18 15:47:01 MDT 2022)
* Project:        bfs_random_prj_p1
* Solution:       solution (Vivado IP Flow Target)
* Product family: virtex7
* Target device:  xc7vx485t-ffg1761-2


================================================================
== Performance Estimates
================================================================
+ Timing: 
    * Summary: 
    +--------+----------+----------+------------+
    |  Clock |  Target  | Estimated| Uncertainty|
    +--------+----------+----------+------------+
    |ap_clk  |  10.00 ns|  6.539 ns|     2.70 ns|
    +--------+----------+----------+------------+

+ Latency: 
    * Summary: 
    +---------+---------+----------+----------+-----+-----+---------+
    |  Latency (cycles) |  Latency (absolute) |  Interval | Pipeline|
    |   min   |   max   |    min   |    max   | min | max |   Type  |
    +---------+---------+----------+----------+-----+-----+---------+
    |        ?|        ?|         ?|         ?|    ?|    ?|       no|
    +---------+---------+----------+----------+-----+-----+---------+

    + Detail: 
        * Instance: 
        N/A

        * Loop: 
        +---------------------+---------+---------+----------+-----------+-----------+------+----------+
        |                     |  Latency (cycles) | Iteration|  Initiation Interval  | Trip |          |
        |      Loop Name      |   min   |   max   |  Latency |  achieved |   target  | Count| Pipelined|
        +---------------------+---------+---------+----------+-----------+-----------+------+----------+
        |- loop_horizons      |        ?|        ?|         ?|          -|          -|     ?|        no|
        | + loop_nodes        |        ?|        ?|         ?|          -|          -|   256|        no|
        |  ++ loop_neighbors  |        ?|        ?|         5|          -|          -|     ?|        no|
        +---------------------+---------+---------+----------+-----------+-----------+------+----------+



================================================================
== Utilization Estimates
================================================================
* Summary: 
+-----------------+---------+------+--------+--------+-----+
|       Name      | BRAM_18K|  DSP |   FF   |   LUT  | URAM|
+-----------------+---------+------+--------+--------+-----+
|DSP              |        -|     -|       -|       -|    -|
|Expression       |        -|     -|       0|    2890|    -|
|FIFO             |        -|     -|       -|       -|    -|
|Instance         |        -|     -|       0|      36|    -|
|Memory           |        -|     -|       -|       -|    -|
|Multiplexer      |        -|     -|       -|     261|    -|
|Register         |        -|     -|     833|       -|    -|
+-----------------+---------+------+--------+--------+-----+
|Total            |        0|     0|     833|    3187|    0|
+-----------------+---------+------+--------+--------+-----+
|Available        |     2060|  2800|  607200|  303600|    0|
+-----------------+---------+------+--------+--------+-----+
|Utilization (%)  |        0|     0|      ~0|       1|    0|
+-----------------+---------+------+--------+--------+-----+

+ Detail: 
    * Instance: 
    +-------------------+----------------+---------+----+---+----+-----+
    |      Instance     |     Module     | BRAM_18K| DSP| FF| LUT| URAM|
    +-------------------+----------------+---------+----+---+----+-----+
    |mux_21_64_1_1_U1   |mux_21_64_1_1   |        0|   0|  0|   9|    0|
    |mux_21_64_1_1_U2   |mux_21_64_1_1   |        0|   0|  0|   9|    0|
    |mux_253_64_1_1_U3  |mux_253_64_1_1  |        0|   0|  0|   9|    0|
    |mux_253_64_1_1_U4  |mux_253_64_1_1  |        0|   0|  0|   9|    0|
    +-------------------+----------------+---------+----+---+----+-----+
    |Total              |                |        0|   0|  0|  36|    0|
    +-------------------+----------------+---------+----+---+----+-----+

    * DSP: 
    N/A

    * Memory: 
    N/A

    * FIFO: 
    N/A

    * Expression: 
    +-----------------------+----------+----+---+-----+------------+------------+
    |     Variable Name     | Operation| DSP| FF| LUT | Bitwidth P0| Bitwidth P1|
    +-----------------------+----------+----+---+-----+------------+------------+
    |add_ln21_fu_402_p2     |         +|   0|  0|   71|          64|           1|
    |add_ln28_1_fu_848_p2   |         +|   0|  0|   71|          64|           2|
    |add_ln28_2_fu_722_p2   |         +|   0|  0|   18|          11|           1|
    |add_ln28_fu_716_p2     |         +|   0|  0|   71|          64|           1|
    |add_ln34_1_fu_841_p2   |         +|   0|  0|   71|          64|           1|
    |add_ln34_fu_709_p2     |         +|   0|  0|   71|          64|           1|
    |empty_fu_408_p2        |         +|   0|  0|   15|           8|           1|
    |n_1_fu_424_p2          |         +|   0|  0|   16|           9|           1|
    |and_ln18_fu_388_p2     |       and|   0|  0|   16|          16|          16|
    |and_ln33_1_fu_819_p2   |       and|   0|  0|   16|          16|          16|
    |and_ln33_fu_687_p2     |       and|   0|  0|   16|          16|          16|
    |icmp_ln24_fu_418_p2    |      icmp|   0|  0|   11|           9|          10|
    |icmp_ln25_fu_494_p2    |      icmp|   0|  0|   29|          64|          64|
    |icmp_ln28_1_fu_590_p2  |      icmp|   0|  0|   29|          64|          64|
    |icmp_ln28_2_fu_727_p2  |      icmp|   0|  0|   29|          64|          64|
    |icmp_ln28_fu_586_p2    |      icmp|   0|  0|   29|          64|          64|
    |icmp_ln32_1_fu_797_p2  |      icmp|   0|  0|   11|           8|           7|
    |icmp_ln32_fu_665_p2    |      icmp|   0|  0|   11|           8|           7|
    |icmp_ln39_fu_445_p2    |      icmp|   0|  0|   29|          64|           1|
    |lshr_ln25_fu_476_p2    |      lshr|   0|  0|   35|          16|          16|
    |lshr_ln26_1_fu_538_p2  |      lshr|   0|  0|  950|         256|         256|
    |lshr_ln26_fu_524_p2    |      lshr|   0|  0|  950|         256|         256|
    |lshr_ln30_2_fu_787_p2  |      lshr|   0|  0|   35|          16|          16|
    |lshr_ln30_fu_655_p2    |      lshr|   0|  0|   35|          16|          16|
    |or_ln33_1_fu_834_p2    |        or|   0|  0|   16|          16|          16|
    |or_ln33_fu_702_p2      |        or|   0|  0|   16|          16|          16|
    |shl_ln18_fu_376_p2     |       shl|   0|  0|   35|           8|          16|
    |shl_ln33_1_fu_696_p2   |       shl|   0|  0|   35|          16|          16|
    |shl_ln33_2_fu_807_p2   |       shl|   0|  0|   35|           8|          16|
    |shl_ln33_3_fu_828_p2   |       shl|   0|  0|   35|          16|          16|
    |shl_ln33_fu_675_p2     |       shl|   0|  0|   35|           8|          16|
    |xor_ln18_fu_382_p2     |       xor|   0|  0|   16|          16|           2|
    |xor_ln33_1_fu_813_p2   |       xor|   0|  0|   16|          16|           2|
    |xor_ln33_fu_681_p2     |       xor|   0|  0|   16|          16|           2|
    +-----------------------+----------+----+---+-----+------------+------------+
    |Total                  |          |   0|  0| 2890|        1437|        1016|
    +-----------------------+----------+----+---+-----+------------+------------+

    * Multiplexer: 
    +----------------------------------+----+-----------+-----+-----------+
    |               Name               | LUT| Input Size| Bits| Total Bits|
    +----------------------------------+----+-----------+-----+-----------+
    |ap_NS_fsm                         |  61|         15|    1|         15|
    |ap_phi_mux_cnt_2_0_phi_fu_293_p4  |  13|          3|   64|        192|
    |ap_phi_mux_cnt_2_1_phi_fu_305_p4  |  13|          3|   64|        192|
    |cnt_1_0_reg_269                   |   9|          2|   64|        128|
    |cnt_1_ph_reg_313                  |   9|          2|   64|        128|
    |cnt_1_reg_325                     |   9|          2|   64|        128|
    |cnt_2_0_reg_290                   |   9|          2|   64|        128|
    |cnt_reg_244                       |   9|          2|   64|        128|
    |e_1_0_reg_280                     |   9|          2|   64|        128|
    |edges_0_address0                  |  13|          3|   11|         33|
    |edges_1_address0                  |  13|          3|   11|         33|
    |horizon_fu_106                    |   9|          2|   64|        128|
    |level_address0                    |  33|          8|    7|         56|
    |level_counts_address0             |  13|          3|    4|         12|
    |level_counts_d0                   |  13|          3|   64|        192|
    |level_d0                          |  17|          4|   16|         64|
    |n_reg_257                         |   9|          2|    9|         18|
    +----------------------------------+----+-----------+-----+-----------+
    |Total                             | 261|         61|  699|       1703|
    +----------------------------------+----+-----------+-----+-----------+

    * Register: 
    +----------------------+----+----+-----+-----------+
    |         Name         | FF | LUT| Bits| Const Bits|
    +----------------------+----+----+-----+-----------+
    |add_ln21_reg_876      |  64|   0|   64|          0|
    |ap_CS_fsm             |  14|   0|   14|          0|
    |cnt_1_0_reg_269       |  64|   0|   64|          0|
    |cnt_1_ph_reg_313      |  64|   0|   64|          0|
    |cnt_1_reg_325         |  64|   0|   64|          0|
    |cnt_2_0_reg_290       |  64|   0|   64|          0|
    |cnt_reg_244           |  64|   0|   64|          0|
    |e_1_0_reg_280         |  64|   0|   64|          0|
    |empty_reg_882         |   8|   0|    8|          0|
    |horizon_1_reg_871     |  64|   0|   64|          0|
    |horizon_fu_106        |  64|   0|   64|          0|
    |level_addr_2_reg_968  |   7|   0|    7|          0|
    |level_addr_3_reg_999  |   7|   0|    7|          0|
    |level_addr_reg_866    |   7|   0|    7|          0|
    |lshr_ln29_1_reg_979   |  53|   0|   53|          0|
    |n_1_reg_898           |   9|   0|    9|          0|
    |n_reg_257             |   9|   0|    9|          0|
    |tmp_begin_reg_929     |  64|   0|   64|          0|
    |tmp_end_reg_935       |  64|   0|   64|          0|
    |tmp_reg_914           |   1|   0|    1|          0|
    |trunc_ln24_reg_888    |   1|   0|    1|          0|
    |trunc_ln28_reg_948    |  11|   0|   11|          0|
    |trunc_ln30_2_reg_994  |   1|   0|    1|          0|
    |trunc_ln30_reg_963    |   1|   0|    1|          0|
    +----------------------+----+----+-----+-----------+
    |Total                 | 833|   0|  833|          0|
    +----------------------+----+----+-----+-----------+



================================================================
== Interface
================================================================
* Summary: 
+-----------------------+-----+-----+------------+---------------+--------------+
|       RTL Ports       | Dir | Bits|  Protocol  | Source Object |    C Type    |
+-----------------------+-----+-----+------------+---------------+--------------+
|ap_clk                 |   in|    1|  ap_ctrl_hs|            bfs|  return value|
|ap_rst                 |   in|    1|  ap_ctrl_hs|            bfs|  return value|
|ap_start               |   in|    1|  ap_ctrl_hs|            bfs|  return value|
|ap_done                |  out|    1|  ap_ctrl_hs|            bfs|  return value|
|ap_idle                |  out|    1|  ap_ctrl_hs|            bfs|  return value|
|ap_ready               |  out|    1|  ap_ctrl_hs|            bfs|  return value|
|nodes_0_address0       |  out|    6|   ap_memory|        nodes_0|         array|
|nodes_0_ce0            |  out|    1|   ap_memory|        nodes_0|         array|
|nodes_0_q0             |   in|  256|   ap_memory|        nodes_0|         array|
|nodes_1_address0       |  out|    6|   ap_memory|        nodes_1|         array|
|nodes_1_ce0            |  out|    1|   ap_memory|        nodes_1|         array|
|nodes_1_q0             |   in|  256|   ap_memory|        nodes_1|         array|
|edges_0_address0       |  out|   11|   ap_memory|        edges_0|         array|
|edges_0_ce0            |  out|    1|   ap_memory|        edges_0|         array|
|edges_0_q0             |   in|   64|   ap_memory|        edges_0|         array|
|edges_1_address0       |  out|   11|   ap_memory|        edges_1|         array|
|edges_1_ce0            |  out|    1|   ap_memory|        edges_1|         array|
|edges_1_q0             |   in|   64|   ap_memory|        edges_1|         array|
|starting_node          |   in|   64|     ap_none|  starting_node|        scalar|
|level_address0         |  out|    7|   ap_memory|          level|         array|
|level_ce0              |  out|    1|   ap_memory|          level|         array|
|level_we0              |  out|    1|   ap_memory|          level|         array|
|level_d0               |  out|   16|   ap_memory|          level|         array|
|level_q0               |   in|   16|   ap_memory|          level|         array|
|level_counts_address0  |  out|    4|   ap_memory|   level_counts|         array|
|level_counts_ce0       |  out|    1|   ap_memory|   level_counts|         array|
|level_counts_we0       |  out|    1|   ap_memory|   level_counts|         array|
|level_counts_d0        |  out|   64|   ap_memory|   level_counts|         array|
+-----------------------+-----+-----+------------+---------------+--------------+

