

================================================================
== Synthesis Summary Report of 'bfs'
================================================================
+ General Information: 
    * Date:           Mon Mar 10 00:12:12 2025
    * Version:        2022.1 (Build 3526262 on Mon Apr 18 15:47:01 MDT 2022)
    * Project:        bfs_random_prj_p1
    * Solution:       solution (Vivado IP Flow Target)
    * Product family: virtex7
    * Target device:  xc7vx485t-ffg1761-2
    

+ Performance & Resource Estimates: 
    
    PS: '+' for module; 'o' for loop; '*' for dataflow
    +-----------------------------------+------+------+---------+--------+----------+---------+------+----------+------+---------+------------+-----------+-----+
    |              Modules              | Issue|      | Latency | Latency| Iteration|         | Trip |          |      |         |            |           |     |
    |              & Loops              | Type | Slack| (cycles)|  (ns)  |  Latency | Interval| Count| Pipelined| BRAM |   DSP   |     FF     |    LUT    | URAM|
    +-----------------------------------+------+------+---------+--------+----------+---------+------+----------+------+---------+------------+-----------+-----+
    |+ bfs                              |     -|  0.16|        -|       -|         -|        -|     -|        no|     -|  6 (~0%)|  2922 (~0%)|  5273 (1%)|    -|
    | o loop_horizons                   |     -|  7.30|        -|       -|         -|        -|     -|        no|     -|        -|           -|          -|    -|
    |  o loop_nodes                     |     -|  7.30|        -|       -|         -|        -|     -|        no|     -|        -|           -|          -|    -|
    |   + bfs_Pipeline_loop_neighbors   |     -|  1.91|        -|       -|         -|        -|     -|        no|     -|        -|   413 (~0%)|  501 (~0%)|    -|
    |    o loop_neighbors               |    II|  7.30|        -|       -|         5|        4|     -|       yes|     -|        -|           -|          -|    -|
    |   + bfs_Pipeline_loop_neighbors1  |     -|  1.91|        -|       -|         -|        -|     -|        no|     -|        -|   413 (~0%)|  501 (~0%)|    -|
    |    o loop_neighbors               |    II|  7.30|        -|       -|         5|        4|     -|       yes|     -|        -|           -|          -|    -|
    +-----------------------------------+------+------+---------+--------+----------+---------+------+----------+------+---------+------------+-----------+-----+


================================================================
== HW Interfaces
================================================================
* AP_MEMORY
+-------------------------+----------+
| Interface               | Bitwidth |
+-------------------------+----------+
| edges_address0          | 12       |
| edges_address1          | 12       |
| edges_q0                | 64       |
| edges_q1                | 64       |
| level_address0          | 8        |
| level_counts_0_address0 | 2        |
| level_counts_0_d0       | 128      |
| level_counts_0_q0       | 128      |
| level_counts_1_address0 | 2        |
| level_counts_1_d0       | 128      |
| level_counts_1_q0       | 128      |
| level_d0                | 8        |
| level_q0                | 8        |
| nodes_0_address0        | 7        |
| nodes_0_q0              | 128      |
| nodes_1_address0        | 7        |
| nodes_1_q0              | 128      |
+-------------------------+----------+

* REGISTER
+---------------+---------+----------+
| Interface     | Mode    | Bitwidth |
+---------------+---------+----------+
| starting_node | ap_none | 64       |
+---------------+---------+----------+

* TOP LEVEL CONTROL
+-----------+------------+-----------------------------------+
| Interface | Type       | Ports                             |
+-----------+------------+-----------------------------------+
| ap_clk    | clock      | ap_clk                            |
| ap_rst    | reset      | ap_rst                            |
| ap_ctrl   | ap_ctrl_hs | ap_done ap_idle ap_ready ap_start |
+-----------+------------+-----------------------------------+


================================================================
== SW I/O Information
================================================================
* Top Function Arguments
+---------------+-----------+--------------------+
| Argument      | Direction | Datatype           |
+---------------+-----------+--------------------+
| nodes         | in        | node_t_struct*     |
| edges         | in        | edge_t_struct*     |
| starting_node | in        | long unsigned int  |
| level         | inout     | signed char*       |
| level_counts  | inout     | long unsigned int* |
+---------------+-----------+--------------------+

* SW-to-HW Mapping
+---------------+-------------------------+---------+----------+
| Argument      | HW Interface            | HW Type | HW Usage |
+---------------+-------------------------+---------+----------+
| nodes         | nodes_0_address0        | port    | offset   |
| nodes         | nodes_0_ce0             | port    |          |
| nodes         | nodes_0_q0              | port    |          |
| nodes         | nodes_1_address0        | port    | offset   |
| nodes         | nodes_1_ce0             | port    |          |
| nodes         | nodes_1_q0              | port    |          |
| edges         | edges_address0          | port    | offset   |
| edges         | edges_ce0               | port    |          |
| edges         | edges_q0                | port    |          |
| edges         | edges_address1          | port    | offset   |
| edges         | edges_ce1               | port    |          |
| edges         | edges_q1                | port    |          |
| starting_node | starting_node           | port    |          |
| level         | level_address0          | port    | offset   |
| level         | level_ce0               | port    |          |
| level         | level_we0               | port    |          |
| level         | level_d0                | port    |          |
| level         | level_q0                | port    |          |
| level_counts  | level_counts_0_address0 | port    | offset   |
| level_counts  | level_counts_0_ce0      | port    |          |
| level_counts  | level_counts_0_we0      | port    |          |
| level_counts  | level_counts_0_d0       | port    |          |
| level_counts  | level_counts_0_q0       | port    |          |
| level_counts  | level_counts_1_address0 | port    | offset   |
| level_counts  | level_counts_1_ce0      | port    |          |
| level_counts  | level_counts_1_we0      | port    |          |
| level_counts  | level_counts_1_d0       | port    |          |
| level_counts  | level_counts_1_q0       | port    |          |
+---------------+-------------------------+---------+----------+


================================================================
== M_AXI Burst Information
================================================================
 Note: All burst requests might be further partitioned into multiple requests during RTL generation based on max_read_burst_length or max_write_burst_length settings.

  No burst in design

================================================================
== Bind Op Report
================================================================
+---------------------------------+-----+--------+------------+-----+--------+---------+
| Name                            | DSP | Pragma | Variable   | Op  | Impl   | Latency |
+---------------------------------+-----+--------+------------+-----+--------+---------+
| + bfs                           | 6   |        |            |     |        |         |
|   add_ln21_fu_396_p2            | -   |        | add_ln21   | add | fabric | 0       |
|   empty_fu_402_p2               | -   |        | empty      | add | fabric | 0       |
|   n_2_fu_563_p2                 | -   |        | n_2        | add | fabric | 0       |
|   mul_64ns_66ns_68_2_1_U23      | 6   |        | mul_ln39   | mul | auto   | 1       |
|   mul_3ns_5ns_7_1_1_U21         | -   |        | mul_ln39_1 | mul | auto   | 0       |
|  + bfs_Pipeline_loop_neighbors  | 0   |        |            |     |        |         |
|    add_ln34_fu_238_p2           | -   |        | add_ln34   | add | fabric | 0       |
|    add_ln28_fu_213_p2           | -   |        | add_ln28   | add | fabric | 0       |
|    add_ln29_fu_224_p2           | -   |        | add_ln29   | add | fabric | 0       |
|    add_ln34_1_fu_254_p2         | -   |        | add_ln34_1 | add | fabric | 0       |
|    add_ln28_1_fu_244_p2         | -   |        | add_ln28_1 | add | fabric | 0       |
|  + bfs_Pipeline_loop_neighbors1 | 0   |        |            |     |        |         |
|    add_ln34_fu_238_p2           | -   |        | add_ln34   | add | fabric | 0       |
|    add_ln28_fu_213_p2           | -   |        | add_ln28   | add | fabric | 0       |
|    add_ln29_fu_224_p2           | -   |        | add_ln29   | add | fabric | 0       |
|    add_ln34_1_fu_254_p2         | -   |        | add_ln34_1 | add | fabric | 0       |
|    add_ln28_1_fu_244_p2         | -   |        | add_ln28_1 | add | fabric | 0       |
+---------------------------------+-----+--------+------------+-----+--------+---------+


================================================================
== Bind Storage Report
================================================================
  No bind storage info in design

================================================================
== Pragma Report
================================================================
* Valid Pragma Syntax
+--------------------+------------------------------------------------+---------------------------------------------------------------------------------------------+
| Type               | Options                                        | Location                                                                                    |
+--------------------+------------------------------------------------+---------------------------------------------------------------------------------------------+
| array_partition    | variable=level_counts block factor=2 dim=1     | ../../../../dse_ds/MachSuite/random_ds/bfs/bulk/p1/script/dir_19.tcl:6 in bfs, level_counts |
| array_partition    | variable=nodes block factor=2 dim=1            | ../../../../dse_ds/MachSuite/random_ds/bfs/bulk/p1/script/dir_19.tcl:5 in bfs, nodes        |
| array_reshape      | variable=level_counts block factor=2 dim=1     | ../../../../dse_ds/MachSuite/random_ds/bfs/bulk/p1/script/dir_19.tcl:7 in bfs, level_counts |
| bind_op            | variable=cnt op=add impl=fabric latency=-1     | ../../../../dse_ds/MachSuite/random_ds/bfs/bulk/p1/script/dir_19.tcl:11 in bfs, cnt         |
| bind_op            | variable=e op=add impl=fabric latency=-1       | ../../../../dse_ds/MachSuite/random_ds/bfs/bulk/p1/script/dir_19.tcl:10 in bfs, e           |
| bind_op            | variable=horizon op=add impl=fabric latency=-1 | ../../../../dse_ds/MachSuite/random_ds/bfs/bulk/p1/script/dir_19.tcl:8 in bfs, horizon      |
| bind_op            | variable=n op=add impl=dsp latency=-1          | ../../../../dse_ds/MachSuite/random_ds/bfs/bulk/p1/script/dir_19.tcl:9 in bfs, n            |
| expression_balance |                                                | ../../../../dse_ds/MachSuite/random_ds/bfs/bulk/p1/script/dir_19.tcl:1 in bfs               |
| pipeline           | style=stp                                      | ../../../../dse_ds/MachSuite/random_ds/bfs/bulk/p1/script/dir_19.tcl:4 in bfs               |
| unroll             | factor=2                                       | ../../../../dse_ds/MachSuite/random_ds/bfs/bulk/p1/script/dir_19.tcl:3 in bfs               |
+--------------------+------------------------------------------------+---------------------------------------------------------------------------------------------+


