

================================================================
== Vitis HLS Report for 'bfs'
================================================================
* Date:           Mon Mar 10 00:19:48 2025

* Version:        2022.1 (Build 3526262 on Mon Apr 18 15:47:01 MDT 2022)
* Project:        bfs_random_prj_p1
* Solution:       solution (Vivado IP Flow Target)
* Product family: virtex7
* Target device:  xc7vx485t-ffg1761-2


================================================================
== Performance Estimates
================================================================
+ Timing: 
    * Summary: 
    +--------+----------+----------+------------+
    |  Clock |  Target  | Estimated| Uncertainty|
    +--------+----------+----------+------------+
    |ap_clk  |  10.00 ns|  7.139 ns|     2.70 ns|
    +--------+----------+----------+------------+

+ Latency: 
    * Summary: 
    +---------+---------+----------+----------+-----+-----+---------+
    |  Latency (cycles) |  Latency (absolute) |  Interval | Pipeline|
    |   min   |   max   |    min   |    max   | min | max |   Type  |
    +---------+---------+----------+----------+-----+-----+---------+
    |        ?|        ?|         ?|         ?|    ?|    ?|       no|
    +---------+---------+----------+----------+-----+-----+---------+

    + Detail: 
        * Instance: 
        N/A

        * Loop: 
        +---------------------+---------+---------+----------+-----------+-----------+------+----------+
        |                     |  Latency (cycles) | Iteration|  Initiation Interval  | Trip |          |
        |      Loop Name      |   min   |   max   |  Latency |  achieved |   target  | Count| Pipelined|
        +---------------------+---------+---------+----------+-----------+-----------+------+----------+
        |- loop_horizons      |        ?|        ?|         ?|          -|          -|     ?|        no|
        | + loop_nodes        |        ?|        ?|         ?|          -|          -|   128|        no|
        |  ++ loop_neighbors  |        ?|        ?|         7|          -|          -|     ?|        no|
        |  ++ loop_neighbors  |        ?|        ?|         7|          -|          -|     ?|        no|
        +---------------------+---------+---------+----------+-----------+-----------+------+----------+



================================================================
== Utilization Estimates
================================================================
* Summary: 
+-----------------+---------+------+--------+--------+-----+
|       Name      | BRAM_18K|  DSP |   FF   |   LUT  | URAM|
+-----------------+---------+------+--------+--------+-----+
|DSP              |        -|     -|       -|       -|    -|
|Expression       |        -|     -|       0|    1730|    -|
|FIFO             |        -|     -|       -|       -|    -|
|Instance         |        -|     6|    1140|     675|    -|
|Memory           |        -|     -|       -|       -|    -|
|Multiplexer      |        -|     -|       -|     754|    -|
|Register         |        -|     -|    1348|       -|    -|
+-----------------+---------+------+--------+--------+-----+
|Total            |        0|     6|    2488|    3159|    0|
+-----------------+---------+------+--------+--------+-----+
|Available        |     2060|  2800|  607200|  303600|    0|
+-----------------+---------+------+--------+--------+-----+
|Utilization (%)  |        0|    ~0|      ~0|       1|    0|
+-----------------+---------+------+--------+--------+-----+

+ Detail: 
    * Instance: 
    +------------------------------+---------------------------+---------+----+-----+-----+-----+
    |           Instance           |           Module          | BRAM_18K| DSP|  FF | LUT | URAM|
    +------------------------------+---------------------------+---------+----+-----+-----+-----+
    |mul_64ns_66ns_68_2_1_U5       |mul_64ns_66ns_68_2_1       |        0|   6|  361|  179|    0|
    |mux_21_64_1_1_U1              |mux_21_64_1_1              |        0|   0|    0|    9|    0|
    |mux_21_64_1_1_U3              |mux_21_64_1_1              |        0|   0|    0|    9|    0|
    |mux_21_64_1_1_U4              |mux_21_64_1_1              |        0|   0|    0|    9|    0|
    |urem_64ns_4ns_64_68_seq_1_U2  |urem_64ns_4ns_64_68_seq_1  |        0|   0|  779|  469|    0|
    +------------------------------+---------------------------+---------+----+-----+-----+-----+
    |Total                         |                           |        0|   6| 1140|  675|    0|
    +------------------------------+---------------------------+---------+----+-----+-----+-----+

    * DSP: 
    N/A

    * Memory: 
    N/A

    * FIFO: 
    N/A

    * Expression: 
    +------------------------+----------+----+---+----+------------+------------+
    |      Variable Name     | Operation| DSP| FF| LUT| Bitwidth P0| Bitwidth P1|
    +------------------------+----------+----+---+----+------------+------------+
    |add_ln21_fu_566_p2      |         +|   0|  0|  71|          64|           1|
    |add_ln28_1_fu_856_p2    |         +|   0|  0|  71|          64|           2|
    |add_ln28_2_fu_1020_p2   |         +|   0|  0|  71|          64|           1|
    |add_ln28_3_fu_1122_p2   |         +|   0|  0|  71|          64|           2|
    |add_ln28_fu_754_p2      |         +|   0|  0|  71|          64|           1|
    |add_ln29_1_fu_1032_p2   |         +|   0|  0|  19|          12|           1|
    |add_ln29_fu_766_p2      |         +|   0|  0|  19|          12|           1|
    |add_ln34_1_fu_850_p2    |         +|   0|  0|  71|          64|           1|
    |add_ln34_2_fu_1014_p2   |         +|   0|  0|  71|          64|           1|
    |add_ln34_3_fu_1116_p2   |         +|   0|  0|  71|          64|           1|
    |add_ln34_fu_748_p2      |         +|   0|  0|  71|          64|           1|
    |empty_fu_572_p2         |         +|   0|  0|  15|           8|           1|
    |n_1_fu_1128_p2          |         +|   0|  0|  16|           9|           2|
    |and_ln18_fu_552_p2      |       and|   0|  0|  16|          16|          16|
    |and_ln33_1_fu_828_p2    |       and|   0|  0|  16|          16|          16|
    |and_ln33_2_fu_992_p2    |       and|   0|  0|  16|          16|          16|
    |and_ln33_3_fu_1094_p2   |       and|   0|  0|  16|          16|          16|
    |and_ln33_fu_726_p2      |       and|   0|  0|  16|          16|          16|
    |and_ln39_fu_1162_p2     |       and|   0|  0|   2|           1|           1|
    |icmp_ln21_fu_1157_p2    |      icmp|   0|  0|  29|          64|           4|
    |icmp_ln25_1_fu_880_p2   |      icmp|   0|  0|  29|          64|          64|
    |icmp_ln25_fu_620_p2     |      icmp|   0|  0|  29|          64|          64|
    |icmp_ln28_1_fu_659_p2   |      icmp|   0|  0|  29|          64|          64|
    |icmp_ln28_2_fu_919_p2   |      icmp|   0|  0|  29|          64|          64|
    |icmp_ln28_3_fu_760_p2   |      icmp|   0|  0|  29|          64|          64|
    |icmp_ln28_4_fu_925_p2   |      icmp|   0|  0|  29|          64|          64|
    |icmp_ln28_5_fu_1026_p2  |      icmp|   0|  0|  29|          64|          64|
    |icmp_ln28_fu_653_p2     |      icmp|   0|  0|  29|          64|          64|
    |icmp_ln32_1_fu_806_p2   |      icmp|   0|  0|  11|           8|           7|
    |icmp_ln32_2_fu_970_p2   |      icmp|   0|  0|  11|           8|           7|
    |icmp_ln32_3_fu_1072_p2  |      icmp|   0|  0|  11|           8|           7|
    |icmp_ln32_fu_704_p2     |      icmp|   0|  0|  11|           8|           7|
    |icmp_ln39_fu_1151_p2    |      icmp|   0|  0|  29|          64|           1|
    |lshr_ln30_4_fu_796_p2   |      lshr|   0|  0|  35|          16|          16|
    |lshr_ln30_5_fu_960_p2   |      lshr|   0|  0|  35|          16|          16|
    |lshr_ln30_6_fu_1062_p2  |      lshr|   0|  0|  35|          16|          16|
    |lshr_ln30_fu_694_p2     |      lshr|   0|  0|  35|          16|          16|
    |or_ln26_fu_889_p2       |        or|   0|  0|   7|           7|           1|
    |or_ln33_1_fu_843_p2     |        or|   0|  0|  16|          16|          16|
    |or_ln33_2_fu_1007_p2    |        or|   0|  0|  16|          16|          16|
    |or_ln33_3_fu_1109_p2    |        or|   0|  0|  16|          16|          16|
    |or_ln33_fu_741_p2       |        or|   0|  0|  16|          16|          16|
    |shl_ln18_fu_540_p2      |       shl|   0|  0|  35|           8|          16|
    |shl_ln33_1_fu_735_p2    |       shl|   0|  0|  35|          16|          16|
    |shl_ln33_2_fu_816_p2    |       shl|   0|  0|  35|           8|          16|
    |shl_ln33_3_fu_837_p2    |       shl|   0|  0|  35|          16|          16|
    |shl_ln33_4_fu_980_p2    |       shl|   0|  0|  35|           8|          16|
    |shl_ln33_5_fu_1001_p2   |       shl|   0|  0|  35|          16|          16|
    |shl_ln33_6_fu_1082_p2   |       shl|   0|  0|  35|           8|          16|
    |shl_ln33_7_fu_1103_p2   |       shl|   0|  0|  35|          16|          16|
    |shl_ln33_fu_714_p2      |       shl|   0|  0|  35|           8|          16|
    |xor_ln18_fu_546_p2      |       xor|   0|  0|  16|          16|           2|
    |xor_ln33_1_fu_822_p2    |       xor|   0|  0|  16|          16|           2|
    |xor_ln33_2_fu_986_p2    |       xor|   0|  0|  16|          16|           2|
    |xor_ln33_3_fu_1088_p2   |       xor|   0|  0|  16|          16|           2|
    |xor_ln33_fu_720_p2      |       xor|   0|  0|  16|          16|           2|
    +------------------------+----------+----+---+----+------------+------------+
    |Total                   |          |   0|  0|1730|        1689|         925|
    +------------------------+----------+----+---+----+------------+------------+

    * Multiplexer: 
    +-------------------------+-----+-----------+-----+-----------+
    |           Name          | LUT | Input Size| Bits| Total Bits|
    +-------------------------+-----+-----------+-----+-----------+
    |ap_NS_fsm                |  468|         94|    1|         94|
    |cnt_1_0_reg_310          |    9|          2|   64|        128|
    |cnt_1_ph_reg_354         |    9|          2|   64|        128|
    |cnt_1_reg_366            |    9|          2|   64|        128|
    |cnt_2_0_reg_331          |    9|          2|   64|        128|
    |cnt_2_1_reg_342          |    9|          2|   64|        128|
    |cnt_2_ph_reg_425         |    9|          2|   64|        128|
    |cnt_2_reg_437            |    9|          2|   64|        128|
    |cnt_5_0_reg_381          |    9|          2|   64|        128|
    |cnt_8_0_reg_402          |    9|          2|   64|        128|
    |cnt_8_1_reg_413          |    9|          2|   64|        128|
    |cnt_reg_284              |    9|          2|   64|        128|
    |e_1_0_reg_321            |    9|          2|   64|        128|
    |e_4_0_reg_392            |    9|          2|   64|        128|
    |edges_address0           |   21|          5|   12|         60|
    |horizon_fu_106           |    9|          2|   64|        128|
    |level_address0           |   53|         13|    7|         91|
    |level_counts_0_address0  |   13|          3|    3|          9|
    |level_counts_0_d0        |   13|          3|   64|        192|
    |level_d0                 |   25|          6|   16|         96|
    |n_reg_298                |    9|          2|    9|         18|
    |nodes_0_address0         |   13|          3|    7|         21|
    |nodes_1_address0         |   13|          3|    7|         21|
    +-------------------------+-----+-----------+-----+-----------+
    |Total                    |  754|        160| 1022|       2394|
    +-------------------------+-----+-----------+-----+-----------+

    * Register: 
    +-----------------------+----+----+-----+-----------+
    |          Name         | FF | LUT| Bits| Const Bits|
    +-----------------------+----+----+-----+-----------+
    |add_ln21_reg_1192      |  64|   0|   64|          0|
    |add_ln28_1_reg_1297    |  64|   0|   64|          0|
    |add_ln28_3_reg_1383    |  64|   0|   64|          0|
    |ap_CS_fsm              |  93|   0|   93|          0|
    |cnt_1_0_reg_310        |  64|   0|   64|          0|
    |cnt_1_ph_reg_354       |  64|   0|   64|          0|
    |cnt_1_reg_366          |  64|   0|   64|          0|
    |cnt_2_0_reg_331        |  64|   0|   64|          0|
    |cnt_2_1_reg_342        |  64|   0|   64|          0|
    |cnt_2_ph_reg_425       |  64|   0|   64|          0|
    |cnt_2_reg_437          |  64|   0|   64|          0|
    |cnt_5_0_reg_381        |  64|   0|   64|          0|
    |cnt_8_0_reg_402        |  64|   0|   64|          0|
    |cnt_8_1_reg_413        |  64|   0|   64|          0|
    |cnt_reg_284            |  64|   0|   64|          0|
    |e_1_0_reg_321          |  64|   0|   64|          0|
    |e_4_0_reg_392          |  64|   0|   64|          0|
    |empty_reg_1200         |   8|   0|    8|          0|
    |horizon_fu_106         |  64|   0|   64|          0|
    |icmp_ln25_1_reg_1302   |   1|   0|    1|          0|
    |icmp_ln25_reg_1216     |   1|   0|    1|          0|
    |icmp_ln28_2_reg_1321   |   1|   0|    1|          0|
    |icmp_ln28_3_reg_1270   |   1|   0|    1|          0|
    |icmp_ln28_5_reg_1356   |   1|   0|    1|          0|
    |icmp_ln28_reg_1235     |   1|   0|    1|          0|
    |level_addr_1_reg_1211  |   7|   0|    7|          0|
    |level_addr_2_reg_1257  |   7|   0|    7|          0|
    |level_addr_3_reg_1284  |   7|   0|    7|          0|
    |level_addr_4_reg_1343  |   7|   0|    7|          0|
    |level_addr_5_reg_1370  |   7|   0|    7|          0|
    |level_addr_reg_1184    |   7|   0|    7|          0|
    |n_1_reg_1388           |   9|   0|    9|          0|
    |n_reg_298              |   9|   0|    9|          0|
    |reg_501                |  64|   0|   64|          0|
    |tmp_1_reg_1398         |   1|   0|    1|          0|
    |trunc_ln29_1_reg_1328  |  12|   0|   12|          0|
    |trunc_ln29_reg_1242    |  12|   0|   12|          0|
    |trunc_ln30_2_reg_1279  |   1|   0|    1|          0|
    |trunc_ln30_4_reg_1338  |   1|   0|    1|          0|
    |trunc_ln30_6_reg_1365  |   1|   0|    1|          0|
    |trunc_ln30_reg_1252    |   1|   0|    1|          0|
    +-----------------------+----+----+-----+-----------+
    |Total                  |1348|   0| 1348|          0|
    +-----------------------+----+----+-----+-----------+



================================================================
== Interface
================================================================
* Summary: 
+-------------------------+-----+-----+------------+----------------+--------------+
|        RTL Ports        | Dir | Bits|  Protocol  |  Source Object |    C Type    |
+-------------------------+-----+-----+------------+----------------+--------------+
|ap_clk                   |   in|    1|  ap_ctrl_hs|             bfs|  return value|
|ap_rst                   |   in|    1|  ap_ctrl_hs|             bfs|  return value|
|ap_start                 |   in|    1|  ap_ctrl_hs|             bfs|  return value|
|ap_done                  |  out|    1|  ap_ctrl_hs|             bfs|  return value|
|ap_idle                  |  out|    1|  ap_ctrl_hs|             bfs|  return value|
|ap_ready                 |  out|    1|  ap_ctrl_hs|             bfs|  return value|
|nodes_0_address0         |  out|    7|   ap_memory|         nodes_0|         array|
|nodes_0_ce0              |  out|    1|   ap_memory|         nodes_0|         array|
|nodes_0_q0               |   in|  128|   ap_memory|         nodes_0|         array|
|nodes_1_address0         |  out|    7|   ap_memory|         nodes_1|         array|
|nodes_1_ce0              |  out|    1|   ap_memory|         nodes_1|         array|
|nodes_1_q0               |   in|  128|   ap_memory|         nodes_1|         array|
|edges_address0           |  out|   12|   ap_memory|           edges|         array|
|edges_ce0                |  out|    1|   ap_memory|           edges|         array|
|edges_q0                 |   in|   64|   ap_memory|           edges|         array|
|starting_node            |   in|   64|     ap_none|   starting_node|        scalar|
|level_address0           |  out|    7|   ap_memory|           level|         array|
|level_ce0                |  out|    1|   ap_memory|           level|         array|
|level_we0                |  out|    1|   ap_memory|           level|         array|
|level_d0                 |  out|   16|   ap_memory|           level|         array|
|level_q0                 |   in|   16|   ap_memory|           level|         array|
|level_counts_0_address0  |  out|    3|   ap_memory|  level_counts_0|         array|
|level_counts_0_ce0       |  out|    1|   ap_memory|  level_counts_0|         array|
|level_counts_0_we0       |  out|    1|   ap_memory|  level_counts_0|         array|
|level_counts_0_d0        |  out|   64|   ap_memory|  level_counts_0|         array|
|level_counts_1_address0  |  out|    3|   ap_memory|  level_counts_1|         array|
|level_counts_1_ce0       |  out|    1|   ap_memory|  level_counts_1|         array|
|level_counts_1_we0       |  out|    1|   ap_memory|  level_counts_1|         array|
|level_counts_1_d0        |  out|   64|   ap_memory|  level_counts_1|         array|
+-------------------------+-----+-----+------------+----------------+--------------+

