

================================================================
== Vitis HLS Report for 'bfs'
================================================================
* Date:           Mon Mar 10 00:11:52 2025

* Version:        2022.1 (Build 3526262 on Mon Apr 18 15:47:01 MDT 2022)
* Project:        bfs_random_prj_p1
* Solution:       solution (Vivado IP Flow Target)
* Product family: virtex7
* Target device:  xc7vx485t-ffg1761-2


================================================================
== Performance Estimates
================================================================
+ Timing: 
    * Summary: 
    +--------+----------+----------+------------+
    |  Clock |  Target  | Estimated| Uncertainty|
    +--------+----------+----------+------------+
    |ap_clk  |  10.00 ns|  6.904 ns|     2.70 ns|
    +--------+----------+----------+------------+

+ Latency: 
    * Summary: 
    +---------+---------+----------+----------+-----+-----+---------+
    |  Latency (cycles) |  Latency (absolute) |  Interval | Pipeline|
    |   min   |   max   |    min   |    max   | min | max |   Type  |
    +---------+---------+----------+----------+-----+-----+---------+
    |        ?|        ?|         ?|         ?|    ?|    ?|       no|
    +---------+---------+----------+----------+-----+-----+---------+

    + Detail: 
        * Instance: 
        +----------------------------------------+-----------------------------+---------+---------+----------+----------+-----+-----+---------+
        |                                        |                             |  Latency (cycles) |  Latency (absolute) |  Interval | Pipeline|
        |                Instance                |            Module           |   min   |   max   |    min   |    max   | min | max |   Type  |
        +----------------------------------------+-----------------------------+---------+---------+----------+----------+-----+-----+---------+
        |grp_bfs_Pipeline_loop_neighbors_fu_194  |bfs_Pipeline_loop_neighbors  |        ?|        ?|         ?|         ?|    ?|    ?|       no|
        +----------------------------------------+-----------------------------+---------+---------+----------+----------+-----+-----+---------+

        * Loop: 
        +-----------------+---------+---------+----------+-----------+-----------+------+----------+
        |                 |  Latency (cycles) | Iteration|  Initiation Interval  | Trip |          |
        |    Loop Name    |   min   |   max   |  Latency |  achieved |   target  | Count| Pipelined|
        +-----------------+---------+---------+----------+-----------+-----------+------+----------+
        |- loop_horizons  |        ?|        ?|         ?|          -|          -|     ?|        no|
        | + loop_nodes    |        ?|        ?|         ?|          -|          -|   256|        no|
        +-----------------+---------+---------+----------+-----------+-----------+------+----------+



================================================================
== Utilization Estimates
================================================================
* Summary: 
+-----------------+---------+------+--------+--------+-----+
|       Name      | BRAM_18K|  DSP |   FF   |   LUT  | URAM|
+-----------------+---------+------+--------+--------+-----+
|DSP              |        -|     -|       -|       -|    -|
|Expression       |        -|     -|       0|    1316|    -|
|FIFO             |        -|     -|       -|       -|    -|
|Instance         |        -|     -|     420|    1683|    -|
|Memory           |        -|     -|       -|       -|    -|
|Multiplexer      |        -|     -|       -|     168|    -|
|Register         |        -|     -|     629|       -|    -|
+-----------------+---------+------+--------+--------+-----+
|Total            |        0|     0|    1049|    3167|    0|
+-----------------+---------+------+--------+--------+-----+
|Available        |     2060|  2800|  607200|  303600|    0|
+-----------------+---------+------+--------+--------+-----+
|Utilization (%)  |        0|     0|      ~0|       1|    0|
+-----------------+---------+------+--------+--------+-----+

+ Detail: 
    * Instance: 
    +----------------------------------------+-----------------------------+---------+----+-----+------+-----+
    |                Instance                |            Module           | BRAM_18K| DSP|  FF |  LUT | URAM|
    +----------------------------------------+-----------------------------+---------+----+-----+------+-----+
    |grp_bfs_Pipeline_loop_neighbors_fu_194  |bfs_Pipeline_loop_neighbors  |        0|   0|  420|  1683|    0|
    +----------------------------------------+-----------------------------+---------+----+-----+------+-----+
    |Total                                   |                             |        0|   0|  420|  1683|    0|
    +----------------------------------------+-----------------------------+---------+----+-----+------+-----+

    * DSP: 
    N/A

    * Memory: 
    N/A

    * FIFO: 
    N/A

    * Expression: 
    +-----------------------+----------+----+---+-----+------------+------------+
    |     Variable Name     | Operation| DSP| FF| LUT | Bitwidth P0| Bitwidth P1|
    +-----------------------+----------+----+---+-----+------------+------------+
    |add_ln21_fu_270_p2     |         +|   0|  0|   71|          64|           1|
    |empty_fu_276_p2        |         +|   0|  0|   15|           8|           1|
    |n_1_fu_288_p2          |         +|   0|  0|   16|           9|           1|
    |and_ln18_fu_256_p2     |       and|   0|  0|   16|          16|          16|
    |icmp_ln24_fu_282_p2    |      icmp|   0|  0|   11|           9|          10|
    |icmp_ln25_fu_352_p2    |      icmp|   0|  0|   29|          64|          64|
    |icmp_ln28_fu_390_p2    |      icmp|   0|  0|   29|          64|          64|
    |icmp_ln39_fu_313_p2    |      icmp|   0|  0|   29|          64|           1|
    |lshr_ln25_fu_334_p2    |      lshr|   0|  0|   35|          16|          16|
    |lshr_ln26_fu_368_p2    |      lshr|   0|  0|  950|         256|         256|
    |select_ln28_fu_402_p3  |    select|   0|  0|   64|           1|          64|
    |shl_ln18_fu_244_p2     |       shl|   0|  0|   35|           8|          16|
    |xor_ln18_fu_250_p2     |       xor|   0|  0|   16|          16|           2|
    +-----------------------+----------+----+---+-----+------------+------------+
    |Total                  |          |   0|  0| 1316|         595|         512|
    +-----------------------+----------+----+---+-----+------------+------------+

    * Multiplexer: 
    +--------------------------------+----+-----------+-----+-----------+
    |              Name              | LUT| Input Size| Bits| Total Bits|
    +--------------------------------+----+-----------+-----+-----------+
    |ap_NS_fsm                       |  37|          9|    1|          9|
    |ap_phi_mux_cnt_1_phi_fu_183_p6  |   9|          2|   64|        128|
    |cnt_1_reg_179                   |   9|          2|   64|        128|
    |cnt_reg_155                     |   9|          2|   64|        128|
    |horizon_fu_80                   |   9|          2|   64|        128|
    |level_address0                  |  21|          5|    7|         35|
    |level_ce0                       |  13|          3|    1|          3|
    |level_counts_address0           |  13|          3|    4|         12|
    |level_counts_d0                 |  13|          3|   64|        192|
    |level_d0                        |  13|          3|   16|         48|
    |level_we0                       |  13|          3|    1|          3|
    |n_reg_168                       |   9|          2|    9|         18|
    +--------------------------------+----+-----------+-----+-----------+
    |Total                           | 168|         39|  359|        832|
    +--------------------------------+----+-----------+-----+-----------+

    * Register: 
    +-----------------------------------------------------+----+----+-----+-----------+
    |                         Name                        | FF | LUT| Bits| Const Bits|
    +-----------------------------------------------------+----+----+-----+-----------+
    |add_ln21_reg_444                                     |  64|   0|   64|          0|
    |ap_CS_fsm                                            |   8|   0|    8|          0|
    |cnt_1_0_loc_fu_88                                    |  64|   0|   64|          0|
    |cnt_1_reg_179                                        |  64|   0|   64|          0|
    |cnt_2_0_loc_fu_84                                    |  64|   0|   64|          0|
    |cnt_reg_155                                          |  64|   0|   64|          0|
    |empty_reg_450                                        |   8|   0|    8|          0|
    |grp_bfs_Pipeline_loop_neighbors_fu_194_ap_start_reg  |   1|   0|    1|          0|
    |horizon_1_reg_439                                    |  64|   0|   64|          0|
    |horizon_fu_80                                        |  64|   0|   64|          0|
    |icmp_ln25_reg_482                                    |   1|   0|    1|          0|
    |icmp_ln28_reg_501                                    |   1|   0|    1|          0|
    |level_addr_reg_434                                   |   7|   0|    7|          0|
    |n_1_reg_458                                          |   9|   0|    9|          0|
    |n_reg_168                                            |   9|   0|    9|          0|
    |targetBlock_reg_505                                  |   1|   0|    1|          0|
    |tmp_begin_reg_491                                    |  64|   0|   64|          0|
    |tmp_end_reg_496                                      |  64|   0|   64|          0|
    |trunc_ln25_reg_463                                   |   1|   0|    1|          0|
    |zext_ln25_reg_469                                    |   7|   0|   64|         57|
    +-----------------------------------------------------+----+----+-----+-----------+
    |Total                                                | 629|   0|  686|         57|
    +-----------------------------------------------------+----+----+-----+-----------+



================================================================
== Interface
================================================================
* Summary: 
+-----------------------+-----+-----+------------+---------------+--------------+
|       RTL Ports       | Dir | Bits|  Protocol  | Source Object |    C Type    |
+-----------------------+-----+-----+------------+---------------+--------------+
|ap_clk                 |   in|    1|  ap_ctrl_hs|            bfs|  return value|
|ap_rst                 |   in|    1|  ap_ctrl_hs|            bfs|  return value|
|ap_start               |   in|    1|  ap_ctrl_hs|            bfs|  return value|
|ap_done                |  out|    1|  ap_ctrl_hs|            bfs|  return value|
|ap_idle                |  out|    1|  ap_ctrl_hs|            bfs|  return value|
|ap_ready               |  out|    1|  ap_ctrl_hs|            bfs|  return value|
|nodes_address0         |  out|    7|   ap_memory|          nodes|         array|
|nodes_ce0              |  out|    1|   ap_memory|          nodes|         array|
|nodes_q0               |   in|  256|   ap_memory|          nodes|         array|
|edges_address0         |  out|   11|   ap_memory|          edges|         array|
|edges_ce0              |  out|    1|   ap_memory|          edges|         array|
|edges_q0               |   in|  128|   ap_memory|          edges|         array|
|edges_address1         |  out|   11|   ap_memory|          edges|         array|
|edges_ce1              |  out|    1|   ap_memory|          edges|         array|
|edges_q1               |   in|  128|   ap_memory|          edges|         array|
|starting_node          |   in|   64|     ap_none|  starting_node|        scalar|
|level_address0         |  out|    7|   ap_memory|          level|         array|
|level_ce0              |  out|    1|   ap_memory|          level|         array|
|level_we0              |  out|    1|   ap_memory|          level|         array|
|level_d0               |  out|   16|   ap_memory|          level|         array|
|level_q0               |   in|   16|   ap_memory|          level|         array|
|level_counts_address0  |  out|    4|   ap_memory|   level_counts|         array|
|level_counts_ce0       |  out|    1|   ap_memory|   level_counts|         array|
|level_counts_we0       |  out|    1|   ap_memory|   level_counts|         array|
|level_counts_d0        |  out|   64|   ap_memory|   level_counts|         array|
+-----------------------+-----+-----+------------+---------------+--------------+

============================================================
+ Verbose Summary: Synthesis Manager
============================================================
InlineROM: 1
ExposeGlobal: 0
============================================================
+ Verbose Summary: CDFG Model
============================================================
IsTopModel: 1
ResetActiveHigh: 1
IsCombinational: 2
IsDatapathOnly: 2
HasWiredReturn: 1
HasMFsm: 0
HasVarLatency: 1
IsPipeline: 0
IsRtlPipelined: 0
IsInstanceOverlapped: 0
IsDontTouch: 0
HasImplIP: 0
IsGatedGlobalClock: 0


============================================================
+ Verbose Summary: Schedule
============================================================
* Number of FSM states : 8
* Pipeline : 0
* Dataflow Pipeline: 0

* FSM state transitions: 
1 --> 2 
2 --> 3 
3 --> 4 
4 --> 5 3 
5 --> 6 8 
6 --> 7 8 
7 --> 8 
8 --> 4 

* FSM state operations: 

State 1 <SV = 0> <Delay = 2.26>
ST_1 : Operation 9 [1/1] (0.00ns)   --->   "%horizon = alloca i32 1"   --->   Operation 9 'alloca' 'horizon' <Predicate = true> <Delay = 0.00>
ST_1 : Operation 10 [1/1] (0.00ns)   --->   "%starting_node_read = read i64 @_ssdm_op_Read.ap_auto.i64, i64 %starting_node"   --->   Operation 10 'read' 'starting_node_read' <Predicate = true> <Delay = 0.00>
ST_1 : Operation 11 [1/1] (0.00ns)   --->   "%cnt_2_0_loc = alloca i64 1"   --->   Operation 11 'alloca' 'cnt_2_0_loc' <Predicate = true> <Delay = 0.00>
ST_1 : Operation 12 [1/1] (0.00ns)   --->   "%cnt_1_0_loc = alloca i64 1"   --->   Operation 12 'alloca' 'cnt_1_0_loc' <Predicate = true> <Delay = 0.00>
ST_1 : Operation 13 [1/1] (0.00ns)   --->   "%lshr_ln = partselect i7 @_ssdm_op_PartSelect.i7.i64.i32.i32, i64 %starting_node_read, i32 1, i32 7" [bfs.c:18]   --->   Operation 13 'partselect' 'lshr_ln' <Predicate = true> <Delay = 0.00>
ST_1 : Operation 14 [1/1] (0.00ns)   --->   "%zext_ln18 = zext i7 %lshr_ln" [bfs.c:18]   --->   Operation 14 'zext' 'zext_ln18' <Predicate = true> <Delay = 0.00>
ST_1 : Operation 15 [1/1] (0.00ns)   --->   "%level_addr = getelementptr i16 %level, i64 0, i64 %zext_ln18" [bfs.c:18]   --->   Operation 15 'getelementptr' 'level_addr' <Predicate = true> <Delay = 0.00>
ST_1 : Operation 16 [2/2] (2.26ns)   --->   "%level_load = load i7 %level_addr" [bfs.c:18]   --->   Operation 16 'load' 'level_load' <Predicate = true> <Delay = 2.26> <CoreInst = "RAM">   --->   Core 82 'RAM' <Latency = 1> <II = 1> <Delay = 2.26> <Storage> <Opcode : 'load' 'store'> <Ports = 2> <Width = 16> <Depth = 128> <RAM>
ST_1 : Operation 17 [1/1] (0.84ns)   --->   "%store_ln21 = store i64 0, i64 %horizon" [bfs.c:21]   --->   Operation 17 'store' 'store_ln21' <Predicate = true> <Delay = 0.84>

State 2 <SV = 1> <Delay = 6.20>
ST_2 : Operation 18 [1/1] (0.00ns)   --->   "%spectopmodule_ln0 = spectopmodule void @_ssdm_op_SpecTopModule, void @empty_2"   --->   Operation 18 'spectopmodule' 'spectopmodule_ln0' <Predicate = true> <Delay = 0.00>
ST_2 : Operation 19 [1/1] (0.00ns)   --->   "%specinterface_ln0 = specinterface void @_ssdm_op_SpecInterface, i256 %nodes, void @empty, i32 0, i32 0, void @empty_0, i32 4294967295, i32 0, void @empty_0, void @empty_0, void @empty_0, i32 0, i32 0, i32 0, i32 0, void @empty_0, void @empty_0, i32 4294967295, i32 0"   --->   Operation 19 'specinterface' 'specinterface_ln0' <Predicate = true> <Delay = 0.00>
ST_2 : Operation 20 [1/1] (0.00ns)   --->   "%specbitsmap_ln0 = specbitsmap void @_ssdm_op_SpecBitsMap, i256 %nodes"   --->   Operation 20 'specbitsmap' 'specbitsmap_ln0' <Predicate = true> <Delay = 0.00>
ST_2 : Operation 21 [1/1] (0.00ns)   --->   "%specinterface_ln0 = specinterface void @_ssdm_op_SpecInterface, i128 %edges, void @empty, i32 0, i32 0, void @empty_0, i32 4294967295, i32 0, void @empty_0, void @empty_0, void @empty_0, i32 0, i32 0, i32 0, i32 0, void @empty_0, void @empty_0, i32 4294967295, i32 0"   --->   Operation 21 'specinterface' 'specinterface_ln0' <Predicate = true> <Delay = 0.00>
ST_2 : Operation 22 [1/1] (0.00ns)   --->   "%specbitsmap_ln0 = specbitsmap void @_ssdm_op_SpecBitsMap, i128 %edges"   --->   Operation 22 'specbitsmap' 'specbitsmap_ln0' <Predicate = true> <Delay = 0.00>
ST_2 : Operation 23 [1/1] (0.00ns)   --->   "%specbitsmap_ln0 = specbitsmap void @_ssdm_op_SpecBitsMap, i64 %starting_node"   --->   Operation 23 'specbitsmap' 'specbitsmap_ln0' <Predicate = true> <Delay = 0.00>
ST_2 : Operation 24 [1/1] (0.00ns)   --->   "%specinterface_ln0 = specinterface void @_ssdm_op_SpecInterface, i64 %starting_node, void @empty_1, i32 0, i32 0, void @empty_0, i32 0, i32 0, void @empty_0, void @empty_0, void @empty_0, i32 0, i32 0, i32 0, i32 0, void @empty_0, void @empty_0, i32 4294967295, i32 0"   --->   Operation 24 'specinterface' 'specinterface_ln0' <Predicate = true> <Delay = 0.00>
ST_2 : Operation 25 [1/1] (0.00ns)   --->   "%specinterface_ln0 = specinterface void @_ssdm_op_SpecInterface, i16 %level, void @empty, i32 0, i32 0, void @empty_0, i32 4294967295, i32 0, void @empty_0, void @empty_0, void @empty_0, i32 0, i32 0, i32 0, i32 0, void @empty_0, void @empty_0, i32 4294967295, i32 0"   --->   Operation 25 'specinterface' 'specinterface_ln0' <Predicate = true> <Delay = 0.00>
ST_2 : Operation 26 [1/1] (0.00ns)   --->   "%specbitsmap_ln0 = specbitsmap void @_ssdm_op_SpecBitsMap, i16 %level"   --->   Operation 26 'specbitsmap' 'specbitsmap_ln0' <Predicate = true> <Delay = 0.00>
ST_2 : Operation 27 [1/1] (0.00ns)   --->   "%specinterface_ln0 = specinterface void @_ssdm_op_SpecInterface, i64 %level_counts, void @empty, i32 0, i32 0, void @empty_0, i32 4294967295, i32 0, void @empty_0, void @empty_0, void @empty_0, i32 0, i32 0, i32 0, i32 0, void @empty_0, void @empty_0, i32 4294967295, i32 0"   --->   Operation 27 'specinterface' 'specinterface_ln0' <Predicate = true> <Delay = 0.00>
ST_2 : Operation 28 [1/1] (0.00ns)   --->   "%specbitsmap_ln0 = specbitsmap void @_ssdm_op_SpecBitsMap, i64 %level_counts"   --->   Operation 28 'specbitsmap' 'specbitsmap_ln0' <Predicate = true> <Delay = 0.00>
ST_2 : Operation 29 [1/1] (0.00ns) (grouped into LUT with out node and_ln18)   --->   "%trunc_ln18 = trunc i64 %starting_node_read" [bfs.c:18]   --->   Operation 29 'trunc' 'trunc_ln18' <Predicate = true> <Delay = 0.00>
ST_2 : Operation 30 [1/1] (0.00ns) (grouped into LUT with out node and_ln18)   --->   "%shl_ln = bitconcatenate i4 @_ssdm_op_BitConcatenate.i4.i1.i3, i1 %trunc_ln18, i3 0" [bfs.c:18]   --->   Operation 30 'bitconcatenate' 'shl_ln' <Predicate = true> <Delay = 0.00>
ST_2 : Operation 31 [1/2] (2.26ns)   --->   "%level_load = load i7 %level_addr" [bfs.c:18]   --->   Operation 31 'load' 'level_load' <Predicate = true> <Delay = 2.26> <CoreInst = "RAM">   --->   Core 82 'RAM' <Latency = 1> <II = 1> <Delay = 2.26> <Storage> <Opcode : 'load' 'store'> <Ports = 2> <Width = 16> <Depth = 128> <RAM>
ST_2 : Operation 32 [1/1] (0.00ns) (grouped into LUT with out node and_ln18)   --->   "%zext_ln18_1 = zext i4 %shl_ln" [bfs.c:18]   --->   Operation 32 'zext' 'zext_ln18_1' <Predicate = true> <Delay = 0.00>
ST_2 : Operation 33 [1/1] (0.00ns) (grouped into LUT with out node and_ln18)   --->   "%shl_ln18 = shl i16 255, i16 %zext_ln18_1" [bfs.c:18]   --->   Operation 33 'shl' 'shl_ln18' <Predicate = true> <Delay = 0.00> <CoreInst = "Shifter">   --->   Core 75 'Shifter' <Latency = 0> <II = 1> <Delay = 2.00> <FuncUnit> <Opcode : 'shl' 'lshr' 'ashr'> <InPorts = 2> <OutPorts = 1>
ST_2 : Operation 34 [1/1] (0.00ns) (grouped into LUT with out node and_ln18)   --->   "%xor_ln18 = xor i16 %shl_ln18, i16 65535" [bfs.c:18]   --->   Operation 34 'xor' 'xor_ln18' <Predicate = true> <Delay = 0.00> <CoreInst = "LogicGate">   --->   Core 74 'LogicGate' <Latency = 0> <II = 1> <Delay = 0.54> <FuncUnit> <Opcode : 'and' 'or' 'xor'> <InPorts = 2> <OutPorts = 1>
ST_2 : Operation 35 [1/1] (1.67ns) (out node of the LUT)   --->   "%and_ln18 = and i16 %level_load, i16 %xor_ln18" [bfs.c:18]   --->   Operation 35 'and' 'and_ln18' <Predicate = true> <Delay = 1.67> <CoreInst = "LogicGate">   --->   Core 74 'LogicGate' <Latency = 0> <II = 1> <Delay = 0.54> <FuncUnit> <Opcode : 'and' 'or' 'xor'> <InPorts = 2> <OutPorts = 1>
ST_2 : Operation 36 [1/1] (2.26ns)   --->   "%store_ln18 = store i16 %and_ln18, i7 %level_addr" [bfs.c:18]   --->   Operation 36 'store' 'store_ln18' <Predicate = true> <Delay = 2.26> <CoreInst = "RAM">   --->   Core 82 'RAM' <Latency = 1> <II = 1> <Delay = 2.26> <Storage> <Opcode : 'load' 'store'> <Ports = 2> <Width = 16> <Depth = 128> <RAM>
ST_2 : Operation 37 [1/1] (0.00ns)   --->   "%level_counts_addr = getelementptr i64 %level_counts, i64 0, i64 0" [bfs.c:19]   --->   Operation 37 'getelementptr' 'level_counts_addr' <Predicate = true> <Delay = 0.00>
ST_2 : Operation 38 [1/1] (1.14ns)   --->   "%store_ln19 = store i64 1, i4 %level_counts_addr" [bfs.c:19]   --->   Operation 38 'store' 'store_ln19' <Predicate = true> <Delay = 1.14> <CoreInst = "RAM">   --->   Core 82 'RAM' <Latency = 1> <II = 1> <Delay = 1.14> <Storage> <Opcode : 'load' 'store'> <Ports = 2> <Width = 64> <Depth = 10> <RAM>
ST_2 : Operation 39 [1/1] (0.00ns)   --->   "%br_ln21 = br void %loop_nodes" [bfs.c:21]   --->   Operation 39 'br' 'br_ln21' <Predicate = true> <Delay = 0.00>

State 3 <SV = 2> <Delay = 1.81>
ST_3 : Operation 40 [1/1] (0.00ns)   --->   "%horizon_1 = load i64 %horizon" [bfs.c:21]   --->   Operation 40 'load' 'horizon_1' <Predicate = true> <Delay = 0.00>
ST_3 : Operation 41 [1/1] (0.00ns)   --->   "%specloopname_ln16 = specloopname void @_ssdm_op_SpecLoopName, void @empty_5" [bfs.c:16]   --->   Operation 41 'specloopname' 'specloopname_ln16' <Predicate = true> <Delay = 0.00>
ST_3 : Operation 42 [1/1] (0.00ns)   --->   "%trunc_ln21 = trunc i64 %horizon_1" [bfs.c:21]   --->   Operation 42 'trunc' 'trunc_ln21' <Predicate = true> <Delay = 0.00>
ST_3 : Operation 43 [1/1] (1.81ns)   --->   "%add_ln21 = add i64 %horizon_1, i64 1" [bfs.c:21]   --->   Operation 43 'add' 'add_ln21' <Predicate = true> <Delay = 1.81> <CoreInst = "Adder">   --->   Core 1 'Adder' <Latency = 0> <II = 1> <Delay = 1.81> <FuncUnit> <Opcode : 'add' 'sub'> <InPorts = 2> <OutPorts = 1>
ST_3 : Operation 44 [1/1] (1.35ns)   --->   "%empty = add i8 %trunc_ln21, i8 1" [bfs.c:21]   --->   Operation 44 'add' 'empty' <Predicate = true> <Delay = 1.35> <CoreInst = "Adder">   --->   Core 1 'Adder' <Latency = 0> <II = 1> <Delay = 1.35> <FuncUnit> <Opcode : 'add' 'sub'> <InPorts = 2> <OutPorts = 1>
ST_3 : Operation 45 [1/1] (0.84ns)   --->   "%br_ln24 = br void %for.body4" [bfs.c:24]   --->   Operation 45 'br' 'br_ln24' <Predicate = true> <Delay = 0.84>

State 4 <SV = 3> <Delay = 2.73>
ST_4 : Operation 46 [1/1] (0.00ns)   --->   "%cnt = phi i64 0, void %loop_nodes, i64 %cnt_1, void %for.inc24"   --->   Operation 46 'phi' 'cnt' <Predicate = true> <Delay = 0.00>
ST_4 : Operation 47 [1/1] (0.00ns)   --->   "%n = phi i9 0, void %loop_nodes, i9 %n_1, void %for.inc24"   --->   Operation 47 'phi' 'n' <Predicate = true> <Delay = 0.00>
ST_4 : Operation 48 [1/1] (0.90ns)   --->   "%icmp_ln24 = icmp_eq  i9 %n, i9 256" [bfs.c:24]   --->   Operation 48 'icmp' 'icmp_ln24' <Predicate = true> <Delay = 0.90> <CoreInst = "Cmp">   --->   Core 9 'Cmp' <Latency = 0> <II = 1> <Delay = 0.94> <FuncUnit> <Opcode : 'icmp'> <InPorts = 2> <OutPorts = 1>
ST_4 : Operation 49 [1/1] (0.00ns)   --->   "%empty_19 = speclooptripcount i32 @_ssdm_op_SpecLoopTripCount, i64 256, i64 256, i64 256"   --->   Operation 49 'speclooptripcount' 'empty_19' <Predicate = true> <Delay = 0.00>
ST_4 : Operation 50 [1/1] (1.35ns)   --->   "%n_1 = add i9 %n, i9 1" [bfs.c:24]   --->   Operation 50 'add' 'n_1' <Predicate = true> <Delay = 1.35> <CoreInst = "Adder">   --->   Core 1 'Adder' <Latency = 0> <II = 1> <Delay = 1.35> <FuncUnit> <Opcode : 'add' 'sub'> <InPorts = 2> <OutPorts = 1>
ST_4 : Operation 51 [1/1] (0.00ns)   --->   "%br_ln24 = br i1 %icmp_ln24, void %for.body4.split, void %for.end26" [bfs.c:24]   --->   Operation 51 'br' 'br_ln24' <Predicate = true> <Delay = 0.00>
ST_4 : Operation 52 [1/1] (0.00ns)   --->   "%trunc_ln25 = trunc i9 %n" [bfs.c:25]   --->   Operation 52 'trunc' 'trunc_ln25' <Predicate = (!icmp_ln24)> <Delay = 0.00>
ST_4 : Operation 53 [1/1] (0.00ns)   --->   "%lshr_ln1 = partselect i7 @_ssdm_op_PartSelect.i7.i9.i32.i32, i9 %n, i32 1, i32 7" [bfs.c:25]   --->   Operation 53 'partselect' 'lshr_ln1' <Predicate = (!icmp_ln24)> <Delay = 0.00>
ST_4 : Operation 54 [1/1] (0.00ns)   --->   "%zext_ln25 = zext i7 %lshr_ln1" [bfs.c:25]   --->   Operation 54 'zext' 'zext_ln25' <Predicate = (!icmp_ln24)> <Delay = 0.00>
ST_4 : Operation 55 [1/1] (0.00ns)   --->   "%level_addr_1 = getelementptr i16 %level, i64 0, i64 %zext_ln25" [bfs.c:25]   --->   Operation 55 'getelementptr' 'level_addr_1' <Predicate = (!icmp_ln24)> <Delay = 0.00>
ST_4 : Operation 56 [2/2] (2.26ns)   --->   "%level_load_1 = load i7 %level_addr_1" [bfs.c:25]   --->   Operation 56 'load' 'level_load_1' <Predicate = (!icmp_ln24)> <Delay = 2.26> <CoreInst = "RAM">   --->   Core 82 'RAM' <Latency = 1> <II = 1> <Delay = 2.26> <Storage> <Opcode : 'load' 'store'> <Ports = 2> <Width = 16> <Depth = 128> <RAM>
ST_4 : Operation 57 [1/1] (0.00ns)   --->   "%level_counts_addr_1 = getelementptr i64 %level_counts, i64 0, i64 %add_ln21" [bfs.c:39]   --->   Operation 57 'getelementptr' 'level_counts_addr_1' <Predicate = (icmp_ln24)> <Delay = 0.00>
ST_4 : Operation 58 [1/1] (1.14ns)   --->   "%store_ln39 = store i64 %cnt, i4 %level_counts_addr_1" [bfs.c:39]   --->   Operation 58 'store' 'store_ln39' <Predicate = (icmp_ln24)> <Delay = 1.14> <CoreInst = "RAM">   --->   Core 82 'RAM' <Latency = 1> <II = 1> <Delay = 1.14> <Storage> <Opcode : 'load' 'store'> <Ports = 2> <Width = 64> <Depth = 10> <RAM>
ST_4 : Operation 59 [1/1] (1.40ns)   --->   "%icmp_ln39 = icmp_eq  i64 %cnt, i64 0" [bfs.c:39]   --->   Operation 59 'icmp' 'icmp_ln39' <Predicate = (icmp_ln24)> <Delay = 1.40> <CoreInst = "Cmp">   --->   Core 9 'Cmp' <Latency = 0> <II = 1> <Delay = 1.40> <FuncUnit> <Opcode : 'icmp'> <InPorts = 2> <OutPorts = 1>
ST_4 : Operation 60 [1/1] (0.00ns)   --->   "%br_ln39 = br i1 %icmp_ln39, void %for.end26.loop_nodes_crit_edge, void %for.end35" [bfs.c:39]   --->   Operation 60 'br' 'br_ln39' <Predicate = (icmp_ln24)> <Delay = 0.00>
ST_4 : Operation 61 [1/1] (0.84ns)   --->   "%store_ln39 = store i64 %add_ln21, i64 %horizon" [bfs.c:39]   --->   Operation 61 'store' 'store_ln39' <Predicate = (icmp_ln24 & !icmp_ln39)> <Delay = 0.84>
ST_4 : Operation 62 [1/1] (0.00ns)   --->   "%br_ln39 = br void %loop_nodes" [bfs.c:39]   --->   Operation 62 'br' 'br_ln39' <Predicate = (icmp_ln24 & !icmp_ln39)> <Delay = 0.00>
ST_4 : Operation 63 [1/1] (0.00ns)   --->   "%ret_ln42 = ret" [bfs.c:42]   --->   Operation 63 'ret' 'ret_ln42' <Predicate = (icmp_ln24 & icmp_ln39)> <Delay = 0.00>

State 5 <SV = 4> <Delay = 5.11>
ST_5 : Operation 64 [1/1] (0.00ns)   --->   "%specloopname_ln13 = specloopname void @_ssdm_op_SpecLoopName, void @empty_4" [bfs.c:13]   --->   Operation 64 'specloopname' 'specloopname_ln13' <Predicate = true> <Delay = 0.00>
ST_5 : Operation 65 [1/1] (0.00ns) (grouped into LUT with out node icmp_ln25)   --->   "%shl_ln1 = bitconcatenate i4 @_ssdm_op_BitConcatenate.i4.i1.i3, i1 %trunc_ln25, i3 0" [bfs.c:25]   --->   Operation 65 'bitconcatenate' 'shl_ln1' <Predicate = true> <Delay = 0.00>
ST_5 : Operation 66 [1/2] (2.26ns)   --->   "%level_load_1 = load i7 %level_addr_1" [bfs.c:25]   --->   Operation 66 'load' 'level_load_1' <Predicate = true> <Delay = 2.26> <CoreInst = "RAM">   --->   Core 82 'RAM' <Latency = 1> <II = 1> <Delay = 2.26> <Storage> <Opcode : 'load' 'store'> <Ports = 2> <Width = 16> <Depth = 128> <RAM>
ST_5 : Operation 67 [1/1] (0.00ns) (grouped into LUT with out node icmp_ln25)   --->   "%zext_ln25_1 = zext i4 %shl_ln1" [bfs.c:25]   --->   Operation 67 'zext' 'zext_ln25_1' <Predicate = true> <Delay = 0.00>
ST_5 : Operation 68 [1/1] (0.00ns) (grouped into LUT with out node icmp_ln25)   --->   "%lshr_ln25 = lshr i16 %level_load_1, i16 %zext_ln25_1" [bfs.c:25]   --->   Operation 68 'lshr' 'lshr_ln25' <Predicate = true> <Delay = 0.00> <CoreInst = "Shifter">   --->   Core 75 'Shifter' <Latency = 0> <II = 1> <Delay = 2.00> <FuncUnit> <Opcode : 'shl' 'lshr' 'ashr'> <InPorts = 2> <OutPorts = 1>
ST_5 : Operation 69 [1/1] (0.00ns) (grouped into LUT with out node icmp_ln25)   --->   "%trunc_ln25_1 = trunc i16 %lshr_ln25" [bfs.c:25]   --->   Operation 69 'trunc' 'trunc_ln25_1' <Predicate = true> <Delay = 0.00>
ST_5 : Operation 70 [1/1] (0.00ns) (grouped into LUT with out node icmp_ln25)   --->   "%sext_ln25 = sext i8 %trunc_ln25_1" [bfs.c:25]   --->   Operation 70 'sext' 'sext_ln25' <Predicate = true> <Delay = 0.00>
ST_5 : Operation 71 [1/1] (0.00ns) (grouped into LUT with out node icmp_ln25)   --->   "%zext_ln25_2 = zext i32 %sext_ln25" [bfs.c:25]   --->   Operation 71 'zext' 'zext_ln25_2' <Predicate = true> <Delay = 0.00>
ST_5 : Operation 72 [1/1] (2.00ns) (out node of the LUT)   --->   "%icmp_ln25 = icmp_eq  i64 %zext_ln25_2, i64 %horizon_1" [bfs.c:25]   --->   Operation 72 'icmp' 'icmp_ln25' <Predicate = true> <Delay = 2.00> <CoreInst = "Cmp">   --->   Core 9 'Cmp' <Latency = 0> <II = 1> <Delay = 1.40> <FuncUnit> <Opcode : 'icmp'> <InPorts = 2> <OutPorts = 1>
ST_5 : Operation 73 [1/1] (0.84ns)   --->   "%br_ln25 = br i1 %icmp_ln25, void %for.inc24, void %loop_neighbors" [bfs.c:25]   --->   Operation 73 'br' 'br_ln25' <Predicate = true> <Delay = 0.84>
ST_5 : Operation 74 [1/1] (0.00ns)   --->   "%nodes_addr = getelementptr i256 %nodes, i64 0, i64 %zext_ln25" [bfs.c:26]   --->   Operation 74 'getelementptr' 'nodes_addr' <Predicate = (icmp_ln25)> <Delay = 0.00>
ST_5 : Operation 75 [2/2] (2.26ns)   --->   "%nodes_load = load i7 %nodes_addr" [bfs.c:26]   --->   Operation 75 'load' 'nodes_load' <Predicate = (icmp_ln25)> <Delay = 2.26> <CoreInst = "RAM">   --->   Core 82 'RAM' <Latency = 1> <II = 1> <Delay = 2.26> <Storage> <Opcode : 'load' 'store'> <Ports = 2> <Width = 256> <Depth = 128> <RAM>

State 6 <SV = 5> <Delay = 6.90>
ST_6 : Operation 76 [1/1] (0.00ns)   --->   "%shl_ln2 = bitconcatenate i8 @_ssdm_op_BitConcatenate.i8.i1.i7, i1 %trunc_ln25, i7 0" [bfs.c:26]   --->   Operation 76 'bitconcatenate' 'shl_ln2' <Predicate = true> <Delay = 0.00>
ST_6 : Operation 77 [1/2] (2.26ns)   --->   "%nodes_load = load i7 %nodes_addr" [bfs.c:26]   --->   Operation 77 'load' 'nodes_load' <Predicate = true> <Delay = 2.26> <CoreInst = "RAM">   --->   Core 82 'RAM' <Latency = 1> <II = 1> <Delay = 2.26> <Storage> <Opcode : 'load' 'store'> <Ports = 2> <Width = 256> <Depth = 128> <RAM>
ST_6 : Operation 78 [1/1] (0.00ns)   --->   "%zext_ln26 = zext i8 %shl_ln2" [bfs.c:26]   --->   Operation 78 'zext' 'zext_ln26' <Predicate = true> <Delay = 0.00>
ST_6 : Operation 79 [1/1] (2.38ns)   --->   "%lshr_ln26 = lshr i256 %nodes_load, i256 %zext_ln26" [bfs.c:26]   --->   Operation 79 'lshr' 'lshr_ln26' <Predicate = true> <Delay = 2.38> <CoreInst = "Shifter">   --->   Core 75 'Shifter' <Latency = 0> <II = 1> <Delay = 2.38> <FuncUnit> <Opcode : 'shl' 'lshr' 'ashr'> <InPorts = 2> <OutPorts = 1>
ST_6 : Operation 80 [1/1] (0.00ns)   --->   "%tmp_begin = trunc i256 %lshr_ln26" [bfs.c:26]   --->   Operation 80 'trunc' 'tmp_begin' <Predicate = true> <Delay = 0.00>
ST_6 : Operation 81 [1/1] (0.00ns)   --->   "%tmp_end = partselect i64 @_ssdm_op_PartSelect.i64.i256.i32.i32, i256 %lshr_ln26, i32 64, i32 127" [bfs.c:27]   --->   Operation 81 'partselect' 'tmp_end' <Predicate = true> <Delay = 0.00>
ST_6 : Operation 82 [1/1] (1.40ns)   --->   "%icmp_ln28 = icmp_ult  i64 %tmp_begin, i64 %tmp_end" [bfs.c:28]   --->   Operation 82 'icmp' 'icmp_ln28' <Predicate = true> <Delay = 1.40> <CoreInst = "Cmp">   --->   Core 9 'Cmp' <Latency = 0> <II = 1> <Delay = 1.40> <FuncUnit> <Opcode : 'icmp'> <InPorts = 2> <OutPorts = 1>
ST_6 : Operation 83 [1/1] (0.84ns)   --->   "%br_ln28 = br i1 %icmp_ln28, void %for.inc24, void %for.body13.0.preheader" [bfs.c:28]   --->   Operation 83 'br' 'br_ln28' <Predicate = true> <Delay = 0.84>
ST_6 : Operation 84 [2/2] (0.84ns)   --->   "%targetBlock = call i1 @bfs_Pipeline_loop_neighbors, i64 %cnt, i64 %tmp_begin, i64 %tmp_end, i128 %edges, i16 %level, i8 %empty, i64 %cnt_1_0_loc, i64 %cnt_2_0_loc" [bfs.c:28]   --->   Operation 84 'call' 'targetBlock' <Predicate = (icmp_ln28)> <Delay = 0.84> <CoreType = "Generic">   --->   Core 0 '' <Latency = 0> <II = 1> <Delay = 1.00> <Generic> <Opcode : >

State 7 <SV = 6> <Delay = 0.84>
ST_7 : Operation 85 [1/2] (0.84ns)   --->   "%targetBlock = call i1 @bfs_Pipeline_loop_neighbors, i64 %cnt, i64 %tmp_begin, i64 %tmp_end, i128 %edges, i16 %level, i8 %empty, i64 %cnt_1_0_loc, i64 %cnt_2_0_loc" [bfs.c:28]   --->   Operation 85 'call' 'targetBlock' <Predicate = true> <Delay = 0.84> <CoreType = "Generic">   --->   Core 0 '' <Latency = 0> <II = 1> <Delay = 1.00> <Generic> <Opcode : >

State 8 <SV = 7> <Delay = 1.46>
ST_8 : Operation 86 [1/1] (0.00ns)   --->   "%cnt_1_0_loc_load = load i64 %cnt_1_0_loc"   --->   Operation 86 'load' 'cnt_1_0_loc_load' <Predicate = (icmp_ln25 & icmp_ln28 & targetBlock)> <Delay = 0.00>
ST_8 : Operation 87 [1/1] (0.00ns)   --->   "%cnt_2_0_loc_load = load i64 %cnt_2_0_loc"   --->   Operation 87 'load' 'cnt_2_0_loc_load' <Predicate = (icmp_ln25 & icmp_ln28 & !targetBlock)> <Delay = 0.00>
ST_8 : Operation 88 [1/1] (0.62ns)   --->   "%select_ln28 = select i1 %targetBlock, i64 %cnt_1_0_loc_load, i64 %cnt_2_0_loc_load" [bfs.c:28]   --->   Operation 88 'select' 'select_ln28' <Predicate = (icmp_ln25 & icmp_ln28)> <Delay = 0.62> <CoreInst = "Sel">   --->   Core 73 'Sel' <Latency = 0> <II = 1> <Delay = 0.62> <FuncUnit> <Opcode : 'select'> <InPorts = 3> <OutPorts = 1>
ST_8 : Operation 89 [1/1] (0.84ns)   --->   "%br_ln0 = br void %for.inc24"   --->   Operation 89 'br' 'br_ln0' <Predicate = (icmp_ln25 & icmp_ln28)> <Delay = 0.84>
ST_8 : Operation 90 [1/1] (0.00ns)   --->   "%cnt_1 = phi i64 %select_ln28, void %for.body13.0.preheader, i64 %cnt, void %for.body4.split, i64 %cnt, void %loop_neighbors"   --->   Operation 90 'phi' 'cnt_1' <Predicate = true> <Delay = 0.00>
ST_8 : Operation 91 [1/1] (0.00ns)   --->   "%br_ln24 = br void %for.body4" [bfs.c:24]   --->   Operation 91 'br' 'br_ln24' <Predicate = true> <Delay = 0.00>


============================================================
+ Verbose Summary: Binding
============================================================
STG Binding: 
---------------- STG Properties BEGIN ----------------
- Is combinational: 0
- Is one-state seq: 0
- Is datapath-only: 0
- Is pipelined: 0
- Is top level: 1
Port [ Return ] is wired: 1; IO mode=ap_ctrl_hs:ce=0
Port [ nodes]:  wired=1; compound=1; hidden=0; nouse=0; global=0; static=0; extern=0; dir=0; type=1; pingpong=0; private_global=0; MemPort=[13]; IO mode=ap_memory:ce=0
Port [ edges]:  wired=1; compound=1; hidden=0; nouse=0; global=0; static=0; extern=0; dir=0; type=1; pingpong=0; private_global=0; MemPort=[11]; IO mode=ap_memory:ce=0
Port [ starting_node]:  wired=1; compound=0; hidden=0; nouse=0; global=0; static=0; extern=0; dir=0; type=0; pingpong=0; private_global=0; IO mode=ap_none:ce=0
Port [ level]:  wired=1; compound=1; hidden=0; nouse=0; global=0; static=0; extern=0; dir=2; type=1; pingpong=0; private_global=0; MemPort=[23]; IO mode=ap_memory:ce=0
Port [ level_counts]:  wired=1; compound=1; hidden=0; nouse=0; global=0; static=0; extern=0; dir=1; type=1; pingpong=0; private_global=0; MemPort=[03]; IO mode=ap_memory:ce=0
---------------- STG Properties END ------------------

---------------- Datapath Model BEGIN ----------------

<LifeTime>
<method=bitvector/>
horizon             (alloca           ) [ 011111111]
starting_node_read  (read             ) [ 001000000]
cnt_2_0_loc         (alloca           ) [ 001111111]
cnt_1_0_loc         (alloca           ) [ 001111111]
lshr_ln             (partselect       ) [ 000000000]
zext_ln18           (zext             ) [ 000000000]
level_addr          (getelementptr    ) [ 001000000]
store_ln21          (store            ) [ 000000000]
spectopmodule_ln0   (spectopmodule    ) [ 000000000]
specinterface_ln0   (specinterface    ) [ 000000000]
specbitsmap_ln0     (specbitsmap      ) [ 000000000]
specinterface_ln0   (specinterface    ) [ 000000000]
specbitsmap_ln0     (specbitsmap      ) [ 000000000]
specbitsmap_ln0     (specbitsmap      ) [ 000000000]
specinterface_ln0   (specinterface    ) [ 000000000]
specinterface_ln0   (specinterface    ) [ 000000000]
specbitsmap_ln0     (specbitsmap      ) [ 000000000]
specinterface_ln0   (specinterface    ) [ 000000000]
specbitsmap_ln0     (specbitsmap      ) [ 000000000]
trunc_ln18          (trunc            ) [ 000000000]
shl_ln              (bitconcatenate   ) [ 000000000]
level_load          (load             ) [ 000000000]
zext_ln18_1         (zext             ) [ 000000000]
shl_ln18            (shl              ) [ 000000000]
xor_ln18            (xor              ) [ 000000000]
and_ln18            (and              ) [ 000000000]
store_ln18          (store            ) [ 000000000]
level_counts_addr   (getelementptr    ) [ 000000000]
store_ln19          (store            ) [ 000000000]
br_ln21             (br               ) [ 000000000]
horizon_1           (load             ) [ 000011111]
specloopname_ln16   (specloopname     ) [ 000000000]
trunc_ln21          (trunc            ) [ 000000000]
add_ln21            (add              ) [ 000011111]
empty               (add              ) [ 000011111]
br_ln24             (br               ) [ 000111111]
cnt                 (phi              ) [ 000011111]
n                   (phi              ) [ 000010000]
icmp_ln24           (icmp             ) [ 000111111]
empty_19            (speclooptripcount) [ 000000000]
n_1                 (add              ) [ 000111111]
br_ln24             (br               ) [ 000000000]
trunc_ln25          (trunc            ) [ 000001100]
lshr_ln1            (partselect       ) [ 000000000]
zext_ln25           (zext             ) [ 000001000]
level_addr_1        (getelementptr    ) [ 000001000]
level_counts_addr_1 (getelementptr    ) [ 000000000]
store_ln39          (store            ) [ 000000000]
icmp_ln39           (icmp             ) [ 000111111]
br_ln39             (br               ) [ 000000000]
store_ln39          (store            ) [ 000000000]
br_ln39             (br               ) [ 000000000]
ret_ln42            (ret              ) [ 000000000]
specloopname_ln13   (specloopname     ) [ 000000000]
shl_ln1             (bitconcatenate   ) [ 000000000]
level_load_1        (load             ) [ 000000000]
zext_ln25_1         (zext             ) [ 000000000]
lshr_ln25           (lshr             ) [ 000000000]
trunc_ln25_1        (trunc            ) [ 000000000]
sext_ln25           (sext             ) [ 000000000]
zext_ln25_2         (zext             ) [ 000000000]
icmp_ln25           (icmp             ) [ 000111111]
br_ln25             (br               ) [ 000111111]
nodes_addr          (getelementptr    ) [ 000000100]
shl_ln2             (bitconcatenate   ) [ 000000000]
nodes_load          (load             ) [ 000000000]
zext_ln26           (zext             ) [ 000000000]
lshr_ln26           (lshr             ) [ 000000000]
tmp_begin           (trunc            ) [ 000000010]
tmp_end             (partselect       ) [ 000000010]
icmp_ln28           (icmp             ) [ 000111111]
br_ln28             (br               ) [ 000111111]
targetBlock         (call             ) [ 000111101]
cnt_1_0_loc_load    (load             ) [ 000000000]
cnt_2_0_loc_load    (load             ) [ 000000000]
select_ln28         (select           ) [ 000000000]
br_ln0              (br               ) [ 000000000]
cnt_1               (phi              ) [ 000110011]
br_ln24             (br               ) [ 000111111]
</LifeTime>

<model>

<comp_list>
<comp id="0" class="1000" name="nodes">
<pin_list>
<pin id="1" dir="1" index="0" bw="1" slack="0"/>
</pin_list>
<bind>
<StgValue><ssdm name="nodes"/><MemPortTyVec>1 3 </MemPortTyVec>
</StgValue>
</bind>
</comp>

<comp id="2" class="1000" name="edges">
<pin_list>
<pin id="3" dir="1" index="0" bw="1" slack="0"/>
</pin_list>
<bind>
<StgValue><ssdm name="edges"/><MemPortTyVec>1 1 </MemPortTyVec>
</StgValue>
</bind>
</comp>

<comp id="4" class="1000" name="starting_node">
<pin_list>
<pin id="5" dir="1" index="0" bw="1" slack="0"/>
</pin_list>
<bind>
<StgValue><ssdm name="starting_node"/></StgValue>
</bind>
</comp>

<comp id="6" class="1000" name="level">
<pin_list>
<pin id="7" dir="1" index="0" bw="1" slack="0"/>
</pin_list>
<bind>
<StgValue><ssdm name="level"/><MemPortTyVec>2 3 </MemPortTyVec>
</StgValue>
</bind>
</comp>

<comp id="8" class="1000" name="level_counts">
<pin_list>
<pin id="9" dir="1" index="0" bw="1" slack="0"/>
</pin_list>
<bind>
<StgValue><ssdm name="level_counts"/><MemPortTyVec>0 3 </MemPortTyVec>
</StgValue>
</bind>
</comp>

<comp id="10" class="1001" name="const_10">
<pin_list>
<pin id="11" dir="1" index="0" bw="1" slack="0"/>
</pin_list>
<bind>
<StgValue><ssdm name=""/></StgValue>
</bind>
</comp>

<comp id="12" class="1001" name="const_12">
<pin_list>
<pin id="13" dir="1" index="0" bw="1" slack="0"/>
</pin_list>
<bind>
<StgValue><ssdm name="_ssdm_op_Read.ap_auto.i64"/></StgValue>
</bind>
</comp>

<comp id="14" class="1001" name="const_14">
<pin_list>
<pin id="15" dir="1" index="0" bw="1" slack="0"/>
</pin_list>
<bind>
<StgValue><ssdm name=""/></StgValue>
</bind>
</comp>

<comp id="16" class="1001" name="const_16">
<pin_list>
<pin id="17" dir="1" index="0" bw="1" slack="0"/>
</pin_list>
<bind>
<StgValue><ssdm name="_ssdm_op_PartSelect.i7.i64.i32.i32"/></StgValue>
</bind>
</comp>

<comp id="18" class="1001" name="const_18">
<pin_list>
<pin id="19" dir="1" index="0" bw="1" slack="0"/>
</pin_list>
<bind>
<StgValue><ssdm name=""/></StgValue>
</bind>
</comp>

<comp id="20" class="1001" name="const_20">
<pin_list>
<pin id="21" dir="1" index="0" bw="1" slack="0"/>
</pin_list>
<bind>
<StgValue><ssdm name=""/></StgValue>
</bind>
</comp>

<comp id="22" class="1001" name="const_22">
<pin_list>
<pin id="23" dir="1" index="0" bw="1" slack="2147483647"/>
</pin_list>
<bind>
<StgValue><ssdm name="_ssdm_op_SpecTopModule"/></StgValue>
</bind>
</comp>

<comp id="24" class="1001" name="const_24">
<pin_list>
<pin id="25" dir="1" index="0" bw="1" slack="2147483647"/>
</pin_list>
<bind>
<StgValue><ssdm name="empty_2"/></StgValue>
</bind>
</comp>

<comp id="26" class="1001" name="const_26">
<pin_list>
<pin id="27" dir="1" index="0" bw="1" slack="2147483647"/>
</pin_list>
<bind>
<StgValue><ssdm name="_ssdm_op_SpecInterface"/></StgValue>
</bind>
</comp>

<comp id="28" class="1001" name="const_28">
<pin_list>
<pin id="29" dir="1" index="0" bw="1" slack="2147483647"/>
</pin_list>
<bind>
<StgValue><ssdm name="empty"/></StgValue>
</bind>
</comp>

<comp id="30" class="1001" name="const_30">
<pin_list>
<pin id="31" dir="1" index="0" bw="1" slack="2147483647"/>
</pin_list>
<bind>
<StgValue><ssdm name=""/></StgValue>
</bind>
</comp>

<comp id="32" class="1001" name="const_32">
<pin_list>
<pin id="33" dir="1" index="0" bw="1" slack="2147483647"/>
</pin_list>
<bind>
<StgValue><ssdm name="empty_0"/></StgValue>
</bind>
</comp>

<comp id="34" class="1001" name="const_34">
<pin_list>
<pin id="35" dir="1" index="0" bw="1" slack="2147483647"/>
</pin_list>
<bind>
<StgValue><ssdm name=""/></StgValue>
</bind>
</comp>

<comp id="36" class="1001" name="const_36">
<pin_list>
<pin id="37" dir="1" index="0" bw="1" slack="2147483647"/>
</pin_list>
<bind>
<StgValue><ssdm name="_ssdm_op_SpecBitsMap"/></StgValue>
</bind>
</comp>

<comp id="38" class="1001" name="const_38">
<pin_list>
<pin id="39" dir="1" index="0" bw="1" slack="2147483647"/>
</pin_list>
<bind>
<StgValue><ssdm name="empty_1"/></StgValue>
</bind>
</comp>

<comp id="40" class="1001" name="const_40">
<pin_list>
<pin id="41" dir="1" index="0" bw="1" slack="0"/>
</pin_list>
<bind>
<StgValue><ssdm name="_ssdm_op_BitConcatenate.i4.i1.i3"/></StgValue>
</bind>
</comp>

<comp id="42" class="1001" name="const_42">
<pin_list>
<pin id="43" dir="1" index="0" bw="1" slack="0"/>
</pin_list>
<bind>
<StgValue><ssdm name=""/></StgValue>
</bind>
</comp>

<comp id="44" class="1001" name="const_44">
<pin_list>
<pin id="45" dir="1" index="0" bw="1" slack="0"/>
</pin_list>
<bind>
<StgValue><ssdm name=""/></StgValue>
</bind>
</comp>

<comp id="46" class="1001" name="const_46">
<pin_list>
<pin id="47" dir="1" index="0" bw="1" slack="0"/>
</pin_list>
<bind>
<StgValue><ssdm name=""/></StgValue>
</bind>
</comp>

<comp id="48" class="1001" name="const_48">
<pin_list>
<pin id="49" dir="1" index="0" bw="1" slack="2147483647"/>
</pin_list>
<bind>
<StgValue><ssdm name="_ssdm_op_SpecLoopName"/></StgValue>
</bind>
</comp>

<comp id="50" class="1001" name="const_50">
<pin_list>
<pin id="51" dir="1" index="0" bw="1" slack="2147483647"/>
</pin_list>
<bind>
<StgValue><ssdm name="empty_5"/></StgValue>
</bind>
</comp>

<comp id="52" class="1001" name="const_52">
<pin_list>
<pin id="53" dir="1" index="0" bw="1" slack="0"/>
</pin_list>
<bind>
<StgValue><ssdm name=""/></StgValue>
</bind>
</comp>

<comp id="54" class="1001" name="const_54">
<pin_list>
<pin id="55" dir="1" index="0" bw="1" slack="1"/>
</pin_list>
<bind>
<StgValue><ssdm name=""/></StgValue>
</bind>
</comp>

<comp id="56" class="1001" name="const_56">
<pin_list>
<pin id="57" dir="1" index="0" bw="1" slack="0"/>
</pin_list>
<bind>
<StgValue><ssdm name=""/></StgValue>
</bind>
</comp>

<comp id="58" class="1001" name="const_58">
<pin_list>
<pin id="59" dir="1" index="0" bw="1" slack="2147483647"/>
</pin_list>
<bind>
<StgValue><ssdm name="_ssdm_op_SpecLoopTripCount"/></StgValue>
</bind>
</comp>

<comp id="60" class="1001" name="const_60">
<pin_list>
<pin id="61" dir="1" index="0" bw="1" slack="2147483647"/>
</pin_list>
<bind>
<StgValue><ssdm name=""/></StgValue>
</bind>
</comp>

<comp id="62" class="1001" name="const_62">
<pin_list>
<pin id="63" dir="1" index="0" bw="1" slack="0"/>
</pin_list>
<bind>
<StgValue><ssdm name=""/></StgValue>
</bind>
</comp>

<comp id="64" class="1001" name="const_64">
<pin_list>
<pin id="65" dir="1" index="0" bw="1" slack="0"/>
</pin_list>
<bind>
<StgValue><ssdm name="_ssdm_op_PartSelect.i7.i9.i32.i32"/></StgValue>
</bind>
</comp>

<comp id="66" class="1001" name="const_66">
<pin_list>
<pin id="67" dir="1" index="0" bw="1" slack="2147483647"/>
</pin_list>
<bind>
<StgValue><ssdm name="empty_4"/></StgValue>
</bind>
</comp>

<comp id="68" class="1001" name="const_68">
<pin_list>
<pin id="69" dir="1" index="0" bw="1" slack="0"/>
</pin_list>
<bind>
<StgValue><ssdm name="_ssdm_op_BitConcatenate.i8.i1.i7"/></StgValue>
</bind>
</comp>

<comp id="70" class="1001" name="const_70">
<pin_list>
<pin id="71" dir="1" index="0" bw="1" slack="0"/>
</pin_list>
<bind>
<StgValue><ssdm name=""/></StgValue>
</bind>
</comp>

<comp id="72" class="1001" name="const_72">
<pin_list>
<pin id="73" dir="1" index="0" bw="1" slack="0"/>
</pin_list>
<bind>
<StgValue><ssdm name="_ssdm_op_PartSelect.i64.i256.i32.i32"/></StgValue>
</bind>
</comp>

<comp id="74" class="1001" name="const_74">
<pin_list>
<pin id="75" dir="1" index="0" bw="1" slack="0"/>
</pin_list>
<bind>
<StgValue><ssdm name=""/></StgValue>
</bind>
</comp>

<comp id="76" class="1001" name="const_76">
<pin_list>
<pin id="77" dir="1" index="0" bw="1" slack="0"/>
</pin_list>
<bind>
<StgValue><ssdm name=""/></StgValue>
</bind>
</comp>

<comp id="78" class="1001" name="const_78">
<pin_list>
<pin id="79" dir="1" index="0" bw="1" slack="0"/>
</pin_list>
<bind>
<StgValue><ssdm name="bfs_Pipeline_loop_neighbors"/></StgValue>
</bind>
</comp>

<comp id="80" class="1004" name="horizon_fu_80">
<pin_list>
<pin id="81" dir="0" index="0" bw="1" slack="0"/>
<pin id="82" dir="1" index="1" bw="64" slack="0"/>
</pin_list>
<bind>
<opcode="alloca(26) " fcode="alloca"/>
<opset="horizon/1 "/>
</bind>
</comp>

<comp id="84" class="1004" name="cnt_2_0_loc_fu_84">
<pin_list>
<pin id="85" dir="0" index="0" bw="1" slack="0"/>
<pin id="86" dir="1" index="1" bw="64" slack="5"/>
</pin_list>
<bind>
<opcode="alloca(26) " fcode="alloca"/>
<opset="cnt_2_0_loc/1 "/>
</bind>
</comp>

<comp id="88" class="1004" name="cnt_1_0_loc_fu_88">
<pin_list>
<pin id="89" dir="0" index="0" bw="1" slack="0"/>
<pin id="90" dir="1" index="1" bw="64" slack="5"/>
</pin_list>
<bind>
<opcode="alloca(26) " fcode="alloca"/>
<opset="cnt_1_0_loc/1 "/>
</bind>
</comp>

<comp id="92" class="1004" name="starting_node_read_read_fu_92">
<pin_list>
<pin id="93" dir="0" index="0" bw="64" slack="0"/>
<pin id="94" dir="0" index="1" bw="64" slack="0"/>
<pin id="95" dir="1" index="2" bw="64" slack="0"/>
</pin_list>
<bind>
<opcode="read(1150) " fcode="read"/>
<opset="starting_node_read/1 "/>
</bind>
</comp>

<comp id="98" class="1004" name="level_addr_gep_fu_98">
<pin_list>
<pin id="99" dir="0" index="0" bw="16" slack="0"/>
<pin id="100" dir="0" index="1" bw="1" slack="0"/>
<pin id="101" dir="0" index="2" bw="7" slack="0"/>
<pin id="102" dir="1" index="3" bw="7" slack="0"/>
</pin_list>
<bind>
<opcode="getelementptr(29) " fcode="getelementptr"/>
<opset="level_addr/1 "/>
</bind>
</comp>

<comp id="105" class="1004" name="grp_access_fu_105">
<pin_list>
<pin id="106" dir="0" index="0" bw="7" slack="0"/>
<pin id="107" dir="0" index="1" bw="16" slack="0"/>
<pin id="108" dir="0" index="2" bw="0" slack="2147483647"/>
<pin id="109" dir="1" index="3" bw="16" slack="0"/>
</pin_list>
<bind>
<opcode="load(27) store(28) " fcode="load"/>
<opset="level_load/1 store_ln18/2 level_load_1/4 "/>
</bind>
</comp>

<comp id="111" class="1004" name="level_counts_addr_gep_fu_111">
<pin_list>
<pin id="112" dir="0" index="0" bw="64" slack="0"/>
<pin id="113" dir="0" index="1" bw="1" slack="0"/>
<pin id="114" dir="0" index="2" bw="1" slack="0"/>
<pin id="115" dir="1" index="3" bw="4" slack="0"/>
</pin_list>
<bind>
<opcode="getelementptr(29) " fcode="getelementptr"/>
<opset="level_counts_addr/2 "/>
</bind>
</comp>

<comp id="119" class="1004" name="grp_access_fu_119">
<pin_list>
<pin id="120" dir="0" index="0" bw="4" slack="0"/>
<pin id="121" dir="0" index="1" bw="64" slack="0"/>
<pin id="122" dir="0" index="2" bw="0" slack="2147483647"/>
<pin id="123" dir="1" index="3" bw="64" slack="2147483647"/>
</pin_list>
<bind>
<opcode="store(28) " fcode="store"/>
<opset="store_ln19/2 store_ln39/4 "/>
</bind>
</comp>

<comp id="126" class="1004" name="level_addr_1_gep_fu_126">
<pin_list>
<pin id="127" dir="0" index="0" bw="16" slack="0"/>
<pin id="128" dir="0" index="1" bw="1" slack="0"/>
<pin id="129" dir="0" index="2" bw="7" slack="0"/>
<pin id="130" dir="1" index="3" bw="7" slack="0"/>
</pin_list>
<bind>
<opcode="getelementptr(29) " fcode="getelementptr"/>
<opset="level_addr_1/4 "/>
</bind>
</comp>

<comp id="134" class="1004" name="level_counts_addr_1_gep_fu_134">
<pin_list>
<pin id="135" dir="0" index="0" bw="64" slack="0"/>
<pin id="136" dir="0" index="1" bw="1" slack="0"/>
<pin id="137" dir="0" index="2" bw="64" slack="1"/>
<pin id="138" dir="1" index="3" bw="4" slack="0"/>
</pin_list>
<bind>
<opcode="getelementptr(29) " fcode="getelementptr"/>
<opset="level_counts_addr_1/4 "/>
</bind>
</comp>

<comp id="142" class="1004" name="nodes_addr_gep_fu_142">
<pin_list>
<pin id="143" dir="0" index="0" bw="256" slack="0"/>
<pin id="144" dir="0" index="1" bw="1" slack="0"/>
<pin id="145" dir="0" index="2" bw="7" slack="1"/>
<pin id="146" dir="1" index="3" bw="7" slack="0"/>
</pin_list>
<bind>
<opcode="getelementptr(29) " fcode="getelementptr"/>
<opset="nodes_addr/5 "/>
</bind>
</comp>

<comp id="149" class="1004" name="grp_access_fu_149">
<pin_list>
<pin id="150" dir="0" index="0" bw="7" slack="0"/>
<pin id="151" dir="0" index="1" bw="256" slack="2147483647"/>
<pin id="152" dir="0" index="2" bw="0" slack="2147483647"/>
<pin id="153" dir="1" index="3" bw="256" slack="0"/>
</pin_list>
<bind>
<opcode="load(27) " fcode="load"/>
<opset="nodes_load/5 "/>
</bind>
</comp>

<comp id="155" class="1005" name="cnt_reg_155">
<pin_list>
<pin id="156" dir="0" index="0" bw="64" slack="1"/>
<pin id="157" dir="1" index="1" bw="64" slack="1"/>
</pin_list>
<bind>
<opset="cnt (phireg) "/>
</bind>
</comp>

<comp id="159" class="1004" name="cnt_phi_fu_159">
<pin_list>
<pin id="160" dir="0" index="0" bw="1" slack="1"/>
<pin id="161" dir="0" index="1" bw="0" slack="2147483647"/>
<pin id="162" dir="0" index="2" bw="64" slack="1"/>
<pin id="163" dir="0" index="3" bw="0" slack="2147483647"/>
<pin id="164" dir="1" index="4" bw="64" slack="0"/>
</pin_list>
<bind>
<opcode="phi(47) " fcode="phi"/>
<opset="cnt/4 "/>
</bind>
</comp>

<comp id="168" class="1005" name="n_reg_168">
<pin_list>
<pin id="169" dir="0" index="0" bw="9" slack="1"/>
<pin id="170" dir="1" index="1" bw="9" slack="1"/>
</pin_list>
<bind>
<opset="n (phireg) "/>
</bind>
</comp>

<comp id="172" class="1004" name="n_phi_fu_172">
<pin_list>
<pin id="173" dir="0" index="0" bw="1" slack="1"/>
<pin id="174" dir="0" index="1" bw="0" slack="2147483647"/>
<pin id="175" dir="0" index="2" bw="9" slack="0"/>
<pin id="176" dir="0" index="3" bw="0" slack="2147483647"/>
<pin id="177" dir="1" index="4" bw="9" slack="0"/>
</pin_list>
<bind>
<opcode="phi(47) " fcode="phi"/>
<opset="n/4 "/>
</bind>
</comp>

<comp id="179" class="1005" name="cnt_1_reg_179">
<pin_list>
<pin id="180" dir="0" index="0" bw="64" slack="1"/>
<pin id="181" dir="1" index="1" bw="64" slack="1"/>
</pin_list>
<bind>
<opset="cnt_1 (phireg) "/>
</bind>
</comp>

<comp id="183" class="1004" name="cnt_1_phi_fu_183">
<pin_list>
<pin id="184" dir="0" index="0" bw="64" slack="0"/>
<pin id="185" dir="0" index="1" bw="0" slack="2147483647"/>
<pin id="186" dir="0" index="2" bw="64" slack="4"/>
<pin id="187" dir="0" index="3" bw="0" slack="2147483647"/>
<pin id="188" dir="0" index="4" bw="64" slack="4"/>
<pin id="189" dir="0" index="5" bw="0" slack="2147483647"/>
<pin id="190" dir="1" index="6" bw="64" slack="1"/>
</pin_list>
<bind>
<opcode="phi(47) " fcode="phi"/>
<opset="cnt_1/8 "/>
</bind>
</comp>

<comp id="194" class="1004" name="grp_bfs_Pipeline_loop_neighbors_fu_194">
<pin_list>
<pin id="195" dir="0" index="0" bw="1" slack="0"/>
<pin id="196" dir="0" index="1" bw="64" slack="2"/>
<pin id="197" dir="0" index="2" bw="64" slack="0"/>
<pin id="198" dir="0" index="3" bw="64" slack="0"/>
<pin id="199" dir="0" index="4" bw="128" slack="0"/>
<pin id="200" dir="0" index="5" bw="16" slack="0"/>
<pin id="201" dir="0" index="6" bw="8" slack="3"/>
<pin id="202" dir="0" index="7" bw="64" slack="5"/>
<pin id="203" dir="0" index="8" bw="64" slack="5"/>
<pin id="204" dir="1" index="9" bw="1" slack="1"/>
</pin_list>
<bind>
<opcode="call(48) " fcode="call"/>
<opset="targetBlock/6 "/>
</bind>
</comp>

<comp id="209" class="1004" name="lshr_ln_fu_209">
<pin_list>
<pin id="210" dir="0" index="0" bw="7" slack="0"/>
<pin id="211" dir="0" index="1" bw="64" slack="0"/>
<pin id="212" dir="0" index="2" bw="1" slack="0"/>
<pin id="213" dir="0" index="3" bw="4" slack="0"/>
<pin id="214" dir="1" index="4" bw="7" slack="0"/>
</pin_list>
<bind>
<opcode="partselect(1002) " fcode="partselect"/>
<opset="lshr_ln/1 "/>
</bind>
</comp>

<comp id="219" class="1004" name="zext_ln18_fu_219">
<pin_list>
<pin id="220" dir="0" index="0" bw="7" slack="0"/>
<pin id="221" dir="1" index="1" bw="64" slack="0"/>
</pin_list>
<bind>
<opcode="zext(34) " fcode="zext"/>
<opset="zext_ln18/1 "/>
</bind>
</comp>

<comp id="224" class="1004" name="store_ln21_store_fu_224">
<pin_list>
<pin id="225" dir="0" index="0" bw="1" slack="0"/>
<pin id="226" dir="0" index="1" bw="64" slack="0"/>
<pin id="227" dir="1" index="2" bw="0" slack="2147483647"/>
</pin_list>
<bind>
<opcode="store(28) " fcode="store"/>
<opset="store_ln21/1 "/>
</bind>
</comp>

<comp id="229" class="1004" name="trunc_ln18_fu_229">
<pin_list>
<pin id="230" dir="0" index="0" bw="64" slack="1"/>
<pin id="231" dir="1" index="1" bw="1" slack="0"/>
</pin_list>
<bind>
<opcode="trunc(33) " fcode="trunc"/>
<opset="trunc_ln18/2 "/>
</bind>
</comp>

<comp id="232" class="1004" name="shl_ln_fu_232">
<pin_list>
<pin id="233" dir="0" index="0" bw="4" slack="0"/>
<pin id="234" dir="0" index="1" bw="1" slack="0"/>
<pin id="235" dir="0" index="2" bw="1" slack="0"/>
<pin id="236" dir="1" index="3" bw="4" slack="0"/>
</pin_list>
<bind>
<opcode="bitconcatenate(1004) " fcode="bitconcatenate"/>
<opset="shl_ln/2 "/>
</bind>
</comp>

<comp id="240" class="1004" name="zext_ln18_1_fu_240">
<pin_list>
<pin id="241" dir="0" index="0" bw="4" slack="0"/>
<pin id="242" dir="1" index="1" bw="16" slack="0"/>
</pin_list>
<bind>
<opcode="zext(34) " fcode="zext"/>
<opset="zext_ln18_1/2 "/>
</bind>
</comp>

<comp id="244" class="1004" name="shl_ln18_fu_244">
<pin_list>
<pin id="245" dir="0" index="0" bw="9" slack="0"/>
<pin id="246" dir="0" index="1" bw="4" slack="0"/>
<pin id="247" dir="1" index="2" bw="16" slack="0"/>
</pin_list>
<bind>
<opcode="shl(20) " fcode="shl"/>
<opset="shl_ln18/2 "/>
</bind>
</comp>

<comp id="250" class="1004" name="xor_ln18_fu_250">
<pin_list>
<pin id="251" dir="0" index="0" bw="16" slack="0"/>
<pin id="252" dir="0" index="1" bw="16" slack="0"/>
<pin id="253" dir="1" index="2" bw="16" slack="0"/>
</pin_list>
<bind>
<opcode="xor(25) " fcode="xor"/>
<opset="xor_ln18/2 "/>
</bind>
</comp>

<comp id="256" class="1004" name="and_ln18_fu_256">
<pin_list>
<pin id="257" dir="0" index="0" bw="16" slack="0"/>
<pin id="258" dir="0" index="1" bw="16" slack="0"/>
<pin id="259" dir="1" index="2" bw="16" slack="0"/>
</pin_list>
<bind>
<opcode="and(23) " fcode="and"/>
<opset="and_ln18/2 "/>
</bind>
</comp>

<comp id="263" class="1004" name="horizon_1_load_fu_263">
<pin_list>
<pin id="264" dir="0" index="0" bw="64" slack="2"/>
<pin id="265" dir="1" index="1" bw="64" slack="0"/>
</pin_list>
<bind>
<opcode="load(27) " fcode="load"/>
<opset="horizon_1/3 "/>
</bind>
</comp>

<comp id="266" class="1004" name="trunc_ln21_fu_266">
<pin_list>
<pin id="267" dir="0" index="0" bw="64" slack="0"/>
<pin id="268" dir="1" index="1" bw="8" slack="0"/>
</pin_list>
<bind>
<opcode="trunc(33) " fcode="trunc"/>
<opset="trunc_ln21/3 "/>
</bind>
</comp>

<comp id="270" class="1004" name="add_ln21_fu_270">
<pin_list>
<pin id="271" dir="0" index="0" bw="64" slack="0"/>
<pin id="272" dir="0" index="1" bw="1" slack="0"/>
<pin id="273" dir="1" index="2" bw="64" slack="1"/>
</pin_list>
<bind>
<opcode="add(8) " fcode="add"/>
<opset="add_ln21/3 "/>
</bind>
</comp>

<comp id="276" class="1004" name="empty_fu_276">
<pin_list>
<pin id="277" dir="0" index="0" bw="8" slack="0"/>
<pin id="278" dir="0" index="1" bw="1" slack="0"/>
<pin id="279" dir="1" index="2" bw="8" slack="3"/>
</pin_list>
<bind>
<opcode="add(8) " fcode="add"/>
<opset="empty/3 "/>
</bind>
</comp>

<comp id="282" class="1004" name="icmp_ln24_fu_282">
<pin_list>
<pin id="283" dir="0" index="0" bw="9" slack="0"/>
<pin id="284" dir="0" index="1" bw="9" slack="0"/>
<pin id="285" dir="1" index="2" bw="1" slack="2147483647"/>
</pin_list>
<bind>
<opcode="icmp(45) " fcode="icmp"/>
<opset="icmp_ln24/4 "/>
</bind>
</comp>

<comp id="288" class="1004" name="n_1_fu_288">
<pin_list>
<pin id="289" dir="0" index="0" bw="9" slack="0"/>
<pin id="290" dir="0" index="1" bw="1" slack="0"/>
<pin id="291" dir="1" index="2" bw="9" slack="0"/>
</pin_list>
<bind>
<opcode="add(8) " fcode="add"/>
<opset="n_1/4 "/>
</bind>
</comp>

<comp id="294" class="1004" name="trunc_ln25_fu_294">
<pin_list>
<pin id="295" dir="0" index="0" bw="9" slack="0"/>
<pin id="296" dir="1" index="1" bw="1" slack="1"/>
</pin_list>
<bind>
<opcode="trunc(33) " fcode="trunc"/>
<opset="trunc_ln25/4 "/>
</bind>
</comp>

<comp id="298" class="1004" name="lshr_ln1_fu_298">
<pin_list>
<pin id="299" dir="0" index="0" bw="7" slack="0"/>
<pin id="300" dir="0" index="1" bw="9" slack="0"/>
<pin id="301" dir="0" index="2" bw="1" slack="0"/>
<pin id="302" dir="0" index="3" bw="4" slack="0"/>
<pin id="303" dir="1" index="4" bw="7" slack="0"/>
</pin_list>
<bind>
<opcode="partselect(1002) " fcode="partselect"/>
<opset="lshr_ln1/4 "/>
</bind>
</comp>

<comp id="308" class="1004" name="zext_ln25_fu_308">
<pin_list>
<pin id="309" dir="0" index="0" bw="7" slack="0"/>
<pin id="310" dir="1" index="1" bw="64" slack="0"/>
</pin_list>
<bind>
<opcode="zext(34) " fcode="zext"/>
<opset="zext_ln25/4 "/>
</bind>
</comp>

<comp id="313" class="1004" name="icmp_ln39_fu_313">
<pin_list>
<pin id="314" dir="0" index="0" bw="64" slack="0"/>
<pin id="315" dir="0" index="1" bw="64" slack="0"/>
<pin id="316" dir="1" index="2" bw="1" slack="2147483647"/>
</pin_list>
<bind>
<opcode="icmp(45) " fcode="icmp"/>
<opset="icmp_ln39/4 "/>
</bind>
</comp>

<comp id="319" class="1004" name="store_ln39_store_fu_319">
<pin_list>
<pin id="320" dir="0" index="0" bw="64" slack="1"/>
<pin id="321" dir="0" index="1" bw="64" slack="3"/>
<pin id="322" dir="1" index="2" bw="0" slack="2147483647"/>
</pin_list>
<bind>
<opcode="store(28) " fcode="store"/>
<opset="store_ln39/4 "/>
</bind>
</comp>

<comp id="323" class="1004" name="shl_ln1_fu_323">
<pin_list>
<pin id="324" dir="0" index="0" bw="4" slack="0"/>
<pin id="325" dir="0" index="1" bw="1" slack="1"/>
<pin id="326" dir="0" index="2" bw="1" slack="0"/>
<pin id="327" dir="1" index="3" bw="4" slack="0"/>
</pin_list>
<bind>
<opcode="bitconcatenate(1004) " fcode="bitconcatenate"/>
<opset="shl_ln1/5 "/>
</bind>
</comp>

<comp id="330" class="1004" name="zext_ln25_1_fu_330">
<pin_list>
<pin id="331" dir="0" index="0" bw="4" slack="0"/>
<pin id="332" dir="1" index="1" bw="16" slack="0"/>
</pin_list>
<bind>
<opcode="zext(34) " fcode="zext"/>
<opset="zext_ln25_1/5 "/>
</bind>
</comp>

<comp id="334" class="1004" name="lshr_ln25_fu_334">
<pin_list>
<pin id="335" dir="0" index="0" bw="16" slack="0"/>
<pin id="336" dir="0" index="1" bw="4" slack="0"/>
<pin id="337" dir="1" index="2" bw="16" slack="0"/>
</pin_list>
<bind>
<opcode="lshr(21) " fcode="lshr"/>
<opset="lshr_ln25/5 "/>
</bind>
</comp>

<comp id="340" class="1004" name="trunc_ln25_1_fu_340">
<pin_list>
<pin id="341" dir="0" index="0" bw="16" slack="0"/>
<pin id="342" dir="1" index="1" bw="8" slack="0"/>
</pin_list>
<bind>
<opcode="trunc(33) " fcode="trunc"/>
<opset="trunc_ln25_1/5 "/>
</bind>
</comp>

<comp id="344" class="1004" name="sext_ln25_fu_344">
<pin_list>
<pin id="345" dir="0" index="0" bw="8" slack="0"/>
<pin id="346" dir="1" index="1" bw="32" slack="0"/>
</pin_list>
<bind>
<opcode="sext(35) " fcode="sext"/>
<opset="sext_ln25/5 "/>
</bind>
</comp>

<comp id="348" class="1004" name="zext_ln25_2_fu_348">
<pin_list>
<pin id="349" dir="0" index="0" bw="8" slack="0"/>
<pin id="350" dir="1" index="1" bw="64" slack="0"/>
</pin_list>
<bind>
<opcode="zext(34) " fcode="zext"/>
<opset="zext_ln25_2/5 "/>
</bind>
</comp>

<comp id="352" class="1004" name="icmp_ln25_fu_352">
<pin_list>
<pin id="353" dir="0" index="0" bw="64" slack="0"/>
<pin id="354" dir="0" index="1" bw="64" slack="2"/>
<pin id="355" dir="1" index="2" bw="1" slack="3"/>
</pin_list>
<bind>
<opcode="icmp(45) " fcode="icmp"/>
<opset="icmp_ln25/5 "/>
</bind>
</comp>

<comp id="357" class="1004" name="shl_ln2_fu_357">
<pin_list>
<pin id="358" dir="0" index="0" bw="8" slack="0"/>
<pin id="359" dir="0" index="1" bw="1" slack="2"/>
<pin id="360" dir="0" index="2" bw="1" slack="0"/>
<pin id="361" dir="1" index="3" bw="8" slack="0"/>
</pin_list>
<bind>
<opcode="bitconcatenate(1004) " fcode="bitconcatenate"/>
<opset="shl_ln2/6 "/>
</bind>
</comp>

<comp id="364" class="1004" name="zext_ln26_fu_364">
<pin_list>
<pin id="365" dir="0" index="0" bw="8" slack="0"/>
<pin id="366" dir="1" index="1" bw="256" slack="0"/>
</pin_list>
<bind>
<opcode="zext(34) " fcode="zext"/>
<opset="zext_ln26/6 "/>
</bind>
</comp>

<comp id="368" class="1004" name="lshr_ln26_fu_368">
<pin_list>
<pin id="369" dir="0" index="0" bw="256" slack="0"/>
<pin id="370" dir="0" index="1" bw="8" slack="0"/>
<pin id="371" dir="1" index="2" bw="256" slack="0"/>
</pin_list>
<bind>
<opcode="lshr(21) " fcode="lshr"/>
<opset="lshr_ln26/6 "/>
</bind>
</comp>

<comp id="374" class="1004" name="tmp_begin_fu_374">
<pin_list>
<pin id="375" dir="0" index="0" bw="256" slack="0"/>
<pin id="376" dir="1" index="1" bw="64" slack="0"/>
</pin_list>
<bind>
<opcode="trunc(33) " fcode="trunc"/>
<opset="tmp_begin/6 "/>
</bind>
</comp>

<comp id="379" class="1004" name="tmp_end_fu_379">
<pin_list>
<pin id="380" dir="0" index="0" bw="64" slack="0"/>
<pin id="381" dir="0" index="1" bw="256" slack="0"/>
<pin id="382" dir="0" index="2" bw="8" slack="0"/>
<pin id="383" dir="0" index="3" bw="8" slack="0"/>
<pin id="384" dir="1" index="4" bw="64" slack="0"/>
</pin_list>
<bind>
<opcode="partselect(1002) " fcode="partselect"/>
<opset="tmp_end/6 "/>
</bind>
</comp>

<comp id="390" class="1004" name="icmp_ln28_fu_390">
<pin_list>
<pin id="391" dir="0" index="0" bw="64" slack="0"/>
<pin id="392" dir="0" index="1" bw="64" slack="0"/>
<pin id="393" dir="1" index="2" bw="1" slack="2"/>
</pin_list>
<bind>
<opcode="icmp(45) " fcode="icmp"/>
<opset="icmp_ln28/6 "/>
</bind>
</comp>

<comp id="396" class="1004" name="cnt_1_0_loc_load_load_fu_396">
<pin_list>
<pin id="397" dir="0" index="0" bw="64" slack="7"/>
<pin id="398" dir="1" index="1" bw="64" slack="0"/>
</pin_list>
<bind>
<opcode="load(27) " fcode="load"/>
<opset="cnt_1_0_loc_load/8 "/>
</bind>
</comp>

<comp id="399" class="1004" name="cnt_2_0_loc_load_load_fu_399">
<pin_list>
<pin id="400" dir="0" index="0" bw="64" slack="7"/>
<pin id="401" dir="1" index="1" bw="64" slack="0"/>
</pin_list>
<bind>
<opcode="load(27) " fcode="load"/>
<opset="cnt_2_0_loc_load/8 "/>
</bind>
</comp>

<comp id="402" class="1004" name="select_ln28_fu_402">
<pin_list>
<pin id="403" dir="0" index="0" bw="1" slack="1"/>
<pin id="404" dir="0" index="1" bw="64" slack="0"/>
<pin id="405" dir="0" index="2" bw="64" slack="0"/>
<pin id="406" dir="1" index="3" bw="64" slack="0"/>
</pin_list>
<bind>
<opcode="select(49) " fcode="select"/>
<opset="select_ln28/8 "/>
</bind>
</comp>

<comp id="410" class="1005" name="horizon_reg_410">
<pin_list>
<pin id="411" dir="0" index="0" bw="64" slack="0"/>
<pin id="412" dir="1" index="1" bw="64" slack="0"/>
</pin_list>
<bind>
<opset="horizon "/>
</bind>
</comp>

<comp id="417" class="1005" name="starting_node_read_reg_417">
<pin_list>
<pin id="418" dir="0" index="0" bw="64" slack="1"/>
<pin id="419" dir="1" index="1" bw="64" slack="1"/>
</pin_list>
<bind>
<opset="starting_node_read "/>
</bind>
</comp>

<comp id="422" class="1005" name="cnt_2_0_loc_reg_422">
<pin_list>
<pin id="423" dir="0" index="0" bw="64" slack="5"/>
<pin id="424" dir="1" index="1" bw="64" slack="5"/>
</pin_list>
<bind>
<opset="cnt_2_0_loc "/>
</bind>
</comp>

<comp id="428" class="1005" name="cnt_1_0_loc_reg_428">
<pin_list>
<pin id="429" dir="0" index="0" bw="64" slack="5"/>
<pin id="430" dir="1" index="1" bw="64" slack="5"/>
</pin_list>
<bind>
<opset="cnt_1_0_loc "/>
</bind>
</comp>

<comp id="434" class="1005" name="level_addr_reg_434">
<pin_list>
<pin id="435" dir="0" index="0" bw="7" slack="1"/>
<pin id="436" dir="1" index="1" bw="7" slack="1"/>
</pin_list>
<bind>
<opset="level_addr "/>
</bind>
</comp>

<comp id="439" class="1005" name="horizon_1_reg_439">
<pin_list>
<pin id="440" dir="0" index="0" bw="64" slack="2"/>
<pin id="441" dir="1" index="1" bw="64" slack="2"/>
</pin_list>
<bind>
<opset="horizon_1 "/>
</bind>
</comp>

<comp id="444" class="1005" name="add_ln21_reg_444">
<pin_list>
<pin id="445" dir="0" index="0" bw="64" slack="1"/>
<pin id="446" dir="1" index="1" bw="64" slack="1"/>
</pin_list>
<bind>
<opset="add_ln21 "/>
</bind>
</comp>

<comp id="450" class="1005" name="empty_reg_450">
<pin_list>
<pin id="451" dir="0" index="0" bw="8" slack="3"/>
<pin id="452" dir="1" index="1" bw="8" slack="3"/>
</pin_list>
<bind>
<opset="empty "/>
</bind>
</comp>

<comp id="458" class="1005" name="n_1_reg_458">
<pin_list>
<pin id="459" dir="0" index="0" bw="9" slack="0"/>
<pin id="460" dir="1" index="1" bw="9" slack="0"/>
</pin_list>
<bind>
<opset="n_1 "/>
</bind>
</comp>

<comp id="463" class="1005" name="trunc_ln25_reg_463">
<pin_list>
<pin id="464" dir="0" index="0" bw="1" slack="1"/>
<pin id="465" dir="1" index="1" bw="1" slack="1"/>
</pin_list>
<bind>
<opset="trunc_ln25 "/>
</bind>
</comp>

<comp id="469" class="1005" name="zext_ln25_reg_469">
<pin_list>
<pin id="470" dir="0" index="0" bw="64" slack="1"/>
<pin id="471" dir="1" index="1" bw="64" slack="1"/>
</pin_list>
<bind>
<opset="zext_ln25 "/>
</bind>
</comp>

<comp id="474" class="1005" name="level_addr_1_reg_474">
<pin_list>
<pin id="475" dir="0" index="0" bw="7" slack="1"/>
<pin id="476" dir="1" index="1" bw="7" slack="1"/>
</pin_list>
<bind>
<opset="level_addr_1 "/>
</bind>
</comp>

<comp id="482" class="1005" name="icmp_ln25_reg_482">
<pin_list>
<pin id="483" dir="0" index="0" bw="1" slack="3"/>
<pin id="484" dir="1" index="1" bw="1" slack="2147483647"/>
</pin_list>
<bind>
<opset="icmp_ln25 "/>
</bind>
</comp>

<comp id="486" class="1005" name="nodes_addr_reg_486">
<pin_list>
<pin id="487" dir="0" index="0" bw="7" slack="1"/>
<pin id="488" dir="1" index="1" bw="7" slack="1"/>
</pin_list>
<bind>
<opset="nodes_addr "/>
</bind>
</comp>

<comp id="491" class="1005" name="tmp_begin_reg_491">
<pin_list>
<pin id="492" dir="0" index="0" bw="64" slack="1"/>
<pin id="493" dir="1" index="1" bw="64" slack="1"/>
</pin_list>
<bind>
<opset="tmp_begin "/>
</bind>
</comp>

<comp id="496" class="1005" name="tmp_end_reg_496">
<pin_list>
<pin id="497" dir="0" index="0" bw="64" slack="1"/>
<pin id="498" dir="1" index="1" bw="64" slack="1"/>
</pin_list>
<bind>
<opset="tmp_end "/>
</bind>
</comp>

<comp id="501" class="1005" name="icmp_ln28_reg_501">
<pin_list>
<pin id="502" dir="0" index="0" bw="1" slack="2"/>
<pin id="503" dir="1" index="1" bw="1" slack="2147483647"/>
</pin_list>
<bind>
<opset="icmp_ln28 "/>
</bind>
</comp>

<comp id="505" class="1005" name="targetBlock_reg_505">
<pin_list>
<pin id="506" dir="0" index="0" bw="1" slack="1"/>
<pin id="507" dir="1" index="1" bw="1" slack="1"/>
</pin_list>
<bind>
<opset="targetBlock "/>
</bind>
</comp>

</comp_list>

<net_list>
<net id="83"><net_src comp="10" pin="0"/><net_sink comp="80" pin=0"/></net>

<net id="87"><net_src comp="14" pin="0"/><net_sink comp="84" pin=0"/></net>

<net id="91"><net_src comp="14" pin="0"/><net_sink comp="88" pin=0"/></net>

<net id="96"><net_src comp="12" pin="0"/><net_sink comp="92" pin=0"/></net>

<net id="97"><net_src comp="4" pin="0"/><net_sink comp="92" pin=1"/></net>

<net id="103"><net_src comp="6" pin="0"/><net_sink comp="98" pin=0"/></net>

<net id="104"><net_src comp="20" pin="0"/><net_sink comp="98" pin=1"/></net>

<net id="110"><net_src comp="98" pin="3"/><net_sink comp="105" pin=0"/></net>

<net id="116"><net_src comp="8" pin="0"/><net_sink comp="111" pin=0"/></net>

<net id="117"><net_src comp="20" pin="0"/><net_sink comp="111" pin=1"/></net>

<net id="118"><net_src comp="20" pin="0"/><net_sink comp="111" pin=2"/></net>

<net id="124"><net_src comp="14" pin="0"/><net_sink comp="119" pin=1"/></net>

<net id="125"><net_src comp="111" pin="3"/><net_sink comp="119" pin=0"/></net>

<net id="131"><net_src comp="6" pin="0"/><net_sink comp="126" pin=0"/></net>

<net id="132"><net_src comp="20" pin="0"/><net_sink comp="126" pin=1"/></net>

<net id="133"><net_src comp="126" pin="3"/><net_sink comp="105" pin=0"/></net>

<net id="139"><net_src comp="8" pin="0"/><net_sink comp="134" pin=0"/></net>

<net id="140"><net_src comp="20" pin="0"/><net_sink comp="134" pin=1"/></net>

<net id="141"><net_src comp="134" pin="3"/><net_sink comp="119" pin=0"/></net>

<net id="147"><net_src comp="0" pin="0"/><net_sink comp="142" pin=0"/></net>

<net id="148"><net_src comp="20" pin="0"/><net_sink comp="142" pin=1"/></net>

<net id="154"><net_src comp="142" pin="3"/><net_sink comp="149" pin=0"/></net>

<net id="158"><net_src comp="20" pin="0"/><net_sink comp="155" pin=0"/></net>

<net id="165"><net_src comp="155" pin="1"/><net_sink comp="159" pin=0"/></net>

<net id="166"><net_src comp="159" pin="4"/><net_sink comp="119" pin=1"/></net>

<net id="167"><net_src comp="159" pin="4"/><net_sink comp="155" pin=0"/></net>

<net id="171"><net_src comp="54" pin="0"/><net_sink comp="168" pin=0"/></net>

<net id="178"><net_src comp="168" pin="1"/><net_sink comp="172" pin=0"/></net>

<net id="182"><net_src comp="179" pin="1"/><net_sink comp="159" pin=2"/></net>

<net id="191"><net_src comp="155" pin="1"/><net_sink comp="183" pin=2"/></net>

<net id="192"><net_src comp="155" pin="1"/><net_sink comp="183" pin=4"/></net>

<net id="193"><net_src comp="183" pin="6"/><net_sink comp="179" pin=0"/></net>

<net id="205"><net_src comp="78" pin="0"/><net_sink comp="194" pin=0"/></net>

<net id="206"><net_src comp="155" pin="1"/><net_sink comp="194" pin=1"/></net>

<net id="207"><net_src comp="2" pin="0"/><net_sink comp="194" pin=4"/></net>

<net id="208"><net_src comp="6" pin="0"/><net_sink comp="194" pin=5"/></net>

<net id="215"><net_src comp="16" pin="0"/><net_sink comp="209" pin=0"/></net>

<net id="216"><net_src comp="92" pin="2"/><net_sink comp="209" pin=1"/></net>

<net id="217"><net_src comp="10" pin="0"/><net_sink comp="209" pin=2"/></net>

<net id="218"><net_src comp="18" pin="0"/><net_sink comp="209" pin=3"/></net>

<net id="222"><net_src comp="209" pin="4"/><net_sink comp="219" pin=0"/></net>

<net id="223"><net_src comp="219" pin="1"/><net_sink comp="98" pin=2"/></net>

<net id="228"><net_src comp="20" pin="0"/><net_sink comp="224" pin=0"/></net>

<net id="237"><net_src comp="40" pin="0"/><net_sink comp="232" pin=0"/></net>

<net id="238"><net_src comp="229" pin="1"/><net_sink comp="232" pin=1"/></net>

<net id="239"><net_src comp="42" pin="0"/><net_sink comp="232" pin=2"/></net>

<net id="243"><net_src comp="232" pin="3"/><net_sink comp="240" pin=0"/></net>

<net id="248"><net_src comp="44" pin="0"/><net_sink comp="244" pin=0"/></net>

<net id="249"><net_src comp="240" pin="1"/><net_sink comp="244" pin=1"/></net>

<net id="254"><net_src comp="244" pin="2"/><net_sink comp="250" pin=0"/></net>

<net id="255"><net_src comp="46" pin="0"/><net_sink comp="250" pin=1"/></net>

<net id="260"><net_src comp="105" pin="3"/><net_sink comp="256" pin=0"/></net>

<net id="261"><net_src comp="250" pin="2"/><net_sink comp="256" pin=1"/></net>

<net id="262"><net_src comp="256" pin="2"/><net_sink comp="105" pin=1"/></net>

<net id="269"><net_src comp="263" pin="1"/><net_sink comp="266" pin=0"/></net>

<net id="274"><net_src comp="263" pin="1"/><net_sink comp="270" pin=0"/></net>

<net id="275"><net_src comp="14" pin="0"/><net_sink comp="270" pin=1"/></net>

<net id="280"><net_src comp="266" pin="1"/><net_sink comp="276" pin=0"/></net>

<net id="281"><net_src comp="52" pin="0"/><net_sink comp="276" pin=1"/></net>

<net id="286"><net_src comp="172" pin="4"/><net_sink comp="282" pin=0"/></net>

<net id="287"><net_src comp="56" pin="0"/><net_sink comp="282" pin=1"/></net>

<net id="292"><net_src comp="172" pin="4"/><net_sink comp="288" pin=0"/></net>

<net id="293"><net_src comp="62" pin="0"/><net_sink comp="288" pin=1"/></net>

<net id="297"><net_src comp="172" pin="4"/><net_sink comp="294" pin=0"/></net>

<net id="304"><net_src comp="64" pin="0"/><net_sink comp="298" pin=0"/></net>

<net id="305"><net_src comp="172" pin="4"/><net_sink comp="298" pin=1"/></net>

<net id="306"><net_src comp="10" pin="0"/><net_sink comp="298" pin=2"/></net>

<net id="307"><net_src comp="18" pin="0"/><net_sink comp="298" pin=3"/></net>

<net id="311"><net_src comp="298" pin="4"/><net_sink comp="308" pin=0"/></net>

<net id="312"><net_src comp="308" pin="1"/><net_sink comp="126" pin=2"/></net>

<net id="317"><net_src comp="159" pin="4"/><net_sink comp="313" pin=0"/></net>

<net id="318"><net_src comp="20" pin="0"/><net_sink comp="313" pin=1"/></net>

<net id="328"><net_src comp="40" pin="0"/><net_sink comp="323" pin=0"/></net>

<net id="329"><net_src comp="42" pin="0"/><net_sink comp="323" pin=2"/></net>

<net id="333"><net_src comp="323" pin="3"/><net_sink comp="330" pin=0"/></net>

<net id="338"><net_src comp="105" pin="3"/><net_sink comp="334" pin=0"/></net>

<net id="339"><net_src comp="330" pin="1"/><net_sink comp="334" pin=1"/></net>

<net id="343"><net_src comp="334" pin="2"/><net_sink comp="340" pin=0"/></net>

<net id="347"><net_src comp="340" pin="1"/><net_sink comp="344" pin=0"/></net>

<net id="351"><net_src comp="344" pin="1"/><net_sink comp="348" pin=0"/></net>

<net id="356"><net_src comp="348" pin="1"/><net_sink comp="352" pin=0"/></net>

<net id="362"><net_src comp="68" pin="0"/><net_sink comp="357" pin=0"/></net>

<net id="363"><net_src comp="70" pin="0"/><net_sink comp="357" pin=2"/></net>

<net id="367"><net_src comp="357" pin="3"/><net_sink comp="364" pin=0"/></net>

<net id="372"><net_src comp="149" pin="3"/><net_sink comp="368" pin=0"/></net>

<net id="373"><net_src comp="364" pin="1"/><net_sink comp="368" pin=1"/></net>

<net id="377"><net_src comp="368" pin="2"/><net_sink comp="374" pin=0"/></net>

<net id="378"><net_src comp="374" pin="1"/><net_sink comp="194" pin=2"/></net>

<net id="385"><net_src comp="72" pin="0"/><net_sink comp="379" pin=0"/></net>

<net id="386"><net_src comp="368" pin="2"/><net_sink comp="379" pin=1"/></net>

<net id="387"><net_src comp="74" pin="0"/><net_sink comp="379" pin=2"/></net>

<net id="388"><net_src comp="76" pin="0"/><net_sink comp="379" pin=3"/></net>

<net id="389"><net_src comp="379" pin="4"/><net_sink comp="194" pin=3"/></net>

<net id="394"><net_src comp="374" pin="1"/><net_sink comp="390" pin=0"/></net>

<net id="395"><net_src comp="379" pin="4"/><net_sink comp="390" pin=1"/></net>

<net id="407"><net_src comp="396" pin="1"/><net_sink comp="402" pin=1"/></net>

<net id="408"><net_src comp="399" pin="1"/><net_sink comp="402" pin=2"/></net>

<net id="409"><net_src comp="402" pin="3"/><net_sink comp="183" pin=0"/></net>

<net id="413"><net_src comp="80" pin="1"/><net_sink comp="410" pin=0"/></net>

<net id="414"><net_src comp="410" pin="1"/><net_sink comp="224" pin=1"/></net>

<net id="415"><net_src comp="410" pin="1"/><net_sink comp="263" pin=0"/></net>

<net id="416"><net_src comp="410" pin="1"/><net_sink comp="319" pin=1"/></net>

<net id="420"><net_src comp="92" pin="2"/><net_sink comp="417" pin=0"/></net>

<net id="421"><net_src comp="417" pin="1"/><net_sink comp="229" pin=0"/></net>

<net id="425"><net_src comp="84" pin="1"/><net_sink comp="422" pin=0"/></net>

<net id="426"><net_src comp="422" pin="1"/><net_sink comp="194" pin=8"/></net>

<net id="427"><net_src comp="422" pin="1"/><net_sink comp="399" pin=0"/></net>

<net id="431"><net_src comp="88" pin="1"/><net_sink comp="428" pin=0"/></net>

<net id="432"><net_src comp="428" pin="1"/><net_sink comp="194" pin=7"/></net>

<net id="433"><net_src comp="428" pin="1"/><net_sink comp="396" pin=0"/></net>

<net id="437"><net_src comp="98" pin="3"/><net_sink comp="434" pin=0"/></net>

<net id="438"><net_src comp="434" pin="1"/><net_sink comp="105" pin=0"/></net>

<net id="442"><net_src comp="263" pin="1"/><net_sink comp="439" pin=0"/></net>

<net id="443"><net_src comp="439" pin="1"/><net_sink comp="352" pin=1"/></net>

<net id="447"><net_src comp="270" pin="2"/><net_sink comp="444" pin=0"/></net>

<net id="448"><net_src comp="444" pin="1"/><net_sink comp="134" pin=2"/></net>

<net id="449"><net_src comp="444" pin="1"/><net_sink comp="319" pin=0"/></net>

<net id="453"><net_src comp="276" pin="2"/><net_sink comp="450" pin=0"/></net>

<net id="454"><net_src comp="450" pin="1"/><net_sink comp="194" pin=6"/></net>

<net id="461"><net_src comp="288" pin="2"/><net_sink comp="458" pin=0"/></net>

<net id="462"><net_src comp="458" pin="1"/><net_sink comp="172" pin=2"/></net>

<net id="466"><net_src comp="294" pin="1"/><net_sink comp="463" pin=0"/></net>

<net id="467"><net_src comp="463" pin="1"/><net_sink comp="323" pin=1"/></net>

<net id="468"><net_src comp="463" pin="1"/><net_sink comp="357" pin=1"/></net>

<net id="472"><net_src comp="308" pin="1"/><net_sink comp="469" pin=0"/></net>

<net id="473"><net_src comp="469" pin="1"/><net_sink comp="142" pin=2"/></net>

<net id="477"><net_src comp="126" pin="3"/><net_sink comp="474" pin=0"/></net>

<net id="478"><net_src comp="474" pin="1"/><net_sink comp="105" pin=0"/></net>

<net id="485"><net_src comp="352" pin="2"/><net_sink comp="482" pin=0"/></net>

<net id="489"><net_src comp="142" pin="3"/><net_sink comp="486" pin=0"/></net>

<net id="490"><net_src comp="486" pin="1"/><net_sink comp="149" pin=0"/></net>

<net id="494"><net_src comp="374" pin="1"/><net_sink comp="491" pin=0"/></net>

<net id="495"><net_src comp="491" pin="1"/><net_sink comp="194" pin=2"/></net>

<net id="499"><net_src comp="379" pin="4"/><net_sink comp="496" pin=0"/></net>

<net id="500"><net_src comp="496" pin="1"/><net_sink comp="194" pin=3"/></net>

<net id="504"><net_src comp="390" pin="2"/><net_sink comp="501" pin=0"/></net>

<net id="508"><net_src comp="194" pin="9"/><net_sink comp="505" pin=0"/></net>

<net id="509"><net_src comp="505" pin="1"/><net_sink comp="402" pin=0"/></net>

</net_list>

</model> 
---------------- Datapath Model END ------------------

* FSMD analyzer results:
  - Output states:
	Port: level | {2 6 7 }
	Port: level_counts | {2 4 }
 - Input state : 
	Port: bfs : nodes | {5 6 }
	Port: bfs : edges | {6 7 }
	Port: bfs : starting_node | {1 }
	Port: bfs : level | {1 2 4 5 6 7 }
  - Chain level:
	State 1
		zext_ln18 : 1
		level_addr : 2
		level_load : 3
		store_ln21 : 1
	State 2
		shl_ln : 1
		zext_ln18_1 : 2
		shl_ln18 : 3
		xor_ln18 : 4
		and_ln18 : 4
		store_ln18 : 4
		store_ln19 : 1
	State 3
		trunc_ln21 : 1
		add_ln21 : 1
		empty : 2
	State 4
		icmp_ln24 : 1
		n_1 : 1
		br_ln24 : 2
		trunc_ln25 : 1
		lshr_ln1 : 1
		zext_ln25 : 2
		level_addr_1 : 3
		level_load_1 : 4
		store_ln39 : 1
		icmp_ln39 : 1
		br_ln39 : 2
	State 5
		zext_ln25_1 : 1
		lshr_ln25 : 2
		trunc_ln25_1 : 3
		sext_ln25 : 4
		zext_ln25_2 : 5
		icmp_ln25 : 6
		br_ln25 : 7
		nodes_load : 1
	State 6
		zext_ln26 : 1
		lshr_ln26 : 2
		tmp_begin : 3
		tmp_end : 3
		icmp_ln28 : 4
		br_ln28 : 5
		targetBlock : 4
	State 7
	State 8
		select_ln28 : 1
		cnt_1 : 2


============================================================
+ Verbose Summary: Datapath Resource usage 
============================================================

* Functional unit list:
|----------|----------------------------------------|---------|---------|---------|
| Operation|             Functional Unit            |  Delay  |    FF   |   LUT   |
|----------|----------------------------------------|---------|---------|---------|
|   call   | grp_bfs_Pipeline_loop_neighbors_fu_194 | 3.40429 |   569   |   1513  |
|----------|----------------------------------------|---------|---------|---------|
|   lshr   |            lshr_ln25_fu_334            |    0    |    0    |    35   |
|          |            lshr_ln26_fu_368            |    0    |    0    |   950   |
|----------|----------------------------------------|---------|---------|---------|
|          |             add_ln21_fu_270            |    0    |    0    |    71   |
|    add   |              empty_fu_276              |    0    |    0    |    15   |
|          |               n_1_fu_288               |    0    |    0    |    16   |
|----------|----------------------------------------|---------|---------|---------|
|          |            icmp_ln24_fu_282            |    0    |    0    |    11   |
|   icmp   |            icmp_ln39_fu_313            |    0    |    0    |    29   |
|          |            icmp_ln25_fu_352            |    0    |    0    |    29   |
|          |            icmp_ln28_fu_390            |    0    |    0    |    29   |
|----------|----------------------------------------|---------|---------|---------|
|  select  |           select_ln28_fu_402           |    0    |    0    |    64   |
|----------|----------------------------------------|---------|---------|---------|
|    shl   |             shl_ln18_fu_244            |    0    |    0    |    19   |
|----------|----------------------------------------|---------|---------|---------|
|    xor   |             xor_ln18_fu_250            |    0    |    0    |    16   |
|----------|----------------------------------------|---------|---------|---------|
|    and   |             and_ln18_fu_256            |    0    |    0    |    16   |
|----------|----------------------------------------|---------|---------|---------|
|   read   |      starting_node_read_read_fu_92     |    0    |    0    |    0    |
|----------|----------------------------------------|---------|---------|---------|
|          |             lshr_ln_fu_209             |    0    |    0    |    0    |
|partselect|             lshr_ln1_fu_298            |    0    |    0    |    0    |
|          |             tmp_end_fu_379             |    0    |    0    |    0    |
|----------|----------------------------------------|---------|---------|---------|
|          |            zext_ln18_fu_219            |    0    |    0    |    0    |
|          |           zext_ln18_1_fu_240           |    0    |    0    |    0    |
|   zext   |            zext_ln25_fu_308            |    0    |    0    |    0    |
|          |           zext_ln25_1_fu_330           |    0    |    0    |    0    |
|          |           zext_ln25_2_fu_348           |    0    |    0    |    0    |
|          |            zext_ln26_fu_364            |    0    |    0    |    0    |
|----------|----------------------------------------|---------|---------|---------|
|          |            trunc_ln18_fu_229           |    0    |    0    |    0    |
|          |            trunc_ln21_fu_266           |    0    |    0    |    0    |
|   trunc  |            trunc_ln25_fu_294           |    0    |    0    |    0    |
|          |           trunc_ln25_1_fu_340          |    0    |    0    |    0    |
|          |            tmp_begin_fu_374            |    0    |    0    |    0    |
|----------|----------------------------------------|---------|---------|---------|
|          |              shl_ln_fu_232             |    0    |    0    |    0    |
|bitconcatenate|             shl_ln1_fu_323             |    0    |    0    |    0    |
|          |             shl_ln2_fu_357             |    0    |    0    |    0    |
|----------|----------------------------------------|---------|---------|---------|
|   sext   |            sext_ln25_fu_344            |    0    |    0    |    0    |
|----------|----------------------------------------|---------|---------|---------|
|   Total  |                                        | 3.40429 |   569   |   2813  |
|----------|----------------------------------------|---------|---------|---------|

Memories:
N/A

* Register list:
+--------------------------+--------+
|                          |   FF   |
+--------------------------+--------+
|     add_ln21_reg_444     |   64   |
|    cnt_1_0_loc_reg_428   |   64   |
|       cnt_1_reg_179      |   64   |
|    cnt_2_0_loc_reg_422   |   64   |
|        cnt_reg_155       |   64   |
|       empty_reg_450      |    8   |
|     horizon_1_reg_439    |   64   |
|      horizon_reg_410     |   64   |
|     icmp_ln25_reg_482    |    1   |
|     icmp_ln28_reg_501    |    1   |
|   level_addr_1_reg_474   |    7   |
|    level_addr_reg_434    |    7   |
|        n_1_reg_458       |    9   |
|         n_reg_168        |    9   |
|    nodes_addr_reg_486    |    7   |
|starting_node_read_reg_417|   64   |
|    targetBlock_reg_505   |    1   |
|     tmp_begin_reg_491    |   64   |
|      tmp_end_reg_496     |   64   |
|    trunc_ln25_reg_463    |    1   |
|     zext_ln25_reg_469    |   64   |
+--------------------------+--------+
|           Total          |   755  |
+--------------------------+--------+

* Multiplexer (MUX) list: 
|----------------------------------------|------|------|------|--------||---------||---------|
|                  Comp                  |  Pin | Size |  BW  | S x BW ||  Delay  ||   LUT   |
|----------------------------------------|------|------|------|--------||---------||---------|
|            grp_access_fu_105           |  p0  |   4  |   7  |   28   ||    17   |
|            grp_access_fu_119           |  p0  |   2  |   4  |    8   ||    9    |
|            grp_access_fu_119           |  p1  |   2  |  64  |   128  ||    9    |
|            grp_access_fu_149           |  p0  |   2  |   7  |   14   ||    9    |
|               cnt_reg_155              |  p0  |   2  |  64  |   128  ||    9    |
| grp_bfs_Pipeline_loop_neighbors_fu_194 |  p2  |   2  |  64  |   128  ||    9    |
| grp_bfs_Pipeline_loop_neighbors_fu_194 |  p3  |   2  |  64  |   128  ||    9    |
|----------------------------------------|------|------|------|--------||---------||---------|
|                  Total                 |      |      |      |   562  || 5.93629 ||    71   |
|----------------------------------------|------|------|------|--------||---------||---------|



* Summary:
+-----------+--------+--------+--------+
|           |  Delay |   FF   |   LUT  |
+-----------+--------+--------+--------+
|  Function |    3   |   569  |  2813  |
|   Memory  |    -   |    -   |    -   |
|Multiplexer|    5   |    -   |   71   |
|  Register |    -   |   755  |    -   |
+-----------+--------+--------+--------+
|   Total   |    9   |  1324  |  2884  |
+-----------+--------+--------+--------+
