

================================================================
== Vitis HLS Report for 'bfs'
================================================================
* Date:           Mon Mar 10 00:11:52 2025

* Version:        2022.1 (Build 3526262 on Mon Apr 18 15:47:01 MDT 2022)
* Project:        bfs_random_prj_p1
* Solution:       solution (Vivado IP Flow Target)
* Product family: virtex7
* Target device:  xc7vx485t-ffg1761-2


================================================================
== Performance Estimates
================================================================
+ Timing: 
    * Summary: 
    +--------+----------+----------+------------+
    |  Clock |  Target  | Estimated| Uncertainty|
    +--------+----------+----------+------------+
    |ap_clk  |  10.00 ns|  6.904 ns|     2.70 ns|
    +--------+----------+----------+------------+

+ Latency: 
    * Summary: 
    +---------+---------+----------+----------+-----+-----+---------+
    |  Latency (cycles) |  Latency (absolute) |  Interval | Pipeline|
    |   min   |   max   |    min   |    max   | min | max |   Type  |
    +---------+---------+----------+----------+-----+-----+---------+
    |        ?|        ?|         ?|         ?|    ?|    ?|       no|
    +---------+---------+----------+----------+-----+-----+---------+

    + Detail: 
        * Instance: 
        +----------------------------------------+-----------------------------+---------+---------+----------+----------+-----+-----+---------+
        |                                        |                             |  Latency (cycles) |  Latency (absolute) |  Interval | Pipeline|
        |                Instance                |            Module           |   min   |   max   |    min   |    max   | min | max |   Type  |
        +----------------------------------------+-----------------------------+---------+---------+----------+----------+-----+-----+---------+
        |grp_bfs_Pipeline_loop_neighbors_fu_194  |bfs_Pipeline_loop_neighbors  |        ?|        ?|         ?|         ?|    ?|    ?|       no|
        +----------------------------------------+-----------------------------+---------+---------+----------+----------+-----+-----+---------+

        * Loop: 
        +-----------------+---------+---------+----------+-----------+-----------+------+----------+
        |                 |  Latency (cycles) | Iteration|  Initiation Interval  | Trip |          |
        |    Loop Name    |   min   |   max   |  Latency |  achieved |   target  | Count| Pipelined|
        +-----------------+---------+---------+----------+-----------+-----------+------+----------+
        |- loop_horizons  |        ?|        ?|         ?|          -|          -|     ?|        no|
        | + loop_nodes    |        ?|        ?|         ?|          -|          -|   256|        no|
        +-----------------+---------+---------+----------+-----------+-----------+------+----------+



================================================================
== Utilization Estimates
================================================================
* Summary: 
+-----------------+---------+------+--------+--------+-----+
|       Name      | BRAM_18K|  DSP |   FF   |   LUT  | URAM|
+-----------------+---------+------+--------+--------+-----+
|DSP              |        -|     -|       -|       -|    -|
|Expression       |        -|     -|       0|    1316|    -|
|FIFO             |        -|     -|       -|       -|    -|
|Instance         |        -|     -|     420|    1683|    -|
|Memory           |        -|     -|       -|       -|    -|
|Multiplexer      |        -|     -|       -|     168|    -|
|Register         |        -|     -|     629|       -|    -|
+-----------------+---------+------+--------+--------+-----+
|Total            |        0|     0|    1049|    3167|    0|
+-----------------+---------+------+--------+--------+-----+
|Available        |     2060|  2800|  607200|  303600|    0|
+-----------------+---------+------+--------+--------+-----+
|Utilization (%)  |        0|     0|      ~0|       1|    0|
+-----------------+---------+------+--------+--------+-----+

+ Detail: 
    * Instance: 
    +----------------------------------------+-----------------------------+---------+----+-----+------+-----+
    |                Instance                |            Module           | BRAM_18K| DSP|  FF |  LUT | URAM|
    +----------------------------------------+-----------------------------+---------+----+-----+------+-----+
    |grp_bfs_Pipeline_loop_neighbors_fu_194  |bfs_Pipeline_loop_neighbors  |        0|   0|  420|  1683|    0|
    +----------------------------------------+-----------------------------+---------+----+-----+------+-----+
    |Total                                   |                             |        0|   0|  420|  1683|    0|
    +----------------------------------------+-----------------------------+---------+----+-----+------+-----+

    * DSP: 
    N/A

    * Memory: 
    N/A

    * FIFO: 
    N/A

    * Expression: 
    +-----------------------+----------+----+---+-----+------------+------------+
    |     Variable Name     | Operation| DSP| FF| LUT | Bitwidth P0| Bitwidth P1|
    +-----------------------+----------+----+---+-----+------------+------------+
    |add_ln21_fu_270_p2     |         +|   0|  0|   71|          64|           1|
    |empty_fu_276_p2        |         +|   0|  0|   15|           8|           1|
    |n_1_fu_288_p2          |         +|   0|  0|   16|           9|           1|
    |and_ln18_fu_256_p2     |       and|   0|  0|   16|          16|          16|
    |icmp_ln24_fu_282_p2    |      icmp|   0|  0|   11|           9|          10|
    |icmp_ln25_fu_352_p2    |      icmp|   0|  0|   29|          64|          64|
    |icmp_ln28_fu_390_p2    |      icmp|   0|  0|   29|          64|          64|
    |icmp_ln39_fu_313_p2    |      icmp|   0|  0|   29|          64|           1|
    |lshr_ln25_fu_334_p2    |      lshr|   0|  0|   35|          16|          16|
    |lshr_ln26_fu_368_p2    |      lshr|   0|  0|  950|         256|         256|
    |select_ln28_fu_402_p3  |    select|   0|  0|   64|           1|          64|
    |shl_ln18_fu_244_p2     |       shl|   0|  0|   35|           8|          16|
    |xor_ln18_fu_250_p2     |       xor|   0|  0|   16|          16|           2|
    +-----------------------+----------+----+---+-----+------------+------------+
    |Total                  |          |   0|  0| 1316|         595|         512|
    +-----------------------+----------+----+---+-----+------------+------------+

    * Multiplexer: 
    +--------------------------------+----+-----------+-----+-----------+
    |              Name              | LUT| Input Size| Bits| Total Bits|
    +--------------------------------+----+-----------+-----+-----------+
    |ap_NS_fsm                       |  37|          9|    1|          9|
    |ap_phi_mux_cnt_1_phi_fu_183_p6  |   9|          2|   64|        128|
    |cnt_1_reg_179                   |   9|          2|   64|        128|
    |cnt_reg_155                     |   9|          2|   64|        128|
    |horizon_fu_80                   |   9|          2|   64|        128|
    |level_address0                  |  21|          5|    7|         35|
    |level_ce0                       |  13|          3|    1|          3|
    |level_counts_address0           |  13|          3|    4|         12|
    |level_counts_d0                 |  13|          3|   64|        192|
    |level_d0                        |  13|          3|   16|         48|
    |level_we0                       |  13|          3|    1|          3|
    |n_reg_168                       |   9|          2|    9|         18|
    +--------------------------------+----+-----------+-----+-----------+
    |Total                           | 168|         39|  359|        832|
    +--------------------------------+----+-----------+-----+-----------+

    * Register: 
    +-----------------------------------------------------+----+----+-----+-----------+
    |                         Name                        | FF | LUT| Bits| Const Bits|
    +-----------------------------------------------------+----+----+-----+-----------+
    |add_ln21_reg_444                                     |  64|   0|   64|          0|
    |ap_CS_fsm                                            |   8|   0|    8|          0|
    |cnt_1_0_loc_fu_88                                    |  64|   0|   64|          0|
    |cnt_1_reg_179                                        |  64|   0|   64|          0|
    |cnt_2_0_loc_fu_84                                    |  64|   0|   64|          0|
    |cnt_reg_155                                          |  64|   0|   64|          0|
    |empty_reg_450                                        |   8|   0|    8|          0|
    |grp_bfs_Pipeline_loop_neighbors_fu_194_ap_start_reg  |   1|   0|    1|          0|
    |horizon_1_reg_439                                    |  64|   0|   64|          0|
    |horizon_fu_80                                        |  64|   0|   64|          0|
    |icmp_ln25_reg_482                                    |   1|   0|    1|          0|
    |icmp_ln28_reg_501                                    |   1|   0|    1|          0|
    |level_addr_reg_434                                   |   7|   0|    7|          0|
    |n_1_reg_458                                          |   9|   0|    9|          0|
    |n_reg_168                                            |   9|   0|    9|          0|
    |targetBlock_reg_505                                  |   1|   0|    1|          0|
    |tmp_begin_reg_491                                    |  64|   0|   64|          0|
    |tmp_end_reg_496                                      |  64|   0|   64|          0|
    |trunc_ln25_reg_463                                   |   1|   0|    1|          0|
    |zext_ln25_reg_469                                    |   7|   0|   64|         57|
    +-----------------------------------------------------+----+----+-----+-----------+
    |Total                                                | 629|   0|  686|         57|
    +-----------------------------------------------------+----+----+-----+-----------+



================================================================
== Interface
================================================================
* Summary: 
+-----------------------+-----+-----+------------+---------------+--------------+
|       RTL Ports       | Dir | Bits|  Protocol  | Source Object |    C Type    |
+-----------------------+-----+-----+------------+---------------+--------------+
|ap_clk                 |   in|    1|  ap_ctrl_hs|            bfs|  return value|
|ap_rst                 |   in|    1|  ap_ctrl_hs|            bfs|  return value|
|ap_start               |   in|    1|  ap_ctrl_hs|            bfs|  return value|
|ap_done                |  out|    1|  ap_ctrl_hs|            bfs|  return value|
|ap_idle                |  out|    1|  ap_ctrl_hs|            bfs|  return value|
|ap_ready               |  out|    1|  ap_ctrl_hs|            bfs|  return value|
|nodes_address0         |  out|    7|   ap_memory|          nodes|         array|
|nodes_ce0              |  out|    1|   ap_memory|          nodes|         array|
|nodes_q0               |   in|  256|   ap_memory|          nodes|         array|
|edges_address0         |  out|   11|   ap_memory|          edges|         array|
|edges_ce0              |  out|    1|   ap_memory|          edges|         array|
|edges_q0               |   in|  128|   ap_memory|          edges|         array|
|edges_address1         |  out|   11|   ap_memory|          edges|         array|
|edges_ce1              |  out|    1|   ap_memory|          edges|         array|
|edges_q1               |   in|  128|   ap_memory|          edges|         array|
|starting_node          |   in|   64|     ap_none|  starting_node|        scalar|
|level_address0         |  out|    7|   ap_memory|          level|         array|
|level_ce0              |  out|    1|   ap_memory|          level|         array|
|level_we0              |  out|    1|   ap_memory|          level|         array|
|level_d0               |  out|   16|   ap_memory|          level|         array|
|level_q0               |   in|   16|   ap_memory|          level|         array|
|level_counts_address0  |  out|    4|   ap_memory|   level_counts|         array|
|level_counts_ce0       |  out|    1|   ap_memory|   level_counts|         array|
|level_counts_we0       |  out|    1|   ap_memory|   level_counts|         array|
|level_counts_d0        |  out|   64|   ap_memory|   level_counts|         array|
+-----------------------+-----+-----+------------+---------------+--------------+

