

================================================================
== Vitis HLS Report for 'bfs'
================================================================
* Date:           Mon Mar 10 00:13:49 2025

* Version:        2022.1 (Build 3526262 on Mon Apr 18 15:47:01 MDT 2022)
* Project:        bfs_random_prj_p1
* Solution:       solution (Vivado IP Flow Target)
* Product family: virtex7
* Target device:  xc7vx485t-ffg1761-2


================================================================
== Performance Estimates
================================================================
+ Timing: 
    * Summary: 
    +--------+----------+----------+------------+
    |  Clock |  Target  | Estimated| Uncertainty|
    +--------+----------+----------+------------+
    |ap_clk  |  10.00 ns|  7.139 ns|     2.70 ns|
    +--------+----------+----------+------------+

+ Latency: 
    * Summary: 
    +---------+---------+----------+----------+-----+-----+---------+
    |  Latency (cycles) |  Latency (absolute) |  Interval | Pipeline|
    |   min   |   max   |    min   |    max   | min | max |   Type  |
    +---------+---------+----------+----------+-----+-----+---------+
    |        ?|        ?|         ?|         ?|    ?|    ?|       no|
    +---------+---------+----------+----------+-----+-----+---------+

    + Detail: 
        * Instance: 
        +-----------------------------------------+------------------------------+---------+---------+----------+----------+-----+-----+---------+
        |                                         |                              |  Latency (cycles) |  Latency (absolute) |  Interval | Pipeline|
        |                 Instance                |            Module            |   min   |   max   |    min   |    max   | min | max |   Type  |
        +-----------------------------------------+------------------------------+---------+---------+----------+----------+-----+-----+---------+
        |grp_bfs_Pipeline_loop_neighbors_fu_266   |bfs_Pipeline_loop_neighbors   |        ?|        ?|         ?|         ?|    ?|    ?|       no|
        |grp_bfs_Pipeline_loop_neighbors1_fu_280  |bfs_Pipeline_loop_neighbors1  |        ?|        ?|         ?|         ?|    ?|    ?|       no|
        +-----------------------------------------+------------------------------+---------+---------+----------+----------+-----+-----+---------+

        * Loop: 
        +-----------------+---------+---------+----------+-----------+-----------+------+----------+
        |                 |  Latency (cycles) | Iteration|  Initiation Interval  | Trip |          |
        |    Loop Name    |   min   |   max   |  Latency |  achieved |   target  | Count| Pipelined|
        +-----------------+---------+---------+----------+-----------+-----------+------+----------+
        |- loop_horizons  |        ?|        ?|         ?|          -|          -|     ?|        no|
        | + loop_nodes    |        ?|        ?|         ?|          -|          -|   128|        no|
        +-----------------+---------+---------+----------+-----------+-----------+------+----------+



================================================================
== Utilization Estimates
================================================================
* Summary: 
+-----------------+---------+------+--------+--------+-----+
|       Name      | BRAM_18K|  DSP |   FF   |   LUT  | URAM|
+-----------------+---------+------+--------+--------+-----+
|DSP              |        -|     -|       -|       -|    -|
|Expression       |        -|     -|       0|    2805|    -|
|FIFO             |        -|     -|       -|       -|    -|
|Instance         |        -|     9|    1540|    2302|    -|
|Memory           |        -|     -|       -|       -|    -|
|Multiplexer      |        -|     -|       -|     598|    -|
|Register         |        -|     -|     716|       -|    -|
+-----------------+---------+------+--------+--------+-----+
|Total            |        0|     9|    2256|    5705|    0|
+-----------------+---------+------+--------+--------+-----+
|Available        |     2060|  2800|  607200|  303600|    0|
+-----------------+---------+------+--------+--------+-----+
|Utilization (%)  |        0|    ~0|      ~0|       1|    0|
+-----------------+---------+------+--------+--------+-----+

+ Detail: 
    * Instance: 
    +-----------------------------------------+------------------------------+---------+----+-----+-----+-----+
    |                 Instance                |            Module            | BRAM_18K| DSP|  FF | LUT | URAM|
    +-----------------------------------------+------------------------------+---------+----+-----+-----+-----+
    |grp_bfs_Pipeline_loop_neighbors_fu_266   |bfs_Pipeline_loop_neighbors   |        0|   0|  206|  831|    0|
    |grp_bfs_Pipeline_loop_neighbors1_fu_280  |bfs_Pipeline_loop_neighbors1  |        0|   0|  206|  831|    0|
    |mul_63ns_65ns_123_2_1_U15                |mul_63ns_65ns_123_2_1         |        0|   9|  361|  179|    0|
    |urem_63ns_3ns_63_67_seq_1_U16            |urem_63ns_3ns_63_67_seq_1     |        0|   0|  767|  461|    0|
    +-----------------------------------------+------------------------------+---------+----+-----+-----+-----+
    |Total                                    |                              |        0|   9| 1540| 2302|    0|
    +-----------------------------------------+------------------------------+---------+----+-----+-----+-----+

    * DSP: 
    N/A

    * Memory: 
    N/A

    * FIFO: 
    N/A

    * Expression: 
    +-----------------------+----------+----+---+-----+------------+------------+
    |     Variable Name     | Operation| DSP| FF| LUT | Bitwidth P0| Bitwidth P1|
    +-----------------------+----------+----+---+-----+------------+------------+
    |add_ln21_fu_368_p2     |         +|   0|  0|   71|          64|           1|
    |empty_fu_374_p2        |         +|   0|  0|   15|           8|           1|
    |n_1_fu_524_p2          |         +|   0|  0|   16|           9|           2|
    |and_ln18_fu_341_p2     |       and|   0|  0|   16|          16|          16|
    |and_ln39_1_fu_624_p2   |       and|   0|  0|  128|         128|         128|
    |and_ln39_2_fu_578_p2   |       and|   0|  0|  128|         128|         128|
    |and_ln39_fu_658_p2     |       and|   0|  0|    2|           1|           1|
    |icmp_ln21_fu_653_p2    |      icmp|   0|  0|   29|          64|           4|
    |icmp_ln25_1_fu_488_p2  |      icmp|   0|  0|   29|          64|          64|
    |icmp_ln25_fu_440_p2    |      icmp|   0|  0|   29|          64|          64|
    |icmp_ln28_1_fu_515_p2  |      icmp|   0|  0|   29|          64|          64|
    |icmp_ln28_fu_461_p2    |      icmp|   0|  0|   29|          64|          64|
    |icmp_ln39_fu_647_p2    |      icmp|   0|  0|   29|          64|           1|
    |level_counts_1_d0      |        or|   0|  0|  128|         128|         128|
    |or_ln39_fu_640_p2      |        or|   0|  0|  128|         128|         128|
    |shl_ln18_fu_329_p2     |       shl|   0|  0|   35|           8|          16|
    |shl_ln39_1_fu_634_p2   |       shl|   0|  0|  423|         128|         128|
    |shl_ln39_2_fu_566_p2   |       shl|   0|  0|  423|          64|         128|
    |shl_ln39_3_fu_588_p2   |       shl|   0|  0|  423|         128|         128|
    |shl_ln39_fu_612_p2     |       shl|   0|  0|  423|          64|         128|
    |xor_ln18_fu_335_p2     |       xor|   0|  0|   16|          16|           2|
    |xor_ln39_1_fu_572_p2   |       xor|   0|  0|  128|         128|           2|
    |xor_ln39_fu_618_p2     |       xor|   0|  0|  128|         128|           2|
    +-----------------------+----------+----+---+-----+------------+------------+
    |Total                  |          |   0|  0| 2805|        1658|        1328|
    +-----------------------+----------+----+---+-----+------------+------------+

    * Multiplexer: 
    +-------------------------+-----+-----------+-----+-----------+
    |           Name          | LUT | Input Size| Bits| Total Bits|
    +-------------------------+-----+-----------+-----+-----------+
    |ap_NS_fsm                |  383|         81|    1|         81|
    |cnt_3_reg_237            |    9|          2|   64|        128|
    |cnt_4_reg_251            |   13|          3|   64|        192|
    |cnt_reg_213              |    9|          2|   64|        128|
    |edges_address0           |   13|          3|   11|         33|
    |edges_ce0                |   13|          3|    1|          3|
    |horizon_fu_118           |    9|          2|   64|        128|
    |level_address0           |   29|          7|    7|         49|
    |level_ce0                |   17|          4|    1|          4|
    |level_counts_0_address0  |   21|          5|    2|         10|
    |level_counts_0_d0        |   13|          3|  128|        384|
    |level_counts_1_address0  |   13|          3|    2|          6|
    |level_d0                 |   17|          4|   16|         64|
    |level_we0                |   17|          4|    1|          4|
    |n_reg_225                |    9|          2|    9|         18|
    |nodes_address0           |   13|          3|    7|         21|
    +-------------------------+-----+-----------+-----+-----------+
    |Total                    |  598|        131|  442|       1253|
    +-------------------------+-----+-----------+-----+-----------+

    * Register: 
    +------------------------------------------------------+----+----+-----+-----------+
    |                         Name                         | FF | LUT| Bits| Const Bits|
    +------------------------------------------------------+----+----+-----+-----------+
    |add_ln21_reg_705                                      |  64|   0|   64|          0|
    |ap_CS_fsm                                             |  80|   0|   80|          0|
    |cnt_3_reg_237                                         |  64|   0|   64|          0|
    |cnt_4_reg_251                                         |  64|   0|   64|          0|
    |cnt_reg_213                                           |  64|   0|   64|          0|
    |empty_reg_712                                         |   8|   0|    8|          0|
    |grp_bfs_Pipeline_loop_neighbors1_fu_280_ap_start_reg  |   1|   0|    1|          0|
    |grp_bfs_Pipeline_loop_neighbors_fu_266_ap_start_reg   |   1|   0|    1|          0|
    |horizon_fu_118                                        |  64|   0|   64|          0|
    |icmp_ln25_1_reg_768                                   |   1|   0|    1|          0|
    |icmp_ln25_reg_742                                     |   1|   0|    1|          0|
    |icmp_ln28_1_reg_787                                   |   1|   0|    1|          0|
    |icmp_ln28_reg_761                                     |   1|   0|    1|          0|
    |level_addr_1_reg_727                                  |   7|   0|    7|          0|
    |level_addr_reg_692                                    |   7|   0|    7|          0|
    |level_counts_0_addr_1_reg_818                         |   2|   0|    2|          0|
    |level_counts_1_addr_reg_813                           |   2|   0|    2|          0|
    |n_1_reg_794                                           |   9|   0|    9|          0|
    |n_reg_225                                             |   9|   0|    9|          0|
    |tmp_5_reg_799                                         |   1|   0|    1|          0|
    |tmp_6_reg_804                                         |   1|   0|    1|          0|
    |tmp_begin_1_reg_777                                   |  64|   0|   64|          0|
    |tmp_begin_reg_751                                     |  64|   0|   64|          0|
    |tmp_end_1_reg_782                                     |  64|   0|   64|          0|
    |tmp_end_reg_756                                       |  64|   0|   64|          0|
    |trunc_ln39_reg_809                                    |   1|   0|    1|          0|
    |zext_ln25_reg_721                                     |   7|   0|   64|         57|
    +------------------------------------------------------+----+----+-----+-----------+
    |Total                                                 | 716|   0|  773|         57|
    +------------------------------------------------------+----+----+-----+-----------+



================================================================
== Interface
================================================================
* Summary: 
+-------------------------+-----+-----+------------+----------------+--------------+
|        RTL Ports        | Dir | Bits|  Protocol  |  Source Object |    C Type    |
+-------------------------+-----+-----+------------+----------------+--------------+
|ap_clk                   |   in|    1|  ap_ctrl_hs|             bfs|  return value|
|ap_rst                   |   in|    1|  ap_ctrl_hs|             bfs|  return value|
|ap_start                 |   in|    1|  ap_ctrl_hs|             bfs|  return value|
|ap_done                  |  out|    1|  ap_ctrl_hs|             bfs|  return value|
|ap_idle                  |  out|    1|  ap_ctrl_hs|             bfs|  return value|
|ap_ready                 |  out|    1|  ap_ctrl_hs|             bfs|  return value|
|nodes_address0           |  out|    7|   ap_memory|           nodes|         array|
|nodes_ce0                |  out|    1|   ap_memory|           nodes|         array|
|nodes_q0                 |   in|  256|   ap_memory|           nodes|         array|
|edges_address0           |  out|   11|   ap_memory|           edges|         array|
|edges_ce0                |  out|    1|   ap_memory|           edges|         array|
|edges_q0                 |   in|  128|   ap_memory|           edges|         array|
|starting_node            |   in|   64|     ap_none|   starting_node|        scalar|
|level_address0           |  out|    7|   ap_memory|           level|         array|
|level_ce0                |  out|    1|   ap_memory|           level|         array|
|level_we0                |  out|    1|   ap_memory|           level|         array|
|level_d0                 |  out|   16|   ap_memory|           level|         array|
|level_q0                 |   in|   16|   ap_memory|           level|         array|
|level_counts_0_address0  |  out|    2|   ap_memory|  level_counts_0|         array|
|level_counts_0_ce0       |  out|    1|   ap_memory|  level_counts_0|         array|
|level_counts_0_we0       |  out|    1|   ap_memory|  level_counts_0|         array|
|level_counts_0_d0        |  out|  128|   ap_memory|  level_counts_0|         array|
|level_counts_0_q0        |   in|  128|   ap_memory|  level_counts_0|         array|
|level_counts_1_address0  |  out|    2|   ap_memory|  level_counts_1|         array|
|level_counts_1_ce0       |  out|    1|   ap_memory|  level_counts_1|         array|
|level_counts_1_we0       |  out|    1|   ap_memory|  level_counts_1|         array|
|level_counts_1_d0        |  out|  128|   ap_memory|  level_counts_1|         array|
|level_counts_1_q0        |   in|  128|   ap_memory|  level_counts_1|         array|
+-------------------------+-----+-----+------------+----------------+--------------+

