

================================================================
== Synthesis Summary Report of 'bfs'
================================================================
+ General Information: 
    * Date:           Mon Mar 10 00:16:17 2025
    * Version:        2022.1 (Build 3526262 on Mon Apr 18 15:47:01 MDT 2022)
    * Project:        bfs_random_prj_p1
    * Solution:       solution (Vivado IP Flow Target)
    * Product family: virtex7
    * Target device:  xc7vx485t-ffg1761-2
    

+ Performance & Resource Estimates: 
    
    PS: '+' for module; 'o' for loop; '*' for dataflow
    +---------------------+------+------+---------+--------+----------+---------+------+----------+------+----+-----------+------------+-----+
    |       Modules       | Issue|      | Latency | Latency| Iteration|         | Trip |          |      |    |           |            |     |
    |       & Loops       | Type | Slack| (cycles)|  (ns)  |  Latency | Interval| Count| Pipelined| BRAM | DSP|     FF    |     LUT    | URAM|
    +---------------------+------+------+---------+--------+----------+---------+------+----------+------+----+-----------+------------+-----+
    |+ bfs                |     -|  0.40|        -|       -|         -|        -|     -|        no|     -|   -|  571 (~0%)|  1772 (~0%)|    -|
    | o loop_horizons     |     -|  7.30|        -|       -|         -|        -|     -|        no|     -|   -|          -|           -|    -|
    |  o loop_nodes       |     -|  7.30|        -|       -|         -|        -|     -|        no|     -|   -|          -|           -|    -|
    |   o loop_neighbors  |     -|  7.30|        -|       -|         3|        -|     -|        no|     -|   -|          -|           -|    -|
    +---------------------+------+------+---------+--------+----------+---------+------+----------+------+----+-----------+------------+-----+


================================================================
== HW Interfaces
================================================================
* AP_MEMORY
+-----------------------+----------+
| Interface             | Bitwidth |
+-----------------------+----------+
| edges_0_address0      | 11       |
| edges_0_q0            | 64       |
| edges_1_address0      | 11       |
| edges_1_q0            | 64       |
| level_address0        | 7        |
| level_counts_address0 | 4        |
| level_counts_d0       | 64       |
| level_d0              | 16       |
| level_q0              | 16       |
| nodes_address0        | 7        |
| nodes_q0              | 256      |
+-----------------------+----------+

* REGISTER
+---------------+---------+----------+
| Interface     | Mode    | Bitwidth |
+---------------+---------+----------+
| starting_node | ap_none | 64       |
+---------------+---------+----------+

* TOP LEVEL CONTROL
+-----------+------------+-----------------------------------+
| Interface | Type       | Ports                             |
+-----------+------------+-----------------------------------+
| ap_clk    | clock      | ap_clk                            |
| ap_rst    | reset      | ap_rst                            |
| ap_ctrl   | ap_ctrl_hs | ap_done ap_idle ap_ready ap_start |
+-----------+------------+-----------------------------------+


================================================================
== SW I/O Information
================================================================
* Top Function Arguments
+---------------+-----------+--------------------+
| Argument      | Direction | Datatype           |
+---------------+-----------+--------------------+
| nodes         | in        | node_t_struct*     |
| edges         | in        | edge_t_struct*     |
| starting_node | in        | long unsigned int  |
| level         | inout     | signed char*       |
| level_counts  | out       | long unsigned int* |
+---------------+-----------+--------------------+

* SW-to-HW Mapping
+---------------+-----------------------+---------+----------+
| Argument      | HW Interface          | HW Type | HW Usage |
+---------------+-----------------------+---------+----------+
| nodes         | nodes_address0        | port    | offset   |
| nodes         | nodes_ce0             | port    |          |
| nodes         | nodes_q0              | port    |          |
| edges         | edges_0_address0      | port    | offset   |
| edges         | edges_0_ce0           | port    |          |
| edges         | edges_0_q0            | port    |          |
| edges         | edges_1_address0      | port    | offset   |
| edges         | edges_1_ce0           | port    |          |
| edges         | edges_1_q0            | port    |          |
| starting_node | starting_node         | port    |          |
| level         | level_address0        | port    | offset   |
| level         | level_ce0             | port    |          |
| level         | level_we0             | port    |          |
| level         | level_d0              | port    |          |
| level         | level_q0              | port    |          |
| level_counts  | level_counts_address0 | port    | offset   |
| level_counts  | level_counts_ce0      | port    |          |
| level_counts  | level_counts_we0      | port    |          |
| level_counts  | level_counts_d0       | port    |          |
+---------------+-----------------------+---------+----------+


================================================================
== M_AXI Burst Information
================================================================
 Note: All burst requests might be further partitioned into multiple requests during RTL generation based on max_read_burst_length or max_write_burst_length settings.

  No burst in design

================================================================
== Bind Op Report
================================================================
+----------------------+-----+--------+----------+-----+--------+---------+
| Name                 | DSP | Pragma | Variable | Op  | Impl   | Latency |
+----------------------+-----+--------+----------+-----+--------+---------+
| + bfs                | 0   |        |          |     |        |         |
|   add_ln21_fu_327_p2 | -   |        | add_ln21 | add | fabric | 0       |
|   empty_fu_333_p2    | -   |        | empty    | add | fabric | 0       |
|   n_1_fu_345_p2      | -   |        | n_1      | add | fabric | 0       |
|   cnt_4_fu_570_p2    | -   |        | cnt_4    | add | fabric | 0       |
|   e_2_fu_577_p2      | -   |        | e_2      | add | fabric | 0       |
+----------------------+-----+--------+----------+-----+--------+---------+


================================================================
== Bind Storage Report
================================================================
  No bind storage info in design

================================================================
== Pragma Report
================================================================
* Valid Pragma Syntax
+--------------------+---------------------------------------------+----------------------------------------------------------------------------------------+
| Type               | Options                                     | Location                                                                               |
+--------------------+---------------------------------------------+----------------------------------------------------------------------------------------+
| array_partition    | variable=edges block factor=2 dim=1         | ../../../../dse_ds/MachSuite/random_ds/bfs/bulk/p1/script/dir_57.tcl:4 in bfs, edges   |
| array_reshape      | variable=level cyclic factor=2 dim=1        | ../../../../dse_ds/MachSuite/random_ds/bfs/bulk/p1/script/dir_57.tcl:5 in bfs, level   |
| array_reshape      | variable=nodes cyclic factor=2 dim=1        | ../../../../dse_ds/MachSuite/random_ds/bfs/bulk/p1/script/dir_57.tcl:3 in bfs, nodes   |
| bind_op            | variable=cnt op=add impl=dsp latency=-1     | ../../../../dse_ds/MachSuite/random_ds/bfs/bulk/p1/script/dir_57.tcl:9 in bfs, cnt     |
| bind_op            | variable=e op=add impl=fabric latency=-1    | ../../../../dse_ds/MachSuite/random_ds/bfs/bulk/p1/script/dir_57.tcl:8 in bfs, e       |
| bind_op            | variable=horizon op=add impl=dsp latency=-1 | ../../../../dse_ds/MachSuite/random_ds/bfs/bulk/p1/script/dir_57.tcl:6 in bfs, horizon |
| bind_op            | variable=n op=add impl=fabric latency=-1    | ../../../../dse_ds/MachSuite/random_ds/bfs/bulk/p1/script/dir_57.tcl:7 in bfs, n       |
| expression_balance |                                             | ../../../../dse_ds/MachSuite/random_ds/bfs/bulk/p1/script/dir_57.tcl:1 in bfs          |
| pipeline           | off                                         | ../../../../dse_ds/MachSuite/random_ds/bfs/bulk/p1/script/dir_57.tcl:2 in bfs          |
+--------------------+---------------------------------------------+----------------------------------------------------------------------------------------+


