

================================================================
== Vitis HLS Report for 'bfs'
================================================================
* Date:           Mon Mar 10 00:10:39 2025

* Version:        2022.1 (Build 3526262 on Mon Apr 18 15:47:01 MDT 2022)
* Project:        bfs_random_prj_p1
* Solution:       solution (Vivado IP Flow Target)
* Product family: virtex7
* Target device:  xc7vx485t-ffg1761-2


================================================================
== Performance Estimates
================================================================
+ Timing: 
    * Summary: 
    +--------+----------+----------+------------+
    |  Clock |  Target  | Estimated| Uncertainty|
    +--------+----------+----------+------------+
    |ap_clk  |  10.00 ns|  5.393 ns|     2.70 ns|
    +--------+----------+----------+------------+

+ Latency: 
    * Summary: 
    +---------+---------+----------+----------+-----+-----+---------+
    |  Latency (cycles) |  Latency (absolute) |  Interval | Pipeline|
    |   min   |   max   |    min   |    max   | min | max |   Type  |
    +---------+---------+----------+----------+-----+-----+---------+
    |        ?|        ?|         ?|         ?|    ?|    ?|       no|
    +---------+---------+----------+----------+-----+-----+---------+

    + Detail: 
        * Instance: 
        N/A

        * Loop: 
        +---------------------+---------+---------+----------+-----------+-----------+-------+----------+
        |                     |  Latency (cycles) | Iteration|  Initiation Interval  |  Trip |          |
        |      Loop Name      |   min   |   max   |  Latency |  achieved |   target  | Count | Pipelined|
        +---------------------+---------+---------+----------+-----------+-----------+-------+----------+
        |- loop_horizons      |        ?|        ?|         ?|          -|          -|  1 ~ 5|        no|
        | + loop_nodes        |        ?|        ?|         ?|          -|          -|    128|        no|
        |  ++ loop_neighbors  |        ?|        ?|         4|          -|          -|      ?|        no|
        |  ++ loop_neighbors  |        ?|        ?|         4|          -|          -|      ?|        no|
        | + loop_nodes        |        ?|        ?|         ?|          -|          -|    128|        no|
        |  ++ loop_neighbors  |        ?|        ?|         4|          -|          -|      ?|        no|
        |  ++ loop_neighbors  |        ?|        ?|         3|          -|          -|      ?|        no|
        +---------------------+---------+---------+----------+-----------+-----------+-------+----------+



================================================================
== Utilization Estimates
================================================================
* Summary: 
+-----------------+---------+------+--------+--------+-----+
|       Name      | BRAM_18K|  DSP |   FF   |   LUT  | URAM|
+-----------------+---------+------+--------+--------+-----+
|DSP              |        -|     -|       -|       -|    -|
|Expression       |        -|     -|       0|     979|    -|
|FIFO             |        -|     -|       -|       -|    -|
|Instance         |        -|     -|       0|     108|    -|
|Memory           |        -|     -|       -|       -|    -|
|Multiplexer      |        -|     -|       -|     532|    -|
|Register         |        -|     -|    1662|       -|    -|
+-----------------+---------+------+--------+--------+-----+
|Total            |        0|     0|    1662|    1619|    0|
+-----------------+---------+------+--------+--------+-----+
|Available        |     2060|  2800|  607200|  303600|    0|
+-----------------+---------+------+--------+--------+-----+
|Utilization (%)  |        0|     0|      ~0|      ~0|    0|
+-----------------+---------+------+--------+--------+-----+

+ Detail: 
    * Instance: 
    +--------------------+----------------+---------+----+---+----+-----+
    |      Instance      |     Module     | BRAM_18K| DSP| FF| LUT| URAM|
    +--------------------+----------------+---------+----+---+----+-----+
    |mux_21_64_1_1_U1    |mux_21_64_1_1   |        0|   0|  0|   9|    0|
    |mux_21_64_1_1_U2    |mux_21_64_1_1   |        0|   0|  0|   9|    0|
    |mux_21_64_1_1_U4    |mux_21_64_1_1   |        0|   0|  0|   9|    0|
    |mux_21_64_1_1_U5    |mux_21_64_1_1   |        0|   0|  0|   9|    0|
    |mux_21_64_1_1_U7    |mux_21_64_1_1   |        0|   0|  0|   9|    0|
    |mux_21_64_1_1_U8    |mux_21_64_1_1   |        0|   0|  0|   9|    0|
    |mux_21_64_1_1_U10   |mux_21_64_1_1   |        0|   0|  0|   9|    0|
    |mux_21_64_1_1_U11   |mux_21_64_1_1   |        0|   0|  0|   9|    0|
    |mux_253_64_1_1_U3   |mux_253_64_1_1  |        0|   0|  0|   9|    0|
    |mux_253_64_1_1_U6   |mux_253_64_1_1  |        0|   0|  0|   9|    0|
    |mux_253_64_1_1_U9   |mux_253_64_1_1  |        0|   0|  0|   9|    0|
    |mux_253_64_1_1_U12  |mux_253_64_1_1  |        0|   0|  0|   9|    0|
    +--------------------+----------------+---------+----+---+----+-----+
    |Total               |                |        0|   0|  0| 108|    0|
    +--------------------+----------------+---------+----+---+----+-----+

    * DSP: 
    N/A

    * Memory: 
    N/A

    * FIFO: 
    N/A

    * Expression: 
    +------------------------+----------+----+---+----+------------+------------+
    |      Variable Name     | Operation| DSP| FF| LUT| Bitwidth P0| Bitwidth P1|
    +------------------------+----------+----+---+----+------------+------------+
    |add_ln21_fu_814_p2      |         +|   0|  0|  13|           4|           2|
    |add_ln39_fu_1032_p2     |         +|   0|  0|  14|           6|           4|
    |cnt_12_fu_1000_p2       |         +|   0|  0|  71|          64|           1|
    |cnt_16_fu_1240_p2       |         +|   0|  0|  71|          64|           1|
    |cnt_5_fu_914_p2         |         +|   0|  0|  71|          64|           1|
    |cnt_8_fu_1154_p2        |         +|   0|  0|  71|          64|           1|
    |e_11_fu_1247_p2         |         +|   0|  0|  71|          64|           1|
    |e_3_fu_920_p2           |         +|   0|  0|  71|          64|           1|
    |e_6_fu_1160_p2          |         +|   0|  0|  71|          64|           1|
    |e_9_fu_1006_p2          |         +|   0|  0|  71|          64|           1|
    |n_4_fu_973_p2           |         +|   0|  0|  16|           9|           2|
    |n_5_fu_1213_p2          |         +|   0|  0|  16|           9|           2|
    |grp_fu_641_p2           |      icmp|   0|  0|  11|           8|           8|
    |grp_fu_684_p2           |      icmp|   0|  0|  11|           8|           7|
    |grp_fu_730_p2           |      icmp|   0|  0|  11|           8|           8|
    |icmp_ln21_fu_765_p2     |      icmp|   0|  0|   9|           4|           4|
    |icmp_ln28_1_fu_863_p2   |      icmp|   0|  0|  29|          64|          64|
    |icmp_ln28_2_fu_1097_p2  |      icmp|   0|  0|  29|          64|          64|
    |icmp_ln28_3_fu_952_p2   |      icmp|   0|  0|  29|          64|          64|
    |icmp_ln28_4_fu_1103_p2  |      icmp|   0|  0|  29|          64|          64|
    |icmp_ln28_5_fu_958_p2   |      icmp|   0|  0|  29|          64|          64|
    |icmp_ln28_6_fu_1192_p2  |      icmp|   0|  0|  29|          64|          64|
    |icmp_ln28_7_fu_1198_p2  |      icmp|   0|  0|  29|          64|          64|
    |icmp_ln28_fu_857_p2     |      icmp|   0|  0|  29|          64|          64|
    |icmp_ln39_1_fu_1053_p2  |      icmp|   0|  0|  29|          64|           1|
    |icmp_ln39_fu_808_p2     |      icmp|   0|  0|  29|          64|           1|
    |conv20_fu_771_p2        |        or|   0|  0|   4|           4|           1|
    |n_2_fu_882_p2           |        or|   0|  0|   8|           8|           1|
    |n_3_fu_1122_p2          |        or|   0|  0|   8|           8|           1|
    +------------------------+----------+----+---+----+------------+------------+
    |Total                   |          |   0|  0| 979|        1228|         562|
    +------------------------+----------+----+---+----+------------+------------+

    * Multiplexer: 
    +---------------------------------+-----+-----------+-----+-----------+
    |               Name              | LUT | Input Size| Bits| Total Bits|
    +---------------------------------+-----+-----------+-----+-----------+
    |ap_NS_fsm                        |  147|         30|    1|         30|
    |ap_phi_mux_cnt_17_phi_fu_617_p4  |   13|          3|   64|        192|
    |cnt_10_reg_470                   |    9|          2|   64|        128|
    |cnt_11_reg_503                   |   13|          3|   64|        192|
    |cnt_13_reg_491                   |    9|          2|   64|        128|
    |cnt_14_reg_592                   |    9|          2|   64|        128|
    |cnt_15_reg_625                   |   13|          3|   64|        192|
    |cnt_1_reg_519                    |    9|          2|   64|        128|
    |cnt_2_reg_443                    |    9|          2|   64|        128|
    |cnt_3_reg_455                    |    9|          2|   64|        128|
    |cnt_4_reg_422                    |    9|          2|   64|        128|
    |cnt_6_reg_544                    |    9|          2|   64|        128|
    |cnt_7_reg_577                    |    9|          2|   64|        128|
    |cnt_9_reg_565                    |    9|          2|   64|        128|
    |cnt_reg_397                      |    9|          2|   64|        128|
    |e_10_reg_603                     |    9|          2|   64|        128|
    |e_1_reg_433                      |    9|          2|   64|        128|
    |e_5_reg_555                      |    9|          2|   64|        128|
    |e_7_reg_481                      |    9|          2|   64|        128|
    |edges_0_address0                 |   21|          5|   11|         55|
    |edges_1_address0                 |   21|          5|   11|         55|
    |horizon_fu_124                   |    9|          2|    4|          8|
    |level_address0                   |   57|         14|    8|        112|
    |level_counts_0_address0          |   13|          3|    3|          9|
    |level_counts_0_d0                |   13|          3|   64|        192|
    |level_d0                         |   17|          4|    8|         32|
    |n_1_reg_532                      |    9|          2|    9|         18|
    |n_reg_410                        |    9|          2|    9|         18|
    |nodes_0_address0                 |   21|          5|    6|         30|
    |nodes_1_address0                 |   21|          5|    6|         30|
    +---------------------------------+-----+-----------+-----+-----------+
    |Total                            |  532|        119| 1292|       3085|
    +---------------------------------+-----+-----------+-----+-----------+

    * Register: 
    +-----------------------+----+----+-----+-----------+
    |          Name         | FF | LUT| Bits| Const Bits|
    +-----------------------+----+----+-----+-----------+
    |add_ln21_reg_1290      |   4|   0|    4|          0|
    |ap_CS_fsm              |  29|   0|   29|          0|
    |cnt_10_reg_470         |  64|   0|   64|          0|
    |cnt_11_reg_503         |  64|   0|   64|          0|
    |cnt_13_reg_491         |  64|   0|   64|          0|
    |cnt_14_reg_592         |  64|   0|   64|          0|
    |cnt_15_reg_625         |  64|   0|   64|          0|
    |cnt_1_reg_519          |  64|   0|   64|          0|
    |cnt_2_reg_443          |  64|   0|   64|          0|
    |cnt_3_reg_455          |  64|   0|   64|          0|
    |cnt_4_reg_422          |  64|   0|   64|          0|
    |cnt_6_reg_544          |  64|   0|   64|          0|
    |cnt_7_reg_577          |  64|   0|   64|          0|
    |cnt_9_reg_565          |  64|   0|   64|          0|
    |cnt_reg_397            |  64|   0|   64|          0|
    |e_10_reg_603           |  64|   0|   64|          0|
    |e_1_reg_433            |  64|   0|   64|          0|
    |e_3_reg_1359           |  64|   0|   64|          0|
    |e_5_reg_555            |  64|   0|   64|          0|
    |e_6_reg_1498           |  64|   0|   64|          0|
    |e_7_reg_481            |  64|   0|   64|          0|
    |e_9_reg_1423           |  64|   0|   64|          0|
    |horizon_fu_124         |   4|   0|    4|          0|
    |icmp_ln21_reg_1268     |   1|   0|    1|          0|
    |icmp_ln25_1_reg_1439   |   1|   0|    1|          0|
    |icmp_ln25_2_reg_1364   |   1|   0|    1|          0|
    |icmp_ln25_3_reg_1503   |   1|   0|    1|          0|
    |icmp_ln25_reg_1300     |   1|   0|    1|          0|
    |icmp_ln28_2_reg_1463   |   1|   0|    1|          0|
    |icmp_ln28_3_reg_1388   |   1|   0|    1|          0|
    |icmp_ln28_6_reg_1527   |   1|   0|    1|          0|
    |icmp_ln28_reg_1324     |   1|   0|    1|          0|
    |icmp_ln39_reg_1286     |   1|   0|    1|          0|
    |level_addr_3_reg_1346  |   8|   0|    8|          0|
    |level_addr_5_reg_1485  |   8|   0|    8|          0|
    |level_addr_7_reg_1410  |   8|   0|    8|          0|
    |level_addr_8_reg_1549  |   8|   0|    8|          0|
    |n_1_reg_532            |   9|   0|    9|          0|
    |n_4_reg_1405           |   9|   0|    9|          0|
    |n_5_reg_1544           |   9|   0|    9|          0|
    |n_reg_410              |   9|   0|    9|          0|
    |tmp_end_1_reg_1458     |  64|   0|   64|          0|
    |tmp_end_2_reg_1383     |  64|   0|   64|          0|
    |tmp_end_3_reg_1522     |  64|   0|   64|          0|
    |tmp_end_reg_1319       |  64|   0|   64|          0|
    |zext_ln21_reg_1263     |   4|   0|    8|          4|
    |zext_ln24_2_reg_1295   |   4|   0|    8|          4|
    |zext_ln24_reg_1272     |   3|   0|    8|          5|
    +-----------------------+----+----+-----+-----------+
    |Total                  |1662|   0| 1675|         13|
    +-----------------------+----+----+-----+-----------+



================================================================
== Interface
================================================================
* Summary: 
+-------------------------+-----+-----+------------+----------------+--------------+
|        RTL Ports        | Dir | Bits|  Protocol  |  Source Object |    C Type    |
+-------------------------+-----+-----+------------+----------------+--------------+
|ap_clk                   |   in|    1|  ap_ctrl_hs|             bfs|  return value|
|ap_rst                   |   in|    1|  ap_ctrl_hs|             bfs|  return value|
|ap_start                 |   in|    1|  ap_ctrl_hs|             bfs|  return value|
|ap_done                  |  out|    1|  ap_ctrl_hs|             bfs|  return value|
|ap_idle                  |  out|    1|  ap_ctrl_hs|             bfs|  return value|
|ap_ready                 |  out|    1|  ap_ctrl_hs|             bfs|  return value|
|nodes_0_address0         |  out|    6|   ap_memory|         nodes_0|         array|
|nodes_0_ce0              |  out|    1|   ap_memory|         nodes_0|         array|
|nodes_0_q0               |   in|  256|   ap_memory|         nodes_0|         array|
|nodes_1_address0         |  out|    6|   ap_memory|         nodes_1|         array|
|nodes_1_ce0              |  out|    1|   ap_memory|         nodes_1|         array|
|nodes_1_q0               |   in|  256|   ap_memory|         nodes_1|         array|
|edges_0_address0         |  out|   11|   ap_memory|         edges_0|         array|
|edges_0_ce0              |  out|    1|   ap_memory|         edges_0|         array|
|edges_0_q0               |   in|   64|   ap_memory|         edges_0|         array|
|edges_1_address0         |  out|   11|   ap_memory|         edges_1|         array|
|edges_1_ce0              |  out|    1|   ap_memory|         edges_1|         array|
|edges_1_q0               |   in|   64|   ap_memory|         edges_1|         array|
|starting_node            |   in|   64|     ap_none|   starting_node|        scalar|
|level_address0           |  out|    8|   ap_memory|           level|         array|
|level_ce0                |  out|    1|   ap_memory|           level|         array|
|level_we0                |  out|    1|   ap_memory|           level|         array|
|level_d0                 |  out|    8|   ap_memory|           level|         array|
|level_q0                 |   in|    8|   ap_memory|           level|         array|
|level_counts_0_address0  |  out|    3|   ap_memory|  level_counts_0|         array|
|level_counts_0_ce0       |  out|    1|   ap_memory|  level_counts_0|         array|
|level_counts_0_we0       |  out|    1|   ap_memory|  level_counts_0|         array|
|level_counts_0_d0        |  out|   64|   ap_memory|  level_counts_0|         array|
|level_counts_1_address0  |  out|    3|   ap_memory|  level_counts_1|         array|
|level_counts_1_ce0       |  out|    1|   ap_memory|  level_counts_1|         array|
|level_counts_1_we0       |  out|    1|   ap_memory|  level_counts_1|         array|
|level_counts_1_d0        |  out|   64|   ap_memory|  level_counts_1|         array|
+-------------------------+-----+-----+------------+----------------+--------------+

