

================================================================
== Vitis HLS Report for 'bfs'
================================================================
* Date:           Mon Mar 10 00:16:54 2025

* Version:        2022.1 (Build 3526262 on Mon Apr 18 15:47:01 MDT 2022)
* Project:        bfs_random_prj_p1
* Solution:       solution (Vivado IP Flow Target)
* Product family: virtex7
* Target device:  xc7vx485t-ffg1761-2


================================================================
== Performance Estimates
================================================================
+ Timing: 
    * Summary: 
    +--------+----------+----------+------------+
    |  Clock |  Target  | Estimated| Uncertainty|
    +--------+----------+----------+------------+
    |ap_clk  |  10.00 ns|  5.393 ns|     2.70 ns|
    +--------+----------+----------+------------+

+ Latency: 
    * Summary: 
    +---------+---------+----------+----------+-----+-----+---------+
    |  Latency (cycles) |  Latency (absolute) |  Interval | Pipeline|
    |   min   |   max   |    min   |    max   | min | max |   Type  |
    +---------+---------+----------+----------+-----+-----+---------+
    |        ?|        ?|         ?|         ?|    ?|    ?|       no|
    +---------+---------+----------+----------+-----+-----+---------+

    + Detail: 
        * Instance: 
        +----------------------------------------+-----------------------------+---------+---------+----------+----------+-----+-----+---------+
        |                                        |                             |  Latency (cycles) |  Latency (absolute) |  Interval | Pipeline|
        |                Instance                |            Module           |   min   |   max   |    min   |    max   | min | max |   Type  |
        +----------------------------------------+-----------------------------+---------+---------+----------+----------+-----+-----+---------+
        |grp_bfs_Pipeline_loop_neighbors_fu_198  |bfs_Pipeline_loop_neighbors  |        ?|        ?|         ?|         ?|    ?|    ?|       no|
        +----------------------------------------+-----------------------------+---------+---------+----------+----------+-----+-----+---------+

        * Loop: 
        +-----------------+---------+---------+----------+-----------+-----------+------+----------+
        |                 |  Latency (cycles) | Iteration|  Initiation Interval  | Trip |          |
        |    Loop Name    |   min   |   max   |  Latency |  achieved |   target  | Count| Pipelined|
        +-----------------+---------+---------+----------+-----------+-----------+------+----------+
        |- loop_horizons  |        ?|        ?|         ?|          -|          -|     ?|        no|
        | + loop_nodes    |        ?|        ?|         ?|          -|          -|   256|        no|
        +-----------------+---------+---------+----------+-----------+-----------+------+----------+



================================================================
== Utilization Estimates
================================================================
* Summary: 
+-----------------+---------+------+--------+--------+-----+
|       Name      | BRAM_18K|  DSP |   FF   |   LUT  | URAM|
+-----------------+---------+------+--------+--------+-----+
|DSP              |        -|     -|       -|       -|    -|
|Expression       |        -|     -|       0|    1476|    -|
|FIFO             |        -|     -|       -|       -|    -|
|Instance         |        -|     -|     143|     264|    -|
|Memory           |        -|     -|       -|       -|    -|
|Multiplexer      |        -|     -|       -|     176|    -|
|Register         |        -|     -|     439|       -|    -|
+-----------------+---------+------+--------+--------+-----+
|Total            |        0|     0|     582|    1916|    0|
+-----------------+---------+------+--------+--------+-----+
|Available        |     2060|  2800|  607200|  303600|    0|
+-----------------+---------+------+--------+--------+-----+
|Utilization (%)  |        0|     0|      ~0|      ~0|    0|
+-----------------+---------+------+--------+--------+-----+

+ Detail: 
    * Instance: 
    +----------------------------------------+-----------------------------+---------+----+-----+-----+-----+
    |                Instance                |            Module           | BRAM_18K| DSP|  FF | LUT | URAM|
    +----------------------------------------+-----------------------------+---------+----+-----+-----+-----+
    |grp_bfs_Pipeline_loop_neighbors_fu_198  |bfs_Pipeline_loop_neighbors  |        0|   0|  143|  264|    0|
    +----------------------------------------+-----------------------------+---------+----+-----+-----+-----+
    |Total                                   |                             |        0|   0|  143|  264|    0|
    +----------------------------------------+-----------------------------+---------+----+-----+-----+-----+

    * DSP: 
    N/A

    * Memory: 
    N/A

    * FIFO: 
    N/A

    * Expression: 
    +--------------------------+----------+----+---+-----+------------+------------+
    |       Variable Name      | Operation| DSP| FF| LUT | Bitwidth P0| Bitwidth P1|
    +--------------------------+----------+----+---+-----+------------+------------+
    |add_ln21_cast1_fu_253_p2  |         +|   0|  0|   13|           4|           1|
    |add_ln21_fu_247_p2        |         +|   0|  0|   71|          64|           1|
    |empty_fu_265_p2           |         +|   0|  0|   15|           8|           1|
    |n_1_fu_277_p2             |         +|   0|  0|   16|           9|           1|
    |and_ln39_1_fu_364_p2      |       and|   0|  0|  128|         128|         128|
    |and_ln39_fu_398_p2        |       and|   0|  0|    2|           1|           1|
    |icmp_ln21_fu_393_p2       |      icmp|   0|  0|   29|          64|           4|
    |icmp_ln24_fu_271_p2       |      icmp|   0|  0|   11|           9|          10|
    |icmp_ln25_fu_310_p2       |      icmp|   0|  0|   29|          64|          64|
    |icmp_ln28_fu_331_p2       |      icmp|   0|  0|   29|          64|          64|
    |icmp_ln39_fu_387_p2       |      icmp|   0|  0|   29|          64|           1|
    |or_ln39_fu_380_p2         |        or|   0|  0|  128|         128|         128|
    |shl_ln39_1_fu_374_p2      |       shl|   0|  0|  423|         128|         128|
    |shl_ln39_fu_352_p2        |       shl|   0|  0|  423|          64|         128|
    |add_ln21_cast_fu_259_p2   |       xor|   0|  0|    2|           1|           2|
    |xor_ln39_fu_358_p2        |       xor|   0|  0|  128|         128|           2|
    +--------------------------+----------+----+---+-----+------------+------------+
    |Total                     |          |   0|  0| 1476|         928|         664|
    +--------------------------+----------+----+---+-----+------------+------------+

    * Multiplexer: 
    +--------------------------------+----+-----------+-----+-----------+
    |              Name              | LUT| Input Size| Bits| Total Bits|
    +--------------------------------+----+-----------+-----+-----------+
    |ap_NS_fsm                       |  41|         10|    1|         10|
    |ap_phi_mux_cnt_3_phi_fu_187_p6  |   9|          2|   64|        128|
    |cnt_3_reg_183                   |   9|          2|   64|        128|
    |cnt_reg_160                     |   9|          2|   64|        128|
    |horizon_fu_88                   |   9|          2|   64|        128|
    |level_address0                  |  17|          4|    8|         32|
    |level_ce0                       |  13|          3|    1|          3|
    |level_counts_address0           |  21|          5|    3|         15|
    |level_counts_d0                 |  13|          3|  128|        384|
    |level_d0                        |  13|          3|    8|         24|
    |level_we0                       |  13|          3|    1|          3|
    |n_reg_172                       |   9|          2|    9|         18|
    +--------------------------------+----+-----------+-----+-----------+
    |Total                           | 176|         41|  415|       1001|
    +--------------------------------+----+-----------+-----+-----------+

    * Register: 
    +-----------------------------------------------------+----+----+-----+-----------+
    |                         Name                        | FF | LUT| Bits| Const Bits|
    +-----------------------------------------------------+----+----+-----+-----------+
    |add_ln21_cast1_reg_435                               |   4|   0|    4|          0|
    |add_ln21_cast_reg_440                                |   1|   0|    1|          0|
    |add_ln21_reg_429                                     |  64|   0|   64|          0|
    |ap_CS_fsm                                            |   9|   0|    9|          0|
    |cnt_3_reg_183                                        |  64|   0|   64|          0|
    |cnt_reg_160                                          |  64|   0|   64|          0|
    |empty_reg_445                                        |   8|   0|    8|          0|
    |grp_bfs_Pipeline_loop_neighbors_fu_198_ap_start_reg  |   1|   0|    1|          0|
    |horizon_fu_88                                        |  64|   0|   64|          0|
    |icmp_ln25_reg_473                                    |   1|   0|    1|          0|
    |icmp_ln28_reg_492                                    |   1|   0|    1|          0|
    |level_counts_addr_1_reg_468                          |   3|   0|    3|          0|
    |n_1_reg_453                                          |   9|   0|    9|          0|
    |n_reg_172                                            |   9|   0|    9|          0|
    |tmp_begin_reg_482                                    |  64|   0|   64|          0|
    |tmp_end_reg_487                                      |  64|   0|   64|          0|
    |zext_ln24_reg_458                                    |   9|   0|   64|         55|
    +-----------------------------------------------------+----+----+-----+-----------+
    |Total                                                | 439|   0|  494|         55|
    +-----------------------------------------------------+----+----+-----+-----------+



================================================================
== Interface
================================================================
* Summary: 
+-----------------------+-----+-----+------------+---------------+--------------+
|       RTL Ports       | Dir | Bits|  Protocol  | Source Object |    C Type    |
+-----------------------+-----+-----+------------+---------------+--------------+
|ap_clk                 |   in|    1|  ap_ctrl_hs|            bfs|  return value|
|ap_rst                 |   in|    1|  ap_ctrl_hs|            bfs|  return value|
|ap_start               |   in|    1|  ap_ctrl_hs|            bfs|  return value|
|ap_done                |  out|    1|  ap_ctrl_hs|            bfs|  return value|
|ap_idle                |  out|    1|  ap_ctrl_hs|            bfs|  return value|
|ap_ready               |  out|    1|  ap_ctrl_hs|            bfs|  return value|
|nodes_address0         |  out|    8|   ap_memory|          nodes|         array|
|nodes_ce0              |  out|    1|   ap_memory|          nodes|         array|
|nodes_q0               |   in|  128|   ap_memory|          nodes|         array|
|edges_0_address0       |  out|   11|   ap_memory|        edges_0|         array|
|edges_0_ce0            |  out|    1|   ap_memory|        edges_0|         array|
|edges_0_q0             |   in|   64|   ap_memory|        edges_0|         array|
|edges_1_address0       |  out|   11|   ap_memory|        edges_1|         array|
|edges_1_ce0            |  out|    1|   ap_memory|        edges_1|         array|
|edges_1_q0             |   in|   64|   ap_memory|        edges_1|         array|
|starting_node          |   in|   64|     ap_none|  starting_node|        scalar|
|level_address0         |  out|    8|   ap_memory|          level|         array|
|level_ce0              |  out|    1|   ap_memory|          level|         array|
|level_we0              |  out|    1|   ap_memory|          level|         array|
|level_d0               |  out|    8|   ap_memory|          level|         array|
|level_q0               |   in|    8|   ap_memory|          level|         array|
|level_counts_address0  |  out|    3|   ap_memory|   level_counts|         array|
|level_counts_ce0       |  out|    1|   ap_memory|   level_counts|         array|
|level_counts_we0       |  out|    1|   ap_memory|   level_counts|         array|
|level_counts_d0        |  out|  128|   ap_memory|   level_counts|         array|
|level_counts_q0        |   in|  128|   ap_memory|   level_counts|         array|
+-----------------------+-----+-----+------------+---------------+--------------+

============================================================
+ Verbose Summary: Synthesis Manager
============================================================
InlineROM: 1
ExposeGlobal: 0
============================================================
+ Verbose Summary: CDFG Model
============================================================
IsTopModel: 1
ResetActiveHigh: 1
IsCombinational: 2
IsDatapathOnly: 2
HasWiredReturn: 1
HasMFsm: 0
HasVarLatency: 1
IsPipeline: 0
IsRtlPipelined: 0
IsInstanceOverlapped: 0
IsDontTouch: 0
HasImplIP: 0
IsGatedGlobalClock: 0


============================================================
+ Verbose Summary: Schedule
============================================================
* Number of FSM states : 9
* Pipeline : 0
* Dataflow Pipeline: 0

* FSM state transitions: 
1 --> 2 
2 --> 3 
3 --> 4 
4 --> 5 9 
5 --> 6 8 
6 --> 7 8 
7 --> 8 
8 --> 4 
9 --> 3 

* FSM state operations: 

State 1 <SV = 0> <Delay = 1.20>
ST_1 : Operation 10 [1/1] (0.00ns)   --->   "%horizon = alloca i32 1"   --->   Operation 10 'alloca' 'horizon' <Predicate = true> <Delay = 0.00>
ST_1 : Operation 11 [1/1] (0.00ns)   --->   "%cnt_1_loc = alloca i64 1"   --->   Operation 11 'alloca' 'cnt_1_loc' <Predicate = true> <Delay = 0.00>
ST_1 : Operation 12 [1/1] (0.00ns)   --->   "%level_counts_addr = getelementptr i128 %level_counts, i64 0, i64 0" [bfs.c:19]   --->   Operation 12 'getelementptr' 'level_counts_addr' <Predicate = true> <Delay = 0.00>
ST_1 : Operation 13 [2/2] (1.20ns)   --->   "%level_counts_load = load i3 %level_counts_addr" [bfs.c:19]   --->   Operation 13 'load' 'level_counts_load' <Predicate = true> <Delay = 1.20> <CoreInst = "RAM">   --->   Core 82 'RAM' <Latency = 1> <II = 1> <Delay = 1.20> <Storage> <Opcode : 'load' 'store'> <Ports = 2> <Width = 128> <Depth = 5> <RAM>
ST_1 : Operation 14 [1/1] (0.84ns)   --->   "%store_ln21 = store i64 0, i64 %horizon" [bfs.c:21]   --->   Operation 14 'store' 'store_ln21' <Predicate = true> <Delay = 0.84>

State 2 <SV = 1> <Delay = 2.41>
ST_2 : Operation 15 [1/1] (0.00ns)   --->   "%starting_node_read = read i64 @_ssdm_op_Read.ap_auto.i64, i64 %starting_node"   --->   Operation 15 'read' 'starting_node_read' <Predicate = true> <Delay = 0.00>
ST_2 : Operation 16 [1/1] (0.00ns)   --->   "%spectopmodule_ln0 = spectopmodule void @_ssdm_op_SpecTopModule, void @empty_2"   --->   Operation 16 'spectopmodule' 'spectopmodule_ln0' <Predicate = true> <Delay = 0.00>
ST_2 : Operation 17 [1/1] (0.00ns)   --->   "%specinterface_ln0 = specinterface void @_ssdm_op_SpecInterface, i128 %nodes, void @empty, i32 0, i32 0, void @empty_0, i32 4294967295, i32 0, void @empty_0, void @empty_0, void @empty_0, i32 0, i32 0, i32 0, i32 0, void @empty_0, void @empty_0, i32 4294967295, i32 0"   --->   Operation 17 'specinterface' 'specinterface_ln0' <Predicate = true> <Delay = 0.00>
ST_2 : Operation 18 [1/1] (0.00ns)   --->   "%specbitsmap_ln0 = specbitsmap void @_ssdm_op_SpecBitsMap, i128 %nodes"   --->   Operation 18 'specbitsmap' 'specbitsmap_ln0' <Predicate = true> <Delay = 0.00>
ST_2 : Operation 19 [1/1] (0.00ns)   --->   "%specinterface_ln0 = specinterface void @_ssdm_op_SpecInterface, i64 %edges_0, void @empty, i32 0, i32 0, void @empty_0, i32 4294967295, i32 0, void @empty_0, void @empty_0, void @empty_0, i32 0, i32 0, i32 0, i32 0, void @empty_0, void @empty_0, i32 4294967295, i32 0"   --->   Operation 19 'specinterface' 'specinterface_ln0' <Predicate = true> <Delay = 0.00>
ST_2 : Operation 20 [1/1] (0.00ns)   --->   "%specbitsmap_ln0 = specbitsmap void @_ssdm_op_SpecBitsMap, i64 %edges_0"   --->   Operation 20 'specbitsmap' 'specbitsmap_ln0' <Predicate = true> <Delay = 0.00>
ST_2 : Operation 21 [1/1] (0.00ns)   --->   "%specinterface_ln0 = specinterface void @_ssdm_op_SpecInterface, i64 %edges_1, void @empty, i32 0, i32 0, void @empty_0, i32 4294967295, i32 0, void @empty_0, void @empty_0, void @empty_0, i32 0, i32 0, i32 0, i32 0, void @empty_0, void @empty_0, i32 4294967295, i32 0"   --->   Operation 21 'specinterface' 'specinterface_ln0' <Predicate = true> <Delay = 0.00>
ST_2 : Operation 22 [1/1] (0.00ns)   --->   "%specbitsmap_ln0 = specbitsmap void @_ssdm_op_SpecBitsMap, i64 %edges_1"   --->   Operation 22 'specbitsmap' 'specbitsmap_ln0' <Predicate = true> <Delay = 0.00>
ST_2 : Operation 23 [1/1] (0.00ns)   --->   "%specbitsmap_ln0 = specbitsmap void @_ssdm_op_SpecBitsMap, i64 %starting_node"   --->   Operation 23 'specbitsmap' 'specbitsmap_ln0' <Predicate = true> <Delay = 0.00>
ST_2 : Operation 24 [1/1] (0.00ns)   --->   "%specinterface_ln0 = specinterface void @_ssdm_op_SpecInterface, i64 %starting_node, void @empty_1, i32 0, i32 0, void @empty_0, i32 0, i32 0, void @empty_0, void @empty_0, void @empty_0, i32 0, i32 0, i32 0, i32 0, void @empty_0, void @empty_0, i32 4294967295, i32 0"   --->   Operation 24 'specinterface' 'specinterface_ln0' <Predicate = true> <Delay = 0.00>
ST_2 : Operation 25 [1/1] (0.00ns)   --->   "%specinterface_ln0 = specinterface void @_ssdm_op_SpecInterface, i8 %level, void @empty, i32 0, i32 0, void @empty_0, i32 4294967295, i32 0, void @empty_0, void @empty_0, void @empty_0, i32 0, i32 0, i32 0, i32 0, void @empty_0, void @empty_0, i32 4294967295, i32 0"   --->   Operation 25 'specinterface' 'specinterface_ln0' <Predicate = true> <Delay = 0.00>
ST_2 : Operation 26 [1/1] (0.00ns)   --->   "%specbitsmap_ln0 = specbitsmap void @_ssdm_op_SpecBitsMap, i8 %level"   --->   Operation 26 'specbitsmap' 'specbitsmap_ln0' <Predicate = true> <Delay = 0.00>
ST_2 : Operation 27 [1/1] (0.00ns)   --->   "%specinterface_ln0 = specinterface void @_ssdm_op_SpecInterface, i128 %level_counts, void @empty, i32 0, i32 0, void @empty_0, i32 4294967295, i32 0, void @empty_0, void @empty_0, void @empty_0, i32 0, i32 0, i32 0, i32 0, void @empty_0, void @empty_0, i32 4294967295, i32 0"   --->   Operation 27 'specinterface' 'specinterface_ln0' <Predicate = true> <Delay = 0.00>
ST_2 : Operation 28 [1/1] (0.00ns)   --->   "%specbitsmap_ln0 = specbitsmap void @_ssdm_op_SpecBitsMap, i128 %level_counts"   --->   Operation 28 'specbitsmap' 'specbitsmap_ln0' <Predicate = true> <Delay = 0.00>
ST_2 : Operation 29 [1/1] (0.00ns)   --->   "%level_addr = getelementptr i8 %level, i64 0, i64 %starting_node_read" [bfs.c:18]   --->   Operation 29 'getelementptr' 'level_addr' <Predicate = true> <Delay = 0.00>
ST_2 : Operation 30 [1/1] (2.26ns)   --->   "%store_ln18 = store i8 0, i8 %level_addr" [bfs.c:18]   --->   Operation 30 'store' 'store_ln18' <Predicate = true> <Delay = 2.26> <CoreInst = "RAM">   --->   Core 82 'RAM' <Latency = 1> <II = 1> <Delay = 2.26> <Storage> <Opcode : 'load' 'store'> <Ports = 2> <Width = 8> <Depth = 256> <RAM>
ST_2 : Operation 31 [1/2] (1.20ns)   --->   "%level_counts_load = load i3 %level_counts_addr" [bfs.c:19]   --->   Operation 31 'load' 'level_counts_load' <Predicate = true> <Delay = 1.20> <CoreInst = "RAM">   --->   Core 82 'RAM' <Latency = 1> <II = 1> <Delay = 1.20> <Storage> <Opcode : 'load' 'store'> <Ports = 2> <Width = 128> <Depth = 5> <RAM>
ST_2 : Operation 32 [1/1] (0.00ns)   --->   "%tmp2 = partset i128 @_ssdm_op_PartSet.i128.i128.i64.i32.i32, i128 %level_counts_load, i64 1, i32 0, i32 63" [bfs.c:19]   --->   Operation 32 'partset' 'tmp2' <Predicate = true> <Delay = 0.00>
ST_2 : Operation 33 [1/1] (1.20ns)   --->   "%store_ln19 = store i128 %tmp2, i3 %level_counts_addr" [bfs.c:19]   --->   Operation 33 'store' 'store_ln19' <Predicate = true> <Delay = 1.20> <CoreInst = "RAM">   --->   Core 82 'RAM' <Latency = 1> <II = 1> <Delay = 1.20> <Storage> <Opcode : 'load' 'store'> <Ports = 2> <Width = 128> <Depth = 5> <RAM>
ST_2 : Operation 34 [1/1] (0.00ns)   --->   "%br_ln21 = br void %loop_nodes" [bfs.c:21]   --->   Operation 34 'br' 'br_ln21' <Predicate = true> <Delay = 0.00>

State 3 <SV = 2> <Delay = 1.81>
ST_3 : Operation 35 [1/1] (0.00ns)   --->   "%horizon_1 = load i64 %horizon" [bfs.c:21]   --->   Operation 35 'load' 'horizon_1' <Predicate = true> <Delay = 0.00>
ST_3 : Operation 36 [1/1] (0.00ns)   --->   "%specloopname_ln16 = specloopname void @_ssdm_op_SpecLoopName, void @empty_5" [bfs.c:16]   --->   Operation 36 'specloopname' 'specloopname_ln16' <Predicate = true> <Delay = 0.00>
ST_3 : Operation 37 [1/1] (0.00ns)   --->   "%trunc_ln21 = trunc i64 %horizon_1" [bfs.c:21]   --->   Operation 37 'trunc' 'trunc_ln21' <Predicate = true> <Delay = 0.00>
ST_3 : Operation 38 [1/1] (0.00ns)   --->   "%trunc_ln21_1 = trunc i64 %horizon_1" [bfs.c:21]   --->   Operation 38 'trunc' 'trunc_ln21_1' <Predicate = true> <Delay = 0.00>
ST_3 : Operation 39 [1/1] (0.00ns)   --->   "%trunc_ln21_2 = trunc i64 %horizon_1" [bfs.c:21]   --->   Operation 39 'trunc' 'trunc_ln21_2' <Predicate = true> <Delay = 0.00>
ST_3 : Operation 40 [1/1] (1.81ns)   --->   "%add_ln21 = add i64 %horizon_1, i64 1" [bfs.c:21]   --->   Operation 40 'add' 'add_ln21' <Predicate = true> <Delay = 1.81> <CoreInst = "Adder">   --->   Core 1 'Adder' <Latency = 0> <II = 1> <Delay = 1.81> <FuncUnit> <Opcode : 'add' 'sub'> <InPorts = 2> <OutPorts = 1>
ST_3 : Operation 41 [1/1] (1.01ns)   --->   "%add_ln21_cast1 = add i4 %trunc_ln21_2, i4 1" [bfs.c:21]   --->   Operation 41 'add' 'add_ln21_cast1' <Predicate = true> <Delay = 1.01> <CoreInst = "Adder">   --->   Core 1 'Adder' <Latency = 0> <II = 1> <Delay = 1.01> <FuncUnit> <Opcode : 'add' 'sub'> <InPorts = 2> <OutPorts = 1>
ST_3 : Operation 42 [1/1] (0.48ns)   --->   "%add_ln21_cast = xor i1 %trunc_ln21_1, i1 1" [bfs.c:21]   --->   Operation 42 'xor' 'add_ln21_cast' <Predicate = true> <Delay = 0.48> <CoreInst = "LogicGate">   --->   Core 74 'LogicGate' <Latency = 0> <II = 1> <Delay = 0.48> <FuncUnit> <Opcode : 'and' 'or' 'xor'> <InPorts = 2> <OutPorts = 1>
ST_3 : Operation 43 [1/1] (1.35ns)   --->   "%empty = add i8 %trunc_ln21, i8 1" [bfs.c:21]   --->   Operation 43 'add' 'empty' <Predicate = true> <Delay = 1.35> <CoreInst = "Adder">   --->   Core 1 'Adder' <Latency = 0> <II = 1> <Delay = 1.35> <FuncUnit> <Opcode : 'add' 'sub'> <InPorts = 2> <OutPorts = 1>
ST_3 : Operation 44 [1/1] (0.84ns)   --->   "%br_ln24 = br void %for.body4" [bfs.c:24]   --->   Operation 44 'br' 'br_ln24' <Predicate = true> <Delay = 0.84>

State 4 <SV = 3> <Delay = 2.26>
ST_4 : Operation 45 [1/1] (0.00ns)   --->   "%cnt = phi i64 0, void %loop_nodes, i64 %cnt_3, void %for.inc24"   --->   Operation 45 'phi' 'cnt' <Predicate = true> <Delay = 0.00>
ST_4 : Operation 46 [1/1] (0.00ns)   --->   "%n = phi i9 0, void %loop_nodes, i9 %n_1, void %for.inc24"   --->   Operation 46 'phi' 'n' <Predicate = true> <Delay = 0.00>
ST_4 : Operation 47 [1/1] (0.90ns)   --->   "%icmp_ln24 = icmp_eq  i9 %n, i9 256" [bfs.c:24]   --->   Operation 47 'icmp' 'icmp_ln24' <Predicate = true> <Delay = 0.90> <CoreInst = "Cmp">   --->   Core 9 'Cmp' <Latency = 0> <II = 1> <Delay = 0.94> <FuncUnit> <Opcode : 'icmp'> <InPorts = 2> <OutPorts = 1>
ST_4 : Operation 48 [1/1] (0.00ns)   --->   "%empty_18 = speclooptripcount i32 @_ssdm_op_SpecLoopTripCount, i64 256, i64 256, i64 256"   --->   Operation 48 'speclooptripcount' 'empty_18' <Predicate = true> <Delay = 0.00>
ST_4 : Operation 49 [1/1] (1.35ns)   --->   "%n_1 = add i9 %n, i9 1" [bfs.c:24]   --->   Operation 49 'add' 'n_1' <Predicate = true> <Delay = 1.35> <CoreInst = "Adder">   --->   Core 1 'Adder' <Latency = 0> <II = 1> <Delay = 1.35> <FuncUnit> <Opcode : 'add' 'sub'> <InPorts = 2> <OutPorts = 1>
ST_4 : Operation 50 [1/1] (0.00ns)   --->   "%br_ln24 = br i1 %icmp_ln24, void %for.body4.split, void %for.end26" [bfs.c:24]   --->   Operation 50 'br' 'br_ln24' <Predicate = true> <Delay = 0.00>
ST_4 : Operation 51 [1/1] (0.00ns)   --->   "%zext_ln24 = zext i9 %n" [bfs.c:24]   --->   Operation 51 'zext' 'zext_ln24' <Predicate = (!icmp_ln24)> <Delay = 0.00>
ST_4 : Operation 52 [1/1] (0.00ns)   --->   "%level_addr_1 = getelementptr i8 %level, i64 0, i64 %zext_ln24" [bfs.c:25]   --->   Operation 52 'getelementptr' 'level_addr_1' <Predicate = (!icmp_ln24)> <Delay = 0.00>
ST_4 : Operation 53 [2/2] (2.26ns)   --->   "%level_load = load i8 %level_addr_1" [bfs.c:25]   --->   Operation 53 'load' 'level_load' <Predicate = (!icmp_ln24)> <Delay = 2.26> <CoreInst = "RAM">   --->   Core 82 'RAM' <Latency = 1> <II = 1> <Delay = 2.26> <Storage> <Opcode : 'load' 'store'> <Ports = 2> <Width = 8> <Depth = 256> <RAM>
ST_4 : Operation 54 [1/1] (0.00ns)   --->   "%lshr_ln = partselect i3 @_ssdm_op_PartSelect.i3.i4.i32.i32, i4 %add_ln21_cast1, i32 1, i32 3" [bfs.c:39]   --->   Operation 54 'partselect' 'lshr_ln' <Predicate = (icmp_ln24)> <Delay = 0.00>
ST_4 : Operation 55 [1/1] (0.00ns)   --->   "%zext_ln39 = zext i3 %lshr_ln" [bfs.c:39]   --->   Operation 55 'zext' 'zext_ln39' <Predicate = (icmp_ln24)> <Delay = 0.00>
ST_4 : Operation 56 [1/1] (0.00ns)   --->   "%level_counts_addr_1 = getelementptr i128 %level_counts, i64 0, i64 %zext_ln39" [bfs.c:39]   --->   Operation 56 'getelementptr' 'level_counts_addr_1' <Predicate = (icmp_ln24)> <Delay = 0.00>
ST_4 : Operation 57 [2/2] (1.20ns)   --->   "%level_counts_load_1 = load i3 %level_counts_addr_1" [bfs.c:39]   --->   Operation 57 'load' 'level_counts_load_1' <Predicate = (icmp_ln24)> <Delay = 1.20> <CoreInst = "RAM">   --->   Core 82 'RAM' <Latency = 1> <II = 1> <Delay = 1.20> <Storage> <Opcode : 'load' 'store'> <Ports = 2> <Width = 128> <Depth = 5> <RAM>

State 5 <SV = 4> <Delay = 4.51>
ST_5 : Operation 58 [1/1] (0.00ns)   --->   "%specloopname_ln13 = specloopname void @_ssdm_op_SpecLoopName, void @empty_4" [bfs.c:13]   --->   Operation 58 'specloopname' 'specloopname_ln13' <Predicate = true> <Delay = 0.00>
ST_5 : Operation 59 [1/2] (2.26ns)   --->   "%level_load = load i8 %level_addr_1" [bfs.c:25]   --->   Operation 59 'load' 'level_load' <Predicate = true> <Delay = 2.26> <CoreInst = "RAM">   --->   Core 82 'RAM' <Latency = 1> <II = 1> <Delay = 2.26> <Storage> <Opcode : 'load' 'store'> <Ports = 2> <Width = 8> <Depth = 256> <RAM>
ST_5 : Operation 60 [1/1] (0.00ns)   --->   "%sext_ln25 = sext i8 %level_load" [bfs.c:25]   --->   Operation 60 'sext' 'sext_ln25' <Predicate = true> <Delay = 0.00>
ST_5 : Operation 61 [1/1] (0.00ns)   --->   "%zext_ln25 = zext i32 %sext_ln25" [bfs.c:25]   --->   Operation 61 'zext' 'zext_ln25' <Predicate = true> <Delay = 0.00>
ST_5 : Operation 62 [1/1] (1.40ns)   --->   "%icmp_ln25 = icmp_eq  i64 %zext_ln25, i64 %horizon_1" [bfs.c:25]   --->   Operation 62 'icmp' 'icmp_ln25' <Predicate = true> <Delay = 1.40> <CoreInst = "Cmp">   --->   Core 9 'Cmp' <Latency = 0> <II = 1> <Delay = 1.40> <FuncUnit> <Opcode : 'icmp'> <InPorts = 2> <OutPorts = 1>
ST_5 : Operation 63 [1/1] (0.84ns)   --->   "%br_ln25 = br i1 %icmp_ln25, void %for.inc24, void %loop_neighbors" [bfs.c:25]   --->   Operation 63 'br' 'br_ln25' <Predicate = true> <Delay = 0.84>
ST_5 : Operation 64 [1/1] (0.00ns)   --->   "%nodes_addr = getelementptr i128 %nodes, i64 0, i64 %zext_ln24" [bfs.c:26]   --->   Operation 64 'getelementptr' 'nodes_addr' <Predicate = (icmp_ln25)> <Delay = 0.00>
ST_5 : Operation 65 [2/2] (2.26ns)   --->   "%nodes_load = load i8 %nodes_addr" [bfs.c:26]   --->   Operation 65 'load' 'nodes_load' <Predicate = (icmp_ln25)> <Delay = 2.26> <CoreInst = "RAM">   --->   Core 82 'RAM' <Latency = 1> <II = 1> <Delay = 2.26> <Storage> <Opcode : 'load' 'store'> <Ports = 2> <Width = 128> <Depth = 256> <RAM>

State 6 <SV = 5> <Delay = 4.51>
ST_6 : Operation 66 [1/2] (2.26ns)   --->   "%nodes_load = load i8 %nodes_addr" [bfs.c:26]   --->   Operation 66 'load' 'nodes_load' <Predicate = true> <Delay = 2.26> <CoreInst = "RAM">   --->   Core 82 'RAM' <Latency = 1> <II = 1> <Delay = 2.26> <Storage> <Opcode : 'load' 'store'> <Ports = 2> <Width = 128> <Depth = 256> <RAM>
ST_6 : Operation 67 [1/1] (0.00ns)   --->   "%tmp_begin = trunc i128 %nodes_load" [bfs.c:26]   --->   Operation 67 'trunc' 'tmp_begin' <Predicate = true> <Delay = 0.00>
ST_6 : Operation 68 [1/1] (0.00ns)   --->   "%tmp_end = partselect i64 @_ssdm_op_PartSelect.i64.i128.i32.i32, i128 %nodes_load, i32 64, i32 127" [bfs.c:27]   --->   Operation 68 'partselect' 'tmp_end' <Predicate = true> <Delay = 0.00>
ST_6 : Operation 69 [1/1] (1.40ns)   --->   "%icmp_ln28 = icmp_ult  i64 %tmp_begin, i64 %tmp_end" [bfs.c:28]   --->   Operation 69 'icmp' 'icmp_ln28' <Predicate = true> <Delay = 1.40> <CoreInst = "Cmp">   --->   Core 9 'Cmp' <Latency = 0> <II = 1> <Delay = 1.40> <FuncUnit> <Opcode : 'icmp'> <InPorts = 2> <OutPorts = 1>
ST_6 : Operation 70 [1/1] (0.84ns)   --->   "%br_ln28 = br i1 %icmp_ln28, void %for.inc24, void %for.body13.preheader" [bfs.c:28]   --->   Operation 70 'br' 'br_ln28' <Predicate = true> <Delay = 0.84>
ST_6 : Operation 71 [2/2] (0.84ns)   --->   "%call_ln26 = call void @bfs_Pipeline_loop_neighbors, i64 %cnt, i64 %tmp_begin, i64 %tmp_end, i64 %edges_0, i64 %edges_1, i8 %level, i8 %empty, i64 %cnt_1_loc" [bfs.c:26]   --->   Operation 71 'call' 'call_ln26' <Predicate = (icmp_ln28)> <Delay = 0.84> <CoreType = "Generic">   --->   Core 0 '' <Latency = 0> <II = 1> <Delay = 1.00> <Generic> <Opcode : >

State 7 <SV = 6> <Delay = 1.40>
ST_7 : Operation 72 [1/2] (1.40ns)   --->   "%call_ln26 = call void @bfs_Pipeline_loop_neighbors, i64 %cnt, i64 %tmp_begin, i64 %tmp_end, i64 %edges_0, i64 %edges_1, i8 %level, i8 %empty, i64 %cnt_1_loc" [bfs.c:26]   --->   Operation 72 'call' 'call_ln26' <Predicate = true> <Delay = 1.40> <CoreType = "Generic">   --->   Core 0 '' <Latency = 0> <II = 1> <Delay = 1.00> <Generic> <Opcode : >

State 8 <SV = 7> <Delay = 0.84>
ST_8 : Operation 73 [1/1] (0.00ns)   --->   "%cnt_1_loc_load = load i64 %cnt_1_loc"   --->   Operation 73 'load' 'cnt_1_loc_load' <Predicate = (icmp_ln25 & icmp_ln28)> <Delay = 0.00>
ST_8 : Operation 74 [1/1] (0.84ns)   --->   "%br_ln0 = br void %for.inc24"   --->   Operation 74 'br' 'br_ln0' <Predicate = (icmp_ln25 & icmp_ln28)> <Delay = 0.84>
ST_8 : Operation 75 [1/1] (0.00ns)   --->   "%cnt_3 = phi i64 %cnt_1_loc_load, void %for.body13.preheader, i64 %cnt, void %for.body4.split, i64 %cnt, void %loop_neighbors"   --->   Operation 75 'phi' 'cnt_3' <Predicate = true> <Delay = 0.00>
ST_8 : Operation 76 [1/1] (0.00ns)   --->   "%br_ln24 = br void %for.body4" [bfs.c:24]   --->   Operation 76 'br' 'br_ln24' <Predicate = true> <Delay = 0.00>

State 9 <SV = 4> <Delay = 4.76>
ST_9 : Operation 77 [1/1] (0.00ns)   --->   "%shl_ln = bitconcatenate i7 @_ssdm_op_BitConcatenate.i7.i1.i6, i1 %add_ln21_cast, i6 0" [bfs.c:39]   --->   Operation 77 'bitconcatenate' 'shl_ln' <Predicate = true> <Delay = 0.00>
ST_9 : Operation 78 [1/2] (1.20ns)   --->   "%level_counts_load_1 = load i3 %level_counts_addr_1" [bfs.c:39]   --->   Operation 78 'load' 'level_counts_load_1' <Predicate = true> <Delay = 1.20> <CoreInst = "RAM">   --->   Core 82 'RAM' <Latency = 1> <II = 1> <Delay = 1.20> <Storage> <Opcode : 'load' 'store'> <Ports = 2> <Width = 128> <Depth = 5> <RAM>
ST_9 : Operation 79 [1/1] (0.00ns)   --->   "%zext_ln39_1 = zext i7 %shl_ln" [bfs.c:39]   --->   Operation 79 'zext' 'zext_ln39_1' <Predicate = true> <Delay = 0.00>
ST_9 : Operation 80 [1/1] (0.00ns) (grouped into LUT with out node or_ln39)   --->   "%shl_ln39 = shl i128 18446744073709551615, i128 %zext_ln39_1" [bfs.c:39]   --->   Operation 80 'shl' 'shl_ln39' <Predicate = true> <Delay = 0.00> <CoreInst = "Shifter">   --->   Core 75 'Shifter' <Latency = 0> <II = 1> <Delay = 2.37> <FuncUnit> <Opcode : 'shl' 'lshr' 'ashr'> <InPorts = 2> <OutPorts = 1>
ST_9 : Operation 81 [1/1] (0.00ns) (grouped into LUT with out node or_ln39)   --->   "%xor_ln39 = xor i128 %shl_ln39, i128 340282366920938463463374607431768211455" [bfs.c:39]   --->   Operation 81 'xor' 'xor_ln39' <Predicate = true> <Delay = 0.00> <CoreInst = "LogicGate">   --->   Core 74 'LogicGate' <Latency = 0> <II = 1> <Delay = 0.54> <FuncUnit> <Opcode : 'and' 'or' 'xor'> <InPorts = 2> <OutPorts = 1>
ST_9 : Operation 82 [1/1] (0.00ns) (grouped into LUT with out node or_ln39)   --->   "%and_ln39_1 = and i128 %level_counts_load_1, i128 %xor_ln39" [bfs.c:39]   --->   Operation 82 'and' 'and_ln39_1' <Predicate = true> <Delay = 0.00> <CoreInst = "LogicGate">   --->   Core 74 'LogicGate' <Latency = 0> <II = 1> <Delay = 0.54> <FuncUnit> <Opcode : 'and' 'or' 'xor'> <InPorts = 2> <OutPorts = 1>
ST_9 : Operation 83 [1/1] (0.00ns) (grouped into LUT with out node or_ln39)   --->   "%zext_ln39_2 = zext i64 %cnt" [bfs.c:39]   --->   Operation 83 'zext' 'zext_ln39_2' <Predicate = true> <Delay = 0.00>
ST_9 : Operation 84 [1/1] (0.00ns) (grouped into LUT with out node or_ln39)   --->   "%shl_ln39_1 = shl i128 %zext_ln39_2, i128 %zext_ln39_1" [bfs.c:39]   --->   Operation 84 'shl' 'shl_ln39_1' <Predicate = true> <Delay = 0.00> <CoreInst = "Shifter">   --->   Core 75 'Shifter' <Latency = 0> <II = 1> <Delay = 2.37> <FuncUnit> <Opcode : 'shl' 'lshr' 'ashr'> <InPorts = 2> <OutPorts = 1>
ST_9 : Operation 85 [1/1] (2.35ns) (out node of the LUT)   --->   "%or_ln39 = or i128 %and_ln39_1, i128 %shl_ln39_1" [bfs.c:39]   --->   Operation 85 'or' 'or_ln39' <Predicate = true> <Delay = 2.35> <CoreInst = "LogicGate">   --->   Core 74 'LogicGate' <Latency = 0> <II = 1> <Delay = 0.54> <FuncUnit> <Opcode : 'and' 'or' 'xor'> <InPorts = 2> <OutPorts = 1>
ST_9 : Operation 86 [1/1] (1.20ns)   --->   "%store_ln39 = store i128 %or_ln39, i3 %level_counts_addr_1" [bfs.c:39]   --->   Operation 86 'store' 'store_ln39' <Predicate = true> <Delay = 1.20> <CoreInst = "RAM">   --->   Core 82 'RAM' <Latency = 1> <II = 1> <Delay = 1.20> <Storage> <Opcode : 'load' 'store'> <Ports = 2> <Width = 128> <Depth = 5> <RAM>
ST_9 : Operation 87 [1/1] (1.40ns)   --->   "%icmp_ln39 = icmp_ne  i64 %cnt, i64 0" [bfs.c:39]   --->   Operation 87 'icmp' 'icmp_ln39' <Predicate = true> <Delay = 1.40> <CoreInst = "Cmp">   --->   Core 9 'Cmp' <Latency = 0> <II = 1> <Delay = 1.40> <FuncUnit> <Opcode : 'icmp'> <InPorts = 2> <OutPorts = 1>
ST_9 : Operation 88 [1/1] (1.40ns)   --->   "%icmp_ln21 = icmp_slt  i64 %add_ln21, i64 10" [bfs.c:21]   --->   Operation 88 'icmp' 'icmp_ln21' <Predicate = true> <Delay = 1.40> <CoreInst = "Cmp">   --->   Core 9 'Cmp' <Latency = 0> <II = 1> <Delay = 1.40> <FuncUnit> <Opcode : 'icmp'> <InPorts = 2> <OutPorts = 1>
ST_9 : Operation 89 [1/1] (0.48ns)   --->   "%and_ln39 = and i1 %icmp_ln39, i1 %icmp_ln21" [bfs.c:39]   --->   Operation 89 'and' 'and_ln39' <Predicate = true> <Delay = 0.48> <CoreInst = "LogicGate">   --->   Core 74 'LogicGate' <Latency = 0> <II = 1> <Delay = 0.48> <FuncUnit> <Opcode : 'and' 'or' 'xor'> <InPorts = 2> <OutPorts = 1>
ST_9 : Operation 90 [1/1] (0.00ns)   --->   "%br_ln39 = br i1 %and_ln39, void %for.end35, void %for.end26.loop_nodes_crit_edge" [bfs.c:39]   --->   Operation 90 'br' 'br_ln39' <Predicate = true> <Delay = 0.00>
ST_9 : Operation 91 [1/1] (0.84ns)   --->   "%store_ln39 = store i64 %add_ln21, i64 %horizon" [bfs.c:39]   --->   Operation 91 'store' 'store_ln39' <Predicate = (and_ln39)> <Delay = 0.84>
ST_9 : Operation 92 [1/1] (0.00ns)   --->   "%br_ln39 = br void %loop_nodes" [bfs.c:39]   --->   Operation 92 'br' 'br_ln39' <Predicate = (and_ln39)> <Delay = 0.00>
ST_9 : Operation 93 [1/1] (0.00ns)   --->   "%ret_ln42 = ret" [bfs.c:42]   --->   Operation 93 'ret' 'ret_ln42' <Predicate = (!and_ln39)> <Delay = 0.00>


============================================================
+ Verbose Summary: Binding
============================================================
STG Binding: 
---------------- STG Properties BEGIN ----------------
- Is combinational: 0
- Is one-state seq: 0
- Is datapath-only: 0
- Is pipelined: 0
- Is top level: 1
Port [ Return ] is wired: 1; IO mode=ap_ctrl_hs:ce=0
Port [ nodes]:  wired=1; compound=1; hidden=0; nouse=0; global=0; static=0; extern=0; dir=0; type=1; pingpong=0; private_global=0; MemPort=[13]; IO mode=ap_memory:ce=0
Port [ edges_0]:  wired=1; compound=1; hidden=0; nouse=0; global=0; static=0; extern=0; dir=0; type=1; pingpong=0; private_global=0; MemPort=[13]; IO mode=ap_memory:ce=0
Port [ edges_1]:  wired=1; compound=1; hidden=0; nouse=0; global=0; static=0; extern=0; dir=0; type=1; pingpong=0; private_global=0; MemPort=[13]; IO mode=ap_memory:ce=0
Port [ starting_node]:  wired=1; compound=0; hidden=0; nouse=0; global=0; static=0; extern=0; dir=0; type=0; pingpong=0; private_global=0; IO mode=ap_none:ce=0
Port [ level]:  wired=1; compound=1; hidden=0; nouse=0; global=0; static=0; extern=0; dir=2; type=1; pingpong=0; private_global=0; MemPort=[23]; IO mode=ap_memory:ce=0
Port [ level_counts]:  wired=1; compound=1; hidden=0; nouse=0; global=0; static=0; extern=0; dir=2; type=1; pingpong=0; private_global=0; MemPort=[23]; IO mode=ap_memory:ce=0
---------------- STG Properties END ------------------

---------------- Datapath Model BEGIN ----------------

<LifeTime>
<method=bitvector/>
horizon             (alloca           ) [ 0111111111]
cnt_1_loc           (alloca           ) [ 0011111111]
level_counts_addr   (getelementptr    ) [ 0010000000]
store_ln21          (store            ) [ 0000000000]
starting_node_read  (read             ) [ 0000000000]
spectopmodule_ln0   (spectopmodule    ) [ 0000000000]
specinterface_ln0   (specinterface    ) [ 0000000000]
specbitsmap_ln0     (specbitsmap      ) [ 0000000000]
specinterface_ln0   (specinterface    ) [ 0000000000]
specbitsmap_ln0     (specbitsmap      ) [ 0000000000]
specinterface_ln0   (specinterface    ) [ 0000000000]
specbitsmap_ln0     (specbitsmap      ) [ 0000000000]
specbitsmap_ln0     (specbitsmap      ) [ 0000000000]
specinterface_ln0   (specinterface    ) [ 0000000000]
specinterface_ln0   (specinterface    ) [ 0000000000]
specbitsmap_ln0     (specbitsmap      ) [ 0000000000]
specinterface_ln0   (specinterface    ) [ 0000000000]
specbitsmap_ln0     (specbitsmap      ) [ 0000000000]
level_addr          (getelementptr    ) [ 0000000000]
store_ln18          (store            ) [ 0000000000]
level_counts_load   (load             ) [ 0000000000]
tmp2                (partset          ) [ 0000000000]
store_ln19          (store            ) [ 0000000000]
br_ln21             (br               ) [ 0000000000]
horizon_1           (load             ) [ 0000111110]
specloopname_ln16   (specloopname     ) [ 0000000000]
trunc_ln21          (trunc            ) [ 0000000000]
trunc_ln21_1        (trunc            ) [ 0000000000]
trunc_ln21_2        (trunc            ) [ 0000000000]
add_ln21            (add              ) [ 0000111111]
add_ln21_cast1      (add              ) [ 0000111110]
add_ln21_cast       (xor              ) [ 0000111111]
empty               (add              ) [ 0000111110]
br_ln24             (br               ) [ 0001111111]
cnt                 (phi              ) [ 0000111111]
n                   (phi              ) [ 0000100000]
icmp_ln24           (icmp             ) [ 0001111111]
empty_18            (speclooptripcount) [ 0000000000]
n_1                 (add              ) [ 0001111111]
br_ln24             (br               ) [ 0000000000]
zext_ln24           (zext             ) [ 0000010000]
level_addr_1        (getelementptr    ) [ 0000010000]
lshr_ln             (partselect       ) [ 0000000000]
zext_ln39           (zext             ) [ 0000000000]
level_counts_addr_1 (getelementptr    ) [ 0000000001]
specloopname_ln13   (specloopname     ) [ 0000000000]
level_load          (load             ) [ 0000000000]
sext_ln25           (sext             ) [ 0000000000]
zext_ln25           (zext             ) [ 0000000000]
icmp_ln25           (icmp             ) [ 0001111111]
br_ln25             (br               ) [ 0001111111]
nodes_addr          (getelementptr    ) [ 0000001000]
nodes_load          (load             ) [ 0000000000]
tmp_begin           (trunc            ) [ 0000000100]
tmp_end             (partselect       ) [ 0000000100]
icmp_ln28           (icmp             ) [ 0001111111]
br_ln28             (br               ) [ 0001111111]
call_ln26           (call             ) [ 0000000000]
cnt_1_loc_load      (load             ) [ 0000000000]
br_ln0              (br               ) [ 0000000000]
cnt_3               (phi              ) [ 0001100111]
br_ln24             (br               ) [ 0001111111]
shl_ln              (bitconcatenate   ) [ 0000000000]
level_counts_load_1 (load             ) [ 0000000000]
zext_ln39_1         (zext             ) [ 0000000000]
shl_ln39            (shl              ) [ 0000000000]
xor_ln39            (xor              ) [ 0000000000]
and_ln39_1          (and              ) [ 0000000000]
zext_ln39_2         (zext             ) [ 0000000000]
shl_ln39_1          (shl              ) [ 0000000000]
or_ln39             (or               ) [ 0000000000]
store_ln39          (store            ) [ 0000000000]
icmp_ln39           (icmp             ) [ 0000000000]
icmp_ln21           (icmp             ) [ 0000000000]
and_ln39            (and              ) [ 0001111111]
br_ln39             (br               ) [ 0000000000]
store_ln39          (store            ) [ 0000000000]
br_ln39             (br               ) [ 0000000000]
ret_ln42            (ret              ) [ 0000000000]
</LifeTime>

<model>

<comp_list>
<comp id="0" class="1000" name="nodes">
<pin_list>
<pin id="1" dir="1" index="0" bw="1" slack="0"/>
</pin_list>
<bind>
<StgValue><ssdm name="nodes"/><MemPortTyVec>1 3 </MemPortTyVec>
</StgValue>
</bind>
</comp>

<comp id="2" class="1000" name="edges_0">
<pin_list>
<pin id="3" dir="1" index="0" bw="1" slack="0"/>
</pin_list>
<bind>
<StgValue><ssdm name="edges_0"/><MemPortTyVec>1 3 </MemPortTyVec>
</StgValue>
</bind>
</comp>

<comp id="4" class="1000" name="edges_1">
<pin_list>
<pin id="5" dir="1" index="0" bw="1" slack="0"/>
</pin_list>
<bind>
<StgValue><ssdm name="edges_1"/><MemPortTyVec>1 3 </MemPortTyVec>
</StgValue>
</bind>
</comp>

<comp id="6" class="1000" name="starting_node">
<pin_list>
<pin id="7" dir="1" index="0" bw="1" slack="0"/>
</pin_list>
<bind>
<StgValue><ssdm name="starting_node"/></StgValue>
</bind>
</comp>

<comp id="8" class="1000" name="level">
<pin_list>
<pin id="9" dir="1" index="0" bw="1" slack="0"/>
</pin_list>
<bind>
<StgValue><ssdm name="level"/><MemPortTyVec>2 3 </MemPortTyVec>
</StgValue>
</bind>
</comp>

<comp id="10" class="1000" name="level_counts">
<pin_list>
<pin id="11" dir="1" index="0" bw="1" slack="0"/>
</pin_list>
<bind>
<StgValue><ssdm name="level_counts"/><MemPortTyVec>2 3 </MemPortTyVec>
</StgValue>
</bind>
</comp>

<comp id="12" class="1001" name="const_12">
<pin_list>
<pin id="13" dir="1" index="0" bw="1" slack="0"/>
</pin_list>
<bind>
<StgValue><ssdm name=""/></StgValue>
</bind>
</comp>

<comp id="14" class="1001" name="const_14">
<pin_list>
<pin id="15" dir="1" index="0" bw="1" slack="0"/>
</pin_list>
<bind>
<StgValue><ssdm name=""/></StgValue>
</bind>
</comp>

<comp id="16" class="1001" name="const_16">
<pin_list>
<pin id="17" dir="1" index="0" bw="1" slack="0"/>
</pin_list>
<bind>
<StgValue><ssdm name=""/></StgValue>
</bind>
</comp>

<comp id="18" class="1001" name="const_18">
<pin_list>
<pin id="19" dir="1" index="0" bw="1" slack="0"/>
</pin_list>
<bind>
<StgValue><ssdm name="_ssdm_op_Read.ap_auto.i64"/></StgValue>
</bind>
</comp>

<comp id="20" class="1001" name="const_20">
<pin_list>
<pin id="21" dir="1" index="0" bw="1" slack="2147483647"/>
</pin_list>
<bind>
<StgValue><ssdm name="_ssdm_op_SpecTopModule"/></StgValue>
</bind>
</comp>

<comp id="22" class="1001" name="const_22">
<pin_list>
<pin id="23" dir="1" index="0" bw="1" slack="2147483647"/>
</pin_list>
<bind>
<StgValue><ssdm name="empty_2"/></StgValue>
</bind>
</comp>

<comp id="24" class="1001" name="const_24">
<pin_list>
<pin id="25" dir="1" index="0" bw="1" slack="2147483647"/>
</pin_list>
<bind>
<StgValue><ssdm name="_ssdm_op_SpecInterface"/></StgValue>
</bind>
</comp>

<comp id="26" class="1001" name="const_26">
<pin_list>
<pin id="27" dir="1" index="0" bw="1" slack="2147483647"/>
</pin_list>
<bind>
<StgValue><ssdm name="empty"/></StgValue>
</bind>
</comp>

<comp id="28" class="1001" name="const_28">
<pin_list>
<pin id="29" dir="1" index="0" bw="1" slack="0"/>
</pin_list>
<bind>
<StgValue><ssdm name=""/></StgValue>
</bind>
</comp>

<comp id="30" class="1001" name="const_30">
<pin_list>
<pin id="31" dir="1" index="0" bw="1" slack="2147483647"/>
</pin_list>
<bind>
<StgValue><ssdm name="empty_0"/></StgValue>
</bind>
</comp>

<comp id="32" class="1001" name="const_32">
<pin_list>
<pin id="33" dir="1" index="0" bw="1" slack="2147483647"/>
</pin_list>
<bind>
<StgValue><ssdm name=""/></StgValue>
</bind>
</comp>

<comp id="34" class="1001" name="const_34">
<pin_list>
<pin id="35" dir="1" index="0" bw="1" slack="2147483647"/>
</pin_list>
<bind>
<StgValue><ssdm name="_ssdm_op_SpecBitsMap"/></StgValue>
</bind>
</comp>

<comp id="36" class="1001" name="const_36">
<pin_list>
<pin id="37" dir="1" index="0" bw="1" slack="2147483647"/>
</pin_list>
<bind>
<StgValue><ssdm name="empty_1"/></StgValue>
</bind>
</comp>

<comp id="38" class="1001" name="const_38">
<pin_list>
<pin id="39" dir="1" index="0" bw="1" slack="0"/>
</pin_list>
<bind>
<StgValue><ssdm name=""/></StgValue>
</bind>
</comp>

<comp id="40" class="1001" name="const_40">
<pin_list>
<pin id="41" dir="1" index="0" bw="1" slack="0"/>
</pin_list>
<bind>
<StgValue><ssdm name="_ssdm_op_PartSet.i128.i128.i64.i32.i32"/></StgValue>
</bind>
</comp>

<comp id="42" class="1001" name="const_42">
<pin_list>
<pin id="43" dir="1" index="0" bw="1" slack="0"/>
</pin_list>
<bind>
<StgValue><ssdm name=""/></StgValue>
</bind>
</comp>

<comp id="44" class="1001" name="const_44">
<pin_list>
<pin id="45" dir="1" index="0" bw="1" slack="2147483647"/>
</pin_list>
<bind>
<StgValue><ssdm name="_ssdm_op_SpecLoopName"/></StgValue>
</bind>
</comp>

<comp id="46" class="1001" name="const_46">
<pin_list>
<pin id="47" dir="1" index="0" bw="1" slack="2147483647"/>
</pin_list>
<bind>
<StgValue><ssdm name="empty_5"/></StgValue>
</bind>
</comp>

<comp id="48" class="1001" name="const_48">
<pin_list>
<pin id="49" dir="1" index="0" bw="1" slack="0"/>
</pin_list>
<bind>
<StgValue><ssdm name=""/></StgValue>
</bind>
</comp>

<comp id="50" class="1001" name="const_50">
<pin_list>
<pin id="51" dir="1" index="0" bw="1" slack="0"/>
</pin_list>
<bind>
<StgValue><ssdm name=""/></StgValue>
</bind>
</comp>

<comp id="52" class="1001" name="const_52">
<pin_list>
<pin id="53" dir="1" index="0" bw="1" slack="0"/>
</pin_list>
<bind>
<StgValue><ssdm name=""/></StgValue>
</bind>
</comp>

<comp id="54" class="1001" name="const_54">
<pin_list>
<pin id="55" dir="1" index="0" bw="1" slack="1"/>
</pin_list>
<bind>
<StgValue><ssdm name=""/></StgValue>
</bind>
</comp>

<comp id="56" class="1001" name="const_56">
<pin_list>
<pin id="57" dir="1" index="0" bw="1" slack="0"/>
</pin_list>
<bind>
<StgValue><ssdm name=""/></StgValue>
</bind>
</comp>

<comp id="58" class="1001" name="const_58">
<pin_list>
<pin id="59" dir="1" index="0" bw="1" slack="2147483647"/>
</pin_list>
<bind>
<StgValue><ssdm name="_ssdm_op_SpecLoopTripCount"/></StgValue>
</bind>
</comp>

<comp id="60" class="1001" name="const_60">
<pin_list>
<pin id="61" dir="1" index="0" bw="1" slack="2147483647"/>
</pin_list>
<bind>
<StgValue><ssdm name=""/></StgValue>
</bind>
</comp>

<comp id="62" class="1001" name="const_62">
<pin_list>
<pin id="63" dir="1" index="0" bw="1" slack="0"/>
</pin_list>
<bind>
<StgValue><ssdm name=""/></StgValue>
</bind>
</comp>

<comp id="64" class="1001" name="const_64">
<pin_list>
<pin id="65" dir="1" index="0" bw="1" slack="0"/>
</pin_list>
<bind>
<StgValue><ssdm name="_ssdm_op_PartSelect.i3.i4.i32.i32"/></StgValue>
</bind>
</comp>

<comp id="66" class="1001" name="const_66">
<pin_list>
<pin id="67" dir="1" index="0" bw="1" slack="0"/>
</pin_list>
<bind>
<StgValue><ssdm name=""/></StgValue>
</bind>
</comp>

<comp id="68" class="1001" name="const_68">
<pin_list>
<pin id="69" dir="1" index="0" bw="1" slack="2147483647"/>
</pin_list>
<bind>
<StgValue><ssdm name="empty_4"/></StgValue>
</bind>
</comp>

<comp id="70" class="1001" name="const_70">
<pin_list>
<pin id="71" dir="1" index="0" bw="1" slack="0"/>
</pin_list>
<bind>
<StgValue><ssdm name="_ssdm_op_PartSelect.i64.i128.i32.i32"/></StgValue>
</bind>
</comp>

<comp id="72" class="1001" name="const_72">
<pin_list>
<pin id="73" dir="1" index="0" bw="1" slack="0"/>
</pin_list>
<bind>
<StgValue><ssdm name=""/></StgValue>
</bind>
</comp>

<comp id="74" class="1001" name="const_74">
<pin_list>
<pin id="75" dir="1" index="0" bw="1" slack="0"/>
</pin_list>
<bind>
<StgValue><ssdm name=""/></StgValue>
</bind>
</comp>

<comp id="76" class="1001" name="const_76">
<pin_list>
<pin id="77" dir="1" index="0" bw="1" slack="0"/>
</pin_list>
<bind>
<StgValue><ssdm name="bfs_Pipeline_loop_neighbors"/></StgValue>
</bind>
</comp>

<comp id="78" class="1001" name="const_78">
<pin_list>
<pin id="79" dir="1" index="0" bw="1" slack="0"/>
</pin_list>
<bind>
<StgValue><ssdm name="_ssdm_op_BitConcatenate.i7.i1.i6"/></StgValue>
</bind>
</comp>

<comp id="80" class="1001" name="const_80">
<pin_list>
<pin id="81" dir="1" index="0" bw="1" slack="0"/>
</pin_list>
<bind>
<StgValue><ssdm name=""/></StgValue>
</bind>
</comp>

<comp id="82" class="1001" name="const_82">
<pin_list>
<pin id="83" dir="1" index="0" bw="1" slack="0"/>
</pin_list>
<bind>
<StgValue><ssdm name=""/></StgValue>
</bind>
</comp>

<comp id="84" class="1001" name="const_84">
<pin_list>
<pin id="85" dir="1" index="0" bw="1" slack="0"/>
</pin_list>
<bind>
<StgValue><ssdm name=""/></StgValue>
</bind>
</comp>

<comp id="86" class="1001" name="const_86">
<pin_list>
<pin id="87" dir="1" index="0" bw="1" slack="0"/>
</pin_list>
<bind>
<StgValue><ssdm name=""/></StgValue>
</bind>
</comp>

<comp id="88" class="1004" name="horizon_fu_88">
<pin_list>
<pin id="89" dir="0" index="0" bw="1" slack="0"/>
<pin id="90" dir="1" index="1" bw="64" slack="0"/>
</pin_list>
<bind>
<opcode="alloca(26) " fcode="alloca"/>
<opset="horizon/1 "/>
</bind>
</comp>

<comp id="92" class="1004" name="cnt_1_loc_fu_92">
<pin_list>
<pin id="93" dir="0" index="0" bw="1" slack="0"/>
<pin id="94" dir="1" index="1" bw="64" slack="5"/>
</pin_list>
<bind>
<opcode="alloca(26) " fcode="alloca"/>
<opset="cnt_1_loc/1 "/>
</bind>
</comp>

<comp id="96" class="1004" name="starting_node_read_read_fu_96">
<pin_list>
<pin id="97" dir="0" index="0" bw="64" slack="0"/>
<pin id="98" dir="0" index="1" bw="64" slack="0"/>
<pin id="99" dir="1" index="2" bw="64" slack="0"/>
</pin_list>
<bind>
<opcode="read(1150) " fcode="read"/>
<opset="starting_node_read/2 "/>
</bind>
</comp>

<comp id="102" class="1004" name="level_counts_addr_gep_fu_102">
<pin_list>
<pin id="103" dir="0" index="0" bw="128" slack="0"/>
<pin id="104" dir="0" index="1" bw="1" slack="0"/>
<pin id="105" dir="0" index="2" bw="1" slack="0"/>
<pin id="106" dir="1" index="3" bw="3" slack="0"/>
</pin_list>
<bind>
<opcode="getelementptr(29) " fcode="getelementptr"/>
<opset="level_counts_addr/1 "/>
</bind>
</comp>

<comp id="110" class="1004" name="grp_access_fu_110">
<pin_list>
<pin id="111" dir="0" index="0" bw="3" slack="0"/>
<pin id="112" dir="0" index="1" bw="128" slack="0"/>
<pin id="113" dir="0" index="2" bw="0" slack="2147483647"/>
<pin id="114" dir="1" index="3" bw="128" slack="0"/>
</pin_list>
<bind>
<opcode="load(27) store(28) " fcode="store"/>
<opset="level_counts_load/1 store_ln19/2 level_counts_load_1/4 store_ln39/9 "/>
</bind>
</comp>

<comp id="116" class="1004" name="level_addr_gep_fu_116">
<pin_list>
<pin id="117" dir="0" index="0" bw="8" slack="0"/>
<pin id="118" dir="0" index="1" bw="1" slack="0"/>
<pin id="119" dir="0" index="2" bw="64" slack="0"/>
<pin id="120" dir="1" index="3" bw="8" slack="0"/>
</pin_list>
<bind>
<opcode="getelementptr(29) " fcode="getelementptr"/>
<opset="level_addr/2 "/>
</bind>
</comp>

<comp id="124" class="1004" name="grp_access_fu_124">
<pin_list>
<pin id="125" dir="0" index="0" bw="8" slack="0"/>
<pin id="126" dir="0" index="1" bw="8" slack="0"/>
<pin id="127" dir="0" index="2" bw="0" slack="2147483647"/>
<pin id="128" dir="1" index="3" bw="8" slack="0"/>
</pin_list>
<bind>
<opcode="load(27) store(28) " fcode="load"/>
<opset="store_ln18/2 level_load/4 "/>
</bind>
</comp>

<comp id="131" class="1004" name="level_addr_1_gep_fu_131">
<pin_list>
<pin id="132" dir="0" index="0" bw="8" slack="0"/>
<pin id="133" dir="0" index="1" bw="1" slack="0"/>
<pin id="134" dir="0" index="2" bw="9" slack="0"/>
<pin id="135" dir="1" index="3" bw="8" slack="0"/>
</pin_list>
<bind>
<opcode="getelementptr(29) " fcode="getelementptr"/>
<opset="level_addr_1/4 "/>
</bind>
</comp>

<comp id="139" class="1004" name="level_counts_addr_1_gep_fu_139">
<pin_list>
<pin id="140" dir="0" index="0" bw="128" slack="0"/>
<pin id="141" dir="0" index="1" bw="1" slack="0"/>
<pin id="142" dir="0" index="2" bw="3" slack="0"/>
<pin id="143" dir="1" index="3" bw="3" slack="0"/>
</pin_list>
<bind>
<opcode="getelementptr(29) " fcode="getelementptr"/>
<opset="level_counts_addr_1/4 "/>
</bind>
</comp>

<comp id="147" class="1004" name="nodes_addr_gep_fu_147">
<pin_list>
<pin id="148" dir="0" index="0" bw="128" slack="0"/>
<pin id="149" dir="0" index="1" bw="1" slack="0"/>
<pin id="150" dir="0" index="2" bw="9" slack="1"/>
<pin id="151" dir="1" index="3" bw="8" slack="0"/>
</pin_list>
<bind>
<opcode="getelementptr(29) " fcode="getelementptr"/>
<opset="nodes_addr/5 "/>
</bind>
</comp>

<comp id="154" class="1004" name="grp_access_fu_154">
<pin_list>
<pin id="155" dir="0" index="0" bw="8" slack="0"/>
<pin id="156" dir="0" index="1" bw="128" slack="2147483647"/>
<pin id="157" dir="0" index="2" bw="0" slack="2147483647"/>
<pin id="158" dir="1" index="3" bw="128" slack="0"/>
</pin_list>
<bind>
<opcode="load(27) " fcode="load"/>
<opset="nodes_load/5 "/>
</bind>
</comp>

<comp id="160" class="1005" name="cnt_reg_160">
<pin_list>
<pin id="161" dir="0" index="0" bw="64" slack="1"/>
<pin id="162" dir="1" index="1" bw="64" slack="1"/>
</pin_list>
<bind>
<opset="cnt (phireg) "/>
</bind>
</comp>

<comp id="164" class="1004" name="cnt_phi_fu_164">
<pin_list>
<pin id="165" dir="0" index="0" bw="1" slack="1"/>
<pin id="166" dir="0" index="1" bw="0" slack="2147483647"/>
<pin id="167" dir="0" index="2" bw="64" slack="1"/>
<pin id="168" dir="0" index="3" bw="0" slack="2147483647"/>
<pin id="169" dir="1" index="4" bw="64" slack="1"/>
</pin_list>
<bind>
<opcode="phi(47) " fcode="phi"/>
<opset="cnt/4 "/>
</bind>
</comp>

<comp id="172" class="1005" name="n_reg_172">
<pin_list>
<pin id="173" dir="0" index="0" bw="9" slack="1"/>
<pin id="174" dir="1" index="1" bw="9" slack="1"/>
</pin_list>
<bind>
<opset="n (phireg) "/>
</bind>
</comp>

<comp id="176" class="1004" name="n_phi_fu_176">
<pin_list>
<pin id="177" dir="0" index="0" bw="1" slack="1"/>
<pin id="178" dir="0" index="1" bw="0" slack="2147483647"/>
<pin id="179" dir="0" index="2" bw="9" slack="0"/>
<pin id="180" dir="0" index="3" bw="0" slack="2147483647"/>
<pin id="181" dir="1" index="4" bw="9" slack="0"/>
</pin_list>
<bind>
<opcode="phi(47) " fcode="phi"/>
<opset="n/4 "/>
</bind>
</comp>

<comp id="183" class="1005" name="cnt_3_reg_183">
<pin_list>
<pin id="184" dir="0" index="0" bw="64" slack="1"/>
<pin id="185" dir="1" index="1" bw="64" slack="1"/>
</pin_list>
<bind>
<opset="cnt_3 (phireg) "/>
</bind>
</comp>

<comp id="187" class="1004" name="cnt_3_phi_fu_187">
<pin_list>
<pin id="188" dir="0" index="0" bw="64" slack="0"/>
<pin id="189" dir="0" index="1" bw="0" slack="2147483647"/>
<pin id="190" dir="0" index="2" bw="64" slack="4"/>
<pin id="191" dir="0" index="3" bw="0" slack="2147483647"/>
<pin id="192" dir="0" index="4" bw="64" slack="4"/>
<pin id="193" dir="0" index="5" bw="0" slack="2147483647"/>
<pin id="194" dir="1" index="6" bw="64" slack="1"/>
</pin_list>
<bind>
<opcode="phi(47) " fcode="phi"/>
<opset="cnt_3/8 "/>
</bind>
</comp>

<comp id="198" class="1004" name="grp_bfs_Pipeline_loop_neighbors_fu_198">
<pin_list>
<pin id="199" dir="0" index="0" bw="0" slack="0"/>
<pin id="200" dir="0" index="1" bw="64" slack="2"/>
<pin id="201" dir="0" index="2" bw="64" slack="0"/>
<pin id="202" dir="0" index="3" bw="64" slack="0"/>
<pin id="203" dir="0" index="4" bw="64" slack="0"/>
<pin id="204" dir="0" index="5" bw="64" slack="0"/>
<pin id="205" dir="0" index="6" bw="8" slack="0"/>
<pin id="206" dir="0" index="7" bw="8" slack="3"/>
<pin id="207" dir="0" index="8" bw="64" slack="5"/>
<pin id="208" dir="1" index="9" bw="0" slack="2147483647"/>
</pin_list>
<bind>
<opcode="call(48) " fcode="call"/>
<opset="call_ln26/6 "/>
</bind>
</comp>

<comp id="214" class="1004" name="store_ln21_store_fu_214">
<pin_list>
<pin id="215" dir="0" index="0" bw="1" slack="0"/>
<pin id="216" dir="0" index="1" bw="64" slack="0"/>
<pin id="217" dir="1" index="2" bw="0" slack="2147483647"/>
</pin_list>
<bind>
<opcode="store(28) " fcode="store"/>
<opset="store_ln21/1 "/>
</bind>
</comp>

<comp id="219" class="1004" name="tmp2_fu_219">
<pin_list>
<pin id="220" dir="0" index="0" bw="128" slack="0"/>
<pin id="221" dir="0" index="1" bw="128" slack="0"/>
<pin id="222" dir="0" index="2" bw="1" slack="0"/>
<pin id="223" dir="0" index="3" bw="1" slack="0"/>
<pin id="224" dir="0" index="4" bw="7" slack="0"/>
<pin id="225" dir="1" index="5" bw="128" slack="0"/>
</pin_list>
<bind>
<opcode="partset(1003) " fcode="partset"/>
<opset="tmp2/2 "/>
</bind>
</comp>

<comp id="232" class="1004" name="horizon_1_load_fu_232">
<pin_list>
<pin id="233" dir="0" index="0" bw="64" slack="2"/>
<pin id="234" dir="1" index="1" bw="64" slack="0"/>
</pin_list>
<bind>
<opcode="load(27) " fcode="load"/>
<opset="horizon_1/3 "/>
</bind>
</comp>

<comp id="235" class="1004" name="trunc_ln21_fu_235">
<pin_list>
<pin id="236" dir="0" index="0" bw="64" slack="0"/>
<pin id="237" dir="1" index="1" bw="8" slack="0"/>
</pin_list>
<bind>
<opcode="trunc(33) " fcode="trunc"/>
<opset="trunc_ln21/3 "/>
</bind>
</comp>

<comp id="239" class="1004" name="trunc_ln21_1_fu_239">
<pin_list>
<pin id="240" dir="0" index="0" bw="64" slack="0"/>
<pin id="241" dir="1" index="1" bw="1" slack="0"/>
</pin_list>
<bind>
<opcode="trunc(33) " fcode="trunc"/>
<opset="trunc_ln21_1/3 "/>
</bind>
</comp>

<comp id="243" class="1004" name="trunc_ln21_2_fu_243">
<pin_list>
<pin id="244" dir="0" index="0" bw="64" slack="0"/>
<pin id="245" dir="1" index="1" bw="4" slack="0"/>
</pin_list>
<bind>
<opcode="trunc(33) " fcode="trunc"/>
<opset="trunc_ln21_2/3 "/>
</bind>
</comp>

<comp id="247" class="1004" name="add_ln21_fu_247">
<pin_list>
<pin id="248" dir="0" index="0" bw="64" slack="0"/>
<pin id="249" dir="0" index="1" bw="1" slack="0"/>
<pin id="250" dir="1" index="2" bw="64" slack="2"/>
</pin_list>
<bind>
<opcode="add(8) " fcode="add"/>
<opset="add_ln21/3 "/>
</bind>
</comp>

<comp id="253" class="1004" name="add_ln21_cast1_fu_253">
<pin_list>
<pin id="254" dir="0" index="0" bw="4" slack="0"/>
<pin id="255" dir="0" index="1" bw="1" slack="0"/>
<pin id="256" dir="1" index="2" bw="4" slack="1"/>
</pin_list>
<bind>
<opcode="add(8) " fcode="add"/>
<opset="add_ln21_cast1/3 "/>
</bind>
</comp>

<comp id="259" class="1004" name="add_ln21_cast_fu_259">
<pin_list>
<pin id="260" dir="0" index="0" bw="1" slack="0"/>
<pin id="261" dir="0" index="1" bw="1" slack="0"/>
<pin id="262" dir="1" index="2" bw="1" slack="2"/>
</pin_list>
<bind>
<opcode="xor(25) " fcode="xor"/>
<opset="add_ln21_cast/3 "/>
</bind>
</comp>

<comp id="265" class="1004" name="empty_fu_265">
<pin_list>
<pin id="266" dir="0" index="0" bw="8" slack="0"/>
<pin id="267" dir="0" index="1" bw="1" slack="0"/>
<pin id="268" dir="1" index="2" bw="8" slack="3"/>
</pin_list>
<bind>
<opcode="add(8) " fcode="add"/>
<opset="empty/3 "/>
</bind>
</comp>

<comp id="271" class="1004" name="icmp_ln24_fu_271">
<pin_list>
<pin id="272" dir="0" index="0" bw="9" slack="0"/>
<pin id="273" dir="0" index="1" bw="9" slack="0"/>
<pin id="274" dir="1" index="2" bw="1" slack="2147483647"/>
</pin_list>
<bind>
<opcode="icmp(45) " fcode="icmp"/>
<opset="icmp_ln24/4 "/>
</bind>
</comp>

<comp id="277" class="1004" name="n_1_fu_277">
<pin_list>
<pin id="278" dir="0" index="0" bw="9" slack="0"/>
<pin id="279" dir="0" index="1" bw="1" slack="0"/>
<pin id="280" dir="1" index="2" bw="9" slack="0"/>
</pin_list>
<bind>
<opcode="add(8) " fcode="add"/>
<opset="n_1/4 "/>
</bind>
</comp>

<comp id="283" class="1004" name="zext_ln24_fu_283">
<pin_list>
<pin id="284" dir="0" index="0" bw="9" slack="0"/>
<pin id="285" dir="1" index="1" bw="64" slack="0"/>
</pin_list>
<bind>
<opcode="zext(34) " fcode="zext"/>
<opset="zext_ln24/4 "/>
</bind>
</comp>

<comp id="288" class="1004" name="lshr_ln_fu_288">
<pin_list>
<pin id="289" dir="0" index="0" bw="3" slack="0"/>
<pin id="290" dir="0" index="1" bw="4" slack="1"/>
<pin id="291" dir="0" index="2" bw="1" slack="0"/>
<pin id="292" dir="0" index="3" bw="3" slack="0"/>
<pin id="293" dir="1" index="4" bw="3" slack="0"/>
</pin_list>
<bind>
<opcode="partselect(1002) " fcode="partselect"/>
<opset="lshr_ln/4 "/>
</bind>
</comp>

<comp id="297" class="1004" name="zext_ln39_fu_297">
<pin_list>
<pin id="298" dir="0" index="0" bw="3" slack="0"/>
<pin id="299" dir="1" index="1" bw="64" slack="0"/>
</pin_list>
<bind>
<opcode="zext(34) " fcode="zext"/>
<opset="zext_ln39/4 "/>
</bind>
</comp>

<comp id="302" class="1004" name="sext_ln25_fu_302">
<pin_list>
<pin id="303" dir="0" index="0" bw="8" slack="0"/>
<pin id="304" dir="1" index="1" bw="32" slack="0"/>
</pin_list>
<bind>
<opcode="sext(35) " fcode="sext"/>
<opset="sext_ln25/5 "/>
</bind>
</comp>

<comp id="306" class="1004" name="zext_ln25_fu_306">
<pin_list>
<pin id="307" dir="0" index="0" bw="8" slack="0"/>
<pin id="308" dir="1" index="1" bw="64" slack="0"/>
</pin_list>
<bind>
<opcode="zext(34) " fcode="zext"/>
<opset="zext_ln25/5 "/>
</bind>
</comp>

<comp id="310" class="1004" name="icmp_ln25_fu_310">
<pin_list>
<pin id="311" dir="0" index="0" bw="64" slack="0"/>
<pin id="312" dir="0" index="1" bw="64" slack="2147483647"/>
<pin id="313" dir="1" index="2" bw="1" slack="3"/>
</pin_list>
<bind>
<opcode="icmp(45) " fcode="icmp"/>
<opset="icmp_ln25/5 "/>
</bind>
</comp>

<comp id="315" class="1004" name="tmp_begin_fu_315">
<pin_list>
<pin id="316" dir="0" index="0" bw="128" slack="0"/>
<pin id="317" dir="1" index="1" bw="64" slack="0"/>
</pin_list>
<bind>
<opcode="trunc(33) " fcode="trunc"/>
<opset="tmp_begin/6 "/>
</bind>
</comp>

<comp id="320" class="1004" name="tmp_end_fu_320">
<pin_list>
<pin id="321" dir="0" index="0" bw="64" slack="0"/>
<pin id="322" dir="0" index="1" bw="128" slack="0"/>
<pin id="323" dir="0" index="2" bw="8" slack="0"/>
<pin id="324" dir="0" index="3" bw="8" slack="0"/>
<pin id="325" dir="1" index="4" bw="64" slack="0"/>
</pin_list>
<bind>
<opcode="partselect(1002) " fcode="partselect"/>
<opset="tmp_end/6 "/>
</bind>
</comp>

<comp id="331" class="1004" name="icmp_ln28_fu_331">
<pin_list>
<pin id="332" dir="0" index="0" bw="64" slack="0"/>
<pin id="333" dir="0" index="1" bw="64" slack="0"/>
<pin id="334" dir="1" index="2" bw="1" slack="2"/>
</pin_list>
<bind>
<opcode="icmp(45) " fcode="icmp"/>
<opset="icmp_ln28/6 "/>
</bind>
</comp>

<comp id="337" class="1004" name="cnt_1_loc_load_load_fu_337">
<pin_list>
<pin id="338" dir="0" index="0" bw="64" slack="7"/>
<pin id="339" dir="1" index="1" bw="64" slack="0"/>
</pin_list>
<bind>
<opcode="load(27) " fcode="load"/>
<opset="cnt_1_loc_load/8 "/>
</bind>
</comp>

<comp id="341" class="1004" name="shl_ln_fu_341">
<pin_list>
<pin id="342" dir="0" index="0" bw="7" slack="0"/>
<pin id="343" dir="0" index="1" bw="1" slack="2"/>
<pin id="344" dir="0" index="2" bw="1" slack="0"/>
<pin id="345" dir="1" index="3" bw="7" slack="0"/>
</pin_list>
<bind>
<opcode="bitconcatenate(1004) " fcode="bitconcatenate"/>
<opset="shl_ln/9 "/>
</bind>
</comp>

<comp id="348" class="1004" name="zext_ln39_1_fu_348">
<pin_list>
<pin id="349" dir="0" index="0" bw="7" slack="0"/>
<pin id="350" dir="1" index="1" bw="128" slack="0"/>
</pin_list>
<bind>
<opcode="zext(34) " fcode="zext"/>
<opset="zext_ln39_1/9 "/>
</bind>
</comp>

<comp id="352" class="1004" name="shl_ln39_fu_352">
<pin_list>
<pin id="353" dir="0" index="0" bw="65" slack="0"/>
<pin id="354" dir="0" index="1" bw="7" slack="0"/>
<pin id="355" dir="1" index="2" bw="128" slack="0"/>
</pin_list>
<bind>
<opcode="shl(20) " fcode="shl"/>
<opset="shl_ln39/9 "/>
</bind>
</comp>

<comp id="358" class="1004" name="xor_ln39_fu_358">
<pin_list>
<pin id="359" dir="0" index="0" bw="128" slack="0"/>
<pin id="360" dir="0" index="1" bw="128" slack="0"/>
<pin id="361" dir="1" index="2" bw="128" slack="0"/>
</pin_list>
<bind>
<opcode="xor(25) " fcode="xor"/>
<opset="xor_ln39/9 "/>
</bind>
</comp>

<comp id="364" class="1004" name="and_ln39_1_fu_364">
<pin_list>
<pin id="365" dir="0" index="0" bw="128" slack="0"/>
<pin id="366" dir="0" index="1" bw="128" slack="0"/>
<pin id="367" dir="1" index="2" bw="128" slack="0"/>
</pin_list>
<bind>
<opcode="and(23) " fcode="and"/>
<opset="and_ln39_1/9 "/>
</bind>
</comp>

<comp id="370" class="1004" name="zext_ln39_2_fu_370">
<pin_list>
<pin id="371" dir="0" index="0" bw="64" slack="1"/>
<pin id="372" dir="1" index="1" bw="128" slack="0"/>
</pin_list>
<bind>
<opcode="zext(34) " fcode="zext"/>
<opset="zext_ln39_2/9 "/>
</bind>
</comp>

<comp id="374" class="1004" name="shl_ln39_1_fu_374">
<pin_list>
<pin id="375" dir="0" index="0" bw="64" slack="0"/>
<pin id="376" dir="0" index="1" bw="7" slack="0"/>
<pin id="377" dir="1" index="2" bw="128" slack="0"/>
</pin_list>
<bind>
<opcode="shl(20) " fcode="shl"/>
<opset="shl_ln39_1/9 "/>
</bind>
</comp>

<comp id="380" class="1004" name="or_ln39_fu_380">
<pin_list>
<pin id="381" dir="0" index="0" bw="128" slack="0"/>
<pin id="382" dir="0" index="1" bw="128" slack="0"/>
<pin id="383" dir="1" index="2" bw="128" slack="0"/>
</pin_list>
<bind>
<opcode="or(24) " fcode="or"/>
<opset="or_ln39/9 "/>
</bind>
</comp>

<comp id="387" class="1004" name="icmp_ln39_fu_387">
<pin_list>
<pin id="388" dir="0" index="0" bw="64" slack="1"/>
<pin id="389" dir="0" index="1" bw="64" slack="0"/>
<pin id="390" dir="1" index="2" bw="1" slack="0"/>
</pin_list>
<bind>
<opcode="icmp(45) " fcode="icmp"/>
<opset="icmp_ln39/9 "/>
</bind>
</comp>

<comp id="393" class="1004" name="icmp_ln21_fu_393">
<pin_list>
<pin id="394" dir="0" index="0" bw="64" slack="2"/>
<pin id="395" dir="0" index="1" bw="64" slack="0"/>
<pin id="396" dir="1" index="2" bw="1" slack="0"/>
</pin_list>
<bind>
<opcode="icmp(45) " fcode="icmp"/>
<opset="icmp_ln21/9 "/>
</bind>
</comp>

<comp id="398" class="1004" name="and_ln39_fu_398">
<pin_list>
<pin id="399" dir="0" index="0" bw="1" slack="0"/>
<pin id="400" dir="0" index="1" bw="1" slack="0"/>
<pin id="401" dir="1" index="2" bw="1" slack="2147483647"/>
</pin_list>
<bind>
<opcode="and(23) " fcode="and"/>
<opset="and_ln39/9 "/>
</bind>
</comp>

<comp id="404" class="1004" name="store_ln39_store_fu_404">
<pin_list>
<pin id="405" dir="0" index="0" bw="64" slack="2"/>
<pin id="406" dir="0" index="1" bw="64" slack="4"/>
<pin id="407" dir="1" index="2" bw="0" slack="2147483647"/>
</pin_list>
<bind>
<opcode="store(28) " fcode="store"/>
<opset="store_ln39/9 "/>
</bind>
</comp>

<comp id="408" class="1005" name="horizon_reg_408">
<pin_list>
<pin id="409" dir="0" index="0" bw="64" slack="0"/>
<pin id="410" dir="1" index="1" bw="64" slack="0"/>
</pin_list>
<bind>
<opset="horizon "/>
</bind>
</comp>

<comp id="415" class="1005" name="cnt_1_loc_reg_415">
<pin_list>
<pin id="416" dir="0" index="0" bw="64" slack="5"/>
<pin id="417" dir="1" index="1" bw="64" slack="5"/>
</pin_list>
<bind>
<opset="cnt_1_loc "/>
</bind>
</comp>

<comp id="421" class="1005" name="level_counts_addr_reg_421">
<pin_list>
<pin id="422" dir="0" index="0" bw="3" slack="1"/>
<pin id="423" dir="1" index="1" bw="3" slack="1"/>
</pin_list>
<bind>
<opset="level_counts_addr "/>
</bind>
</comp>

<comp id="429" class="1005" name="add_ln21_reg_429">
<pin_list>
<pin id="430" dir="0" index="0" bw="64" slack="2"/>
<pin id="431" dir="1" index="1" bw="64" slack="2"/>
</pin_list>
<bind>
<opset="add_ln21 "/>
</bind>
</comp>

<comp id="435" class="1005" name="add_ln21_cast1_reg_435">
<pin_list>
<pin id="436" dir="0" index="0" bw="4" slack="1"/>
<pin id="437" dir="1" index="1" bw="4" slack="1"/>
</pin_list>
<bind>
<opset="add_ln21_cast1 "/>
</bind>
</comp>

<comp id="440" class="1005" name="add_ln21_cast_reg_440">
<pin_list>
<pin id="441" dir="0" index="0" bw="1" slack="2"/>
<pin id="442" dir="1" index="1" bw="1" slack="2"/>
</pin_list>
<bind>
<opset="add_ln21_cast "/>
</bind>
</comp>

<comp id="445" class="1005" name="empty_reg_445">
<pin_list>
<pin id="446" dir="0" index="0" bw="8" slack="3"/>
<pin id="447" dir="1" index="1" bw="8" slack="3"/>
</pin_list>
<bind>
<opset="empty "/>
</bind>
</comp>

<comp id="453" class="1005" name="n_1_reg_453">
<pin_list>
<pin id="454" dir="0" index="0" bw="9" slack="0"/>
<pin id="455" dir="1" index="1" bw="9" slack="0"/>
</pin_list>
<bind>
<opset="n_1 "/>
</bind>
</comp>

<comp id="458" class="1005" name="zext_ln24_reg_458">
<pin_list>
<pin id="459" dir="0" index="0" bw="64" slack="1"/>
<pin id="460" dir="1" index="1" bw="64" slack="1"/>
</pin_list>
<bind>
<opset="zext_ln24 "/>
</bind>
</comp>

<comp id="463" class="1005" name="level_addr_1_reg_463">
<pin_list>
<pin id="464" dir="0" index="0" bw="8" slack="1"/>
<pin id="465" dir="1" index="1" bw="8" slack="1"/>
</pin_list>
<bind>
<opset="level_addr_1 "/>
</bind>
</comp>

<comp id="468" class="1005" name="level_counts_addr_1_reg_468">
<pin_list>
<pin id="469" dir="0" index="0" bw="3" slack="1"/>
<pin id="470" dir="1" index="1" bw="3" slack="1"/>
</pin_list>
<bind>
<opset="level_counts_addr_1 "/>
</bind>
</comp>

<comp id="473" class="1005" name="icmp_ln25_reg_473">
<pin_list>
<pin id="474" dir="0" index="0" bw="1" slack="3"/>
<pin id="475" dir="1" index="1" bw="1" slack="2147483647"/>
</pin_list>
<bind>
<opset="icmp_ln25 "/>
</bind>
</comp>

<comp id="477" class="1005" name="nodes_addr_reg_477">
<pin_list>
<pin id="478" dir="0" index="0" bw="8" slack="1"/>
<pin id="479" dir="1" index="1" bw="8" slack="1"/>
</pin_list>
<bind>
<opset="nodes_addr "/>
</bind>
</comp>

<comp id="482" class="1005" name="tmp_begin_reg_482">
<pin_list>
<pin id="483" dir="0" index="0" bw="64" slack="1"/>
<pin id="484" dir="1" index="1" bw="64" slack="1"/>
</pin_list>
<bind>
<opset="tmp_begin "/>
</bind>
</comp>

<comp id="487" class="1005" name="tmp_end_reg_487">
<pin_list>
<pin id="488" dir="0" index="0" bw="64" slack="1"/>
<pin id="489" dir="1" index="1" bw="64" slack="1"/>
</pin_list>
<bind>
<opset="tmp_end "/>
</bind>
</comp>

<comp id="492" class="1005" name="icmp_ln28_reg_492">
<pin_list>
<pin id="493" dir="0" index="0" bw="1" slack="2"/>
<pin id="494" dir="1" index="1" bw="1" slack="2147483647"/>
</pin_list>
<bind>
<opset="icmp_ln28 "/>
</bind>
</comp>

</comp_list>

<net_list>
<net id="91"><net_src comp="12" pin="0"/><net_sink comp="88" pin=0"/></net>

<net id="95"><net_src comp="14" pin="0"/><net_sink comp="92" pin=0"/></net>

<net id="100"><net_src comp="18" pin="0"/><net_sink comp="96" pin=0"/></net>

<net id="101"><net_src comp="6" pin="0"/><net_sink comp="96" pin=1"/></net>

<net id="107"><net_src comp="10" pin="0"/><net_sink comp="102" pin=0"/></net>

<net id="108"><net_src comp="16" pin="0"/><net_sink comp="102" pin=1"/></net>

<net id="109"><net_src comp="16" pin="0"/><net_sink comp="102" pin=2"/></net>

<net id="115"><net_src comp="102" pin="3"/><net_sink comp="110" pin=0"/></net>

<net id="121"><net_src comp="8" pin="0"/><net_sink comp="116" pin=0"/></net>

<net id="122"><net_src comp="16" pin="0"/><net_sink comp="116" pin=1"/></net>

<net id="123"><net_src comp="96" pin="2"/><net_sink comp="116" pin=2"/></net>

<net id="129"><net_src comp="38" pin="0"/><net_sink comp="124" pin=1"/></net>

<net id="130"><net_src comp="116" pin="3"/><net_sink comp="124" pin=0"/></net>

<net id="136"><net_src comp="8" pin="0"/><net_sink comp="131" pin=0"/></net>

<net id="137"><net_src comp="16" pin="0"/><net_sink comp="131" pin=1"/></net>

<net id="138"><net_src comp="131" pin="3"/><net_sink comp="124" pin=0"/></net>

<net id="144"><net_src comp="10" pin="0"/><net_sink comp="139" pin=0"/></net>

<net id="145"><net_src comp="16" pin="0"/><net_sink comp="139" pin=1"/></net>

<net id="146"><net_src comp="139" pin="3"/><net_sink comp="110" pin=0"/></net>

<net id="152"><net_src comp="0" pin="0"/><net_sink comp="147" pin=0"/></net>

<net id="153"><net_src comp="16" pin="0"/><net_sink comp="147" pin=1"/></net>

<net id="159"><net_src comp="147" pin="3"/><net_sink comp="154" pin=0"/></net>

<net id="163"><net_src comp="16" pin="0"/><net_sink comp="160" pin=0"/></net>

<net id="170"><net_src comp="160" pin="1"/><net_sink comp="164" pin=0"/></net>

<net id="171"><net_src comp="164" pin="4"/><net_sink comp="160" pin=0"/></net>

<net id="175"><net_src comp="54" pin="0"/><net_sink comp="172" pin=0"/></net>

<net id="182"><net_src comp="172" pin="1"/><net_sink comp="176" pin=0"/></net>

<net id="186"><net_src comp="183" pin="1"/><net_sink comp="164" pin=2"/></net>

<net id="195"><net_src comp="160" pin="1"/><net_sink comp="187" pin=2"/></net>

<net id="196"><net_src comp="160" pin="1"/><net_sink comp="187" pin=4"/></net>

<net id="197"><net_src comp="187" pin="6"/><net_sink comp="183" pin=0"/></net>

<net id="209"><net_src comp="76" pin="0"/><net_sink comp="198" pin=0"/></net>

<net id="210"><net_src comp="160" pin="1"/><net_sink comp="198" pin=1"/></net>

<net id="211"><net_src comp="2" pin="0"/><net_sink comp="198" pin=4"/></net>

<net id="212"><net_src comp="4" pin="0"/><net_sink comp="198" pin=5"/></net>

<net id="213"><net_src comp="8" pin="0"/><net_sink comp="198" pin=6"/></net>

<net id="218"><net_src comp="16" pin="0"/><net_sink comp="214" pin=0"/></net>

<net id="226"><net_src comp="40" pin="0"/><net_sink comp="219" pin=0"/></net>

<net id="227"><net_src comp="110" pin="3"/><net_sink comp="219" pin=1"/></net>

<net id="228"><net_src comp="14" pin="0"/><net_sink comp="219" pin=2"/></net>

<net id="229"><net_src comp="28" pin="0"/><net_sink comp="219" pin=3"/></net>

<net id="230"><net_src comp="42" pin="0"/><net_sink comp="219" pin=4"/></net>

<net id="231"><net_src comp="219" pin="5"/><net_sink comp="110" pin=1"/></net>

<net id="238"><net_src comp="232" pin="1"/><net_sink comp="235" pin=0"/></net>

<net id="242"><net_src comp="232" pin="1"/><net_sink comp="239" pin=0"/></net>

<net id="246"><net_src comp="232" pin="1"/><net_sink comp="243" pin=0"/></net>

<net id="251"><net_src comp="232" pin="1"/><net_sink comp="247" pin=0"/></net>

<net id="252"><net_src comp="14" pin="0"/><net_sink comp="247" pin=1"/></net>

<net id="257"><net_src comp="243" pin="1"/><net_sink comp="253" pin=0"/></net>

<net id="258"><net_src comp="48" pin="0"/><net_sink comp="253" pin=1"/></net>

<net id="263"><net_src comp="239" pin="1"/><net_sink comp="259" pin=0"/></net>

<net id="264"><net_src comp="50" pin="0"/><net_sink comp="259" pin=1"/></net>

<net id="269"><net_src comp="235" pin="1"/><net_sink comp="265" pin=0"/></net>

<net id="270"><net_src comp="52" pin="0"/><net_sink comp="265" pin=1"/></net>

<net id="275"><net_src comp="176" pin="4"/><net_sink comp="271" pin=0"/></net>

<net id="276"><net_src comp="56" pin="0"/><net_sink comp="271" pin=1"/></net>

<net id="281"><net_src comp="176" pin="4"/><net_sink comp="277" pin=0"/></net>

<net id="282"><net_src comp="62" pin="0"/><net_sink comp="277" pin=1"/></net>

<net id="286"><net_src comp="176" pin="4"/><net_sink comp="283" pin=0"/></net>

<net id="287"><net_src comp="283" pin="1"/><net_sink comp="131" pin=2"/></net>

<net id="294"><net_src comp="64" pin="0"/><net_sink comp="288" pin=0"/></net>

<net id="295"><net_src comp="12" pin="0"/><net_sink comp="288" pin=2"/></net>

<net id="296"><net_src comp="66" pin="0"/><net_sink comp="288" pin=3"/></net>

<net id="300"><net_src comp="288" pin="4"/><net_sink comp="297" pin=0"/></net>

<net id="301"><net_src comp="297" pin="1"/><net_sink comp="139" pin=2"/></net>

<net id="305"><net_src comp="124" pin="3"/><net_sink comp="302" pin=0"/></net>

<net id="309"><net_src comp="302" pin="1"/><net_sink comp="306" pin=0"/></net>

<net id="314"><net_src comp="306" pin="1"/><net_sink comp="310" pin=0"/></net>

<net id="318"><net_src comp="154" pin="3"/><net_sink comp="315" pin=0"/></net>

<net id="319"><net_src comp="315" pin="1"/><net_sink comp="198" pin=2"/></net>

<net id="326"><net_src comp="70" pin="0"/><net_sink comp="320" pin=0"/></net>

<net id="327"><net_src comp="154" pin="3"/><net_sink comp="320" pin=1"/></net>

<net id="328"><net_src comp="72" pin="0"/><net_sink comp="320" pin=2"/></net>

<net id="329"><net_src comp="74" pin="0"/><net_sink comp="320" pin=3"/></net>

<net id="330"><net_src comp="320" pin="4"/><net_sink comp="198" pin=3"/></net>

<net id="335"><net_src comp="315" pin="1"/><net_sink comp="331" pin=0"/></net>

<net id="336"><net_src comp="320" pin="4"/><net_sink comp="331" pin=1"/></net>

<net id="340"><net_src comp="337" pin="1"/><net_sink comp="187" pin=0"/></net>

<net id="346"><net_src comp="78" pin="0"/><net_sink comp="341" pin=0"/></net>

<net id="347"><net_src comp="80" pin="0"/><net_sink comp="341" pin=2"/></net>

<net id="351"><net_src comp="341" pin="3"/><net_sink comp="348" pin=0"/></net>

<net id="356"><net_src comp="82" pin="0"/><net_sink comp="352" pin=0"/></net>

<net id="357"><net_src comp="348" pin="1"/><net_sink comp="352" pin=1"/></net>

<net id="362"><net_src comp="352" pin="2"/><net_sink comp="358" pin=0"/></net>

<net id="363"><net_src comp="84" pin="0"/><net_sink comp="358" pin=1"/></net>

<net id="368"><net_src comp="110" pin="3"/><net_sink comp="364" pin=0"/></net>

<net id="369"><net_src comp="358" pin="2"/><net_sink comp="364" pin=1"/></net>

<net id="373"><net_src comp="160" pin="1"/><net_sink comp="370" pin=0"/></net>

<net id="378"><net_src comp="370" pin="1"/><net_sink comp="374" pin=0"/></net>

<net id="379"><net_src comp="348" pin="1"/><net_sink comp="374" pin=1"/></net>

<net id="384"><net_src comp="364" pin="2"/><net_sink comp="380" pin=0"/></net>

<net id="385"><net_src comp="374" pin="2"/><net_sink comp="380" pin=1"/></net>

<net id="386"><net_src comp="380" pin="2"/><net_sink comp="110" pin=1"/></net>

<net id="391"><net_src comp="160" pin="1"/><net_sink comp="387" pin=0"/></net>

<net id="392"><net_src comp="16" pin="0"/><net_sink comp="387" pin=1"/></net>

<net id="397"><net_src comp="86" pin="0"/><net_sink comp="393" pin=1"/></net>

<net id="402"><net_src comp="387" pin="2"/><net_sink comp="398" pin=0"/></net>

<net id="403"><net_src comp="393" pin="2"/><net_sink comp="398" pin=1"/></net>

<net id="411"><net_src comp="88" pin="1"/><net_sink comp="408" pin=0"/></net>

<net id="412"><net_src comp="408" pin="1"/><net_sink comp="214" pin=1"/></net>

<net id="413"><net_src comp="408" pin="1"/><net_sink comp="232" pin=0"/></net>

<net id="414"><net_src comp="408" pin="1"/><net_sink comp="404" pin=1"/></net>

<net id="418"><net_src comp="92" pin="1"/><net_sink comp="415" pin=0"/></net>

<net id="419"><net_src comp="415" pin="1"/><net_sink comp="198" pin=8"/></net>

<net id="420"><net_src comp="415" pin="1"/><net_sink comp="337" pin=0"/></net>

<net id="424"><net_src comp="102" pin="3"/><net_sink comp="421" pin=0"/></net>

<net id="425"><net_src comp="421" pin="1"/><net_sink comp="110" pin=0"/></net>

<net id="432"><net_src comp="247" pin="2"/><net_sink comp="429" pin=0"/></net>

<net id="433"><net_src comp="429" pin="1"/><net_sink comp="393" pin=0"/></net>

<net id="434"><net_src comp="429" pin="1"/><net_sink comp="404" pin=0"/></net>

<net id="438"><net_src comp="253" pin="2"/><net_sink comp="435" pin=0"/></net>

<net id="439"><net_src comp="435" pin="1"/><net_sink comp="288" pin=1"/></net>

<net id="443"><net_src comp="259" pin="2"/><net_sink comp="440" pin=0"/></net>

<net id="444"><net_src comp="440" pin="1"/><net_sink comp="341" pin=1"/></net>

<net id="448"><net_src comp="265" pin="2"/><net_sink comp="445" pin=0"/></net>

<net id="449"><net_src comp="445" pin="1"/><net_sink comp="198" pin=7"/></net>

<net id="456"><net_src comp="277" pin="2"/><net_sink comp="453" pin=0"/></net>

<net id="457"><net_src comp="453" pin="1"/><net_sink comp="176" pin=2"/></net>

<net id="461"><net_src comp="283" pin="1"/><net_sink comp="458" pin=0"/></net>

<net id="462"><net_src comp="458" pin="1"/><net_sink comp="147" pin=2"/></net>

<net id="466"><net_src comp="131" pin="3"/><net_sink comp="463" pin=0"/></net>

<net id="467"><net_src comp="463" pin="1"/><net_sink comp="124" pin=0"/></net>

<net id="471"><net_src comp="139" pin="3"/><net_sink comp="468" pin=0"/></net>

<net id="472"><net_src comp="468" pin="1"/><net_sink comp="110" pin=0"/></net>

<net id="476"><net_src comp="310" pin="2"/><net_sink comp="473" pin=0"/></net>

<net id="480"><net_src comp="147" pin="3"/><net_sink comp="477" pin=0"/></net>

<net id="481"><net_src comp="477" pin="1"/><net_sink comp="154" pin=0"/></net>

<net id="485"><net_src comp="315" pin="1"/><net_sink comp="482" pin=0"/></net>

<net id="486"><net_src comp="482" pin="1"/><net_sink comp="198" pin=2"/></net>

<net id="490"><net_src comp="320" pin="4"/><net_sink comp="487" pin=0"/></net>

<net id="491"><net_src comp="487" pin="1"/><net_sink comp="198" pin=3"/></net>

<net id="495"><net_src comp="331" pin="2"/><net_sink comp="492" pin=0"/></net>

</net_list>

</model> 
---------------- Datapath Model END ------------------

* FSMD analyzer results:
  - Output states:
	Port: level | {2 6 7 }
	Port: level_counts | {2 9 }
 - Input state : 
	Port: bfs : nodes | {5 6 }
	Port: bfs : edges_0 | {6 7 }
	Port: bfs : edges_1 | {6 7 }
	Port: bfs : starting_node | {2 }
	Port: bfs : level | {4 5 6 7 }
	Port: bfs : level_counts | {1 2 4 9 }
  - Chain level:
	State 1
		level_counts_load : 1
		store_ln21 : 1
	State 2
		store_ln18 : 1
		tmp2 : 1
		store_ln19 : 2
	State 3
		trunc_ln21 : 1
		trunc_ln21_1 : 1
		trunc_ln21_2 : 1
		add_ln21 : 1
		add_ln21_cast1 : 2
		add_ln21_cast : 2
		empty : 2
	State 4
		icmp_ln24 : 1
		n_1 : 1
		br_ln24 : 2
		zext_ln24 : 1
		level_addr_1 : 2
		level_load : 3
		zext_ln39 : 1
		level_counts_addr_1 : 2
		level_counts_load_1 : 3
	State 5
		sext_ln25 : 1
		zext_ln25 : 2
		icmp_ln25 : 3
		br_ln25 : 4
		nodes_load : 1
	State 6
		tmp_begin : 1
		tmp_end : 1
		icmp_ln28 : 2
		br_ln28 : 3
		call_ln26 : 2
	State 7
	State 8
		cnt_3 : 1
	State 9
		zext_ln39_1 : 1
		shl_ln39 : 2
		xor_ln39 : 3
		and_ln39_1 : 3
		shl_ln39_1 : 2
		or_ln39 : 3
		store_ln39 : 3
		and_ln39 : 1
		br_ln39 : 1


============================================================
+ Verbose Summary: Datapath Resource usage 
============================================================

* Functional unit list:
|----------|----------------------------------------|---------|---------|---------|
| Operation|             Functional Unit            |  Delay  |    FF   |   LUT   |
|----------|----------------------------------------|---------|---------|---------|
|   call   | grp_bfs_Pipeline_loop_neighbors_fu_198 |  2.532  |   232   |   218   |
|----------|----------------------------------------|---------|---------|---------|
|    shl   |             shl_ln39_fu_352            |    0    |    0    |   186   |
|          |            shl_ln39_1_fu_374           |    0    |    0    |   182   |
|----------|----------------------------------------|---------|---------|---------|
|    xor   |          add_ln21_cast_fu_259          |    0    |    0    |    2    |
|          |             xor_ln39_fu_358            |    0    |    0    |   128   |
|----------|----------------------------------------|---------|---------|---------|
|    and   |            and_ln39_1_fu_364           |    0    |    0    |   128   |
|          |             and_ln39_fu_398            |    0    |    0    |    2    |
|----------|----------------------------------------|---------|---------|---------|
|    or    |             or_ln39_fu_380             |    0    |    0    |   128   |
|----------|----------------------------------------|---------|---------|---------|
|          |            icmp_ln24_fu_271            |    0    |    0    |    11   |
|          |            icmp_ln25_fu_310            |    0    |    0    |    29   |
|   icmp   |            icmp_ln28_fu_331            |    0    |    0    |    29   |
|          |            icmp_ln39_fu_387            |    0    |    0    |    29   |
|          |            icmp_ln21_fu_393            |    0    |    0    |    29   |
|----------|----------------------------------------|---------|---------|---------|
|          |             add_ln21_fu_247            |    0    |    0    |    71   |
|    add   |          add_ln21_cast1_fu_253         |    0    |    0    |    13   |
|          |              empty_fu_265              |    0    |    0    |    15   |
|          |               n_1_fu_277               |    0    |    0    |    16   |
|----------|----------------------------------------|---------|---------|---------|
|   read   |      starting_node_read_read_fu_96     |    0    |    0    |    0    |
|----------|----------------------------------------|---------|---------|---------|
|  partset |               tmp2_fu_219              |    0    |    0    |    0    |
|----------|----------------------------------------|---------|---------|---------|
|          |            trunc_ln21_fu_235           |    0    |    0    |    0    |
|   trunc  |           trunc_ln21_1_fu_239          |    0    |    0    |    0    |
|          |           trunc_ln21_2_fu_243          |    0    |    0    |    0    |
|          |            tmp_begin_fu_315            |    0    |    0    |    0    |
|----------|----------------------------------------|---------|---------|---------|
|          |            zext_ln24_fu_283            |    0    |    0    |    0    |
|          |            zext_ln39_fu_297            |    0    |    0    |    0    |
|   zext   |            zext_ln25_fu_306            |    0    |    0    |    0    |
|          |           zext_ln39_1_fu_348           |    0    |    0    |    0    |
|          |           zext_ln39_2_fu_370           |    0    |    0    |    0    |
|----------|----------------------------------------|---------|---------|---------|
|partselect|             lshr_ln_fu_288             |    0    |    0    |    0    |
|          |             tmp_end_fu_320             |    0    |    0    |    0    |
|----------|----------------------------------------|---------|---------|---------|
|   sext   |            sext_ln25_fu_302            |    0    |    0    |    0    |
|----------|----------------------------------------|---------|---------|---------|
|bitconcatenate|              shl_ln_fu_341             |    0    |    0    |    0    |
|----------|----------------------------------------|---------|---------|---------|
|   Total  |                                        |  2.532  |   232   |   1216  |
|----------|----------------------------------------|---------|---------|---------|

Memories:
N/A

* Register list:
+---------------------------+--------+
|                           |   FF   |
+---------------------------+--------+
|   add_ln21_cast1_reg_435  |    4   |
|   add_ln21_cast_reg_440   |    1   |
|      add_ln21_reg_429     |   64   |
|     cnt_1_loc_reg_415     |   64   |
|       cnt_3_reg_183       |   64   |
|        cnt_reg_160        |   64   |
|       empty_reg_445       |    8   |
|      horizon_reg_408      |   64   |
|     icmp_ln25_reg_473     |    1   |
|     icmp_ln28_reg_492     |    1   |
|    level_addr_1_reg_463   |    8   |
|level_counts_addr_1_reg_468|    3   |
| level_counts_addr_reg_421 |    3   |
|        n_1_reg_453        |    9   |
|         n_reg_172         |    9   |
|     nodes_addr_reg_477    |    8   |
|     tmp_begin_reg_482     |   64   |
|      tmp_end_reg_487      |   64   |
|     zext_ln24_reg_458     |   64   |
+---------------------------+--------+
|           Total           |   567  |
+---------------------------+--------+

* Multiplexer (MUX) list: 
|----------------------------------------|------|------|------|--------||---------||---------|
|                  Comp                  |  Pin | Size |  BW  | S x BW ||  Delay  ||   LUT   |
|----------------------------------------|------|------|------|--------||---------||---------|
|            grp_access_fu_110           |  p0  |   4  |   3  |   12   ||    17   |
|            grp_access_fu_110           |  p1  |   2  |  128 |   256  ||    9    |
|            grp_access_fu_124           |  p0  |   3  |   8  |   24   ||    13   |
|            grp_access_fu_154           |  p0  |   2  |   8  |   16   ||    9    |
|               cnt_reg_160              |  p0  |   2  |  64  |   128  ||    9    |
| grp_bfs_Pipeline_loop_neighbors_fu_198 |  p2  |   2  |  64  |   128  ||    9    |
| grp_bfs_Pipeline_loop_neighbors_fu_198 |  p3  |   2  |  64  |   128  ||    9    |
|----------------------------------------|------|------|------|--------||---------||---------|
|                  Total                 |      |      |      |   692  || 5.95043 ||    75   |
|----------------------------------------|------|------|------|--------||---------||---------|



* Summary:
+-----------+--------+--------+--------+
|           |  Delay |   FF   |   LUT  |
+-----------+--------+--------+--------+
|  Function |    2   |   232  |  1216  |
|   Memory  |    -   |    -   |    -   |
|Multiplexer|    5   |    -   |   75   |
|  Register |    -   |   567  |    -   |
+-----------+--------+--------+--------+
|   Total   |    8   |   799  |  1291  |
+-----------+--------+--------+--------+
