

================================================================
== Vitis HLS Report for 'bfs'
================================================================
* Date:           Mon Mar 10 00:15:40 2025

* Version:        2022.1 (Build 3526262 on Mon Apr 18 15:47:01 MDT 2022)
* Project:        bfs_random_prj_p1
* Solution:       solution (Vivado IP Flow Target)
* Product family: virtex7
* Target device:  xc7vx485t-ffg1761-2


================================================================
== Performance Estimates
================================================================
+ Timing: 
    * Summary: 
    +--------+----------+----------+------------+
    |  Clock |  Target  | Estimated| Uncertainty|
    +--------+----------+----------+------------+
    |ap_clk  |  10.00 ns|  7.139 ns|     2.70 ns|
    +--------+----------+----------+------------+

+ Latency: 
    * Summary: 
    +---------+---------+----------+----------+-----+-----+---------+
    |  Latency (cycles) |  Latency (absolute) |  Interval | Pipeline|
    |   min   |   max   |    min   |    max   | min | max |   Type  |
    +---------+---------+----------+----------+-----+-----+---------+
    |        ?|        ?|         ?|         ?|    ?|    ?|       no|
    +---------+---------+----------+----------+-----+-----+---------+

    + Detail: 
        * Instance: 
        +----------------------------------------+-----------------------------+---------+---------+----------+----------+-----+-----+---------+
        |                                        |                             |  Latency (cycles) |  Latency (absolute) |  Interval | Pipeline|
        |                Instance                |            Module           |   min   |   max   |    min   |    max   | min | max |   Type  |
        +----------------------------------------+-----------------------------+---------+---------+----------+----------+-----+-----+---------+
        |grp_bfs_Pipeline_loop_neighbors_fu_234  |bfs_Pipeline_loop_neighbors  |        ?|        ?|         ?|         ?|    ?|    ?|       no|
        +----------------------------------------+-----------------------------+---------+---------+----------+----------+-----+-----+---------+

        * Loop: 
        +-----------------+---------+---------+----------+-----------+-----------+------+----------+
        |                 |  Latency (cycles) | Iteration|  Initiation Interval  | Trip |          |
        |    Loop Name    |   min   |   max   |  Latency |  achieved |   target  | Count| Pipelined|
        +-----------------+---------+---------+----------+-----------+-----------+------+----------+
        |- loop_horizons  |        ?|        ?|         ?|          -|          -|     ?|        no|
        | + loop_nodes    |        ?|        ?|         ?|          -|          -|   256|        no|
        +-----------------+---------+---------+----------+-----------+-----------+------+----------+



================================================================
== Utilization Estimates
================================================================
* Summary: 
+-----------------+---------+------+--------+--------+-----+
|       Name      | BRAM_18K|  DSP |   FF   |   LUT  | URAM|
+-----------------+---------+------+--------+--------+-----+
|DSP              |        -|     -|       -|       -|    -|
|Expression       |        -|     -|       0|    2131|    -|
|FIFO             |        -|     -|       -|       -|    -|
|Instance         |        -|     6|    1594|    1794|    -|
|Memory           |        -|     -|       -|       -|    -|
|Multiplexer      |        -|     -|       -|     475|    -|
|Register         |        -|     -|     490|       -|    -|
+-----------------+---------+------+--------+--------+-----+
|Total            |        0|     6|    2084|    4400|    0|
+-----------------+---------+------+--------+--------+-----+
|Available        |     2060|  2800|  607200|  303600|    0|
+-----------------+---------+------+--------+--------+-----+
|Utilization (%)  |        0|    ~0|      ~0|       1|    0|
+-----------------+---------+------+--------+--------+-----+

+ Detail: 
    * Instance: 
    +----------------------------------------+-----------------------------+---------+----+-----+------+-----+
    |                Instance                |            Module           | BRAM_18K| DSP|  FF |  LUT | URAM|
    +----------------------------------------+-----------------------------+---------+----+-----+------+-----+
    |grp_bfs_Pipeline_loop_neighbors_fu_234  |bfs_Pipeline_loop_neighbors  |        0|   0|  454|  1128|    0|
    |mul_64ns_66ns_68_2_1_U14                |mul_64ns_66ns_68_2_1         |        0|   6|  361|   179|    0|
    |mux_21_64_1_1_U12                       |mux_21_64_1_1                |        0|   0|    0|     9|    0|
    |mux_21_64_1_1_U13                       |mux_21_64_1_1                |        0|   0|    0|     9|    0|
    |urem_64ns_4ns_64_68_seq_1_U11           |urem_64ns_4ns_64_68_seq_1    |        0|   0|  779|   469|    0|
    +----------------------------------------+-----------------------------+---------+----+-----+------+-----+
    |Total                                   |                             |        0|   6| 1594|  1794|    0|
    +----------------------------------------+-----------------------------+---------+----+-----+------+-----+

    * DSP: 
    N/A

    * Memory: 
    N/A

    * FIFO: 
    N/A

    * Expression: 
    +-----------------------+----------+----+---+-----+------------+------------+
    |     Variable Name     | Operation| DSP| FF| LUT | Bitwidth P0| Bitwidth P1|
    +-----------------------+----------+----+---+-----+------------+------------+
    |add_ln21_fu_262_p2     |         +|   0|  0|   71|          64|           1|
    |empty_fu_268_p2        |         +|   0|  0|   15|           8|           1|
    |n_1_fu_280_p2          |         +|   0|  0|   16|           9|           1|
    |and_ln39_fu_447_p2     |       and|   0|  0|    2|           1|           1|
    |icmp_ln21_fu_442_p2    |      icmp|   0|  0|   29|          64|           4|
    |icmp_ln24_fu_274_p2    |      icmp|   0|  0|   11|           9|          10|
    |icmp_ln25_fu_310_p2    |      icmp|   0|  0|   29|          64|          64|
    |icmp_ln28_fu_412_p2    |      icmp|   0|  0|   29|          64|          64|
    |icmp_ln39_fu_436_p2    |      icmp|   0|  0|   29|          64|           1|
    |lshr_ln26_1_fu_364_p2  |      lshr|   0|  0|  950|         256|         256|
    |lshr_ln26_fu_350_p2    |      lshr|   0|  0|  950|         256|         256|
    +-----------------------+----------+----+---+-----+------------+------------+
    |Total                  |          |   0|  0| 2131|         859|         659|
    +-----------------------+----------+----+---+-----+------------+------------+

    * Multiplexer: 
    +-------------------------+-----+-----------+-----+-----------+
    |           Name          | LUT | Input Size| Bits| Total Bits|
    +-------------------------+-----+-----------+-----+-----------+
    |ap_NS_fsm                |  357|         77|    1|         77|
    |cnt_3_reg_219            |    9|          2|   64|        128|
    |cnt_reg_193              |    9|          2|   64|        128|
    |horizon_fu_94            |    9|          2|   64|        128|
    |level_address0           |   17|          4|    8|         32|
    |level_ce0                |   13|          3|    1|          3|
    |level_counts_0_address0  |   13|          3|    3|          9|
    |level_counts_0_d0        |   13|          3|   64|        192|
    |level_d0                 |   13|          3|    8|         24|
    |level_we0                |   13|          3|    1|          3|
    |n_reg_207                |    9|          2|    9|         18|
    +-------------------------+-----+-----------+-----+-----------+
    |Total                    |  475|        104|  287|        742|
    +-------------------------+-----+-----------+-----+-----------+

    * Register: 
    +-----------------------------------------------------+----+----+-----+-----------+
    |                         Name                        | FF | LUT| Bits| Const Bits|
    +-----------------------------------------------------+----+----+-----+-----------+
    |add_ln21_reg_473                                     |  64|   0|   64|          0|
    |ap_CS_fsm                                            |  76|   0|   76|          0|
    |cnt_3_reg_219                                        |  64|   0|   64|          0|
    |cnt_reg_193                                          |  64|   0|   64|          0|
    |empty_reg_481                                        |   8|   0|    8|          0|
    |grp_bfs_Pipeline_loop_neighbors_fu_234_ap_start_reg  |   1|   0|    1|          0|
    |horizon_fu_94                                        |  64|   0|   64|          0|
    |n_1_reg_489                                          |   9|   0|    9|          0|
    |n_reg_207                                            |   9|   0|    9|          0|
    |tmp_2_reg_508                                        |   1|   0|    1|          0|
    |tmp_begin_reg_523                                    |  64|   0|   64|          0|
    |tmp_end_reg_529                                      |  64|   0|   64|          0|
    |tmp_reg_546                                          |   1|   0|    1|          0|
    |trunc_ln24_reg_499                                   |   1|   0|    1|          0|
    +-----------------------------------------------------+----+----+-----+-----------+
    |Total                                                | 490|   0|  490|          0|
    +-----------------------------------------------------+----+----+-----+-----------+



================================================================
== Interface
================================================================
* Summary: 
+-------------------------+-----+-----+------------+----------------+--------------+
|        RTL Ports        | Dir | Bits|  Protocol  |  Source Object |    C Type    |
+-------------------------+-----+-----+------------+----------------+--------------+
|ap_clk                   |   in|    1|  ap_ctrl_hs|             bfs|  return value|
|ap_rst                   |   in|    1|  ap_ctrl_hs|             bfs|  return value|
|ap_start                 |   in|    1|  ap_ctrl_hs|             bfs|  return value|
|ap_done                  |  out|    1|  ap_ctrl_hs|             bfs|  return value|
|ap_idle                  |  out|    1|  ap_ctrl_hs|             bfs|  return value|
|ap_ready                 |  out|    1|  ap_ctrl_hs|             bfs|  return value|
|nodes_0_address0         |  out|    6|   ap_memory|         nodes_0|         array|
|nodes_0_ce0              |  out|    1|   ap_memory|         nodes_0|         array|
|nodes_0_q0               |   in|  256|   ap_memory|         nodes_0|         array|
|nodes_1_address0         |  out|    6|   ap_memory|         nodes_1|         array|
|nodes_1_ce0              |  out|    1|   ap_memory|         nodes_1|         array|
|nodes_1_q0               |   in|  256|   ap_memory|         nodes_1|         array|
|edges_0_address0         |  out|   10|   ap_memory|         edges_0|         array|
|edges_0_ce0              |  out|    1|   ap_memory|         edges_0|         array|
|edges_0_q0               |   in|  128|   ap_memory|         edges_0|         array|
|edges_1_address0         |  out|   10|   ap_memory|         edges_1|         array|
|edges_1_ce0              |  out|    1|   ap_memory|         edges_1|         array|
|edges_1_q0               |   in|  128|   ap_memory|         edges_1|         array|
|starting_node            |   in|   64|     ap_none|   starting_node|        scalar|
|level_address0           |  out|    8|   ap_memory|           level|         array|
|level_ce0                |  out|    1|   ap_memory|           level|         array|
|level_we0                |  out|    1|   ap_memory|           level|         array|
|level_d0                 |  out|    8|   ap_memory|           level|         array|
|level_q0                 |   in|    8|   ap_memory|           level|         array|
|level_counts_0_address0  |  out|    3|   ap_memory|  level_counts_0|         array|
|level_counts_0_ce0       |  out|    1|   ap_memory|  level_counts_0|         array|
|level_counts_0_we0       |  out|    1|   ap_memory|  level_counts_0|         array|
|level_counts_0_d0        |  out|   64|   ap_memory|  level_counts_0|         array|
|level_counts_1_address0  |  out|    3|   ap_memory|  level_counts_1|         array|
|level_counts_1_ce0       |  out|    1|   ap_memory|  level_counts_1|         array|
|level_counts_1_we0       |  out|    1|   ap_memory|  level_counts_1|         array|
|level_counts_1_d0        |  out|   64|   ap_memory|  level_counts_1|         array|
+-------------------------+-----+-----+------------+----------------+--------------+

