

================================================================
== Vitis HLS Report for 'bfs'
================================================================
* Date:           Mon Mar 10 00:14:08 2025

* Version:        2022.1 (Build 3526262 on Mon Apr 18 15:47:01 MDT 2022)
* Project:        bfs_random_prj_p1
* Solution:       solution (Vivado IP Flow Target)
* Product family: virtex7
* Target device:  xc7vx485t-ffg1761-2


================================================================
== Performance Estimates
================================================================
+ Timing: 
    * Summary: 
    +--------+----------+----------+------------+
    |  Clock |  Target  | Estimated| Uncertainty|
    +--------+----------+----------+------------+
    |ap_clk  |  10.00 ns|  6.904 ns|     2.70 ns|
    +--------+----------+----------+------------+

+ Latency: 
    * Summary: 
    +---------+---------+----------+----------+-----+-----+---------+
    |  Latency (cycles) |  Latency (absolute) |  Interval | Pipeline|
    |   min   |   max   |    min   |    max   | min | max |   Type  |
    +---------+---------+----------+----------+-----+-----+---------+
    |        ?|        ?|         ?|         ?|    ?|    ?|       no|
    +---------+---------+----------+----------+-----+-----+---------+

    + Detail: 
        * Instance: 
        N/A

        * Loop: 
        +---------------------+---------+---------+----------+-----------+-----------+-------+----------+
        |                     |  Latency (cycles) | Iteration|  Initiation Interval  |  Trip |          |
        |      Loop Name      |   min   |   max   |  Latency |  achieved |   target  | Count | Pipelined|
        +---------------------+---------+---------+----------+-----------+-----------+-------+----------+
        |- loop_horizons      |        ?|        ?|         ?|          -|          -|  1 ~ 5|        no|
        | + loop_nodes        |        ?|        ?|         ?|          -|          -|    256|        no|
        |  ++ loop_neighbors  |        ?|        ?|         4|          -|          -|      ?|        no|
        | + loop_nodes        |        ?|        ?|         ?|          -|          -|    256|        no|
        |  ++ loop_neighbors  |        ?|        ?|         3|          -|          -|      ?|        no|
        +---------------------+---------+---------+----------+-----------+-----------+-------+----------+



================================================================
== Utilization Estimates
================================================================
* Summary: 
+-----------------+---------+------+--------+--------+-----+
|       Name      | BRAM_18K|  DSP |   FF   |   LUT  | URAM|
+-----------------+---------+------+--------+--------+-----+
|DSP              |        -|     -|       -|       -|    -|
|Expression       |        -|     -|       0|    1431|    -|
|FIFO             |        -|     -|       -|       -|    -|
|Instance         |        -|     -|       -|       -|    -|
|Memory           |        -|     -|       -|       -|    -|
|Multiplexer      |        -|     -|       -|     345|    -|
|Register         |        -|     -|     821|       -|    -|
+-----------------+---------+------+--------+--------+-----+
|Total            |        0|     0|     821|    1776|    0|
+-----------------+---------+------+--------+--------+-----+
|Available        |     2060|  2800|  607200|  303600|    0|
+-----------------+---------+------+--------+--------+-----+
|Utilization (%)  |        0|     0|      ~0|      ~0|    0|
+-----------------+---------+------+--------+--------+-----+

+ Detail: 
    * Instance: 
    N/A

    * DSP: 
    N/A

    * Memory: 
    N/A

    * FIFO: 
    N/A

    * Expression: 
    +-----------------------+----------+----+---+-----+------------+------------+
    |     Variable Name     | Operation| DSP| FF| LUT | Bitwidth P0| Bitwidth P1|
    +-----------------------+----------+----+---+-----+------------+------------+
    |add_ln21_fu_561_p2     |         +|   0|  0|   13|           4|           2|
    |add_ln39_fu_594_p2     |         +|   0|  0|   14|           7|           5|
    |cnt_5_fu_530_p2        |         +|   0|  0|   71|          64|           1|
    |cnt_8_fu_676_p2        |         +|   0|  0|   71|          64|           1|
    |e_3_fu_536_p2          |         +|   0|  0|   71|          64|           1|
    |e_5_fu_683_p2          |         +|   0|  0|   71|          64|           1|
    |n_2_fu_449_p2          |         +|   0|  0|   16|           9|           1|
    |n_3_fu_581_p2          |         +|   0|  0|   16|           9|           1|
    |grp_fu_387_p2          |      icmp|   0|  0|   11|           8|           7|
    |icmp_ln21_fu_422_p2    |      icmp|   0|  0|    9|           4|           4|
    |icmp_ln24_1_fu_575_p2  |      icmp|   0|  0|   11|           9|          10|
    |icmp_ln24_fu_443_p2    |      icmp|   0|  0|   11|           9|          10|
    |icmp_ln25_1_fu_615_p2  |      icmp|   0|  0|   11|           8|           8|
    |icmp_ln25_fu_469_p2    |      icmp|   0|  0|   11|           8|           8|
    |icmp_ln28_1_fu_484_p2  |      icmp|   0|  0|   29|          64|          64|
    |icmp_ln28_2_fu_624_p2  |      icmp|   0|  0|   29|          64|          64|
    |icmp_ln28_3_fu_630_p2  |      icmp|   0|  0|   29|          64|          64|
    |icmp_ln28_fu_478_p2    |      icmp|   0|  0|   29|          64|          64|
    |icmp_ln39_1_fu_702_p2  |      icmp|   0|  0|   29|          64|           1|
    |icmp_ln39_fu_555_p2    |      icmp|   0|  0|   29|          64|           1|
    |lshr_ln29_1_fu_665_p2  |      lshr|   0|  0|  423|         128|         128|
    |lshr_ln29_fu_519_p2    |      lshr|   0|  0|  423|         128|         128|
    |conv20_fu_428_p2       |        or|   0|  0|    4|           4|           1|
    +-----------------------+----------+----+---+-----+------------+------------+
    |Total                  |          |   0|  0| 1431|         975|         575|
    +-----------------------+----------+----+---+-----+------------+------------+

    * Multiplexer: 
    +--------------------------------+-----+-----------+-----+-----------+
    |              Name              | LUT | Input Size| Bits| Total Bits|
    +--------------------------------+-----+-----------+-----+-----------+
    |ap_NS_fsm                       |  102|         21|    1|         21|
    |ap_phi_mux_cnt_9_phi_fu_353_p4  |   13|          3|   64|        192|
    |cnt_1_reg_305                   |    9|          2|   64|        128|
    |cnt_2_reg_277                   |    9|          2|   64|        128|
    |cnt_3_reg_289                   |    9|          2|   64|        128|
    |cnt_4_reg_256                   |    9|          2|   64|        128|
    |cnt_6_reg_328                   |    9|          2|   64|        128|
    |cnt_7_reg_361                   |    9|          2|   64|        128|
    |cnt_reg_233                     |    9|          2|   64|        128|
    |e_1_reg_267                     |    9|          2|   64|        128|
    |e_4_reg_339                     |    9|          2|   64|        128|
    |edges_address0                  |   13|          3|   11|         33|
    |horizon_fu_104                  |    9|          2|    4|          8|
    |level_address0                  |   33|          8|    8|         64|
    |level_counts_address0           |   29|          7|    3|         21|
    |level_counts_d0                 |   17|          4|  128|        512|
    |level_d0                        |   17|          4|    8|         32|
    |n_1_reg_317                     |    9|          2|    9|         18|
    |n_reg_245                       |    9|          2|    9|         18|
    |nodes_address0                  |   13|          3|    8|         24|
    +--------------------------------+-----+-----------+-----+-----------+
    |Total                           |  345|         77|  829|       2095|
    +--------------------------------+-----+-----------+-----+-----------+

    * Register: 
    +-----------------------------+----+----+-----+-----------+
    |             Name            | FF | LUT| Bits| Const Bits|
    +-----------------------------+----+----+-----+-----------+
    |add_ln21_reg_811             |   4|   0|    4|          0|
    |ap_CS_fsm                    |  20|   0|   20|          0|
    |cnt_1_reg_305                |  64|   0|   64|          0|
    |cnt_2_reg_277                |  64|   0|   64|          0|
    |cnt_3_reg_289                |  64|   0|   64|          0|
    |cnt_4_reg_256                |  64|   0|   64|          0|
    |cnt_6_reg_328                |  64|   0|   64|          0|
    |cnt_7_reg_361                |  64|   0|   64|          0|
    |cnt_reg_233                  |  64|   0|   64|          0|
    |e_1_reg_267                  |  64|   0|   64|          0|
    |e_3_reg_802                  |  64|   0|   64|          0|
    |e_4_reg_339                  |  64|   0|   64|          0|
    |horizon_fu_104               |   4|   0|    4|          0|
    |icmp_ln21_reg_732            |   1|   0|    1|          0|
    |icmp_ln39_reg_807            |   1|   0|    1|          0|
    |level_addr_3_reg_789         |   8|   0|    8|          0|
    |level_addr_4_reg_868         |   8|   0|    8|          0|
    |level_counts_addr_1_reg_760  |   3|   0|    3|          0|
    |level_counts_addr_2_reg_839  |   3|   0|    3|          0|
    |n_1_reg_317                  |   9|   0|    9|          0|
    |n_2_reg_750                  |   9|   0|    9|          0|
    |n_3_reg_829                  |   9|   0|    9|          0|
    |n_reg_245                    |   9|   0|    9|          0|
    |reg_393                      |  64|   0|   64|          0|
    |zext_ln21_reg_727            |   4|   0|    8|          4|
    |zext_ln24_1_reg_742          |   9|   0|   64|         55|
    |zext_ln24_2_reg_816          |   4|   0|    8|          4|
    |zext_ln24_3_reg_821          |   9|   0|   64|         55|
    |zext_ln24_reg_736            |   3|   0|    8|          5|
    +-----------------------------+----+----+-----+-----------+
    |Total                        | 821|   0|  944|        123|
    +-----------------------------+----+----+-----+-----------+



================================================================
== Interface
================================================================
* Summary: 
+-----------------------+-----+-----+------------+---------------+--------------+
|       RTL Ports       | Dir | Bits|  Protocol  | Source Object |    C Type    |
+-----------------------+-----+-----+------------+---------------+--------------+
|ap_clk                 |   in|    1|  ap_ctrl_hs|            bfs|  return value|
|ap_rst                 |   in|    1|  ap_ctrl_hs|            bfs|  return value|
|ap_start               |   in|    1|  ap_ctrl_hs|            bfs|  return value|
|ap_done                |  out|    1|  ap_ctrl_hs|            bfs|  return value|
|ap_idle                |  out|    1|  ap_ctrl_hs|            bfs|  return value|
|ap_ready               |  out|    1|  ap_ctrl_hs|            bfs|  return value|
|nodes_address0         |  out|    8|   ap_memory|          nodes|         array|
|nodes_ce0              |  out|    1|   ap_memory|          nodes|         array|
|nodes_q0               |   in|  128|   ap_memory|          nodes|         array|
|edges_address0         |  out|   11|   ap_memory|          edges|         array|
|edges_ce0              |  out|    1|   ap_memory|          edges|         array|
|edges_q0               |   in|  128|   ap_memory|          edges|         array|
|starting_node          |   in|   64|     ap_none|  starting_node|        scalar|
|level_address0         |  out|    8|   ap_memory|          level|         array|
|level_ce0              |  out|    1|   ap_memory|          level|         array|
|level_we0              |  out|    1|   ap_memory|          level|         array|
|level_d0               |  out|    8|   ap_memory|          level|         array|
|level_q0               |   in|    8|   ap_memory|          level|         array|
|level_counts_address0  |  out|    3|   ap_memory|   level_counts|         array|
|level_counts_ce0       |  out|    1|   ap_memory|   level_counts|         array|
|level_counts_we0       |  out|    1|   ap_memory|   level_counts|         array|
|level_counts_d0        |  out|  128|   ap_memory|   level_counts|         array|
|level_counts_q0        |   in|  128|   ap_memory|   level_counts|         array|
+-----------------------+-----+-----+------------+---------------+--------------+

