

================================================================
== Vitis HLS Report for 'bfs'
================================================================
* Date:           Mon Mar 10 00:11:34 2025

* Version:        2022.1 (Build 3526262 on Mon Apr 18 15:47:01 MDT 2022)
* Project:        bfs_random_prj_p1
* Solution:       solution (Vivado IP Flow Target)
* Product family: virtex7
* Target device:  xc7vx485t-ffg1761-2


================================================================
== Performance Estimates
================================================================
+ Timing: 
    * Summary: 
    +--------+----------+----------+------------+
    |  Clock |  Target  | Estimated| Uncertainty|
    +--------+----------+----------+------------+
    |ap_clk  |  10.00 ns|  7.139 ns|     2.70 ns|
    +--------+----------+----------+------------+

+ Latency: 
    * Summary: 
    +---------+---------+----------+----------+-----+-----+---------+
    |  Latency (cycles) |  Latency (absolute) |  Interval | Pipeline|
    |   min   |   max   |    min   |    max   | min | max |   Type  |
    +---------+---------+----------+----------+-----+-----+---------+
    |        ?|        ?|         ?|         ?|    ?|    ?|       no|
    +---------+---------+----------+----------+-----+-----+---------+

    + Detail: 
        * Instance: 
        N/A

        * Loop: 
        +---------------------+---------+---------+----------+-----------+-----------+------+----------+
        |                     |  Latency (cycles) | Iteration|  Initiation Interval  | Trip |          |
        |      Loop Name      |   min   |   max   |  Latency |  achieved |   target  | Count| Pipelined|
        +---------------------+---------+---------+----------+-----------+-----------+------+----------+
        |- loop_horizons      |        ?|        ?|         ?|          -|          -|     ?|        no|
        | + loop_nodes        |        ?|        ?|         ?|          -|          -|   256|        no|
        |  ++ loop_neighbors  |        ?|        ?|         9|          -|          -|     ?|        no|
        +---------------------+---------+---------+----------+-----------+-----------+------+----------+



================================================================
== Utilization Estimates
================================================================
* Summary: 
+-----------------+---------+------+--------+--------+-----+
|       Name      | BRAM_18K|  DSP |   FF   |   LUT  | URAM|
+-----------------+---------+------+--------+--------+-----+
|DSP              |        -|     -|       -|       -|    -|
|Expression       |        -|     -|       0|    4458|    -|
|FIFO             |        -|     -|       -|       -|    -|
|Instance         |        -|     9|    1140|     693|    -|
|Memory           |        -|     -|       -|       -|    -|
|Multiplexer      |        -|     -|       -|     663|    -|
|Register         |        -|     -|    1021|       -|    -|
+-----------------+---------+------+--------+--------+-----+
|Total            |        0|     9|    2161|    5814|    0|
+-----------------+---------+------+--------+--------+-----+
|Available        |     2060|  2800|  607200|  303600|    0|
+-----------------+---------+------+--------+--------+-----+
|Utilization (%)  |        0|    ~0|      ~0|       1|    0|
+-----------------+---------+------+--------+--------+-----+

+ Detail: 
    * Instance: 
    +------------------------------+---------------------------+---------+----+-----+-----+-----+
    |           Instance           |           Module          | BRAM_18K| DSP|  FF | LUT | URAM|
    +------------------------------+---------------------------+---------+----+-----+-----+-----+
    |mul_64ns_66ns_125_2_1_U7      |mul_64ns_66ns_125_2_1      |        0|   9|  361|  179|    0|
    |mux_21_64_1_1_U3              |mux_21_64_1_1              |        0|   0|    0|    9|    0|
    |mux_21_64_1_1_U4              |mux_21_64_1_1              |        0|   0|    0|    9|    0|
    |mux_21_8_1_1_U2               |mux_21_8_1_1               |        0|   0|    0|    9|    0|
    |mux_21_8_1_1_U5               |mux_21_8_1_1               |        0|   0|    0|    9|    0|
    |mux_21_8_1_1_U6               |mux_21_8_1_1               |        0|   0|    0|    9|    0|
    |urem_64ns_4ns_64_68_seq_1_U1  |urem_64ns_4ns_64_68_seq_1  |        0|   0|  779|  469|    0|
    +------------------------------+---------------------------+---------+----+-----+-----+-----+
    |Total                         |                           |        0|   9| 1140|  693|    0|
    +------------------------------+---------------------------+---------+----+-----+-----+-----+

    * DSP: 
    N/A

    * Memory: 
    N/A

    * FIFO: 
    N/A

    * Expression: 
    +-----------------------+----------+----+---+-----+------------+------------+
    |     Variable Name     | Operation| DSP| FF| LUT | Bitwidth P0| Bitwidth P1|
    +-----------------------+----------+----+---+-----+------------+------------+
    |add_ln21_fu_525_p2     |         +|   0|  0|   71|          64|           1|
    |add_ln28_1_fu_1028_p2  |         +|   0|  0|   71|          64|           2|
    |add_ln28_fu_869_p2     |         +|   0|  0|   71|          64|           1|
    |add_ln29_fu_880_p2     |         +|   0|  0|   19|          12|           1|
    |add_ln34_1_fu_1022_p2  |         +|   0|  0|   71|          64|           1|
    |add_ln34_fu_863_p2     |         +|   0|  0|   71|          64|           1|
    |empty_fu_531_p2        |         +|   0|  0|   15|           8|           1|
    |n_1_fu_547_p2          |         +|   0|  0|   16|           9|           1|
    |and_ln18_1_fu_463_p2   |       and|   0|  0|   16|          16|          16|
    |and_ln18_fu_493_p2     |       and|   0|  0|   16|          16|          16|
    |and_ln33_1_fu_821_p2   |       and|   0|  0|   16|          16|          16|
    |and_ln33_2_fu_1001_p2  |       and|   0|  0|   16|          16|          16|
    |and_ln33_3_fu_980_p2   |       and|   0|  0|   16|          16|          16|
    |and_ln33_fu_842_p2     |       and|   0|  0|   16|          16|          16|
    |and_ln39_1_fu_1074_p2  |       and|   0|  0|  128|         128|         128|
    |and_ln39_fu_1108_p2    |       and|   0|  0|    2|           1|           1|
    |icmp_ln21_fu_1103_p2   |      icmp|   0|  0|   29|          64|           4|
    |icmp_ln24_fu_541_p2    |      icmp|   0|  0|   11|           9|          10|
    |icmp_ln25_fu_635_p2    |      icmp|   0|  0|   29|          64|          64|
    |icmp_ln28_1_fu_717_p2  |      icmp|   0|  0|   29|          64|          64|
    |icmp_ln28_2_fu_875_p2  |      icmp|   0|  0|   29|          64|          64|
    |icmp_ln28_fu_713_p2    |      icmp|   0|  0|   29|          64|          64|
    |icmp_ln32_1_fu_951_p2  |      icmp|   0|  0|   11|           8|           7|
    |icmp_ln32_fu_792_p2    |      icmp|   0|  0|   11|           8|           7|
    |icmp_ln39_fu_1097_p2   |      icmp|   0|  0|   29|          64|           1|
    |lshr_ln25_1_fu_608_p2  |      lshr|   0|  0|   35|          16|          16|
    |lshr_ln25_fu_594_p2    |      lshr|   0|  0|   35|          16|          16|
    |lshr_ln26_1_fu_665_p2  |      lshr|   0|  0|  950|         256|         256|
    |lshr_ln26_fu_651_p2    |      lshr|   0|  0|  950|         256|         256|
    |lshr_ln30_1_fu_773_p2  |      lshr|   0|  0|   35|          16|          16|
    |lshr_ln30_2_fu_911_p2  |      lshr|   0|  0|   35|          16|          16|
    |lshr_ln30_3_fu_932_p2  |      lshr|   0|  0|   35|          16|          16|
    |lshr_ln30_fu_752_p2    |      lshr|   0|  0|   35|          16|          16|
    |or_ln33_1_fu_836_p2    |        or|   0|  0|   16|          16|          16|
    |or_ln33_2_fu_1016_p2   |        or|   0|  0|   16|          16|          16|
    |or_ln33_3_fu_995_p2    |        or|   0|  0|   16|          16|          16|
    |or_ln33_fu_857_p2      |        or|   0|  0|   16|          16|          16|
    |or_ln39_fu_1090_p2     |        or|   0|  0|  128|         128|         128|
    |shl_ln18_1_fu_451_p2   |       shl|   0|  0|   35|           8|          16|
    |shl_ln18_fu_481_p2     |       shl|   0|  0|   35|           8|          16|
    |shl_ln33_1_fu_851_p2   |       shl|   0|  0|   35|          16|          16|
    |shl_ln33_2_fu_830_p2   |       shl|   0|  0|   35|          16|          16|
    |shl_ln33_3_fu_968_p2   |       shl|   0|  0|   35|           8|          16|
    |shl_ln33_4_fu_1010_p2  |       shl|   0|  0|   35|          16|          16|
    |shl_ln33_5_fu_989_p2   |       shl|   0|  0|   35|          16|          16|
    |shl_ln33_fu_809_p2     |       shl|   0|  0|   35|           8|          16|
    |shl_ln39_1_fu_1084_p2  |       shl|   0|  0|  423|         128|         128|
    |shl_ln39_fu_1062_p2    |       shl|   0|  0|  423|          64|         128|
    |xor_ln18_1_fu_457_p2   |       xor|   0|  0|   16|          16|           2|
    |xor_ln18_fu_487_p2     |       xor|   0|  0|   16|          16|           2|
    |xor_ln33_1_fu_974_p2   |       xor|   0|  0|   16|          16|           2|
    |xor_ln33_fu_815_p2     |       xor|   0|  0|   16|          16|           2|
    |xor_ln39_fu_1068_p2    |       xor|   0|  0|  128|         128|           2|
    +-----------------------+----------+----+---+-----+------------+------------+
    |Total                  |          |   0|  0| 4458|        2263|        1713|
    +-----------------------+----------+----+---+-----+------------+------------+

    * Multiplexer: 
    +-----------------------+-----+-----------+-----+-----------+
    |          Name         | LUT | Input Size| Bits| Total Bits|
    +-----------------------+-----+-----------+-----+-----------+
    |ap_NS_fsm              |  435|         89|    1|         89|
    |cnt_1_0_reg_298        |    9|          2|   64|        128|
    |cnt_1_ph_reg_342       |    9|          2|   64|        128|
    |cnt_1_reg_354          |    9|          2|   64|        128|
    |cnt_2_0_reg_319        |    9|          2|   64|        128|
    |cnt_2_1_reg_330        |    9|          2|   64|        128|
    |cnt_reg_275            |    9|          2|   64|        128|
    |e_1_0_reg_309          |    9|          2|   64|        128|
    |edges_address0         |   13|          3|   12|         36|
    |horizon_fu_122         |    9|          2|   64|        128|
    |level_0_address0       |   33|          8|    6|         48|
    |level_0_d0             |   17|          4|   16|         64|
    |level_1_address0       |   33|          8|    6|         48|
    |level_1_d0             |   17|          4|   16|         64|
    |level_counts_address0  |   21|          5|    3|         15|
    |level_counts_d0        |   13|          3|  128|        384|
    |n_reg_287              |    9|          2|    9|         18|
    +-----------------------+-----+-----------+-----+-----------+
    |Total                  |  663|        142|  709|       1790|
    +-----------------------+-----+-----------+-----+-----------+

    * Register: 
    +------------------------------+----+----+-----+-----------+
    |             Name             | FF | LUT| Bits| Const Bits|
    +------------------------------+----+----+-----+-----------+
    |add_ln21_reg_1157             |  64|   0|   64|          0|
    |add_ln28_1_reg_1360           |  64|   0|   64|          0|
    |ap_CS_fsm                     |  88|   0|   88|          0|
    |cnt_1_0_reg_298               |  64|   0|   64|          0|
    |cnt_1_ph_reg_342              |  64|   0|   64|          0|
    |cnt_1_reg_354                 |  64|   0|   64|          0|
    |cnt_2_0_reg_319               |  64|   0|   64|          0|
    |cnt_2_1_reg_330               |  64|   0|   64|          0|
    |cnt_reg_275                   |  64|   0|   64|          0|
    |e_1_0_reg_309                 |  64|   0|   64|          0|
    |empty_reg_1165                |   8|   0|    8|          0|
    |horizon_fu_122                |  64|   0|   64|          0|
    |icmp_ln25_reg_1210            |   1|   0|    1|          0|
    |icmp_ln28_2_reg_1302          |   1|   0|    1|          0|
    |icmp_ln32_1_reg_1341          |   1|   0|    1|          0|
    |icmp_ln32_reg_1283            |   1|   0|    1|          0|
    |level_0_addr_2_reg_1273       |   6|   0|    6|          0|
    |level_0_addr_3_reg_1331       |   6|   0|    6|          0|
    |level_0_addr_reg_1132         |   6|   0|    6|          0|
    |level_1_addr_2_reg_1278       |   6|   0|    6|          0|
    |level_1_addr_3_reg_1336       |   6|   0|    6|          0|
    |level_1_addr_reg_1137         |   6|   0|    6|          0|
    |level_counts_addr_1_reg_1375  |   3|   0|    3|          0|
    |n_1_reg_1182                  |   9|   0|    9|          0|
    |n_reg_287                     |   9|   0|    9|          0|
    |or_ln33_1_reg_1287            |  16|   0|   16|          0|
    |or_ln33_2_reg_1350            |  16|   0|   16|          0|
    |or_ln33_3_reg_1345            |  16|   0|   16|          0|
    |or_ln33_reg_1292              |  16|   0|   16|          0|
    |tmp_10_reg_1268               |   1|   0|    1|          0|
    |tmp_14_reg_1316               |   1|   0|    1|          0|
    |tmp_15_reg_1321               |   1|   0|    1|          0|
    |tmp_16_reg_1326               |   1|   0|    1|          0|
    |tmp_1_reg_1123                |   1|   0|    1|          0|
    |tmp_4_reg_1370                |   1|   0|    1|          0|
    |tmp_7_reg_1187                |   1|   0|    1|          0|
    |tmp_8_reg_1258                |   1|   0|    1|          0|
    |tmp_9_reg_1263                |   1|   0|    1|          0|
    |tmp_begin_reg_1224            |  64|   0|   64|          0|
    |tmp_end_reg_1230              |  64|   0|   64|          0|
    |tmp_reg_1118                  |   1|   0|    1|          0|
    |trunc_ln18_reg_1128           |   1|   0|    1|          0|
    |trunc_ln24_reg_1173           |   1|   0|    1|          0|
    |trunc_ln29_reg_1243           |  12|   0|   12|          0|
    |trunc_ln30_4_reg_1311         |   1|   0|    1|          0|
    |trunc_ln30_reg_1253           |   1|   0|    1|          0|
    |zext_ln25_reg_1194            |   6|   0|   64|         58|
    +------------------------------+----+----+-----+-----------+
    |Total                         |1021|   0| 1079|         58|
    +------------------------------+----+----+-----+-----------+



================================================================
== Interface
================================================================
* Summary: 
+-----------------------+-----+-----+------------+---------------+--------------+
|       RTL Ports       | Dir | Bits|  Protocol  | Source Object |    C Type    |
+-----------------------+-----+-----+------------+---------------+--------------+
|ap_clk                 |   in|    1|  ap_ctrl_hs|            bfs|  return value|
|ap_rst                 |   in|    1|  ap_ctrl_hs|            bfs|  return value|
|ap_start               |   in|    1|  ap_ctrl_hs|            bfs|  return value|
|ap_done                |  out|    1|  ap_ctrl_hs|            bfs|  return value|
|ap_idle                |  out|    1|  ap_ctrl_hs|            bfs|  return value|
|ap_ready               |  out|    1|  ap_ctrl_hs|            bfs|  return value|
|nodes_0_address0       |  out|    6|   ap_memory|        nodes_0|         array|
|nodes_0_ce0            |  out|    1|   ap_memory|        nodes_0|         array|
|nodes_0_q0             |   in|  256|   ap_memory|        nodes_0|         array|
|nodes_1_address0       |  out|    6|   ap_memory|        nodes_1|         array|
|nodes_1_ce0            |  out|    1|   ap_memory|        nodes_1|         array|
|nodes_1_q0             |   in|  256|   ap_memory|        nodes_1|         array|
|edges_address0         |  out|   12|   ap_memory|          edges|         array|
|edges_ce0              |  out|    1|   ap_memory|          edges|         array|
|edges_q0               |   in|   64|   ap_memory|          edges|         array|
|starting_node          |   in|   64|     ap_none|  starting_node|        scalar|
|level_0_address0       |  out|    6|   ap_memory|        level_0|         array|
|level_0_ce0            |  out|    1|   ap_memory|        level_0|         array|
|level_0_we0            |  out|    1|   ap_memory|        level_0|         array|
|level_0_d0             |  out|   16|   ap_memory|        level_0|         array|
|level_0_q0             |   in|   16|   ap_memory|        level_0|         array|
|level_1_address0       |  out|    6|   ap_memory|        level_1|         array|
|level_1_ce0            |  out|    1|   ap_memory|        level_1|         array|
|level_1_we0            |  out|    1|   ap_memory|        level_1|         array|
|level_1_d0             |  out|   16|   ap_memory|        level_1|         array|
|level_1_q0             |   in|   16|   ap_memory|        level_1|         array|
|level_counts_address0  |  out|    3|   ap_memory|   level_counts|         array|
|level_counts_ce0       |  out|    1|   ap_memory|   level_counts|         array|
|level_counts_we0       |  out|    1|   ap_memory|   level_counts|         array|
|level_counts_d0        |  out|  128|   ap_memory|   level_counts|         array|
|level_counts_q0        |   in|  128|   ap_memory|   level_counts|         array|
+-----------------------+-----+-----+------------+---------------+--------------+

