

================================================================
== Vitis HLS Report for 'bfs'
================================================================
* Date:           Mon Mar 10 00:20:01 2025

* Version:        2022.1 (Build 3526262 on Mon Apr 18 15:47:01 MDT 2022)
* Project:        bfs_random_prj_p1
* Solution:       solution (Vivado IP Flow Target)
* Product family: virtex7
* Target device:  xc7vx485t-ffg1761-2


================================================================
== Performance Estimates
================================================================
+ Timing: 
    * Summary: 
    +--------+----------+----------+------------+
    |  Clock |  Target  | Estimated| Uncertainty|
    +--------+----------+----------+------------+
    |ap_clk  |  10.00 ns|  5.482 ns|     2.70 ns|
    +--------+----------+----------+------------+

+ Latency: 
    * Summary: 
    +---------+---------+----------+----------+-----+-----+---------+
    |  Latency (cycles) |  Latency (absolute) |  Interval | Pipeline|
    |   min   |   max   |    min   |    max   | min | max |   Type  |
    +---------+---------+----------+----------+-----+-----+---------+
    |        ?|        ?|         ?|         ?|    ?|    ?|       no|
    +---------+---------+----------+----------+-----+-----+---------+

    + Detail: 
        * Instance: 
        N/A

        * Loop: 
        +---------------------+---------+---------+----------+-----------+-----------+-------+----------+
        |                     |  Latency (cycles) | Iteration|  Initiation Interval  |  Trip |          |
        |      Loop Name      |   min   |   max   |  Latency |  achieved |   target  | Count | Pipelined|
        +---------------------+---------+---------+----------+-----------+-----------+-------+----------+
        |- loop_horizons      |        ?|        ?|         ?|          -|          -|  1 ~ 5|        no|
        | + loop_nodes        |        ?|        ?|         ?|          -|          -|    256|        no|
        |  ++ loop_neighbors  |        ?|        ?|         5|          -|          -|      ?|        no|
        | + loop_nodes        |        ?|        ?|         ?|          -|          -|    256|        no|
        |  ++ loop_neighbors  |        ?|        ?|         5|          -|          -|      ?|        no|
        +---------------------+---------+---------+----------+-----------+-----------+-------+----------+



================================================================
== Utilization Estimates
================================================================
* Summary: 
+-----------------+---------+------+--------+--------+-----+
|       Name      | BRAM_18K|  DSP |   FF   |   LUT  | URAM|
+-----------------+---------+------+--------+--------+-----+
|DSP              |        -|     -|       -|       -|    -|
|Expression       |        -|     -|       0|    7183|    -|
|FIFO             |        -|     -|       -|       -|    -|
|Instance         |        -|     0|     206|     188|    -|
|Memory           |        -|     -|       -|       -|    -|
|Multiplexer      |        -|     -|       -|     495|    -|
|Register         |        -|     -|     989|       -|    -|
+-----------------+---------+------+--------+--------+-----+
|Total            |        0|     0|    1195|    7866|    0|
+-----------------+---------+------+--------+--------+-----+
|Available        |     2060|  2800|  607200|  303600|    0|
+-----------------+---------+------+--------+--------+-----+
|Utilization (%)  |        0|     0|      ~0|       2|    0|
+-----------------+---------+------+--------+--------+-----+

+ Detail: 
    * Instance: 
    +---------------------------+------------------------+---------+----+----+----+-----+
    |          Instance         |         Module         | BRAM_18K| DSP| FF | LUT| URAM|
    +---------------------------+------------------------+---------+----+----+----+-----+
    |mul_3ns_5ns_7_1_1_U4       |mul_3ns_5ns_7_1_1       |        0|   0|   0|  17|    0|
    |mul_3ns_5ns_7_1_1_U8       |mul_3ns_5ns_7_1_1       |        0|   0|   0|  17|    0|
    |mul_4ns_6ns_9_1_1_U1       |mul_4ns_6ns_9_1_1       |        0|   0|   0|  26|    0|
    |mul_4ns_6ns_9_1_1_U10      |mul_4ns_6ns_9_1_1       |        0|   0|   0|  26|    0|
    |mux_21_64_1_1_U3           |mux_21_64_1_1           |        0|   0|   0|   9|    0|
    |mux_21_64_1_1_U7           |mux_21_64_1_1           |        0|   0|   0|   9|    0|
    |urem_3ns_3ns_3_7_seq_1_U5  |urem_3ns_3ns_3_7_seq_1  |        0|   0|  45|  19|    0|
    |urem_3ns_3ns_3_7_seq_1_U9  |urem_3ns_3ns_3_7_seq_1  |        0|   0|  45|  19|    0|
    |urem_4ns_4ns_3_8_seq_1_U2  |urem_4ns_4ns_3_8_seq_1  |        0|   0|  58|  23|    0|
    |urem_4ns_4ns_3_8_seq_1_U6  |urem_4ns_4ns_3_8_seq_1  |        0|   0|  58|  23|    0|
    +---------------------------+------------------------+---------+----+----+----+-----+
    |Total                      |                        |        0|   0| 206| 188|    0|
    +---------------------------+------------------------+---------+----+----+----+-----+

    * DSP: 
    N/A

    * Memory: 
    N/A

    * FIFO: 
    N/A

    * Expression: 
    +------------------------+----------+----+---+-----+------------+------------+
    |      Variable Name     | Operation| DSP| FF| LUT | Bitwidth P0| Bitwidth P1|
    +------------------------+----------+----+---+-----+------------+------------+
    |add_ln21_fu_762_p2      |         +|   0|  0|   13|           4|           2|
    |cnt_5_fu_627_p2         |         +|   0|  0|   71|          64|           1|
    |cnt_8_fu_889_p2         |         +|   0|  0|   71|          64|           1|
    |e_2_fu_633_p2           |         +|   0|  0|   71|          64|           1|
    |e_5_fu_895_p2           |         +|   0|  0|   71|          64|           1|
    |n_2_fu_503_p2           |         +|   0|  0|   16|           9|           1|
    |n_3_fu_782_p2           |         +|   0|  0|   16|           9|           1|
    |and_ln39_1_fu_695_p2    |       and|   0|  0|  128|         128|         128|
    |and_ln39_2_fu_1012_p2   |       and|   0|  0|  128|         128|         128|
    |and_ln39_3_fu_974_p2    |       and|   0|  0|  128|         128|         128|
    |and_ln39_fu_733_p2      |       and|   0|  0|  128|         128|         128|
    |grp_fu_441_p2           |      icmp|   0|  0|   11|           8|           7|
    |icmp_ln21_fu_476_p2     |      icmp|   0|  0|    9|           4|           4|
    |icmp_ln24_1_fu_776_p2   |      icmp|   0|  0|   11|           9|          10|
    |icmp_ln24_fu_497_p2     |      icmp|   0|  0|   11|           9|          10|
    |icmp_ln25_1_fu_793_p2   |      icmp|   0|  0|   11|           8|           8|
    |icmp_ln25_fu_531_p2     |      icmp|   0|  0|   11|           8|           8|
    |icmp_ln28_1_fu_546_p2   |      icmp|   0|  0|   29|          64|          64|
    |icmp_ln28_2_fu_802_p2   |      icmp|   0|  0|   29|          64|          64|
    |icmp_ln28_3_fu_808_p2   |      icmp|   0|  0|   29|          64|          64|
    |icmp_ln28_fu_540_p2     |      icmp|   0|  0|   29|          64|          64|
    |icmp_ln39_1_fu_1035_p2  |      icmp|   0|  0|   29|          64|           1|
    |icmp_ln39_fu_756_p2     |      icmp|   0|  0|   29|          64|           1|
    |lshr_ln29_2_fu_602_p2   |      lshr|   0|  0|  423|         128|         128|
    |lshr_ln29_3_fu_850_p2   |      lshr|   0|  0|  423|         128|         128|
    |lshr_ln29_4_fu_864_p2   |      lshr|   0|  0|  423|         128|         128|
    |lshr_ln29_fu_588_p2     |      lshr|   0|  0|  423|         128|         128|
    |conv20_fu_482_p2        |        or|   0|  0|    4|           4|           1|
    |or_ln39_1_fu_711_p2     |        or|   0|  0|  128|         128|         128|
    |or_ln39_2_fu_1028_p2    |        or|   0|  0|  128|         128|         128|
    |or_ln39_3_fu_990_p2     |        or|   0|  0|  128|         128|         128|
    |or_ln39_fu_749_p2       |        or|   0|  0|  128|         128|         128|
    |shl_ln39_2_fu_743_p2    |       shl|   0|  0|  423|         128|         128|
    |shl_ln39_3_fu_683_p2    |       shl|   0|  0|  423|          64|         128|
    |shl_ln39_4_fu_705_p2    |       shl|   0|  0|  423|         128|         128|
    |shl_ln39_5_fu_1000_p2   |       shl|   0|  0|  423|          64|         128|
    |shl_ln39_6_fu_1022_p2   |       shl|   0|  0|  423|         128|         128|
    |shl_ln39_7_fu_962_p2    |       shl|   0|  0|  423|          64|         128|
    |shl_ln39_8_fu_984_p2    |       shl|   0|  0|  423|         128|         128|
    |shl_ln39_fu_721_p2      |       shl|   0|  0|  423|          64|         128|
    |xor_ln39_1_fu_689_p2    |       xor|   0|  0|  128|         128|           2|
    |xor_ln39_2_fu_1006_p2   |       xor|   0|  0|  128|         128|           2|
    |xor_ln39_3_fu_968_p2    |       xor|   0|  0|  128|         128|           2|
    |xor_ln39_fu_727_p2      |       xor|   0|  0|  128|         128|           2|
    +------------------------+----------+----+---+-----+------------+------------+
    |Total                   |          |   0|  0| 7183|        3528|        2882|
    +------------------------+----------+----+---+-----+------------+------------+

    * Multiplexer: 
    +-------------------------+-----+-----------+-----+-----------+
    |           Name          | LUT | Input Size| Bits| Total Bits|
    +-------------------------+-----+-----------+-----+-----------+
    |ap_NS_fsm                |  217|         50|    1|         50|
    |cnt_1_reg_310            |    9|          2|   64|        128|
    |cnt_2_reg_331            |    9|          2|   64|        128|
    |cnt_3_reg_343            |    9|          2|   64|        128|
    |cnt_4_reg_359            |    9|          2|   64|        128|
    |cnt_6_reg_382            |    9|          2|   64|        128|
    |cnt_7_reg_415            |    9|          2|   64|        128|
    |cnt_9_reg_403            |    9|          2|   64|        128|
    |cnt_reg_287              |    9|          2|   64|        128|
    |e_1_reg_321              |    9|          2|   64|        128|
    |e_4_reg_393              |    9|          2|   64|        128|
    |edges_0_address0         |   13|          3|   10|         30|
    |edges_1_address0         |   13|          3|   10|         30|
    |horizon_fu_118           |    9|          2|    4|          8|
    |level_address0           |   25|          6|    8|         48|
    |level_counts_0_address0  |   29|          7|    2|         14|
    |level_counts_0_d0        |   17|          4|  128|        512|
    |level_counts_1_address0  |   21|          5|    2|         10|
    |level_counts_1_d0        |   13|          3|  128|        384|
    |level_d0                 |   17|          4|    8|         32|
    |n_1_reg_371              |    9|          2|    9|         18|
    |n_reg_299                |    9|          2|    9|         18|
    |nodes_address0           |   13|          3|    8|         24|
    +-------------------------+-----+-----------+-----+-----------+
    |Total                    |  495|        114|  967|       2458|
    +-------------------------+-----+-----------+-----+-----------+

    * Register: 
    +--------------------------------+----+----+-----+-----------+
    |              Name              | FF | LUT| Bits| Const Bits|
    +--------------------------------+----+----+-----+-----------+
    |add_ln21_reg_1180               |   4|   0|    4|          0|
    |ap_CS_fsm                       |  49|   0|   49|          0|
    |cnt_1_reg_310                   |  64|   0|   64|          0|
    |cnt_2_reg_331                   |  64|   0|   64|          0|
    |cnt_3_reg_343                   |  64|   0|   64|          0|
    |cnt_4_reg_359                   |  64|   0|   64|          0|
    |cnt_6_reg_382                   |  64|   0|   64|          0|
    |cnt_7_reg_415                   |  64|   0|   64|          0|
    |cnt_9_reg_403                   |  64|   0|   64|          0|
    |cnt_reg_287                     |  64|   0|   64|          0|
    |conv20_reg_1069                 |   3|   0|    4|          1|
    |e_1_reg_321                     |  64|   0|   64|          0|
    |e_2_reg_1145                    |  64|   0|   64|          0|
    |e_4_reg_393                     |  64|   0|   64|          0|
    |e_5_reg_1252                    |  64|   0|   64|          0|
    |horizon_fu_118                  |   4|   0|    4|          0|
    |icmp_ln21_reg_1065              |   1|   0|    1|          0|
    |icmp_ln39_reg_1176              |   1|   0|    1|          0|
    |level_addr_2_reg_1132           |   8|   0|    8|          0|
    |level_addr_4_reg_1239           |   8|   0|    8|          0|
    |level_counts_0_addr_1_reg_1166  |   2|   0|    2|          0|
    |level_counts_0_addr_2_reg_1277  |   2|   0|    2|          0|
    |level_counts_1_addr_1_reg_1282  |   2|   0|    2|          0|
    |level_counts_1_addr_reg_1171    |   2|   0|    2|          0|
    |n_1_reg_371                     |   9|   0|    9|          0|
    |n_2_reg_1089                    |   9|   0|    9|          0|
    |n_3_reg_1200                    |   9|   0|    9|          0|
    |n_reg_299                       |   9|   0|    9|          0|
    |reg_447                         |  64|   0|   64|          0|
    |shl_ln39_1_reg_1267             |   1|   0|    7|          6|
    |shl_ln_reg_1160                 |   1|   0|    7|          6|
    |tmp_1_reg_1155                  |   1|   0|    1|          0|
    |tmp_2_reg_1099                  |   1|   0|    1|          0|
    |tmp_4_reg_1262                  |   1|   0|    1|          0|
    |tmp_5_reg_1273                  |   1|   0|    1|          0|
    |zext_ln21_reg_1060              |   4|   0|    8|          4|
    |zext_ln24_1_reg_1081            |   9|   0|   64|         55|
    |zext_ln24_2_reg_1187            |   4|   0|    8|          4|
    |zext_ln24_3_reg_1192            |   9|   0|   64|         55|
    |zext_ln24_reg_1075              |   3|   0|    8|          5|
    +--------------------------------+----+----+-----+-----------+
    |Total                           | 989|   0| 1125|        136|
    +--------------------------------+----+----+-----+-----------+



================================================================
== Interface
================================================================
* Summary: 
+-------------------------+-----+-----+------------+----------------+--------------+
|        RTL Ports        | Dir | Bits|  Protocol  |  Source Object |    C Type    |
+-------------------------+-----+-----+------------+----------------+--------------+
|ap_clk                   |   in|    1|  ap_ctrl_hs|             bfs|  return value|
|ap_rst                   |   in|    1|  ap_ctrl_hs|             bfs|  return value|
|ap_start                 |   in|    1|  ap_ctrl_hs|             bfs|  return value|
|ap_done                  |  out|    1|  ap_ctrl_hs|             bfs|  return value|
|ap_idle                  |  out|    1|  ap_ctrl_hs|             bfs|  return value|
|ap_ready                 |  out|    1|  ap_ctrl_hs|             bfs|  return value|
|nodes_address0           |  out|    8|   ap_memory|           nodes|         array|
|nodes_ce0                |  out|    1|   ap_memory|           nodes|         array|
|nodes_q0                 |   in|  128|   ap_memory|           nodes|         array|
|edges_0_address0         |  out|   10|   ap_memory|         edges_0|         array|
|edges_0_ce0              |  out|    1|   ap_memory|         edges_0|         array|
|edges_0_q0               |   in|  128|   ap_memory|         edges_0|         array|
|edges_1_address0         |  out|   10|   ap_memory|         edges_1|         array|
|edges_1_ce0              |  out|    1|   ap_memory|         edges_1|         array|
|edges_1_q0               |   in|  128|   ap_memory|         edges_1|         array|
|starting_node            |   in|   64|     ap_none|   starting_node|        scalar|
|level_address0           |  out|    8|   ap_memory|           level|         array|
|level_ce0                |  out|    1|   ap_memory|           level|         array|
|level_we0                |  out|    1|   ap_memory|           level|         array|
|level_d0                 |  out|    8|   ap_memory|           level|         array|
|level_q0                 |   in|    8|   ap_memory|           level|         array|
|level_counts_0_address0  |  out|    2|   ap_memory|  level_counts_0|         array|
|level_counts_0_ce0       |  out|    1|   ap_memory|  level_counts_0|         array|
|level_counts_0_we0       |  out|    1|   ap_memory|  level_counts_0|         array|
|level_counts_0_d0        |  out|  128|   ap_memory|  level_counts_0|         array|
|level_counts_0_q0        |   in|  128|   ap_memory|  level_counts_0|         array|
|level_counts_1_address0  |  out|    2|   ap_memory|  level_counts_1|         array|
|level_counts_1_ce0       |  out|    1|   ap_memory|  level_counts_1|         array|
|level_counts_1_we0       |  out|    1|   ap_memory|  level_counts_1|         array|
|level_counts_1_d0        |  out|  128|   ap_memory|  level_counts_1|         array|
|level_counts_1_q0        |   in|  128|   ap_memory|  level_counts_1|         array|
+-------------------------+-----+-----+------------+----------------+--------------+

