

================================================================
== Vitis HLS Report for 'bfs'
================================================================
* Date:           Mon Mar 10 00:17:18 2025

* Version:        2022.1 (Build 3526262 on Mon Apr 18 15:47:01 MDT 2022)
* Project:        bfs_random_prj_p1
* Solution:       solution (Vivado IP Flow Target)
* Product family: virtex7
* Target device:  xc7vx485t-ffg1761-2


================================================================
== Performance Estimates
================================================================
+ Timing: 
    * Summary: 
    +--------+----------+----------+------------+
    |  Clock |  Target  | Estimated| Uncertainty|
    +--------+----------+----------+------------+
    |ap_clk  |  10.00 ns|  6.900 ns|     2.70 ns|
    +--------+----------+----------+------------+

+ Latency: 
    * Summary: 
    +---------+---------+----------+----------+-----+-----+---------+
    |  Latency (cycles) |  Latency (absolute) |  Interval | Pipeline|
    |   min   |   max   |    min   |    max   | min | max |   Type  |
    +---------+---------+----------+----------+-----+-----+---------+
    |        ?|        ?|         ?|         ?|    ?|    ?|       no|
    +---------+---------+----------+----------+-----+-----+---------+

    + Detail: 
        * Instance: 
        +-----------------------------------------+------------------------------+---------+---------+----------+----------+-----+-----+---------+
        |                                         |                              |  Latency (cycles) |  Latency (absolute) |  Interval | Pipeline|
        |                 Instance                |            Module            |   min   |   max   |    min   |    max   | min | max |   Type  |
        +-----------------------------------------+------------------------------+---------+---------+----------+----------+-----+-----+---------+
        |grp_bfs_Pipeline_loop_neighbors_fu_374   |bfs_Pipeline_loop_neighbors   |        ?|        ?|         ?|         ?|    ?|    ?|       no|
        |grp_bfs_Pipeline_loop_neighbors1_fu_390  |bfs_Pipeline_loop_neighbors1  |        ?|        ?|         ?|         ?|    ?|    ?|       no|
        |grp_bfs_Pipeline_loop_neighbors2_fu_406  |bfs_Pipeline_loop_neighbors2  |        ?|        ?|         ?|         ?|    ?|    ?|       no|
        |grp_bfs_Pipeline_loop_neighbors3_fu_422  |bfs_Pipeline_loop_neighbors3  |        ?|        ?|         ?|         ?|    ?|    ?|       no|
        +-----------------------------------------+------------------------------+---------+---------+----------+----------+-----+-----+---------+

        * Loop: 
        +-----------------+---------+---------+----------+-----------+-----------+-------+----------+
        |                 |  Latency (cycles) | Iteration|  Initiation Interval  |  Trip |          |
        |    Loop Name    |   min   |   max   |  Latency |  achieved |   target  | Count | Pipelined|
        +-----------------+---------+---------+----------+-----------+-----------+-------+----------+
        |- loop_horizons  |        ?|        ?|         ?|          -|          -|  1 ~ 5|        no|
        | + loop_nodes    |        ?|        ?|         ?|          -|          -|    128|        no|
        | + loop_nodes    |        ?|        ?|         ?|          -|          -|    128|        no|
        +-----------------+---------+---------+----------+-----------+-----------+-------+----------+



================================================================
== Utilization Estimates
================================================================
* Summary: 
+-----------------+---------+------+--------+--------+-----+
|       Name      | BRAM_18K|  DSP |   FF   |   LUT  | URAM|
+-----------------+---------+------+--------+--------+-----+
|DSP              |        -|     -|       -|       -|    -|
|Expression       |        -|     -|       0|    4378|    -|
|FIFO             |        -|     -|       -|       -|    -|
|Instance         |        -|     -|     736|    2188|    -|
|Memory           |        -|     -|       -|       -|    -|
|Multiplexer      |        -|     -|       -|     532|    -|
|Register         |        -|     -|    1025|       -|    -|
+-----------------+---------+------+--------+--------+-----+
|Total            |        0|     0|    1761|    7098|    0|
+-----------------+---------+------+--------+--------+-----+
|Available        |     2060|  2800|  607200|  303600|    0|
+-----------------+---------+------+--------+--------+-----+
|Utilization (%)  |        0|     0|      ~0|       2|    0|
+-----------------+---------+------+--------+--------+-----+

+ Detail: 
    * Instance: 
    +-----------------------------------------+------------------------------+---------+----+-----+-----+-----+
    |                 Instance                |            Module            | BRAM_18K| DSP|  FF | LUT | URAM|
    +-----------------------------------------+------------------------------+---------+----+-----+-----+-----+
    |grp_bfs_Pipeline_loop_neighbors_fu_374   |bfs_Pipeline_loop_neighbors   |        0|   0|  184|  547|    0|
    |grp_bfs_Pipeline_loop_neighbors1_fu_390  |bfs_Pipeline_loop_neighbors1  |        0|   0|  184|  547|    0|
    |grp_bfs_Pipeline_loop_neighbors2_fu_406  |bfs_Pipeline_loop_neighbors2  |        0|   0|  184|  547|    0|
    |grp_bfs_Pipeline_loop_neighbors3_fu_422  |bfs_Pipeline_loop_neighbors3  |        0|   0|  184|  547|    0|
    +-----------------------------------------+------------------------------+---------+----+-----+-----+-----+
    |Total                                    |                              |        0|   0|  736| 2188|    0|
    +-----------------------------------------+------------------------------+---------+----+-----+-----+-----+

    * DSP: 
    N/A

    * Memory: 
    N/A

    * FIFO: 
    N/A

    * Expression: 
    +-----------------------+----------+----+---+-----+------------+------------+
    |     Variable Name     | Operation| DSP| FF| LUT | Bitwidth P0| Bitwidth P1|
    +-----------------------+----------+----+---+-----+------------+------------+
    |add_ln21_fu_602_p2     |         +|   0|  0|   13|           4|           2|
    |add_ln39_fu_792_p2     |         +|   0|  0|   14|           7|           4|
    |n_2_fu_763_p2          |         +|   0|  0|   16|           9|           2|
    |n_3_fu_979_p2          |         +|   0|  0|   16|           9|           2|
    |and_ln18_1_fu_497_p2   |       and|   0|  0|   16|          16|          16|
    |and_ln18_fu_527_p2     |       and|   0|  0|   16|          16|          16|
    |icmp_ln21_fu_542_p2    |      icmp|   0|  0|    9|           4|           4|
    |icmp_ln25_1_fu_856_p2  |      icmp|   0|  0|   11|           8|           8|
    |icmp_ln25_2_fu_706_p2  |      icmp|   0|  0|   11|           8|           8|
    |icmp_ln25_3_fu_921_p2  |      icmp|   0|  0|   11|           8|           8|
    |icmp_ln25_fu_641_p2    |      icmp|   0|  0|   11|           8|           8|
    |icmp_ln28_1_fu_754_p2  |      icmp|   0|  0|   29|          64|          64|
    |icmp_ln28_2_fu_899_p2  |      icmp|   0|  0|   29|          64|          64|
    |icmp_ln28_3_fu_969_p2  |      icmp|   0|  0|   29|          64|          64|
    |icmp_ln28_fu_684_p2    |      icmp|   0|  0|   29|          64|          64|
    |icmp_ln39_1_fu_812_p2  |      icmp|   0|  0|   29|          64|           1|
    |icmp_ln39_fu_596_p2    |      icmp|   0|  0|   29|          64|           1|
    |lshr_ln25_1_fu_696_p2  |      lshr|   0|  0|   35|          16|          16|
    |lshr_ln25_2_fu_846_p2  |      lshr|   0|  0|   35|          16|          16|
    |lshr_ln25_3_fu_911_p2  |      lshr|   0|  0|   35|          16|          16|
    |lshr_ln25_fu_631_p2    |      lshr|   0|  0|   35|          16|          16|
    |lshr_ln26_1_fu_732_p2  |      lshr|   0|  0|  950|         256|         256|
    |lshr_ln26_2_fu_877_p2  |      lshr|   0|  0|  950|         256|         256|
    |lshr_ln26_3_fu_947_p2  |      lshr|   0|  0|  950|         256|         256|
    |lshr_ln26_fu_662_p2    |      lshr|   0|  0|  950|         256|         256|
    |conv20_fu_552_p2       |        or|   0|  0|    4|           4|           1|
    |or_ln26_1_fu_926_p2    |        or|   0|  0|    7|           7|           1|
    |or_ln26_fu_711_p2      |        or|   0|  0|    7|           7|           1|
    |shl_ln18_1_fu_485_p2   |       shl|   0|  0|   35|           8|          16|
    |shl_ln18_fu_515_p2     |       shl|   0|  0|   35|           8|          16|
    |xor_ln18_1_fu_491_p2   |       xor|   0|  0|   16|          16|           2|
    |xor_ln18_fu_521_p2     |       xor|   0|  0|   16|          16|           2|
    +-----------------------+----------+----+---+-----+------------+------------+
    |Total                  |          |   0|  0| 4378|        1635|        1463|
    +-----------------------+----------+----+---+-----+------------+------------+

    * Multiplexer: 
    +--------------------------------+-----+-----------+-----+-----------+
    |              Name              | LUT | Input Size| Bits| Total Bits|
    +--------------------------------+-----+-----------+-----+-----------+
    |ap_NS_fsm                       |  113|         23|    1|         23|
    |ap_phi_mux_cnt_8_phi_fu_363_p6  |    9|          2|   64|        128|
    |cnt_1_reg_320                   |    9|          2|   64|        128|
    |cnt_3_reg_291                   |    9|          2|   64|        128|
    |cnt_6_reg_305                   |   13|          3|   64|        192|
    |cnt_7_reg_345                   |    9|          2|   64|        128|
    |cnt_8_reg_359                   |   13|          3|   64|        192|
    |cnt_reg_266                     |    9|          2|   64|        128|
    |edges_address0                  |   21|          5|   12|         60|
    |edges_ce0                       |   21|          5|    1|          5|
    |horizon_fu_130                  |    9|          2|    4|          8|
    |level_0_address0                |   37|          9|    6|         54|
    |level_0_ce0                     |   25|          6|    1|          6|
    |level_0_d0                      |   25|          6|   16|         96|
    |level_0_we0                     |   25|          6|    1|          6|
    |level_1_address0                |   37|          9|    6|         54|
    |level_1_ce0                     |   25|          6|    1|          6|
    |level_1_d0                      |   25|          6|   16|         96|
    |level_1_we0                     |   25|          6|    1|          6|
    |level_counts_address0           |   17|          4|    4|         16|
    |level_counts_d0                 |   17|          4|   64|        256|
    |n_1_reg_333                     |    9|          2|    9|         18|
    |n_reg_279                       |    9|          2|    9|         18|
    |nodes_address0                  |   21|          5|    7|         35|
    +--------------------------------+-----+-----------+-----+-----------+
    |Total                           |  532|        122|  607|       1787|
    +--------------------------------+-----+-----------+-----+-----------+

    * Register: 
    +------------------------------------------------------+----+----+-----+-----------+
    |                         Name                         | FF | LUT| Bits| Const Bits|
    +------------------------------------------------------+----+----+-----+-----------+
    |add_ln21_reg_1089                                     |   4|   0|    4|          0|
    |and_ln1_reg_1107                                      |   1|   0|    4|          3|
    |and_ln25_1_reg_1201                                   |   1|   0|    4|          3|
    |ap_CS_fsm                                             |  22|   0|   22|          0|
    |cnt_1_reg_320                                         |  64|   0|   64|          0|
    |cnt_3_reg_291                                         |  64|   0|   64|          0|
    |cnt_6_reg_305                                         |  64|   0|   64|          0|
    |cnt_7_reg_345                                         |  64|   0|   64|          0|
    |cnt_8_reg_359                                         |  64|   0|   64|          0|
    |cnt_reg_266                                           |  64|   0|   64|          0|
    |conv20_reg_1053                                       |   3|   0|    4|          1|
    |grp_bfs_Pipeline_loop_neighbors1_fu_390_ap_start_reg  |   1|   0|    1|          0|
    |grp_bfs_Pipeline_loop_neighbors2_fu_406_ap_start_reg  |   1|   0|    1|          0|
    |grp_bfs_Pipeline_loop_neighbors3_fu_422_ap_start_reg  |   1|   0|    1|          0|
    |grp_bfs_Pipeline_loop_neighbors_fu_374_ap_start_reg   |   1|   0|    1|          0|
    |horizon_fu_130                                        |   4|   0|    4|          0|
    |icmp_ln21_reg_1043                                    |   1|   0|    1|          0|
    |icmp_ln25_1_reg_1206                                  |   1|   0|    1|          0|
    |icmp_ln25_2_reg_1143                                  |   1|   0|    1|          0|
    |icmp_ln25_3_reg_1237                                  |   1|   0|    1|          0|
    |icmp_ln25_reg_1112                                    |   1|   0|    1|          0|
    |icmp_ln28_1_reg_1162                                  |   1|   0|    1|          0|
    |icmp_ln28_2_reg_1225                                  |   1|   0|    1|          0|
    |icmp_ln28_3_reg_1256                                  |   1|   0|    1|          0|
    |icmp_ln28_reg_1131                                    |   1|   0|    1|          0|
    |icmp_ln39_reg_1085                                    |   1|   0|    1|          0|
    |level_0_addr_reg_1023                                 |   6|   0|    6|          0|
    |level_1_addr_reg_1028                                 |   6|   0|    6|          0|
    |n_1_reg_333                                           |   9|   0|    9|          0|
    |n_2_reg_1169                                          |   9|   0|    9|          0|
    |n_reg_279                                             |   9|   0|    9|          0|
    |shl_ln_reg_1080                                       |   3|   0|    7|          4|
    |tmp_21_reg_1014                                       |   1|   0|    1|          0|
    |tmp_25_reg_1101                                       |   1|   0|    1|          0|
    |tmp_27_reg_1195                                       |   1|   0|    1|          0|
    |tmp_begin_1_reg_1215                                  |  64|   0|   64|          0|
    |tmp_begin_2_reg_1152                                  |  64|   0|   64|          0|
    |tmp_begin_3_reg_1246                                  |  64|   0|   64|          0|
    |tmp_begin_reg_1121                                    |  64|   0|   64|          0|
    |tmp_end_1_reg_1220                                    |  64|   0|   64|          0|
    |tmp_end_2_reg_1157                                    |  64|   0|   64|          0|
    |tmp_end_3_reg_1251                                    |  64|   0|   64|          0|
    |tmp_end_reg_1126                                      |  64|   0|   64|          0|
    |tmp_reg_1009                                          |   1|   0|    1|          0|
    |trunc_ln18_reg_1019                                   |   1|   0|    1|          0|
    |trunc_ln24_1_reg_1190                                 |   7|   0|    7|          0|
    |trunc_ln24_reg_1096                                   |   7|   0|    7|          0|
    |zext_ln21_reg_1047                                    |   4|   0|    8|          4|
    |zext_ln24_reg_1061                                    |   3|   0|    8|          5|
    |zext_ln25_3_reg_1177                                  |   6|   0|   64|         58|
    |zext_ln25_reg_1070                                    |   6|   0|   64|         58|
    +------------------------------------------------------+----+----+-----+-----------+
    |Total                                                 |1025|   0| 1161|        136|
    +------------------------------------------------------+----+----+-----+-----------+



================================================================
== Interface
================================================================
* Summary: 
+-----------------------+-----+-----+------------+---------------+--------------+
|       RTL Ports       | Dir | Bits|  Protocol  | Source Object |    C Type    |
+-----------------------+-----+-----+------------+---------------+--------------+
|ap_clk                 |   in|    1|  ap_ctrl_hs|            bfs|  return value|
|ap_rst                 |   in|    1|  ap_ctrl_hs|            bfs|  return value|
|ap_start               |   in|    1|  ap_ctrl_hs|            bfs|  return value|
|ap_done                |  out|    1|  ap_ctrl_hs|            bfs|  return value|
|ap_idle                |  out|    1|  ap_ctrl_hs|            bfs|  return value|
|ap_ready               |  out|    1|  ap_ctrl_hs|            bfs|  return value|
|nodes_address0         |  out|    7|   ap_memory|          nodes|         array|
|nodes_ce0              |  out|    1|   ap_memory|          nodes|         array|
|nodes_q0               |   in|  256|   ap_memory|          nodes|         array|
|edges_address0         |  out|   12|   ap_memory|          edges|         array|
|edges_ce0              |  out|    1|   ap_memory|          edges|         array|
|edges_q0               |   in|   64|   ap_memory|          edges|         array|
|starting_node          |   in|   64|     ap_none|  starting_node|        scalar|
|level_0_address0       |  out|    6|   ap_memory|        level_0|         array|
|level_0_ce0            |  out|    1|   ap_memory|        level_0|         array|
|level_0_we0            |  out|    1|   ap_memory|        level_0|         array|
|level_0_d0             |  out|   16|   ap_memory|        level_0|         array|
|level_0_q0             |   in|   16|   ap_memory|        level_0|         array|
|level_1_address0       |  out|    6|   ap_memory|        level_1|         array|
|level_1_ce0            |  out|    1|   ap_memory|        level_1|         array|
|level_1_we0            |  out|    1|   ap_memory|        level_1|         array|
|level_1_d0             |  out|   16|   ap_memory|        level_1|         array|
|level_1_q0             |   in|   16|   ap_memory|        level_1|         array|
|level_counts_address0  |  out|    4|   ap_memory|   level_counts|         array|
|level_counts_ce0       |  out|    1|   ap_memory|   level_counts|         array|
|level_counts_we0       |  out|    1|   ap_memory|   level_counts|         array|
|level_counts_d0        |  out|   64|   ap_memory|   level_counts|         array|
+-----------------------+-----+-----+------------+---------------+--------------+

