

================================================================
== Vitis HLS Report for 'bfs'
================================================================
* Date:           Mon Mar 10 00:13:04 2025

* Version:        2022.1 (Build 3526262 on Mon Apr 18 15:47:01 MDT 2022)
* Project:        bfs_random_prj_p1
* Solution:       solution (Vivado IP Flow Target)
* Product family: virtex7
* Target device:  xc7vx485t-ffg1761-2


================================================================
== Performance Estimates
================================================================
+ Timing: 
    * Summary: 
    +--------+----------+----------+------------+
    |  Clock |  Target  | Estimated| Uncertainty|
    +--------+----------+----------+------------+
    |ap_clk  |  10.00 ns|  7.139 ns|     2.70 ns|
    +--------+----------+----------+------------+

+ Latency: 
    * Summary: 
    +---------+---------+----------+----------+-----+-----+---------+
    |  Latency (cycles) |  Latency (absolute) |  Interval | Pipeline|
    |   min   |   max   |    min   |    max   | min | max |   Type  |
    +---------+---------+----------+----------+-----+-----+---------+
    |        ?|        ?|         ?|         ?|    ?|    ?|       no|
    +---------+---------+----------+----------+-----+-----+---------+

    + Detail: 
        * Instance: 
        N/A

        * Loop: 
        +---------------------+---------+---------+----------+-----------+-----------+------+----------+
        |                     |  Latency (cycles) | Iteration|  Initiation Interval  | Trip |          |
        |      Loop Name      |   min   |   max   |  Latency |  achieved |   target  | Count| Pipelined|
        +---------------------+---------+---------+----------+-----------+-----------+------+----------+
        |- loop_horizons      |        ?|        ?|         ?|          -|          -|     ?|        no|
        | + loop_nodes        |        ?|        ?|         ?|          -|          -|   256|        no|
        |  ++ loop_neighbors  |        ?|        ?|     8 ~ 9|          -|          -|     ?|        no|
        +---------------------+---------+---------+----------+-----------+-----------+------+----------+



================================================================
== Utilization Estimates
================================================================
* Summary: 
+-----------------+---------+------+--------+--------+-----+
|       Name      | BRAM_18K|  DSP |   FF   |   LUT  | URAM|
+-----------------+---------+------+--------+--------+-----+
|DSP              |        -|     -|       -|       -|    -|
|Expression       |        -|     -|       0|    4457|    -|
|FIFO             |        -|     -|       -|       -|    -|
|Instance         |        -|     9|    1140|     711|    -|
|Memory           |        -|     -|       -|       -|    -|
|Multiplexer      |        -|     -|       -|     676|    -|
|Register         |        -|     -|    1302|       -|    -|
+-----------------+---------+------+--------+--------+-----+
|Total            |        0|     9|    2442|    5844|    0|
+-----------------+---------+------+--------+--------+-----+
|Available        |     2060|  2800|  607200|  303600|    0|
+-----------------+---------+------+--------+--------+-----+
|Utilization (%)  |        0|    ~0|      ~0|       1|    0|
+-----------------+---------+------+--------+--------+-----+

+ Detail: 
    * Instance: 
    +------------------------------+---------------------------+---------+----+-----+-----+-----+
    |           Instance           |           Module          | BRAM_18K| DSP|  FF | LUT | URAM|
    +------------------------------+---------------------------+---------+----+-----+-----+-----+
    |mul_64ns_66ns_125_2_1_U9      |mul_64ns_66ns_125_2_1      |        0|   9|  361|  179|    0|
    |mux_21_64_1_1_U3              |mux_21_64_1_1              |        0|   0|    0|    9|    0|
    |mux_21_64_1_1_U4              |mux_21_64_1_1              |        0|   0|    0|    9|    0|
    |mux_21_8_1_1_U2               |mux_21_8_1_1               |        0|   0|    0|    9|    0|
    |mux_253_64_1_1_U5             |mux_253_64_1_1             |        0|   0|    0|    9|    0|
    |mux_253_64_1_1_U7             |mux_253_64_1_1             |        0|   0|    0|    9|    0|
    |mux_257_8_1_1_U6              |mux_257_8_1_1              |        0|   0|    0|    9|    0|
    |mux_257_8_1_1_U8              |mux_257_8_1_1              |        0|   0|    0|    9|    0|
    |urem_64ns_4ns_64_68_seq_1_U1  |urem_64ns_4ns_64_68_seq_1  |        0|   0|  779|  469|    0|
    +------------------------------+---------------------------+---------+----+-----+-----+-----+
    |Total                         |                           |        0|   9| 1140|  711|    0|
    +------------------------------+---------------------------+---------+----+-----+-----+-----+

    * DSP: 
    N/A

    * Memory: 
    N/A

    * FIFO: 
    N/A

    * Expression: 
    +------------------------+----------+----+---+-----+------------+------------+
    |      Variable Name     | Operation| DSP| FF| LUT | Bitwidth P0| Bitwidth P1|
    +------------------------+----------+----+---+-----+------------+------------+
    |add_ln21_fu_505_p2      |         +|   0|  0|   71|          64|           1|
    |add_ln28_1_fu_1091_p2   |         +|   0|  0|   71|          64|           2|
    |add_ln28_2_fu_907_p2    |         +|   0|  0|   18|          11|           1|
    |add_ln28_fu_901_p2      |         +|   0|  0|   71|          64|           1|
    |add_ln34_1_fu_1085_p2   |         +|   0|  0|   71|          64|           1|
    |add_ln34_fu_895_p2      |         +|   0|  0|   71|          64|           1|
    |empty_22_fu_511_p2      |         +|   0|  0|   15|           8|           1|
    |n_1_fu_527_p2           |         +|   0|  0|   16|           9|           1|
    |and_ln18_1_fu_451_p2    |       and|   0|  0|   16|          16|          16|
    |and_ln18_fu_473_p2      |       and|   0|  0|   16|          16|          16|
    |and_ln33_1_fu_853_p2    |       and|   0|  0|   16|          16|          16|
    |and_ln33_2_fu_1064_p2   |       and|   0|  0|   16|          16|          16|
    |and_ln33_3_fu_1043_p2   |       and|   0|  0|   16|          16|          16|
    |and_ln33_fu_874_p2      |       and|   0|  0|   16|          16|          16|
    |and_ln39_1_fu_1137_p2   |       and|   0|  0|  128|         128|         128|
    |and_ln39_fu_1171_p2     |       and|   0|  0|    2|           1|           1|
    |icmp_ln21_fu_1166_p2    |      icmp|   0|  0|   29|          64|           4|
    |icmp_ln24_fu_521_p2     |      icmp|   0|  0|   11|           9|          10|
    |icmp_ln25_fu_615_p2     |      icmp|   0|  0|   29|          64|          64|
    |icmp_ln28_1_fu_717_p2   |      icmp|   0|  0|   29|          64|          64|
    |icmp_ln28_2_fu_912_p2   |      icmp|   0|  0|   29|          64|          64|
    |icmp_ln28_fu_713_p2     |      icmp|   0|  0|   29|          64|          64|
    |icmp_ln32_1_fu_1014_p2  |      icmp|   0|  0|   11|           8|           7|
    |icmp_ln32_fu_824_p2     |      icmp|   0|  0|   11|           8|           7|
    |icmp_ln39_fu_1160_p2    |      icmp|   0|  0|   29|          64|           1|
    |lshr_ln25_1_fu_587_p2   |      lshr|   0|  0|   35|          16|          16|
    |lshr_ln25_fu_573_p2     |      lshr|   0|  0|   35|          16|          16|
    |lshr_ln26_1_fu_665_p2   |      lshr|   0|  0|  950|         256|         256|
    |lshr_ln26_fu_651_p2     |      lshr|   0|  0|  950|         256|         256|
    |lshr_ln30_1_fu_805_p2   |      lshr|   0|  0|   35|          16|          16|
    |lshr_ln30_3_fu_981_p2   |      lshr|   0|  0|   35|          16|          16|
    |lshr_ln30_4_fu_995_p2   |      lshr|   0|  0|   35|          16|          16|
    |lshr_ln30_fu_791_p2     |      lshr|   0|  0|   35|          16|          16|
    |or_ln33_1_fu_868_p2     |        or|   0|  0|   16|          16|          16|
    |or_ln33_2_fu_1079_p2    |        or|   0|  0|   16|          16|          16|
    |or_ln33_3_fu_1058_p2    |        or|   0|  0|   16|          16|          16|
    |or_ln33_fu_889_p2       |        or|   0|  0|   16|          16|          16|
    |or_ln39_fu_1153_p2      |        or|   0|  0|  128|         128|         128|
    |shl_ln18_1_fu_439_p2    |       shl|   0|  0|   35|           8|          16|
    |shl_ln18_fu_461_p2      |       shl|   0|  0|   35|           8|          16|
    |shl_ln33_1_fu_883_p2    |       shl|   0|  0|   35|          16|          16|
    |shl_ln33_2_fu_862_p2    |       shl|   0|  0|   35|          16|          16|
    |shl_ln33_3_fu_1031_p2   |       shl|   0|  0|   35|           8|          16|
    |shl_ln33_4_fu_1073_p2   |       shl|   0|  0|   35|          16|          16|
    |shl_ln33_5_fu_1052_p2   |       shl|   0|  0|   35|          16|          16|
    |shl_ln33_fu_841_p2      |       shl|   0|  0|   35|           8|          16|
    |shl_ln39_1_fu_1147_p2   |       shl|   0|  0|  423|         128|         128|
    |shl_ln39_fu_1125_p2     |       shl|   0|  0|  423|          64|         128|
    |xor_ln18_1_fu_445_p2    |       xor|   0|  0|   16|          16|           2|
    |xor_ln18_fu_467_p2      |       xor|   0|  0|   16|          16|           2|
    |xor_ln33_1_fu_1037_p2   |       xor|   0|  0|   16|          16|           2|
    |xor_ln33_fu_847_p2      |       xor|   0|  0|   16|          16|           2|
    |xor_ln39_fu_1131_p2     |       xor|   0|  0|  128|         128|           2|
    +------------------------+----------+----+---+-----+------------+------------+
    |Total                   |          |   0|  0| 4457|        2262|        1713|
    +------------------------+----------+----+---+-----+------------+------------+

    * Multiplexer: 
    +-----------------------+-----+-----------+-----+-----------+
    |          Name         | LUT | Input Size| Bits| Total Bits|
    +-----------------------+-----+-----------+-----+-----------+
    |ap_NS_fsm              |  435|         89|    1|         89|
    |cnt_1_0_reg_330        |    9|          2|   64|        128|
    |cnt_1_ph_reg_374       |    9|          2|   64|        128|
    |cnt_1_reg_386          |    9|          2|   64|        128|
    |cnt_2_0_reg_351        |    9|          2|   64|        128|
    |cnt_2_1_reg_362        |    9|          2|   64|        128|
    |cnt_reg_306            |    9|          2|   64|        128|
    |e_1_0_reg_341          |    9|          2|   64|        128|
    |edges_0_address0       |   13|          3|   11|         33|
    |edges_1_address0       |   13|          3|   11|         33|
    |horizon_fu_132         |    9|          2|   64|        128|
    |level_0_address0       |   33|          8|    6|         48|
    |level_0_d0             |   17|          4|   16|         64|
    |level_1_address0       |   33|          8|    6|         48|
    |level_1_d0             |   17|          4|   16|         64|
    |level_counts_address0  |   21|          5|    3|         15|
    |level_counts_d0        |   13|          3|  128|        384|
    |n_reg_318              |    9|          2|    9|         18|
    +-----------------------+-----+-----------+-----+-----------+
    |Total                  |  676|        145|  719|       1820|
    +-----------------------+-----+-----------+-----+-----------+

    * Register: 
    +------------------------------+----+----+-----+-----------+
    |             Name             | FF | LUT| Bits| Const Bits|
    +------------------------------+----+----+-----+-----------+
    |add_ln21_reg_1216             |  64|   0|   64|          0|
    |add_ln28_1_reg_1422           |  64|   0|   64|          0|
    |and_ln_reg_1181               |   1|   0|    4|          3|
    |ap_CS_fsm                     |  88|   0|   88|          0|
    |cnt_1_0_reg_330               |  64|   0|   64|          0|
    |cnt_1_ph_reg_374              |  64|   0|   64|          0|
    |cnt_1_reg_386                 |  64|   0|   64|          0|
    |cnt_2_0_reg_351               |  64|   0|   64|          0|
    |cnt_2_1_reg_362               |  64|   0|   64|          0|
    |cnt_reg_306                   |  64|   0|   64|          0|
    |e_1_0_reg_341                 |  64|   0|   64|          0|
    |empty_22_reg_1224             |   8|   0|    8|          0|
    |horizon_fu_132                |  64|   0|   64|          0|
    |icmp_ln25_reg_1256            |   1|   0|    1|          0|
    |icmp_ln32_1_reg_1399          |   1|   0|    1|          0|
    |level_0_addr_2_reg_1324       |   6|   0|    6|          0|
    |level_0_addr_3_reg_1389       |   6|   0|    6|          0|
    |level_0_addr_reg_1191         |   6|   0|    6|          0|
    |level_1_addr_2_reg_1329       |   6|   0|    6|          0|
    |level_1_addr_3_reg_1394       |   6|   0|    6|          0|
    |level_1_addr_reg_1196         |   6|   0|    6|          0|
    |level_counts_addr_1_reg_1437  |   3|   0|    3|          0|
    |lshr_ln29_1_reg_1359          |  53|   0|   53|          0|
    |lshr_ln2_reg_1314             |  57|   0|   57|          0|
    |lshr_ln30_2_reg_1379          |  57|   0|   57|          0|
    |n_1_reg_1235                  |   9|   0|    9|          0|
    |n_reg_318                     |   9|   0|    9|          0|
    |or_ln33_1_reg_1341            |  16|   0|   16|          0|
    |or_ln33_2_reg_1412            |  16|   0|   16|          0|
    |or_ln33_3_reg_1407            |  16|   0|   16|          0|
    |or_ln33_reg_1346              |  16|   0|   16|          0|
    |tmp_10_reg_1403               |   1|   0|    1|          0|
    |tmp_1_reg_1187                |   1|   0|    1|          0|
    |tmp_2_reg_1432                |   1|   0|    1|          0|
    |tmp_4_reg_1250                |   1|   0|    1|          0|
    |tmp_7_reg_1319                |   1|   0|    1|          0|
    |tmp_8_reg_1337                |   1|   0|    1|          0|
    |tmp_9_reg_1384                |   1|   0|    1|          0|
    |tmp_begin_reg_1275            |  64|   0|   64|          0|
    |tmp_dst_1_reg_1374            |  64|   0|   64|          0|
    |tmp_dst_reg_1309              |  64|   0|   64|          0|
    |tmp_end_reg_1281              |  64|   0|   64|          0|
    |trunc_ln26_reg_1260           |   1|   0|    1|          0|
    |trunc_ln28_reg_1294           |  11|   0|   11|          0|
    +------------------------------+----+----+-----+-----------+
    |Total                         |1302|   0| 1305|          3|
    +------------------------------+----+----+-----+-----------+



================================================================
== Interface
================================================================
* Summary: 
+-----------------------+-----+-----+------------+---------------+--------------+
|       RTL Ports       | Dir | Bits|  Protocol  | Source Object |    C Type    |
+-----------------------+-----+-----+------------+---------------+--------------+
|ap_clk                 |   in|    1|  ap_ctrl_hs|            bfs|  return value|
|ap_rst                 |   in|    1|  ap_ctrl_hs|            bfs|  return value|
|ap_start               |   in|    1|  ap_ctrl_hs|            bfs|  return value|
|ap_done                |  out|    1|  ap_ctrl_hs|            bfs|  return value|
|ap_idle                |  out|    1|  ap_ctrl_hs|            bfs|  return value|
|ap_ready               |  out|    1|  ap_ctrl_hs|            bfs|  return value|
|nodes_0_address0       |  out|    6|   ap_memory|        nodes_0|         array|
|nodes_0_ce0            |  out|    1|   ap_memory|        nodes_0|         array|
|nodes_0_q0             |   in|  256|   ap_memory|        nodes_0|         array|
|nodes_1_address0       |  out|    6|   ap_memory|        nodes_1|         array|
|nodes_1_ce0            |  out|    1|   ap_memory|        nodes_1|         array|
|nodes_1_q0             |   in|  256|   ap_memory|        nodes_1|         array|
|edges_0_address0       |  out|   11|   ap_memory|        edges_0|         array|
|edges_0_ce0            |  out|    1|   ap_memory|        edges_0|         array|
|edges_0_q0             |   in|   64|   ap_memory|        edges_0|         array|
|edges_1_address0       |  out|   11|   ap_memory|        edges_1|         array|
|edges_1_ce0            |  out|    1|   ap_memory|        edges_1|         array|
|edges_1_q0             |   in|   64|   ap_memory|        edges_1|         array|
|starting_node          |   in|   64|     ap_none|  starting_node|        scalar|
|level_0_address0       |  out|    6|   ap_memory|        level_0|         array|
|level_0_ce0            |  out|    1|   ap_memory|        level_0|         array|
|level_0_we0            |  out|    1|   ap_memory|        level_0|         array|
|level_0_d0             |  out|   16|   ap_memory|        level_0|         array|
|level_0_q0             |   in|   16|   ap_memory|        level_0|         array|
|level_1_address0       |  out|    6|   ap_memory|        level_1|         array|
|level_1_ce0            |  out|    1|   ap_memory|        level_1|         array|
|level_1_we0            |  out|    1|   ap_memory|        level_1|         array|
|level_1_d0             |  out|   16|   ap_memory|        level_1|         array|
|level_1_q0             |   in|   16|   ap_memory|        level_1|         array|
|level_counts_address0  |  out|    3|   ap_memory|   level_counts|         array|
|level_counts_ce0       |  out|    1|   ap_memory|   level_counts|         array|
|level_counts_we0       |  out|    1|   ap_memory|   level_counts|         array|
|level_counts_d0        |  out|  128|   ap_memory|   level_counts|         array|
|level_counts_q0        |   in|  128|   ap_memory|   level_counts|         array|
+-----------------------+-----+-----+------------+---------------+--------------+

