

================================================================
== Vitis HLS Report for 'bfs'
================================================================
* Date:           Mon Mar 10 00:11:40 2025

* Version:        2022.1 (Build 3526262 on Mon Apr 18 15:47:01 MDT 2022)
* Project:        bfs_random_prj_p1
* Solution:       solution (Vivado IP Flow Target)
* Product family: virtex7
* Target device:  xc7vx485t-ffg1761-2


================================================================
== Performance Estimates
================================================================
+ Timing: 
    * Summary: 
    +--------+----------+----------+------------+
    |  Clock |  Target  | Estimated| Uncertainty|
    +--------+----------+----------+------------+
    |ap_clk  |  10.00 ns|  7.139 ns|     2.70 ns|
    +--------+----------+----------+------------+

+ Latency: 
    * Summary: 
    +---------+---------+----------+----------+-----+-----+---------+
    |  Latency (cycles) |  Latency (absolute) |  Interval | Pipeline|
    |   min   |   max   |    min   |    max   | min | max |   Type  |
    +---------+---------+----------+----------+-----+-----+---------+
    |        ?|        ?|         ?|         ?|    ?|    ?|       no|
    +---------+---------+----------+----------+-----+-----+---------+

    + Detail: 
        * Instance: 
        +----------------------------------------+-----------------------------+---------+---------+----------+----------+-----+-----+---------+
        |                                        |                             |  Latency (cycles) |  Latency (absolute) |  Interval | Pipeline|
        |                Instance                |            Module           |   min   |   max   |    min   |    max   | min | max |   Type  |
        +----------------------------------------+-----------------------------+---------+---------+----------+----------+-----+-----+---------+
        |grp_bfs_Pipeline_loop_neighbors_fu_259  |bfs_Pipeline_loop_neighbors  |        ?|        ?|         ?|         ?|    ?|    ?|       no|
        +----------------------------------------+-----------------------------+---------+---------+----------+----------+-----+-----+---------+

        * Loop: 
        +-----------------+---------+---------+----------+-----------+-----------+------+----------+
        |                 |  Latency (cycles) | Iteration|  Initiation Interval  | Trip |          |
        |    Loop Name    |   min   |   max   |  Latency |  achieved |   target  | Count| Pipelined|
        +-----------------+---------+---------+----------+-----------+-----------+------+----------+
        |- loop_horizons  |        ?|        ?|         ?|          -|          -|     ?|        no|
        | + loop_nodes    |        ?|        ?|         ?|          -|          -|   256|        no|
        +-----------------+---------+---------+----------+-----------+-----------+------+----------+



================================================================
== Utilization Estimates
================================================================
* Summary: 
+-----------------+---------+------+--------+--------+-----+
|       Name      | BRAM_18K|  DSP |   FF   |   LUT  | URAM|
+-----------------+---------+------+--------+--------+-----+
|DSP              |        -|     -|       -|       -|    -|
|Expression       |        -|     -|       0|    4693|    -|
|FIFO             |        -|     -|       -|       -|    -|
|Instance         |        -|     6|    1400|    1983|    -|
|Memory           |        -|     -|       -|       -|    -|
|Multiplexer      |        -|     -|       -|     552|    -|
|Register         |        -|     -|     511|       -|    -|
+-----------------+---------+------+--------+--------+-----+
|Total            |        0|     6|    1911|    7228|    0|
+-----------------+---------+------+--------+--------+-----+
|Available        |     2060|  2800|  607200|  303600|    0|
+-----------------+---------+------+--------+--------+-----+
|Utilization (%)  |        0|    ~0|      ~0|       2|    0|
+-----------------+---------+------+--------+--------+-----+

+ Detail: 
    * Instance: 
    +----------------------------------------+-----------------------------+---------+----+-----+------+-----+
    |                Instance                |            Module           | BRAM_18K| DSP|  FF |  LUT | URAM|
    +----------------------------------------+-----------------------------+---------+----+-----+------+-----+
    |grp_bfs_Pipeline_loop_neighbors_fu_259  |bfs_Pipeline_loop_neighbors  |        0|   0|  215|  1281|    0|
    |mul_3ns_5ns_7_1_1_U14                   |mul_3ns_5ns_7_1_1            |        0|   0|    0|    17|    0|
    |mul_64ns_66ns_68_2_1_U16                |mul_64ns_66ns_68_2_1         |        0|   6|  361|   179|    0|
    |mux_21_64_1_1_U12                       |mux_21_64_1_1                |        0|   0|    0|     9|    0|
    |mux_21_64_1_1_U13                       |mux_21_64_1_1                |        0|   0|    0|     9|    0|
    |urem_3ns_3ns_3_7_seq_1_U15              |urem_3ns_3ns_3_7_seq_1       |        0|   0|   45|    19|    0|
    |urem_64ns_4ns_3_68_seq_1_U11            |urem_64ns_4ns_3_68_seq_1     |        0|   0|  779|   469|    0|
    +----------------------------------------+-----------------------------+---------+----+-----+------+-----+
    |Total                                   |                             |        0|   6| 1400|  1983|    0|
    +----------------------------------------+-----------------------------+---------+----+-----+------+-----+

    * DSP: 
    N/A

    * Memory: 
    N/A

    * FIFO: 
    N/A

    * Expression: 
    +-----------------------+----------+----+---+-----+------------+------------+
    |     Variable Name     | Operation| DSP| FF| LUT | Bitwidth P0| Bitwidth P1|
    +-----------------------+----------+----+---+-----+------------+------------+
    |add_ln21_fu_349_p2     |         +|   0|  0|   71|          64|           1|
    |empty_fu_355_p2        |         +|   0|  0|   15|           8|           1|
    |n_1_fu_367_p2          |         +|   0|  0|   16|           9|           1|
    |and_ln18_fu_322_p2     |       and|   0|  0|   16|          16|          16|
    |and_ln39_1_fu_647_p2   |       and|   0|  0|  128|         128|         128|
    |and_ln39_2_fu_609_p2   |       and|   0|  0|  128|         128|         128|
    |and_ln39_fu_681_p2     |       and|   0|  0|    2|           1|           1|
    |icmp_ln21_fu_676_p2    |      icmp|   0|  0|   29|          64|           4|
    |icmp_ln24_fu_361_p2    |      icmp|   0|  0|   11|           9|          10|
    |icmp_ln25_fu_427_p2    |      icmp|   0|  0|   29|          64|          64|
    |icmp_ln28_fu_529_p2    |      icmp|   0|  0|   29|          64|          64|
    |icmp_ln39_fu_670_p2    |      icmp|   0|  0|   29|          64|           1|
    |lshr_ln25_fu_409_p2    |      lshr|   0|  0|   35|          16|          16|
    |lshr_ln26_1_fu_481_p2  |      lshr|   0|  0|  950|         256|         256|
    |lshr_ln26_fu_467_p2    |      lshr|   0|  0|  950|         256|         256|
    |level_counts_1_d0      |        or|   0|  0|  128|         128|         128|
    |or_ln39_1_fu_625_p2    |        or|   0|  0|  128|         128|         128|
    |shl_ln18_fu_310_p2     |       shl|   0|  0|   35|           8|          16|
    |shl_ln39_1_fu_657_p2   |       shl|   0|  0|  423|         128|         128|
    |shl_ln39_2_fu_597_p2   |       shl|   0|  0|  423|          64|         128|
    |shl_ln39_3_fu_619_p2   |       shl|   0|  0|  423|         128|         128|
    |shl_ln39_fu_635_p2     |       shl|   0|  0|  423|          64|         128|
    |xor_ln18_fu_316_p2     |       xor|   0|  0|   16|          16|           2|
    |xor_ln39_1_fu_603_p2   |       xor|   0|  0|  128|         128|           2|
    |xor_ln39_fu_641_p2     |       xor|   0|  0|  128|         128|           2|
    +-----------------------+----------+----+---+-----+------------+------------+
    |Total                  |          |   0|  0| 4693|        2067|        1737|
    +-----------------------+----------+----+---+-----+------------+------------+

    * Multiplexer: 
    +-------------------------+-----+-----------+-----+-----------+
    |           Name          | LUT | Input Size| Bits| Total Bits|
    +-------------------------+-----+-----------+-----+-----------+
    |ap_NS_fsm                |  409|         85|    1|         85|
    |cnt_3_reg_244            |    9|          2|   64|        128|
    |cnt_reg_220              |    9|          2|   64|        128|
    |horizon_fu_124           |    9|          2|   64|        128|
    |level_address0           |   21|          5|    7|         35|
    |level_ce0                |   13|          3|    1|          3|
    |level_counts_0_address0  |   21|          5|    2|         10|
    |level_counts_0_d0        |   13|          3|  128|        384|
    |level_counts_1_address0  |   13|          3|    2|          6|
    |level_d0                 |   13|          3|   16|         48|
    |level_we0                |   13|          3|    1|          3|
    |n_reg_232                |    9|          2|    9|         18|
    +-------------------------+-----+-----------+-----+-----------+
    |Total                    |  552|        118|  359|        976|
    +-------------------------+-----+-----------+-----+-----------+

    * Register: 
    +-----------------------------------------------------+----+----+-----+-----------+
    |                         Name                        | FF | LUT| Bits| Const Bits|
    +-----------------------------------------------------+----+----+-----+-----------+
    |add_ln21_reg_722                                     |  64|   0|   64|          0|
    |ap_CS_fsm                                            |  84|   0|   84|          0|
    |cnt_3_reg_244                                        |  64|   0|   64|          0|
    |cnt_reg_220                                          |  64|   0|   64|          0|
    |empty_reg_730                                        |   8|   0|    8|          0|
    |grp_bfs_Pipeline_loop_neighbors_fu_259_ap_start_reg  |   1|   0|    1|          0|
    |horizon_fu_124                                       |  64|   0|   64|          0|
    |level_addr_reg_709                                   |   7|   0|    7|          0|
    |level_counts_0_addr_1_reg_815                        |   2|   0|    2|          0|
    |level_counts_1_addr_reg_820                          |   2|   0|    2|          0|
    |n_1_reg_738                                          |   9|   0|    9|          0|
    |n_reg_232                                            |   9|   0|    9|          0|
    |shl_ln1_reg_805                                      |   1|   0|    7|          6|
    |tmp_1_reg_811                                        |   1|   0|    1|          0|
    |tmp_2_reg_757                                        |   1|   0|    1|          0|
    |tmp_begin_reg_772                                    |  64|   0|   64|          0|
    |tmp_end_reg_778                                      |  64|   0|   64|          0|
    |tmp_reg_795                                          |   1|   0|    1|          0|
    |trunc_ln24_reg_748                                   |   1|   0|    1|          0|
    +-----------------------------------------------------+----+----+-----+-----------+
    |Total                                                | 511|   0|  517|          6|
    +-----------------------------------------------------+----+----+-----+-----------+



================================================================
== Interface
================================================================
* Summary: 
+-------------------------+-----+-----+------------+----------------+--------------+
|        RTL Ports        | Dir | Bits|  Protocol  |  Source Object |    C Type    |
+-------------------------+-----+-----+------------+----------------+--------------+
|ap_clk                   |   in|    1|  ap_ctrl_hs|             bfs|  return value|
|ap_rst                   |   in|    1|  ap_ctrl_hs|             bfs|  return value|
|ap_start                 |   in|    1|  ap_ctrl_hs|             bfs|  return value|
|ap_done                  |  out|    1|  ap_ctrl_hs|             bfs|  return value|
|ap_idle                  |  out|    1|  ap_ctrl_hs|             bfs|  return value|
|ap_ready                 |  out|    1|  ap_ctrl_hs|             bfs|  return value|
|nodes_0_address0         |  out|    6|   ap_memory|         nodes_0|         array|
|nodes_0_ce0              |  out|    1|   ap_memory|         nodes_0|         array|
|nodes_0_q0               |   in|  256|   ap_memory|         nodes_0|         array|
|nodes_1_address0         |  out|    6|   ap_memory|         nodes_1|         array|
|nodes_1_ce0              |  out|    1|   ap_memory|         nodes_1|         array|
|nodes_1_q0               |   in|  256|   ap_memory|         nodes_1|         array|
|edges_0_address0         |  out|   10|   ap_memory|         edges_0|         array|
|edges_0_ce0              |  out|    1|   ap_memory|         edges_0|         array|
|edges_0_q0               |   in|  128|   ap_memory|         edges_0|         array|
|edges_1_address0         |  out|   10|   ap_memory|         edges_1|         array|
|edges_1_ce0              |  out|    1|   ap_memory|         edges_1|         array|
|edges_1_q0               |   in|  128|   ap_memory|         edges_1|         array|
|starting_node            |   in|   64|     ap_none|   starting_node|        scalar|
|level_address0           |  out|    7|   ap_memory|           level|         array|
|level_ce0                |  out|    1|   ap_memory|           level|         array|
|level_we0                |  out|    1|   ap_memory|           level|         array|
|level_d0                 |  out|   16|   ap_memory|           level|         array|
|level_q0                 |   in|   16|   ap_memory|           level|         array|
|level_counts_0_address0  |  out|    2|   ap_memory|  level_counts_0|         array|
|level_counts_0_ce0       |  out|    1|   ap_memory|  level_counts_0|         array|
|level_counts_0_we0       |  out|    1|   ap_memory|  level_counts_0|         array|
|level_counts_0_d0        |  out|  128|   ap_memory|  level_counts_0|         array|
|level_counts_0_q0        |   in|  128|   ap_memory|  level_counts_0|         array|
|level_counts_1_address0  |  out|    2|   ap_memory|  level_counts_1|         array|
|level_counts_1_ce0       |  out|    1|   ap_memory|  level_counts_1|         array|
|level_counts_1_we0       |  out|    1|   ap_memory|  level_counts_1|         array|
|level_counts_1_d0        |  out|  128|   ap_memory|  level_counts_1|         array|
|level_counts_1_q0        |   in|  128|   ap_memory|  level_counts_1|         array|
+-------------------------+-----+-----+------------+----------------+--------------+

