

================================================================
== Vitis HLS Report for 'bfs'
================================================================
* Date:           Mon Mar 10 00:19:10 2025

* Version:        2022.1 (Build 3526262 on Mon Apr 18 15:47:01 MDT 2022)
* Project:        bfs_random_prj_p1
* Solution:       solution (Vivado IP Flow Target)
* Product family: virtex7
* Target device:  xc7vx485t-ffg1761-2


================================================================
== Performance Estimates
================================================================
+ Timing: 
    * Summary: 
    +--------+----------+----------+------------+
    |  Clock |  Target  | Estimated| Uncertainty|
    +--------+----------+----------+------------+
    |ap_clk  |  10.00 ns|  6.900 ns|     2.70 ns|
    +--------+----------+----------+------------+

+ Latency: 
    * Summary: 
    +---------+---------+----------+----------+-----+-----+---------+
    |  Latency (cycles) |  Latency (absolute) |  Interval | Pipeline|
    |   min   |   max   |    min   |    max   | min | max |   Type  |
    +---------+---------+----------+----------+-----+-----+---------+
    |        ?|        ?|         ?|         ?|    ?|    ?|       no|
    +---------+---------+----------+----------+-----+-----+---------+

    + Detail: 
        * Instance: 
        +-----------------------------------------+------------------------------+---------+---------+----------+----------+-----+-----+---------+
        |                                         |                              |  Latency (cycles) |  Latency (absolute) |  Interval | Pipeline|
        |                 Instance                |            Module            |   min   |   max   |    min   |    max   | min | max |   Type  |
        +-----------------------------------------+------------------------------+---------+---------+----------+----------+-----+-----+---------+
        |grp_bfs_Pipeline_loop_neighbors_fu_279   |bfs_Pipeline_loop_neighbors   |        ?|        ?|         ?|         ?|    ?|    ?|       no|
        |grp_bfs_Pipeline_loop_neighbors1_fu_294  |bfs_Pipeline_loop_neighbors1  |        ?|        ?|         ?|         ?|    ?|    ?|       no|
        +-----------------------------------------+------------------------------+---------+---------+----------+----------+-----+-----+---------+

        * Loop: 
        +-----------------+---------+---------+----------+-----------+-----------+------+----------+
        |                 |  Latency (cycles) | Iteration|  Initiation Interval  | Trip |          |
        |    Loop Name    |   min   |   max   |  Latency |  achieved |   target  | Count| Pipelined|
        +-----------------+---------+---------+----------+-----------+-----------+------+----------+
        |- loop_horizons  |        ?|        ?|         ?|          -|          -|     ?|        no|
        | + loop_nodes    |        ?|        ?|         ?|          -|          -|   128|        no|
        +-----------------+---------+---------+----------+-----------+-----------+------+----------+



================================================================
== Utilization Estimates
================================================================
* Summary: 
+-----------------+---------+------+--------+--------+-----+
|       Name      | BRAM_18K|  DSP |   FF   |   LUT  | URAM|
+-----------------+---------+------+--------+--------+-----+
|DSP              |        -|     -|       -|       -|    -|
|Expression       |        -|     -|       0|    4856|    -|
|FIFO             |        -|     -|       -|       -|    -|
|Instance         |        -|     -|     840|    1670|    -|
|Memory           |        -|     -|       -|       -|    -|
|Multiplexer      |        -|     -|       -|     294|    -|
|Register         |        -|     -|     896|       -|    -|
+-----------------+---------+------+--------+--------+-----+
|Total            |        0|     0|    1736|    6820|    0|
+-----------------+---------+------+--------+--------+-----+
|Available        |     2060|  2800|  607200|  303600|    0|
+-----------------+---------+------+--------+--------+-----+
|Utilization (%)  |        0|     0|      ~0|       2|    0|
+-----------------+---------+------+--------+--------+-----+

+ Detail: 
    * Instance: 
    +-----------------------------------------+------------------------------+---------+----+-----+-----+-----+
    |                 Instance                |            Module            | BRAM_18K| DSP|  FF | LUT | URAM|
    +-----------------------------------------+------------------------------+---------+----+-----+-----+-----+
    |grp_bfs_Pipeline_loop_neighbors_fu_279   |bfs_Pipeline_loop_neighbors   |        0|   0|  420|  835|    0|
    |grp_bfs_Pipeline_loop_neighbors1_fu_294  |bfs_Pipeline_loop_neighbors1  |        0|   0|  420|  835|    0|
    +-----------------------------------------+------------------------------+---------+----+-----+-----+-----+
    |Total                                    |                              |        0|   0|  840| 1670|    0|
    +-----------------------------------------+------------------------------+---------+----+-----+-----+-----+

    * DSP: 
    N/A

    * Memory: 
    N/A

    * FIFO: 
    N/A

    * Expression: 
    +--------------------------+----------+----+---+-----+------------+------------+
    |       Variable Name      | Operation| DSP| FF| LUT | Bitwidth P0| Bitwidth P1|
    +--------------------------+----------+----+---+-----+------------+------------+
    |add_ln21_cast2_fu_407_p2  |         +|   0|  0|   13|           4|           1|
    |add_ln21_cast_fu_413_p2   |         +|   0|  0|   10|           2|           1|
    |add_ln21_fu_401_p2        |         +|   0|  0|   71|          64|           1|
    |empty_fu_419_p2           |         +|   0|  0|   15|           8|           1|
    |n_1_fu_646_p2             |         +|   0|  0|   16|           9|           2|
    |and_ln18_fu_366_p2        |       and|   0|  0|   16|          16|          16|
    |and_ln39_1_fu_705_p2      |       and|   0|  0|  128|         128|         128|
    |and_ln39_2_fu_667_p2      |       and|   0|  0|  128|         128|         128|
    |and_ln39_fu_739_p2        |       and|   0|  0|    2|           1|           1|
    |icmp_ln21_fu_734_p2       |      icmp|   0|  0|   29|          64|           4|
    |icmp_ln25_1_fu_578_p2     |      icmp|   0|  0|   29|          64|          64|
    |icmp_ln25_fu_493_p2       |      icmp|   0|  0|   29|          64|          64|
    |icmp_ln28_2_fu_626_p2     |      icmp|   0|  0|   29|          64|          64|
    |icmp_ln28_fu_541_p2       |      icmp|   0|  0|   29|          64|          64|
    |icmp_ln39_fu_728_p2       |      icmp|   0|  0|   29|          64|           1|
    |lshr_ln26_2_fu_604_p2     |      lshr|   0|  0|  950|         256|         256|
    |lshr_ln26_fu_519_p2       |      lshr|   0|  0|  950|         256|         256|
    |level_counts_1_d0         |        or|   0|  0|  128|         128|         128|
    |or_ln39_fu_721_p2         |        or|   0|  0|  128|         128|         128|
    |select_ln28_1_fu_638_p3   |    select|   0|  0|   64|           1|          64|
    |select_ln28_fu_553_p3     |    select|   0|  0|   64|           1|          64|
    |shl_ln18_fu_354_p2        |       shl|   0|  0|   35|           8|          16|
    |shl_ln39_1_fu_715_p2      |       shl|   0|  0|  423|         128|         128|
    |shl_ln39_2_fu_655_p2      |       shl|   0|  0|  423|          64|         128|
    |shl_ln39_3_fu_677_p2      |       shl|   0|  0|  423|         128|         128|
    |shl_ln39_fu_693_p2        |       shl|   0|  0|  423|          64|         128|
    |xor_ln18_fu_360_p2        |       xor|   0|  0|   16|          16|           2|
    |xor_ln39_1_fu_661_p2      |       xor|   0|  0|  128|         128|           2|
    |xor_ln39_fu_699_p2        |       xor|   0|  0|  128|         128|           2|
    +--------------------------+----------+----+---+-----+------------+------------+
    |Total                     |          |   0|  0| 4856|        2178|        1970|
    +--------------------------+----------+----+---+-----+------------+------------+

    * Multiplexer: 
    +--------------------------------+----+-----------+-----+-----------+
    |              Name              | LUT| Input Size| Bits| Total Bits|
    +--------------------------------+----+-----------+-----+-----------+
    |ap_NS_fsm                       |  57|         14|    1|         14|
    |ap_phi_mux_cnt_2_phi_fu_268_p6  |   9|          2|   64|        128|
    |cnt_1_reg_250                   |   9|          2|   64|        128|
    |cnt_2_reg_264                   |  13|          3|   64|        192|
    |cnt_reg_226                     |   9|          2|   64|        128|
    |edges_address0                  |  13|          3|   12|         36|
    |edges_address1                  |  13|          3|   12|         36|
    |edges_ce0                       |  13|          3|    1|          3|
    |edges_ce1                       |  13|          3|    1|          3|
    |horizon_fu_118                  |   9|          2|   64|        128|
    |level_address0                  |  29|          7|    7|         49|
    |level_ce0                       |  17|          4|    1|          4|
    |level_counts_0_address0         |  21|          5|    2|         10|
    |level_counts_0_d0               |  13|          3|  128|        384|
    |level_counts_1_address0         |  13|          3|    2|          6|
    |level_d0                        |  17|          4|   16|         64|
    |level_we0                       |  17|          4|    1|          4|
    |n_reg_238                       |   9|          2|    9|         18|
    +--------------------------------+----+-----------+-----+-----------+
    |Total                           | 294|         69|  513|       1335|
    +--------------------------------+----+-----------+-----+-----------+

    * Register: 
    +------------------------------------------------------+----+----+-----+-----------+
    |                         Name                         | FF | LUT| Bits| Const Bits|
    +------------------------------------------------------+----+----+-----+-----------+
    |add_ln21_cast2_reg_804                                |   4|   0|    4|          0|
    |add_ln21_cast_reg_809                                 |   2|   0|    2|          0|
    |add_ln21_reg_798                                      |  64|   0|   64|          0|
    |and_ln_reg_828                                        |   1|   0|    7|          6|
    |ap_CS_fsm                                             |  13|   0|   13|          0|
    |cnt_1_0_loc_fu_134                                    |  64|   0|   64|          0|
    |cnt_1_reg_250                                         |  64|   0|   64|          0|
    |cnt_2_0_loc_fu_130                                    |  64|   0|   64|          0|
    |cnt_2_reg_264                                         |  64|   0|   64|          0|
    |cnt_5_0_loc_fu_126                                    |  64|   0|   64|          0|
    |cnt_8_0_loc_fu_122                                    |  64|   0|   64|          0|
    |cnt_reg_226                                           |  64|   0|   64|          0|
    |empty_reg_814                                         |   8|   0|    8|          0|
    |grp_bfs_Pipeline_loop_neighbors1_fu_294_ap_start_reg  |   1|   0|    1|          0|
    |grp_bfs_Pipeline_loop_neighbors_fu_279_ap_start_reg   |   1|   0|    1|          0|
    |horizon_fu_118                                        |  64|   0|   64|          0|
    |icmp_ln25_1_reg_881                                   |   1|   0|    1|          0|
    |icmp_ln25_reg_848                                     |   1|   0|    1|          0|
    |icmp_ln28_2_reg_900                                   |   1|   0|    1|          0|
    |icmp_ln28_reg_867                                     |   1|   0|    1|          0|
    |level_addr_1_reg_823                                  |   7|   0|    7|          0|
    |level_addr_reg_785                                    |   7|   0|    7|          0|
    |level_counts_0_addr_1_reg_843                         |   2|   0|    2|          0|
    |level_counts_1_addr_reg_838                           |   2|   0|    2|          0|
    |n_reg_238                                             |   9|   0|    9|          0|
    |targetBlock2_reg_904                                  |   1|   0|    1|          0|
    |targetBlock_reg_871                                   |   1|   0|    1|          0|
    |tmp_begin_1_reg_890                                   |  64|   0|   64|          0|
    |tmp_begin_reg_857                                     |  64|   0|   64|          0|
    |tmp_end_1_reg_895                                     |  64|   0|   64|          0|
    |tmp_end_reg_862                                       |  64|   0|   64|          0|
    |trunc_ln39_reg_834                                    |   1|   0|    1|          0|
    +------------------------------------------------------+----+----+-----+-----------+
    |Total                                                 | 896|   0|  902|          6|
    +------------------------------------------------------+----+----+-----+-----------+



================================================================
== Interface
================================================================
* Summary: 
+-------------------------+-----+-----+------------+----------------+--------------+
|        RTL Ports        | Dir | Bits|  Protocol  |  Source Object |    C Type    |
+-------------------------+-----+-----+------------+----------------+--------------+
|ap_clk                   |   in|    1|  ap_ctrl_hs|             bfs|  return value|
|ap_rst                   |   in|    1|  ap_ctrl_hs|             bfs|  return value|
|ap_start                 |   in|    1|  ap_ctrl_hs|             bfs|  return value|
|ap_done                  |  out|    1|  ap_ctrl_hs|             bfs|  return value|
|ap_idle                  |  out|    1|  ap_ctrl_hs|             bfs|  return value|
|ap_ready                 |  out|    1|  ap_ctrl_hs|             bfs|  return value|
|nodes_0_address0         |  out|    6|   ap_memory|         nodes_0|         array|
|nodes_0_ce0              |  out|    1|   ap_memory|         nodes_0|         array|
|nodes_0_q0               |   in|  256|   ap_memory|         nodes_0|         array|
|nodes_1_address0         |  out|    6|   ap_memory|         nodes_1|         array|
|nodes_1_ce0              |  out|    1|   ap_memory|         nodes_1|         array|
|nodes_1_q0               |   in|  256|   ap_memory|         nodes_1|         array|
|edges_address0           |  out|   12|   ap_memory|           edges|         array|
|edges_ce0                |  out|    1|   ap_memory|           edges|         array|
|edges_q0                 |   in|   64|   ap_memory|           edges|         array|
|edges_address1           |  out|   12|   ap_memory|           edges|         array|
|edges_ce1                |  out|    1|   ap_memory|           edges|         array|
|edges_q1                 |   in|   64|   ap_memory|           edges|         array|
|starting_node            |   in|   64|     ap_none|   starting_node|        scalar|
|level_address0           |  out|    7|   ap_memory|           level|         array|
|level_ce0                |  out|    1|   ap_memory|           level|         array|
|level_we0                |  out|    1|   ap_memory|           level|         array|
|level_d0                 |  out|   16|   ap_memory|           level|         array|
|level_q0                 |   in|   16|   ap_memory|           level|         array|
|level_counts_0_address0  |  out|    2|   ap_memory|  level_counts_0|         array|
|level_counts_0_ce0       |  out|    1|   ap_memory|  level_counts_0|         array|
|level_counts_0_we0       |  out|    1|   ap_memory|  level_counts_0|         array|
|level_counts_0_d0        |  out|  128|   ap_memory|  level_counts_0|         array|
|level_counts_0_q0        |   in|  128|   ap_memory|  level_counts_0|         array|
|level_counts_1_address0  |  out|    2|   ap_memory|  level_counts_1|         array|
|level_counts_1_ce0       |  out|    1|   ap_memory|  level_counts_1|         array|
|level_counts_1_we0       |  out|    1|   ap_memory|  level_counts_1|         array|
|level_counts_1_d0        |  out|  128|   ap_memory|  level_counts_1|         array|
|level_counts_1_q0        |   in|  128|   ap_memory|  level_counts_1|         array|
+-------------------------+-----+-----+------------+----------------+--------------+

