

================================================================
== Vitis HLS Report for 'bfs'
================================================================
* Date:           Mon Mar 10 00:15:58 2025

* Version:        2022.1 (Build 3526262 on Mon Apr 18 15:47:01 MDT 2022)
* Project:        bfs_random_prj_p1
* Solution:       solution (Vivado IP Flow Target)
* Product family: virtex7
* Target device:  xc7vx485t-ffg1761-2


================================================================
== Performance Estimates
================================================================
+ Timing: 
    * Summary: 
    +--------+----------+----------+------------+
    |  Clock |  Target  | Estimated| Uncertainty|
    +--------+----------+----------+------------+
    |ap_clk  |  10.00 ns|  6.904 ns|     2.70 ns|
    +--------+----------+----------+------------+

+ Latency: 
    * Summary: 
    +---------+---------+----------+----------+-----+-----+---------+
    |  Latency (cycles) |  Latency (absolute) |  Interval | Pipeline|
    |   min   |   max   |    min   |    max   | min | max |   Type  |
    +---------+---------+----------+----------+-----+-----+---------+
    |        ?|        ?|         ?|         ?|    ?|    ?|       no|
    +---------+---------+----------+----------+-----+-----+---------+

    + Detail: 
        * Instance: 
        +-----------------------------------------+------------------------------+---------+---------+----------+----------+-----+-----+---------+
        |                                         |                              |  Latency (cycles) |  Latency (absolute) |  Interval | Pipeline|
        |                 Instance                |            Module            |   min   |   max   |    min   |    max   | min | max |   Type  |
        +-----------------------------------------+------------------------------+---------+---------+----------+----------+-----+-----+---------+
        |grp_bfs_Pipeline_loop_neighbors_fu_412   |bfs_Pipeline_loop_neighbors   |        ?|        ?|         ?|         ?|    ?|    ?|       no|
        |grp_bfs_Pipeline_loop_neighbors1_fu_428  |bfs_Pipeline_loop_neighbors1  |        ?|        ?|         ?|         ?|    ?|    ?|       no|
        |grp_bfs_Pipeline_loop_neighbors2_fu_444  |bfs_Pipeline_loop_neighbors2  |        ?|        ?|         ?|         ?|    ?|    ?|       no|
        |grp_bfs_Pipeline_loop_neighbors3_fu_460  |bfs_Pipeline_loop_neighbors3  |        ?|        ?|         ?|         ?|    ?|    ?|       no|
        +-----------------------------------------+------------------------------+---------+---------+----------+----------+-----+-----+---------+

        * Loop: 
        +-----------------+---------+---------+----------+-----------+-----------+-------+----------+
        |                 |  Latency (cycles) | Iteration|  Initiation Interval  |  Trip |          |
        |    Loop Name    |   min   |   max   |  Latency |  achieved |   target  | Count | Pipelined|
        +-----------------+---------+---------+----------+-----------+-----------+-------+----------+
        |- loop_horizons  |        ?|        ?|         ?|          -|          -|  1 ~ 5|        no|
        | + loop_nodes    |        ?|        ?|         ?|          -|          -|    128|        no|
        | + loop_nodes    |        ?|        ?|         ?|          -|          -|    128|        no|
        +-----------------+---------+---------+----------+-----------+-----------+-------+----------+



================================================================
== Utilization Estimates
================================================================
* Summary: 
+-----------------+---------+------+--------+--------+-----+
|       Name      | BRAM_18K|  DSP |   FF   |   LUT  | URAM|
+-----------------+---------+------+--------+--------+-----+
|DSP              |        -|     -|       -|       -|    -|
|Expression       |        -|     -|       0|     282|    -|
|FIFO             |        -|     -|       -|       -|    -|
|Instance         |        -|     -|    1352|    2818|    -|
|Memory           |        -|     -|       -|       -|    -|
|Multiplexer      |        -|     -|       -|     593|    -|
|Register         |        -|     -|     873|       -|    -|
+-----------------+---------+------+--------+--------+-----+
|Total            |        0|     0|    2225|    3693|    0|
+-----------------+---------+------+--------+--------+-----+
|Available        |     2060|  2800|  607200|  303600|    0|
+-----------------+---------+------+--------+--------+-----+
|Utilization (%)  |        0|     0|      ~0|       1|    0|
+-----------------+---------+------+--------+--------+-----+

+ Detail: 
    * Instance: 
    +-----------------------------------------+------------------------------+---------+----+-----+-----+-----+
    |                 Instance                |            Module            | BRAM_18K| DSP|  FF | LUT | URAM|
    +-----------------------------------------+------------------------------+---------+----+-----+-----+-----+
    |grp_bfs_Pipeline_loop_neighbors_fu_412   |bfs_Pipeline_loop_neighbors   |        0|   0|  338|  700|    0|
    |grp_bfs_Pipeline_loop_neighbors1_fu_428  |bfs_Pipeline_loop_neighbors1  |        0|   0|  338|  700|    0|
    |grp_bfs_Pipeline_loop_neighbors2_fu_444  |bfs_Pipeline_loop_neighbors2  |        0|   0|  338|  700|    0|
    |grp_bfs_Pipeline_loop_neighbors3_fu_460  |bfs_Pipeline_loop_neighbors3  |        0|   0|  338|  700|    0|
    |mux_21_8_1_1_U38                         |mux_21_8_1_1                  |        0|   0|    0|    9|    0|
    |mux_21_8_1_1_U39                         |mux_21_8_1_1                  |        0|   0|    0|    9|    0|
    +-----------------------------------------+------------------------------+---------+----+-----+-----+-----+
    |Total                                    |                              |        0|   0| 1352| 2818|    0|
    +-----------------------------------------+------------------------------+---------+----+-----+-----+-----+

    * DSP: 
    N/A

    * Memory: 
    N/A

    * FIFO: 
    N/A

    * Expression: 
    +-----------------------+----------+----+---+----+------------+------------+
    |     Variable Name     | Operation| DSP| FF| LUT| Bitwidth P0| Bitwidth P1|
    +-----------------------+----------+----+---+----+------------+------------+
    |add_ln21_fu_734_p2     |         +|   0|  0|  13|           4|           2|
    |add_ln39_fu_764_p2     |         +|   0|  0|  14|           7|           5|
    |n_2_fu_709_p2          |         +|   0|  0|  16|           9|           2|
    |n_3_fu_844_p2          |         +|   0|  0|  16|           9|           2|
    |grp_fu_485_p2          |      icmp|   0|  0|  11|           8|           8|
    |grp_fu_533_p2          |      icmp|   0|  0|  11|           8|           8|
    |icmp_ln21_fu_599_p2    |      icmp|   0|  0|   9|           4|           4|
    |icmp_ln28_1_fu_700_p2  |      icmp|   0|  0|  29|          64|          64|
    |icmp_ln28_2_fu_804_p2  |      icmp|   0|  0|  29|          64|          64|
    |icmp_ln28_3_fu_834_p2  |      icmp|   0|  0|  29|          64|          64|
    |icmp_ln28_fu_670_p2    |      icmp|   0|  0|  29|          64|          64|
    |icmp_ln39_1_fu_863_p2  |      icmp|   0|  0|  29|          64|           1|
    |icmp_ln39_fu_728_p2    |      icmp|   0|  0|  29|          64|           1|
    |conv20_fu_609_p2       |        or|   0|  0|   4|           4|           1|
    |or_ln25_1_fu_813_p2    |        or|   0|  0|   7|           7|           1|
    |or_ln25_fu_679_p2      |        or|   0|  0|   7|           7|           1|
    +-----------------------+----------+----+---+----+------------+------------+
    |Total                  |          |   0|  0| 282|         451|         292|
    +-----------------------+----------+----+---+----+------------+------------+

    * Multiplexer: 
    +--------------------------------+-----+-----------+-----+-----------+
    |              Name              | LUT | Input Size| Bits| Total Bits|
    +--------------------------------+-----+-----------+-----+-----------+
    |ap_NS_fsm                       |  123|         25|    1|         25|
    |ap_phi_mux_cnt_8_phi_fu_401_p6  |    9|          2|   64|        128|
    |cnt_1_reg_359                   |    9|          2|   64|        128|
    |cnt_3_reg_330                   |    9|          2|   64|        128|
    |cnt_6_reg_344                   |   13|          3|   64|        192|
    |cnt_7_reg_383                   |    9|          2|   64|        128|
    |cnt_8_reg_397                   |   13|          3|   64|        192|
    |cnt_reg_306                     |    9|          2|   64|        128|
    |edges_address0                  |   21|          5|   11|         55|
    |edges_ce0                       |   21|          5|    1|          5|
    |grp_fu_476_p3                   |   13|          3|    1|          3|
    |grp_fu_524_p3                   |   13|          3|    1|          3|
    |horizon_fu_132                  |    9|          2|    4|          8|
    |level_0_address0                |   41|         10|    7|         70|
    |level_0_ce0                     |   25|          6|    1|          6|
    |level_0_d0                      |   25|          6|    8|         48|
    |level_0_we0                     |   25|          6|    1|          6|
    |level_1_address0                |   41|         10|    7|         70|
    |level_1_ce0                     |   25|          6|    1|          6|
    |level_1_d0                      |   25|          6|    8|         48|
    |level_1_we0                     |   25|          6|    1|          6|
    |level_counts_address0           |   29|          7|    3|         21|
    |level_counts_d0                 |   17|          4|  128|        512|
    |n_1_reg_371                     |    9|          2|    9|         18|
    |n_reg_318                       |    9|          2|    9|         18|
    |nodes_0_address0                |   13|          3|    7|         21|
    |nodes_1_address0                |   13|          3|    7|         21|
    +--------------------------------+-----+-----------+-----+-----------+
    |Total                           |  593|        136|  664|       1994|
    +--------------------------------+-----+-----------+-----+-----------+

    * Register: 
    +------------------------------------------------------+----+----+-----+-----------+
    |                         Name                         | FF | LUT| Bits| Const Bits|
    +------------------------------------------------------+----+----+-----+-----------+
    |add_ln21_reg_1024                                     |   4|   0|    4|          0|
    |ap_CS_fsm                                             |  24|   0|   24|          0|
    |cnt_1_reg_359                                         |  64|   0|   64|          0|
    |cnt_3_reg_330                                         |  64|   0|   64|          0|
    |cnt_6_reg_344                                         |  64|   0|   64|          0|
    |cnt_7_reg_383                                         |  64|   0|   64|          0|
    |cnt_8_reg_397                                         |  64|   0|   64|          0|
    |cnt_reg_306                                           |  64|   0|   64|          0|
    |conv20_reg_924                                        |   3|   0|    4|          1|
    |grp_bfs_Pipeline_loop_neighbors1_fu_428_ap_start_reg  |   1|   0|    1|          0|
    |grp_bfs_Pipeline_loop_neighbors2_fu_444_ap_start_reg  |   1|   0|    1|          0|
    |grp_bfs_Pipeline_loop_neighbors3_fu_460_ap_start_reg  |   1|   0|    1|          0|
    |grp_bfs_Pipeline_loop_neighbors_fu_412_ap_start_reg   |   1|   0|    1|          0|
    |horizon_fu_132                                        |   4|   0|    4|          0|
    |icmp_ln21_reg_915                                     |   1|   0|    1|          0|
    |icmp_ln25_1_reg_1059                                  |   1|   0|    1|          0|
    |icmp_ln25_2_reg_994                                   |   1|   0|    1|          0|
    |icmp_ln25_3_reg_1090                                  |   1|   0|    1|          0|
    |icmp_ln25_reg_963                                     |   1|   0|    1|          0|
    |icmp_ln28_1_reg_1008                                  |   1|   0|    1|          0|
    |icmp_ln28_2_reg_1073                                  |   1|   0|    1|          0|
    |icmp_ln28_3_reg_1104                                  |   1|   0|    1|          0|
    |icmp_ln28_reg_977                                     |   1|   0|    1|          0|
    |icmp_ln39_reg_1020                                    |   1|   0|    1|          0|
    |level_counts_addr_1_reg_953                           |   3|   0|    3|          0|
    |level_counts_addr_2_reg_1049                          |   3|   0|    3|          0|
    |n_1_reg_371                                           |   9|   0|    9|          0|
    |n_2_reg_1015                                          |   9|   0|    9|          0|
    |n_reg_318                                             |   9|   0|    9|          0|
    |reg_548                                               |  64|   0|   64|          0|
    |reg_554                                               |  64|   0|   64|          0|
    |tmp_6_reg_958                                         |   1|   0|    1|          0|
    |tmp_9_reg_1054                                        |   1|   0|    1|          0|
    |tmp_begin_1_reg_1068                                  |  64|   0|   64|          0|
    |tmp_begin_2_reg_1003                                  |  64|   0|   64|          0|
    |tmp_begin_3_reg_1099                                  |  64|   0|   64|          0|
    |tmp_begin_reg_972                                     |  64|   0|   64|          0|
    |trunc_ln24_1_reg_1034                                 |   7|   0|    7|          0|
    |trunc_ln24_reg_938                                    |   7|   0|    7|          0|
    |zext_ln21_reg_919                                     |   4|   0|    8|          4|
    |zext_ln24_reg_930                                     |   3|   0|    8|          5|
    +------------------------------------------------------+----+----+-----+-----------+
    |Total                                                 | 873|   0|  883|         10|
    +------------------------------------------------------+----+----+-----+-----------+



================================================================
== Interface
================================================================
* Summary: 
+-----------------------+-----+-----+------------+---------------+--------------+
|       RTL Ports       | Dir | Bits|  Protocol  | Source Object |    C Type    |
+-----------------------+-----+-----+------------+---------------+--------------+
|ap_clk                 |   in|    1|  ap_ctrl_hs|            bfs|  return value|
|ap_rst                 |   in|    1|  ap_ctrl_hs|            bfs|  return value|
|ap_start               |   in|    1|  ap_ctrl_hs|            bfs|  return value|
|ap_done                |  out|    1|  ap_ctrl_hs|            bfs|  return value|
|ap_idle                |  out|    1|  ap_ctrl_hs|            bfs|  return value|
|ap_ready               |  out|    1|  ap_ctrl_hs|            bfs|  return value|
|nodes_0_address0       |  out|    7|   ap_memory|        nodes_0|         array|
|nodes_0_ce0            |  out|    1|   ap_memory|        nodes_0|         array|
|nodes_0_q0             |   in|  128|   ap_memory|        nodes_0|         array|
|nodes_1_address0       |  out|    7|   ap_memory|        nodes_1|         array|
|nodes_1_ce0            |  out|    1|   ap_memory|        nodes_1|         array|
|nodes_1_q0             |   in|  128|   ap_memory|        nodes_1|         array|
|edges_address0         |  out|   11|   ap_memory|          edges|         array|
|edges_ce0              |  out|    1|   ap_memory|          edges|         array|
|edges_q0               |   in|  128|   ap_memory|          edges|         array|
|starting_node          |   in|   64|     ap_none|  starting_node|        scalar|
|level_0_address0       |  out|    7|   ap_memory|        level_0|         array|
|level_0_ce0            |  out|    1|   ap_memory|        level_0|         array|
|level_0_we0            |  out|    1|   ap_memory|        level_0|         array|
|level_0_d0             |  out|    8|   ap_memory|        level_0|         array|
|level_0_q0             |   in|    8|   ap_memory|        level_0|         array|
|level_1_address0       |  out|    7|   ap_memory|        level_1|         array|
|level_1_ce0            |  out|    1|   ap_memory|        level_1|         array|
|level_1_we0            |  out|    1|   ap_memory|        level_1|         array|
|level_1_d0             |  out|    8|   ap_memory|        level_1|         array|
|level_1_q0             |   in|    8|   ap_memory|        level_1|         array|
|level_counts_address0  |  out|    3|   ap_memory|   level_counts|         array|
|level_counts_ce0       |  out|    1|   ap_memory|   level_counts|         array|
|level_counts_we0       |  out|    1|   ap_memory|   level_counts|         array|
|level_counts_d0        |  out|  128|   ap_memory|   level_counts|         array|
|level_counts_q0        |   in|  128|   ap_memory|   level_counts|         array|
+-----------------------+-----+-----+------------+---------------+--------------+

