

================================================================
== Synthesis Summary Report of 'bfs'
================================================================
+ General Information: 
    * Date:           Mon Mar 10 00:20:27 2025
    * Version:        2022.1 (Build 3526262 on Mon Apr 18 15:47:01 MDT 2022)
    * Project:        bfs_random_prj_p1
    * Solution:       solution (Vivado IP Flow Target)
    * Product family: virtex7
    * Target device:  xc7vx485t-ffg1761-2
    

+ Performance & Resource Estimates: 
    
    PS: '+' for module; 'o' for loop; '*' for dataflow
    +---------------------+------+------+---------+--------+----------+---------+------+----------+------+----+------------+-----------+-----+
    |       Modules       | Issue|      | Latency | Latency| Iteration|         | Trip |          |      |    |            |           |     |
    |       & Loops       | Type | Slack| (cycles)|  (ns)  |  Latency | Interval| Count| Pipelined| BRAM | DSP|     FF     |    LUT    | URAM|
    +---------------------+------+------+---------+--------+----------+---------+------+----------+------+----+------------+-----------+-----+
    |+ bfs                |     -|  0.40|        -|       -|         -|        -|     -|        no|     -|   -|  1469 (~0%)|  8944 (2%)|    -|
    | o loop_horizons     |     -|  7.30|        -|       -|         -|        -|     -|        no|     -|   -|           -|          -|    -|
    |  o loop_nodes       |     -|  7.30|        -|       -|         -|        -|     -|        no|     -|   -|           -|          -|    -|
    |   o loop_neighbors  |     -|  7.30|        -|       -|         5|        -|     -|        no|     -|   -|           -|          -|    -|
    |  o loop_nodes       |     -|  7.30|        -|       -|         -|        -|     -|        no|     -|   -|           -|          -|    -|
    |   o loop_neighbors  |     -|  7.30|        -|       -|         5|        -|     -|        no|     -|   -|           -|          -|    -|
    +---------------------+------+------+---------+--------+----------+---------+------+----------+------+----+------------+-----------+-----+


================================================================
== HW Interfaces
================================================================
* AP_MEMORY
+-------------------------+----------+
| Interface               | Bitwidth |
+-------------------------+----------+
| edges_address0          | 12       |
| edges_q0                | 64       |
| level_0_address0        | 6        |
| level_0_d0              | 16       |
| level_0_q0              | 16       |
| level_1_address0        | 6        |
| level_1_d0              | 16       |
| level_1_q0              | 16       |
| level_counts_0_address0 | 2        |
| level_counts_0_d0       | 128      |
| level_counts_0_q0       | 128      |
| level_counts_1_address0 | 2        |
| level_counts_1_d0       | 128      |
| level_counts_1_q0       | 128      |
| nodes_address0          | 7        |
| nodes_q0                | 256      |
+-------------------------+----------+

* REGISTER
+---------------+---------+----------+
| Interface     | Mode    | Bitwidth |
+---------------+---------+----------+
| starting_node | ap_none | 64       |
+---------------+---------+----------+

* TOP LEVEL CONTROL
+-----------+------------+-----------------------------------+
| Interface | Type       | Ports                             |
+-----------+------------+-----------------------------------+
| ap_clk    | clock      | ap_clk                            |
| ap_rst    | reset      | ap_rst                            |
| ap_ctrl   | ap_ctrl_hs | ap_done ap_idle ap_ready ap_start |
+-----------+------------+-----------------------------------+


================================================================
== SW I/O Information
================================================================
* Top Function Arguments
+---------------+-----------+--------------------+
| Argument      | Direction | Datatype           |
+---------------+-----------+--------------------+
| nodes         | in        | node_t_struct*     |
| edges         | in        | edge_t_struct*     |
| starting_node | in        | long unsigned int  |
| level         | inout     | signed char*       |
| level_counts  | inout     | long unsigned int* |
+---------------+-----------+--------------------+

* SW-to-HW Mapping
+---------------+-------------------------+---------+----------+
| Argument      | HW Interface            | HW Type | HW Usage |
+---------------+-------------------------+---------+----------+
| nodes         | nodes_address0          | port    | offset   |
| nodes         | nodes_ce0               | port    |          |
| nodes         | nodes_q0                | port    |          |
| edges         | edges_address0          | port    | offset   |
| edges         | edges_ce0               | port    |          |
| edges         | edges_q0                | port    |          |
| starting_node | starting_node           | port    |          |
| level         | level_0_address0        | port    | offset   |
| level         | level_0_ce0             | port    |          |
| level         | level_0_we0             | port    |          |
| level         | level_0_d0              | port    |          |
| level         | level_0_q0              | port    |          |
| level         | level_1_address0        | port    | offset   |
| level         | level_1_ce0             | port    |          |
| level         | level_1_we0             | port    |          |
| level         | level_1_d0              | port    |          |
| level         | level_1_q0              | port    |          |
| level_counts  | level_counts_0_address0 | port    | offset   |
| level_counts  | level_counts_0_ce0      | port    |          |
| level_counts  | level_counts_0_we0      | port    |          |
| level_counts  | level_counts_0_d0       | port    |          |
| level_counts  | level_counts_0_q0       | port    |          |
| level_counts  | level_counts_1_address0 | port    | offset   |
| level_counts  | level_counts_1_ce0      | port    |          |
| level_counts  | level_counts_1_we0      | port    |          |
| level_counts  | level_counts_1_d0       | port    |          |
| level_counts  | level_counts_1_q0       | port    |          |
+---------------+-------------------------+---------+----------+


================================================================
== Bind Op Report
================================================================
+-------------------------+-----+--------+------------+-----+--------+---------+
| Name                    | DSP | Pragma | Variable   | Op  | Impl   | Latency |
+-------------------------+-----+--------+------------+-----+--------+---------+
| + bfs                   | 0   |        |            |     |        |         |
|   n_2_fu_636_p2         | -   |        | n_2        | add | fabric | 0       |
|   cnt_5_fu_898_p2       | -   |        | cnt_5      | add | fabric | 0       |
|   e_3_fu_904_p2         | -   |        | e_3        | add | fabric | 0       |
|   mul_4ns_6ns_9_1_1_U4  | -   |        | mul_ln39   | mul | auto   | 0       |
|   mul_3ns_5ns_7_1_1_U5  | -   |        | mul_ln39_1 | mul | auto   | 0       |
|   add_ln21_fu_1050_p2   | -   |        | add_ln21   | add | fabric | 0       |
|   n_3_fu_1065_p2        | -   |        | n_3        | add | fabric | 0       |
|   cnt_8_fu_1327_p2      | -   |        | cnt_8      | add | fabric | 0       |
|   e_5_fu_1333_p2        | -   |        | e_5        | add | fabric | 0       |
|   mul_4ns_6ns_9_1_1_U12 | -   |        | mul_ln39_2 | mul | auto   | 0       |
|   mul_3ns_5ns_7_1_1_U10 | -   |        | mul_ln39_3 | mul | auto   | 0       |
+-------------------------+-----+--------+------------+-----+--------+---------+


================================================================
== Bind Storage Report
================================================================
  No bind storage info in design

================================================================
== Pragma Report
================================================================
* Valid Pragma Syntax
+--------------------+---------------------------------------------+---------------------------------------------------------------------------------------------+
| Type               | Options                                     | Location                                                                                    |
+--------------------+---------------------------------------------+---------------------------------------------------------------------------------------------+
| array_partition    | variable=level block factor=2 dim=1         | ../../../../dse_ds/MachSuite/random_ds/bfs/bulk/p1/script/dir_96.tcl:5 in bfs, level        |
| array_partition    | variable=level_counts block factor=2 dim=1  | ../../../../dse_ds/MachSuite/random_ds/bfs/bulk/p1/script/dir_96.tcl:7 in bfs, level_counts |
| array_reshape      | variable=level cyclic factor=2 dim=1        | ../../../../dse_ds/MachSuite/random_ds/bfs/bulk/p1/script/dir_96.tcl:6 in bfs, level        |
| array_reshape      | variable=level_counts block factor=2 dim=1  | ../../../../dse_ds/MachSuite/random_ds/bfs/bulk/p1/script/dir_96.tcl:8 in bfs, level_counts |
| array_reshape      | variable=nodes block factor=2 dim=1         | ../../../../dse_ds/MachSuite/random_ds/bfs/bulk/p1/script/dir_96.tcl:4 in bfs, nodes        |
| bind_op            | variable=cnt op=add impl=fabric latency=-1  | ../../../../dse_ds/MachSuite/random_ds/bfs/bulk/p1/script/dir_96.tcl:12 in bfs, cnt         |
| bind_op            | variable=e op=add impl=fabric latency=-1    | ../../../../dse_ds/MachSuite/random_ds/bfs/bulk/p1/script/dir_96.tcl:11 in bfs, e           |
| bind_op            | variable=horizon op=add impl=dsp latency=-1 | ../../../../dse_ds/MachSuite/random_ds/bfs/bulk/p1/script/dir_96.tcl:9 in bfs, horizon      |
| bind_op            | variable=n op=add impl=fabric latency=-1    | ../../../../dse_ds/MachSuite/random_ds/bfs/bulk/p1/script/dir_96.tcl:10 in bfs, n           |
| expression_balance | off                                         | ../../../../dse_ds/MachSuite/random_ds/bfs/bulk/p1/script/dir_96.tcl:1 in bfs               |
| pipeline           | off                                         | ../../../../dse_ds/MachSuite/random_ds/bfs/bulk/p1/script/dir_96.tcl:3 in bfs               |
| unroll             | factor=2                                    | ../../../../dse_ds/MachSuite/random_ds/bfs/bulk/p1/script/dir_96.tcl:2 in bfs               |
+--------------------+---------------------------------------------+---------------------------------------------------------------------------------------------+


