

================================================================
== Vitis HLS Report for 'bfs'
================================================================
* Date:           Mon Mar 10 00:15:52 2025

* Version:        2022.1 (Build 3526262 on Mon Apr 18 15:47:01 MDT 2022)
* Project:        bfs_random_prj_p1
* Solution:       solution (Vivado IP Flow Target)
* Product family: virtex7
* Target device:  xc7vx485t-ffg1761-2


================================================================
== Performance Estimates
================================================================
+ Timing: 
    * Summary: 
    +--------+----------+----------+------------+
    |  Clock |  Target  | Estimated| Uncertainty|
    +--------+----------+----------+------------+
    |ap_clk  |  10.00 ns|  6.237 ns|     2.70 ns|
    +--------+----------+----------+------------+

+ Latency: 
    * Summary: 
    +---------+---------+----------+----------+-----+-----+---------+
    |  Latency (cycles) |  Latency (absolute) |  Interval | Pipeline|
    |   min   |   max   |    min   |    max   | min | max |   Type  |
    +---------+---------+----------+----------+-----+-----+---------+
    |        ?|        ?|         ?|         ?|    ?|    ?|       no|
    +---------+---------+----------+----------+-----+-----+---------+

    + Detail: 
        * Instance: 
        +-----------------------------------------+------------------------------+---------+---------+----------+----------+-----+-----+---------+
        |                                         |                              |  Latency (cycles) |  Latency (absolute) |  Interval | Pipeline|
        |                 Instance                |            Module            |   min   |   max   |    min   |    max   | min | max |   Type  |
        +-----------------------------------------+------------------------------+---------+---------+----------+----------+-----+-----+---------+
        |grp_bfs_Pipeline_loop_neighbors_fu_315   |bfs_Pipeline_loop_neighbors   |        ?|        ?|         ?|         ?|    ?|    ?|       no|
        |grp_bfs_Pipeline_loop_neighbors1_fu_333  |bfs_Pipeline_loop_neighbors1  |        ?|        ?|         ?|         ?|    ?|    ?|       no|
        +-----------------------------------------+------------------------------+---------+---------+----------+----------+-----+-----+---------+

        * Loop: 
        +-----------------+---------+---------+----------+-----------+-----------+-------+----------+
        |                 |  Latency (cycles) | Iteration|  Initiation Interval  |  Trip |          |
        |    Loop Name    |   min   |   max   |  Latency |  achieved |   target  | Count | Pipelined|
        +-----------------+---------+---------+----------+-----------+-----------+-------+----------+
        |- loop_horizons  |        ?|        ?|         ?|          -|          -|  1 ~ 5|        no|
        | + loop_nodes    |        ?|        ?|         ?|          -|          -|    256|        no|
        | + loop_nodes    |        ?|        ?|         ?|          -|          -|    256|        no|
        +-----------------+---------+---------+----------+-----------+-----------+-------+----------+



================================================================
== Utilization Estimates
================================================================
* Summary: 
+-----------------+---------+------+--------+--------+-----+
|       Name      | BRAM_18K|  DSP |   FF   |   LUT  | URAM|
+-----------------+---------+------+--------+--------+-----+
|DSP              |        -|     -|       -|       -|    -|
|Expression       |        -|     -|       0|     232|    -|
|FIFO             |        -|     -|       -|       -|    -|
|Instance         |        -|     -|     412|     590|    -|
|Memory           |        -|     -|       -|       -|    -|
|Multiplexer      |        -|     -|       -|     416|    -|
|Register         |        -|     -|     530|       -|    -|
+-----------------+---------+------+--------+--------+-----+
|Total            |        0|     0|     942|    1238|    0|
+-----------------+---------+------+--------+--------+-----+
|Available        |     2060|  2800|  607200|  303600|    0|
+-----------------+---------+------+--------+--------+-----+
|Utilization (%)  |        0|     0|      ~0|      ~0|    0|
+-----------------+---------+------+--------+--------+-----+

+ Detail: 
    * Instance: 
    +-----------------------------------------+------------------------------+---------+----+-----+-----+-----+
    |                 Instance                |            Module            | BRAM_18K| DSP|  FF | LUT | URAM|
    +-----------------------------------------+------------------------------+---------+----+-----+-----+-----+
    |grp_bfs_Pipeline_loop_neighbors_fu_315   |bfs_Pipeline_loop_neighbors   |        0|   0|  206|  286|    0|
    |grp_bfs_Pipeline_loop_neighbors1_fu_333  |bfs_Pipeline_loop_neighbors1  |        0|   0|  206|  286|    0|
    |mux_21_8_1_1_U25                         |mux_21_8_1_1                  |        0|   0|    0|    9|    0|
    |mux_21_8_1_1_U26                         |mux_21_8_1_1                  |        0|   0|    0|    9|    0|
    +-----------------------------------------+------------------------------+---------+----+-----+-----+-----+
    |Total                                    |                              |        0|   0|  412|  590|    0|
    +-----------------------------------------+------------------------------+---------+----+-----+-----+-----+

    * DSP: 
    N/A

    * Memory: 
    N/A

    * FIFO: 
    N/A

    * Expression: 
    +-----------------------+----------+----+---+----+------------+------------+
    |     Variable Name     | Operation| DSP| FF| LUT| Bitwidth P0| Bitwidth P1|
    +-----------------------+----------+----+---+----+------------+------------+
    |add_ln21_fu_529_p2     |         +|   0|  0|  13|           4|           2|
    |add_ln39_fu_569_p2     |         +|   0|  0|  14|           7|           5|
    |n_2_fu_436_p2          |         +|   0|  0|  16|           9|           1|
    |n_3_fu_540_p2          |         +|   0|  0|  16|           9|           1|
    |icmp_ln21_fu_410_p2    |      icmp|   0|  0|   9|           4|           4|
    |icmp_ln24_1_fu_534_p2  |      icmp|   0|  0|  11|           9|          10|
    |icmp_ln24_fu_430_p2    |      icmp|   0|  0|  11|           9|          10|
    |icmp_ln25_1_fu_609_p2  |      icmp|   0|  0|  11|           8|           8|
    |icmp_ln25_fu_491_p2    |      icmp|   0|  0|  11|           8|           8|
    |icmp_ln28_1_fu_619_p2  |      icmp|   0|  0|  29|          64|          64|
    |icmp_ln28_fu_501_p2    |      icmp|   0|  0|  29|          64|          64|
    |icmp_ln39_1_fu_642_p2  |      icmp|   0|  0|  29|          64|           1|
    |icmp_ln39_fu_523_p2    |      icmp|   0|  0|  29|          64|           1|
    |conv20_fu_420_p2       |        or|   0|  0|   4|           4|           1|
    +-----------------------+----------+----+---+----+------------+------------+
    |Total                  |          |   0|  0| 232|         327|         180|
    +-----------------------+----------+----+---+----+------------+------------+

    * Multiplexer: 
    +--------------------------------+----+-----------+-----+-----------+
    |              Name              | LUT| Input Size| Bits| Total Bits|
    +--------------------------------+----+-----------+-----+-----------+
    |ap_NS_fsm                       |  81|         17|    1|         17|
    |ap_phi_mux_cnt_5_phi_fu_304_p6  |   9|          2|   64|        128|
    |cnt_1_reg_276                   |   9|          2|   64|        128|
    |cnt_3_reg_261                   |   9|          2|   64|        128|
    |cnt_5_reg_300                   |   9|          2|   64|        128|
    |cnt_reg_237                     |   9|          2|   64|        128|
    |edges_0_address0                |  13|          3|   11|         33|
    |edges_0_ce0                     |  13|          3|    1|          3|
    |edges_1_address0                |  13|          3|   11|         33|
    |edges_1_ce0                     |  13|          3|    1|          3|
    |horizon_fu_116                  |   9|          2|    4|          8|
    |level_0_address0                |  25|          6|    7|         42|
    |level_0_ce0                     |  17|          4|    1|          4|
    |level_0_d0                      |  17|          4|    8|         32|
    |level_0_we0                     |  17|          4|    1|          4|
    |level_1_address0                |  25|          6|    7|         42|
    |level_1_ce0                     |  17|          4|    1|          4|
    |level_1_d0                      |  17|          4|    8|         32|
    |level_1_we0                     |  17|          4|    1|          4|
    |level_counts_address0           |  29|          7|    3|         21|
    |level_counts_d0                 |  17|          4|  128|        512|
    |n_1_reg_288                     |   9|          2|    9|         18|
    |n_reg_249                       |   9|          2|    9|         18|
    |nodes_address0                  |  13|          3|    8|         24|
    +--------------------------------+----+-----------+-----+-----------+
    |Total                           | 416|         95|  540|       1494|
    +--------------------------------+----+-----------+-----+-----------+

    * Register: 
    +------------------------------------------------------+----+----+-----+-----------+
    |                         Name                         | FF | LUT| Bits| Const Bits|
    +------------------------------------------------------+----+----+-----+-----------+
    |add_ln21_reg_747                                      |   4|   0|    4|          0|
    |ap_CS_fsm                                             |  16|   0|   16|          0|
    |cnt_1_reg_276                                         |  64|   0|   64|          0|
    |cnt_3_reg_261                                         |  64|   0|   64|          0|
    |cnt_5_reg_300                                         |  64|   0|   64|          0|
    |cnt_reg_237                                           |  64|   0|   64|          0|
    |conv20_reg_691                                        |   3|   0|    4|          1|
    |grp_bfs_Pipeline_loop_neighbors1_fu_333_ap_start_reg  |   1|   0|    1|          0|
    |grp_bfs_Pipeline_loop_neighbors_fu_315_ap_start_reg   |   1|   0|    1|          0|
    |horizon_fu_116                                        |   4|   0|    4|          0|
    |icmp_ln21_reg_682                                     |   1|   0|    1|          0|
    |icmp_ln25_1_reg_776                                   |   1|   0|    1|          0|
    |icmp_ln28_1_reg_790                                   |   1|   0|    1|          0|
    |icmp_ln39_reg_743                                     |   1|   0|    1|          0|
    |level_counts_addr_1_reg_719                           |   3|   0|    3|          0|
    |level_counts_addr_2_reg_771                           |   3|   0|    3|          0|
    |n_1_reg_288                                           |   9|   0|    9|          0|
    |n_2_reg_704                                           |   9|   0|    9|          0|
    |n_3_reg_756                                           |   9|   0|    9|          0|
    |n_reg_249                                             |   9|   0|    9|          0|
    |reg_363                                               |  64|   0|   64|          0|
    |tmp_begin_1_reg_785                                   |  64|   0|   64|          0|
    |tmp_begin_reg_732                                     |  64|   0|   64|          0|
    |zext_ln21_reg_686                                     |   4|   0|    8|          4|
    |zext_ln24_reg_696                                     |   3|   0|    8|          5|
    +------------------------------------------------------+----+----+-----+-----------+
    |Total                                                 | 530|   0|  540|         10|
    +------------------------------------------------------+----+----+-----+-----------+



================================================================
== Interface
================================================================
* Summary: 
+-----------------------+-----+-----+------------+---------------+--------------+
|       RTL Ports       | Dir | Bits|  Protocol  | Source Object |    C Type    |
+-----------------------+-----+-----+------------+---------------+--------------+
|ap_clk                 |   in|    1|  ap_ctrl_hs|            bfs|  return value|
|ap_rst                 |   in|    1|  ap_ctrl_hs|            bfs|  return value|
|ap_start               |   in|    1|  ap_ctrl_hs|            bfs|  return value|
|ap_done                |  out|    1|  ap_ctrl_hs|            bfs|  return value|
|ap_idle                |  out|    1|  ap_ctrl_hs|            bfs|  return value|
|ap_ready               |  out|    1|  ap_ctrl_hs|            bfs|  return value|
|nodes_address0         |  out|    8|   ap_memory|          nodes|         array|
|nodes_ce0              |  out|    1|   ap_memory|          nodes|         array|
|nodes_q0               |   in|  128|   ap_memory|          nodes|         array|
|edges_0_address0       |  out|   11|   ap_memory|        edges_0|         array|
|edges_0_ce0            |  out|    1|   ap_memory|        edges_0|         array|
|edges_0_q0             |   in|   64|   ap_memory|        edges_0|         array|
|edges_1_address0       |  out|   11|   ap_memory|        edges_1|         array|
|edges_1_ce0            |  out|    1|   ap_memory|        edges_1|         array|
|edges_1_q0             |   in|   64|   ap_memory|        edges_1|         array|
|starting_node          |   in|   64|     ap_none|  starting_node|        scalar|
|level_0_address0       |  out|    7|   ap_memory|        level_0|         array|
|level_0_ce0            |  out|    1|   ap_memory|        level_0|         array|
|level_0_we0            |  out|    1|   ap_memory|        level_0|         array|
|level_0_d0             |  out|    8|   ap_memory|        level_0|         array|
|level_0_q0             |   in|    8|   ap_memory|        level_0|         array|
|level_1_address0       |  out|    7|   ap_memory|        level_1|         array|
|level_1_ce0            |  out|    1|   ap_memory|        level_1|         array|
|level_1_we0            |  out|    1|   ap_memory|        level_1|         array|
|level_1_d0             |  out|    8|   ap_memory|        level_1|         array|
|level_1_q0             |   in|    8|   ap_memory|        level_1|         array|
|level_counts_address0  |  out|    3|   ap_memory|   level_counts|         array|
|level_counts_ce0       |  out|    1|   ap_memory|   level_counts|         array|
|level_counts_we0       |  out|    1|   ap_memory|   level_counts|         array|
|level_counts_d0        |  out|  128|   ap_memory|   level_counts|         array|
|level_counts_q0        |   in|  128|   ap_memory|   level_counts|         array|
+-----------------------+-----+-----+------------+---------------+--------------+

