

================================================================
== Vitis HLS Report for 'bfs'
================================================================
* Date:           Mon Mar 10 00:18:57 2025

* Version:        2022.1 (Build 3526262 on Mon Apr 18 15:47:01 MDT 2022)
* Project:        bfs_random_prj_p1
* Solution:       solution (Vivado IP Flow Target)
* Product family: virtex7
* Target device:  xc7vx485t-ffg1761-2


================================================================
== Performance Estimates
================================================================
+ Timing: 
    * Summary: 
    +--------+----------+----------+------------+
    |  Clock |  Target  | Estimated| Uncertainty|
    +--------+----------+----------+------------+
    |ap_clk  |  10.00 ns|  7.139 ns|     2.70 ns|
    +--------+----------+----------+------------+

+ Latency: 
    * Summary: 
    +---------+---------+----------+----------+-----+-----+---------+
    |  Latency (cycles) |  Latency (absolute) |  Interval | Pipeline|
    |   min   |   max   |    min   |    max   | min | max |   Type  |
    +---------+---------+----------+----------+-----+-----+---------+
    |        ?|        ?|         ?|         ?|    ?|    ?|       no|
    +---------+---------+----------+----------+-----+-----+---------+

    + Detail: 
        * Instance: 
        +-----------------------------------------+------------------------------+---------+---------+----------+----------+-----+-----+---------+
        |                                         |                              |  Latency (cycles) |  Latency (absolute) |  Interval | Pipeline|
        |                 Instance                |            Module            |   min   |   max   |    min   |    max   | min | max |   Type  |
        +-----------------------------------------+------------------------------+---------+---------+----------+----------+-----+-----+---------+
        |grp_bfs_Pipeline_loop_neighbors_fu_253   |bfs_Pipeline_loop_neighbors   |        ?|        ?|         ?|         ?|    ?|    ?|       no|
        |grp_bfs_Pipeline_loop_neighbors1_fu_270  |bfs_Pipeline_loop_neighbors1  |        ?|        ?|         ?|         ?|    ?|    ?|       no|
        +-----------------------------------------+------------------------------+---------+---------+----------+----------+-----+-----+---------+

        * Loop: 
        +-----------------+---------+---------+----------+-----------+-----------+------+----------+
        |                 |  Latency (cycles) | Iteration|  Initiation Interval  | Trip |          |
        |    Loop Name    |   min   |   max   |  Latency |  achieved |   target  | Count| Pipelined|
        +-----------------+---------+---------+----------+-----------+-----------+------+----------+
        |- loop_horizons  |        ?|        ?|         ?|          -|          -|     ?|        no|
        | + loop_nodes    |        ?|        ?|         ?|          -|          -|   128|        no|
        +-----------------+---------+---------+----------+-----------+-----------+------+----------+



================================================================
== Utilization Estimates
================================================================
* Summary: 
+-----------------+---------+------+--------+--------+-----+
|       Name      | BRAM_18K|  DSP |   FF   |   LUT  | URAM|
+-----------------+---------+------+--------+--------+-----+
|DSP              |        -|     -|       -|       -|    -|
|Expression       |        -|     -|       0|    3551|    -|
|FIFO             |        -|     -|       -|       -|    -|
|Instance         |        -|     9|    3002|    5098|    -|
|Memory           |        -|     -|       -|       -|    -|
|Multiplexer      |        -|     -|       -|     666|    -|
|Register         |        -|     -|     966|       -|    -|
+-----------------+---------+------+--------+--------+-----+
|Total            |        0|     9|    3968|    9315|    0|
+-----------------+---------+------+--------+--------+-----+
|Available        |     2060|  2800|  607200|  303600|    0|
+-----------------+---------+------+--------+--------+-----+
|Utilization (%)  |        0|    ~0|      ~0|       3|    0|
+-----------------+---------+------+--------+--------+-----+

+ Detail: 
    * Instance: 
    +-----------------------------------------+------------------------------+---------+----+-----+------+-----+
    |                 Instance                |            Module            | BRAM_18K| DSP|  FF |  LUT | URAM|
    +-----------------------------------------+------------------------------+---------+----+-----+------+-----+
    |grp_bfs_Pipeline_loop_neighbors_fu_253   |bfs_Pipeline_loop_neighbors   |        0|   0|  931|  2225|    0|
    |grp_bfs_Pipeline_loop_neighbors1_fu_270  |bfs_Pipeline_loop_neighbors1  |        0|   0|  931|  2225|    0|
    |mul_64ns_66ns_125_2_1_U25                |mul_64ns_66ns_125_2_1         |        0|   9|  361|   179|    0|
    |urem_64ns_4ns_64_68_seq_1_U24            |urem_64ns_4ns_64_68_seq_1     |        0|   0|  779|   469|    0|
    +-----------------------------------------+------------------------------+---------+----+-----+------+-----+
    |Total                                    |                              |        0|   9| 3002|  5098|    0|
    +-----------------------------------------+------------------------------+---------+----+-----+------+-----+

    * DSP: 
    N/A

    * Memory: 
    N/A

    * FIFO: 
    N/A

    * Expression: 
    +-------------------------+----------+----+---+-----+------------+------------+
    |      Variable Name      | Operation| DSP| FF| LUT | Bitwidth P0| Bitwidth P1|
    +-------------------------+----------+----+---+-----+------------+------------+
    |add_ln21_fu_320_p2       |         +|   0|  0|   71|          64|           1|
    |empty_fu_326_p2          |         +|   0|  0|   15|           8|           1|
    |n_2_fu_516_p2            |         +|   0|  0|   16|           9|           2|
    |and_ln39_1_fu_562_p2     |       and|   0|  0|  128|         128|         128|
    |and_ln39_fu_596_p2       |       and|   0|  0|    2|           1|           1|
    |icmp_ln21_fu_591_p2      |      icmp|   0|  0|   29|          64|           4|
    |icmp_ln25_1_fu_453_p2    |      icmp|   0|  0|   29|          64|          64|
    |icmp_ln25_fu_367_p2      |      icmp|   0|  0|   29|          64|          64|
    |icmp_ln28_2_fu_497_p2    |      icmp|   0|  0|   29|          64|          64|
    |icmp_ln28_fu_411_p2      |      icmp|   0|  0|   29|          64|          64|
    |icmp_ln39_fu_585_p2      |      icmp|   0|  0|   29|          64|           1|
    |lshr_ln26_1_fu_475_p2    |      lshr|   0|  0|  950|         256|         256|
    |lshr_ln26_fu_389_p2      |      lshr|   0|  0|  950|         256|         256|
    |n_1_fu_430_p2            |        or|   0|  0|    8|           8|           1|
    |or_ln16_fu_440_p2        |        or|   0|  0|    7|           7|           1|
    |or_ln39_fu_578_p2        |        or|   0|  0|  128|         128|         128|
    |select_ln28_1_fu_509_p3  |    select|   0|  0|   64|           1|          64|
    |select_ln28_fu_423_p3    |    select|   0|  0|   64|           1|          64|
    |shl_ln39_1_fu_572_p2     |       shl|   0|  0|  423|         128|         128|
    |shl_ln39_fu_550_p2       |       shl|   0|  0|  423|          64|         128|
    |xor_ln39_fu_556_p2       |       xor|   0|  0|  128|         128|           2|
    +-------------------------+----------+----+---+-----+------------+------------+
    |Total                    |          |   0|  0| 3551|        1571|        1422|
    +-------------------------+----------+----+---+-----+------------+------------+

    * Multiplexer: 
    +-----------------------+-----+-----------+-----+-----------+
    |          Name         | LUT | Input Size| Bits| Total Bits|
    +-----------------------+-----+-----------+-----+-----------+
    |ap_NS_fsm              |  390|         82|    1|         82|
    |cnt_1_reg_224          |    9|          2|   64|        128|
    |cnt_2_reg_238          |   13|          3|   64|        192|
    |cnt_reg_200            |    9|          2|   64|        128|
    |edges_0_address0       |   13|          3|   10|         30|
    |edges_0_address1       |   13|          3|   10|         30|
    |edges_0_ce0            |   13|          3|    1|          3|
    |edges_0_ce1            |   13|          3|    1|          3|
    |edges_1_address0       |   13|          3|   10|         30|
    |edges_1_address1       |   13|          3|   10|         30|
    |edges_1_ce0            |   13|          3|    1|          3|
    |edges_1_ce1            |   13|          3|    1|          3|
    |horizon_fu_100         |    9|          2|   64|        128|
    |level_address0         |   25|          6|    8|         48|
    |level_ce0              |   17|          4|    1|          4|
    |level_counts_address0  |   21|          5|    3|         15|
    |level_counts_d0        |   13|          3|  128|        384|
    |level_d0               |   17|          4|    8|         32|
    |level_we0              |   17|          4|    1|          4|
    |n_reg_212              |    9|          2|    9|         18|
    |nodes_address0         |   13|          3|    7|         21|
    +-----------------------+-----+-----------+-----+-----------+
    |Total                  |  666|        146|  466|       1316|
    +-----------------------+-----+-----------+-----+-----------+

    * Register: 
    +------------------------------------------------------+----+----+-----+-----------+
    |                         Name                         | FF | LUT| Bits| Const Bits|
    +------------------------------------------------------+----+----+-----+-----------+
    |add_ln21_reg_645                                      |  64|   0|   64|          0|
    |ap_CS_fsm                                             |  81|   0|   81|          0|
    |cnt_1_0_loc_fu_116                                    |  64|   0|   64|          0|
    |cnt_1_reg_224                                         |  64|   0|   64|          0|
    |cnt_2_0_loc_fu_112                                    |  64|   0|   64|          0|
    |cnt_2_reg_238                                         |  64|   0|   64|          0|
    |cnt_5_0_loc_fu_108                                    |  64|   0|   64|          0|
    |cnt_8_0_loc_fu_104                                    |  64|   0|   64|          0|
    |cnt_reg_200                                           |  64|   0|   64|          0|
    |empty_reg_653                                         |   8|   0|    8|          0|
    |grp_bfs_Pipeline_loop_neighbors1_fu_270_ap_start_reg  |   1|   0|    1|          0|
    |grp_bfs_Pipeline_loop_neighbors_fu_253_ap_start_reg   |   1|   0|    1|          0|
    |horizon_fu_100                                        |  64|   0|   64|          0|
    |icmp_ln25_1_reg_715                                   |   1|   0|    1|          0|
    |icmp_ln25_reg_677                                     |   1|   0|    1|          0|
    |icmp_ln28_2_reg_734                                   |   1|   0|    1|          0|
    |icmp_ln28_reg_696                                     |   1|   0|    1|          0|
    |level_counts_addr_1_reg_763                           |   3|   0|    3|          0|
    |n_2_reg_748                                           |   9|   0|    9|          0|
    |n_reg_212                                             |   9|   0|    9|          0|
    |targetBlock2_reg_738                                  |   1|   0|    1|          0|
    |targetBlock_reg_700                                   |   1|   0|    1|          0|
    |tmp_5_reg_758                                         |   1|   0|    1|          0|
    |tmp_begin_1_reg_724                                   |  64|   0|   64|          0|
    |tmp_begin_reg_686                                     |  64|   0|   64|          0|
    |tmp_end_1_reg_729                                     |  64|   0|   64|          0|
    |tmp_end_reg_691                                       |  64|   0|   64|          0|
    |trunc_ln24_1_reg_672                                  |   8|   0|    8|          0|
    |trunc_ln24_reg_667                                    |   7|   0|    7|          0|
    +------------------------------------------------------+----+----+-----+-----------+
    |Total                                                 | 966|   0|  966|          0|
    +------------------------------------------------------+----+----+-----+-----------+



================================================================
== Interface
================================================================
* Summary: 
+-----------------------+-----+-----+------------+---------------+--------------+
|       RTL Ports       | Dir | Bits|  Protocol  | Source Object |    C Type    |
+-----------------------+-----+-----+------------+---------------+--------------+
|ap_clk                 |   in|    1|  ap_ctrl_hs|            bfs|  return value|
|ap_rst                 |   in|    1|  ap_ctrl_hs|            bfs|  return value|
|ap_start               |   in|    1|  ap_ctrl_hs|            bfs|  return value|
|ap_done                |  out|    1|  ap_ctrl_hs|            bfs|  return value|
|ap_idle                |  out|    1|  ap_ctrl_hs|            bfs|  return value|
|ap_ready               |  out|    1|  ap_ctrl_hs|            bfs|  return value|
|nodes_address0         |  out|    7|   ap_memory|          nodes|         array|
|nodes_ce0              |  out|    1|   ap_memory|          nodes|         array|
|nodes_q0               |   in|  256|   ap_memory|          nodes|         array|
|edges_0_address0       |  out|   10|   ap_memory|        edges_0|         array|
|edges_0_ce0            |  out|    1|   ap_memory|        edges_0|         array|
|edges_0_q0             |   in|  128|   ap_memory|        edges_0|         array|
|edges_0_address1       |  out|   10|   ap_memory|        edges_0|         array|
|edges_0_ce1            |  out|    1|   ap_memory|        edges_0|         array|
|edges_0_q1             |   in|  128|   ap_memory|        edges_0|         array|
|edges_1_address0       |  out|   10|   ap_memory|        edges_1|         array|
|edges_1_ce0            |  out|    1|   ap_memory|        edges_1|         array|
|edges_1_q0             |   in|  128|   ap_memory|        edges_1|         array|
|edges_1_address1       |  out|   10|   ap_memory|        edges_1|         array|
|edges_1_ce1            |  out|    1|   ap_memory|        edges_1|         array|
|edges_1_q1             |   in|  128|   ap_memory|        edges_1|         array|
|starting_node          |   in|   64|     ap_none|  starting_node|        scalar|
|level_address0         |  out|    8|   ap_memory|          level|         array|
|level_ce0              |  out|    1|   ap_memory|          level|         array|
|level_we0              |  out|    1|   ap_memory|          level|         array|
|level_d0               |  out|    8|   ap_memory|          level|         array|
|level_q0               |   in|    8|   ap_memory|          level|         array|
|level_counts_address0  |  out|    3|   ap_memory|   level_counts|         array|
|level_counts_ce0       |  out|    1|   ap_memory|   level_counts|         array|
|level_counts_we0       |  out|    1|   ap_memory|   level_counts|         array|
|level_counts_d0        |  out|  128|   ap_memory|   level_counts|         array|
|level_counts_q0        |   in|  128|   ap_memory|   level_counts|         array|
+-----------------------+-----+-----+------------+---------------+--------------+

