

================================================================
== Vitis HLS Report for 'bfs'
================================================================
* Date:           Mon Mar 10 00:15:20 2025

* Version:        2022.1 (Build 3526262 on Mon Apr 18 15:47:01 MDT 2022)
* Project:        bfs_random_prj_p1
* Solution:       solution (Vivado IP Flow Target)
* Product family: virtex7
* Target device:  xc7vx485t-ffg1761-2


================================================================
== Performance Estimates
================================================================
+ Timing: 
    * Summary: 
    +--------+----------+----------+------------+
    |  Clock |  Target  | Estimated| Uncertainty|
    +--------+----------+----------+------------+
    |ap_clk  |  10.00 ns|  6.900 ns|     2.70 ns|
    +--------+----------+----------+------------+

+ Latency: 
    * Summary: 
    +---------+---------+----------+----------+-----+-----+---------+
    |  Latency (cycles) |  Latency (absolute) |  Interval | Pipeline|
    |   min   |   max   |    min   |    max   | min | max |   Type  |
    +---------+---------+----------+----------+-----+-----+---------+
    |        ?|        ?|         ?|         ?|    ?|    ?|       no|
    +---------+---------+----------+----------+-----+-----+---------+

    + Detail: 
        * Instance: 
        +-----------------------------------------+------------------------------+---------+---------+----------+----------+-----+-----+---------+
        |                                         |                              |  Latency (cycles) |  Latency (absolute) |  Interval | Pipeline|
        |                 Instance                |            Module            |   min   |   max   |    min   |    max   | min | max |   Type  |
        +-----------------------------------------+------------------------------+---------+---------+----------+----------+-----+-----+---------+
        |grp_bfs_Pipeline_loop_neighbors_fu_416   |bfs_Pipeline_loop_neighbors   |        ?|        ?|         ?|         ?|    ?|    ?|       no|
        |grp_bfs_Pipeline_loop_neighbors1_fu_435  |bfs_Pipeline_loop_neighbors1  |        ?|        ?|         ?|         ?|    ?|    ?|       no|
        |grp_bfs_Pipeline_loop_neighbors2_fu_454  |bfs_Pipeline_loop_neighbors2  |        ?|        ?|         ?|         ?|    ?|    ?|       no|
        |grp_bfs_Pipeline_loop_neighbors3_fu_473  |bfs_Pipeline_loop_neighbors3  |        ?|        ?|         ?|         ?|    ?|    ?|       no|
        +-----------------------------------------+------------------------------+---------+---------+----------+----------+-----+-----+---------+

        * Loop: 
        +-----------------+---------+---------+----------+-----------+-----------+-------+----------+
        |                 |  Latency (cycles) | Iteration|  Initiation Interval  |  Trip |          |
        |    Loop Name    |   min   |   max   |  Latency |  achieved |   target  | Count | Pipelined|
        +-----------------+---------+---------+----------+-----------+-----------+-------+----------+
        |- loop_horizons  |        ?|        ?|         ?|          -|          -|  1 ~ 5|        no|
        | + loop_nodes    |        ?|        ?|         ?|          -|          -|    128|        no|
        | + loop_nodes    |        ?|        ?|         ?|          -|          -|    128|        no|
        +-----------------+---------+---------+----------+-----------+-----------+-------+----------+



================================================================
== Utilization Estimates
================================================================
* Summary: 
+-----------------+---------+------+--------+--------+-----+
|       Name      | BRAM_18K|  DSP |   FF   |   LUT  | URAM|
+-----------------+---------+------+--------+--------+-----+
|DSP              |        -|     -|       -|       -|    -|
|Expression       |        -|     -|       0|    7091|    -|
|FIFO             |        -|     -|       -|       -|    -|
|Instance         |        -|     -|    2172|    4456|    -|
|Memory           |        -|     -|       -|       -|    -|
|Multiplexer      |        -|     -|       -|     687|    -|
|Register         |        -|     -|    1549|       -|    -|
+-----------------+---------+------+--------+--------+-----+
|Total            |        0|     0|    3721|   12234|    0|
+-----------------+---------+------+--------+--------+-----+
|Available        |     2060|  2800|  607200|  303600|    0|
+-----------------+---------+------+--------+--------+-----+
|Utilization (%)  |        0|     0|      ~0|       4|    0|
+-----------------+---------+------+--------+--------+-----+

+ Detail: 
    * Instance: 
    +-----------------------------------------+------------------------------+---------+----+-----+------+-----+
    |                 Instance                |            Module            | BRAM_18K| DSP|  FF |  LUT | URAM|
    +-----------------------------------------+------------------------------+---------+----+-----+------+-----+
    |grp_bfs_Pipeline_loop_neighbors_fu_416   |bfs_Pipeline_loop_neighbors   |        0|   0|  543|  1114|    0|
    |grp_bfs_Pipeline_loop_neighbors1_fu_435  |bfs_Pipeline_loop_neighbors1  |        0|   0|  543|  1114|    0|
    |grp_bfs_Pipeline_loop_neighbors2_fu_454  |bfs_Pipeline_loop_neighbors2  |        0|   0|  543|  1114|    0|
    |grp_bfs_Pipeline_loop_neighbors3_fu_473  |bfs_Pipeline_loop_neighbors3  |        0|   0|  543|  1114|    0|
    +-----------------------------------------+------------------------------+---------+----+-----+------+-----+
    |Total                                    |                              |        0|   0| 2172|  4456|    0|
    +-----------------------------------------+------------------------------+---------+----+-----+------+-----+

    * DSP: 
    N/A

    * Memory: 
    N/A

    * FIFO: 
    N/A

    * Expression: 
    +--------------------------+----------+----+---+-----+------------+------------+
    |       Variable Name      | Operation| DSP| FF| LUT | Bitwidth P0| Bitwidth P1|
    +--------------------------+----------+----+---+-----+------------+------------+
    |add_ln21_fu_913_p2        |         +|   0|  0|   13|           4|           2|
    |add_ln39_fu_941_p2        |         +|   0|  0|   11|           3|           1|
    |n_2_fu_842_p2             |         +|   0|  0|   16|           9|           2|
    |n_3_fu_1142_p2            |         +|   0|  0|   16|           9|           2|
    |and_ln18_1_fu_551_p2      |       and|   0|  0|   16|          16|          16|
    |and_ln18_fu_581_p2        |       and|   0|  0|   16|          16|          16|
    |and_ln39_1_fu_1171_p2     |       and|   0|  0|  128|         128|         128|
    |and_ln39_fu_884_p2        |       and|   0|  0|  128|         128|         128|
    |icmp_ln21_fu_609_p2       |      icmp|   0|  0|    9|           4|           4|
    |icmp_ln25_1_fu_999_p2     |      icmp|   0|  0|   11|           8|           8|
    |icmp_ln25_2_fu_775_p2     |      icmp|   0|  0|   11|           8|           8|
    |icmp_ln25_3_fu_1074_p2    |      icmp|   0|  0|   11|           8|           8|
    |icmp_ln25_fu_700_p2       |      icmp|   0|  0|   11|           8|           8|
    |icmp_ln28_2_fu_1042_p2    |      icmp|   0|  0|   29|          64|          64|
    |icmp_ln28_3_fu_823_p2     |      icmp|   0|  0|   29|          64|          64|
    |icmp_ln28_4_fu_1122_p2    |      icmp|   0|  0|   29|          64|          64|
    |icmp_ln28_fu_743_p2       |      icmp|   0|  0|   29|          64|          64|
    |icmp_ln39_1_fu_1194_p2    |      icmp|   0|  0|   29|          64|           1|
    |icmp_ln39_fu_907_p2       |      icmp|   0|  0|   29|          64|           1|
    |lshr_ln25_1_fu_765_p2     |      lshr|   0|  0|   35|          16|          16|
    |lshr_ln25_2_fu_989_p2     |      lshr|   0|  0|   35|          16|          16|
    |lshr_ln25_3_fu_1064_p2    |      lshr|   0|  0|   35|          16|          16|
    |lshr_ln25_fu_690_p2       |      lshr|   0|  0|   35|          16|          16|
    |lshr_ln26_1_fu_801_p2     |      lshr|   0|  0|  950|         256|         256|
    |lshr_ln26_2_fu_1020_p2    |      lshr|   0|  0|  950|         256|         256|
    |lshr_ln26_3_fu_1100_p2    |      lshr|   0|  0|  950|         256|         256|
    |lshr_ln26_fu_721_p2       |      lshr|   0|  0|  950|         256|         256|
    |conv20_fu_619_p2          |        or|   0|  0|    4|           4|           1|
    |level_counts_1_d0         |        or|   0|  0|  128|         128|         128|
    |or_ln26_1_fu_1079_p2      |        or|   0|  0|    7|           7|           1|
    |or_ln26_fu_780_p2         |        or|   0|  0|    7|           7|           1|
    |or_ln39_1_fu_1187_p2      |        or|   0|  0|  128|         128|         128|
    |select_ln28_1_fu_835_p3   |    select|   0|  0|   64|           1|          64|
    |select_ln28_2_fu_1054_p3  |    select|   0|  0|   64|           1|          64|
    |select_ln28_3_fu_1134_p3  |    select|   0|  0|   64|           1|          64|
    |select_ln28_fu_755_p3     |    select|   0|  0|   64|           1|          64|
    |shl_ln18_1_fu_539_p2      |       shl|   0|  0|   35|           8|          16|
    |shl_ln18_fu_569_p2        |       shl|   0|  0|   35|           8|          16|
    |shl_ln39_2_fu_894_p2      |       shl|   0|  0|  423|         128|         128|
    |shl_ln39_3_fu_1159_p2     |       shl|   0|  0|  423|          64|         128|
    |shl_ln39_4_fu_1181_p2     |       shl|   0|  0|  423|         128|         128|
    |shl_ln39_fu_872_p2        |       shl|   0|  0|  423|          64|         128|
    |xor_ln18_1_fu_545_p2      |       xor|   0|  0|   16|          16|           2|
    |xor_ln18_fu_575_p2        |       xor|   0|  0|   16|          16|           2|
    |xor_ln39_1_fu_1165_p2     |       xor|   0|  0|  128|         128|           2|
    |xor_ln39_fu_878_p2        |       xor|   0|  0|  128|         128|           2|
    +--------------------------+----------+----+---+-----+------------+------------+
    |Total                     |          |   0|  0| 7091|        2787|        2744|
    +--------------------------+----------+----+---+-----+------------+------------+

    * Multiplexer: 
    +--------------------------------+-----+-----------+-----+-----------+
    |              Name              | LUT | Input Size| Bits| Total Bits|
    +--------------------------------+-----+-----------+-----+-----------+
    |ap_NS_fsm                       |  129|         26|    1|         26|
    |ap_phi_mux_cnt_5_phi_fu_405_p6  |    9|          2|   64|        128|
    |cnt_1_reg_363                   |    9|          2|   64|        128|
    |cnt_2_reg_334                   |    9|          2|   64|        128|
    |cnt_3_reg_387                   |    9|          2|   64|        128|
    |cnt_4_reg_348                   |   13|          3|   64|        192|
    |cnt_5_reg_401                   |   13|          3|   64|        192|
    |cnt_reg_310                     |    9|          2|   64|        128|
    |edges_0_address0                |   21|          5|   11|         55|
    |edges_0_address1                |   21|          5|   11|         55|
    |edges_0_ce0                     |   21|          5|    1|          5|
    |edges_0_ce1                     |   21|          5|    1|          5|
    |edges_1_address0                |   21|          5|   11|         55|
    |edges_1_address1                |   21|          5|   11|         55|
    |edges_1_ce0                     |   21|          5|    1|          5|
    |edges_1_ce1                     |   21|          5|    1|          5|
    |horizon_fu_170                  |    9|          2|    4|          8|
    |level_0_address0                |   37|          9|    6|         54|
    |level_0_ce0                     |   25|          6|    1|          6|
    |level_0_d0                      |   25|          6|   16|         96|
    |level_0_we0                     |   25|          6|    1|          6|
    |level_1_address0                |   37|          9|    6|         54|
    |level_1_ce0                     |   25|          6|    1|          6|
    |level_1_d0                      |   25|          6|   16|         96|
    |level_1_we0                     |   25|          6|    1|          6|
    |level_counts_0_address0         |   21|          5|    2|         10|
    |level_counts_0_d0               |   13|          3|  128|        384|
    |level_counts_1_address0         |   13|          3|    2|          6|
    |n_1_reg_375                     |    9|          2|    9|         18|
    |n_reg_322                       |    9|          2|    9|         18|
    |nodes_address0                  |   21|          5|    7|         35|
    +--------------------------------+-----+-----------+-----+-----------+
    |Total                           |  687|        158|  706|       2093|
    +--------------------------------+-----+-----------+-----+-----------+

    * Register: 
    +------------------------------------------------------+----+----+-----+-----------+
    |                         Name                         | FF | LUT| Bits| Const Bits|
    +------------------------------------------------------+----+----+-----+-----------+
    |add_ln21_reg_1432                                     |   4|   0|    4|          0|
    |and_ln1_reg_1342                                      |   1|   0|    4|          3|
    |and_ln25_1_reg_1473                                   |   1|   0|    4|          3|
    |ap_CS_fsm                                             |  25|   0|   25|          0|
    |cnt_11_0_loc_fu_146                                   |  64|   0|   64|          0|
    |cnt_13_0_loc_fu_142                                   |  64|   0|   64|          0|
    |cnt_14_0_loc_fu_154                                   |  64|   0|   64|          0|
    |cnt_17_0_loc_fu_138                                   |  64|   0|   64|          0|
    |cnt_1_reg_363                                         |  64|   0|   64|          0|
    |cnt_2_0_loc_fu_162                                    |  64|   0|   64|          0|
    |cnt_2_reg_334                                         |  64|   0|   64|          0|
    |cnt_3_reg_387                                         |  64|   0|   64|          0|
    |cnt_4_0_loc_fu_166                                    |  64|   0|   64|          0|
    |cnt_4_reg_348                                         |  64|   0|   64|          0|
    |cnt_5_reg_401                                         |  64|   0|   64|          0|
    |cnt_6_0_loc_fu_150                                    |  64|   0|   64|          0|
    |cnt_8_0_loc_fu_158                                    |  64|   0|   64|          0|
    |cnt_reg_310                                           |  64|   0|   64|          0|
    |conv20_reg_1301                                       |   3|   0|    4|          1|
    |grp_bfs_Pipeline_loop_neighbors1_fu_435_ap_start_reg  |   1|   0|    1|          0|
    |grp_bfs_Pipeline_loop_neighbors2_fu_454_ap_start_reg  |   1|   0|    1|          0|
    |grp_bfs_Pipeline_loop_neighbors3_fu_473_ap_start_reg  |   1|   0|    1|          0|
    |grp_bfs_Pipeline_loop_neighbors_fu_416_ap_start_reg   |   1|   0|    1|          0|
    |horizon_fu_170                                        |   4|   0|    4|          0|
    |icmp_ln21_reg_1291                                    |   1|   0|    1|          0|
    |icmp_ln25_1_reg_1478                                  |   1|   0|    1|          0|
    |icmp_ln25_2_reg_1385                                  |   1|   0|    1|          0|
    |icmp_ln25_3_reg_1516                                  |   1|   0|    1|          0|
    |icmp_ln25_reg_1347                                    |   1|   0|    1|          0|
    |icmp_ln28_2_reg_1497                                  |   1|   0|    1|          0|
    |icmp_ln28_3_reg_1404                                  |   1|   0|    1|          0|
    |icmp_ln28_4_reg_1535                                  |   1|   0|    1|          0|
    |icmp_ln28_reg_1366                                    |   1|   0|    1|          0|
    |icmp_ln39_reg_1428                                    |   1|   0|    1|          0|
    |level_0_addr_reg_1266                                 |   6|   0|    6|          0|
    |level_1_addr_reg_1271                                 |   6|   0|    6|          0|
    |level_counts_0_addr_1_reg_1457                        |   2|   0|    2|          0|
    |level_counts_1_addr_reg_1326                          |   2|   0|    2|          0|
    |n_1_reg_375                                           |   9|   0|    9|          0|
    |n_2_reg_1418                                          |   9|   0|    9|          0|
    |n_reg_322                                             |   9|   0|    9|          0|
    |targetBlock2_reg_1408                                 |   1|   0|    1|          0|
    |targetBlock4_reg_1501                                 |   1|   0|    1|          0|
    |targetBlock6_reg_1539                                 |   1|   0|    1|          0|
    |targetBlock_reg_1370                                  |   1|   0|    1|          0|
    |tmp_45_reg_1257                                       |   1|   0|    1|          0|
    |tmp_49_reg_1336                                       |   1|   0|    1|          0|
    |tmp_51_reg_1467                                       |   1|   0|    1|          0|
    |tmp_begin_1_reg_1487                                  |  64|   0|   64|          0|
    |tmp_begin_2_reg_1394                                  |  64|   0|   64|          0|
    |tmp_begin_3_reg_1525                                  |  64|   0|   64|          0|
    |tmp_begin_reg_1356                                    |  64|   0|   64|          0|
    |tmp_end_1_reg_1492                                    |  64|   0|   64|          0|
    |tmp_end_2_reg_1399                                    |  64|   0|   64|          0|
    |tmp_end_3_reg_1530                                    |  64|   0|   64|          0|
    |tmp_end_reg_1361                                      |  64|   0|   64|          0|
    |tmp_reg_1252                                          |   1|   0|    1|          0|
    |trunc_ln18_reg_1262                                   |   1|   0|    1|          0|
    |trunc_ln24_1_reg_1462                                 |   7|   0|    7|          0|
    |trunc_ln24_reg_1331                                   |   7|   0|    7|          0|
    |trunc_ln2_reg_1423                                    |   3|   0|    3|          0|
    |trunc_ln39_1_reg_1452                                 |   1|   0|    1|          0|
    |zext_ln21_reg_1295                                    |   4|   0|    8|          4|
    |zext_ln24_reg_1307                                    |   3|   0|    8|          5|
    |zext_ln25_3_reg_1442                                  |   6|   0|   64|         58|
    |zext_ln25_reg_1316                                    |   6|   0|   64|         58|
    +------------------------------------------------------+----+----+-----+-----------+
    |Total                                                 |1549|   0| 1681|        132|
    +------------------------------------------------------+----+----+-----+-----------+



================================================================
== Interface
================================================================
* Summary: 
+-------------------------+-----+-----+------------+----------------+--------------+
|        RTL Ports        | Dir | Bits|  Protocol  |  Source Object |    C Type    |
+-------------------------+-----+-----+------------+----------------+--------------+
|ap_clk                   |   in|    1|  ap_ctrl_hs|             bfs|  return value|
|ap_rst                   |   in|    1|  ap_ctrl_hs|             bfs|  return value|
|ap_start                 |   in|    1|  ap_ctrl_hs|             bfs|  return value|
|ap_done                  |  out|    1|  ap_ctrl_hs|             bfs|  return value|
|ap_idle                  |  out|    1|  ap_ctrl_hs|             bfs|  return value|
|ap_ready                 |  out|    1|  ap_ctrl_hs|             bfs|  return value|
|nodes_address0           |  out|    7|   ap_memory|           nodes|         array|
|nodes_ce0                |  out|    1|   ap_memory|           nodes|         array|
|nodes_q0                 |   in|  256|   ap_memory|           nodes|         array|
|edges_0_address0         |  out|   11|   ap_memory|         edges_0|         array|
|edges_0_ce0              |  out|    1|   ap_memory|         edges_0|         array|
|edges_0_q0               |   in|   64|   ap_memory|         edges_0|         array|
|edges_0_address1         |  out|   11|   ap_memory|         edges_0|         array|
|edges_0_ce1              |  out|    1|   ap_memory|         edges_0|         array|
|edges_0_q1               |   in|   64|   ap_memory|         edges_0|         array|
|edges_1_address0         |  out|   11|   ap_memory|         edges_1|         array|
|edges_1_ce0              |  out|    1|   ap_memory|         edges_1|         array|
|edges_1_q0               |   in|   64|   ap_memory|         edges_1|         array|
|edges_1_address1         |  out|   11|   ap_memory|         edges_1|         array|
|edges_1_ce1              |  out|    1|   ap_memory|         edges_1|         array|
|edges_1_q1               |   in|   64|   ap_memory|         edges_1|         array|
|starting_node            |   in|   64|     ap_none|   starting_node|        scalar|
|level_0_address0         |  out|    6|   ap_memory|         level_0|         array|
|level_0_ce0              |  out|    1|   ap_memory|         level_0|         array|
|level_0_we0              |  out|    1|   ap_memory|         level_0|         array|
|level_0_d0               |  out|   16|   ap_memory|         level_0|         array|
|level_0_q0               |   in|   16|   ap_memory|         level_0|         array|
|level_1_address0         |  out|    6|   ap_memory|         level_1|         array|
|level_1_ce0              |  out|    1|   ap_memory|         level_1|         array|
|level_1_we0              |  out|    1|   ap_memory|         level_1|         array|
|level_1_d0               |  out|   16|   ap_memory|         level_1|         array|
|level_1_q0               |   in|   16|   ap_memory|         level_1|         array|
|level_counts_0_address0  |  out|    2|   ap_memory|  level_counts_0|         array|
|level_counts_0_ce0       |  out|    1|   ap_memory|  level_counts_0|         array|
|level_counts_0_we0       |  out|    1|   ap_memory|  level_counts_0|         array|
|level_counts_0_d0        |  out|  128|   ap_memory|  level_counts_0|         array|
|level_counts_0_q0        |   in|  128|   ap_memory|  level_counts_0|         array|
|level_counts_1_address0  |  out|    2|   ap_memory|  level_counts_1|         array|
|level_counts_1_ce0       |  out|    1|   ap_memory|  level_counts_1|         array|
|level_counts_1_we0       |  out|    1|   ap_memory|  level_counts_1|         array|
|level_counts_1_d0        |  out|  128|   ap_memory|  level_counts_1|         array|
|level_counts_1_q0        |   in|  128|   ap_memory|  level_counts_1|         array|
+-------------------------+-----+-----+------------+----------------+--------------+

