

================================================================
== Vitis HLS Report for 'bfs'
================================================================
* Date:           Mon Mar 10 00:17:50 2025

* Version:        2022.1 (Build 3526262 on Mon Apr 18 15:47:01 MDT 2022)
* Project:        bfs_random_prj_p1
* Solution:       solution (Vivado IP Flow Target)
* Product family: virtex7
* Target device:  xc7vx485t-ffg1761-2


================================================================
== Performance Estimates
================================================================
+ Timing: 
    * Summary: 
    +--------+----------+----------+------------+
    |  Clock |  Target  | Estimated| Uncertainty|
    +--------+----------+----------+------------+
    |ap_clk  |  10.00 ns|  6.904 ns|     2.70 ns|
    +--------+----------+----------+------------+

+ Latency: 
    * Summary: 
    +---------+---------+----------+----------+-----+-----+---------+
    |  Latency (cycles) |  Latency (absolute) |  Interval | Pipeline|
    |   min   |   max   |    min   |    max   | min | max |   Type  |
    +---------+---------+----------+----------+-----+-----+---------+
    |        ?|        ?|         ?|         ?|    ?|    ?|       no|
    +---------+---------+----------+----------+-----+-----+---------+

    + Detail: 
        * Instance: 
        +-----------------------------------------+------------------------------+---------+---------+----------+----------+-----+-----+---------+
        |                                         |                              |  Latency (cycles) |  Latency (absolute) |  Interval | Pipeline|
        |                 Instance                |            Module            |   min   |   max   |    min   |    max   | min | max |   Type  |
        +-----------------------------------------+------------------------------+---------+---------+----------+----------+-----+-----+---------+
        |grp_bfs_Pipeline_loop_neighbors_fu_330   |bfs_Pipeline_loop_neighbors   |        ?|        ?|         ?|         ?|    ?|    ?|       no|
        |grp_bfs_Pipeline_loop_neighbors1_fu_344  |bfs_Pipeline_loop_neighbors1  |        ?|        ?|         ?|         ?|    ?|    ?|       no|
        +-----------------------------------------+------------------------------+---------+---------+----------+----------+-----+-----+---------+

        * Loop: 
        +-----------------+---------+---------+----------+-----------+-----------+-------+----------+
        |                 |  Latency (cycles) | Iteration|  Initiation Interval  |  Trip |          |
        |    Loop Name    |   min   |   max   |  Latency |  achieved |   target  | Count | Pipelined|
        +-----------------+---------+---------+----------+-----------+-----------+-------+----------+
        |- loop_horizons  |        ?|        ?|         ?|          -|          -|  1 ~ 5|        no|
        | + loop_nodes    |        ?|        ?|         ?|          -|          -|    256|        no|
        | + loop_nodes    |        ?|        ?|         ?|          -|          -|    256|        no|
        +-----------------+---------+---------+----------+-----------+-----------+-------+----------+



================================================================
== Utilization Estimates
================================================================
* Summary: 
+-----------------+---------+------+--------+--------+-----+
|       Name      | BRAM_18K|  DSP |   FF   |   LUT  | URAM|
+-----------------+---------+------+--------+--------+-----+
|DSP              |        -|     -|       -|       -|    -|
|Expression       |        -|     -|       0|    6626|    -|
|FIFO             |        -|     -|       -|       -|    -|
|Instance         |        -|     0|     502|    1770|    -|
|Memory           |        -|     -|       -|       -|    -|
|Multiplexer      |        -|     -|       -|     395|    -|
|Register         |        -|     -|     620|       -|    -|
+-----------------+---------+------+--------+--------+-----+
|Total            |        0|     0|    1122|    8791|    0|
+-----------------+---------+------+--------+--------+-----+
|Available        |     2060|  2800|  607200|  303600|    0|
+-----------------+---------+------+--------+--------+-----+
|Utilization (%)  |        0|     0|      ~0|       2|    0|
+-----------------+---------+------+--------+--------+-----+

+ Detail: 
    * Instance: 
    +-----------------------------------------+------------------------------+---------+----+-----+-----+-----+
    |                 Instance                |            Module            | BRAM_18K| DSP|  FF | LUT | URAM|
    +-----------------------------------------+------------------------------+---------+----+-----+-----+-----+
    |grp_bfs_Pipeline_loop_neighbors_fu_330   |bfs_Pipeline_loop_neighbors   |        0|   0|  206|  831|    0|
    |grp_bfs_Pipeline_loop_neighbors1_fu_344  |bfs_Pipeline_loop_neighbors1  |        0|   0|  206|  831|    0|
    |mul_3ns_5ns_7_1_1_U18                    |mul_3ns_5ns_7_1_1             |        0|   0|    0|   17|    0|
    |mul_3ns_5ns_7_1_1_U19                    |mul_3ns_5ns_7_1_1             |        0|   0|    0|   17|    0|
    |mux_21_64_1_1_U16                        |mux_21_64_1_1                 |        0|   0|    0|    9|    0|
    |mux_21_64_1_1_U17                        |mux_21_64_1_1                 |        0|   0|    0|    9|    0|
    |mux_21_64_1_1_U21                        |mux_21_64_1_1                 |        0|   0|    0|    9|    0|
    |mux_21_64_1_1_U22                        |mux_21_64_1_1                 |        0|   0|    0|    9|    0|
    |urem_3ns_3ns_3_7_seq_1_U15               |urem_3ns_3ns_3_7_seq_1        |        0|   0|   45|   19|    0|
    |urem_3ns_3ns_3_7_seq_1_U20               |urem_3ns_3ns_3_7_seq_1        |        0|   0|   45|   19|    0|
    +-----------------------------------------+------------------------------+---------+----+-----+-----+-----+
    |Total                                    |                              |        0|   0|  502| 1770|    0|
    +-----------------------------------------+------------------------------+---------+----+-----+-----+-----+

    * DSP: 
    N/A

    * Memory: 
    N/A

    * FIFO: 
    N/A

    * Expression: 
    +-----------------------+----------+----+---+-----+------------+------------+
    |     Variable Name     | Operation| DSP| FF| LUT | Bitwidth P0| Bitwidth P1|
    +-----------------------+----------+----+---+-----+------------+------------+
    |add_ln21_fu_702_p2     |         +|   0|  0|   13|           4|           2|
    |add_ln39_fu_734_p2     |         +|   0|  0|   11|           3|           1|
    |n_2_fu_454_p2          |         +|   0|  0|   16|           9|           1|
    |n_3_fu_713_p2          |         +|   0|  0|   16|           9|           1|
    |and_ln18_fu_405_p2     |       and|   0|  0|   16|          16|          16|
    |and_ln39_1_fu_928_p2   |       and|   0|  0|  128|         128|         128|
    |and_ln39_fu_673_p2     |       and|   0|  0|  128|         128|         128|
    |icmp_ln21_fu_428_p2    |      icmp|   0|  0|    9|           4|           4|
    |icmp_ln24_1_fu_707_p2  |      icmp|   0|  0|   11|           9|          10|
    |icmp_ln24_fu_448_p2    |      icmp|   0|  0|   11|           9|          10|
    |icmp_ln25_1_fu_793_p2  |      icmp|   0|  0|   11|           8|           8|
    |icmp_ln25_fu_520_p2    |      icmp|   0|  0|   11|           8|           8|
    |icmp_ln28_1_fu_893_p2  |      icmp|   0|  0|   29|          64|          64|
    |icmp_ln28_fu_620_p2    |      icmp|   0|  0|   29|          64|          64|
    |icmp_ln39_1_fu_951_p2  |      icmp|   0|  0|   29|          64|           1|
    |icmp_ln39_fu_696_p2    |      icmp|   0|  0|   29|          64|           1|
    |lshr_ln25_2_fu_783_p2  |      lshr|   0|  0|   35|          16|          16|
    |lshr_ln25_fu_510_p2    |      lshr|   0|  0|   35|          16|          16|
    |lshr_ln26_1_fu_572_p2  |      lshr|   0|  0|  950|         256|         256|
    |lshr_ln26_2_fu_831_p2  |      lshr|   0|  0|  950|         256|         256|
    |lshr_ln26_3_fu_845_p2  |      lshr|   0|  0|  950|         256|         256|
    |lshr_ln26_fu_558_p2    |      lshr|   0|  0|  950|         256|         256|
    |conv20_fu_438_p2       |        or|   0|  0|    4|           4|           1|
    |level_counts_1_d0      |        or|   0|  0|  128|         128|         128|
    |or_ln39_1_fu_944_p2    |        or|   0|  0|  128|         128|         128|
    |shl_ln18_fu_393_p2     |       shl|   0|  0|   35|           8|          16|
    |shl_ln39_2_fu_683_p2   |       shl|   0|  0|  423|         128|         128|
    |shl_ln39_3_fu_916_p2   |       shl|   0|  0|  423|          64|         128|
    |shl_ln39_4_fu_938_p2   |       shl|   0|  0|  423|         128|         128|
    |shl_ln39_fu_661_p2     |       shl|   0|  0|  423|          64|         128|
    |xor_ln18_fu_399_p2     |       xor|   0|  0|   16|          16|           2|
    |xor_ln39_1_fu_922_p2   |       xor|   0|  0|  128|         128|           2|
    |xor_ln39_fu_667_p2     |       xor|   0|  0|  128|         128|           2|
    +-----------------------+----------+----+---+-----+------------+------------+
    |Total                  |          |   0|  0| 6626|        2571|        2294|
    +-----------------------+----------+----+---+-----+------------+------------+

    * Multiplexer: 
    +-------------------------+-----+-----------+-----+-----------+
    |           Name          | LUT | Input Size| Bits| Total Bits|
    +-------------------------+-----+-----------+-----+-----------+
    |ap_NS_fsm                |  153|         32|    1|         32|
    |cnt_1_reg_291            |    9|          2|   64|        128|
    |cnt_3_reg_276            |    9|          2|   64|        128|
    |cnt_5_reg_315            |    9|          2|   64|        128|
    |cnt_reg_252              |    9|          2|   64|        128|
    |edges_address0           |   13|          3|   11|         33|
    |edges_ce0                |   13|          3|    1|          3|
    |horizon_fu_128           |    9|          2|    4|          8|
    |level_address0           |   29|          7|    7|         49|
    |level_ce0                |   17|          4|    1|          4|
    |level_counts_0_address0  |   21|          5|    2|         10|
    |level_counts_0_d0        |   13|          3|  128|        384|
    |level_counts_1_address0  |   13|          3|    2|          6|
    |level_d0                 |   17|          4|   16|         64|
    |level_we0                |   17|          4|    1|          4|
    |n_1_reg_303              |    9|          2|    9|         18|
    |n_reg_264                |    9|          2|    9|         18|
    |nodes_0_address0         |   13|          3|    6|         18|
    |nodes_1_address0         |   13|          3|    6|         18|
    +-------------------------+-----+-----------+-----+-----------+
    |Total                    |  395|         88|  460|       1181|
    +-------------------------+-----+-----------+-----+-----------+

    * Register: 
    +------------------------------------------------------+----+----+-----+-----------+
    |                         Name                         | FF | LUT| Bits| Const Bits|
    +------------------------------------------------------+----+----+-----+-----------+
    |add_ln21_reg_1088                                     |   4|   0|    4|          0|
    |ap_CS_fsm                                             |  31|   0|   31|          0|
    |cnt_1_reg_291                                         |  64|   0|   64|          0|
    |cnt_3_reg_276                                         |  64|   0|   64|          0|
    |cnt_5_reg_315                                         |  64|   0|   64|          0|
    |cnt_reg_252                                           |  64|   0|   64|          0|
    |conv20_reg_1007                                       |   3|   0|    4|          1|
    |grp_bfs_Pipeline_loop_neighbors1_fu_344_ap_start_reg  |   1|   0|    1|          0|
    |grp_bfs_Pipeline_loop_neighbors_fu_330_ap_start_reg   |   1|   0|    1|          0|
    |horizon_fu_128                                        |   4|   0|    4|          0|
    |icmp_ln21_reg_998                                     |   1|   0|    1|          0|
    |icmp_ln39_reg_1084                                    |   1|   0|    1|          0|
    |level_addr_reg_985                                    |   7|   0|    7|          0|
    |level_counts_0_addr_1_reg_1159                        |   2|   0|    2|          0|
    |level_counts_1_addr_reg_1079                          |   2|   0|    2|          0|
    |n_1_reg_303                                           |   9|   0|    9|          0|
    |n_2_reg_1020                                          |   9|   0|    9|          0|
    |n_3_reg_1097                                          |   9|   0|    9|          0|
    |n_reg_264                                             |   9|   0|    9|          0|
    |tmp_3_reg_1040                                        |   1|   0|    1|          0|
    |tmp_4_reg_1046                                        |   1|   0|    1|          0|
    |tmp_5_reg_1112                                        |   1|   0|    1|          0|
    |tmp_6_reg_1120                                        |   1|   0|    1|          0|
    |tmp_7_reg_1126                                        |   1|   0|    1|          0|
    |tmp_begin_1_reg_1141                                  |  64|   0|   64|          0|
    |tmp_begin_reg_1061                                    |  64|   0|   64|          0|
    |tmp_end_1_reg_1147                                    |  64|   0|   64|          0|
    |tmp_end_reg_1067                                      |  64|   0|   64|          0|
    |trunc_ln_reg_1030                                     |   3|   0|    3|          0|
    |zext_ln21_reg_1002                                    |   4|   0|    8|          4|
    |zext_ln24_reg_1012                                    |   3|   0|    8|          5|
    +------------------------------------------------------+----+----+-----+-----------+
    |Total                                                 | 620|   0|  630|         10|
    +------------------------------------------------------+----+----+-----+-----------+



================================================================
== Interface
================================================================
* Summary: 
+-------------------------+-----+-----+------------+----------------+--------------+
|        RTL Ports        | Dir | Bits|  Protocol  |  Source Object |    C Type    |
+-------------------------+-----+-----+------------+----------------+--------------+
|ap_clk                   |   in|    1|  ap_ctrl_hs|             bfs|  return value|
|ap_rst                   |   in|    1|  ap_ctrl_hs|             bfs|  return value|
|ap_start                 |   in|    1|  ap_ctrl_hs|             bfs|  return value|
|ap_done                  |  out|    1|  ap_ctrl_hs|             bfs|  return value|
|ap_idle                  |  out|    1|  ap_ctrl_hs|             bfs|  return value|
|ap_ready                 |  out|    1|  ap_ctrl_hs|             bfs|  return value|
|nodes_0_address0         |  out|    6|   ap_memory|         nodes_0|         array|
|nodes_0_ce0              |  out|    1|   ap_memory|         nodes_0|         array|
|nodes_0_q0               |   in|  256|   ap_memory|         nodes_0|         array|
|nodes_1_address0         |  out|    6|   ap_memory|         nodes_1|         array|
|nodes_1_ce0              |  out|    1|   ap_memory|         nodes_1|         array|
|nodes_1_q0               |   in|  256|   ap_memory|         nodes_1|         array|
|edges_address0           |  out|   11|   ap_memory|           edges|         array|
|edges_ce0                |  out|    1|   ap_memory|           edges|         array|
|edges_q0                 |   in|  128|   ap_memory|           edges|         array|
|starting_node            |   in|   64|     ap_none|   starting_node|        scalar|
|level_address0           |  out|    7|   ap_memory|           level|         array|
|level_ce0                |  out|    1|   ap_memory|           level|         array|
|level_we0                |  out|    1|   ap_memory|           level|         array|
|level_d0                 |  out|   16|   ap_memory|           level|         array|
|level_q0                 |   in|   16|   ap_memory|           level|         array|
|level_counts_0_address0  |  out|    2|   ap_memory|  level_counts_0|         array|
|level_counts_0_ce0       |  out|    1|   ap_memory|  level_counts_0|         array|
|level_counts_0_we0       |  out|    1|   ap_memory|  level_counts_0|         array|
|level_counts_0_d0        |  out|  128|   ap_memory|  level_counts_0|         array|
|level_counts_0_q0        |   in|  128|   ap_memory|  level_counts_0|         array|
|level_counts_1_address0  |  out|    2|   ap_memory|  level_counts_1|         array|
|level_counts_1_ce0       |  out|    1|   ap_memory|  level_counts_1|         array|
|level_counts_1_we0       |  out|    1|   ap_memory|  level_counts_1|         array|
|level_counts_1_d0        |  out|  128|   ap_memory|  level_counts_1|         array|
|level_counts_1_q0        |   in|  128|   ap_memory|  level_counts_1|         array|
+-------------------------+-----+-----+------------+----------------+--------------+

