

================================================================
== Vitis HLS Report for 'bfs'
================================================================
* Date:           Mon Mar 10 00:17:32 2025

* Version:        2022.1 (Build 3526262 on Mon Apr 18 15:47:01 MDT 2022)
* Project:        bfs_random_prj_p1
* Solution:       solution (Vivado IP Flow Target)
* Product family: virtex7
* Target device:  xc7vx485t-ffg1761-2


================================================================
== Performance Estimates
================================================================
+ Timing: 
    * Summary: 
    +--------+----------+----------+------------+
    |  Clock |  Target  | Estimated| Uncertainty|
    +--------+----------+----------+------------+
    |ap_clk  |  10.00 ns|  6.539 ns|     2.70 ns|
    +--------+----------+----------+------------+

+ Latency: 
    * Summary: 
    +---------+---------+----------+----------+-----+-----+---------+
    |  Latency (cycles) |  Latency (absolute) |  Interval | Pipeline|
    |   min   |   max   |    min   |    max   | min | max |   Type  |
    +---------+---------+----------+----------+-----+-----+---------+
    |        ?|        ?|         ?|         ?|    ?|    ?|       no|
    +---------+---------+----------+----------+-----+-----+---------+

    + Detail: 
        * Instance: 
        +-----------------------------------------+------------------------------+---------+---------+----------+----------+-----+-----+---------+
        |                                         |                              |  Latency (cycles) |  Latency (absolute) |  Interval | Pipeline|
        |                 Instance                |            Module            |   min   |   max   |    min   |    max   | min | max |   Type  |
        +-----------------------------------------+------------------------------+---------+---------+----------+----------+-----+-----+---------+
        |grp_bfs_Pipeline_loop_neighbors_fu_400   |bfs_Pipeline_loop_neighbors   |        ?|        ?|         ?|         ?|    ?|    ?|       no|
        |grp_bfs_Pipeline_loop_neighbors1_fu_416  |bfs_Pipeline_loop_neighbors1  |        ?|        ?|         ?|         ?|    ?|    ?|       no|
        |grp_bfs_Pipeline_loop_neighbors2_fu_432  |bfs_Pipeline_loop_neighbors2  |        ?|        ?|         ?|         ?|    ?|    ?|       no|
        |grp_bfs_Pipeline_loop_neighbors3_fu_448  |bfs_Pipeline_loop_neighbors3  |        ?|        ?|         ?|         ?|    ?|    ?|       no|
        +-----------------------------------------+------------------------------+---------+---------+----------+----------+-----+-----+---------+

        * Loop: 
        +-----------------+---------+---------+----------+-----------+-----------+-------+----------+
        |                 |  Latency (cycles) | Iteration|  Initiation Interval  |  Trip |          |
        |    Loop Name    |   min   |   max   |  Latency |  achieved |   target  | Count | Pipelined|
        +-----------------+---------+---------+----------+-----------+-----------+-------+----------+
        |- loop_horizons  |        ?|        ?|         ?|          -|          -|  1 ~ 5|        no|
        | + loop_nodes    |        ?|        ?|         ?|          -|          -|    128|        no|
        | + loop_nodes    |        ?|        ?|         ?|          -|          -|    128|        no|
        +-----------------+---------+---------+----------+-----------+-----------+-------+----------+



================================================================
== Utilization Estimates
================================================================
* Summary: 
+-----------------+---------+------+--------+--------+-----+
|       Name      | BRAM_18K|  DSP |   FF   |   LUT  | URAM|
+-----------------+---------+------+--------+--------+-----+
|DSP              |        -|     -|       -|       -|    -|
|Expression       |        -|     -|       0|    8123|    -|
|FIFO             |        -|     -|       -|       -|    -|
|Instance         |        -|     -|    1116|    5196|    -|
|Memory           |        -|     -|       -|       -|    -|
|Multiplexer      |        -|     -|       -|     512|    -|
|Register         |        -|     -|    1021|       -|    -|
+-----------------+---------+------+--------+--------+-----+
|Total            |        0|     0|    2137|   13831|    0|
+-----------------+---------+------+--------+--------+-----+
|Available        |     2060|  2800|  607200|  303600|    0|
+-----------------+---------+------+--------+--------+-----+
|Utilization (%)  |        0|     0|      ~0|       4|    0|
+-----------------+---------+------+--------+--------+-----+

+ Detail: 
    * Instance: 
    +-----------------------------------------+------------------------------+---------+----+-----+------+-----+
    |                 Instance                |            Module            | BRAM_18K| DSP|  FF |  LUT | URAM|
    +-----------------------------------------+------------------------------+---------+----+-----+------+-----+
    |grp_bfs_Pipeline_loop_neighbors_fu_400   |bfs_Pipeline_loop_neighbors   |        0|   0|  279|  1281|    0|
    |grp_bfs_Pipeline_loop_neighbors1_fu_416  |bfs_Pipeline_loop_neighbors1  |        0|   0|  279|  1281|    0|
    |grp_bfs_Pipeline_loop_neighbors2_fu_432  |bfs_Pipeline_loop_neighbors2  |        0|   0|  279|  1281|    0|
    |grp_bfs_Pipeline_loop_neighbors3_fu_448  |bfs_Pipeline_loop_neighbors3  |        0|   0|  279|  1281|    0|
    |mux_21_64_1_1_U38                        |mux_21_64_1_1                 |        0|   0|    0|     9|    0|
    |mux_21_64_1_1_U39                        |mux_21_64_1_1                 |        0|   0|    0|     9|    0|
    |mux_21_64_1_1_U40                        |mux_21_64_1_1                 |        0|   0|    0|     9|    0|
    |mux_21_64_1_1_U41                        |mux_21_64_1_1                 |        0|   0|    0|     9|    0|
    |mux_21_64_1_1_U42                        |mux_21_64_1_1                 |        0|   0|    0|     9|    0|
    |mux_21_64_1_1_U43                        |mux_21_64_1_1                 |        0|   0|    0|     9|    0|
    |mux_21_64_1_1_U44                        |mux_21_64_1_1                 |        0|   0|    0|     9|    0|
    |mux_21_64_1_1_U45                        |mux_21_64_1_1                 |        0|   0|    0|     9|    0|
    +-----------------------------------------+------------------------------+---------+----+-----+------+-----+
    |Total                                    |                              |        0|   0| 1116|  5196|    0|
    +-----------------------------------------+------------------------------+---------+----+-----+------+-----+

    * DSP: 
    N/A

    * Memory: 
    N/A

    * FIFO: 
    N/A

    * Expression: 
    +------------------------+----------+----+---+-----+------------+------------+
    |      Variable Name     | Operation| DSP| FF| LUT | Bitwidth P0| Bitwidth P1|
    +------------------------+----------+----+---+-----+------------+------------+
    |add_ln21_fu_589_p2      |         +|   0|  0|   13|           4|           2|
    |add_ln39_fu_863_p2      |         +|   0|  0|   14|           7|           4|
    |n_2_fu_840_p2           |         +|   0|  0|   16|           9|           2|
    |n_3_fu_1140_p2          |         +|   0|  0|   16|           9|           2|
    |and_ln18_fu_525_p2      |       and|   0|  0|   16|          16|          16|
    |icmp_ln21_fu_535_p2     |      icmp|   0|  0|    9|           4|           4|
    |icmp_ln25_1_fu_927_p2   |      icmp|   0|  0|   11|           8|           8|
    |icmp_ln25_2_fu_748_p2   |      icmp|   0|  0|   11|           8|           8|
    |icmp_ln25_3_fu_1047_p2  |      icmp|   0|  0|   11|           8|           8|
    |icmp_ln25_fu_628_p2     |      icmp|   0|  0|   11|           8|           8|
    |icmp_ln28_1_fu_833_p2   |      icmp|   0|  0|   29|          64|          64|
    |icmp_ln28_2_fu_1012_p2  |      icmp|   0|  0|   29|          64|          64|
    |icmp_ln28_3_fu_1132_p2  |      icmp|   0|  0|   29|          64|          64|
    |icmp_ln28_fu_713_p2     |      icmp|   0|  0|   29|          64|          64|
    |icmp_ln39_1_fu_883_p2   |      icmp|   0|  0|   29|          64|           1|
    |icmp_ln39_fu_583_p2     |      icmp|   0|  0|   29|          64|           1|
    |lshr_ln25_1_fu_738_p2   |      lshr|   0|  0|   35|          16|          16|
    |lshr_ln25_2_fu_917_p2   |      lshr|   0|  0|   35|          16|          16|
    |lshr_ln25_3_fu_1037_p2  |      lshr|   0|  0|   35|          16|          16|
    |lshr_ln25_fu_618_p2     |      lshr|   0|  0|   35|          16|          16|
    |lshr_ln26_1_fu_665_p2   |      lshr|   0|  0|  950|         256|         256|
    |lshr_ln26_2_fu_771_p2   |      lshr|   0|  0|  950|         256|         256|
    |lshr_ln26_3_fu_785_p2   |      lshr|   0|  0|  950|         256|         256|
    |lshr_ln26_4_fu_950_p2   |      lshr|   0|  0|  950|         256|         256|
    |lshr_ln26_5_fu_964_p2   |      lshr|   0|  0|  950|         256|         256|
    |lshr_ln26_6_fu_1070_p2  |      lshr|   0|  0|  950|         256|         256|
    |lshr_ln26_7_fu_1084_p2  |      lshr|   0|  0|  950|         256|         256|
    |lshr_ln26_fu_651_p2     |      lshr|   0|  0|  950|         256|         256|
    |conv20_fu_545_p2        |        or|   0|  0|    4|           4|           1|
    |or_ln25_1_fu_1019_p2    |        or|   0|  0|    7|           7|           1|
    |or_ln25_2_fu_730_p2     |        or|   0|  0|    6|           6|           1|
    |or_ln25_3_fu_1029_p2    |        or|   0|  0|    6|           6|           1|
    |or_ln25_fu_720_p2       |        or|   0|  0|    7|           7|           1|
    |shl_ln18_fu_513_p2      |       shl|   0|  0|   35|           8|          16|
    |xor_ln18_fu_519_p2      |       xor|   0|  0|   16|          16|           2|
    +------------------------+----------+----+---+-----+------------+------------+
    |Total                   |          |   0|  0| 8123|        2631|        2455|
    +------------------------+----------+----+---+-----+------------+------------+

    * Multiplexer: 
    +--------------------------------+-----+-----------+-----+-----------+
    |              Name              | LUT | Input Size| Bits| Total Bits|
    +--------------------------------+-----+-----------+-----+-----------+
    |ap_NS_fsm                       |  134|         27|    1|         27|
    |ap_phi_mux_cnt_8_phi_fu_389_p6  |    9|          2|   64|        128|
    |cnt_1_reg_346                   |    9|          2|   64|        128|
    |cnt_3_reg_317                   |    9|          2|   64|        128|
    |cnt_6_reg_331                   |   13|          3|   64|        192|
    |cnt_7_reg_371                   |    9|          2|   64|        128|
    |cnt_8_reg_385                   |   13|          3|   64|        192|
    |cnt_reg_292                     |    9|          2|   64|        128|
    |edges_0_address0                |   21|          5|   10|         50|
    |edges_0_ce0                     |   21|          5|    1|          5|
    |edges_1_address0                |   21|          5|   10|         50|
    |edges_1_ce0                     |   21|          5|    1|          5|
    |horizon_fu_116                  |    9|          2|    4|          8|
    |level_address0                  |   45|         11|    7|         77|
    |level_ce0                       |   25|          6|    1|          6|
    |level_counts_address0           |   17|          4|    4|         16|
    |level_counts_d0                 |   17|          4|   64|        256|
    |level_d0                        |   25|          6|   16|         96|
    |level_we0                       |   25|          6|    1|          6|
    |n_1_reg_359                     |    9|          2|    9|         18|
    |n_reg_305                       |    9|          2|    9|         18|
    |nodes_0_address0                |   21|          5|    6|         30|
    |nodes_1_address0                |   21|          5|    6|         30|
    +--------------------------------+-----+-----------+-----+-----------+
    |Total                           |  512|        116|  598|       1722|
    +--------------------------------+-----+-----------+-----+-----------+

    * Register: 
    +------------------------------------------------------+----+----+-----+-----------+
    |                         Name                         | FF | LUT| Bits| Const Bits|
    +------------------------------------------------------+----+----+-----+-----------+
    |add_ln21_reg_1236                                     |   4|   0|    4|          0|
    |and_ln1_reg_1256                                      |   1|   0|    4|          3|
    |and_ln25_1_reg_1366                                   |   1|   0|    4|          3|
    |ap_CS_fsm                                             |  26|   0|   26|          0|
    |cnt_1_reg_346                                         |  64|   0|   64|          0|
    |cnt_3_reg_317                                         |  64|   0|   64|          0|
    |cnt_6_reg_331                                         |  64|   0|   64|          0|
    |cnt_7_reg_371                                         |  64|   0|   64|          0|
    |cnt_8_reg_385                                         |  64|   0|   64|          0|
    |cnt_reg_292                                           |  64|   0|   64|          0|
    |conv20_reg_1200                                       |   3|   0|    4|          1|
    |grp_bfs_Pipeline_loop_neighbors1_fu_416_ap_start_reg  |   1|   0|    1|          0|
    |grp_bfs_Pipeline_loop_neighbors2_fu_432_ap_start_reg  |   1|   0|    1|          0|
    |grp_bfs_Pipeline_loop_neighbors3_fu_448_ap_start_reg  |   1|   0|    1|          0|
    |grp_bfs_Pipeline_loop_neighbors_fu_400_ap_start_reg   |   1|   0|    1|          0|
    |horizon_fu_116                                        |   4|   0|    4|          0|
    |icmp_ln21_reg_1190                                    |   1|   0|    1|          0|
    |icmp_ln25_1_reg_1371                                  |   1|   0|    1|          0|
    |icmp_ln25_2_reg_1299                                  |   1|   0|    1|          0|
    |icmp_ln25_3_reg_1409                                  |   1|   0|    1|          0|
    |icmp_ln25_reg_1261                                    |   1|   0|    1|          0|
    |icmp_ln28_1_reg_1325                                  |   1|   0|    1|          0|
    |icmp_ln28_2_reg_1397                                  |   1|   0|    1|          0|
    |icmp_ln28_3_reg_1435                                  |   1|   0|    1|          0|
    |icmp_ln28_reg_1287                                    |   1|   0|    1|          0|
    |icmp_ln39_reg_1232                                    |   1|   0|    1|          0|
    |level_addr_reg_1182                                   |   7|   0|    7|          0|
    |n_1_reg_359                                           |   9|   0|    9|          0|
    |n_2_reg_1332                                          |   9|   0|    9|          0|
    |n_reg_305                                             |   9|   0|    9|          0|
    |shl_ln_reg_1227                                       |   3|   0|    7|          4|
    |tmp_15_reg_1248                                       |   1|   0|    1|          0|
    |tmp_18_reg_1358                                       |   1|   0|    1|          0|
    |tmp_begin_1_reg_1385                                  |  64|   0|   64|          0|
    |tmp_begin_2_reg_1313                                  |  64|   0|   64|          0|
    |tmp_begin_3_reg_1423                                  |  64|   0|   64|          0|
    |tmp_begin_reg_1275                                    |  64|   0|   64|          0|
    |tmp_end_1_reg_1391                                    |  64|   0|   64|          0|
    |tmp_end_2_reg_1319                                    |  64|   0|   64|          0|
    |tmp_end_3_reg_1429                                    |  64|   0|   64|          0|
    |tmp_end_reg_1281                                      |  64|   0|   64|          0|
    |trunc_ln24_1_reg_1217                                 |   7|   0|    7|          0|
    |trunc_ln24_2_reg_1353                                 |   6|   0|    6|          0|
    |trunc_ln24_3_reg_1340                                 |   7|   0|    7|          0|
    |trunc_ln24_reg_1243                                   |   6|   0|    6|          0|
    |zext_ln21_reg_1194                                    |   4|   0|    8|          4|
    |zext_ln24_reg_1208                                    |   3|   0|    8|          5|
    +------------------------------------------------------+----+----+-----+-----------+
    |Total                                                 |1021|   0| 1041|         20|
    +------------------------------------------------------+----+----+-----+-----------+



================================================================
== Interface
================================================================
* Summary: 
+-----------------------+-----+-----+------------+---------------+--------------+
|       RTL Ports       | Dir | Bits|  Protocol  | Source Object |    C Type    |
+-----------------------+-----+-----+------------+---------------+--------------+
|ap_clk                 |   in|    1|  ap_ctrl_hs|            bfs|  return value|
|ap_rst                 |   in|    1|  ap_ctrl_hs|            bfs|  return value|
|ap_start               |   in|    1|  ap_ctrl_hs|            bfs|  return value|
|ap_done                |  out|    1|  ap_ctrl_hs|            bfs|  return value|
|ap_idle                |  out|    1|  ap_ctrl_hs|            bfs|  return value|
|ap_ready               |  out|    1|  ap_ctrl_hs|            bfs|  return value|
|nodes_0_address0       |  out|    6|   ap_memory|        nodes_0|         array|
|nodes_0_ce0            |  out|    1|   ap_memory|        nodes_0|         array|
|nodes_0_q0             |   in|  256|   ap_memory|        nodes_0|         array|
|nodes_1_address0       |  out|    6|   ap_memory|        nodes_1|         array|
|nodes_1_ce0            |  out|    1|   ap_memory|        nodes_1|         array|
|nodes_1_q0             |   in|  256|   ap_memory|        nodes_1|         array|
|edges_0_address0       |  out|   10|   ap_memory|        edges_0|         array|
|edges_0_ce0            |  out|    1|   ap_memory|        edges_0|         array|
|edges_0_q0             |   in|  128|   ap_memory|        edges_0|         array|
|edges_1_address0       |  out|   10|   ap_memory|        edges_1|         array|
|edges_1_ce0            |  out|    1|   ap_memory|        edges_1|         array|
|edges_1_q0             |   in|  128|   ap_memory|        edges_1|         array|
|starting_node          |   in|   64|     ap_none|  starting_node|        scalar|
|level_address0         |  out|    7|   ap_memory|          level|         array|
|level_ce0              |  out|    1|   ap_memory|          level|         array|
|level_we0              |  out|    1|   ap_memory|          level|         array|
|level_d0               |  out|   16|   ap_memory|          level|         array|
|level_q0               |   in|   16|   ap_memory|          level|         array|
|level_counts_address0  |  out|    4|   ap_memory|   level_counts|         array|
|level_counts_ce0       |  out|    1|   ap_memory|   level_counts|         array|
|level_counts_we0       |  out|    1|   ap_memory|   level_counts|         array|
|level_counts_d0        |  out|   64|   ap_memory|   level_counts|         array|
+-----------------------+-----+-----+------------+---------------+--------------+

