

================================================================
== Vitis HLS Report for 'bfs'
================================================================
* Date:           Mon Mar 10 00:19:36 2025

* Version:        2022.1 (Build 3526262 on Mon Apr 18 15:47:01 MDT 2022)
* Project:        bfs_random_prj_p1
* Solution:       solution (Vivado IP Flow Target)
* Product family: virtex7
* Target device:  xc7vx485t-ffg1761-2


================================================================
== Performance Estimates
================================================================
+ Timing: 
    * Summary: 
    +--------+----------+----------+------------+
    |  Clock |  Target  | Estimated| Uncertainty|
    +--------+----------+----------+------------+
    |ap_clk  |  10.00 ns|  6.237 ns|     2.70 ns|
    +--------+----------+----------+------------+

+ Latency: 
    * Summary: 
    +---------+---------+----------+----------+-----+-----+---------+
    |  Latency (cycles) |  Latency (absolute) |  Interval | Pipeline|
    |   min   |   max   |    min   |    max   | min | max |   Type  |
    +---------+---------+----------+----------+-----+-----+---------+
    |        ?|        ?|         ?|         ?|    ?|    ?|       no|
    +---------+---------+----------+----------+-----+-----+---------+

    + Detail: 
        * Instance: 
        N/A

        * Loop: 
        +---------------------+---------+---------+----------+-----------+-----------+------+----------+
        |                     |  Latency (cycles) | Iteration|  Initiation Interval  | Trip |          |
        |      Loop Name      |   min   |   max   |  Latency |  achieved |   target  | Count| Pipelined|
        +---------------------+---------+---------+----------+-----------+-----------+------+----------+
        |- loop_horizons      |        ?|        ?|         ?|          -|          -|     ?|        no|
        | + loop_nodes        |        ?|        ?|         ?|          -|          -|   256|        no|
        |  ++ loop_neighbors  |        ?|        ?|         5|          -|          -|     ?|        no|
        +---------------------+---------+---------+----------+-----------+-----------+------+----------+



================================================================
== Utilization Estimates
================================================================
* Summary: 
+-----------------+---------+------+--------+--------+-----+
|       Name      | BRAM_18K|  DSP |   FF   |   LUT  | URAM|
+-----------------+---------+------+--------+--------+-----+
|DSP              |        -|     -|       -|       -|    -|
|Expression       |        -|     -|       0|     583|    -|
|FIFO             |        -|     -|       -|       -|    -|
|Instance         |        -|     -|       0|      27|    -|
|Memory           |        -|     -|       -|       -|    -|
|Multiplexer      |        -|     -|       -|     274|    -|
|Register         |        -|     -|     730|       -|    -|
+-----------------+---------+------+--------+--------+-----+
|Total            |        0|     0|     730|     884|    0|
+-----------------+---------+------+--------+--------+-----+
|Available        |     2060|  2800|  607200|  303600|    0|
+-----------------+---------+------+--------+--------+-----+
|Utilization (%)  |        0|     0|      ~0|      ~0|    0|
+-----------------+---------+------+--------+--------+-----+

+ Detail: 
    * Instance: 
    +-----------------+--------------+---------+----+---+----+-----+
    |     Instance    |    Module    | BRAM_18K| DSP| FF| LUT| URAM|
    +-----------------+--------------+---------+----+---+----+-----+
    |mux_21_8_1_1_U1  |mux_21_8_1_1  |        0|   0|  0|   9|    0|
    |mux_21_8_1_1_U2  |mux_21_8_1_1  |        0|   0|  0|   9|    0|
    |mux_21_8_1_1_U3  |mux_21_8_1_1  |        0|   0|  0|   9|    0|
    +-----------------+--------------+---------+----+---+----+-----+
    |Total            |              |        0|   0|  0|  27|    0|
    +-----------------+--------------+---------+----+---+----+-----+

    * DSP: 
    N/A

    * Memory: 
    N/A

    * FIFO: 
    N/A

    * Expression: 
    +-----------------------+----------+----+---+----+------------+------------+
    |     Variable Name     | Operation| DSP| FF| LUT| Bitwidth P0| Bitwidth P1|
    +-----------------------+----------+----+---+----+------------+------------+
    |add_ln21_fu_361_p2     |         +|   0|  0|  71|          64|           1|
    |add_ln28_1_fu_560_p2   |         +|   0|  0|  71|          64|           2|
    |add_ln28_fu_507_p2     |         +|   0|  0|  71|          64|           1|
    |add_ln29_fu_518_p2     |         +|   0|  0|  19|          12|           1|
    |add_ln34_1_fu_553_p2   |         +|   0|  0|  71|          64|           1|
    |add_ln34_fu_500_p2     |         +|   0|  0|  71|          64|           1|
    |empty_fu_367_p2        |         +|   0|  0|  15|           8|           1|
    |n_1_fu_387_p2          |         +|   0|  0|  16|           9|           1|
    |icmp_ln24_fu_381_p2    |      icmp|   0|  0|  11|           9|          10|
    |icmp_ln25_fu_436_p2    |      icmp|   0|  0|  29|          64|          64|
    |icmp_ln28_1_fu_461_p2  |      icmp|   0|  0|  29|          64|          64|
    |icmp_ln28_2_fu_513_p2  |      icmp|   0|  0|  29|          64|          64|
    |icmp_ln28_fu_455_p2    |      icmp|   0|  0|  29|          64|          64|
    |icmp_ln32_1_fu_547_p2  |      icmp|   0|  0|  11|           8|           7|
    |icmp_ln32_fu_494_p2    |      icmp|   0|  0|  11|           8|           7|
    |icmp_ln39_fu_409_p2    |      icmp|   0|  0|  29|          64|           1|
    +-----------------------+----------+----+---+----+------------+------------+
    |Total                  |          |   0|  0| 583|         694|         290|
    +-----------------------+----------+----+---+----+------------+------------+

    * Multiplexer: 
    +----------------------------------+----+-----------+-----+-----------+
    |               Name               | LUT| Input Size| Bits| Total Bits|
    +----------------------------------+----+-----------+-----+-----------+
    |ap_NS_fsm                         |  53|         13|    1|         13|
    |ap_phi_mux_cnt_2_0_phi_fu_271_p4  |  13|          3|   64|        192|
    |ap_phi_mux_cnt_2_1_phi_fu_283_p4  |  13|          3|   64|        192|
    |cnt_1_0_reg_247                   |   9|          2|   64|        128|
    |cnt_1_ph_reg_291                  |   9|          2|   64|        128|
    |cnt_1_reg_303                     |   9|          2|   64|        128|
    |cnt_2_0_reg_268                   |   9|          2|   64|        128|
    |cnt_reg_223                       |   9|          2|   64|        128|
    |e_1_0_reg_258                     |   9|          2|   64|        128|
    |edges_address0                    |  13|          3|   12|         36|
    |horizon_fu_80                     |   9|          2|   64|        128|
    |level_0_address0                  |  29|          7|    7|         49|
    |level_0_d0                        |  13|          3|    8|         24|
    |level_1_address0                  |  29|          7|    7|         49|
    |level_1_d0                        |  13|          3|    8|         24|
    |level_counts_address0             |  13|          3|    4|         12|
    |level_counts_d0                   |  13|          3|   64|        192|
    |n_reg_236                         |   9|          2|    9|         18|
    +----------------------------------+----+-----------+-----+-----------+
    |Total                             | 274|         64|  696|       1697|
    +----------------------------------+----+-----------+-----+-----------+

    * Register: 
    +------------------------+----+----+-----+-----------+
    |          Name          | FF | LUT| Bits| Const Bits|
    +------------------------+----+----+-----+-----------+
    |add_ln21_reg_581        |  64|   0|   64|          0|
    |ap_CS_fsm               |  12|   0|   12|          0|
    |cnt_1_0_reg_247         |  64|   0|   64|          0|
    |cnt_1_ph_reg_291        |  64|   0|   64|          0|
    |cnt_1_reg_303           |  64|   0|   64|          0|
    |cnt_2_0_reg_268         |  64|   0|   64|          0|
    |cnt_reg_223             |  64|   0|   64|          0|
    |e_1_0_reg_258           |  64|   0|   64|          0|
    |empty_reg_587           |   8|   0|    8|          0|
    |horizon_1_reg_576       |  64|   0|   64|          0|
    |horizon_fu_80           |  64|   0|   64|          0|
    |level_0_addr_2_reg_664  |   7|   0|    7|          0|
    |level_0_addr_3_reg_690  |   7|   0|    7|          0|
    |level_1_addr_2_reg_669  |   7|   0|    7|          0|
    |level_1_addr_3_reg_695  |   7|   0|    7|          0|
    |n_1_reg_606             |   9|   0|    9|          0|
    |n_reg_236               |   9|   0|    9|          0|
    |tmp_end_reg_637         |  64|   0|   64|          0|
    |trunc_ln24_reg_598      |   1|   0|    1|          0|
    |trunc_ln29_reg_649      |  12|   0|   12|          0|
    |trunc_ln30_1_reg_685    |   1|   0|    1|          0|
    |trunc_ln30_reg_659      |   1|   0|    1|          0|
    |zext_ln24_reg_593       |   9|   0|   64|         55|
    +------------------------+----+----+-----+-----------+
    |Total                   | 730|   0|  785|         55|
    +------------------------+----+----+-----+-----------+



================================================================
== Interface
================================================================
* Summary: 
+-----------------------+-----+-----+------------+---------------+--------------+
|       RTL Ports       | Dir | Bits|  Protocol  | Source Object |    C Type    |
+-----------------------+-----+-----+------------+---------------+--------------+
|ap_clk                 |   in|    1|  ap_ctrl_hs|            bfs|  return value|
|ap_rst                 |   in|    1|  ap_ctrl_hs|            bfs|  return value|
|ap_start               |   in|    1|  ap_ctrl_hs|            bfs|  return value|
|ap_done                |  out|    1|  ap_ctrl_hs|            bfs|  return value|
|ap_idle                |  out|    1|  ap_ctrl_hs|            bfs|  return value|
|ap_ready               |  out|    1|  ap_ctrl_hs|            bfs|  return value|
|nodes_address0         |  out|    8|   ap_memory|          nodes|         array|
|nodes_ce0              |  out|    1|   ap_memory|          nodes|         array|
|nodes_q0               |   in|  128|   ap_memory|          nodes|         array|
|edges_address0         |  out|   12|   ap_memory|          edges|         array|
|edges_ce0              |  out|    1|   ap_memory|          edges|         array|
|edges_q0               |   in|   64|   ap_memory|          edges|         array|
|starting_node          |   in|   64|     ap_none|  starting_node|        scalar|
|level_0_address0       |  out|    7|   ap_memory|        level_0|         array|
|level_0_ce0            |  out|    1|   ap_memory|        level_0|         array|
|level_0_we0            |  out|    1|   ap_memory|        level_0|         array|
|level_0_d0             |  out|    8|   ap_memory|        level_0|         array|
|level_0_q0             |   in|    8|   ap_memory|        level_0|         array|
|level_1_address0       |  out|    7|   ap_memory|        level_1|         array|
|level_1_ce0            |  out|    1|   ap_memory|        level_1|         array|
|level_1_we0            |  out|    1|   ap_memory|        level_1|         array|
|level_1_d0             |  out|    8|   ap_memory|        level_1|         array|
|level_1_q0             |   in|    8|   ap_memory|        level_1|         array|
|level_counts_address0  |  out|    4|   ap_memory|   level_counts|         array|
|level_counts_ce0       |  out|    1|   ap_memory|   level_counts|         array|
|level_counts_we0       |  out|    1|   ap_memory|   level_counts|         array|
|level_counts_d0        |  out|   64|   ap_memory|   level_counts|         array|
+-----------------------+-----+-----+------------+---------------+--------------+

