

================================================================
== Vitis HLS Report for 'bfs'
================================================================
* Date:           Mon Mar 10 00:13:29 2025

* Version:        2022.1 (Build 3526262 on Mon Apr 18 15:47:01 MDT 2022)
* Project:        bfs_random_prj_p1
* Solution:       solution (Vivado IP Flow Target)
* Product family: virtex7
* Target device:  xc7vx485t-ffg1761-2


================================================================
== Performance Estimates
================================================================
+ Timing: 
    * Summary: 
    +--------+----------+----------+------------+
    |  Clock |  Target  | Estimated| Uncertainty|
    +--------+----------+----------+------------+
    |ap_clk  |  10.00 ns|  7.139 ns|     2.70 ns|
    +--------+----------+----------+------------+

+ Latency: 
    * Summary: 
    +---------+---------+----------+----------+-----+-----+---------+
    |  Latency (cycles) |  Latency (absolute) |  Interval | Pipeline|
    |   min   |   max   |    min   |    max   | min | max |   Type  |
    +---------+---------+----------+----------+-----+-----+---------+
    |        ?|        ?|         ?|         ?|    ?|    ?|       no|
    +---------+---------+----------+----------+-----+-----+---------+

    + Detail: 
        * Instance: 
        N/A

        * Loop: 
        +---------------------+---------+---------+----------+-----------+-----------+------+----------+
        |                     |  Latency (cycles) | Iteration|  Initiation Interval  | Trip |          |
        |      Loop Name      |   min   |   max   |  Latency |  achieved |   target  | Count| Pipelined|
        +---------------------+---------+---------+----------+-----------+-----------+------+----------+
        |- loop_horizons      |        ?|        ?|         ?|          -|          -|     ?|        no|
        | + loop_nodes        |        ?|        ?|         ?|          -|          -|   128|        no|
        |  ++ loop_neighbors  |        ?|        ?|         4|          -|          -|     ?|        no|
        |  ++ loop_neighbors  |        ?|        ?|         4|          -|          -|     ?|        no|
        +---------------------+---------+---------+----------+-----------+-----------+------+----------+



================================================================
== Utilization Estimates
================================================================
* Summary: 
+-----------------+---------+------+--------+--------+-----+
|       Name      | BRAM_18K|  DSP |   FF   |   LUT  | URAM|
+-----------------+---------+------+--------+--------+-----+
|DSP              |        -|     -|       -|       -|    -|
|Expression       |        -|     -|       0|    3956|    -|
|FIFO             |        -|     -|       -|       -|    -|
|Instance         |        -|     6|    1185|     702|    -|
|Memory           |        -|     -|       -|       -|    -|
|Multiplexer      |        -|     -|       -|     715|    -|
|Register         |        -|     -|    1134|       -|    -|
+-----------------+---------+------+--------+--------+-----+
|Total            |        0|     6|    2319|    5373|    0|
+-----------------+---------+------+--------+--------+-----+
|Available        |     2060|  2800|  607200|  303600|    0|
+-----------------+---------+------+--------+--------+-----+
|Utilization (%)  |        0|    ~0|      ~0|       1|    0|
+-----------------+---------+------+--------+--------+-----+

+ Detail: 
    * Instance: 
    +-----------------------------+--------------------------+---------+----+-----+-----+-----+
    |           Instance          |          Module          | BRAM_18K| DSP|  FF | LUT | URAM|
    +-----------------------------+--------------------------+---------+----+-----+-----+-----+
    |mul_3ns_5ns_7_1_1_U4         |mul_3ns_5ns_7_1_1         |        0|   0|    0|   17|    0|
    |mul_64ns_66ns_68_2_1_U6      |mul_64ns_66ns_68_2_1      |        0|   6|  361|  179|    0|
    |mux_21_8_1_1_U2              |mux_21_8_1_1              |        0|   0|    0|    9|    0|
    |mux_21_8_1_1_U3              |mux_21_8_1_1              |        0|   0|    0|    9|    0|
    |urem_3ns_3ns_3_7_seq_1_U5    |urem_3ns_3ns_3_7_seq_1    |        0|   0|   45|   19|    0|
    |urem_64ns_4ns_3_68_seq_1_U1  |urem_64ns_4ns_3_68_seq_1  |        0|   0|  779|  469|    0|
    +-----------------------------+--------------------------+---------+----+-----+-----+-----+
    |Total                        |                          |        0|   6| 1185|  702|    0|
    +-----------------------------+--------------------------+---------+----+-----+-----+-----+

    * DSP: 
    N/A

    * Memory: 
    N/A

    * FIFO: 
    N/A

    * Expression: 
    +-----------------------+----------+----+---+-----+------------+------------+
    |     Variable Name     | Operation| DSP| FF| LUT | Bitwidth P0| Bitwidth P1|
    +-----------------------+----------+----+---+-----+------------+------------+
    |add_ln21_fu_455_p2     |         +|   0|  0|   71|          64|           1|
    |cnt_4_fu_597_p2        |         +|   0|  0|   71|          64|           1|
    |cnt_7_fu_728_p2        |         +|   0|  0|   71|          64|           1|
    |e_3_fu_603_p2          |         +|   0|  0|   71|          64|           1|
    |e_5_fu_734_p2          |         +|   0|  0|   71|          64|           1|
    |empty_fu_461_p2        |         +|   0|  0|   15|           8|           1|
    |n_1_fu_661_p2          |         +|   0|  0|   16|           9|           2|
    |and_ln39_1_fu_851_p2   |       and|   0|  0|  128|         128|         128|
    |and_ln39_2_fu_813_p2   |       and|   0|  0|  128|         128|         128|
    |and_ln39_fu_885_p2     |       and|   0|  0|    2|           1|           1|
    |icmp_ln21_fu_880_p2    |      icmp|   0|  0|   29|          64|           4|
    |icmp_ln25_1_fu_617_p2  |      icmp|   0|  0|   29|          64|          64|
    |icmp_ln25_fu_507_p2    |      icmp|   0|  0|   29|          64|          64|
    |icmp_ln28_1_fu_522_p2  |      icmp|   0|  0|   29|          64|          64|
    |icmp_ln28_2_fu_641_p2  |      icmp|   0|  0|   29|          64|          64|
    |icmp_ln28_3_fu_647_p2  |      icmp|   0|  0|   29|          64|          64|
    |icmp_ln28_fu_516_p2    |      icmp|   0|  0|   29|          64|          64|
    |icmp_ln32_1_fu_722_p2  |      icmp|   0|  0|   11|           8|           7|
    |icmp_ln32_fu_591_p2    |      icmp|   0|  0|   11|           8|           7|
    |icmp_ln39_fu_874_p2    |      icmp|   0|  0|   29|          64|           1|
    |lshr_ln29_1_fu_687_p2  |      lshr|   0|  0|  423|         128|         128|
    |lshr_ln29_fu_556_p2    |      lshr|   0|  0|  423|         128|         128|
    |level_counts_1_d0      |        or|   0|  0|  128|         128|         128|
    |or_ln26_fu_626_p2      |        or|   0|  0|    8|           8|           1|
    |or_ln39_1_fu_829_p2    |        or|   0|  0|  128|         128|         128|
    |shl_ln39_1_fu_861_p2   |       shl|   0|  0|  423|         128|         128|
    |shl_ln39_2_fu_801_p2   |       shl|   0|  0|  423|          64|         128|
    |shl_ln39_3_fu_823_p2   |       shl|   0|  0|  423|         128|         128|
    |shl_ln39_fu_839_p2     |       shl|   0|  0|  423|          64|         128|
    |xor_ln39_1_fu_807_p2   |       xor|   0|  0|  128|         128|           2|
    |xor_ln39_fu_845_p2     |       xor|   0|  0|  128|         128|           2|
    +-----------------------+----------+----+---+-----+------------+------------+
    |Total                  |          |   0|  0| 3956|        2282|        1697|
    +-----------------------+----------+----+---+-----+------------+------------+

    * Multiplexer: 
    +-------------------------+-----+-----------+-----+-----------+
    |           Name          | LUT | Input Size| Bits| Total Bits|
    +-------------------------+-----+-----------+-----+-----------+
    |ap_NS_fsm                |  455|         92|    1|         92|
    |cnt_1_reg_303            |    9|          2|   64|        128|
    |cnt_2_reg_324            |    9|          2|   64|        128|
    |cnt_3_reg_336            |    9|          2|   64|        128|
    |cnt_5_reg_351            |    9|          2|   64|        128|
    |cnt_6_reg_384            |   13|          3|   64|        192|
    |cnt_8_reg_372            |    9|          2|   64|        128|
    |cnt_reg_279              |    9|          2|   64|        128|
    |e_1_reg_314              |    9|          2|   64|        128|
    |e_4_reg_362              |    9|          2|   64|        128|
    |edges_address0           |   13|          3|   11|         33|
    |horizon_fu_116           |    9|          2|   64|        128|
    |level_0_address0         |   29|          7|    7|         49|
    |level_0_d0               |   13|          3|    8|         24|
    |level_1_address0         |   29|          7|    7|         49|
    |level_1_d0               |   13|          3|    8|         24|
    |level_counts_0_address0  |   21|          5|    2|         10|
    |level_counts_0_d0        |   13|          3|  128|        384|
    |level_counts_1_address0  |   13|          3|    2|          6|
    |n_reg_291                |    9|          2|    9|         18|
    |nodes_address0           |   13|          3|    8|         24|
    +-------------------------+-----+-----------+-----+-----------+
    |Total                    |  715|        152|  831|       2057|
    +-------------------------+-----+-----------+-----+-----------+

    * Register: 
    +--------------------------------+----+----+-----+-----------+
    |              Name              | FF | LUT| Bits| Const Bits|
    +--------------------------------+----+----+-----+-----------+
    |add_ln21_reg_913                |  64|   0|   64|          0|
    |ap_CS_fsm                       |  91|   0|   91|          0|
    |cnt_1_reg_303                   |  64|   0|   64|          0|
    |cnt_2_reg_324                   |  64|   0|   64|          0|
    |cnt_3_reg_336                   |  64|   0|   64|          0|
    |cnt_5_reg_351                   |  64|   0|   64|          0|
    |cnt_6_reg_384                   |  64|   0|   64|          0|
    |cnt_8_reg_372                   |  64|   0|   64|          0|
    |cnt_reg_279                     |  64|   0|   64|          0|
    |e_1_reg_314                     |  64|   0|   64|          0|
    |e_3_reg_1004                    |  64|   0|   64|          0|
    |e_4_reg_362                     |  64|   0|   64|          0|
    |e_5_reg_1068                    |  64|   0|   64|          0|
    |empty_reg_921                   |   8|   0|    8|          0|
    |horizon_fu_116                  |  64|   0|   64|          0|
    |icmp_ln25_1_reg_1009            |   1|   0|    1|          0|
    |icmp_ln25_reg_945               |   1|   0|    1|          0|
    |icmp_ln28_2_reg_1028            |   1|   0|    1|          0|
    |icmp_ln28_reg_964               |   1|   0|    1|          0|
    |level_0_addr_2_reg_986          |   7|   0|    7|          0|
    |level_0_addr_3_reg_1050         |   7|   0|    7|          0|
    |level_1_addr_1_reg_991          |   7|   0|    7|          0|
    |level_1_addr_3_reg_1055         |   7|   0|    7|          0|
    |level_counts_0_addr_1_reg_1098  |   2|   0|    2|          0|
    |level_counts_1_addr_reg_1103    |   2|   0|    2|          0|
    |n_1_reg_1040                    |   9|   0|    9|          0|
    |n_reg_291                       |   9|   0|    9|          0|
    |shl_ln_reg_1088                 |   1|   0|    7|          6|
    |tmp_2_reg_1078                  |   1|   0|    1|          0|
    |tmp_3_reg_1094                  |   1|   0|    1|          0|
    |tmp_end_1_reg_1023              |  64|   0|   64|          0|
    |tmp_end_reg_959                 |  64|   0|   64|          0|
    |trunc_ln29_1_reg_1045           |   1|   0|    1|          0|
    |trunc_ln29_reg_981              |   1|   0|    1|          0|
    |zext_ln24_reg_927               |   9|   0|   64|         55|
    |zext_ln25_reg_935               |   7|   0|   64|         57|
    +--------------------------------+----+----+-----+-----------+
    |Total                           |1134|   0| 1252|        118|
    +--------------------------------+----+----+-----+-----------+



================================================================
== Interface
================================================================
* Summary: 
+-------------------------+-----+-----+------------+----------------+--------------+
|        RTL Ports        | Dir | Bits|  Protocol  |  Source Object |    C Type    |
+-------------------------+-----+-----+------------+----------------+--------------+
|ap_clk                   |   in|    1|  ap_ctrl_hs|             bfs|  return value|
|ap_rst                   |   in|    1|  ap_ctrl_hs|             bfs|  return value|
|ap_start                 |   in|    1|  ap_ctrl_hs|             bfs|  return value|
|ap_done                  |  out|    1|  ap_ctrl_hs|             bfs|  return value|
|ap_idle                  |  out|    1|  ap_ctrl_hs|             bfs|  return value|
|ap_ready                 |  out|    1|  ap_ctrl_hs|             bfs|  return value|
|nodes_address0           |  out|    8|   ap_memory|           nodes|         array|
|nodes_ce0                |  out|    1|   ap_memory|           nodes|         array|
|nodes_q0                 |   in|  128|   ap_memory|           nodes|         array|
|edges_address0           |  out|   11|   ap_memory|           edges|         array|
|edges_ce0                |  out|    1|   ap_memory|           edges|         array|
|edges_q0                 |   in|  128|   ap_memory|           edges|         array|
|starting_node            |   in|   64|     ap_none|   starting_node|        scalar|
|level_0_address0         |  out|    7|   ap_memory|         level_0|         array|
|level_0_ce0              |  out|    1|   ap_memory|         level_0|         array|
|level_0_we0              |  out|    1|   ap_memory|         level_0|         array|
|level_0_d0               |  out|    8|   ap_memory|         level_0|         array|
|level_0_q0               |   in|    8|   ap_memory|         level_0|         array|
|level_1_address0         |  out|    7|   ap_memory|         level_1|         array|
|level_1_ce0              |  out|    1|   ap_memory|         level_1|         array|
|level_1_we0              |  out|    1|   ap_memory|         level_1|         array|
|level_1_d0               |  out|    8|   ap_memory|         level_1|         array|
|level_1_q0               |   in|    8|   ap_memory|         level_1|         array|
|level_counts_0_address0  |  out|    2|   ap_memory|  level_counts_0|         array|
|level_counts_0_ce0       |  out|    1|   ap_memory|  level_counts_0|         array|
|level_counts_0_we0       |  out|    1|   ap_memory|  level_counts_0|         array|
|level_counts_0_d0        |  out|  128|   ap_memory|  level_counts_0|         array|
|level_counts_0_q0        |   in|  128|   ap_memory|  level_counts_0|         array|
|level_counts_1_address0  |  out|    2|   ap_memory|  level_counts_1|         array|
|level_counts_1_ce0       |  out|    1|   ap_memory|  level_counts_1|         array|
|level_counts_1_we0       |  out|    1|   ap_memory|  level_counts_1|         array|
|level_counts_1_d0        |  out|  128|   ap_memory|  level_counts_1|         array|
|level_counts_1_q0        |   in|  128|   ap_memory|  level_counts_1|         array|
+-------------------------+-----+-----+------------+----------------+--------------+

