

================================================================
== Vitis HLS Report for 'bfs'
================================================================
* Date:           Mon Mar 10 00:18:50 2025

* Version:        2022.1 (Build 3526262 on Mon Apr 18 15:47:01 MDT 2022)
* Project:        bfs_random_prj_p1
* Solution:       solution (Vivado IP Flow Target)
* Product family: virtex7
* Target device:  xc7vx485t-ffg1761-2


================================================================
== Performance Estimates
================================================================
+ Timing: 
    * Summary: 
    +--------+----------+----------+------------+
    |  Clock |  Target  | Estimated| Uncertainty|
    +--------+----------+----------+------------+
    |ap_clk  |  10.00 ns|  6.822 ns|     2.70 ns|
    +--------+----------+----------+------------+

+ Latency: 
    * Summary: 
    +---------+---------+----------+----------+-----+-----+---------+
    |  Latency (cycles) |  Latency (absolute) |  Interval | Pipeline|
    |   min   |   max   |    min   |    max   | min | max |   Type  |
    +---------+---------+----------+----------+-----+-----+---------+
    |        ?|        ?|         ?|         ?|    ?|    ?|       no|
    +---------+---------+----------+----------+-----+-----+---------+

    + Detail: 
        * Instance: 
        +----------------------------------------+-----------------------------+---------+---------+----------+----------+-----+-----+---------+
        |                                        |                             |  Latency (cycles) |  Latency (absolute) |  Interval | Pipeline|
        |                Instance                |            Module           |   min   |   max   |    min   |    max   | min | max |   Type  |
        +----------------------------------------+-----------------------------+---------+---------+----------+----------+-----+-----+---------+
        |grp_bfs_Pipeline_loop_neighbors_fu_259  |bfs_Pipeline_loop_neighbors  |        ?|        ?|         ?|         ?|    ?|    ?|       no|
        +----------------------------------------+-----------------------------+---------+---------+----------+----------+-----+-----+---------+

        * Loop: 
        +-----------------+---------+---------+----------+-----------+-----------+------+----------+
        |                 |  Latency (cycles) | Iteration|  Initiation Interval  | Trip |          |
        |    Loop Name    |   min   |   max   |  Latency |  achieved |   target  | Count| Pipelined|
        +-----------------+---------+---------+----------+-----------+-----------+------+----------+
        |- loop_horizons  |        ?|        ?|         ?|          -|          -|     ?|        no|
        | + loop_nodes    |        ?|        ?|         ?|          -|          -|   256|        no|
        +-----------------+---------+---------+----------+-----------+-----------+------+----------+



================================================================
== Utilization Estimates
================================================================
* Summary: 
+-----------------+---------+------+--------+--------+-----+
|       Name      | BRAM_18K|  DSP |   FF   |   LUT  | URAM|
+-----------------+---------+------+--------+--------+-----+
|DSP              |        -|     -|       -|       -|    -|
|Expression       |        -|     -|       0|    1744|    -|
|FIFO             |        -|     -|       -|       -|    -|
|Instance         |        -|     -|    1064|    2832|    -|
|Memory           |        -|     -|       -|       -|    -|
|Multiplexer      |        -|     -|       -|     248|    -|
|Register         |        -|     -|     576|       -|    -|
+-----------------+---------+------+--------+--------+-----+
|Total            |        0|     0|    1640|    4824|    0|
+-----------------+---------+------+--------+--------+-----+
|Available        |     2060|  2800|  607200|  303600|    0|
+-----------------+---------+------+--------+--------+-----+
|Utilization (%)  |        0|     0|      ~0|       1|    0|
+-----------------+---------+------+--------+--------+-----+

+ Detail: 
    * Instance: 
    +----------------------------------------+-----------------------------+---------+----+------+------+-----+
    |                Instance                |            Module           | BRAM_18K| DSP|  FF  |  LUT | URAM|
    +----------------------------------------+-----------------------------+---------+----+------+------+-----+
    |grp_bfs_Pipeline_loop_neighbors_fu_259  |bfs_Pipeline_loop_neighbors  |        0|   0|  1064|  2805|    0|
    |mux_21_64_1_1_U18                       |mux_21_64_1_1                |        0|   0|     0|     9|    0|
    |mux_21_64_1_1_U19                       |mux_21_64_1_1                |        0|   0|     0|     9|    0|
    |mux_21_8_1_1_U17                        |mux_21_8_1_1                 |        0|   0|     0|     9|    0|
    +----------------------------------------+-----------------------------+---------+----+------+------+-----+
    |Total                                   |                             |        0|   0|  1064|  2832|    0|
    +----------------------------------------+-----------------------------+---------+----+------+------+-----+

    * DSP: 
    N/A

    * Memory: 
    N/A

    * FIFO: 
    N/A

    * Expression: 
    +--------------------------+----------+----+---+-----+------------+------------+
    |       Variable Name      | Operation| DSP| FF| LUT | Bitwidth P0| Bitwidth P1|
    +--------------------------+----------+----+---+-----+------------+------------+
    |add_ln21_cast3_fu_395_p2  |         +|   0|  0|   13|           4|           1|
    |add_ln21_fu_389_p2        |         +|   0|  0|   71|          64|           1|
    |empty_22_fu_407_p2        |         +|   0|  0|   15|           8|           1|
    |n_1_fu_419_p2             |         +|   0|  0|   16|           9|           1|
    |and_ln18_1_fu_327_p2      |       and|   0|  0|   16|          16|          16|
    |and_ln18_fu_349_p2        |       and|   0|  0|   16|          16|          16|
    |and_ln39_1_fu_635_p2      |       and|   0|  0|  128|         128|         128|
    |and_ln39_fu_669_p2        |       and|   0|  0|    2|           1|           1|
    |icmp_ln21_fu_664_p2       |      icmp|   0|  0|   29|          64|           4|
    |icmp_ln24_fu_413_p2       |      icmp|   0|  0|   11|           9|          10|
    |icmp_ln25_fu_519_p2       |      icmp|   0|  0|   29|          64|          64|
    |icmp_ln28_fu_592_p2       |      icmp|   0|  0|   29|          64|          64|
    |icmp_ln39_fu_658_p2       |      icmp|   0|  0|   29|          64|           1|
    |lshr_ln25_1_fu_491_p2     |      lshr|   0|  0|   35|          16|          16|
    |lshr_ln25_fu_477_p2       |      lshr|   0|  0|   35|          16|          16|
    |or_ln39_fu_651_p2         |        or|   0|  0|  128|         128|         128|
    |select_ln28_fu_604_p3     |    select|   0|  0|   64|           1|          64|
    |shl_ln18_1_fu_315_p2      |       shl|   0|  0|   35|           8|          16|
    |shl_ln18_fu_337_p2        |       shl|   0|  0|   35|           8|          16|
    |shl_ln39_1_fu_645_p2      |       shl|   0|  0|  423|         128|         128|
    |shl_ln39_fu_623_p2        |       shl|   0|  0|  423|          64|         128|
    |add_ln21_cast_fu_401_p2   |       xor|   0|  0|    2|           1|           2|
    |xor_ln18_1_fu_321_p2      |       xor|   0|  0|   16|          16|           2|
    |xor_ln18_fu_343_p2        |       xor|   0|  0|   16|          16|           2|
    |xor_ln39_fu_629_p2        |       xor|   0|  0|  128|         128|           2|
    +--------------------------+----------+----+---+-----+------------+------------+
    |Total                     |          |   0|  0| 1744|        1041|         828|
    +--------------------------+----------+----+---+-----+------------+------------+

    * Multiplexer: 
    +--------------------------------+----+-----------+-----+-----------+
    |              Name              | LUT| Input Size| Bits| Total Bits|
    +--------------------------------+----+-----------+-----+-----------+
    |ap_NS_fsm                       |  49|         12|    1|         12|
    |ap_phi_mux_cnt_1_phi_fu_248_p6  |   9|          2|   64|        128|
    |cnt_1_reg_244                   |   9|          2|   64|        128|
    |cnt_reg_220                     |   9|          2|   64|        128|
    |horizon_fu_120                  |   9|          2|   64|        128|
    |level_0_address0                |  21|          5|    6|         30|
    |level_0_ce0                     |  13|          3|    1|          3|
    |level_0_d0                      |  13|          3|   16|         48|
    |level_0_we0                     |  13|          3|    1|          3|
    |level_1_address0                |  21|          5|    6|         30|
    |level_1_ce0                     |  13|          3|    1|          3|
    |level_1_d0                      |  13|          3|   16|         48|
    |level_1_we0                     |  13|          3|    1|          3|
    |level_counts_address0           |  21|          5|    3|         15|
    |level_counts_d0                 |  13|          3|  128|        384|
    |n_reg_232                       |   9|          2|    9|         18|
    +--------------------------------+----+-----------+-----+-----------+
    |Total                           | 248|         58|  445|       1109|
    +--------------------------------+----+-----------+-----+-----------+

    * Register: 
    +-----------------------------------------------------+----+----+-----+-----------+
    |                         Name                        | FF | LUT| Bits| Const Bits|
    +-----------------------------------------------------+----+----+-----+-----------+
    |add_ln21_cast3_reg_732                               |   4|   0|    4|          0|
    |add_ln21_cast_reg_737                                |   1|   0|    1|          0|
    |add_ln21_reg_726                                     |  64|   0|   64|          0|
    |and_ln_reg_691                                       |   1|   0|    4|          3|
    |ap_CS_fsm                                            |  11|   0|   11|          0|
    |cnt_1_0_loc_fu_116                                   |  64|   0|   64|          0|
    |cnt_1_reg_244                                        |  64|   0|   64|          0|
    |cnt_2_0_loc_fu_112                                   |  64|   0|   64|          0|
    |cnt_reg_220                                          |  64|   0|   64|          0|
    |empty_22_reg_742                                     |   8|   0|    8|          0|
    |grp_bfs_Pipeline_loop_neighbors_fu_259_ap_start_reg  |   1|   0|    1|          0|
    |horizon_fu_120                                       |  64|   0|   64|          0|
    |icmp_ln25_reg_770                                    |   1|   0|    1|          0|
    |icmp_ln28_reg_800                                    |   1|   0|    1|          0|
    |level_0_addr_reg_701                                 |   6|   0|    6|          0|
    |level_1_addr_reg_706                                 |   6|   0|    6|          0|
    |level_counts_addr_1_reg_765                          |   3|   0|    3|          0|
    |n_1_reg_750                                          |   9|   0|    9|          0|
    |n_reg_232                                            |   9|   0|    9|          0|
    |targetBlock_reg_804                                  |   1|   0|    1|          0|
    |tmp_13_reg_697                                       |   1|   0|    1|          0|
    |tmp_begin_reg_790                                    |  64|   0|   64|          0|
    |tmp_end_reg_795                                      |  64|   0|   64|          0|
    |trunc_ln24_reg_774                                   |   1|   0|    1|          0|
    +-----------------------------------------------------+----+----+-----+-----------+
    |Total                                                | 576|   0|  579|          3|
    +-----------------------------------------------------+----+----+-----+-----------+



================================================================
== Interface
================================================================
* Summary: 
+-----------------------+-----+-----+------------+---------------+--------------+
|       RTL Ports       | Dir | Bits|  Protocol  | Source Object |    C Type    |
+-----------------------+-----+-----+------------+---------------+--------------+
|ap_clk                 |   in|    1|  ap_ctrl_hs|            bfs|  return value|
|ap_rst                 |   in|    1|  ap_ctrl_hs|            bfs|  return value|
|ap_start               |   in|    1|  ap_ctrl_hs|            bfs|  return value|
|ap_done                |  out|    1|  ap_ctrl_hs|            bfs|  return value|
|ap_idle                |  out|    1|  ap_ctrl_hs|            bfs|  return value|
|ap_ready               |  out|    1|  ap_ctrl_hs|            bfs|  return value|
|nodes_0_address0       |  out|    7|   ap_memory|        nodes_0|         array|
|nodes_0_ce0            |  out|    1|   ap_memory|        nodes_0|         array|
|nodes_0_q0             |   in|  128|   ap_memory|        nodes_0|         array|
|nodes_1_address0       |  out|    7|   ap_memory|        nodes_1|         array|
|nodes_1_ce0            |  out|    1|   ap_memory|        nodes_1|         array|
|nodes_1_q0             |   in|  128|   ap_memory|        nodes_1|         array|
|edges_0_address0       |  out|   10|   ap_memory|        edges_0|         array|
|edges_0_ce0            |  out|    1|   ap_memory|        edges_0|         array|
|edges_0_q0             |   in|  128|   ap_memory|        edges_0|         array|
|edges_0_address1       |  out|   10|   ap_memory|        edges_0|         array|
|edges_0_ce1            |  out|    1|   ap_memory|        edges_0|         array|
|edges_0_q1             |   in|  128|   ap_memory|        edges_0|         array|
|edges_1_address0       |  out|   10|   ap_memory|        edges_1|         array|
|edges_1_ce0            |  out|    1|   ap_memory|        edges_1|         array|
|edges_1_q0             |   in|  128|   ap_memory|        edges_1|         array|
|edges_1_address1       |  out|   10|   ap_memory|        edges_1|         array|
|edges_1_ce1            |  out|    1|   ap_memory|        edges_1|         array|
|edges_1_q1             |   in|  128|   ap_memory|        edges_1|         array|
|starting_node          |   in|   64|     ap_none|  starting_node|        scalar|
|level_0_address0       |  out|    6|   ap_memory|        level_0|         array|
|level_0_ce0            |  out|    1|   ap_memory|        level_0|         array|
|level_0_we0            |  out|    1|   ap_memory|        level_0|         array|
|level_0_d0             |  out|   16|   ap_memory|        level_0|         array|
|level_0_q0             |   in|   16|   ap_memory|        level_0|         array|
|level_1_address0       |  out|    6|   ap_memory|        level_1|         array|
|level_1_ce0            |  out|    1|   ap_memory|        level_1|         array|
|level_1_we0            |  out|    1|   ap_memory|        level_1|         array|
|level_1_d0             |  out|   16|   ap_memory|        level_1|         array|
|level_1_q0             |   in|   16|   ap_memory|        level_1|         array|
|level_counts_address0  |  out|    3|   ap_memory|   level_counts|         array|
|level_counts_ce0       |  out|    1|   ap_memory|   level_counts|         array|
|level_counts_we0       |  out|    1|   ap_memory|   level_counts|         array|
|level_counts_d0        |  out|  128|   ap_memory|   level_counts|         array|
|level_counts_q0        |   in|  128|   ap_memory|   level_counts|         array|
+-----------------------+-----+-----+------------+---------------+--------------+

