

================================================================
== Vitis HLS Report for 'bfs'
================================================================
* Date:           Mon Mar 10 00:12:30 2025

* Version:        2022.1 (Build 3526262 on Mon Apr 18 15:47:01 MDT 2022)
* Project:        bfs_random_prj_p1
* Solution:       solution (Vivado IP Flow Target)
* Product family: virtex7
* Target device:  xc7vx485t-ffg1761-2


================================================================
== Performance Estimates
================================================================
+ Timing: 
    * Summary: 
    +--------+----------+----------+------------+
    |  Clock |  Target  | Estimated| Uncertainty|
    +--------+----------+----------+------------+
    |ap_clk  |  10.00 ns|  5.482 ns|     2.70 ns|
    +--------+----------+----------+------------+

+ Latency: 
    * Summary: 
    +---------+---------+----------+----------+-----+-----+---------+
    |  Latency (cycles) |  Latency (absolute) |  Interval | Pipeline|
    |   min   |   max   |    min   |    max   | min | max |   Type  |
    +---------+---------+----------+----------+-----+-----+---------+
    |        ?|        ?|         ?|         ?|    ?|    ?|       no|
    +---------+---------+----------+----------+-----+-----+---------+

    + Detail: 
        * Instance: 
        +-----------------------------------------+------------------------------+---------+---------+----------+----------+-----+-----+---------+
        |                                         |                              |  Latency (cycles) |  Latency (absolute) |  Interval | Pipeline|
        |                 Instance                |            Module            |   min   |   max   |    min   |    max   | min | max |   Type  |
        +-----------------------------------------+------------------------------+---------+---------+----------+----------+-----+-----+---------+
        |grp_bfs_Pipeline_loop_neighbors_fu_305   |bfs_Pipeline_loop_neighbors   |        ?|        ?|         ?|         ?|    ?|    ?|       no|
        |grp_bfs_Pipeline_loop_neighbors1_fu_321  |bfs_Pipeline_loop_neighbors1  |        ?|        ?|         ?|         ?|    ?|    ?|       no|
        +-----------------------------------------+------------------------------+---------+---------+----------+----------+-----+-----+---------+

        * Loop: 
        +-----------------+---------+---------+----------+-----------+-----------+-------+----------+
        |                 |  Latency (cycles) | Iteration|  Initiation Interval  |  Trip |          |
        |    Loop Name    |   min   |   max   |  Latency |  achieved |   target  | Count | Pipelined|
        +-----------------+---------+---------+----------+-----------+-----------+-------+----------+
        |- loop_horizons  |        ?|        ?|         ?|          -|          -|  1 ~ 5|        no|
        | + loop_nodes    |        ?|        ?|         ?|          -|          -|    256|        no|
        | + loop_nodes    |        ?|        ?|         ?|          -|          -|    256|        no|
        +-----------------+---------+---------+----------+-----------+-----------+-------+----------+



================================================================
== Utilization Estimates
================================================================
* Summary: 
+-----------------+---------+------+--------+--------+-----+
|       Name      | BRAM_18K|  DSP |   FF   |   LUT  | URAM|
+-----------------+---------+------+--------+--------+-----+
|DSP              |        -|     -|       -|       -|    -|
|Expression       |        -|     -|       0|     232|    -|
|FIFO             |        -|     -|       -|       -|    -|
|Instance         |        -|     -|     916|    2292|    -|
|Memory           |        -|     -|       -|       -|    -|
|Multiplexer      |        -|     -|       -|     353|    -|
|Register         |        -|     -|     596|       -|    -|
+-----------------+---------+------+--------+--------+-----+
|Total            |        0|     0|    1512|    2877|    0|
+-----------------+---------+------+--------+--------+-----+
|Available        |     2060|  2800|  607200|  303600|    0|
+-----------------+---------+------+--------+--------+-----+
|Utilization (%)  |        0|     0|      ~0|      ~0|    0|
+-----------------+---------+------+--------+--------+-----+

+ Detail: 
    * Instance: 
    +-----------------------------------------+------------------------------+---------+----+-----+------+-----+
    |                 Instance                |            Module            | BRAM_18K| DSP|  FF |  LUT | URAM|
    +-----------------------------------------+------------------------------+---------+----+-----+------+-----+
    |grp_bfs_Pipeline_loop_neighbors_fu_305   |bfs_Pipeline_loop_neighbors   |        0|   0|  458|  1128|    0|
    |grp_bfs_Pipeline_loop_neighbors1_fu_321  |bfs_Pipeline_loop_neighbors1  |        0|   0|  458|  1128|    0|
    |mux_21_64_1_1_U20                        |mux_21_64_1_1                 |        0|   0|    0|     9|    0|
    |mux_21_64_1_1_U21                        |mux_21_64_1_1                 |        0|   0|    0|     9|    0|
    |mux_21_64_1_1_U22                        |mux_21_64_1_1                 |        0|   0|    0|     9|    0|
    |mux_21_64_1_1_U23                        |mux_21_64_1_1                 |        0|   0|    0|     9|    0|
    +-----------------------------------------+------------------------------+---------+----+-----+------+-----+
    |Total                                    |                              |        0|   0|  916|  2292|    0|
    +-----------------------------------------+------------------------------+---------+----+-----+------+-----+

    * DSP: 
    N/A

    * Memory: 
    N/A

    * FIFO: 
    N/A

    * Expression: 
    +-----------------------+----------+----+---+----+------------+------------+
    |     Variable Name     | Operation| DSP| FF| LUT| Bitwidth P0| Bitwidth P1|
    +-----------------------+----------+----+---+----+------------+------------+
    |add_ln21_fu_510_p2     |         +|   0|  0|  13|           4|           2|
    |add_ln39_fu_539_p2     |         +|   0|  0|  14|           7|           5|
    |n_2_fu_404_p2          |         +|   0|  0|  16|           9|           1|
    |n_3_fu_521_p2          |         +|   0|  0|  16|           9|           1|
    |icmp_ln21_fu_378_p2    |      icmp|   0|  0|   9|           4|           4|
    |icmp_ln24_1_fu_515_p2  |      icmp|   0|  0|  11|           9|          10|
    |icmp_ln24_fu_398_p2    |      icmp|   0|  0|  11|           9|          10|
    |icmp_ln25_1_fu_564_p2  |      icmp|   0|  0|  11|           8|           8|
    |icmp_ln25_fu_433_p2    |      icmp|   0|  0|  11|           8|           8|
    |icmp_ln28_1_fu_613_p2  |      icmp|   0|  0|  29|          64|          64|
    |icmp_ln28_fu_482_p2    |      icmp|   0|  0|  29|          64|          64|
    |icmp_ln39_1_fu_636_p2  |      icmp|   0|  0|  29|          64|           1|
    |icmp_ln39_fu_504_p2    |      icmp|   0|  0|  29|          64|           1|
    |conv20_fu_388_p2       |        or|   0|  0|   4|           4|           1|
    +-----------------------+----------+----+---+----+------------+------------+
    |Total                  |          |   0|  0| 232|         327|         180|
    +-----------------------+----------+----+---+----+------------+------------+

    * Multiplexer: 
    +--------------------------------+----+-----------+-----+-----------+
    |              Name              | LUT| Input Size| Bits| Total Bits|
    +--------------------------------+----+-----------+-----+-----------+
    |ap_NS_fsm                       |  81|         17|    1|         17|
    |ap_phi_mux_cnt_5_phi_fu_294_p6  |   9|          2|   64|        128|
    |cnt_1_reg_266                   |   9|          2|   64|        128|
    |cnt_3_reg_251                   |   9|          2|   64|        128|
    |cnt_5_reg_290                   |   9|          2|   64|        128|
    |cnt_reg_227                     |   9|          2|   64|        128|
    |edges_0_address0                |  13|          3|   10|         30|
    |edges_0_ce0                     |  13|          3|    1|          3|
    |edges_1_address0                |  13|          3|   10|         30|
    |edges_1_ce0                     |  13|          3|    1|          3|
    |horizon_fu_106                  |   9|          2|    4|          8|
    |level_address0                  |  25|          6|    8|         48|
    |level_ce0                       |  17|          4|    1|          4|
    |level_counts_address0           |  29|          7|    3|         21|
    |level_counts_d0                 |  17|          4|  128|        512|
    |level_d0                        |  17|          4|    8|         32|
    |level_we0                       |  17|          4|    1|          4|
    |n_1_reg_278                     |   9|          2|    9|         18|
    |n_reg_239                       |   9|          2|    9|         18|
    |nodes_0_address0                |  13|          3|    7|         21|
    |nodes_1_address0                |  13|          3|    7|         21|
    +--------------------------------+----+-----------+-----+-----------+
    |Total                           | 353|         80|  528|       1430|
    +--------------------------------+----+-----------+-----+-----------+

    * Register: 
    +------------------------------------------------------+----+----+-----+-----------+
    |                         Name                         | FF | LUT| Bits| Const Bits|
    +------------------------------------------------------+----+----+-----+-----------+
    |add_ln21_reg_749                                      |   4|   0|    4|          0|
    |ap_CS_fsm                                             |  16|   0|   16|          0|
    |cnt_1_reg_266                                         |  64|   0|   64|          0|
    |cnt_3_reg_251                                         |  64|   0|   64|          0|
    |cnt_5_reg_290                                         |  64|   0|   64|          0|
    |cnt_reg_227                                           |  64|   0|   64|          0|
    |conv20_reg_682                                        |   3|   0|    4|          1|
    |grp_bfs_Pipeline_loop_neighbors1_fu_321_ap_start_reg  |   1|   0|    1|          0|
    |grp_bfs_Pipeline_loop_neighbors_fu_305_ap_start_reg   |   1|   0|    1|          0|
    |horizon_fu_106                                        |   4|   0|    4|          0|
    |icmp_ln21_reg_673                                     |   1|   0|    1|          0|
    |icmp_ln25_1_reg_779                                   |   1|   0|    1|          0|
    |icmp_ln28_1_reg_803                                   |   1|   0|    1|          0|
    |icmp_ln39_reg_745                                     |   1|   0|    1|          0|
    |level_counts_addr_1_reg_705                           |   3|   0|    3|          0|
    |level_counts_addr_2_reg_768                           |   3|   0|    3|          0|
    |n_1_reg_278                                           |   9|   0|    9|          0|
    |n_2_reg_695                                           |   9|   0|    9|          0|
    |n_3_reg_758                                           |   9|   0|    9|          0|
    |n_reg_239                                             |   9|   0|    9|          0|
    |tmp_begin_1_reg_793                                   |  64|   0|   64|          0|
    |tmp_begin_reg_729                                     |  64|   0|   64|          0|
    |tmp_end_1_reg_798                                     |  64|   0|   64|          0|
    |tmp_end_reg_734                                       |  64|   0|   64|          0|
    |trunc_ln24_1_reg_773                                  |   1|   0|    1|          0|
    |trunc_ln24_reg_710                                    |   1|   0|    1|          0|
    |zext_ln21_reg_677                                     |   4|   0|    8|          4|
    |zext_ln24_reg_687                                     |   3|   0|    8|          5|
    +------------------------------------------------------+----+----+-----+-----------+
    |Total                                                 | 596|   0|  606|         10|
    +------------------------------------------------------+----+----+-----+-----------+



================================================================
== Interface
================================================================
* Summary: 
+-----------------------+-----+-----+------------+---------------+--------------+
|       RTL Ports       | Dir | Bits|  Protocol  | Source Object |    C Type    |
+-----------------------+-----+-----+------------+---------------+--------------+
|ap_clk                 |   in|    1|  ap_ctrl_hs|            bfs|  return value|
|ap_rst                 |   in|    1|  ap_ctrl_hs|            bfs|  return value|
|ap_start               |   in|    1|  ap_ctrl_hs|            bfs|  return value|
|ap_done                |  out|    1|  ap_ctrl_hs|            bfs|  return value|
|ap_idle                |  out|    1|  ap_ctrl_hs|            bfs|  return value|
|ap_ready               |  out|    1|  ap_ctrl_hs|            bfs|  return value|
|nodes_0_address0       |  out|    7|   ap_memory|        nodes_0|         array|
|nodes_0_ce0            |  out|    1|   ap_memory|        nodes_0|         array|
|nodes_0_q0             |   in|  128|   ap_memory|        nodes_0|         array|
|nodes_1_address0       |  out|    7|   ap_memory|        nodes_1|         array|
|nodes_1_ce0            |  out|    1|   ap_memory|        nodes_1|         array|
|nodes_1_q0             |   in|  128|   ap_memory|        nodes_1|         array|
|edges_0_address0       |  out|   10|   ap_memory|        edges_0|         array|
|edges_0_ce0            |  out|    1|   ap_memory|        edges_0|         array|
|edges_0_q0             |   in|  128|   ap_memory|        edges_0|         array|
|edges_1_address0       |  out|   10|   ap_memory|        edges_1|         array|
|edges_1_ce0            |  out|    1|   ap_memory|        edges_1|         array|
|edges_1_q0             |   in|  128|   ap_memory|        edges_1|         array|
|starting_node          |   in|   64|     ap_none|  starting_node|        scalar|
|level_address0         |  out|    8|   ap_memory|          level|         array|
|level_ce0              |  out|    1|   ap_memory|          level|         array|
|level_we0              |  out|    1|   ap_memory|          level|         array|
|level_d0               |  out|    8|   ap_memory|          level|         array|
|level_q0               |   in|    8|   ap_memory|          level|         array|
|level_counts_address0  |  out|    3|   ap_memory|   level_counts|         array|
|level_counts_ce0       |  out|    1|   ap_memory|   level_counts|         array|
|level_counts_we0       |  out|    1|   ap_memory|   level_counts|         array|
|level_counts_d0        |  out|  128|   ap_memory|   level_counts|         array|
|level_counts_q0        |   in|  128|   ap_memory|   level_counts|         array|
+-----------------------+-----+-----+------------+---------------+--------------+

