

================================================================
== Vitis HLS Report for 'bfs'
================================================================
* Date:           Mon Mar 10 00:12:05 2025

* Version:        2022.1 (Build 3526262 on Mon Apr 18 15:47:01 MDT 2022)
* Project:        bfs_random_prj_p1
* Solution:       solution (Vivado IP Flow Target)
* Product family: virtex7
* Target device:  xc7vx485t-ffg1761-2


================================================================
== Performance Estimates
================================================================
+ Timing: 
    * Summary: 
    +--------+----------+----------+------------+
    |  Clock |  Target  | Estimated| Uncertainty|
    +--------+----------+----------+------------+
    |ap_clk  |  10.00 ns|  6.904 ns|     2.70 ns|
    +--------+----------+----------+------------+

+ Latency: 
    * Summary: 
    +---------+---------+----------+----------+-----+-----+---------+
    |  Latency (cycles) |  Latency (absolute) |  Interval | Pipeline|
    |   min   |   max   |    min   |    max   | min | max |   Type  |
    +---------+---------+----------+----------+-----+-----+---------+
    |        ?|        ?|         ?|         ?|    ?|    ?|       no|
    +---------+---------+----------+----------+-----+-----+---------+

    + Detail: 
        * Instance: 
        +-----------------------------------------+------------------------------+---------+---------+----------+----------+-----+-----+---------+
        |                                         |                              |  Latency (cycles) |  Latency (absolute) |  Interval | Pipeline|
        |                 Instance                |            Module            |   min   |   max   |    min   |    max   | min | max |   Type  |
        +-----------------------------------------+------------------------------+---------+---------+----------+----------+-----+-----+---------+
        |grp_bfs_Pipeline_loop_neighbors_fu_375   |bfs_Pipeline_loop_neighbors   |        ?|        ?|         ?|         ?|    ?|    ?|       no|
        |grp_bfs_Pipeline_loop_neighbors1_fu_389  |bfs_Pipeline_loop_neighbors1  |        ?|        ?|         ?|         ?|    ?|    ?|       no|
        |grp_bfs_Pipeline_loop_neighbors2_fu_403  |bfs_Pipeline_loop_neighbors2  |        ?|        ?|         ?|         ?|    ?|    ?|       no|
        |grp_bfs_Pipeline_loop_neighbors3_fu_417  |bfs_Pipeline_loop_neighbors3  |        ?|        ?|         ?|         ?|    ?|    ?|       no|
        +-----------------------------------------+------------------------------+---------+---------+----------+----------+-----+-----+---------+

        * Loop: 
        +-----------------+---------+---------+----------+-----------+-----------+-------+----------+
        |                 |  Latency (cycles) | Iteration|  Initiation Interval  |  Trip |          |
        |    Loop Name    |   min   |   max   |  Latency |  achieved |   target  | Count | Pipelined|
        +-----------------+---------+---------+----------+-----------+-----------+-------+----------+
        |- loop_horizons  |        ?|        ?|         ?|          -|          -|  1 ~ 5|        no|
        | + loop_nodes    |        ?|        ?|         ?|          -|          -|    128|        no|
        | + loop_nodes    |        ?|        ?|         ?|          -|          -|    128|        no|
        +-----------------+---------+---------+----------+-----------+-----------+-------+----------+



================================================================
== Utilization Estimates
================================================================
* Summary: 
+-----------------+---------+------+--------+--------+-----+
|       Name      | BRAM_18K|  DSP |   FF   |   LUT  | URAM|
+-----------------+---------+------+--------+--------+-----+
|DSP              |        -|     -|       -|       -|    -|
|Expression       |        -|     -|       0|    2712|    -|
|FIFO             |        -|     -|       -|       -|    -|
|Instance         |        -|     0|     678|    2784|    -|
|Memory           |        -|     -|       -|       -|    -|
|Multiplexer      |        -|     -|       -|     492|    -|
|Register         |        -|     -|     823|       -|    -|
+-----------------+---------+------+--------+--------+-----+
|Total            |        0|     0|    1501|    5988|    0|
+-----------------+---------+------+--------+--------+-----+
|Available        |     2060|  2800|  607200|  303600|    0|
+-----------------+---------+------+--------+--------+-----+
|Utilization (%)  |        0|     0|      ~0|       1|    0|
+-----------------+---------+------+--------+--------+-----+

+ Detail: 
    * Instance: 
    +-----------------------------------------+------------------------------+---------+----+-----+-----+-----+
    |                 Instance                |            Module            | BRAM_18K| DSP|  FF | LUT | URAM|
    +-----------------------------------------+------------------------------+---------+----+-----+-----+-----+
    |grp_bfs_Pipeline_loop_neighbors_fu_375   |bfs_Pipeline_loop_neighbors   |        0|   0|  147|  678|    0|
    |grp_bfs_Pipeline_loop_neighbors1_fu_389  |bfs_Pipeline_loop_neighbors1  |        0|   0|  147|  678|    0|
    |grp_bfs_Pipeline_loop_neighbors2_fu_403  |bfs_Pipeline_loop_neighbors2  |        0|   0|  147|  678|    0|
    |grp_bfs_Pipeline_loop_neighbors3_fu_417  |bfs_Pipeline_loop_neighbors3  |        0|   0|  147|  678|    0|
    |mul_3ns_5ns_7_1_1_U30                    |mul_3ns_5ns_7_1_1             |        0|   0|    0|   17|    0|
    |mul_3ns_5ns_7_1_1_U31                    |mul_3ns_5ns_7_1_1             |        0|   0|    0|   17|    0|
    |urem_3ns_3ns_3_7_seq_1_U29               |urem_3ns_3ns_3_7_seq_1        |        0|   0|   45|   19|    0|
    |urem_3ns_3ns_3_7_seq_1_U32               |urem_3ns_3ns_3_7_seq_1        |        0|   0|   45|   19|    0|
    +-----------------------------------------+------------------------------+---------+----+-----+-----+-----+
    |Total                                    |                              |        0|   0|  678| 2784|    0|
    +-----------------------------------------+------------------------------+---------+----+-----+-----+-----+

    * DSP: 
    N/A

    * Memory: 
    N/A

    * FIFO: 
    N/A

    * Expression: 
    +-----------------------+----------+----+---+-----+------------+------------+
    |     Variable Name     | Operation| DSP| FF| LUT | Bitwidth P0| Bitwidth P1|
    +-----------------------+----------+----+---+-----+------------+------------+
    |add_ln21_fu_712_p2     |         +|   0|  0|   13|           4|           2|
    |add_ln39_fu_730_p2     |         +|   0|  0|   11|           3|           1|
    |n_4_fu_631_p2          |         +|   0|  0|   16|           9|           2|
    |n_7_fu_801_p2          |         +|   0|  0|   16|           9|           2|
    |and_ln39_1_fu_835_p2   |       and|   0|  0|  128|         128|         128|
    |and_ln39_fu_683_p2     |       and|   0|  0|  128|         128|         128|
    |grp_fu_431_p2          |      icmp|   0|  0|   11|           8|           8|
    |grp_fu_482_p2          |      icmp|   0|  0|   29|          64|          64|
    |grp_fu_488_p2          |      icmp|   0|  0|   11|           8|           8|
    |icmp_ln21_fu_542_p2    |      icmp|   0|  0|    9|           4|           4|
    |icmp_ln28_2_fu_773_p2  |      icmp|   0|  0|   29|          64|          64|
    |icmp_ln28_fu_604_p2    |      icmp|   0|  0|   29|          64|          64|
    |icmp_ln39_1_fu_858_p2  |      icmp|   0|  0|   29|          64|           1|
    |icmp_ln39_fu_706_p2    |      icmp|   0|  0|   29|          64|           1|
    |conv20_fu_552_p2       |        or|   0|  0|    4|           4|           1|
    |level_counts_1_d0      |        or|   0|  0|  128|         128|         128|
    |n_2_fu_613_p2          |        or|   0|  0|    8|           8|           1|
    |n_6_fu_782_p2          |        or|   0|  0|    8|           8|           1|
    |or_ln39_1_fu_851_p2    |        or|   0|  0|  128|         128|         128|
    |shl_ln39_2_fu_693_p2   |       shl|   0|  0|  423|         128|         128|
    |shl_ln39_3_fu_823_p2   |       shl|   0|  0|  423|          64|         128|
    |shl_ln39_4_fu_845_p2   |       shl|   0|  0|  423|         128|         128|
    |shl_ln39_fu_671_p2     |       shl|   0|  0|  423|          64|         128|
    |xor_ln39_1_fu_829_p2   |       xor|   0|  0|  128|         128|           2|
    |xor_ln39_fu_677_p2     |       xor|   0|  0|  128|         128|           2|
    +-----------------------+----------+----+---+-----+------------+------------+
    |Total                  |          |   0|  0| 2712|        1537|        1252|
    +-----------------------+----------+----+---+-----+------------+------------+

    * Multiplexer: 
    +--------------------------------+-----+-----------+-----+-----------+
    |              Name              | LUT | Input Size| Bits| Total Bits|
    +--------------------------------+-----+-----------+-----+-----------+
    |ap_NS_fsm                       |  168|         37|    1|         37|
    |ap_phi_mux_cnt_8_phi_fu_364_p6  |    9|          2|   64|        128|
    |cnt_1_reg_322                   |    9|          2|   64|        128|
    |cnt_3_reg_293                   |    9|          2|   64|        128|
    |cnt_6_reg_307                   |   13|          3|   64|        192|
    |cnt_7_reg_346                   |    9|          2|   64|        128|
    |cnt_8_reg_360                   |   13|          3|   64|        192|
    |cnt_reg_269                     |    9|          2|   64|        128|
    |edges_address0                  |   21|          5|   11|         55|
    |edges_ce0                       |   21|          5|    1|          5|
    |horizon_fu_124                  |    9|          2|    4|          8|
    |level_address0                  |   41|         10|    8|         80|
    |level_ce0                       |   25|          6|    1|          6|
    |level_counts_0_address0         |   21|          5|    2|         10|
    |level_counts_0_d0               |   13|          3|  128|        384|
    |level_counts_1_address0         |   13|          3|    2|          6|
    |level_d0                        |   25|          6|    8|         48|
    |level_we0                       |   25|          6|    1|          6|
    |n_1_reg_334                     |    9|          2|    9|         18|
    |n_reg_281                       |    9|          2|    9|         18|
    |nodes_address0                  |   21|          5|    7|         35|
    +--------------------------------+-----+-----------+-----+-----------+
    |Total                           |  492|        113|  640|       1740|
    +--------------------------------+-----+-----------+-----+-----------+

    * Register: 
    +------------------------------------------------------+----+----+-----+-----------+
    |                         Name                         | FF | LUT| Bits| Const Bits|
    +------------------------------------------------------+----+----+-----+-----------+
    |add_ln21_reg_1003                                     |   4|   0|    4|          0|
    |ap_CS_fsm                                             |  36|   0|   36|          0|
    |cnt_1_reg_322                                         |  64|   0|   64|          0|
    |cnt_3_reg_293                                         |  64|   0|   64|          0|
    |cnt_6_reg_307                                         |  64|   0|   64|          0|
    |cnt_7_reg_346                                         |  64|   0|   64|          0|
    |cnt_8_reg_360                                         |  64|   0|   64|          0|
    |cnt_reg_269                                           |  64|   0|   64|          0|
    |conv20_reg_916                                        |   3|   0|    4|          1|
    |grp_bfs_Pipeline_loop_neighbors1_fu_389_ap_start_reg  |   1|   0|    1|          0|
    |grp_bfs_Pipeline_loop_neighbors2_fu_403_ap_start_reg  |   1|   0|    1|          0|
    |grp_bfs_Pipeline_loop_neighbors3_fu_417_ap_start_reg  |   1|   0|    1|          0|
    |grp_bfs_Pipeline_loop_neighbors_fu_375_ap_start_reg   |   1|   0|    1|          0|
    |horizon_fu_124                                        |   4|   0|    4|          0|
    |icmp_ln21_reg_907                                     |   1|   0|    1|          0|
    |icmp_ln25_1_reg_1033                                  |   1|   0|    1|          0|
    |icmp_ln25_2_reg_973                                   |   1|   0|    1|          0|
    |icmp_ln25_3_reg_1059                                  |   1|   0|    1|          0|
    |icmp_ln25_reg_947                                     |   1|   0|    1|          0|
    |icmp_ln28_1_reg_982                                   |   1|   0|    1|          0|
    |icmp_ln28_2_reg_1047                                  |   1|   0|    1|          0|
    |icmp_ln28_3_reg_1068                                  |   1|   0|    1|          0|
    |icmp_ln28_reg_961                                     |   1|   0|    1|          0|
    |icmp_ln39_reg_999                                     |   1|   0|    1|          0|
    |level_counts_0_addr_1_reg_1077                        |   2|   0|    2|          0|
    |level_counts_1_addr_reg_994                           |   2|   0|    2|          0|
    |n_1_reg_334                                           |   9|   0|    9|          0|
    |n_4_reg_989                                           |   9|   0|    9|          0|
    |n_reg_281                                             |   9|   0|    9|          0|
    |reg_503                                               |  64|   0|   64|          0|
    |reg_509                                               |  64|   0|   64|          0|
    |reg_515                                               |  64|   0|   64|          0|
    |tmp_4_reg_1023                                        |   1|   0|    1|          0|
    |tmp_begin_1_reg_1042                                  |  64|   0|   64|          0|
    |tmp_begin_reg_956                                     |  64|   0|   64|          0|
    |trunc_ln1_reg_935                                     |   3|   0|    3|          0|
    |trunc_ln24_1_reg_1028                                 |   8|   0|    8|          0|
    |trunc_ln24_reg_942                                    |   8|   0|    8|          0|
    |zext_ln21_reg_911                                     |   4|   0|    8|          4|
    |zext_ln24_reg_922                                     |   3|   0|    8|          5|
    +------------------------------------------------------+----+----+-----+-----------+
    |Total                                                 | 823|   0|  833|         10|
    +------------------------------------------------------+----+----+-----+-----------+



================================================================
== Interface
================================================================
* Summary: 
+-------------------------+-----+-----+------------+----------------+--------------+
|        RTL Ports        | Dir | Bits|  Protocol  |  Source Object |    C Type    |
+-------------------------+-----+-----+------------+----------------+--------------+
|ap_clk                   |   in|    1|  ap_ctrl_hs|             bfs|  return value|
|ap_rst                   |   in|    1|  ap_ctrl_hs|             bfs|  return value|
|ap_start                 |   in|    1|  ap_ctrl_hs|             bfs|  return value|
|ap_done                  |  out|    1|  ap_ctrl_hs|             bfs|  return value|
|ap_idle                  |  out|    1|  ap_ctrl_hs|             bfs|  return value|
|ap_ready                 |  out|    1|  ap_ctrl_hs|             bfs|  return value|
|nodes_address0           |  out|    7|   ap_memory|           nodes|         array|
|nodes_ce0                |  out|    1|   ap_memory|           nodes|         array|
|nodes_q0                 |   in|  256|   ap_memory|           nodes|         array|
|edges_address0           |  out|   11|   ap_memory|           edges|         array|
|edges_ce0                |  out|    1|   ap_memory|           edges|         array|
|edges_q0                 |   in|  128|   ap_memory|           edges|         array|
|starting_node            |   in|   64|     ap_none|   starting_node|        scalar|
|level_address0           |  out|    8|   ap_memory|           level|         array|
|level_ce0                |  out|    1|   ap_memory|           level|         array|
|level_we0                |  out|    1|   ap_memory|           level|         array|
|level_d0                 |  out|    8|   ap_memory|           level|         array|
|level_q0                 |   in|    8|   ap_memory|           level|         array|
|level_counts_0_address0  |  out|    2|   ap_memory|  level_counts_0|         array|
|level_counts_0_ce0       |  out|    1|   ap_memory|  level_counts_0|         array|
|level_counts_0_we0       |  out|    1|   ap_memory|  level_counts_0|         array|
|level_counts_0_d0        |  out|  128|   ap_memory|  level_counts_0|         array|
|level_counts_0_q0        |   in|  128|   ap_memory|  level_counts_0|         array|
|level_counts_1_address0  |  out|    2|   ap_memory|  level_counts_1|         array|
|level_counts_1_ce0       |  out|    1|   ap_memory|  level_counts_1|         array|
|level_counts_1_we0       |  out|    1|   ap_memory|  level_counts_1|         array|
|level_counts_1_d0        |  out|  128|   ap_memory|  level_counts_1|         array|
|level_counts_1_q0        |   in|  128|   ap_memory|  level_counts_1|         array|
+-------------------------+-----+-----+------------+----------------+--------------+

