

================================================================
== Vitis HLS Report for 'bfs'
================================================================
* Date:           Mon Mar 10 00:10:51 2025

* Version:        2022.1 (Build 3526262 on Mon Apr 18 15:47:01 MDT 2022)
* Project:        bfs_random_prj_p1
* Solution:       solution (Vivado IP Flow Target)
* Product family: virtex7
* Target device:  xc7vx485t-ffg1761-2


================================================================
== Performance Estimates
================================================================
+ Timing: 
    * Summary: 
    +--------+----------+----------+------------+
    |  Clock |  Target  | Estimated| Uncertainty|
    +--------+----------+----------+------------+
    |ap_clk  |  10.00 ns|  7.139 ns|     2.70 ns|
    +--------+----------+----------+------------+

+ Latency: 
    * Summary: 
    +---------+---------+----------+----------+-----+-----+---------+
    |  Latency (cycles) |  Latency (absolute) |  Interval | Pipeline|
    |   min   |   max   |    min   |    max   | min | max |   Type  |
    +---------+---------+----------+----------+-----+-----+---------+
    |        ?|        ?|         ?|         ?|    ?|    ?|       no|
    +---------+---------+----------+----------+-----+-----+---------+

    + Detail: 
        * Instance: 
        N/A

        * Loop: 
        +---------------------+---------+---------+----------+-----------+-----------+------+----------+
        |                     |  Latency (cycles) | Iteration|  Initiation Interval  | Trip |          |
        |      Loop Name      |   min   |   max   |  Latency |  achieved |   target  | Count| Pipelined|
        +---------------------+---------+---------+----------+-----------+-----------+------+----------+
        |- loop_horizons      |        ?|        ?|         ?|          -|          -|     ?|        no|
        | + loop_nodes        |        ?|        ?|         ?|          -|          -|   128|        no|
        |  ++ loop_neighbors  |        ?|        ?|         7|          -|          -|     ?|        no|
        |  ++ loop_neighbors  |        ?|        ?|         7|          -|          -|     ?|        no|
        +---------------------+---------+---------+----------+-----------+-----------+------+----------+



================================================================
== Utilization Estimates
================================================================
* Summary: 
+-----------------+---------+------+--------+--------+-----+
|       Name      | BRAM_18K|  DSP |   FF   |   LUT  | URAM|
+-----------------+---------+------+--------+--------+-----+
|DSP              |        -|     -|       -|       -|    -|
|Expression       |        -|     -|       0|    2749|    -|
|FIFO             |        -|     -|       -|       -|    -|
|Instance         |        -|     6|    1140|     693|    -|
|Memory           |        -|     -|       -|       -|    -|
|Multiplexer      |        -|     -|       -|     793|    -|
|Register         |        -|     -|    2112|       -|    -|
+-----------------+---------+------+--------+--------+-----+
|Total            |        0|     6|    3252|    4235|    0|
+-----------------+---------+------+--------+--------+-----+
|Available        |     2060|  2800|  607200|  303600|    0|
+-----------------+---------+------+--------+--------+-----+
|Utilization (%)  |        0|    ~0|      ~0|       1|    0|
+-----------------+---------+------+--------+--------+-----+

+ Detail: 
    * Instance: 
    +------------------------------+---------------------------+---------+----+-----+-----+-----+
    |           Instance           |           Module          | BRAM_18K| DSP|  FF | LUT | URAM|
    +------------------------------+---------------------------+---------+----+-----+-----+-----+
    |mul_64ns_66ns_68_2_1_U7       |mul_64ns_66ns_68_2_1       |        0|   6|  361|  179|    0|
    |mux_21_8_1_1_U1               |mux_21_8_1_1               |        0|   0|    0|    9|    0|
    |mux_257_8_1_1_U3              |mux_257_8_1_1              |        0|   0|    0|    9|    0|
    |mux_257_8_1_1_U4              |mux_257_8_1_1              |        0|   0|    0|    9|    0|
    |mux_257_8_1_1_U5              |mux_257_8_1_1              |        0|   0|    0|    9|    0|
    |mux_257_8_1_1_U6              |mux_257_8_1_1              |        0|   0|    0|    9|    0|
    |urem_64ns_4ns_64_68_seq_1_U2  |urem_64ns_4ns_64_68_seq_1  |        0|   0|  779|  469|    0|
    +------------------------------+---------------------------+---------+----+-----+-----+-----+
    |Total                         |                           |        0|   6| 1140|  693|    0|
    +------------------------------+---------------------------+---------+----+-----+-----+-----+

    * DSP: 
    N/A

    * Memory: 
    N/A

    * FIFO: 
    N/A

    * Expression: 
    +------------------------+----------+----+---+-----+------------+------------+
    |      Variable Name     | Operation| DSP| FF| LUT | Bitwidth P0| Bitwidth P1|
    +------------------------+----------+----+---+-----+------------+------------+
    |add_ln21_fu_558_p2      |         +|   0|  0|   71|          64|           1|
    |add_ln28_1_fu_815_p2    |         +|   0|  0|   71|          64|           2|
    |add_ln28_2_fu_959_p2    |         +|   0|  0|   71|          64|           1|
    |add_ln28_3_fu_1054_p2   |         +|   0|  0|   71|          64|           2|
    |add_ln28_4_fu_726_p2    |         +|   0|  0|   18|          11|           1|
    |add_ln28_5_fu_965_p2    |         +|   0|  0|   18|          11|           1|
    |add_ln28_fu_720_p2      |         +|   0|  0|   71|          64|           1|
    |add_ln34_1_fu_809_p2    |         +|   0|  0|   71|          64|           1|
    |add_ln34_2_fu_953_p2    |         +|   0|  0|   71|          64|           1|
    |add_ln34_3_fu_1048_p2   |         +|   0|  0|   71|          64|           1|
    |add_ln34_fu_714_p2      |         +|   0|  0|   71|          64|           1|
    |empty_13_fu_564_p2      |         +|   0|  0|   15|           8|           1|
    |n_2_fu_1060_p2          |         +|   0|  0|   16|           9|           2|
    |and_ln39_fu_1094_p2     |       and|   0|  0|    2|           1|           1|
    |icmp_ln21_fu_1089_p2    |      icmp|   0|  0|   29|          64|           4|
    |icmp_ln25_1_fu_855_p2   |      icmp|   0|  0|   29|          64|          64|
    |icmp_ln25_fu_616_p2     |      icmp|   0|  0|   29|          64|          64|
    |icmp_ln28_1_fu_631_p2   |      icmp|   0|  0|   29|          64|          64|
    |icmp_ln28_2_fu_864_p2   |      icmp|   0|  0|   29|          64|          64|
    |icmp_ln28_3_fu_731_p2   |      icmp|   0|  0|   29|          64|          64|
    |icmp_ln28_4_fu_870_p2   |      icmp|   0|  0|   29|          64|          64|
    |icmp_ln28_5_fu_970_p2   |      icmp|   0|  0|   29|          64|          64|
    |icmp_ln28_fu_625_p2     |      icmp|   0|  0|   29|          64|          64|
    |icmp_ln32_1_fu_796_p2   |      icmp|   0|  0|   11|           8|           7|
    |icmp_ln32_2_fu_940_p2   |      icmp|   0|  0|   11|           8|           7|
    |icmp_ln32_3_fu_1035_p2  |      icmp|   0|  0|   11|           8|           7|
    |icmp_ln32_fu_701_p2     |      icmp|   0|  0|   11|           8|           7|
    |icmp_ln39_fu_1083_p2    |      icmp|   0|  0|   29|          64|           1|
    |lshr_ln29_1_fu_761_p2   |      lshr|   0|  0|  423|         128|         128|
    |lshr_ln29_2_fu_905_p2   |      lshr|   0|  0|  423|         128|         128|
    |lshr_ln29_3_fu_1000_p2  |      lshr|   0|  0|  423|         128|         128|
    |lshr_ln29_fu_666_p2     |      lshr|   0|  0|  423|         128|         128|
    |n_1_fu_836_p2           |        or|   0|  0|    8|           8|           1|
    |or_ln16_fu_821_p2       |        or|   0|  0|    7|           7|           1|
    +------------------------+----------+----+---+-----+------------+------------+
    |Total                   |          |   0|  0| 2749|        1815|        1076|
    +------------------------+----------+----+---+-----+------------+------------+

    * Multiplexer: 
    +-------------------------+-----+-----------+-----+-----------+
    |           Name          | LUT | Input Size| Bits| Total Bits|
    +-------------------------+-----+-----------+-----+-----------+
    |ap_NS_fsm                |  461|         93|    1|         93|
    |cnt_1_0_reg_362          |    9|          2|   64|        128|
    |cnt_1_ph_reg_406         |    9|          2|   64|        128|
    |cnt_1_reg_418            |    9|          2|   64|        128|
    |cnt_2_0_reg_383          |    9|          2|   64|        128|
    |cnt_2_1_reg_394          |    9|          2|   64|        128|
    |cnt_2_ph_reg_477         |    9|          2|   64|        128|
    |cnt_2_reg_489            |    9|          2|   64|        128|
    |cnt_5_0_reg_433          |    9|          2|   64|        128|
    |cnt_8_0_reg_454          |    9|          2|   64|        128|
    |cnt_8_1_reg_465          |    9|          2|   64|        128|
    |cnt_reg_336              |    9|          2|   64|        128|
    |e_1_0_reg_373            |    9|          2|   64|        128|
    |e_4_0_reg_444            |    9|          2|   64|        128|
    |edges_address0           |   21|          5|   11|         55|
    |grp_fu_505_p3            |   13|          3|    1|          3|
    |horizon_fu_108           |    9|          2|   64|        128|
    |level_0_address0         |   49|         12|    7|         84|
    |level_0_d0               |   13|          3|    8|         24|
    |level_1_address0         |   49|         12|    7|         84|
    |level_1_d0               |   13|          3|    8|         24|
    |level_counts_0_address0  |   13|          3|    3|          9|
    |level_counts_0_d0        |   13|          3|   64|        192|
    |n_reg_350                |    9|          2|    9|         18|
    |nodes_address0           |   13|          3|    8|         24|
    +-------------------------+-----+-----------+-----+-----------+
    |Total                    |  793|        170| 1023|       2402|
    +-------------------------+-----+-----------+-----+-----------+

    * Register: 
    +-------------------------+-----+----+-----+-----------+
    |           Name          |  FF | LUT| Bits| Const Bits|
    +-------------------------+-----+----+-----+-----------+
    |add_ln21_reg_1117        |   64|   0|   64|          0|
    |add_ln28_1_reg_1265      |   64|   0|   64|          0|
    |add_ln28_3_reg_1386      |   64|   0|   64|          0|
    |ap_CS_fsm                |   92|   0|   92|          0|
    |cnt_1_0_reg_362          |   64|   0|   64|          0|
    |cnt_1_ph_reg_406         |   64|   0|   64|          0|
    |cnt_1_reg_418            |   64|   0|   64|          0|
    |cnt_2_0_reg_383          |   64|   0|   64|          0|
    |cnt_2_1_reg_394          |   64|   0|   64|          0|
    |cnt_2_ph_reg_477         |   64|   0|   64|          0|
    |cnt_2_reg_489            |   64|   0|   64|          0|
    |cnt_5_0_reg_433          |   64|   0|   64|          0|
    |cnt_8_0_reg_454          |   64|   0|   64|          0|
    |cnt_8_1_reg_465          |   64|   0|   64|          0|
    |cnt_reg_336              |   64|   0|   64|          0|
    |e_1_0_reg_373            |   64|   0|   64|          0|
    |e_4_0_reg_444            |   64|   0|   64|          0|
    |empty_13_reg_1125        |    8|   0|    8|          0|
    |horizon_fu_108           |   64|   0|   64|          0|
    |icmp_ln25_1_reg_1280     |    1|   0|    1|          0|
    |icmp_ln25_reg_1159       |    1|   0|    1|          0|
    |icmp_ln28_2_reg_1294     |    1|   0|    1|          0|
    |icmp_ln28_reg_1173       |    1|   0|    1|          0|
    |level_0_addr_2_reg_1200  |    7|   0|    7|          0|
    |level_0_addr_4_reg_1244  |    7|   0|    7|          0|
    |level_0_addr_5_reg_1321  |    7|   0|    7|          0|
    |level_0_addr_6_reg_1365  |    7|   0|    7|          0|
    |level_1_addr_2_reg_1205  |    7|   0|    7|          0|
    |level_1_addr_4_reg_1249  |    7|   0|    7|          0|
    |level_1_addr_5_reg_1326  |    7|   0|    7|          0|
    |level_1_addr_6_reg_1370  |    7|   0|    7|          0|
    |lshr_ln1_reg_1195        |   57|   0|   57|          0|
    |lshr_ln29_1_reg_1234     |  128|   0|  128|          0|
    |lshr_ln29_2_reg_1311     |  128|   0|  128|          0|
    |lshr_ln29_3_reg_1355     |  128|   0|  128|          0|
    |lshr_ln29_reg_1190       |  128|   0|  128|          0|
    |lshr_ln30_1_reg_1239     |   57|   0|   57|          0|
    |lshr_ln30_2_reg_1316     |   57|   0|   57|          0|
    |lshr_ln30_3_reg_1360     |   57|   0|   57|          0|
    |n_2_reg_1391             |    9|   0|    9|          0|
    |n_reg_350                |    9|   0|    9|          0|
    |reg_524                  |   64|   0|   64|          0|
    |tmp_15_reg_1345          |    1|   0|    1|          0|
    |tmp_4_reg_1401           |    1|   0|    1|          0|
    |tmp_5_reg_1154           |    1|   0|    1|          0|
    |tmp_9_reg_1224           |    1|   0|    1|          0|
    |trunc_ln24_reg_1139      |    7|   0|    7|          0|
    |trunc_ln28_1_reg_1301    |   11|   0|   11|          0|
    |trunc_ln28_reg_1180      |   11|   0|   11|          0|
    |zext_ln24_reg_1131       |    9|   0|   64|         55|
    +-------------------------+-----+----+-----+-----------+
    |Total                    | 2112|   0| 2167|         55|
    +-------------------------+-----+----+-----+-----------+



================================================================
== Interface
================================================================
* Summary: 
+-------------------------+-----+-----+------------+----------------+--------------+
|        RTL Ports        | Dir | Bits|  Protocol  |  Source Object |    C Type    |
+-------------------------+-----+-----+------------+----------------+--------------+
|ap_clk                   |   in|    1|  ap_ctrl_hs|             bfs|  return value|
|ap_rst                   |   in|    1|  ap_ctrl_hs|             bfs|  return value|
|ap_start                 |   in|    1|  ap_ctrl_hs|             bfs|  return value|
|ap_done                  |  out|    1|  ap_ctrl_hs|             bfs|  return value|
|ap_idle                  |  out|    1|  ap_ctrl_hs|             bfs|  return value|
|ap_ready                 |  out|    1|  ap_ctrl_hs|             bfs|  return value|
|nodes_address0           |  out|    8|   ap_memory|           nodes|         array|
|nodes_ce0                |  out|    1|   ap_memory|           nodes|         array|
|nodes_q0                 |   in|  128|   ap_memory|           nodes|         array|
|edges_address0           |  out|   11|   ap_memory|           edges|         array|
|edges_ce0                |  out|    1|   ap_memory|           edges|         array|
|edges_q0                 |   in|  128|   ap_memory|           edges|         array|
|starting_node            |   in|   64|     ap_none|   starting_node|        scalar|
|level_0_address0         |  out|    7|   ap_memory|         level_0|         array|
|level_0_ce0              |  out|    1|   ap_memory|         level_0|         array|
|level_0_we0              |  out|    1|   ap_memory|         level_0|         array|
|level_0_d0               |  out|    8|   ap_memory|         level_0|         array|
|level_0_q0               |   in|    8|   ap_memory|         level_0|         array|
|level_1_address0         |  out|    7|   ap_memory|         level_1|         array|
|level_1_ce0              |  out|    1|   ap_memory|         level_1|         array|
|level_1_we0              |  out|    1|   ap_memory|         level_1|         array|
|level_1_d0               |  out|    8|   ap_memory|         level_1|         array|
|level_1_q0               |   in|    8|   ap_memory|         level_1|         array|
|level_counts_0_address0  |  out|    3|   ap_memory|  level_counts_0|         array|
|level_counts_0_ce0       |  out|    1|   ap_memory|  level_counts_0|         array|
|level_counts_0_we0       |  out|    1|   ap_memory|  level_counts_0|         array|
|level_counts_0_d0        |  out|   64|   ap_memory|  level_counts_0|         array|
|level_counts_1_address0  |  out|    3|   ap_memory|  level_counts_1|         array|
|level_counts_1_ce0       |  out|    1|   ap_memory|  level_counts_1|         array|
|level_counts_1_we0       |  out|    1|   ap_memory|  level_counts_1|         array|
|level_counts_1_d0        |  out|   64|   ap_memory|  level_counts_1|         array|
+-------------------------+-----+-----+------------+----------------+--------------+

