

================================================================
== Vitis HLS Report for 'bfs'
================================================================
* Date:           Mon Mar 10 00:16:48 2025

* Version:        2022.1 (Build 3526262 on Mon Apr 18 15:47:01 MDT 2022)
* Project:        bfs_random_prj_p1
* Solution:       solution (Vivado IP Flow Target)
* Product family: virtex7
* Target device:  xc7vx485t-ffg1761-2


================================================================
== Performance Estimates
================================================================
+ Timing: 
    * Summary: 
    +--------+----------+----------+------------+
    |  Clock |  Target  | Estimated| Uncertainty|
    +--------+----------+----------+------------+
    |ap_clk  |  10.00 ns|  7.139 ns|     2.70 ns|
    +--------+----------+----------+------------+

+ Latency: 
    * Summary: 
    +---------+---------+----------+----------+-----+-----+---------+
    |  Latency (cycles) |  Latency (absolute) |  Interval | Pipeline|
    |   min   |   max   |    min   |    max   | min | max |   Type  |
    +---------+---------+----------+----------+-----+-----+---------+
    |        ?|        ?|         ?|         ?|    ?|    ?|       no|
    +---------+---------+----------+----------+-----+-----+---------+

    + Detail: 
        * Instance: 
        N/A

        * Loop: 
        +---------------------+---------+---------+----------+-----------+-----------+------+----------+
        |                     |  Latency (cycles) | Iteration|  Initiation Interval  | Trip |          |
        |      Loop Name      |   min   |   max   |  Latency |  achieved |   target  | Count| Pipelined|
        +---------------------+---------+---------+----------+-----------+-----------+------+----------+
        |- loop_horizons      |        ?|        ?|         ?|          -|          -|     ?|        no|
        | + loop_nodes        |        ?|        ?|         ?|          -|          -|   256|        no|
        |  ++ loop_neighbors  |        ?|        ?|         5|          -|          -|     ?|        no|
        +---------------------+---------+---------+----------+-----------+-----------+------+----------+



================================================================
== Utilization Estimates
================================================================
* Summary: 
+-----------------+---------+------+--------+--------+-----+
|       Name      | BRAM_18K|  DSP |   FF   |   LUT  | URAM|
+-----------------+---------+------+--------+--------+-----+
|DSP              |        -|     -|       -|       -|    -|
|Expression       |        -|     -|       0|    4282|    -|
|FIFO             |        -|     -|       -|       -|    -|
|Instance         |        -|     9|    1128|     667|    -|
|Memory           |        -|     -|       -|       -|    -|
|Multiplexer      |        -|     -|       -|     576|    -|
|Register         |        -|     -|     753|       -|    -|
+-----------------+---------+------+--------+--------+-----+
|Total            |        0|     9|    1881|    5525|    0|
+-----------------+---------+------+--------+--------+-----+
|Available        |     2060|  2800|  607200|  303600|    0|
+-----------------+---------+------+--------+--------+-----+
|Utilization (%)  |        0|    ~0|      ~0|       1|    0|
+-----------------+---------+------+--------+--------+-----+

+ Detail: 
    * Instance: 
    +------------------------------+---------------------------+---------+----+-----+-----+-----+
    |           Instance           |           Module          | BRAM_18K| DSP|  FF | LUT | URAM|
    +------------------------------+---------------------------+---------+----+-----+-----+-----+
    |mul_63ns_65ns_123_2_1_U1      |mul_63ns_65ns_123_2_1      |        0|   9|  361|  179|    0|
    |mux_21_8_1_1_U3               |mux_21_8_1_1               |        0|   0|    0|    9|    0|
    |mux_21_8_1_1_U5               |mux_21_8_1_1               |        0|   0|    0|    9|    0|
    |mux_253_64_1_1_U4             |mux_253_64_1_1             |        0|   0|    0|    9|    0|
    |urem_63ns_3ns_63_67_seq_1_U2  |urem_63ns_3ns_63_67_seq_1  |        0|   0|  767|  461|    0|
    +------------------------------+---------------------------+---------+----+-----+-----+-----+
    |Total                         |                           |        0|   9| 1128|  667|    0|
    +------------------------------+---------------------------+---------+----+-----+-----+-----+

    * DSP: 
    N/A

    * Memory: 
    N/A

    * FIFO: 
    N/A

    * Expression: 
    +-----------------------+----------+----+---+-----+------------+------------+
    |     Variable Name     | Operation| DSP| FF| LUT | Bitwidth P0| Bitwidth P1|
    +-----------------------+----------+----+---+-----+------------+------------+
    |add_ln21_fu_448_p2     |         +|   0|  0|   71|          64|           1|
    |cnt_4_fu_806_p2        |         +|   0|  0|   71|          64|           1|
    |e_2_fu_812_p2          |         +|   0|  0|   71|          64|           1|
    |empty_fu_454_p2        |         +|   0|  0|   15|           8|           1|
    |n_1_fu_470_p2          |         +|   0|  0|   16|           9|           1|
    |and_ln18_1_fu_394_p2   |       and|   0|  0|   16|          16|          16|
    |and_ln18_fu_416_p2     |       and|   0|  0|   16|          16|          16|
    |and_ln33_1_fu_764_p2   |       and|   0|  0|   16|          16|          16|
    |and_ln33_fu_785_p2     |       and|   0|  0|   16|          16|          16|
    |and_ln39_1_fu_912_p2   |       and|   0|  0|  128|         128|         128|
    |and_ln39_2_fu_866_p2   |       and|   0|  0|  128|         128|         128|
    |and_ln39_fu_946_p2     |       and|   0|  0|    2|           1|           1|
    |icmp_ln21_fu_941_p2    |      icmp|   0|  0|   29|          64|           4|
    |icmp_ln24_fu_464_p2    |      icmp|   0|  0|   11|           9|          10|
    |icmp_ln25_fu_578_p2    |      icmp|   0|  0|   29|          64|          64|
    |icmp_ln28_1_fu_635_p2  |      icmp|   0|  0|   29|          64|          64|
    |icmp_ln28_fu_629_p2    |      icmp|   0|  0|   29|          64|          64|
    |icmp_ln32_fu_742_p2    |      icmp|   0|  0|   11|           8|           7|
    |icmp_ln39_fu_935_p2    |      icmp|   0|  0|   29|          64|           1|
    |lshr_ln25_1_fu_551_p2  |      lshr|   0|  0|   35|          16|          16|
    |lshr_ln25_fu_537_p2    |      lshr|   0|  0|   35|          16|          16|
    |lshr_ln26_fu_609_p2    |      lshr|   0|  0|  950|         256|         256|
    |lshr_ln30_1_fu_723_p2  |      lshr|   0|  0|   35|          16|          16|
    |lshr_ln30_fu_709_p2    |      lshr|   0|  0|   35|          16|          16|
    |level_counts_1_d0      |        or|   0|  0|  128|         128|         128|
    |or_ln33_1_fu_779_p2    |        or|   0|  0|   16|          16|          16|
    |or_ln33_fu_800_p2      |        or|   0|  0|   16|          16|          16|
    |or_ln39_fu_928_p2      |        or|   0|  0|  128|         128|         128|
    |shl_ln18_1_fu_382_p2   |       shl|   0|  0|   35|           8|          16|
    |shl_ln18_fu_404_p2     |       shl|   0|  0|   35|           8|          16|
    |shl_ln33_1_fu_794_p2   |       shl|   0|  0|   35|          16|          16|
    |shl_ln33_2_fu_773_p2   |       shl|   0|  0|   35|          16|          16|
    |shl_ln33_fu_752_p2     |       shl|   0|  0|   35|           8|          16|
    |shl_ln39_1_fu_922_p2   |       shl|   0|  0|  423|         128|         128|
    |shl_ln39_2_fu_854_p2   |       shl|   0|  0|  423|          64|         128|
    |shl_ln39_3_fu_876_p2   |       shl|   0|  0|  423|         128|         128|
    |shl_ln39_fu_900_p2     |       shl|   0|  0|  423|          64|         128|
    |xor_ln18_1_fu_388_p2   |       xor|   0|  0|   16|          16|           2|
    |xor_ln18_fu_410_p2     |       xor|   0|  0|   16|          16|           2|
    |xor_ln33_fu_758_p2     |       xor|   0|  0|   16|          16|           2|
    |xor_ln39_1_fu_860_p2   |       xor|   0|  0|  128|         128|           2|
    |xor_ln39_fu_906_p2     |       xor|   0|  0|  128|         128|           2|
    +-----------------------+----------+----+---+-----+------------+------------+
    |Total                  |          |   0|  0| 4282|        2219|        1750|
    +-----------------------+----------+----+---+-----+------------+------------+

    * Multiplexer: 
    +-------------------------+-----+-----------+-----+-----------+
    |           Name          | LUT | Input Size| Bits| Total Bits|
    +-------------------------+-----+-----------+-----+-----------+
    |ap_NS_fsm                |  390|         82|    1|         82|
    |cnt_1_reg_294            |    9|          2|   64|        128|
    |cnt_2_reg_315            |    9|          2|   64|        128|
    |cnt_3_reg_327            |    9|          2|   64|        128|
    |cnt_reg_270              |    9|          2|   64|        128|
    |e_1_reg_305              |    9|          2|   64|        128|
    |horizon_fu_128           |    9|          2|   64|        128|
    |level_0_address0         |   25|          6|    6|         36|
    |level_0_d0               |   13|          3|   16|         48|
    |level_1_address0         |   25|          6|    6|         36|
    |level_1_d0               |   13|          3|   16|         48|
    |level_counts_0_address0  |   21|          5|    2|         10|
    |level_counts_0_d0        |   13|          3|  128|        384|
    |level_counts_1_address0  |   13|          3|    2|          6|
    |n_reg_282                |    9|          2|    9|         18|
    +-------------------------+-----+-----------+-----+-----------+
    |Total                    |  576|        125|  570|       1436|
    +-------------------------+-----+-----------+-----+-----------+

    * Register: 
    +--------------------------------+----+----+-----+-----------+
    |              Name              | FF | LUT| Bits| Const Bits|
    +--------------------------------+----+----+-----+-----------+
    |add_ln21_reg_991                |  64|   0|   64|          0|
    |and_ln_reg_956                  |   1|   0|    4|          3|
    |ap_CS_fsm                       |  81|   0|   81|          0|
    |cnt_1_reg_294                   |  64|   0|   64|          0|
    |cnt_2_reg_315                   |  64|   0|   64|          0|
    |cnt_3_reg_327                   |  64|   0|   64|          0|
    |cnt_reg_270                     |  64|   0|   64|          0|
    |e_1_reg_305                     |  64|   0|   64|          0|
    |e_2_reg_1112                    |  64|   0|   64|          0|
    |empty_reg_998                   |   8|   0|    8|          0|
    |horizon_fu_128                  |  64|   0|   64|          0|
    |icmp_ln25_reg_1038              |   1|   0|    1|          0|
    |icmp_ln32_reg_1093              |   1|   0|    1|          0|
    |level_0_addr_2_reg_1083         |   6|   0|    6|          0|
    |level_0_addr_reg_966            |   6|   0|    6|          0|
    |level_1_addr_2_reg_1088         |   6|   0|    6|          0|
    |level_1_addr_reg_971            |   6|   0|    6|          0|
    |level_counts_0_addr_1_reg_1136  |   2|   0|    2|          0|
    |level_counts_1_addr_reg_1131    |   2|   0|    2|          0|
    |n_1_reg_1013                    |   9|   0|    9|          0|
    |n_reg_282                       |   9|   0|    9|          0|
    |or_ln33_1_reg_1097              |  16|   0|   16|          0|
    |or_ln33_reg_1102                |  16|   0|   16|          0|
    |tmp_1_reg_1117                  |   1|   0|    1|          0|
    |tmp_2_reg_1122                  |   1|   0|    1|          0|
    |tmp_7_reg_1078                  |   1|   0|    1|          0|
    |tmp_end_reg_1052                |  64|   0|   64|          0|
    |trunc_ln18_reg_962              |   1|   0|    1|          0|
    |trunc_ln24_reg_1004             |   1|   0|    1|          0|
    |trunc_ln29_reg_1073             |   1|   0|    1|          0|
    |trunc_ln39_reg_1127             |   1|   0|    1|          0|
    +--------------------------------+----+----+-----+-----------+
    |Total                           | 753|   0|  756|          3|
    +--------------------------------+----+----+-----+-----------+



================================================================
== Interface
================================================================
* Summary: 
+-------------------------+-----+-----+------------+----------------+--------------+
|        RTL Ports        | Dir | Bits|  Protocol  |  Source Object |    C Type    |
+-------------------------+-----+-----+------------+----------------+--------------+
|ap_clk                   |   in|    1|  ap_ctrl_hs|             bfs|  return value|
|ap_rst                   |   in|    1|  ap_ctrl_hs|             bfs|  return value|
|ap_start                 |   in|    1|  ap_ctrl_hs|             bfs|  return value|
|ap_done                  |  out|    1|  ap_ctrl_hs|             bfs|  return value|
|ap_idle                  |  out|    1|  ap_ctrl_hs|             bfs|  return value|
|ap_ready                 |  out|    1|  ap_ctrl_hs|             bfs|  return value|
|nodes_address0           |  out|    7|   ap_memory|           nodes|         array|
|nodes_ce0                |  out|    1|   ap_memory|           nodes|         array|
|nodes_q0                 |   in|  256|   ap_memory|           nodes|         array|
|edges_0_address0         |  out|   11|   ap_memory|         edges_0|         array|
|edges_0_ce0              |  out|    1|   ap_memory|         edges_0|         array|
|edges_0_q0               |   in|   64|   ap_memory|         edges_0|         array|
|edges_1_address0         |  out|   11|   ap_memory|         edges_1|         array|
|edges_1_ce0              |  out|    1|   ap_memory|         edges_1|         array|
|edges_1_q0               |   in|   64|   ap_memory|         edges_1|         array|
|starting_node            |   in|   64|     ap_none|   starting_node|        scalar|
|level_0_address0         |  out|    6|   ap_memory|         level_0|         array|
|level_0_ce0              |  out|    1|   ap_memory|         level_0|         array|
|level_0_we0              |  out|    1|   ap_memory|         level_0|         array|
|level_0_d0               |  out|   16|   ap_memory|         level_0|         array|
|level_0_q0               |   in|   16|   ap_memory|         level_0|         array|
|level_1_address0         |  out|    6|   ap_memory|         level_1|         array|
|level_1_ce0              |  out|    1|   ap_memory|         level_1|         array|
|level_1_we0              |  out|    1|   ap_memory|         level_1|         array|
|level_1_d0               |  out|   16|   ap_memory|         level_1|         array|
|level_1_q0               |   in|   16|   ap_memory|         level_1|         array|
|level_counts_0_address0  |  out|    2|   ap_memory|  level_counts_0|         array|
|level_counts_0_ce0       |  out|    1|   ap_memory|  level_counts_0|         array|
|level_counts_0_we0       |  out|    1|   ap_memory|  level_counts_0|         array|
|level_counts_0_d0        |  out|  128|   ap_memory|  level_counts_0|         array|
|level_counts_0_q0        |   in|  128|   ap_memory|  level_counts_0|         array|
|level_counts_1_address0  |  out|    2|   ap_memory|  level_counts_1|         array|
|level_counts_1_ce0       |  out|    1|   ap_memory|  level_counts_1|         array|
|level_counts_1_we0       |  out|    1|   ap_memory|  level_counts_1|         array|
|level_counts_1_d0        |  out|  128|   ap_memory|  level_counts_1|         array|
|level_counts_1_q0        |   in|  128|   ap_memory|  level_counts_1|         array|
+-------------------------+-----+-----+------------+----------------+--------------+

