

================================================================
== Vitis HLS Report for 'bfs'
================================================================
* Date:           Mon Mar 10 00:12:18 2025

* Version:        2022.1 (Build 3526262 on Mon Apr 18 15:47:01 MDT 2022)
* Project:        bfs_random_prj_p1
* Solution:       solution (Vivado IP Flow Target)
* Product family: virtex7
* Target device:  xc7vx485t-ffg1761-2


================================================================
== Performance Estimates
================================================================
+ Timing: 
    * Summary: 
    +--------+----------+----------+------------+
    |  Clock |  Target  | Estimated| Uncertainty|
    +--------+----------+----------+------------+
    |ap_clk  |  10.00 ns|  6.237 ns|     2.70 ns|
    +--------+----------+----------+------------+

+ Latency: 
    * Summary: 
    +---------+---------+----------+----------+-----+-----+---------+
    |  Latency (cycles) |  Latency (absolute) |  Interval | Pipeline|
    |   min   |   max   |    min   |    max   | min | max |   Type  |
    +---------+---------+----------+----------+-----+-----+---------+
    |        ?|        ?|         ?|         ?|    ?|    ?|       no|
    +---------+---------+----------+----------+-----+-----+---------+

    + Detail: 
        * Instance: 
        N/A

        * Loop: 
        +---------------------+---------+---------+----------+-----------+-----------+------+----------+
        |                     |  Latency (cycles) | Iteration|  Initiation Interval  | Trip |          |
        |      Loop Name      |   min   |   max   |  Latency |  achieved |   target  | Count| Pipelined|
        +---------------------+---------+---------+----------+-----------+-----------+------+----------+
        |- loop_horizons      |        ?|        ?|         ?|          -|          -|     ?|        no|
        | + loop_nodes        |        ?|        ?|         ?|          -|          -|   128|        no|
        |  ++ loop_neighbors  |        ?|        ?|         4|          -|          -|     ?|        no|
        |  ++ loop_neighbors  |        ?|        ?|         3|          -|          -|     ?|        no|
        +---------------------+---------+---------+----------+-----------+-----------+------+----------+



================================================================
== Utilization Estimates
================================================================
* Summary: 
+-----------------+---------+------+--------+--------+-----+
|       Name      | BRAM_18K|  DSP |   FF   |   LUT  | URAM|
+-----------------+---------+------+--------+--------+-----+
|DSP              |        -|     -|       -|       -|    -|
|Expression       |        -|     -|       0|     611|    -|
|FIFO             |        -|     -|       -|       -|    -|
|Instance         |        -|     -|       0|      36|    -|
|Memory           |        -|     -|       -|       -|    -|
|Multiplexer      |        -|     -|       -|     308|    -|
|Register         |        -|     -|     978|       -|    -|
+-----------------+---------+------+--------+--------+-----+
|Total            |        0|     0|     978|     955|    0|
+-----------------+---------+------+--------+--------+-----+
|Available        |     2060|  2800|  607200|  303600|    0|
+-----------------+---------+------+--------+--------+-----+
|Utilization (%)  |        0|     0|      ~0|      ~0|    0|
+-----------------+---------+------+--------+--------+-----+

+ Detail: 
    * Instance: 
    +------------------+---------------+---------+----+---+----+-----+
    |     Instance     |     Module    | BRAM_18K| DSP| FF| LUT| URAM|
    +------------------+---------------+---------+----+---+----+-----+
    |mux_21_64_1_1_U1  |mux_21_64_1_1  |        0|   0|  0|   9|    0|
    |mux_21_64_1_1_U3  |mux_21_64_1_1  |        0|   0|  0|   9|    0|
    |mux_21_8_1_1_U2   |mux_21_8_1_1   |        0|   0|  0|   9|    0|
    |mux_21_8_1_1_U4   |mux_21_8_1_1   |        0|   0|  0|   9|    0|
    +------------------+---------------+---------+----+---+----+-----+
    |Total             |               |        0|   0|  0|  36|    0|
    +------------------+---------------+---------+----+---+----+-----+

    * DSP: 
    N/A

    * Memory: 
    N/A

    * FIFO: 
    N/A

    * Expression: 
    +-----------------------+----------+----+---+----+------------+------------+
    |     Variable Name     | Operation| DSP| FF| LUT| Bitwidth P0| Bitwidth P1|
    +-----------------------+----------+----+---+----+------------+------------+
    |add_ln21_fu_419_p2     |         +|   0|  0|  71|          64|           1|
    |cnt_4_fu_567_p2        |         +|   0|  0|  71|          64|           1|
    |cnt_7_fu_688_p2        |         +|   0|  0|  71|          64|           1|
    |e_3_fu_573_p2          |         +|   0|  0|  71|          64|           1|
    |e_5_fu_695_p2          |         +|   0|  0|  71|          64|           1|
    |empty_fu_425_p2        |         +|   0|  0|  15|           8|           1|
    |n_1_fu_633_p2          |         +|   0|  0|  16|           9|           2|
    |icmp_ln25_1_fu_587_p2  |      icmp|   0|  0|  29|          64|          64|
    |icmp_ln25_fu_472_p2    |      icmp|   0|  0|  29|          64|          64|
    |icmp_ln28_1_fu_497_p2  |      icmp|   0|  0|  29|          64|          64|
    |icmp_ln28_2_fu_606_p2  |      icmp|   0|  0|  29|          64|          64|
    |icmp_ln28_3_fu_612_p2  |      icmp|   0|  0|  29|          64|          64|
    |icmp_ln28_fu_491_p2    |      icmp|   0|  0|  29|          64|          64|
    |icmp_ln32_1_fu_682_p2  |      icmp|   0|  0|  11|           8|           7|
    |icmp_ln32_fu_561_p2    |      icmp|   0|  0|  11|           8|           7|
    |icmp_ln39_fu_454_p2    |      icmp|   0|  0|  29|          64|           1|
    +-----------------------+----------+----+---+----+------------+------------+
    |Total                  |          |   0|  0| 611|         801|         407|
    +-----------------------+----------+----+---+----+------------+------------+

    * Multiplexer: 
    +--------------------------------+----+-----------+-----+-----------+
    |              Name              | LUT| Input Size| Bits| Total Bits|
    +--------------------------------+----+-----------+-----+-----------+
    |ap_NS_fsm                       |  65|         16|    1|         16|
    |ap_phi_mux_cnt_8_phi_fu_363_p4  |  13|          3|   64|        192|
    |cnt_1_reg_290                   |   9|          2|   64|        128|
    |cnt_2_reg_311                   |   9|          2|   64|        128|
    |cnt_3_reg_323                   |   9|          2|   64|        128|
    |cnt_5_reg_338                   |   9|          2|   64|        128|
    |cnt_6_reg_371                   |  13|          3|   64|        192|
    |cnt_reg_265                     |   9|          2|   64|        128|
    |e_1_reg_301                     |   9|          2|   64|        128|
    |e_4_reg_349                     |   9|          2|   64|        128|
    |edges_0_address0                |  13|          3|   11|         33|
    |edges_1_address0                |  13|          3|   11|         33|
    |horizon_fu_88                   |   9|          2|   64|        128|
    |level_0_address0                |  29|          7|    7|         49|
    |level_0_d0                      |  13|          3|    8|         24|
    |level_1_address0                |  29|          7|    7|         49|
    |level_1_d0                      |  13|          3|    8|         24|
    |level_counts_address0           |  13|          3|    4|         12|
    |level_counts_d0                 |  13|          3|   64|        192|
    |n_reg_278                       |   9|          2|    9|         18|
    +--------------------------------+----+-----------+-----+-----------+
    |Total                           | 308|         72|  770|       1858|
    +--------------------------------+----+-----------+-----+-----------+

    * Register: 
    +------------------------+----+----+-----+-----------+
    |          Name          | FF | LUT| Bits| Const Bits|
    +------------------------+----+----+-----+-----------+
    |add_ln21_reg_717        |  64|   0|   64|          0|
    |ap_CS_fsm               |  15|   0|   15|          0|
    |cnt_1_reg_290           |  64|   0|   64|          0|
    |cnt_2_reg_311           |  64|   0|   64|          0|
    |cnt_3_reg_323           |  64|   0|   64|          0|
    |cnt_5_reg_338           |  64|   0|   64|          0|
    |cnt_6_reg_371           |  64|   0|   64|          0|
    |cnt_reg_265             |  64|   0|   64|          0|
    |e_1_reg_301             |  64|   0|   64|          0|
    |e_3_reg_811             |  64|   0|   64|          0|
    |e_4_reg_349             |  64|   0|   64|          0|
    |empty_reg_723           |   8|   0|    8|          0|
    |horizon_1_reg_711       |  64|   0|   64|          0|
    |horizon_fu_88           |  64|   0|   64|          0|
    |icmp_ln25_1_reg_816     |   1|   0|    1|          0|
    |icmp_ln25_reg_747       |   1|   0|    1|          0|
    |icmp_ln28_2_reg_835     |   1|   0|    1|          0|
    |icmp_ln28_reg_766       |   1|   0|    1|          0|
    |level_0_addr_2_reg_793  |   7|   0|    7|          0|
    |level_0_addr_3_reg_862  |   7|   0|    7|          0|
    |level_1_addr_1_reg_798  |   7|   0|    7|          0|
    |level_1_addr_3_reg_867  |   7|   0|    7|          0|
    |n_1_reg_852             |   9|   0|    9|          0|
    |n_reg_278               |   9|   0|    9|          0|
    |tmp_end_1_reg_830       |  64|   0|   64|          0|
    |tmp_end_reg_761         |  64|   0|   64|          0|
    |trunc_ln29_1_reg_857    |   1|   0|    1|          0|
    |trunc_ln29_reg_788      |   1|   0|    1|          0|
    |zext_ln25_reg_732       |   7|   0|   64|         57|
    +------------------------+----+----+-----+-----------+
    |Total                   | 978|   0| 1035|         57|
    +------------------------+----+----+-----+-----------+



================================================================
== Interface
================================================================
* Summary: 
+-----------------------+-----+-----+------------+---------------+--------------+
|       RTL Ports       | Dir | Bits|  Protocol  | Source Object |    C Type    |
+-----------------------+-----+-----+------------+---------------+--------------+
|ap_clk                 |   in|    1|  ap_ctrl_hs|            bfs|  return value|
|ap_rst                 |   in|    1|  ap_ctrl_hs|            bfs|  return value|
|ap_start               |   in|    1|  ap_ctrl_hs|            bfs|  return value|
|ap_done                |  out|    1|  ap_ctrl_hs|            bfs|  return value|
|ap_idle                |  out|    1|  ap_ctrl_hs|            bfs|  return value|
|ap_ready               |  out|    1|  ap_ctrl_hs|            bfs|  return value|
|nodes_0_address0       |  out|    7|   ap_memory|        nodes_0|         array|
|nodes_0_ce0            |  out|    1|   ap_memory|        nodes_0|         array|
|nodes_0_q0             |   in|  128|   ap_memory|        nodes_0|         array|
|nodes_1_address0       |  out|    7|   ap_memory|        nodes_1|         array|
|nodes_1_ce0            |  out|    1|   ap_memory|        nodes_1|         array|
|nodes_1_q0             |   in|  128|   ap_memory|        nodes_1|         array|
|edges_0_address0       |  out|   11|   ap_memory|        edges_0|         array|
|edges_0_ce0            |  out|    1|   ap_memory|        edges_0|         array|
|edges_0_q0             |   in|   64|   ap_memory|        edges_0|         array|
|edges_1_address0       |  out|   11|   ap_memory|        edges_1|         array|
|edges_1_ce0            |  out|    1|   ap_memory|        edges_1|         array|
|edges_1_q0             |   in|   64|   ap_memory|        edges_1|         array|
|starting_node          |   in|   64|     ap_none|  starting_node|        scalar|
|level_0_address0       |  out|    7|   ap_memory|        level_0|         array|
|level_0_ce0            |  out|    1|   ap_memory|        level_0|         array|
|level_0_we0            |  out|    1|   ap_memory|        level_0|         array|
|level_0_d0             |  out|    8|   ap_memory|        level_0|         array|
|level_0_q0             |   in|    8|   ap_memory|        level_0|         array|
|level_1_address0       |  out|    7|   ap_memory|        level_1|         array|
|level_1_ce0            |  out|    1|   ap_memory|        level_1|         array|
|level_1_we0            |  out|    1|   ap_memory|        level_1|         array|
|level_1_d0             |  out|    8|   ap_memory|        level_1|         array|
|level_1_q0             |   in|    8|   ap_memory|        level_1|         array|
|level_counts_address0  |  out|    4|   ap_memory|   level_counts|         array|
|level_counts_ce0       |  out|    1|   ap_memory|   level_counts|         array|
|level_counts_we0       |  out|    1|   ap_memory|   level_counts|         array|
|level_counts_d0        |  out|   64|   ap_memory|   level_counts|         array|
+-----------------------+-----+-----+------------+---------------+--------------+

