

================================================================
== Vitis HLS Report for 'bfs'
================================================================
* Date:           Mon Mar 10 00:15:28 2025

* Version:        2022.1 (Build 3526262 on Mon Apr 18 15:47:01 MDT 2022)
* Project:        bfs_random_prj_p1
* Solution:       solution (Vivado IP Flow Target)
* Product family: virtex7
* Target device:  xc7vx485t-ffg1761-2


================================================================
== Performance Estimates
================================================================
+ Timing: 
    * Summary: 
    +--------+----------+----------+------------+
    |  Clock |  Target  | Estimated| Uncertainty|
    +--------+----------+----------+------------+
    |ap_clk  |  10.00 ns|  6.904 ns|     2.70 ns|
    +--------+----------+----------+------------+

+ Latency: 
    * Summary: 
    +---------+---------+----------+----------+-----+-----+---------+
    |  Latency (cycles) |  Latency (absolute) |  Interval | Pipeline|
    |   min   |   max   |    min   |    max   | min | max |   Type  |
    +---------+---------+----------+----------+-----+-----+---------+
    |        ?|        ?|         ?|         ?|    ?|    ?|       no|
    +---------+---------+----------+----------+-----+-----+---------+

    + Detail: 
        * Instance: 
        +----------------------------------------+-----------------------------+---------+---------+----------+----------+-----+-----+---------+
        |                                        |                             |  Latency (cycles) |  Latency (absolute) |  Interval | Pipeline|
        |                Instance                |            Module           |   min   |   max   |    min   |    max   | min | max |   Type  |
        +----------------------------------------+-----------------------------+---------+---------+----------+----------+-----+-----+---------+
        |grp_bfs_Pipeline_loop_neighbors_fu_207  |bfs_Pipeline_loop_neighbors  |        ?|        ?|         ?|         ?|    ?|    ?|       no|
        +----------------------------------------+-----------------------------+---------+---------+----------+----------+-----+-----+---------+

        * Loop: 
        +-----------------+---------+---------+----------+-----------+-----------+------+----------+
        |                 |  Latency (cycles) | Iteration|  Initiation Interval  | Trip |          |
        |    Loop Name    |   min   |   max   |  Latency |  achieved |   target  | Count| Pipelined|
        +-----------------+---------+---------+----------+-----------+-----------+------+----------+
        |- loop_horizons  |        ?|        ?|         ?|          -|          -|     ?|        no|
        | + loop_nodes    |        ?|        ?|         ?|          -|          -|   256|        no|
        +-----------------+---------+---------+----------+-----------+-----------+------+----------+



================================================================
== Utilization Estimates
================================================================
* Summary: 
+-----------------+---------+------+--------+--------+-----+
|       Name      | BRAM_18K|  DSP |   FF   |   LUT  | URAM|
+-----------------+---------+------+--------+--------+-----+
|DSP              |        -|     -|       -|       -|    -|
|Expression       |        -|     -|       0|    1578|    -|
|FIFO             |        -|     -|       -|       -|    -|
|Instance         |        -|     -|     334|     831|    -|
|Memory           |        -|     -|       -|       -|    -|
|Multiplexer      |        -|     -|       -|     180|    -|
|Register         |        -|     -|     437|       -|    -|
+-----------------+---------+------+--------+--------+-----+
|Total            |        0|     0|     771|    2589|    0|
+-----------------+---------+------+--------+--------+-----+
|Available        |     2060|  2800|  607200|  303600|    0|
+-----------------+---------+------+--------+--------+-----+
|Utilization (%)  |        0|     0|      ~0|      ~0|    0|
+-----------------+---------+------+--------+--------+-----+

+ Detail: 
    * Instance: 
    +----------------------------------------+-----------------------------+---------+----+-----+-----+-----+
    |                Instance                |            Module           | BRAM_18K| DSP|  FF | LUT | URAM|
    +----------------------------------------+-----------------------------+---------+----+-----+-----+-----+
    |grp_bfs_Pipeline_loop_neighbors_fu_207  |bfs_Pipeline_loop_neighbors  |        0|   0|  334|  831|    0|
    +----------------------------------------+-----------------------------+---------+----+-----+-----+-----+
    |Total                                   |                             |        0|   0|  334|  831|    0|
    +----------------------------------------+-----------------------------+---------+----+-----+-----+-----+

    * DSP: 
    N/A

    * Memory: 
    N/A

    * FIFO: 
    N/A

    * Expression: 
    +--------------------------+----------+----+---+-----+------------+------------+
    |       Variable Name      | Operation| DSP| FF| LUT | Bitwidth P0| Bitwidth P1|
    +--------------------------+----------+----+---+-----+------------+------------+
    |add_ln21_cast1_fu_307_p2  |         +|   0|  0|   13|           4|           1|
    |add_ln21_fu_301_p2        |         +|   0|  0|   71|          64|           1|
    |empty_18_fu_319_p2        |         +|   0|  0|   15|           8|           1|
    |n_1_fu_331_p2             |         +|   0|  0|   16|           9|           1|
    |and_ln18_fu_266_p2        |       and|   0|  0|   16|          16|          16|
    |and_ln39_1_fu_457_p2      |       and|   0|  0|  128|         128|         128|
    |and_ln39_fu_491_p2        |       and|   0|  0|    2|           1|           1|
    |icmp_ln21_fu_486_p2       |      icmp|   0|  0|   29|          64|           4|
    |icmp_ln24_fu_325_p2       |      icmp|   0|  0|   11|           9|          10|
    |icmp_ln25_fu_403_p2       |      icmp|   0|  0|   29|          64|          64|
    |icmp_ln28_fu_424_p2       |      icmp|   0|  0|   29|          64|          64|
    |icmp_ln39_fu_480_p2       |      icmp|   0|  0|   29|          64|           1|
    |lshr_ln25_fu_385_p2       |      lshr|   0|  0|   35|          16|          16|
    |or_ln39_fu_473_p2         |        or|   0|  0|  128|         128|         128|
    |shl_ln18_fu_254_p2        |       shl|   0|  0|   35|           8|          16|
    |shl_ln39_1_fu_467_p2      |       shl|   0|  0|  423|         128|         128|
    |shl_ln39_fu_445_p2        |       shl|   0|  0|  423|          64|         128|
    |add_ln21_cast_fu_313_p2   |       xor|   0|  0|    2|           1|           2|
    |xor_ln18_fu_260_p2        |       xor|   0|  0|   16|          16|           2|
    |xor_ln39_fu_451_p2        |       xor|   0|  0|  128|         128|           2|
    +--------------------------+----------+----+---+-----+------------+------------+
    |Total                     |          |   0|  0| 1578|         984|         714|
    +--------------------------+----------+----+---+-----+------------+------------+

    * Multiplexer: 
    +--------------------------------+----+-----------+-----+-----------+
    |              Name              | LUT| Input Size| Bits| Total Bits|
    +--------------------------------+----+-----------+-----+-----------+
    |ap_NS_fsm                       |  41|         10|    1|         10|
    |ap_phi_mux_cnt_3_phi_fu_196_p6  |   9|          2|   64|        128|
    |cnt_3_reg_192                   |   9|          2|   64|        128|
    |cnt_reg_168                     |   9|          2|   64|        128|
    |horizon_fu_98                   |   9|          2|   64|        128|
    |level_address0                  |  21|          5|    7|         35|
    |level_ce0                       |  13|          3|    1|          3|
    |level_counts_address0           |  21|          5|    3|         15|
    |level_counts_d0                 |  13|          3|  128|        384|
    |level_d0                        |  13|          3|   16|         48|
    |level_we0                       |  13|          3|    1|          3|
    |n_reg_180                       |   9|          2|    9|         18|
    +--------------------------------+----+-----------+-----+-----------+
    |Total                           | 180|         42|  422|       1028|
    +--------------------------------+----+-----------+-----+-----------+

    * Register: 
    +-----------------------------------------------------+----+----+-----+-----------+
    |                         Name                        | FF | LUT| Bits| Const Bits|
    +-----------------------------------------------------+----+----+-----+-----------+
    |add_ln21_cast1_reg_538                               |   4|   0|    4|          0|
    |add_ln21_cast_reg_543                                |   1|   0|    1|          0|
    |add_ln21_reg_532                                     |  64|   0|   64|          0|
    |ap_CS_fsm                                            |   9|   0|    9|          0|
    |cnt_3_reg_192                                        |  64|   0|   64|          0|
    |cnt_reg_168                                          |  64|   0|   64|          0|
    |empty_18_reg_548                                     |   8|   0|    8|          0|
    |grp_bfs_Pipeline_loop_neighbors_fu_207_ap_start_reg  |   1|   0|    1|          0|
    |horizon_fu_98                                        |  64|   0|   64|          0|
    |icmp_ln25_reg_571                                    |   1|   0|    1|          0|
    |icmp_ln28_reg_590                                    |   1|   0|    1|          0|
    |level_addr_reg_519                                   |   7|   0|    7|          0|
    |level_counts_addr_1_reg_566                          |   3|   0|    3|          0|
    |n_1_reg_556                                          |   9|   0|    9|          0|
    |n_reg_180                                            |   9|   0|    9|          0|
    |tmp_begin_reg_580                                    |  64|   0|   64|          0|
    |tmp_end_reg_585                                      |  64|   0|   64|          0|
    +-----------------------------------------------------+----+----+-----+-----------+
    |Total                                                | 437|   0|  437|          0|
    +-----------------------------------------------------+----+----+-----+-----------+



================================================================
== Interface
================================================================
* Summary: 
+-----------------------+-----+-----+------------+---------------+--------------+
|       RTL Ports       | Dir | Bits|  Protocol  | Source Object |    C Type    |
+-----------------------+-----+-----+------------+---------------+--------------+
|ap_clk                 |   in|    1|  ap_ctrl_hs|            bfs|  return value|
|ap_rst                 |   in|    1|  ap_ctrl_hs|            bfs|  return value|
|ap_start               |   in|    1|  ap_ctrl_hs|            bfs|  return value|
|ap_done                |  out|    1|  ap_ctrl_hs|            bfs|  return value|
|ap_idle                |  out|    1|  ap_ctrl_hs|            bfs|  return value|
|ap_ready               |  out|    1|  ap_ctrl_hs|            bfs|  return value|
|nodes_address0         |  out|    8|   ap_memory|          nodes|         array|
|nodes_ce0              |  out|    1|   ap_memory|          nodes|         array|
|nodes_q0               |   in|  128|   ap_memory|          nodes|         array|
|edges_address0         |  out|   11|   ap_memory|          edges|         array|
|edges_ce0              |  out|    1|   ap_memory|          edges|         array|
|edges_q0               |   in|  128|   ap_memory|          edges|         array|
|starting_node          |   in|   64|     ap_none|  starting_node|        scalar|
|level_address0         |  out|    7|   ap_memory|          level|         array|
|level_ce0              |  out|    1|   ap_memory|          level|         array|
|level_we0              |  out|    1|   ap_memory|          level|         array|
|level_d0               |  out|   16|   ap_memory|          level|         array|
|level_q0               |   in|   16|   ap_memory|          level|         array|
|level_counts_address0  |  out|    3|   ap_memory|   level_counts|         array|
|level_counts_ce0       |  out|    1|   ap_memory|   level_counts|         array|
|level_counts_we0       |  out|    1|   ap_memory|   level_counts|         array|
|level_counts_d0        |  out|  128|   ap_memory|   level_counts|         array|
|level_counts_q0        |   in|  128|   ap_memory|   level_counts|         array|
+-----------------------+-----+-----+------------+---------------+--------------+

