

================================================================
== Vitis HLS Report for 'bfs'
================================================================
* Date:           Mon Mar 10 00:16:22 2025

* Version:        2022.1 (Build 3526262 on Mon Apr 18 15:47:01 MDT 2022)
* Project:        bfs_random_prj_p1
* Solution:       solution (Vivado IP Flow Target)
* Product family: virtex7
* Target device:  xc7vx485t-ffg1761-2


================================================================
== Performance Estimates
================================================================
+ Timing: 
    * Summary: 
    +--------+----------+----------+------------+
    |  Clock |  Target  | Estimated| Uncertainty|
    +--------+----------+----------+------------+
    |ap_clk  |  10.00 ns|  5.393 ns|     2.70 ns|
    +--------+----------+----------+------------+

+ Latency: 
    * Summary: 
    +---------+---------+----------+----------+-----+-----+---------+
    |  Latency (cycles) |  Latency (absolute) |  Interval | Pipeline|
    |   min   |   max   |    min   |    max   | min | max |   Type  |
    +---------+---------+----------+----------+-----+-----+---------+
    |        ?|        ?|         ?|         ?|    ?|    ?|       no|
    +---------+---------+----------+----------+-----+-----+---------+

    + Detail: 
        * Instance: 
        N/A

        * Loop: 
        +---------------------+---------+---------+----------+-----------+-----------+------+----------+
        |                     |  Latency (cycles) | Iteration|  Initiation Interval  | Trip |          |
        |      Loop Name      |   min   |   max   |  Latency |  achieved |   target  | Count| Pipelined|
        +---------------------+---------+---------+----------+-----------+-----------+------+----------+
        |- loop_horizons      |        ?|        ?|         ?|          -|          -|     ?|        no|
        | + loop_nodes        |        ?|        ?|         ?|          -|          -|   128|        no|
        |  ++ loop_neighbors  |        ?|        ?|         6|          -|          -|     ?|        no|
        |  ++ loop_neighbors  |        ?|        ?|         5|          -|          -|     ?|        no|
        +---------------------+---------+---------+----------+-----------+-----------+------+----------+



================================================================
== Utilization Estimates
================================================================
* Summary: 
+-----------------+---------+------+--------+--------+-----+
|       Name      | BRAM_18K|  DSP |   FF   |   LUT  | URAM|
+-----------------+---------+------+--------+--------+-----+
|DSP              |        -|     -|       -|       -|    -|
|Expression       |        -|     -|       0|     990|    -|
|FIFO             |        -|     -|       -|       -|    -|
|Instance         |        -|     -|       -|       -|    -|
|Memory           |        -|     -|       -|       -|    -|
|Multiplexer      |        -|     -|       -|     403|    -|
|Register         |        -|     -|    1276|       -|    -|
+-----------------+---------+------+--------+--------+-----+
|Total            |        0|     0|    1276|    1393|    0|
+-----------------+---------+------+--------+--------+-----+
|Available        |     2060|  2800|  607200|  303600|    0|
+-----------------+---------+------+--------+--------+-----+
|Utilization (%)  |        0|     0|      ~0|      ~0|    0|
+-----------------+---------+------+--------+--------+-----+

+ Detail: 
    * Instance: 
    N/A

    * DSP: 
    N/A

    * Memory: 
    N/A

    * FIFO: 
    N/A

    * Expression: 
    +-----------------------+----------+----+---+----+------------+------------+
    |     Variable Name     | Operation| DSP| FF| LUT| Bitwidth P0| Bitwidth P1|
    +-----------------------+----------+----+---+----+------------+------------+
    |add_ln21_fu_426_p2     |         +|   0|  0|  71|          64|           1|
    |add_ln28_1_fu_532_p2   |         +|   0|  0|  71|          64|           2|
    |add_ln28_2_fu_597_p2   |         +|   0|  0|  71|          64|           1|
    |add_ln28_3_fu_625_p2   |         +|   0|  0|  71|          64|           2|
    |add_ln28_fu_505_p2     |         +|   0|  0|  71|          64|           1|
    |add_ln29_1_fu_608_p2   |         +|   0|  0|  19|          12|           1|
    |add_ln29_fu_516_p2     |         +|   0|  0|  19|          12|           1|
    |add_ln34_1_fu_526_p2   |         +|   0|  0|  71|          64|           1|
    |add_ln34_2_fu_590_p2   |         +|   0|  0|  71|          64|           1|
    |add_ln34_3_fu_618_p2   |         +|   0|  0|  71|          64|           1|
    |add_ln34_fu_498_p2     |         +|   0|  0|  71|          64|           1|
    |empty_fu_432_p2        |         +|   0|  0|  15|           8|           1|
    |n_2_fu_631_p2          |         +|   0|  0|  16|           9|           2|
    |ap_condition_469       |       and|   0|  0|   2|           1|           1|
    |grp_fu_408_p2          |      icmp|   0|  0|  11|           8|           7|
    |icmp_ln25_1_fu_561_p2  |      icmp|   0|  0|  29|          64|          64|
    |icmp_ln25_fu_469_p2    |      icmp|   0|  0|  29|          64|          64|
    |icmp_ln28_1_fu_484_p2  |      icmp|   0|  0|  29|          64|          64|
    |icmp_ln28_2_fu_570_p2  |      icmp|   0|  0|  29|          64|          64|
    |icmp_ln28_3_fu_511_p2  |      icmp|   0|  0|  29|          64|          64|
    |icmp_ln28_4_fu_576_p2  |      icmp|   0|  0|  29|          64|          64|
    |icmp_ln28_5_fu_603_p2  |      icmp|   0|  0|  29|          64|          64|
    |icmp_ln28_fu_478_p2    |      icmp|   0|  0|  29|          64|          64|
    |icmp_ln39_fu_451_p2    |      icmp|   0|  0|  29|          64|           1|
    |n_1_fu_542_p2          |        or|   0|  0|   8|           8|           1|
    +-----------------------+----------+----+---+----+------------+------------+
    |Total                  |          |   0|  0| 990|        1210|         538|
    +-----------------------+----------+----+---+----+------------+------------+

    * Multiplexer: 
    +-----------------------------------+-----+-----------+-----+-----------+
    |                Name               | LUT | Input Size| Bits| Total Bits|
    +-----------------------------------+-----+-----------+-----+-----------+
    |ap_NS_fsm                          |  107|         22|    1|         22|
    |ap_phi_mux_cnt_1_ph_phi_fu_290_p4  |    9|          2|   64|        128|
    |ap_phi_mux_cnt_2_0_phi_fu_279_p4   |   13|          3|   64|        192|
    |ap_phi_mux_cnt_8_0_phi_fu_350_p4   |   13|          3|   64|        192|
    |ap_phi_mux_cnt_8_1_phi_fu_362_p4   |   13|          3|   64|        192|
    |cnt_1_0_reg_255                    |    9|          2|   64|        128|
    |cnt_1_ph_reg_287                   |    9|          2|   64|        128|
    |cnt_1_reg_311                      |    9|          2|   64|        128|
    |cnt_2_0_reg_276                    |    9|          2|   64|        128|
    |cnt_2_1_reg_299                    |    9|          2|   64|        128|
    |cnt_2_ph_reg_370                   |    9|          2|   64|        128|
    |cnt_2_reg_382                      |    9|          2|   64|        128|
    |cnt_5_0_reg_326                    |    9|          2|   64|        128|
    |cnt_8_0_reg_347                    |    9|          2|   64|        128|
    |cnt_reg_230                        |    9|          2|   64|        128|
    |e_1_0_reg_266                      |    9|          2|   64|        128|
    |e_4_0_reg_337                      |    9|          2|   64|        128|
    |edges_address0                     |   21|          5|   12|         60|
    |horizon_fu_72                      |    9|          2|   64|        128|
    |level_address0                     |   49|         12|    8|         96|
    |level_counts_address0              |   13|          3|    4|         12|
    |level_counts_d0                    |   13|          3|   64|        192|
    |level_d0                           |   13|          3|    8|         24|
    |n_reg_243                          |    9|          2|    9|         18|
    |nodes_address0                     |   13|          3|    8|         24|
    +-----------------------------------+-----+-----------+-----+-----------+
    |Total                              |  403|         90| 1202|       2816|
    +-----------------------------------+-----+-----------+-----+-----------+

    * Register: 
    +----------------------+----+----+-----+-----------+
    |         Name         | FF | LUT| Bits| Const Bits|
    +----------------------+----+----+-----+-----------+
    |add_ln21_reg_650      |  64|   0|   64|          0|
    |add_ln28_1_reg_744    |  64|   0|   64|          0|
    |ap_CS_fsm             |  21|   0|   21|          0|
    |cnt_1_0_reg_255       |  64|   0|   64|          0|
    |cnt_1_ph_reg_287      |  64|   0|   64|          0|
    |cnt_1_reg_311         |  64|   0|   64|          0|
    |cnt_2_0_reg_276       |  64|   0|   64|          0|
    |cnt_2_1_reg_299       |  64|   0|   64|          0|
    |cnt_2_ph_reg_370      |  64|   0|   64|          0|
    |cnt_2_reg_382         |  64|   0|   64|          0|
    |cnt_5_0_reg_326       |  64|   0|   64|          0|
    |cnt_8_0_reg_347       |  64|   0|   64|          0|
    |cnt_reg_230           |  64|   0|   64|          0|
    |e_1_0_reg_266         |  64|   0|   64|          0|
    |e_4_0_reg_337         |  64|   0|   64|          0|
    |empty_reg_656         |   8|   0|    8|          0|
    |horizon_1_reg_644     |  64|   0|   64|          0|
    |horizon_fu_72         |  64|   0|   64|          0|
    |icmp_ln25_1_reg_759   |   1|   0|    1|          0|
    |icmp_ln25_reg_677     |   1|   0|    1|          0|
    |icmp_ln28_1_reg_701   |   1|   0|    1|          0|
    |icmp_ln28_2_reg_779   |   1|   0|    1|          0|
    |icmp_ln28_reg_697     |   1|   0|    1|          0|
    |level_addr_2_reg_715  |   8|   0|    8|          0|
    |level_addr_4_reg_731  |   8|   0|    8|          0|
    |level_addr_5_reg_796  |   8|   0|    8|          0|
    |level_addr_6_reg_812  |   8|   0|    8|          0|
    |n_2_reg_825           |   9|   0|    9|          0|
    |n_reg_243             |   9|   0|    9|          0|
    |tmp_end_1_reg_773     |  64|   0|   64|          0|
    |tmp_end_reg_691       |  64|   0|   64|          0|
    |trunc_ln29_1_reg_786  |  12|   0|   12|          0|
    |trunc_ln29_reg_705    |  12|   0|   12|          0|
    |zext_ln16_reg_749     |   7|   0|   64|         57|
    |zext_ln24_reg_661     |   9|   0|   64|         55|
    +----------------------+----+----+-----+-----------+
    |Total                 |1276|   0| 1388|        112|
    +----------------------+----+----+-----+-----------+



================================================================
== Interface
================================================================
* Summary: 
+-----------------------+-----+-----+------------+---------------+--------------+
|       RTL Ports       | Dir | Bits|  Protocol  | Source Object |    C Type    |
+-----------------------+-----+-----+------------+---------------+--------------+
|ap_clk                 |   in|    1|  ap_ctrl_hs|            bfs|  return value|
|ap_rst                 |   in|    1|  ap_ctrl_hs|            bfs|  return value|
|ap_start               |   in|    1|  ap_ctrl_hs|            bfs|  return value|
|ap_done                |  out|    1|  ap_ctrl_hs|            bfs|  return value|
|ap_idle                |  out|    1|  ap_ctrl_hs|            bfs|  return value|
|ap_ready               |  out|    1|  ap_ctrl_hs|            bfs|  return value|
|nodes_address0         |  out|    8|   ap_memory|          nodes|         array|
|nodes_ce0              |  out|    1|   ap_memory|          nodes|         array|
|nodes_q0               |   in|  128|   ap_memory|          nodes|         array|
|edges_address0         |  out|   12|   ap_memory|          edges|         array|
|edges_ce0              |  out|    1|   ap_memory|          edges|         array|
|edges_q0               |   in|   64|   ap_memory|          edges|         array|
|starting_node          |   in|   64|     ap_none|  starting_node|        scalar|
|level_address0         |  out|    8|   ap_memory|          level|         array|
|level_ce0              |  out|    1|   ap_memory|          level|         array|
|level_we0              |  out|    1|   ap_memory|          level|         array|
|level_d0               |  out|    8|   ap_memory|          level|         array|
|level_q0               |   in|    8|   ap_memory|          level|         array|
|level_counts_address0  |  out|    4|   ap_memory|   level_counts|         array|
|level_counts_ce0       |  out|    1|   ap_memory|   level_counts|         array|
|level_counts_we0       |  out|    1|   ap_memory|   level_counts|         array|
|level_counts_d0        |  out|   64|   ap_memory|   level_counts|         array|
+-----------------------+-----+-----+------------+---------------+--------------+

