

================================================================
== Synthesis Summary Report of 'bfs'
================================================================
+ General Information: 
    * Date:           Mon Mar 10 00:11:21 2025
    * Version:        2022.1 (Build 3526262 on Mon Apr 18 15:47:01 MDT 2022)
    * Project:        bfs_random_prj_p1
    * Solution:       solution (Vivado IP Flow Target)
    * Product family: virtex7
    * Target device:  xc7vx485t-ffg1761-2
    

+ Performance & Resource Estimates: 
    
    PS: '+' for module; 'o' for loop; '*' for dataflow
    +----------------------------------+------+------+---------+--------+----------+---------+------+----------+------+---------+------------+------------+-----+
    |              Modules             | Issue|      | Latency | Latency| Iteration|         | Trip |          |      |         |            |            |     |
    |              & Loops             | Type | Slack| (cycles)|  (ns)  |  Latency | Interval| Count| Pipelined| BRAM |   DSP   |     FF     |     LUT    | URAM|
    +----------------------------------+------+------+---------+--------+----------+---------+------+----------+------+---------+------------+------------+-----+
    |+ bfs                             |     -|  0.16|        -|       -|         -|        -|     -|        no|     -|  6 (~0%)|  2690 (~0%)|   4801 (1%)|    -|
    | o loop_horizons                  |     -|  7.30|        -|       -|         -|        -|     -|        no|     -|        -|           -|           -|    -|
    |  o loop_nodes                    |     -|  7.30|        -|       -|         -|        -|     -|        no|     -|        -|           -|           -|    -|
    |   + bfs_Pipeline_loop_neighbors  |     -|  0.40|        -|       -|         -|        -|     -|        no|     -|        -|   931 (~0%)|  1400 (~0%)|    -|
    |    o loop_neighbors              |    II|  7.30|        -|       -|         5|        4|     -|       yes|     -|        -|           -|           -|    -|
    +----------------------------------+------+------+---------+--------+----------+---------+------+----------+------+---------+------------+------------+-----+


================================================================
== HW Interfaces
================================================================
* AP_MEMORY
+-------------------------+----------+
| Interface               | Bitwidth |
+-------------------------+----------+
| edges_address0          | 11       |
| edges_address1          | 11       |
| edges_q0                | 128      |
| edges_q1                | 128      |
| level_0_address0        | 7        |
| level_0_d0              | 8        |
| level_0_q0              | 8        |
| level_1_address0        | 7        |
| level_1_d0              | 8        |
| level_1_q0              | 8        |
| level_counts_0_address0 | 3        |
| level_counts_0_d0       | 64       |
| level_counts_1_address0 | 3        |
| level_counts_1_d0       | 64       |
| nodes_0_address0        | 6        |
| nodes_0_q0              | 256      |
| nodes_1_address0        | 6        |
| nodes_1_q0              | 256      |
+-------------------------+----------+

* REGISTER
+---------------+---------+----------+
| Interface     | Mode    | Bitwidth |
+---------------+---------+----------+
| starting_node | ap_none | 64       |
+---------------+---------+----------+

* TOP LEVEL CONTROL
+-----------+------------+-----------------------------------+
| Interface | Type       | Ports                             |
+-----------+------------+-----------------------------------+
| ap_clk    | clock      | ap_clk                            |
| ap_rst    | reset      | ap_rst                            |
| ap_ctrl   | ap_ctrl_hs | ap_done ap_idle ap_ready ap_start |
+-----------+------------+-----------------------------------+


================================================================
== SW I/O Information
================================================================
* Top Function Arguments
+---------------+-----------+--------------------+
| Argument      | Direction | Datatype           |
+---------------+-----------+--------------------+
| nodes         | in        | node_t_struct*     |
| edges         | in        | edge_t_struct*     |
| starting_node | in        | long unsigned int  |
| level         | inout     | signed char*       |
| level_counts  | out       | long unsigned int* |
+---------------+-----------+--------------------+

* SW-to-HW Mapping
+---------------+-------------------------+---------+----------+
| Argument      | HW Interface            | HW Type | HW Usage |
+---------------+-------------------------+---------+----------+
| nodes         | nodes_0_address0        | port    | offset   |
| nodes         | nodes_0_ce0             | port    |          |
| nodes         | nodes_0_q0              | port    |          |
| nodes         | nodes_1_address0        | port    | offset   |
| nodes         | nodes_1_ce0             | port    |          |
| nodes         | nodes_1_q0              | port    |          |
| edges         | edges_address0          | port    | offset   |
| edges         | edges_ce0               | port    |          |
| edges         | edges_q0                | port    |          |
| edges         | edges_address1          | port    | offset   |
| edges         | edges_ce1               | port    |          |
| edges         | edges_q1                | port    |          |
| starting_node | starting_node           | port    |          |
| level         | level_0_address0        | port    | offset   |
| level         | level_0_ce0             | port    |          |
| level         | level_0_we0             | port    |          |
| level         | level_0_d0              | port    |          |
| level         | level_0_q0              | port    |          |
| level         | level_1_address0        | port    | offset   |
| level         | level_1_ce0             | port    |          |
| level         | level_1_we0             | port    |          |
| level         | level_1_d0              | port    |          |
| level         | level_1_q0              | port    |          |
| level_counts  | level_counts_0_address0 | port    | offset   |
| level_counts  | level_counts_0_ce0      | port    |          |
| level_counts  | level_counts_0_we0      | port    |          |
| level_counts  | level_counts_0_d0       | port    |          |
| level_counts  | level_counts_1_address0 | port    | offset   |
| level_counts  | level_counts_1_ce0      | port    |          |
| level_counts  | level_counts_1_we0      | port    |          |
| level_counts  | level_counts_1_d0       | port    |          |
+---------------+-------------------------+---------+----------+


================================================================
== M_AXI Burst Information
================================================================
 Note: All burst requests might be further partitioned into multiple requests during RTL generation based on max_read_burst_length or max_write_burst_length settings.

  No burst in design

================================================================
== Bind Op Report
================================================================
+--------------------------------+-----+--------+------------+-----+--------+---------+
| Name                           | DSP | Pragma | Variable   | Op  | Impl   | Latency |
+--------------------------------+-----+--------+------------+-----+--------+---------+
| + bfs                          | 6   |        |            |     |        |         |
|   add_ln21_fu_308_p2           | -   |        | add_ln21   | add | fabric | 0       |
|   empty_15_fu_314_p2           | -   |        | empty_15   | add | fabric | 0       |
|   n_1_fu_326_p2                | -   |        | n_1        | add | fabric | 0       |
|   mul_64ns_66ns_68_2_1_U17     | 6   |        | mul_ln39   | mul | auto   | 1       |
|  + bfs_Pipeline_loop_neighbors | 0   |        |            |     |        |         |
|    add_ln34_fu_347_p2          | -   |        | add_ln34   | add | fabric | 0       |
|    add_ln28_fu_247_p2          | -   |        | add_ln28   | add | fabric | 0       |
|    add_ln28_2_fu_253_p2        | -   |        | add_ln28_2 | add | fabric | 0       |
|    add_ln34_1_fu_420_p2        | -   |        | add_ln34_1 | add | fabric | 0       |
|    add_ln28_1_fu_388_p2        | -   |        | add_ln28_1 | add | fabric | 0       |
+--------------------------------+-----+--------+------------+-----+--------+---------+


================================================================
== Bind Storage Report
================================================================
  No bind storage info in design

================================================================
== Pragma Report
================================================================
* Valid Pragma Syntax
+--------------------+---------------------------------------------+---------------------------------------------------------------------------------------------+
| Type               | Options                                     | Location                                                                                    |
+--------------------+---------------------------------------------+---------------------------------------------------------------------------------------------+
| array_partition    | variable=level block factor=2 dim=1         | ../../../../dse_ds/MachSuite/random_ds/bfs/bulk/p1/script/dir_11.tcl:7 in bfs, level        |
| array_partition    | variable=level_counts block factor=2 dim=1  | ../../../../dse_ds/MachSuite/random_ds/bfs/bulk/p1/script/dir_11.tcl:8 in bfs, level_counts |
| array_partition    | variable=nodes block factor=2 dim=1         | ../../../../dse_ds/MachSuite/random_ds/bfs/bulk/p1/script/dir_11.tcl:4 in bfs, nodes        |
| array_reshape      | variable=edges block factor=2 dim=1         | ../../../../dse_ds/MachSuite/random_ds/bfs/bulk/p1/script/dir_11.tcl:6 in bfs, edges        |
| array_reshape      | variable=nodes block factor=2 dim=1         | ../../../../dse_ds/MachSuite/random_ds/bfs/bulk/p1/script/dir_11.tcl:5 in bfs, nodes        |
| bind_op            | variable=cnt op=add impl=dsp latency=-1     | ../../../../dse_ds/MachSuite/random_ds/bfs/bulk/p1/script/dir_11.tcl:12 in bfs, cnt         |
| bind_op            | variable=e op=add impl=dsp latency=-1       | ../../../../dse_ds/MachSuite/random_ds/bfs/bulk/p1/script/dir_11.tcl:11 in bfs, e           |
| bind_op            | variable=horizon op=add impl=dsp latency=-1 | ../../../../dse_ds/MachSuite/random_ds/bfs/bulk/p1/script/dir_11.tcl:9 in bfs, horizon      |
| bind_op            | variable=n op=add impl=dsp latency=-1       | ../../../../dse_ds/MachSuite/random_ds/bfs/bulk/p1/script/dir_11.tcl:10 in bfs, n           |
| expression_balance | off                                         | ../../../../dse_ds/MachSuite/random_ds/bfs/bulk/p1/script/dir_11.tcl:1 in bfs               |
| pipeline           | style=stp                                   | ../../../../dse_ds/MachSuite/random_ds/bfs/bulk/p1/script/dir_11.tcl:3 in bfs               |
| unroll             | factor=2                                    | ../../../../dse_ds/MachSuite/random_ds/bfs/bulk/p1/script/dir_11.tcl:2 in bfs               |
+--------------------+---------------------------------------------+---------------------------------------------------------------------------------------------+


