

================================================================
== Vitis HLS Report for 'bfs'
================================================================
* Date:           Mon Mar 10 00:11:46 2025

* Version:        2022.1 (Build 3526262 on Mon Apr 18 15:47:01 MDT 2022)
* Project:        bfs_random_prj_p1
* Solution:       solution (Vivado IP Flow Target)
* Product family: virtex7
* Target device:  xc7vx485t-ffg1761-2


================================================================
== Performance Estimates
================================================================
+ Timing: 
    * Summary: 
    +--------+----------+----------+------------+
    |  Clock |  Target  | Estimated| Uncertainty|
    +--------+----------+----------+------------+
    |ap_clk  |  10.00 ns|  6.237 ns|     2.70 ns|
    +--------+----------+----------+------------+

+ Latency: 
    * Summary: 
    +---------+---------+----------+----------+-----+-----+---------+
    |  Latency (cycles) |  Latency (absolute) |  Interval | Pipeline|
    |   min   |   max   |    min   |    max   | min | max |   Type  |
    +---------+---------+----------+----------+-----+-----+---------+
    |        ?|        ?|         ?|         ?|    ?|    ?|       no|
    +---------+---------+----------+----------+-----+-----+---------+

    + Detail: 
        * Instance: 
        N/A

        * Loop: 
        +---------------------+---------+---------+----------+-----------+-----------+------+----------+
        |                     |  Latency (cycles) | Iteration|  Initiation Interval  | Trip |          |
        |      Loop Name      |   min   |   max   |  Latency |  achieved |   target  | Count| Pipelined|
        +---------------------+---------+---------+----------+-----------+-----------+------+----------+
        |- loop_horizons      |        ?|        ?|         ?|          -|          -|     ?|        no|
        | + loop_nodes        |        ?|        ?|         ?|          -|          -|   256|        no|
        |  ++ loop_neighbors  |        ?|        ?|         3|          -|          -|     ?|        no|
        +---------------------+---------+---------+----------+-----------+-----------+------+----------+



================================================================
== Utilization Estimates
================================================================
* Summary: 
+-----------------+---------+------+--------+--------+-----+
|       Name      | BRAM_18K|  DSP |   FF   |   LUT  | URAM|
+-----------------+---------+------+--------+--------+-----+
|DSP              |        -|     -|       -|       -|    -|
|Expression       |        -|     -|       0|    2282|    -|
|FIFO             |        -|     -|       -|       -|    -|
|Instance         |        -|     -|       0|      36|    -|
|Memory           |        -|     -|       -|       -|    -|
|Multiplexer      |        -|     -|       -|     206|    -|
|Register         |        -|     -|     749|       -|    -|
+-----------------+---------+------+--------+--------+-----+
|Total            |        0|     0|     749|    2524|    0|
+-----------------+---------+------+--------+--------+-----+
|Available        |     2060|  2800|  607200|  303600|    0|
+-----------------+---------+------+--------+--------+-----+
|Utilization (%)  |        0|     0|      ~0|      ~0|    0|
+-----------------+---------+------+--------+--------+-----+

+ Detail: 
    * Instance: 
    +------------------+---------------+---------+----+---+----+-----+
    |     Instance     |     Module    | BRAM_18K| DSP| FF| LUT| URAM|
    +------------------+---------------+---------+----+---+----+-----+
    |mux_21_64_1_1_U2  |mux_21_64_1_1  |        0|   0|  0|   9|    0|
    |mux_21_64_1_1_U3  |mux_21_64_1_1  |        0|   0|  0|   9|    0|
    |mux_21_8_1_1_U1   |mux_21_8_1_1   |        0|   0|  0|   9|    0|
    |mux_257_8_1_1_U4  |mux_257_8_1_1  |        0|   0|  0|   9|    0|
    +------------------+---------------+---------+----+---+----+-----+
    |Total             |               |        0|   0|  0|  36|    0|
    +------------------+---------------+---------+----+---+----+-----+

    * DSP: 
    N/A

    * Memory: 
    N/A

    * FIFO: 
    N/A

    * Expression: 
    +-----------------------+----------+----+---+-----+------------+------------+
    |     Variable Name     | Operation| DSP| FF| LUT | Bitwidth P0| Bitwidth P1|
    +-----------------------+----------+----+---+-----+------------+------------+
    |add_ln21_fu_330_p2     |         +|   0|  0|   71|          64|           1|
    |cnt_4_fu_558_p2        |         +|   0|  0|   71|          64|           1|
    |e_2_fu_565_p2          |         +|   0|  0|   71|          64|           1|
    |empty_17_fu_336_p2     |         +|   0|  0|   15|           8|           1|
    |n_1_fu_352_p2          |         +|   0|  0|   16|           9|           1|
    |icmp_ln24_fu_346_p2    |      icmp|   0|  0|   11|           9|          10|
    |icmp_ln25_fu_400_p2    |      icmp|   0|  0|   29|          64|          64|
    |icmp_ln28_1_fu_502_p2  |      icmp|   0|  0|   29|          64|          64|
    |icmp_ln28_fu_498_p2    |      icmp|   0|  0|   29|          64|          64|
    |icmp_ln32_fu_545_p2    |      icmp|   0|  0|   11|           8|           7|
    |icmp_ln39_fu_364_p2    |      icmp|   0|  0|   29|          64|           1|
    |lshr_ln26_1_fu_450_p2  |      lshr|   0|  0|  950|         256|         256|
    |lshr_ln26_fu_436_p2    |      lshr|   0|  0|  950|         256|         256|
    +-----------------------+----------+----+---+-----+------------+------------+
    |Total                  |          |   0|  0| 2282|         994|         727|
    +-----------------------+----------+----+---+-----+------------+------------+

    * Multiplexer: 
    +--------------------------------+----+-----------+-----+-----------+
    |              Name              | LUT| Input Size| Bits| Total Bits|
    +--------------------------------+----+-----------+-----+-----------+
    |ap_NS_fsm                       |  45|         11|    1|         11|
    |ap_phi_mux_cnt_2_phi_fu_276_p4  |  13|          3|   64|        192|
    |cnt_1_reg_251                   |   9|          2|   64|        128|
    |cnt_3_reg_284                   |   9|          2|   64|        128|
    |cnt_reg_226                     |   9|          2|   64|        128|
    |e_1_reg_262                     |   9|          2|   64|        128|
    |horizon_fu_94                   |   9|          2|   64|        128|
    |level_0_address0                |  21|          5|    7|         35|
    |level_0_d0                      |  13|          3|    8|         24|
    |level_1_address0                |  21|          5|    7|         35|
    |level_1_d0                      |  13|          3|    8|         24|
    |level_counts_address0           |  13|          3|    4|         12|
    |level_counts_d0                 |  13|          3|   64|        192|
    |n_reg_239                       |   9|          2|    9|         18|
    +--------------------------------+----+-----------+-----+-----------+
    |Total                           | 206|         48|  492|       1183|
    +--------------------------------+----+-----------+-----+-----------+

    * Register: 
    +------------------------+----+----+-----+-----------+
    |          Name          | FF | LUT| Bits| Const Bits|
    +------------------------+----+----+-----+-----------+
    |add_ln21_reg_586        |  64|   0|   64|          0|
    |ap_CS_fsm               |  10|   0|   10|          0|
    |cnt_1_reg_251           |  64|   0|   64|          0|
    |cnt_3_reg_284           |  64|   0|   64|          0|
    |cnt_reg_226             |  64|   0|   64|          0|
    |e_1_reg_262             |  64|   0|   64|          0|
    |empty_17_reg_592        |   8|   0|    8|          0|
    |horizon_1_reg_581       |  64|   0|   64|          0|
    |horizon_fu_94           |  64|   0|   64|          0|
    |level_0_addr_2_reg_676  |   7|   0|    7|          0|
    |level_1_addr_2_reg_681  |   7|   0|    7|          0|
    |lshr_ln1_reg_671        |  57|   0|   57|          0|
    |n_1_reg_601             |   9|   0|    9|          0|
    |n_reg_239               |   9|   0|    9|          0|
    |tmp_2_reg_619           |   1|   0|    1|          0|
    |tmp_begin_reg_643       |  64|   0|   64|          0|
    |tmp_dst_reg_666         |  64|   0|   64|          0|
    |tmp_end_reg_649         |  64|   0|   64|          0|
    |trunc_ln26_reg_628      |   1|   0|    1|          0|
    +------------------------+----+----+-----+-----------+
    |Total                   | 749|   0|  749|          0|
    +------------------------+----+----+-----+-----------+



================================================================
== Interface
================================================================
* Summary: 
+-----------------------+-----+-----+------------+---------------+--------------+
|       RTL Ports       | Dir | Bits|  Protocol  | Source Object |    C Type    |
+-----------------------+-----+-----+------------+---------------+--------------+
|ap_clk                 |   in|    1|  ap_ctrl_hs|            bfs|  return value|
|ap_rst                 |   in|    1|  ap_ctrl_hs|            bfs|  return value|
|ap_start               |   in|    1|  ap_ctrl_hs|            bfs|  return value|
|ap_done                |  out|    1|  ap_ctrl_hs|            bfs|  return value|
|ap_idle                |  out|    1|  ap_ctrl_hs|            bfs|  return value|
|ap_ready               |  out|    1|  ap_ctrl_hs|            bfs|  return value|
|nodes_0_address0       |  out|    6|   ap_memory|        nodes_0|         array|
|nodes_0_ce0            |  out|    1|   ap_memory|        nodes_0|         array|
|nodes_0_q0             |   in|  256|   ap_memory|        nodes_0|         array|
|nodes_1_address0       |  out|    6|   ap_memory|        nodes_1|         array|
|nodes_1_ce0            |  out|    1|   ap_memory|        nodes_1|         array|
|nodes_1_q0             |   in|  256|   ap_memory|        nodes_1|         array|
|edges_address0         |  out|   12|   ap_memory|          edges|         array|
|edges_ce0              |  out|    1|   ap_memory|          edges|         array|
|edges_q0               |   in|   64|   ap_memory|          edges|         array|
|starting_node          |   in|   64|     ap_none|  starting_node|        scalar|
|level_0_address0       |  out|    7|   ap_memory|        level_0|         array|
|level_0_ce0            |  out|    1|   ap_memory|        level_0|         array|
|level_0_we0            |  out|    1|   ap_memory|        level_0|         array|
|level_0_d0             |  out|    8|   ap_memory|        level_0|         array|
|level_0_q0             |   in|    8|   ap_memory|        level_0|         array|
|level_1_address0       |  out|    7|   ap_memory|        level_1|         array|
|level_1_ce0            |  out|    1|   ap_memory|        level_1|         array|
|level_1_we0            |  out|    1|   ap_memory|        level_1|         array|
|level_1_d0             |  out|    8|   ap_memory|        level_1|         array|
|level_1_q0             |   in|    8|   ap_memory|        level_1|         array|
|level_counts_address0  |  out|    4|   ap_memory|   level_counts|         array|
|level_counts_ce0       |  out|    1|   ap_memory|   level_counts|         array|
|level_counts_we0       |  out|    1|   ap_memory|   level_counts|         array|
|level_counts_d0        |  out|   64|   ap_memory|   level_counts|         array|
+-----------------------+-----+-----+------------+---------------+--------------+

