

================================================================
== Vitis HLS Report for 'bfs'
================================================================
* Date:           Mon Mar 10 00:18:10 2025

* Version:        2022.1 (Build 3526262 on Mon Apr 18 15:47:01 MDT 2022)
* Project:        bfs_random_prj_p1
* Solution:       solution (Vivado IP Flow Target)
* Product family: virtex7
* Target device:  xc7vx485t-ffg1761-2


================================================================
== Performance Estimates
================================================================
+ Timing: 
    * Summary: 
    +--------+----------+----------+------------+
    |  Clock |  Target  | Estimated| Uncertainty|
    +--------+----------+----------+------------+
    |ap_clk  |  10.00 ns|  6.904 ns|     2.70 ns|
    +--------+----------+----------+------------+

+ Latency: 
    * Summary: 
    +---------+---------+----------+----------+-----+-----+---------+
    |  Latency (cycles) |  Latency (absolute) |  Interval | Pipeline|
    |   min   |   max   |    min   |    max   | min | max |   Type  |
    +---------+---------+----------+----------+-----+-----+---------+
    |        ?|        ?|         ?|         ?|    ?|    ?|       no|
    +---------+---------+----------+----------+-----+-----+---------+

    + Detail: 
        * Instance: 
        +-----------------------------------------+------------------------------+---------+---------+----------+----------+-----+-----+---------+
        |                                         |                              |  Latency (cycles) |  Latency (absolute) |  Interval | Pipeline|
        |                 Instance                |            Module            |   min   |   max   |    min   |    max   | min | max |   Type  |
        +-----------------------------------------+------------------------------+---------+---------+----------+----------+-----+-----+---------+
        |grp_bfs_Pipeline_loop_neighbors_fu_262   |bfs_Pipeline_loop_neighbors   |        ?|        ?|         ?|         ?|    ?|    ?|       no|
        |grp_bfs_Pipeline_loop_neighbors1_fu_278  |bfs_Pipeline_loop_neighbors1  |        ?|        ?|         ?|         ?|    ?|    ?|       no|
        +-----------------------------------------+------------------------------+---------+---------+----------+----------+-----+-----+---------+

        * Loop: 
        +-----------------+---------+---------+----------+-----------+-----------+------+----------+
        |                 |  Latency (cycles) | Iteration|  Initiation Interval  | Trip |          |
        |    Loop Name    |   min   |   max   |  Latency |  achieved |   target  | Count| Pipelined|
        +-----------------+---------+---------+----------+-----------+-----------+------+----------+
        |- loop_horizons  |        ?|        ?|         ?|          -|          -|     ?|        no|
        | + loop_nodes    |        ?|        ?|         ?|          -|          -|   128|        no|
        +-----------------+---------+---------+----------+-----------+-----------+------+----------+



================================================================
== Utilization Estimates
================================================================
* Summary: 
+-----------------+---------+------+--------+--------+-----+
|       Name      | BRAM_18K|  DSP |   FF   |   LUT  | URAM|
+-----------------+---------+------+--------+--------+-----+
|DSP              |        -|     -|       -|       -|    -|
|Expression       |        -|     -|       0|    3430|    -|
|FIFO             |        -|     -|       -|       -|    -|
|Instance         |        -|     -|     300|    1400|    -|
|Memory           |        -|     -|       -|       -|    -|
|Multiplexer      |        -|     -|       -|     332|    -|
|Register         |        -|     -|     634|       -|    -|
+-----------------+---------+------+--------+--------+-----+
|Total            |        0|     0|     934|    5162|    0|
+-----------------+---------+------+--------+--------+-----+
|Available        |     2060|  2800|  607200|  303600|    0|
+-----------------+---------+------+--------+--------+-----+
|Utilization (%)  |        0|     0|      ~0|       1|    0|
+-----------------+---------+------+--------+--------+-----+

+ Detail: 
    * Instance: 
    +-----------------------------------------+------------------------------+---------+----+-----+-----+-----+
    |                 Instance                |            Module            | BRAM_18K| DSP|  FF | LUT | URAM|
    +-----------------------------------------+------------------------------+---------+----+-----+-----+-----+
    |grp_bfs_Pipeline_loop_neighbors_fu_262   |bfs_Pipeline_loop_neighbors   |        0|   0|  150|  700|    0|
    |grp_bfs_Pipeline_loop_neighbors1_fu_278  |bfs_Pipeline_loop_neighbors1  |        0|   0|  150|  700|    0|
    +-----------------------------------------+------------------------------+---------+----+-----+-----+-----+
    |Total                                    |                              |        0|   0|  300| 1400|    0|
    +-----------------------------------------+------------------------------+---------+----+-----+-----+-----+

    * DSP: 
    N/A

    * Memory: 
    N/A

    * FIFO: 
    N/A

    * Expression: 
    +--------------------------+----------+----+---+-----+------------+------------+
    |       Variable Name      | Operation| DSP| FF| LUT | Bitwidth P0| Bitwidth P1|
    +--------------------------+----------+----+---+-----+------------+------------+
    |add_ln21_cast2_fu_361_p2  |         +|   0|  0|   13|           4|           1|
    |add_ln21_fu_355_p2        |         +|   0|  0|   71|          64|           1|
    |empty_fu_373_p2           |         +|   0|  0|   15|           8|           1|
    |n_1_fu_548_p2             |         +|   0|  0|   16|           9|           2|
    |and_ln39_1_fu_577_p2      |       and|   0|  0|  128|         128|         128|
    |and_ln39_fu_611_p2        |       and|   0|  0|    2|           1|           1|
    |icmp_ln21_fu_606_p2       |      icmp|   0|  0|   29|          64|           4|
    |icmp_ln25_1_fu_489_p2     |      icmp|   0|  0|   29|          64|          64|
    |icmp_ln25_fu_428_p2       |      icmp|   0|  0|   29|          64|          64|
    |icmp_ln28_1_fu_538_p2     |      icmp|   0|  0|   29|          64|          64|
    |icmp_ln28_fu_472_p2       |      icmp|   0|  0|   29|          64|          64|
    |icmp_ln39_fu_600_p2       |      icmp|   0|  0|   29|          64|           1|
    |lshr_ln26_1_fu_516_p2     |      lshr|   0|  0|  950|         256|         256|
    |lshr_ln26_fu_450_p2       |      lshr|   0|  0|  950|         256|         256|
    |or_ln26_fu_494_p2         |        or|   0|  0|    7|           7|           1|
    |or_ln39_fu_593_p2         |        or|   0|  0|  128|         128|         128|
    |shl_ln39_1_fu_587_p2      |       shl|   0|  0|  423|         128|         128|
    |shl_ln39_fu_565_p2        |       shl|   0|  0|  423|          64|         128|
    |add_ln21_cast_fu_367_p2   |       xor|   0|  0|    2|           1|           2|
    |xor_ln39_fu_571_p2        |       xor|   0|  0|  128|         128|           2|
    +--------------------------+----------+----+---+-----+------------+------------+
    |Total                     |          |   0|  0| 3430|        1566|        1296|
    +--------------------------+----------+----+---+-----+------------+------------+

    * Multiplexer: 
    +--------------------------------+----+-----------+-----+-----------+
    |              Name              | LUT| Input Size| Bits| Total Bits|
    +--------------------------------+----+-----------+-----+-----------+
    |ap_NS_fsm                       |  57|         14|    1|         14|
    |ap_phi_mux_cnt_4_phi_fu_251_p6  |   9|          2|   64|        128|
    |cnt_3_reg_233                   |   9|          2|   64|        128|
    |cnt_4_reg_247                   |  13|          3|   64|        192|
    |cnt_reg_209                     |   9|          2|   64|        128|
    |edges_address0                  |  13|          3|   11|         33|
    |edges_ce0                       |  13|          3|    1|          3|
    |horizon_fu_112                  |   9|          2|   64|        128|
    |level_0_address0                |  21|          5|    7|         35|
    |level_0_ce0                     |  17|          4|    1|          4|
    |level_0_d0                      |  17|          4|    8|         32|
    |level_0_we0                     |  17|          4|    1|          4|
    |level_1_address0                |  21|          5|    7|         35|
    |level_1_ce0                     |  17|          4|    1|          4|
    |level_1_d0                      |  17|          4|    8|         32|
    |level_1_we0                     |  17|          4|    1|          4|
    |level_counts_address0           |  21|          5|    3|         15|
    |level_counts_d0                 |  13|          3|  128|        384|
    |n_reg_221                       |   9|          2|    9|         18|
    |nodes_address0                  |  13|          3|    7|         21|
    +--------------------------------+----+-----------+-----+-----------+
    |Total                           | 332|         78|  514|       1342|
    +--------------------------------+----+-----------+-----+-----------+

    * Register: 
    +------------------------------------------------------+----+----+-----+-----------+
    |                         Name                         | FF | LUT| Bits| Const Bits|
    +------------------------------------------------------+----+----+-----+-----------+
    |add_ln21_cast2_reg_657                                |   4|   0|    4|          0|
    |add_ln21_cast_reg_662                                 |   1|   0|    1|          0|
    |add_ln21_reg_651                                      |  64|   0|   64|          0|
    |ap_CS_fsm                                             |  13|   0|   13|          0|
    |cnt_3_reg_233                                         |  64|   0|   64|          0|
    |cnt_4_reg_247                                         |  64|   0|   64|          0|
    |cnt_reg_209                                           |  64|   0|   64|          0|
    |empty_reg_667                                         |   8|   0|    8|          0|
    |grp_bfs_Pipeline_loop_neighbors1_fu_278_ap_start_reg  |   1|   0|    1|          0|
    |grp_bfs_Pipeline_loop_neighbors_fu_262_ap_start_reg   |   1|   0|    1|          0|
    |horizon_fu_112                                        |  64|   0|   64|          0|
    |icmp_ln25_1_reg_727                                   |   1|   0|    1|          0|
    |icmp_ln25_reg_696                                     |   1|   0|    1|          0|
    |icmp_ln28_1_reg_746                                   |   1|   0|    1|          0|
    |icmp_ln28_reg_715                                     |   1|   0|    1|          0|
    |level_counts_addr_1_reg_686                           |   3|   0|    3|          0|
    |n_reg_221                                             |   9|   0|    9|          0|
    |tmp_begin_1_reg_736                                   |  64|   0|   64|          0|
    |tmp_begin_reg_705                                     |  64|   0|   64|          0|
    |tmp_end_1_reg_741                                     |  64|   0|   64|          0|
    |tmp_end_reg_710                                       |  64|   0|   64|          0|
    |trunc_ln24_reg_691                                    |   7|   0|    7|          0|
    |zext_ln25_reg_676                                     |   7|   0|   64|         57|
    +------------------------------------------------------+----+----+-----+-----------+
    |Total                                                 | 634|   0|  691|         57|
    +------------------------------------------------------+----+----+-----+-----------+



================================================================
== Interface
================================================================
* Summary: 
+-----------------------+-----+-----+------------+---------------+--------------+
|       RTL Ports       | Dir | Bits|  Protocol  | Source Object |    C Type    |
+-----------------------+-----+-----+------------+---------------+--------------+
|ap_clk                 |   in|    1|  ap_ctrl_hs|            bfs|  return value|
|ap_rst                 |   in|    1|  ap_ctrl_hs|            bfs|  return value|
|ap_start               |   in|    1|  ap_ctrl_hs|            bfs|  return value|
|ap_done                |  out|    1|  ap_ctrl_hs|            bfs|  return value|
|ap_idle                |  out|    1|  ap_ctrl_hs|            bfs|  return value|
|ap_ready               |  out|    1|  ap_ctrl_hs|            bfs|  return value|
|nodes_address0         |  out|    7|   ap_memory|          nodes|         array|
|nodes_ce0              |  out|    1|   ap_memory|          nodes|         array|
|nodes_q0               |   in|  256|   ap_memory|          nodes|         array|
|edges_address0         |  out|   11|   ap_memory|          edges|         array|
|edges_ce0              |  out|    1|   ap_memory|          edges|         array|
|edges_q0               |   in|  128|   ap_memory|          edges|         array|
|starting_node          |   in|   64|     ap_none|  starting_node|        scalar|
|level_0_address0       |  out|    7|   ap_memory|        level_0|         array|
|level_0_ce0            |  out|    1|   ap_memory|        level_0|         array|
|level_0_we0            |  out|    1|   ap_memory|        level_0|         array|
|level_0_d0             |  out|    8|   ap_memory|        level_0|         array|
|level_0_q0             |   in|    8|   ap_memory|        level_0|         array|
|level_1_address0       |  out|    7|   ap_memory|        level_1|         array|
|level_1_ce0            |  out|    1|   ap_memory|        level_1|         array|
|level_1_we0            |  out|    1|   ap_memory|        level_1|         array|
|level_1_d0             |  out|    8|   ap_memory|        level_1|         array|
|level_1_q0             |   in|    8|   ap_memory|        level_1|         array|
|level_counts_address0  |  out|    3|   ap_memory|   level_counts|         array|
|level_counts_ce0       |  out|    1|   ap_memory|   level_counts|         array|
|level_counts_we0       |  out|    1|   ap_memory|   level_counts|         array|
|level_counts_d0        |  out|  128|   ap_memory|   level_counts|         array|
|level_counts_q0        |   in|  128|   ap_memory|   level_counts|         array|
+-----------------------+-----+-----+------------+---------------+--------------+

