

================================================================
== Vitis HLS Report for 'bfs'
================================================================
* Date:           Mon Mar 10 00:16:04 2025

* Version:        2022.1 (Build 3526262 on Mon Apr 18 15:47:01 MDT 2022)
* Project:        bfs_random_prj_p1
* Solution:       solution (Vivado IP Flow Target)
* Product family: virtex7
* Target device:  xc7vx485t-ffg1761-2


================================================================
== Performance Estimates
================================================================
+ Timing: 
    * Summary: 
    +--------+----------+----------+------------+
    |  Clock |  Target  | Estimated| Uncertainty|
    +--------+----------+----------+------------+
    |ap_clk  |  10.00 ns|  6.904 ns|     2.70 ns|
    +--------+----------+----------+------------+

+ Latency: 
    * Summary: 
    +---------+---------+----------+----------+-----+-----+---------+
    |  Latency (cycles) |  Latency (absolute) |  Interval | Pipeline|
    |   min   |   max   |    min   |    max   | min | max |   Type  |
    +---------+---------+----------+----------+-----+-----+---------+
    |        ?|        ?|         ?|         ?|    ?|    ?|       no|
    +---------+---------+----------+----------+-----+-----+---------+

    + Detail: 
        * Instance: 
        N/A

        * Loop: 
        +---------------------+---------+---------+----------+-----------+-----------+------+----------+
        |                     |  Latency (cycles) | Iteration|  Initiation Interval  | Trip |          |
        |      Loop Name      |   min   |   max   |  Latency |  achieved |   target  | Count| Pipelined|
        +---------------------+---------+---------+----------+-----------+-----------+------+----------+
        |- loop_horizons      |        ?|        ?|         ?|          -|          -|     ?|        no|
        | + loop_nodes        |        ?|        ?|         ?|          -|          -|   128|        no|
        |  ++ loop_neighbors  |        ?|        ?|         4|          -|          -|     ?|        no|
        |  ++ loop_neighbors  |        ?|        ?|         3|          -|          -|     ?|        no|
        +---------------------+---------+---------+----------+-----------+-----------+------+----------+



================================================================
== Utilization Estimates
================================================================
* Summary: 
+-----------------+---------+------+--------+--------+-----+
|       Name      | BRAM_18K|  DSP |   FF   |   LUT  | URAM|
+-----------------+---------+------+--------+--------+-----+
|DSP              |        -|     -|       -|       -|    -|
|Expression       |        -|     -|       0|    5757|    -|
|FIFO             |        -|     -|       -|       -|    -|
|Instance         |        -|     -|       0|      36|    -|
|Memory           |        -|     -|       -|       -|    -|
|Multiplexer      |        -|     -|       -|     317|    -|
|Register         |        -|     -|    1364|       -|    -|
+-----------------+---------+------+--------+--------+-----+
|Total            |        0|     0|    1364|    6110|    0|
+-----------------+---------+------+--------+--------+-----+
|Available        |     2060|  2800|  607200|  303600|    0|
+-----------------+---------+------+--------+--------+-----+
|Utilization (%)  |        0|     0|      ~0|       2|    0|
+-----------------+---------+------+--------+--------+-----+

+ Detail: 
    * Instance: 
    +------------------+---------------+---------+----+---+----+-----+
    |     Instance     |     Module    | BRAM_18K| DSP| FF| LUT| URAM|
    +------------------+---------------+---------+----+---+----+-----+
    |mux_21_64_1_1_U1  |mux_21_64_1_1  |        0|   0|  0|   9|    0|
    |mux_21_64_1_1_U2  |mux_21_64_1_1  |        0|   0|  0|   9|    0|
    |mux_21_64_1_1_U3  |mux_21_64_1_1  |        0|   0|  0|   9|    0|
    |mux_21_64_1_1_U4  |mux_21_64_1_1  |        0|   0|  0|   9|    0|
    +------------------+---------------+---------+----+---+----+-----+
    |Total             |               |        0|   0|  0|  36|    0|
    +------------------+---------------+---------+----+---+----+-----+

    * DSP: 
    N/A

    * Memory: 
    N/A

    * FIFO: 
    N/A

    * Expression: 
    +-------------------------+----------+----+---+-----+------------+------------+
    |      Variable Name      | Operation| DSP| FF| LUT | Bitwidth P0| Bitwidth P1|
    +-------------------------+----------+----+---+-----+------------+------------+
    |add_ln21_cast_fu_464_p2  |         +|   0|  0|   13|           4|           1|
    |add_ln21_fu_458_p2       |         +|   0|  0|   71|          64|           1|
    |cnt_4_fu_810_p2          |         +|   0|  0|   71|          64|           1|
    |cnt_7_fu_1085_p2         |         +|   0|  0|   71|          64|           1|
    |e_2_fu_816_p2            |         +|   0|  0|   71|          64|           1|
    |e_5_fu_1092_p2           |         +|   0|  0|   71|          64|           1|
    |empty_17_fu_470_p2       |         +|   0|  0|   15|           8|           1|
    |n_1_fu_956_p2            |         +|   0|  0|   16|           9|           2|
    |and_ln18_fu_440_p2       |       and|   0|  0|   16|          16|          16|
    |and_ln33_1_fu_1063_p2    |       and|   0|  0|   16|          16|          16|
    |and_ln33_fu_788_p2       |       and|   0|  0|   16|          16|          16|
    |and_ln39_fu_522_p2       |       and|   0|  0|    2|           1|           1|
    |icmp_ln21_fu_517_p2      |      icmp|   0|  0|   29|          64|           4|
    |icmp_ln25_1_fu_853_p2    |      icmp|   0|  0|   29|          64|          64|
    |icmp_ln25_fu_570_p2      |      icmp|   0|  0|   29|          64|          64|
    |icmp_ln28_1_fu_663_p2    |      icmp|   0|  0|   29|          64|          64|
    |icmp_ln28_2_fu_938_p2    |      icmp|   0|  0|   29|          64|          64|
    |icmp_ln28_3_fu_942_p2    |      icmp|   0|  0|   29|          64|          64|
    |icmp_ln28_fu_659_p2      |      icmp|   0|  0|   29|          64|          64|
    |icmp_ln32_1_fu_1034_p2   |      icmp|   0|  0|   11|           8|           7|
    |icmp_ln32_fu_759_p2      |      icmp|   0|  0|   11|           8|           7|
    |icmp_ln39_fu_511_p2      |      icmp|   0|  0|   29|          64|           1|
    |lshr_ln25_1_fu_835_p2    |      lshr|   0|  0|   35|          16|          16|
    |lshr_ln25_fu_552_p2      |      lshr|   0|  0|   35|          16|          16|
    |lshr_ln26_1_fu_611_p2    |      lshr|   0|  0|  950|         256|         256|
    |lshr_ln26_2_fu_876_p2    |      lshr|   0|  0|  950|         256|         256|
    |lshr_ln26_3_fu_890_p2    |      lshr|   0|  0|  950|         256|         256|
    |lshr_ln26_fu_597_p2      |      lshr|   0|  0|  950|         256|         256|
    |lshr_ln29_1_fu_982_p2    |      lshr|   0|  0|  423|         128|         128|
    |lshr_ln29_fu_707_p2      |      lshr|   0|  0|  423|         128|         128|
    |lshr_ln30_1_fu_1024_p2   |      lshr|   0|  0|   35|          16|          16|
    |lshr_ln30_fu_749_p2      |      lshr|   0|  0|   35|          16|          16|
    |or_ln25_1_fu_826_p2      |        or|   0|  0|    6|           6|           1|
    |or_ln25_fu_677_p2        |        or|   0|  0|    7|           7|           1|
    |or_ln33_1_fu_1078_p2     |        or|   0|  0|   16|          16|          16|
    |or_ln33_fu_803_p2        |        or|   0|  0|   16|          16|          16|
    |shl_ln18_fu_428_p2       |       shl|   0|  0|   35|           8|          16|
    |shl_ln33_1_fu_797_p2     |       shl|   0|  0|   35|          16|          16|
    |shl_ln33_2_fu_1051_p2    |       shl|   0|  0|   35|           8|          16|
    |shl_ln33_3_fu_1072_p2    |       shl|   0|  0|   35|          16|          16|
    |shl_ln33_fu_776_p2       |       shl|   0|  0|   35|           8|          16|
    |xor_ln18_fu_434_p2       |       xor|   0|  0|   16|          16|           2|
    |xor_ln33_1_fu_1057_p2    |       xor|   0|  0|   16|          16|           2|
    |xor_ln33_fu_782_p2       |       xor|   0|  0|   16|          16|           2|
    +-------------------------+----------+----+---+-----+------------+------------+
    |Total                    |          |   0|  0| 5757|        2411|        1925|
    +-------------------------+----------+----+---+-----+------------+------------+

    * Multiplexer: 
    +--------------------------------+----+-----------+-----+-----------+
    |              Name              | LUT| Input Size| Bits| Total Bits|
    +--------------------------------+----+-----------+-----+-----------+
    |ap_NS_fsm                       |  91|         19|    1|         19|
    |ap_phi_mux_cnt_8_phi_fu_363_p4  |  13|          3|   64|        192|
    |cnt_1_reg_290                   |   9|          2|   64|        128|
    |cnt_2_reg_311                   |   9|          2|   64|        128|
    |cnt_3_reg_323                   |   9|          2|   64|        128|
    |cnt_5_reg_338                   |   9|          2|   64|        128|
    |cnt_6_reg_371                   |  13|          3|   64|        192|
    |cnt_reg_264                     |   9|          2|   64|        128|
    |e_1_reg_301                     |   9|          2|   64|        128|
    |e_4_reg_349                     |   9|          2|   64|        128|
    |edges_address0                  |  13|          3|   11|         33|
    |horizon_fu_110                  |   9|          2|   64|        128|
    |level_address0                  |  37|          9|    7|         63|
    |level_counts_0_address0         |  13|          3|    3|          9|
    |level_counts_0_d0               |  13|          3|   64|        192|
    |level_d0                        |  17|          4|   16|         64|
    |n_reg_278                       |   9|          2|    9|         18|
    |nodes_0_address0                |  13|          3|    6|         18|
    |nodes_1_address0                |  13|          3|    6|         18|
    +--------------------------------+----+-----------+-----+-----------+
    |Total                           | 317|         71|  763|       1842|
    +--------------------------------+----+-----------+-----+-----------+

    * Register: 
    +------------------------+-----+----+-----+-----------+
    |          Name          |  FF | LUT| Bits| Const Bits|
    +------------------------+-----+----+-----+-----------+
    |add_ln21_cast_reg_1127  |    4|   0|    4|          0|
    |add_ln21_reg_1121       |   64|   0|   64|          0|
    |and_ln1_reg_1165        |    1|   0|    4|          3|
    |ap_CS_fsm               |   18|   0|   18|          0|
    |cnt_1_reg_290           |   64|   0|   64|          0|
    |cnt_2_reg_311           |   64|   0|   64|          0|
    |cnt_3_reg_323           |   64|   0|   64|          0|
    |cnt_5_reg_338           |   64|   0|   64|          0|
    |cnt_6_reg_371           |   64|   0|   64|          0|
    |cnt_reg_264             |   64|   0|   64|          0|
    |e_1_reg_301             |   64|   0|   64|          0|
    |e_2_reg_1236            |   64|   0|   64|          0|
    |e_4_reg_349             |   64|   0|   64|          0|
    |empty_17_reg_1132       |    8|   0|    8|          0|
    |horizon_1_reg_1115      |   64|   0|   64|          0|
    |horizon_fu_110          |   64|   0|   64|          0|
    |icmp_ln25_1_reg_1241    |    1|   0|    1|          0|
    |icmp_ln25_reg_1170      |    1|   0|    1|          0|
    |icmp_ln28_2_reg_1267    |    1|   0|    1|          0|
    |icmp_ln28_reg_1196      |    1|   0|    1|          0|
    |level_addr_2_reg_1223   |    7|   0|    7|          0|
    |level_addr_4_reg_1294   |    7|   0|    7|          0|
    |level_addr_reg_1110     |    7|   0|    7|          0|
    |lshr_ln29_1_reg_1284    |  128|   0|  128|          0|
    |lshr_ln29_reg_1213      |  128|   0|  128|          0|
    |n_1_reg_1279            |    9|   0|    9|          0|
    |n_reg_278               |    9|   0|    9|          0|
    |tmp_15_reg_1289         |    1|   0|    1|          0|
    |tmp_3_reg_1157          |    1|   0|    1|          0|
    |tmp_8_reg_1218          |    1|   0|    1|          0|
    |tmp_begin_1_reg_1255    |   64|   0|   64|          0|
    |tmp_begin_reg_1184      |   64|   0|   64|          0|
    |tmp_end_1_reg_1261      |   64|   0|   64|          0|
    |tmp_end_reg_1190        |   64|   0|   64|          0|
    |trunc_ln24_reg_1141     |    7|   0|    7|          0|
    +------------------------+-----+----+-----+-----------+
    |Total                   | 1364|   0| 1367|          3|
    +------------------------+-----+----+-----+-----------+



================================================================
== Interface
================================================================
* Summary: 
+-------------------------+-----+-----+------------+----------------+--------------+
|        RTL Ports        | Dir | Bits|  Protocol  |  Source Object |    C Type    |
+-------------------------+-----+-----+------------+----------------+--------------+
|ap_clk                   |   in|    1|  ap_ctrl_hs|             bfs|  return value|
|ap_rst                   |   in|    1|  ap_ctrl_hs|             bfs|  return value|
|ap_start                 |   in|    1|  ap_ctrl_hs|             bfs|  return value|
|ap_done                  |  out|    1|  ap_ctrl_hs|             bfs|  return value|
|ap_idle                  |  out|    1|  ap_ctrl_hs|             bfs|  return value|
|ap_ready                 |  out|    1|  ap_ctrl_hs|             bfs|  return value|
|nodes_0_address0         |  out|    6|   ap_memory|         nodes_0|         array|
|nodes_0_ce0              |  out|    1|   ap_memory|         nodes_0|         array|
|nodes_0_q0               |   in|  256|   ap_memory|         nodes_0|         array|
|nodes_1_address0         |  out|    6|   ap_memory|         nodes_1|         array|
|nodes_1_ce0              |  out|    1|   ap_memory|         nodes_1|         array|
|nodes_1_q0               |   in|  256|   ap_memory|         nodes_1|         array|
|edges_address0           |  out|   11|   ap_memory|           edges|         array|
|edges_ce0                |  out|    1|   ap_memory|           edges|         array|
|edges_q0                 |   in|  128|   ap_memory|           edges|         array|
|starting_node            |   in|   64|     ap_none|   starting_node|        scalar|
|level_address0           |  out|    7|   ap_memory|           level|         array|
|level_ce0                |  out|    1|   ap_memory|           level|         array|
|level_we0                |  out|    1|   ap_memory|           level|         array|
|level_d0                 |  out|   16|   ap_memory|           level|         array|
|level_q0                 |   in|   16|   ap_memory|           level|         array|
|level_counts_0_address0  |  out|    3|   ap_memory|  level_counts_0|         array|
|level_counts_0_ce0       |  out|    1|   ap_memory|  level_counts_0|         array|
|level_counts_0_we0       |  out|    1|   ap_memory|  level_counts_0|         array|
|level_counts_0_d0        |  out|   64|   ap_memory|  level_counts_0|         array|
|level_counts_1_address0  |  out|    3|   ap_memory|  level_counts_1|         array|
|level_counts_1_ce0       |  out|    1|   ap_memory|  level_counts_1|         array|
|level_counts_1_we0       |  out|    1|   ap_memory|  level_counts_1|         array|
|level_counts_1_d0        |  out|   64|   ap_memory|  level_counts_1|         array|
+-------------------------+-----+-----+------------+----------------+--------------+

