

================================================================
== Vitis HLS Report for 'bfs'
================================================================
* Date:           Mon Mar 10 00:17:44 2025

* Version:        2022.1 (Build 3526262 on Mon Apr 18 15:47:01 MDT 2022)
* Project:        bfs_random_prj_p1
* Solution:       solution (Vivado IP Flow Target)
* Product family: virtex7
* Target device:  xc7vx485t-ffg1761-2


================================================================
== Performance Estimates
================================================================
+ Timing: 
    * Summary: 
    +--------+----------+----------+------------+
    |  Clock |  Target  | Estimated| Uncertainty|
    +--------+----------+----------+------------+
    |ap_clk  |  10.00 ns|  7.139 ns|     2.70 ns|
    +--------+----------+----------+------------+

+ Latency: 
    * Summary: 
    +---------+---------+----------+----------+-----+-----+---------+
    |  Latency (cycles) |  Latency (absolute) |  Interval | Pipeline|
    |   min   |   max   |    min   |    max   | min | max |   Type  |
    +---------+---------+----------+----------+-----+-----+---------+
    |        ?|        ?|         ?|         ?|    ?|    ?|       no|
    +---------+---------+----------+----------+-----+-----+---------+

    + Detail: 
        * Instance: 
        N/A

        * Loop: 
        +---------------------+---------+---------+----------+-----------+-----------+------+----------+
        |                     |  Latency (cycles) | Iteration|  Initiation Interval  | Trip |          |
        |      Loop Name      |   min   |   max   |  Latency |  achieved |   target  | Count| Pipelined|
        +---------------------+---------+---------+----------+-----------+-----------+------+----------+
        |- loop_horizons      |        ?|        ?|         ?|          -|          -|     ?|        no|
        | + loop_nodes        |        ?|        ?|         ?|          -|          -|   256|        no|
        |  ++ loop_neighbors  |        ?|        ?|         7|          -|          -|     ?|        no|
        +---------------------+---------+---------+----------+-----------+-----------+------+----------+



================================================================
== Utilization Estimates
================================================================
* Summary: 
+-----------------+---------+------+--------+--------+-----+
|       Name      | BRAM_18K|  DSP |   FF   |   LUT  | URAM|
+-----------------+---------+------+--------+--------+-----+
|DSP              |        -|     -|       -|       -|    -|
|Expression       |        -|     -|       0|    2252|    -|
|FIFO             |        -|     -|       -|       -|    -|
|Instance         |        -|     9|    1140|     648|    -|
|Memory           |        -|     -|       -|       -|    -|
|Multiplexer      |        -|     -|       -|     581|    -|
|Register         |        -|     -|     862|       -|    -|
+-----------------+---------+------+--------+--------+-----+
|Total            |        0|     9|    2002|    3481|    0|
+-----------------+---------+------+--------+--------+-----+
|Available        |     2060|  2800|  607200|  303600|    0|
+-----------------+---------+------+--------+--------+-----+
|Utilization (%)  |        0|    ~0|      ~0|       1|    0|
+-----------------+---------+------+--------+--------+-----+

+ Detail: 
    * Instance: 
    +------------------------------+---------------------------+---------+----+-----+-----+-----+
    |           Instance           |           Module          | BRAM_18K| DSP|  FF | LUT | URAM|
    +------------------------------+---------------------------+---------+----+-----+-----+-----+
    |mul_64ns_66ns_125_2_1_U2      |mul_64ns_66ns_125_2_1      |        0|   9|  361|  179|    0|
    |urem_64ns_4ns_64_68_seq_1_U1  |urem_64ns_4ns_64_68_seq_1  |        0|   0|  779|  469|    0|
    +------------------------------+---------------------------+---------+----+-----+-----+-----+
    |Total                         |                           |        0|   9| 1140|  648|    0|
    +------------------------------+---------------------------+---------+----+-----+-----+-----+

    * DSP: 
    N/A

    * Memory: 
    N/A

    * FIFO: 
    N/A

    * Expression: 
    +-----------------------+----------+----+---+-----+------------+------------+
    |     Variable Name     | Operation| DSP| FF| LUT | Bitwidth P0| Bitwidth P1|
    +-----------------------+----------+----+---+-----+------------+------------+
    |add_ln21_fu_387_p2     |         +|   0|  0|   71|          64|           1|
    |add_ln28_1_fu_690_p2   |         +|   0|  0|   71|          64|           2|
    |add_ln28_fu_589_p2     |         +|   0|  0|   71|          64|           1|
    |add_ln29_fu_600_p2     |         +|   0|  0|   19|          12|           1|
    |add_ln34_1_fu_684_p2   |         +|   0|  0|   71|          64|           1|
    |add_ln34_fu_583_p2     |         +|   0|  0|   71|          64|           1|
    |empty_fu_393_p2        |         +|   0|  0|   15|           8|           1|
    |n_1_fu_409_p2          |         +|   0|  0|   16|           9|           1|
    |and_ln18_fu_360_p2     |       and|   0|  0|   16|          16|          16|
    |and_ln33_1_fu_662_p2   |       and|   0|  0|   16|          16|          16|
    |and_ln33_fu_561_p2     |       and|   0|  0|   16|          16|          16|
    |and_ln39_1_fu_736_p2   |       and|   0|  0|  128|         128|         128|
    |and_ln39_fu_770_p2     |       and|   0|  0|    2|           1|           1|
    |icmp_ln21_fu_765_p2    |      icmp|   0|  0|   29|          64|           4|
    |icmp_ln24_fu_403_p2    |      icmp|   0|  0|   11|           9|          10|
    |icmp_ln25_fu_470_p2    |      icmp|   0|  0|   29|          64|          64|
    |icmp_ln28_1_fu_495_p2  |      icmp|   0|  0|   29|          64|          64|
    |icmp_ln28_2_fu_595_p2  |      icmp|   0|  0|   29|          64|          64|
    |icmp_ln28_fu_489_p2    |      icmp|   0|  0|   29|          64|          64|
    |icmp_ln32_1_fu_640_p2  |      icmp|   0|  0|   11|           8|           7|
    |icmp_ln32_fu_539_p2    |      icmp|   0|  0|   11|           8|           7|
    |icmp_ln39_fu_759_p2    |      icmp|   0|  0|   29|          64|           1|
    |lshr_ln25_fu_452_p2    |      lshr|   0|  0|   35|          16|          16|
    |lshr_ln30_2_fu_630_p2  |      lshr|   0|  0|   35|          16|          16|
    |lshr_ln30_fu_529_p2    |      lshr|   0|  0|   35|          16|          16|
    |or_ln33_1_fu_677_p2    |        or|   0|  0|   16|          16|          16|
    |or_ln33_fu_576_p2      |        or|   0|  0|   16|          16|          16|
    |or_ln39_fu_752_p2      |        or|   0|  0|  128|         128|         128|
    |shl_ln18_fu_348_p2     |       shl|   0|  0|   35|           8|          16|
    |shl_ln33_1_fu_570_p2   |       shl|   0|  0|   35|          16|          16|
    |shl_ln33_2_fu_650_p2   |       shl|   0|  0|   35|           8|          16|
    |shl_ln33_3_fu_671_p2   |       shl|   0|  0|   35|          16|          16|
    |shl_ln33_fu_549_p2     |       shl|   0|  0|   35|           8|          16|
    |shl_ln39_1_fu_746_p2   |       shl|   0|  0|  423|         128|         128|
    |shl_ln39_fu_724_p2     |       shl|   0|  0|  423|          64|         128|
    |xor_ln18_fu_354_p2     |       xor|   0|  0|   16|          16|           2|
    |xor_ln33_1_fu_656_p2   |       xor|   0|  0|   16|          16|           2|
    |xor_ln33_fu_555_p2     |       xor|   0|  0|   16|          16|           2|
    |xor_ln39_fu_730_p2     |       xor|   0|  0|  128|         128|           2|
    +-----------------------+----------+----+---+-----+------------+------------+
    |Total                  |          |   0|  0| 2252|        1567|        1023|
    +-----------------------+----------+----+---+-----+------------+------------+

    * Multiplexer: 
    +-----------------------+-----+-----------+-----+-----------+
    |          Name         | LUT | Input Size| Bits| Total Bits|
    +-----------------------+-----+-----------+-----+-----------+
    |ap_NS_fsm              |  403|         84|    1|         84|
    |cnt_1_0_reg_231        |    9|          2|   64|        128|
    |cnt_1_ph_reg_275       |    9|          2|   64|        128|
    |cnt_1_reg_287          |    9|          2|   64|        128|
    |cnt_2_0_reg_252        |    9|          2|   64|        128|
    |cnt_2_1_reg_263        |    9|          2|   64|        128|
    |cnt_reg_207            |    9|          2|   64|        128|
    |e_1_0_reg_242          |    9|          2|   64|        128|
    |edges_address0         |   13|          3|   12|         36|
    |horizon_fu_104         |    9|          2|   64|        128|
    |level_address0         |   33|          8|    7|         56|
    |level_counts_address0  |   21|          5|    3|         15|
    |level_counts_d0        |   13|          3|  128|        384|
    |level_d0               |   17|          4|   16|         64|
    |n_reg_219              |    9|          2|    9|         18|
    +-----------------------+-----+-----------+-----+-----------+
    |Total                  |  581|        125|  688|       1681|
    +-----------------------+-----+-----------+-----+-----------+

    * Register: 
    +-----------------------------+----+----+-----+-----------+
    |             Name            | FF | LUT| Bits| Const Bits|
    +-----------------------------+----+----+-----+-----------+
    |add_ln21_reg_805             |  64|   0|   64|          0|
    |add_ln28_1_reg_917           |  64|   0|   64|          0|
    |ap_CS_fsm                    |  83|   0|   83|          0|
    |cnt_1_0_reg_231              |  64|   0|   64|          0|
    |cnt_1_ph_reg_275             |  64|   0|   64|          0|
    |cnt_1_reg_287                |  64|   0|   64|          0|
    |cnt_2_0_reg_252              |  64|   0|   64|          0|
    |cnt_2_1_reg_263              |  64|   0|   64|          0|
    |cnt_reg_207                  |  64|   0|   64|          0|
    |e_1_0_reg_242                |  64|   0|   64|          0|
    |empty_reg_813                |   8|   0|    8|          0|
    |horizon_fu_104               |  64|   0|   64|          0|
    |icmp_ln28_2_reg_890          |   1|   0|    1|          0|
    |level_addr_2_reg_877         |   7|   0|    7|          0|
    |level_addr_3_reg_904         |   7|   0|    7|          0|
    |level_addr_reg_792           |   7|   0|    7|          0|
    |level_counts_addr_1_reg_932  |   3|   0|    3|          0|
    |n_1_reg_827                  |   9|   0|    9|          0|
    |n_reg_219                    |   9|   0|    9|          0|
    |tmp_end_reg_850              |  64|   0|   64|          0|
    |tmp_reg_927                  |   1|   0|    1|          0|
    |trunc_ln29_reg_862           |  12|   0|   12|          0|
    |trunc_ln30_2_reg_899         |   1|   0|    1|          0|
    |trunc_ln30_reg_872           |   1|   0|    1|          0|
    |zext_ln24_reg_819            |   9|   0|   64|         55|
    +-----------------------------+----+----+-----+-----------+
    |Total                        | 862|   0|  917|         55|
    +-----------------------------+----+----+-----+-----------+



================================================================
== Interface
================================================================
* Summary: 
+-----------------------+-----+-----+------------+---------------+--------------+
|       RTL Ports       | Dir | Bits|  Protocol  | Source Object |    C Type    |
+-----------------------+-----+-----+------------+---------------+--------------+
|ap_clk                 |   in|    1|  ap_ctrl_hs|            bfs|  return value|
|ap_rst                 |   in|    1|  ap_ctrl_hs|            bfs|  return value|
|ap_start               |   in|    1|  ap_ctrl_hs|            bfs|  return value|
|ap_done                |  out|    1|  ap_ctrl_hs|            bfs|  return value|
|ap_idle                |  out|    1|  ap_ctrl_hs|            bfs|  return value|
|ap_ready               |  out|    1|  ap_ctrl_hs|            bfs|  return value|
|nodes_address0         |  out|    8|   ap_memory|          nodes|         array|
|nodes_ce0              |  out|    1|   ap_memory|          nodes|         array|
|nodes_q0               |   in|  128|   ap_memory|          nodes|         array|
|edges_address0         |  out|   12|   ap_memory|          edges|         array|
|edges_ce0              |  out|    1|   ap_memory|          edges|         array|
|edges_q0               |   in|   64|   ap_memory|          edges|         array|
|starting_node          |   in|   64|     ap_none|  starting_node|        scalar|
|level_address0         |  out|    7|   ap_memory|          level|         array|
|level_ce0              |  out|    1|   ap_memory|          level|         array|
|level_we0              |  out|    1|   ap_memory|          level|         array|
|level_d0               |  out|   16|   ap_memory|          level|         array|
|level_q0               |   in|   16|   ap_memory|          level|         array|
|level_counts_address0  |  out|    3|   ap_memory|   level_counts|         array|
|level_counts_ce0       |  out|    1|   ap_memory|   level_counts|         array|
|level_counts_we0       |  out|    1|   ap_memory|   level_counts|         array|
|level_counts_d0        |  out|  128|   ap_memory|   level_counts|         array|
|level_counts_q0        |   in|  128|   ap_memory|   level_counts|         array|
+-----------------------+-----+-----+------------+---------------+--------------+

