

================================================================
== Vitis HLS Report for 'bfs'
================================================================
* Date:           Mon Mar 10 00:20:14 2025

* Version:        2022.1 (Build 3526262 on Mon Apr 18 15:47:01 MDT 2022)
* Project:        bfs_random_prj_p1
* Solution:       solution (Vivado IP Flow Target)
* Product family: virtex7
* Target device:  xc7vx485t-ffg1761-2


================================================================
== Performance Estimates
================================================================
+ Timing: 
    * Summary: 
    +--------+----------+----------+------------+
    |  Clock |  Target  | Estimated| Uncertainty|
    +--------+----------+----------+------------+
    |ap_clk  |  10.00 ns|  6.822 ns|     2.70 ns|
    +--------+----------+----------+------------+

+ Latency: 
    * Summary: 
    +---------+---------+----------+----------+-----+-----+---------+
    |  Latency (cycles) |  Latency (absolute) |  Interval | Pipeline|
    |   min   |   max   |    min   |    max   | min | max |   Type  |
    +---------+---------+----------+----------+-----+-----+---------+
    |        ?|        ?|         ?|         ?|    ?|    ?|       no|
    +---------+---------+----------+----------+-----+-----+---------+

    + Detail: 
        * Instance: 
        +-----------------------------------------+------------------------------+---------+---------+----------+----------+-----+-----+---------+
        |                                         |                              |  Latency (cycles) |  Latency (absolute) |  Interval | Pipeline|
        |                 Instance                |            Module            |   min   |   max   |    min   |    max   | min | max |   Type  |
        +-----------------------------------------+------------------------------+---------+---------+----------+----------+-----+-----+---------+
        |grp_bfs_Pipeline_loop_neighbors_fu_358   |bfs_Pipeline_loop_neighbors   |        ?|        ?|         ?|         ?|    ?|    ?|       no|
        |grp_bfs_Pipeline_loop_neighbors1_fu_376  |bfs_Pipeline_loop_neighbors1  |        ?|        ?|         ?|         ?|    ?|    ?|       no|
        +-----------------------------------------+------------------------------+---------+---------+----------+----------+-----+-----+---------+

        * Loop: 
        +-----------------+---------+---------+----------+-----------+-----------+-------+----------+
        |                 |  Latency (cycles) | Iteration|  Initiation Interval  |  Trip |          |
        |    Loop Name    |   min   |   max   |  Latency |  achieved |   target  | Count | Pipelined|
        +-----------------+---------+---------+----------+-----------+-----------+-------+----------+
        |- loop_horizons  |        ?|        ?|         ?|          -|          -|  1 ~ 5|        no|
        | + loop_nodes    |        ?|        ?|         ?|          -|          -|    256|        no|
        | + loop_nodes    |        ?|        ?|         ?|          -|          -|    256|        no|
        +-----------------+---------+---------+----------+-----------+-----------+-------+----------+



================================================================
== Utilization Estimates
================================================================
* Summary: 
+-----------------+---------+------+--------+--------+-----+
|       Name      | BRAM_18K|  DSP |   FF   |   LUT  | URAM|
+-----------------+---------+------+--------+--------+-----+
|DSP              |        -|     -|       -|       -|    -|
|Expression       |        -|     -|       0|    4306|    -|
|FIFO             |        -|     -|       -|       -|    -|
|Instance         |        -|     -|     780|    2836|    -|
|Memory           |        -|     -|       -|       -|    -|
|Multiplexer      |        -|     -|       -|     417|    -|
|Register         |        -|     -|     606|       -|    -|
+-----------------+---------+------+--------+--------+-----+
|Total            |        0|     0|    1386|    7559|    0|
+-----------------+---------+------+--------+--------+-----+
|Available        |     2060|  2800|  607200|  303600|    0|
+-----------------+---------+------+--------+--------+-----+
|Utilization (%)  |        0|     0|      ~0|       2|    0|
+-----------------+---------+------+--------+--------+-----+

+ Detail: 
    * Instance: 
    +-----------------------------------------+------------------------------+---------+----+-----+------+-----+
    |                 Instance                |            Module            | BRAM_18K| DSP|  FF |  LUT | URAM|
    +-----------------------------------------+------------------------------+---------+----+-----+------+-----+
    |grp_bfs_Pipeline_loop_neighbors_fu_358   |bfs_Pipeline_loop_neighbors   |        0|   0|  390|  1391|    0|
    |grp_bfs_Pipeline_loop_neighbors1_fu_376  |bfs_Pipeline_loop_neighbors1  |        0|   0|  390|  1391|    0|
    |mux_21_64_1_1_U26                        |mux_21_64_1_1                 |        0|   0|    0|     9|    0|
    |mux_21_64_1_1_U27                        |mux_21_64_1_1                 |        0|   0|    0|     9|    0|
    |mux_21_64_1_1_U29                        |mux_21_64_1_1                 |        0|   0|    0|     9|    0|
    |mux_21_64_1_1_U30                        |mux_21_64_1_1                 |        0|   0|    0|     9|    0|
    |mux_21_8_1_1_U25                         |mux_21_8_1_1                  |        0|   0|    0|     9|    0|
    |mux_21_8_1_1_U28                         |mux_21_8_1_1                  |        0|   0|    0|     9|    0|
    +-----------------------------------------+------------------------------+---------+----+-----+------+-----+
    |Total                                    |                              |        0|   0|  780|  2836|    0|
    +-----------------------------------------+------------------------------+---------+----+-----+------+-----+

    * DSP: 
    N/A

    * Memory: 
    N/A

    * FIFO: 
    N/A

    * Expression: 
    +-----------------------+----------+----+---+-----+------------+------------+
    |     Variable Name     | Operation| DSP| FF| LUT | Bitwidth P0| Bitwidth P1|
    +-----------------------+----------+----+---+-----+------------+------------+
    |add_ln21_fu_550_p2     |         +|   0|  0|   13|           4|           2|
    |add_ln39_fu_751_p2     |         +|   0|  0|   14|           6|           4|
    |n_2_fu_508_p2          |         +|   0|  0|   16|           9|           1|
    |n_3_fu_722_p2          |         +|   0|  0|   16|           9|           1|
    |and_ln18_1_fu_445_p2   |       and|   0|  0|   16|          16|          16|
    |and_ln18_fu_467_p2     |       and|   0|  0|   16|          16|          16|
    |icmp_ln21_fu_482_p2    |      icmp|   0|  0|    9|           4|           4|
    |icmp_ln24_1_fu_716_p2  |      icmp|   0|  0|   11|           9|          10|
    |icmp_ln24_fu_502_p2    |      icmp|   0|  0|   11|           9|          10|
    |icmp_ln25_1_fu_844_p2  |      icmp|   0|  0|   11|           8|           8|
    |icmp_ln25_fu_617_p2    |      icmp|   0|  0|   11|           8|           8|
    |icmp_ln28_1_fu_936_p2  |      icmp|   0|  0|   29|          64|          64|
    |icmp_ln28_fu_709_p2    |      icmp|   0|  0|   29|          64|          64|
    |icmp_ln39_1_fu_772_p2  |      icmp|   0|  0|   29|          64|           1|
    |icmp_ln39_fu_544_p2    |      icmp|   0|  0|   29|          64|           1|
    |lshr_ln25_1_fu_597_p2  |      lshr|   0|  0|   35|          16|          16|
    |lshr_ln25_2_fu_810_p2  |      lshr|   0|  0|   35|          16|          16|
    |lshr_ln25_3_fu_824_p2  |      lshr|   0|  0|   35|          16|          16|
    |lshr_ln25_fu_583_p2    |      lshr|   0|  0|   35|          16|          16|
    |lshr_ln26_1_fu_661_p2  |      lshr|   0|  0|  950|         256|         256|
    |lshr_ln26_2_fu_874_p2  |      lshr|   0|  0|  950|         256|         256|
    |lshr_ln26_3_fu_888_p2  |      lshr|   0|  0|  950|         256|         256|
    |lshr_ln26_fu_647_p2    |      lshr|   0|  0|  950|         256|         256|
    |conv20_fu_492_p2       |        or|   0|  0|    4|           4|           1|
    |shl_ln18_1_fu_433_p2   |       shl|   0|  0|   35|           8|          16|
    |shl_ln18_fu_455_p2     |       shl|   0|  0|   35|           8|          16|
    |xor_ln18_1_fu_439_p2   |       xor|   0|  0|   16|          16|           2|
    |xor_ln18_fu_461_p2     |       xor|   0|  0|   16|          16|           2|
    +-----------------------+----------+----+---+-----+------------+------------+
    |Total                  |          |   0|  0| 4306|        1494|        1335|
    +-----------------------+----------+----+---+-----+------------+------------+

    * Multiplexer: 
    +--------------------------------+----+-----------+-----+-----------+
    |              Name              | LUT| Input Size| Bits| Total Bits|
    +--------------------------------+----+-----------+-----+-----------+
    |ap_NS_fsm                       |  81|         17|    1|         17|
    |ap_phi_mux_cnt_5_phi_fu_347_p6  |   9|          2|   64|        128|
    |cnt_1_reg_318                   |   9|          2|   64|        128|
    |cnt_3_reg_303                   |   9|          2|   64|        128|
    |cnt_5_reg_343                   |   9|          2|   64|        128|
    |cnt_reg_278                     |   9|          2|   64|        128|
    |edges_0_address0                |  13|          3|   10|         30|
    |edges_0_ce0                     |  13|          3|    1|          3|
    |edges_1_address0                |  13|          3|   10|         30|
    |edges_1_ce0                     |  13|          3|    1|          3|
    |horizon_fu_132                  |   9|          2|    4|          8|
    |level_0_address0                |  29|          7|    6|         42|
    |level_0_ce0                     |  17|          4|    1|          4|
    |level_0_d0                      |  17|          4|   16|         64|
    |level_0_we0                     |  17|          4|    1|          4|
    |level_1_address0                |  29|          7|    6|         42|
    |level_1_ce0                     |  17|          4|    1|          4|
    |level_1_d0                      |  17|          4|   16|         64|
    |level_1_we0                     |  17|          4|    1|          4|
    |level_counts_0_address0         |  13|          3|    3|          9|
    |level_counts_0_d0               |  13|          3|   64|        192|
    |n_1_reg_331                     |   9|          2|    9|         18|
    |n_reg_291                       |   9|          2|    9|         18|
    |nodes_0_address0                |  13|          3|    6|         18|
    |nodes_1_address0                |  13|          3|    6|         18|
    +--------------------------------+----+-----------+-----+-----------+
    |Total                           | 417|         95|  492|       1232|
    +--------------------------------+----+-----------+-----+-----------+

    * Register: 
    +------------------------------------------------------+----+----+-----+-----------+
    |                         Name                         | FF | LUT| Bits| Const Bits|
    +------------------------------------------------------+----+----+-----+-----------+
    |add_ln21_reg_1027                                     |   4|   0|    4|          0|
    |ap_CS_fsm                                             |  16|   0|   16|          0|
    |cnt_1_reg_318                                         |  64|   0|   64|          0|
    |cnt_3_reg_303                                         |  64|   0|   64|          0|
    |cnt_5_reg_343                                         |  64|   0|   64|          0|
    |cnt_reg_278                                           |  64|   0|   64|          0|
    |conv20_reg_995                                        |   3|   0|    4|          1|
    |grp_bfs_Pipeline_loop_neighbors1_fu_376_ap_start_reg  |   1|   0|    1|          0|
    |grp_bfs_Pipeline_loop_neighbors_fu_358_ap_start_reg   |   1|   0|    1|          0|
    |horizon_fu_132                                        |   4|   0|    4|          0|
    |icmp_ln21_reg_986                                     |   1|   0|    1|          0|
    |icmp_ln25_1_reg_1102                                  |   1|   0|    1|          0|
    |icmp_ln28_1_reg_1133                                  |   1|   0|    1|          0|
    |icmp_ln39_reg_1023                                    |   1|   0|    1|          0|
    |level_0_addr_reg_966                                  |   6|   0|    6|          0|
    |level_1_addr_reg_971                                  |   6|   0|    6|          0|
    |n_1_reg_331                                           |   9|   0|    9|          0|
    |n_2_reg_1008                                          |   9|   0|    9|          0|
    |n_3_reg_1078                                          |   9|   0|    9|          0|
    |n_reg_291                                             |   9|   0|    9|          0|
    |shl_ln_reg_956                                        |   1|   0|    4|          3|
    |tmp_3_reg_1033                                        |   1|   0|    1|          0|
    |tmp_5_reg_1042                                        |   1|   0|    1|          0|
    |tmp_6_reg_1096                                        |   1|   0|    1|          0|
    |tmp_8_reg_1106                                        |   1|   0|    1|          0|
    |tmp_begin_1_reg_1121                                  |  64|   0|   64|          0|
    |tmp_begin_reg_1057                                    |  64|   0|   64|          0|
    |tmp_end_1_reg_1127                                    |  64|   0|   64|          0|
    |tmp_end_reg_1063                                      |  64|   0|   64|          0|
    |tmp_reg_962                                           |   1|   0|    1|          0|
    |zext_ln21_reg_990                                     |   4|   0|    8|          4|
    |zext_ln24_reg_1000                                    |   3|   0|    8|          5|
    +------------------------------------------------------+----+----+-----+-----------+
    |Total                                                 | 606|   0|  619|         13|
    +------------------------------------------------------+----+----+-----+-----------+



================================================================
== Interface
================================================================
* Summary: 
+-------------------------+-----+-----+------------+----------------+--------------+
|        RTL Ports        | Dir | Bits|  Protocol  |  Source Object |    C Type    |
+-------------------------+-----+-----+------------+----------------+--------------+
|ap_clk                   |   in|    1|  ap_ctrl_hs|             bfs|  return value|
|ap_rst                   |   in|    1|  ap_ctrl_hs|             bfs|  return value|
|ap_start                 |   in|    1|  ap_ctrl_hs|             bfs|  return value|
|ap_done                  |  out|    1|  ap_ctrl_hs|             bfs|  return value|
|ap_idle                  |  out|    1|  ap_ctrl_hs|             bfs|  return value|
|ap_ready                 |  out|    1|  ap_ctrl_hs|             bfs|  return value|
|nodes_0_address0         |  out|    6|   ap_memory|         nodes_0|         array|
|nodes_0_ce0              |  out|    1|   ap_memory|         nodes_0|         array|
|nodes_0_q0               |   in|  256|   ap_memory|         nodes_0|         array|
|nodes_1_address0         |  out|    6|   ap_memory|         nodes_1|         array|
|nodes_1_ce0              |  out|    1|   ap_memory|         nodes_1|         array|
|nodes_1_q0               |   in|  256|   ap_memory|         nodes_1|         array|
|edges_0_address0         |  out|   10|   ap_memory|         edges_0|         array|
|edges_0_ce0              |  out|    1|   ap_memory|         edges_0|         array|
|edges_0_q0               |   in|  128|   ap_memory|         edges_0|         array|
|edges_1_address0         |  out|   10|   ap_memory|         edges_1|         array|
|edges_1_ce0              |  out|    1|   ap_memory|         edges_1|         array|
|edges_1_q0               |   in|  128|   ap_memory|         edges_1|         array|
|starting_node            |   in|   64|     ap_none|   starting_node|        scalar|
|level_0_address0         |  out|    6|   ap_memory|         level_0|         array|
|level_0_ce0              |  out|    1|   ap_memory|         level_0|         array|
|level_0_we0              |  out|    1|   ap_memory|         level_0|         array|
|level_0_d0               |  out|   16|   ap_memory|         level_0|         array|
|level_0_q0               |   in|   16|   ap_memory|         level_0|         array|
|level_1_address0         |  out|    6|   ap_memory|         level_1|         array|
|level_1_ce0              |  out|    1|   ap_memory|         level_1|         array|
|level_1_we0              |  out|    1|   ap_memory|         level_1|         array|
|level_1_d0               |  out|   16|   ap_memory|         level_1|         array|
|level_1_q0               |   in|   16|   ap_memory|         level_1|         array|
|level_counts_0_address0  |  out|    3|   ap_memory|  level_counts_0|         array|
|level_counts_0_ce0       |  out|    1|   ap_memory|  level_counts_0|         array|
|level_counts_0_we0       |  out|    1|   ap_memory|  level_counts_0|         array|
|level_counts_0_d0        |  out|   64|   ap_memory|  level_counts_0|         array|
|level_counts_1_address0  |  out|    3|   ap_memory|  level_counts_1|         array|
|level_counts_1_ce0       |  out|    1|   ap_memory|  level_counts_1|         array|
|level_counts_1_we0       |  out|    1|   ap_memory|  level_counts_1|         array|
|level_counts_1_d0        |  out|   64|   ap_memory|  level_counts_1|         array|
+-------------------------+-----+-----+------------+----------------+--------------+

