

================================================================
== Vitis HLS Report for 'bfs'
================================================================
* Date:           Mon Mar 10 00:10:57 2025

* Version:        2022.1 (Build 3526262 on Mon Apr 18 15:47:01 MDT 2022)
* Project:        bfs_random_prj_p1
* Solution:       solution (Vivado IP Flow Target)
* Product family: virtex7
* Target device:  xc7vx485t-ffg1761-2


================================================================
== Performance Estimates
================================================================
+ Timing: 
    * Summary: 
    +--------+----------+----------+------------+
    |  Clock |  Target  | Estimated| Uncertainty|
    +--------+----------+----------+------------+
    |ap_clk  |  10.00 ns|  5.499 ns|     2.70 ns|
    +--------+----------+----------+------------+

+ Latency: 
    * Summary: 
    +---------+---------+----------+----------+-----+-----+---------+
    |  Latency (cycles) |  Latency (absolute) |  Interval | Pipeline|
    |   min   |   max   |    min   |    max   | min | max |   Type  |
    +---------+---------+----------+----------+-----+-----+---------+
    |        ?|        ?|         ?|         ?|    ?|    ?|       no|
    +---------+---------+----------+----------+-----+-----+---------+

    + Detail: 
        * Instance: 
        +----------------------------------------+-----------------------------+---------+---------+----------+----------+-----+-----+---------+
        |                                        |                             |  Latency (cycles) |  Latency (absolute) |  Interval | Pipeline|
        |                Instance                |            Module           |   min   |   max   |    min   |    max   | min | max |   Type  |
        +----------------------------------------+-----------------------------+---------+---------+----------+----------+-----+-----+---------+
        |grp_bfs_Pipeline_loop_neighbors_fu_210  |bfs_Pipeline_loop_neighbors  |        ?|        ?|         ?|         ?|    ?|    ?|       no|
        +----------------------------------------+-----------------------------+---------+---------+----------+----------+-----+-----+---------+

        * Loop: 
        +-----------------+---------+---------+----------+-----------+-----------+------+----------+
        |                 |  Latency (cycles) | Iteration|  Initiation Interval  | Trip |          |
        |    Loop Name    |   min   |   max   |  Latency |  achieved |   target  | Count| Pipelined|
        +-----------------+---------+---------+----------+-----------+-----------+------+----------+
        |- loop_horizons  |        ?|        ?|         ?|          -|          -|     ?|        no|
        | + loop_nodes    |        ?|        ?|         ?|          -|          -|   256|        no|
        +-----------------+---------+---------+----------+-----------+-----------+------+----------+



================================================================
== Utilization Estimates
================================================================
* Summary: 
+-----------------+---------+------+--------+--------+-----+
|       Name      | BRAM_18K|  DSP |   FF   |   LUT  | URAM|
+-----------------+---------+------+--------+--------+-----+
|DSP              |        -|     -|       -|       -|    -|
|Expression       |        -|     -|       0|    2164|    -|
|FIFO             |        -|     -|       -|       -|    -|
|Instance         |        -|     -|     413|     539|    -|
|Memory           |        -|     -|       -|       -|    -|
|Multiplexer      |        -|     -|       -|     164|    -|
|Register         |        -|     -|     616|       -|    -|
+-----------------+---------+------+--------+--------+-----+
|Total            |        0|     0|    1029|    2867|    0|
+-----------------+---------+------+--------+--------+-----+
|Available        |     2060|  2800|  607200|  303600|    0|
+-----------------+---------+------+--------+--------+-----+
|Utilization (%)  |        0|     0|      ~0|      ~0|    0|
+-----------------+---------+------+--------+--------+-----+

+ Detail: 
    * Instance: 
    +----------------------------------------+-----------------------------+---------+----+-----+-----+-----+
    |                Instance                |            Module           | BRAM_18K| DSP|  FF | LUT | URAM|
    +----------------------------------------+-----------------------------+---------+----+-----+-----+-----+
    |grp_bfs_Pipeline_loop_neighbors_fu_210  |bfs_Pipeline_loop_neighbors  |        0|   0|  413|  521|    0|
    |mux_21_64_1_1_U13                       |mux_21_64_1_1                |        0|   0|    0|    9|    0|
    |mux_21_64_1_1_U14                       |mux_21_64_1_1                |        0|   0|    0|    9|    0|
    +----------------------------------------+-----------------------------+---------+----+-----+-----+-----+
    |Total                                   |                             |        0|   0|  413|  539|    0|
    +----------------------------------------+-----------------------------+---------+----+-----+-----+-----+

    * DSP: 
    N/A

    * Memory: 
    N/A

    * FIFO: 
    N/A

    * Expression: 
    +-----------------------+----------+----+---+-----+------------+------------+
    |     Variable Name     | Operation| DSP| FF| LUT | Bitwidth P0| Bitwidth P1|
    +-----------------------+----------+----+---+-----+------------+------------+
    |add_ln21_fu_239_p2     |         +|   0|  0|   71|          64|           1|
    |empty_fu_245_p2        |         +|   0|  0|   15|           8|           1|
    |n_1_fu_257_p2          |         +|   0|  0|   16|           9|           1|
    |icmp_ln24_fu_251_p2    |      icmp|   0|  0|   11|           9|          10|
    |icmp_ln25_fu_290_p2    |      icmp|   0|  0|   29|          64|          64|
    |icmp_ln28_fu_390_p2    |      icmp|   0|  0|   29|          64|          64|
    |icmp_ln39_fu_268_p2    |      icmp|   0|  0|   29|          64|           1|
    |lshr_ln26_1_fu_342_p2  |      lshr|   0|  0|  950|         256|         256|
    |lshr_ln26_fu_328_p2    |      lshr|   0|  0|  950|         256|         256|
    |select_ln28_fu_400_p3  |    select|   0|  0|   64|           1|          64|
    +-----------------------+----------+----+---+-----+------------+------------+
    |Total                  |          |   0|  0| 2164|         795|         718|
    +-----------------------+----------+----+---+-----+------------+------------+

    * Multiplexer: 
    +--------------------------------+----+-----------+-----+-----------+
    |              Name              | LUT| Input Size| Bits| Total Bits|
    +--------------------------------+----+-----------+-----+-----------+
    |ap_NS_fsm                       |  37|          9|    1|          9|
    |ap_phi_mux_cnt_1_phi_fu_199_p6  |   9|          2|   64|        128|
    |cnt_1_reg_195                   |   9|          2|   64|        128|
    |cnt_reg_170                     |   9|          2|   64|        128|
    |horizon_fu_80                   |   9|          2|   64|        128|
    |level_address0                  |  17|          4|    8|         32|
    |level_ce0                       |  13|          3|    1|          3|
    |level_counts_address0           |  13|          3|    4|         12|
    |level_counts_d0                 |  13|          3|   64|        192|
    |level_d0                        |  13|          3|    8|         24|
    |level_we0                       |  13|          3|    1|          3|
    |n_reg_183                       |   9|          2|    9|         18|
    +--------------------------------+----+-----------+-----+-----------+
    |Total                           | 164|         38|  352|        805|
    +--------------------------------+----+-----------+-----+-----------+

    * Register: 
    +-----------------------------------------------------+----+----+-----+-----------+
    |                         Name                        | FF | LUT| Bits| Const Bits|
    +-----------------------------------------------------+----+----+-----+-----------+
    |add_ln21_reg_432                                     |  64|   0|   64|          0|
    |ap_CS_fsm                                            |   8|   0|    8|          0|
    |cnt_1_0_loc_fu_88                                    |  64|   0|   64|          0|
    |cnt_1_reg_195                                        |  64|   0|   64|          0|
    |cnt_2_0_loc_fu_84                                    |  64|   0|   64|          0|
    |cnt_reg_170                                          |  64|   0|   64|          0|
    |empty_reg_438                                        |   8|   0|    8|          0|
    |grp_bfs_Pipeline_loop_neighbors_fu_210_ap_start_reg  |   1|   0|    1|          0|
    |horizon_1_reg_427                                    |  64|   0|   64|          0|
    |horizon_fu_80                                        |  64|   0|   64|          0|
    |icmp_ln25_reg_459                                    |   1|   0|    1|          0|
    |icmp_ln28_reg_496                                    |   1|   0|    1|          0|
    |n_1_reg_446                                          |   9|   0|    9|          0|
    |n_reg_183                                            |   9|   0|    9|          0|
    |targetBlock_reg_500                                  |   1|   0|    1|          0|
    |tmp_1_reg_469                                        |   1|   0|    1|          0|
    |tmp_begin_reg_484                                    |  64|   0|   64|          0|
    |tmp_end_reg_490                                      |  64|   0|   64|          0|
    |tmp_reg_463                                          |   1|   0|    1|          0|
    +-----------------------------------------------------+----+----+-----+-----------+
    |Total                                                | 616|   0|  616|          0|
    +-----------------------------------------------------+----+----+-----+-----------+



================================================================
== Interface
================================================================
* Summary: 
+-----------------------+-----+-----+------------+---------------+--------------+
|       RTL Ports       | Dir | Bits|  Protocol  | Source Object |    C Type    |
+-----------------------+-----+-----+------------+---------------+--------------+
|ap_clk                 |   in|    1|  ap_ctrl_hs|            bfs|  return value|
|ap_rst                 |   in|    1|  ap_ctrl_hs|            bfs|  return value|
|ap_start               |   in|    1|  ap_ctrl_hs|            bfs|  return value|
|ap_done                |  out|    1|  ap_ctrl_hs|            bfs|  return value|
|ap_idle                |  out|    1|  ap_ctrl_hs|            bfs|  return value|
|ap_ready               |  out|    1|  ap_ctrl_hs|            bfs|  return value|
|nodes_0_address0       |  out|    6|   ap_memory|        nodes_0|         array|
|nodes_0_ce0            |  out|    1|   ap_memory|        nodes_0|         array|
|nodes_0_q0             |   in|  256|   ap_memory|        nodes_0|         array|
|nodes_1_address0       |  out|    6|   ap_memory|        nodes_1|         array|
|nodes_1_ce0            |  out|    1|   ap_memory|        nodes_1|         array|
|nodes_1_q0             |   in|  256|   ap_memory|        nodes_1|         array|
|edges_0_address0       |  out|   11|   ap_memory|        edges_0|         array|
|edges_0_ce0            |  out|    1|   ap_memory|        edges_0|         array|
|edges_0_q0             |   in|   64|   ap_memory|        edges_0|         array|
|edges_0_address1       |  out|   11|   ap_memory|        edges_0|         array|
|edges_0_ce1            |  out|    1|   ap_memory|        edges_0|         array|
|edges_0_q1             |   in|   64|   ap_memory|        edges_0|         array|
|edges_1_address0       |  out|   11|   ap_memory|        edges_1|         array|
|edges_1_ce0            |  out|    1|   ap_memory|        edges_1|         array|
|edges_1_q0             |   in|   64|   ap_memory|        edges_1|         array|
|edges_1_address1       |  out|   11|   ap_memory|        edges_1|         array|
|edges_1_ce1            |  out|    1|   ap_memory|        edges_1|         array|
|edges_1_q1             |   in|   64|   ap_memory|        edges_1|         array|
|starting_node          |   in|   64|     ap_none|  starting_node|        scalar|
|level_address0         |  out|    8|   ap_memory|          level|         array|
|level_ce0              |  out|    1|   ap_memory|          level|         array|
|level_we0              |  out|    1|   ap_memory|          level|         array|
|level_d0               |  out|    8|   ap_memory|          level|         array|
|level_q0               |   in|    8|   ap_memory|          level|         array|
|level_counts_address0  |  out|    4|   ap_memory|   level_counts|         array|
|level_counts_ce0       |  out|    1|   ap_memory|   level_counts|         array|
|level_counts_we0       |  out|    1|   ap_memory|   level_counts|         array|
|level_counts_d0        |  out|   64|   ap_memory|   level_counts|         array|
+-----------------------+-----+-----+------------+---------------+--------------+

============================================================
+ Verbose Summary: Synthesis Manager
============================================================
InlineROM: 1
ExposeGlobal: 0
============================================================
+ Verbose Summary: CDFG Model
============================================================
IsTopModel: 1
ResetActiveHigh: 1
IsCombinational: 2
IsDatapathOnly: 2
HasWiredReturn: 1
HasMFsm: 0
HasVarLatency: 1
IsPipeline: 0
IsRtlPipelined: 0
IsInstanceOverlapped: 0
IsDontTouch: 0
HasImplIP: 0
IsGatedGlobalClock: 0


============================================================
+ Verbose Summary: Schedule
============================================================
* Number of FSM states : 8
* Pipeline : 0
* Dataflow Pipeline: 0

* FSM state transitions: 
1 --> 2 
2 --> 3 
3 --> 4 2 
4 --> 5 8 
5 --> 6 
6 --> 7 8 
7 --> 8 
8 --> 3 

* FSM state operations: 

State 1 <SV = 0> <Delay = 2.26>
ST_1 : Operation 9 [1/1] (0.00ns)   --->   "%horizon = alloca i32 1"   --->   Operation 9 'alloca' 'horizon' <Predicate = true> <Delay = 0.00>
ST_1 : Operation 10 [1/1] (0.00ns)   --->   "%starting_node_read = read i64 @_ssdm_op_Read.ap_auto.i64, i64 %starting_node"   --->   Operation 10 'read' 'starting_node_read' <Predicate = true> <Delay = 0.00>
ST_1 : Operation 11 [1/1] (0.00ns)   --->   "%cnt_2_0_loc = alloca i64 1"   --->   Operation 11 'alloca' 'cnt_2_0_loc' <Predicate = true> <Delay = 0.00>
ST_1 : Operation 12 [1/1] (0.00ns)   --->   "%cnt_1_0_loc = alloca i64 1"   --->   Operation 12 'alloca' 'cnt_1_0_loc' <Predicate = true> <Delay = 0.00>
ST_1 : Operation 13 [1/1] (0.00ns)   --->   "%spectopmodule_ln0 = spectopmodule void @_ssdm_op_SpecTopModule, void @empty_2"   --->   Operation 13 'spectopmodule' 'spectopmodule_ln0' <Predicate = true> <Delay = 0.00>
ST_1 : Operation 14 [1/1] (0.00ns)   --->   "%specinterface_ln0 = specinterface void @_ssdm_op_SpecInterface, i256 %nodes_0, void @empty, i32 0, i32 0, void @empty_0, i32 4294967295, i32 0, void @empty_0, void @empty_0, void @empty_0, i32 0, i32 0, i32 0, i32 0, void @empty_0, void @empty_0, i32 4294967295, i32 0"   --->   Operation 14 'specinterface' 'specinterface_ln0' <Predicate = true> <Delay = 0.00>
ST_1 : Operation 15 [1/1] (0.00ns)   --->   "%specbitsmap_ln0 = specbitsmap void @_ssdm_op_SpecBitsMap, i256 %nodes_0"   --->   Operation 15 'specbitsmap' 'specbitsmap_ln0' <Predicate = true> <Delay = 0.00>
ST_1 : Operation 16 [1/1] (0.00ns)   --->   "%specinterface_ln0 = specinterface void @_ssdm_op_SpecInterface, i256 %nodes_1, void @empty, i32 0, i32 0, void @empty_0, i32 4294967295, i32 0, void @empty_0, void @empty_0, void @empty_0, i32 0, i32 0, i32 0, i32 0, void @empty_0, void @empty_0, i32 4294967295, i32 0"   --->   Operation 16 'specinterface' 'specinterface_ln0' <Predicate = true> <Delay = 0.00>
ST_1 : Operation 17 [1/1] (0.00ns)   --->   "%specbitsmap_ln0 = specbitsmap void @_ssdm_op_SpecBitsMap, i256 %nodes_1"   --->   Operation 17 'specbitsmap' 'specbitsmap_ln0' <Predicate = true> <Delay = 0.00>
ST_1 : Operation 18 [1/1] (0.00ns)   --->   "%specinterface_ln0 = specinterface void @_ssdm_op_SpecInterface, i64 %edges_0, void @empty, i32 0, i32 0, void @empty_0, i32 4294967295, i32 0, void @empty_0, void @empty_0, void @empty_0, i32 0, i32 0, i32 0, i32 0, void @empty_0, void @empty_0, i32 4294967295, i32 0"   --->   Operation 18 'specinterface' 'specinterface_ln0' <Predicate = true> <Delay = 0.00>
ST_1 : Operation 19 [1/1] (0.00ns)   --->   "%specbitsmap_ln0 = specbitsmap void @_ssdm_op_SpecBitsMap, i64 %edges_0"   --->   Operation 19 'specbitsmap' 'specbitsmap_ln0' <Predicate = true> <Delay = 0.00>
ST_1 : Operation 20 [1/1] (0.00ns)   --->   "%specinterface_ln0 = specinterface void @_ssdm_op_SpecInterface, i64 %edges_1, void @empty, i32 0, i32 0, void @empty_0, i32 4294967295, i32 0, void @empty_0, void @empty_0, void @empty_0, i32 0, i32 0, i32 0, i32 0, void @empty_0, void @empty_0, i32 4294967295, i32 0"   --->   Operation 20 'specinterface' 'specinterface_ln0' <Predicate = true> <Delay = 0.00>
ST_1 : Operation 21 [1/1] (0.00ns)   --->   "%specbitsmap_ln0 = specbitsmap void @_ssdm_op_SpecBitsMap, i64 %edges_1"   --->   Operation 21 'specbitsmap' 'specbitsmap_ln0' <Predicate = true> <Delay = 0.00>
ST_1 : Operation 22 [1/1] (0.00ns)   --->   "%specbitsmap_ln0 = specbitsmap void @_ssdm_op_SpecBitsMap, i64 %starting_node"   --->   Operation 22 'specbitsmap' 'specbitsmap_ln0' <Predicate = true> <Delay = 0.00>
ST_1 : Operation 23 [1/1] (0.00ns)   --->   "%specinterface_ln0 = specinterface void @_ssdm_op_SpecInterface, i64 %starting_node, void @empty_1, i32 0, i32 0, void @empty_0, i32 0, i32 0, void @empty_0, void @empty_0, void @empty_0, i32 0, i32 0, i32 0, i32 0, void @empty_0, void @empty_0, i32 4294967295, i32 0"   --->   Operation 23 'specinterface' 'specinterface_ln0' <Predicate = true> <Delay = 0.00>
ST_1 : Operation 24 [1/1] (0.00ns)   --->   "%specinterface_ln0 = specinterface void @_ssdm_op_SpecInterface, i8 %level, void @empty, i32 0, i32 0, void @empty_0, i32 4294967295, i32 0, void @empty_0, void @empty_0, void @empty_0, i32 0, i32 0, i32 0, i32 0, void @empty_0, void @empty_0, i32 4294967295, i32 0"   --->   Operation 24 'specinterface' 'specinterface_ln0' <Predicate = true> <Delay = 0.00>
ST_1 : Operation 25 [1/1] (0.00ns)   --->   "%specbitsmap_ln0 = specbitsmap void @_ssdm_op_SpecBitsMap, i8 %level"   --->   Operation 25 'specbitsmap' 'specbitsmap_ln0' <Predicate = true> <Delay = 0.00>
ST_1 : Operation 26 [1/1] (0.00ns)   --->   "%specinterface_ln0 = specinterface void @_ssdm_op_SpecInterface, i64 %level_counts, void @empty, i32 0, i32 0, void @empty_0, i32 4294967295, i32 0, void @empty_0, void @empty_0, void @empty_0, i32 0, i32 0, i32 0, i32 0, void @empty_0, void @empty_0, i32 4294967295, i32 0"   --->   Operation 26 'specinterface' 'specinterface_ln0' <Predicate = true> <Delay = 0.00>
ST_1 : Operation 27 [1/1] (0.00ns)   --->   "%specbitsmap_ln0 = specbitsmap void @_ssdm_op_SpecBitsMap, i64 %level_counts"   --->   Operation 27 'specbitsmap' 'specbitsmap_ln0' <Predicate = true> <Delay = 0.00>
ST_1 : Operation 28 [1/1] (0.00ns)   --->   "%level_addr = getelementptr i8 %level, i64 0, i64 %starting_node_read" [bfs.c:18]   --->   Operation 28 'getelementptr' 'level_addr' <Predicate = true> <Delay = 0.00>
ST_1 : Operation 29 [1/1] (2.26ns)   --->   "%store_ln18 = store i8 0, i8 %level_addr" [bfs.c:18]   --->   Operation 29 'store' 'store_ln18' <Predicate = true> <Delay = 2.26> <CoreInst = "RAM">   --->   Core 82 'RAM' <Latency = 1> <II = 1> <Delay = 2.26> <Storage> <Opcode : 'load' 'store'> <Ports = 2> <Width = 8> <Depth = 256> <RAM>
ST_1 : Operation 30 [1/1] (0.00ns)   --->   "%level_counts_addr = getelementptr i64 %level_counts, i64 0, i64 0" [bfs.c:19]   --->   Operation 30 'getelementptr' 'level_counts_addr' <Predicate = true> <Delay = 0.00>
ST_1 : Operation 31 [1/1] (1.14ns)   --->   "%store_ln19 = store i64 1, i4 %level_counts_addr" [bfs.c:19]   --->   Operation 31 'store' 'store_ln19' <Predicate = true> <Delay = 1.14> <CoreInst = "RAM">   --->   Core 82 'RAM' <Latency = 1> <II = 1> <Delay = 1.14> <Storage> <Opcode : 'load' 'store'> <Ports = 2> <Width = 64> <Depth = 10> <RAM>
ST_1 : Operation 32 [1/1] (0.84ns)   --->   "%store_ln21 = store i64 0, i64 %horizon" [bfs.c:21]   --->   Operation 32 'store' 'store_ln21' <Predicate = true> <Delay = 0.84>
ST_1 : Operation 33 [1/1] (0.00ns)   --->   "%br_ln21 = br void %loop_nodes" [bfs.c:21]   --->   Operation 33 'br' 'br_ln21' <Predicate = true> <Delay = 0.00>

State 2 <SV = 1> <Delay = 1.81>
ST_2 : Operation 34 [1/1] (0.00ns)   --->   "%horizon_1 = load i64 %horizon" [bfs.c:21]   --->   Operation 34 'load' 'horizon_1' <Predicate = true> <Delay = 0.00>
ST_2 : Operation 35 [1/1] (0.00ns)   --->   "%specloopname_ln16 = specloopname void @_ssdm_op_SpecLoopName, void @empty_5" [bfs.c:16]   --->   Operation 35 'specloopname' 'specloopname_ln16' <Predicate = true> <Delay = 0.00>
ST_2 : Operation 36 [1/1] (0.00ns)   --->   "%trunc_ln21 = trunc i64 %horizon_1" [bfs.c:21]   --->   Operation 36 'trunc' 'trunc_ln21' <Predicate = true> <Delay = 0.00>
ST_2 : Operation 37 [1/1] (1.81ns)   --->   "%add_ln21 = add i64 %horizon_1, i64 1" [bfs.c:21]   --->   Operation 37 'add' 'add_ln21' <Predicate = true> <Delay = 1.81> <CoreInst = "Adder">   --->   Core 1 'Adder' <Latency = 0> <II = 1> <Delay = 1.81> <FuncUnit> <Opcode : 'add' 'sub'> <InPorts = 2> <OutPorts = 1>
ST_2 : Operation 38 [1/1] (1.35ns)   --->   "%empty = add i8 %trunc_ln21, i8 1" [bfs.c:21]   --->   Operation 38 'add' 'empty' <Predicate = true> <Delay = 1.35> <CoreInst = "Adder">   --->   Core 1 'Adder' <Latency = 0> <II = 1> <Delay = 1.35> <FuncUnit> <Opcode : 'add' 'sub'> <InPorts = 2> <OutPorts = 1>
ST_2 : Operation 39 [1/1] (0.84ns)   --->   "%br_ln24 = br void %for.body4" [bfs.c:24]   --->   Operation 39 'br' 'br_ln24' <Predicate = true> <Delay = 0.84>

State 3 <SV = 2> <Delay = 2.73>
ST_3 : Operation 40 [1/1] (0.00ns)   --->   "%cnt = phi i64 0, void %loop_nodes, i64 %cnt_1, void %for.inc24"   --->   Operation 40 'phi' 'cnt' <Predicate = true> <Delay = 0.00>
ST_3 : Operation 41 [1/1] (0.00ns)   --->   "%n = phi i9 0, void %loop_nodes, i9 %n_1, void %for.inc24"   --->   Operation 41 'phi' 'n' <Predicate = true> <Delay = 0.00>
ST_3 : Operation 42 [1/1] (0.90ns)   --->   "%icmp_ln24 = icmp_eq  i9 %n, i9 256" [bfs.c:24]   --->   Operation 42 'icmp' 'icmp_ln24' <Predicate = true> <Delay = 0.90> <CoreInst = "Cmp">   --->   Core 9 'Cmp' <Latency = 0> <II = 1> <Delay = 0.94> <FuncUnit> <Opcode : 'icmp'> <InPorts = 2> <OutPorts = 1>
ST_3 : Operation 43 [1/1] (0.00ns)   --->   "%empty_17 = speclooptripcount i32 @_ssdm_op_SpecLoopTripCount, i64 256, i64 256, i64 256"   --->   Operation 43 'speclooptripcount' 'empty_17' <Predicate = true> <Delay = 0.00>
ST_3 : Operation 44 [1/1] (1.35ns)   --->   "%n_1 = add i9 %n, i9 1" [bfs.c:24]   --->   Operation 44 'add' 'n_1' <Predicate = true> <Delay = 1.35> <CoreInst = "Adder">   --->   Core 1 'Adder' <Latency = 0> <II = 1> <Delay = 1.35> <FuncUnit> <Opcode : 'add' 'sub'> <InPorts = 2> <OutPorts = 1>
ST_3 : Operation 45 [1/1] (0.00ns)   --->   "%br_ln24 = br i1 %icmp_ln24, void %for.body4.split, void %for.end26" [bfs.c:24]   --->   Operation 45 'br' 'br_ln24' <Predicate = true> <Delay = 0.00>
ST_3 : Operation 46 [1/1] (0.00ns)   --->   "%zext_ln24 = zext i9 %n" [bfs.c:24]   --->   Operation 46 'zext' 'zext_ln24' <Predicate = (!icmp_ln24)> <Delay = 0.00>
ST_3 : Operation 47 [1/1] (0.00ns)   --->   "%level_addr_1 = getelementptr i8 %level, i64 0, i64 %zext_ln24" [bfs.c:25]   --->   Operation 47 'getelementptr' 'level_addr_1' <Predicate = (!icmp_ln24)> <Delay = 0.00>
ST_3 : Operation 48 [2/2] (2.26ns)   --->   "%level_load = load i8 %level_addr_1" [bfs.c:25]   --->   Operation 48 'load' 'level_load' <Predicate = (!icmp_ln24)> <Delay = 2.26> <CoreInst = "RAM">   --->   Core 82 'RAM' <Latency = 1> <II = 1> <Delay = 2.26> <Storage> <Opcode : 'load' 'store'> <Ports = 2> <Width = 8> <Depth = 256> <RAM>
ST_3 : Operation 49 [1/1] (0.00ns)   --->   "%level_counts_addr_1 = getelementptr i64 %level_counts, i64 0, i64 %add_ln21" [bfs.c:39]   --->   Operation 49 'getelementptr' 'level_counts_addr_1' <Predicate = (icmp_ln24)> <Delay = 0.00>
ST_3 : Operation 50 [1/1] (1.14ns)   --->   "%store_ln39 = store i64 %cnt, i4 %level_counts_addr_1" [bfs.c:39]   --->   Operation 50 'store' 'store_ln39' <Predicate = (icmp_ln24)> <Delay = 1.14> <CoreInst = "RAM">   --->   Core 82 'RAM' <Latency = 1> <II = 1> <Delay = 1.14> <Storage> <Opcode : 'load' 'store'> <Ports = 2> <Width = 64> <Depth = 10> <RAM>
ST_3 : Operation 51 [1/1] (1.40ns)   --->   "%icmp_ln39 = icmp_eq  i64 %cnt, i64 0" [bfs.c:39]   --->   Operation 51 'icmp' 'icmp_ln39' <Predicate = (icmp_ln24)> <Delay = 1.40> <CoreInst = "Cmp">   --->   Core 9 'Cmp' <Latency = 0> <II = 1> <Delay = 1.40> <FuncUnit> <Opcode : 'icmp'> <InPorts = 2> <OutPorts = 1>
ST_3 : Operation 52 [1/1] (0.00ns)   --->   "%br_ln39 = br i1 %icmp_ln39, void %for.end26.loop_nodes_crit_edge, void %for.end35" [bfs.c:39]   --->   Operation 52 'br' 'br_ln39' <Predicate = (icmp_ln24)> <Delay = 0.00>
ST_3 : Operation 53 [1/1] (0.84ns)   --->   "%store_ln39 = store i64 %add_ln21, i64 %horizon" [bfs.c:39]   --->   Operation 53 'store' 'store_ln39' <Predicate = (icmp_ln24 & !icmp_ln39)> <Delay = 0.84>
ST_3 : Operation 54 [1/1] (0.00ns)   --->   "%br_ln39 = br void %loop_nodes" [bfs.c:39]   --->   Operation 54 'br' 'br_ln39' <Predicate = (icmp_ln24 & !icmp_ln39)> <Delay = 0.00>
ST_3 : Operation 55 [1/1] (0.00ns)   --->   "%ret_ln42 = ret" [bfs.c:42]   --->   Operation 55 'ret' 'ret_ln42' <Predicate = (icmp_ln24 & icmp_ln39)> <Delay = 0.00>

State 4 <SV = 3> <Delay = 4.51>
ST_4 : Operation 56 [1/1] (0.00ns)   --->   "%trunc_ln24 = trunc i9 %n" [bfs.c:24]   --->   Operation 56 'trunc' 'trunc_ln24' <Predicate = true> <Delay = 0.00>
ST_4 : Operation 57 [1/1] (0.00ns)   --->   "%specloopname_ln13 = specloopname void @_ssdm_op_SpecLoopName, void @empty_4" [bfs.c:13]   --->   Operation 57 'specloopname' 'specloopname_ln13' <Predicate = true> <Delay = 0.00>
ST_4 : Operation 58 [1/2] (2.26ns)   --->   "%level_load = load i8 %level_addr_1" [bfs.c:25]   --->   Operation 58 'load' 'level_load' <Predicate = true> <Delay = 2.26> <CoreInst = "RAM">   --->   Core 82 'RAM' <Latency = 1> <II = 1> <Delay = 2.26> <Storage> <Opcode : 'load' 'store'> <Ports = 2> <Width = 8> <Depth = 256> <RAM>
ST_4 : Operation 59 [1/1] (0.00ns)   --->   "%sext_ln25 = sext i8 %level_load" [bfs.c:25]   --->   Operation 59 'sext' 'sext_ln25' <Predicate = true> <Delay = 0.00>
ST_4 : Operation 60 [1/1] (0.00ns)   --->   "%zext_ln25 = zext i32 %sext_ln25" [bfs.c:25]   --->   Operation 60 'zext' 'zext_ln25' <Predicate = true> <Delay = 0.00>
ST_4 : Operation 61 [1/1] (1.40ns)   --->   "%icmp_ln25 = icmp_eq  i64 %zext_ln25, i64 %horizon_1" [bfs.c:25]   --->   Operation 61 'icmp' 'icmp_ln25' <Predicate = true> <Delay = 1.40> <CoreInst = "Cmp">   --->   Core 9 'Cmp' <Latency = 0> <II = 1> <Delay = 1.40> <FuncUnit> <Opcode : 'icmp'> <InPorts = 2> <OutPorts = 1>
ST_4 : Operation 62 [1/1] (0.84ns)   --->   "%br_ln25 = br i1 %icmp_ln25, void %for.inc24, void %loop_neighbors" [bfs.c:25]   --->   Operation 62 'br' 'br_ln25' <Predicate = true> <Delay = 0.84>
ST_4 : Operation 63 [1/1] (0.00ns)   --->   "%tmp = bitselect i1 @_ssdm_op_BitSelect.i1.i9.i32, i9 %n, i32 7" [bfs.c:26]   --->   Operation 63 'bitselect' 'tmp' <Predicate = (icmp_ln25)> <Delay = 0.00>
ST_4 : Operation 64 [1/1] (0.00ns)   --->   "%tmp_1 = bitselect i1 @_ssdm_op_BitSelect.i1.i9.i32, i9 %n, i32 6" [bfs.c:26]   --->   Operation 64 'bitselect' 'tmp_1' <Predicate = (icmp_ln25)> <Delay = 0.00>
ST_4 : Operation 65 [1/1] (0.00ns)   --->   "%zext_ln26 = zext i6 %trunc_ln24" [bfs.c:26]   --->   Operation 65 'zext' 'zext_ln26' <Predicate = (icmp_ln25)> <Delay = 0.00>
ST_4 : Operation 66 [1/1] (0.00ns)   --->   "%nodes_0_addr = getelementptr i256 %nodes_0, i64 0, i64 %zext_ln26" [bfs.c:26]   --->   Operation 66 'getelementptr' 'nodes_0_addr' <Predicate = (icmp_ln25)> <Delay = 0.00>
ST_4 : Operation 67 [2/2] (2.26ns)   --->   "%nodes_0_load = load i6 %nodes_0_addr" [bfs.c:26]   --->   Operation 67 'load' 'nodes_0_load' <Predicate = (icmp_ln25)> <Delay = 2.26> <CoreInst = "RAM">   --->   Core 82 'RAM' <Latency = 1> <II = 1> <Delay = 2.26> <Storage> <Opcode : 'load' 'store'> <Ports = 2> <Width = 256> <Depth = 64> <RAM>
ST_4 : Operation 68 [1/1] (0.00ns)   --->   "%nodes_1_addr = getelementptr i256 %nodes_1, i64 0, i64 %zext_ln26" [bfs.c:26]   --->   Operation 68 'getelementptr' 'nodes_1_addr' <Predicate = (icmp_ln25)> <Delay = 0.00>
ST_4 : Operation 69 [2/2] (2.26ns)   --->   "%nodes_1_load = load i6 %nodes_1_addr" [bfs.c:26]   --->   Operation 69 'load' 'nodes_1_load' <Predicate = (icmp_ln25)> <Delay = 2.26> <CoreInst = "RAM">   --->   Core 82 'RAM' <Latency = 1> <II = 1> <Delay = 2.26> <Storage> <Opcode : 'load' 'store'> <Ports = 2> <Width = 256> <Depth = 64> <RAM>

State 5 <SV = 4> <Delay = 5.49>
ST_5 : Operation 70 [1/1] (0.00ns)   --->   "%and_ln = bitconcatenate i8 @_ssdm_op_BitConcatenate.i8.i1.i7, i1 %tmp_1, i7 0" [bfs.c:26]   --->   Operation 70 'bitconcatenate' 'and_ln' <Predicate = true> <Delay = 0.00>
ST_5 : Operation 71 [1/2] (2.26ns)   --->   "%nodes_0_load = load i6 %nodes_0_addr" [bfs.c:26]   --->   Operation 71 'load' 'nodes_0_load' <Predicate = true> <Delay = 2.26> <CoreInst = "RAM">   --->   Core 82 'RAM' <Latency = 1> <II = 1> <Delay = 2.26> <Storage> <Opcode : 'load' 'store'> <Ports = 2> <Width = 256> <Depth = 64> <RAM>
ST_5 : Operation 72 [1/1] (0.00ns)   --->   "%zext_ln26_1 = zext i8 %and_ln" [bfs.c:26]   --->   Operation 72 'zext' 'zext_ln26_1' <Predicate = true> <Delay = 0.00>
ST_5 : Operation 73 [1/1] (2.38ns)   --->   "%lshr_ln26 = lshr i256 %nodes_0_load, i256 %zext_ln26_1" [bfs.c:26]   --->   Operation 73 'lshr' 'lshr_ln26' <Predicate = true> <Delay = 2.38> <CoreInst = "Shifter">   --->   Core 75 'Shifter' <Latency = 0> <II = 1> <Delay = 2.38> <FuncUnit> <Opcode : 'shl' 'lshr' 'ashr'> <InPorts = 2> <OutPorts = 1>
ST_5 : Operation 74 [1/1] (0.00ns)   --->   "%trunc_ln26 = trunc i256 %lshr_ln26" [bfs.c:26]   --->   Operation 74 'trunc' 'trunc_ln26' <Predicate = true> <Delay = 0.00>
ST_5 : Operation 75 [1/2] (2.26ns)   --->   "%nodes_1_load = load i6 %nodes_1_addr" [bfs.c:26]   --->   Operation 75 'load' 'nodes_1_load' <Predicate = true> <Delay = 2.26> <CoreInst = "RAM">   --->   Core 82 'RAM' <Latency = 1> <II = 1> <Delay = 2.26> <Storage> <Opcode : 'load' 'store'> <Ports = 2> <Width = 256> <Depth = 64> <RAM>
ST_5 : Operation 76 [1/1] (0.00ns)   --->   "%zext_ln26_2 = zext i8 %and_ln" [bfs.c:26]   --->   Operation 76 'zext' 'zext_ln26_2' <Predicate = true> <Delay = 0.00>
ST_5 : Operation 77 [1/1] (2.38ns)   --->   "%lshr_ln26_1 = lshr i256 %nodes_1_load, i256 %zext_ln26_2" [bfs.c:26]   --->   Operation 77 'lshr' 'lshr_ln26_1' <Predicate = true> <Delay = 2.38> <CoreInst = "Shifter">   --->   Core 75 'Shifter' <Latency = 0> <II = 1> <Delay = 2.38> <FuncUnit> <Opcode : 'shl' 'lshr' 'ashr'> <InPorts = 2> <OutPorts = 1>
ST_5 : Operation 78 [1/1] (0.00ns)   --->   "%trunc_ln26_1 = trunc i256 %lshr_ln26_1" [bfs.c:26]   --->   Operation 78 'trunc' 'trunc_ln26_1' <Predicate = true> <Delay = 0.00>
ST_5 : Operation 79 [1/1] (0.84ns)   --->   "%tmp_begin = mux i64 @_ssdm_op_Mux.ap_auto.2i64.i1, i64 %trunc_ln26, i64 %trunc_ln26_1, i1 %tmp" [bfs.c:26]   --->   Operation 79 'mux' 'tmp_begin' <Predicate = true> <Delay = 0.84> <CoreInst = "Multiplexer">   --->   Core 76 'Multiplexer' <Latency = 0> <II = 1> <Delay = 0.84> <FuncUnit> <Opcode : 'mux'> <InPorts = 2> <OutPorts = 1>
ST_5 : Operation 80 [1/1] (0.00ns)   --->   "%trunc_ln2 = partselect i64 @_ssdm_op_PartSelect.i64.i256.i32.i32, i256 %lshr_ln26, i32 64, i32 127" [bfs.c:27]   --->   Operation 80 'partselect' 'trunc_ln2' <Predicate = true> <Delay = 0.00>
ST_5 : Operation 81 [1/1] (0.00ns)   --->   "%trunc_ln27_1 = partselect i64 @_ssdm_op_PartSelect.i64.i256.i32.i32, i256 %lshr_ln26_1, i32 64, i32 127" [bfs.c:27]   --->   Operation 81 'partselect' 'trunc_ln27_1' <Predicate = true> <Delay = 0.00>
ST_5 : Operation 82 [1/1] (0.84ns)   --->   "%tmp_end = mux i64 @_ssdm_op_Mux.ap_auto.2i64.i1, i64 %trunc_ln2, i64 %trunc_ln27_1, i1 %tmp" [bfs.c:27]   --->   Operation 82 'mux' 'tmp_end' <Predicate = true> <Delay = 0.84> <CoreInst = "Multiplexer">   --->   Core 76 'Multiplexer' <Latency = 0> <II = 1> <Delay = 0.84> <FuncUnit> <Opcode : 'mux'> <InPorts = 2> <OutPorts = 1>

State 6 <SV = 5> <Delay = 2.24>
ST_6 : Operation 83 [1/1] (1.40ns)   --->   "%icmp_ln28 = icmp_ult  i64 %tmp_begin, i64 %tmp_end" [bfs.c:28]   --->   Operation 83 'icmp' 'icmp_ln28' <Predicate = true> <Delay = 1.40> <CoreInst = "Cmp">   --->   Core 9 'Cmp' <Latency = 0> <II = 1> <Delay = 1.40> <FuncUnit> <Opcode : 'icmp'> <InPorts = 2> <OutPorts = 1>
ST_6 : Operation 84 [1/1] (0.84ns)   --->   "%br_ln28 = br i1 %icmp_ln28, void %for.inc24, void %for.body13.0.preheader" [bfs.c:28]   --->   Operation 84 'br' 'br_ln28' <Predicate = true> <Delay = 0.84>
ST_6 : Operation 85 [2/2] (0.84ns)   --->   "%targetBlock = call i1 @bfs_Pipeline_loop_neighbors, i64 %cnt, i64 %tmp_begin, i64 %tmp_end, i64 %edges_0, i64 %edges_1, i8 %level, i8 %empty, i64 %cnt_1_0_loc, i64 %cnt_2_0_loc" [bfs.c:28]   --->   Operation 85 'call' 'targetBlock' <Predicate = (icmp_ln28)> <Delay = 0.84> <CoreType = "Generic">   --->   Core 0 '' <Latency = 0> <II = 1> <Delay = 1.00> <Generic> <Opcode : >

State 7 <SV = 6> <Delay = 0.84>
ST_7 : Operation 86 [1/2] (0.84ns)   --->   "%targetBlock = call i1 @bfs_Pipeline_loop_neighbors, i64 %cnt, i64 %tmp_begin, i64 %tmp_end, i64 %edges_0, i64 %edges_1, i8 %level, i8 %empty, i64 %cnt_1_0_loc, i64 %cnt_2_0_loc" [bfs.c:28]   --->   Operation 86 'call' 'targetBlock' <Predicate = true> <Delay = 0.84> <CoreType = "Generic">   --->   Core 0 '' <Latency = 0> <II = 1> <Delay = 1.00> <Generic> <Opcode : >

State 8 <SV = 7> <Delay = 1.46>
ST_8 : Operation 87 [1/1] (0.00ns)   --->   "%cnt_1_0_loc_load = load i64 %cnt_1_0_loc"   --->   Operation 87 'load' 'cnt_1_0_loc_load' <Predicate = (icmp_ln25 & icmp_ln28 & targetBlock)> <Delay = 0.00>
ST_8 : Operation 88 [1/1] (0.00ns)   --->   "%cnt_2_0_loc_load = load i64 %cnt_2_0_loc"   --->   Operation 88 'load' 'cnt_2_0_loc_load' <Predicate = (icmp_ln25 & icmp_ln28 & !targetBlock)> <Delay = 0.00>
ST_8 : Operation 89 [1/1] (0.62ns)   --->   "%select_ln28 = select i1 %targetBlock, i64 %cnt_1_0_loc_load, i64 %cnt_2_0_loc_load" [bfs.c:28]   --->   Operation 89 'select' 'select_ln28' <Predicate = (icmp_ln25 & icmp_ln28)> <Delay = 0.62> <CoreInst = "Sel">   --->   Core 73 'Sel' <Latency = 0> <II = 1> <Delay = 0.62> <FuncUnit> <Opcode : 'select'> <InPorts = 3> <OutPorts = 1>
ST_8 : Operation 90 [1/1] (0.84ns)   --->   "%br_ln0 = br void %for.inc24"   --->   Operation 90 'br' 'br_ln0' <Predicate = (icmp_ln25 & icmp_ln28)> <Delay = 0.84>
ST_8 : Operation 91 [1/1] (0.00ns)   --->   "%cnt_1 = phi i64 %select_ln28, void %for.body13.0.preheader, i64 %cnt, void %for.body4.split, i64 %cnt, void %loop_neighbors"   --->   Operation 91 'phi' 'cnt_1' <Predicate = true> <Delay = 0.00>
ST_8 : Operation 92 [1/1] (0.00ns)   --->   "%br_ln24 = br void %for.body4" [bfs.c:24]   --->   Operation 92 'br' 'br_ln24' <Predicate = true> <Delay = 0.00>


============================================================
+ Verbose Summary: Binding
============================================================
STG Binding: 
---------------- STG Properties BEGIN ----------------
- Is combinational: 0
- Is one-state seq: 0
- Is datapath-only: 0
- Is pipelined: 0
- Is top level: 1
Port [ Return ] is wired: 1; IO mode=ap_ctrl_hs:ce=0
Port [ nodes_0]:  wired=1; compound=1; hidden=0; nouse=0; global=0; static=0; extern=0; dir=0; type=1; pingpong=0; private_global=0; MemPort=[13]; IO mode=ap_memory:ce=0
Port [ nodes_1]:  wired=1; compound=1; hidden=0; nouse=0; global=0; static=0; extern=0; dir=0; type=1; pingpong=0; private_global=0; MemPort=[13]; IO mode=ap_memory:ce=0
Port [ edges_0]:  wired=1; compound=1; hidden=0; nouse=0; global=0; static=0; extern=0; dir=0; type=1; pingpong=0; private_global=0; MemPort=[11]; IO mode=ap_memory:ce=0
Port [ edges_1]:  wired=1; compound=1; hidden=0; nouse=0; global=0; static=0; extern=0; dir=0; type=1; pingpong=0; private_global=0; MemPort=[11]; IO mode=ap_memory:ce=0
Port [ starting_node]:  wired=1; compound=0; hidden=0; nouse=0; global=0; static=0; extern=0; dir=0; type=0; pingpong=0; private_global=0; IO mode=ap_none:ce=0
Port [ level]:  wired=1; compound=1; hidden=0; nouse=0; global=0; static=0; extern=0; dir=2; type=1; pingpong=0; private_global=0; MemPort=[23]; IO mode=ap_memory:ce=0
Port [ level_counts]:  wired=1; compound=1; hidden=0; nouse=0; global=0; static=0; extern=0; dir=1; type=1; pingpong=0; private_global=0; MemPort=[03]; IO mode=ap_memory:ce=0
---------------- STG Properties END ------------------

---------------- Datapath Model BEGIN ----------------

<LifeTime>
<method=bitvector/>
horizon             (alloca           ) [ 011111111]
starting_node_read  (read             ) [ 000000000]
cnt_2_0_loc         (alloca           ) [ 001111111]
cnt_1_0_loc         (alloca           ) [ 001111111]
spectopmodule_ln0   (spectopmodule    ) [ 000000000]
specinterface_ln0   (specinterface    ) [ 000000000]
specbitsmap_ln0     (specbitsmap      ) [ 000000000]
specinterface_ln0   (specinterface    ) [ 000000000]
specbitsmap_ln0     (specbitsmap      ) [ 000000000]
specinterface_ln0   (specinterface    ) [ 000000000]
specbitsmap_ln0     (specbitsmap      ) [ 000000000]
specinterface_ln0   (specinterface    ) [ 000000000]
specbitsmap_ln0     (specbitsmap      ) [ 000000000]
specbitsmap_ln0     (specbitsmap      ) [ 000000000]
specinterface_ln0   (specinterface    ) [ 000000000]
specinterface_ln0   (specinterface    ) [ 000000000]
specbitsmap_ln0     (specbitsmap      ) [ 000000000]
specinterface_ln0   (specinterface    ) [ 000000000]
specbitsmap_ln0     (specbitsmap      ) [ 000000000]
level_addr          (getelementptr    ) [ 000000000]
store_ln18          (store            ) [ 000000000]
level_counts_addr   (getelementptr    ) [ 000000000]
store_ln19          (store            ) [ 000000000]
store_ln21          (store            ) [ 000000000]
br_ln21             (br               ) [ 000000000]
horizon_1           (load             ) [ 000111111]
specloopname_ln16   (specloopname     ) [ 000000000]
trunc_ln21          (trunc            ) [ 000000000]
add_ln21            (add              ) [ 000111111]
empty               (add              ) [ 000111111]
br_ln24             (br               ) [ 001111111]
cnt                 (phi              ) [ 000111111]
n                   (phi              ) [ 000110000]
icmp_ln24           (icmp             ) [ 001111111]
empty_17            (speclooptripcount) [ 000000000]
n_1                 (add              ) [ 001111111]
br_ln24             (br               ) [ 000000000]
zext_ln24           (zext             ) [ 000000000]
level_addr_1        (getelementptr    ) [ 000010000]
level_counts_addr_1 (getelementptr    ) [ 000000000]
store_ln39          (store            ) [ 000000000]
icmp_ln39           (icmp             ) [ 001111111]
br_ln39             (br               ) [ 000000000]
store_ln39          (store            ) [ 000000000]
br_ln39             (br               ) [ 000000000]
ret_ln42            (ret              ) [ 000000000]
trunc_ln24          (trunc            ) [ 000000000]
specloopname_ln13   (specloopname     ) [ 000000000]
level_load          (load             ) [ 000000000]
sext_ln25           (sext             ) [ 000000000]
zext_ln25           (zext             ) [ 000000000]
icmp_ln25           (icmp             ) [ 001111111]
br_ln25             (br               ) [ 001111111]
tmp                 (bitselect        ) [ 000001000]
tmp_1               (bitselect        ) [ 000001000]
zext_ln26           (zext             ) [ 000000000]
nodes_0_addr        (getelementptr    ) [ 000001000]
nodes_1_addr        (getelementptr    ) [ 000001000]
and_ln              (bitconcatenate   ) [ 000000000]
nodes_0_load        (load             ) [ 000000000]
zext_ln26_1         (zext             ) [ 000000000]
lshr_ln26           (lshr             ) [ 000000000]
trunc_ln26          (trunc            ) [ 000000000]
nodes_1_load        (load             ) [ 000000000]
zext_ln26_2         (zext             ) [ 000000000]
lshr_ln26_1         (lshr             ) [ 000000000]
trunc_ln26_1        (trunc            ) [ 000000000]
tmp_begin           (mux              ) [ 000000110]
trunc_ln2           (partselect       ) [ 000000000]
trunc_ln27_1        (partselect       ) [ 000000000]
tmp_end             (mux              ) [ 000000110]
icmp_ln28           (icmp             ) [ 001111111]
br_ln28             (br               ) [ 001111111]
targetBlock         (call             ) [ 001111101]
cnt_1_0_loc_load    (load             ) [ 000000000]
cnt_2_0_loc_load    (load             ) [ 000000000]
select_ln28         (select           ) [ 000000000]
br_ln0              (br               ) [ 000000000]
cnt_1               (phi              ) [ 001100011]
br_ln24             (br               ) [ 001111111]
</LifeTime>

<model>

<comp_list>
<comp id="0" class="1000" name="nodes_0">
<pin_list>
<pin id="1" dir="1" index="0" bw="1" slack="0"/>
</pin_list>
<bind>
<StgValue><ssdm name="nodes_0"/><MemPortTyVec>1 3 </MemPortTyVec>
</StgValue>
</bind>
</comp>

<comp id="2" class="1000" name="nodes_1">
<pin_list>
<pin id="3" dir="1" index="0" bw="1" slack="0"/>
</pin_list>
<bind>
<StgValue><ssdm name="nodes_1"/><MemPortTyVec>1 3 </MemPortTyVec>
</StgValue>
</bind>
</comp>

<comp id="4" class="1000" name="edges_0">
<pin_list>
<pin id="5" dir="1" index="0" bw="1" slack="0"/>
</pin_list>
<bind>
<StgValue><ssdm name="edges_0"/><MemPortTyVec>1 1 </MemPortTyVec>
</StgValue>
</bind>
</comp>

<comp id="6" class="1000" name="edges_1">
<pin_list>
<pin id="7" dir="1" index="0" bw="1" slack="0"/>
</pin_list>
<bind>
<StgValue><ssdm name="edges_1"/><MemPortTyVec>1 1 </MemPortTyVec>
</StgValue>
</bind>
</comp>

<comp id="8" class="1000" name="starting_node">
<pin_list>
<pin id="9" dir="1" index="0" bw="1" slack="0"/>
</pin_list>
<bind>
<StgValue><ssdm name="starting_node"/></StgValue>
</bind>
</comp>

<comp id="10" class="1000" name="level">
<pin_list>
<pin id="11" dir="1" index="0" bw="1" slack="0"/>
</pin_list>
<bind>
<StgValue><ssdm name="level"/><MemPortTyVec>2 3 </MemPortTyVec>
</StgValue>
</bind>
</comp>

<comp id="12" class="1000" name="level_counts">
<pin_list>
<pin id="13" dir="1" index="0" bw="1" slack="0"/>
</pin_list>
<bind>
<StgValue><ssdm name="level_counts"/><MemPortTyVec>0 3 </MemPortTyVec>
</StgValue>
</bind>
</comp>

<comp id="14" class="1001" name="const_14">
<pin_list>
<pin id="15" dir="1" index="0" bw="1" slack="0"/>
</pin_list>
<bind>
<StgValue><ssdm name=""/></StgValue>
</bind>
</comp>

<comp id="16" class="1001" name="const_16">
<pin_list>
<pin id="17" dir="1" index="0" bw="1" slack="0"/>
</pin_list>
<bind>
<StgValue><ssdm name="_ssdm_op_Read.ap_auto.i64"/></StgValue>
</bind>
</comp>

<comp id="18" class="1001" name="const_18">
<pin_list>
<pin id="19" dir="1" index="0" bw="1" slack="0"/>
</pin_list>
<bind>
<StgValue><ssdm name=""/></StgValue>
</bind>
</comp>

<comp id="20" class="1001" name="const_20">
<pin_list>
<pin id="21" dir="1" index="0" bw="1" slack="2147483647"/>
</pin_list>
<bind>
<StgValue><ssdm name="_ssdm_op_SpecTopModule"/></StgValue>
</bind>
</comp>

<comp id="22" class="1001" name="const_22">
<pin_list>
<pin id="23" dir="1" index="0" bw="1" slack="2147483647"/>
</pin_list>
<bind>
<StgValue><ssdm name="empty_2"/></StgValue>
</bind>
</comp>

<comp id="24" class="1001" name="const_24">
<pin_list>
<pin id="25" dir="1" index="0" bw="1" slack="2147483647"/>
</pin_list>
<bind>
<StgValue><ssdm name="_ssdm_op_SpecInterface"/></StgValue>
</bind>
</comp>

<comp id="26" class="1001" name="const_26">
<pin_list>
<pin id="27" dir="1" index="0" bw="1" slack="2147483647"/>
</pin_list>
<bind>
<StgValue><ssdm name="empty"/></StgValue>
</bind>
</comp>

<comp id="28" class="1001" name="const_28">
<pin_list>
<pin id="29" dir="1" index="0" bw="1" slack="2147483647"/>
</pin_list>
<bind>
<StgValue><ssdm name=""/></StgValue>
</bind>
</comp>

<comp id="30" class="1001" name="const_30">
<pin_list>
<pin id="31" dir="1" index="0" bw="1" slack="2147483647"/>
</pin_list>
<bind>
<StgValue><ssdm name="empty_0"/></StgValue>
</bind>
</comp>

<comp id="32" class="1001" name="const_32">
<pin_list>
<pin id="33" dir="1" index="0" bw="1" slack="2147483647"/>
</pin_list>
<bind>
<StgValue><ssdm name=""/></StgValue>
</bind>
</comp>

<comp id="34" class="1001" name="const_34">
<pin_list>
<pin id="35" dir="1" index="0" bw="1" slack="2147483647"/>
</pin_list>
<bind>
<StgValue><ssdm name="_ssdm_op_SpecBitsMap"/></StgValue>
</bind>
</comp>

<comp id="36" class="1001" name="const_36">
<pin_list>
<pin id="37" dir="1" index="0" bw="1" slack="2147483647"/>
</pin_list>
<bind>
<StgValue><ssdm name="empty_1"/></StgValue>
</bind>
</comp>

<comp id="38" class="1001" name="const_38">
<pin_list>
<pin id="39" dir="1" index="0" bw="1" slack="0"/>
</pin_list>
<bind>
<StgValue><ssdm name=""/></StgValue>
</bind>
</comp>

<comp id="40" class="1001" name="const_40">
<pin_list>
<pin id="41" dir="1" index="0" bw="1" slack="0"/>
</pin_list>
<bind>
<StgValue><ssdm name=""/></StgValue>
</bind>
</comp>

<comp id="42" class="1001" name="const_42">
<pin_list>
<pin id="43" dir="1" index="0" bw="1" slack="2147483647"/>
</pin_list>
<bind>
<StgValue><ssdm name="_ssdm_op_SpecLoopName"/></StgValue>
</bind>
</comp>

<comp id="44" class="1001" name="const_44">
<pin_list>
<pin id="45" dir="1" index="0" bw="1" slack="2147483647"/>
</pin_list>
<bind>
<StgValue><ssdm name="empty_5"/></StgValue>
</bind>
</comp>

<comp id="46" class="1001" name="const_46">
<pin_list>
<pin id="47" dir="1" index="0" bw="1" slack="0"/>
</pin_list>
<bind>
<StgValue><ssdm name=""/></StgValue>
</bind>
</comp>

<comp id="48" class="1001" name="const_48">
<pin_list>
<pin id="49" dir="1" index="0" bw="1" slack="1"/>
</pin_list>
<bind>
<StgValue><ssdm name=""/></StgValue>
</bind>
</comp>

<comp id="50" class="1001" name="const_50">
<pin_list>
<pin id="51" dir="1" index="0" bw="1" slack="0"/>
</pin_list>
<bind>
<StgValue><ssdm name=""/></StgValue>
</bind>
</comp>

<comp id="52" class="1001" name="const_52">
<pin_list>
<pin id="53" dir="1" index="0" bw="1" slack="2147483647"/>
</pin_list>
<bind>
<StgValue><ssdm name="_ssdm_op_SpecLoopTripCount"/></StgValue>
</bind>
</comp>

<comp id="54" class="1001" name="const_54">
<pin_list>
<pin id="55" dir="1" index="0" bw="1" slack="2147483647"/>
</pin_list>
<bind>
<StgValue><ssdm name=""/></StgValue>
</bind>
</comp>

<comp id="56" class="1001" name="const_56">
<pin_list>
<pin id="57" dir="1" index="0" bw="1" slack="0"/>
</pin_list>
<bind>
<StgValue><ssdm name=""/></StgValue>
</bind>
</comp>

<comp id="58" class="1001" name="const_58">
<pin_list>
<pin id="59" dir="1" index="0" bw="1" slack="2147483647"/>
</pin_list>
<bind>
<StgValue><ssdm name="empty_4"/></StgValue>
</bind>
</comp>

<comp id="60" class="1001" name="const_60">
<pin_list>
<pin id="61" dir="1" index="0" bw="1" slack="0"/>
</pin_list>
<bind>
<StgValue><ssdm name="_ssdm_op_BitSelect.i1.i9.i32"/></StgValue>
</bind>
</comp>

<comp id="62" class="1001" name="const_62">
<pin_list>
<pin id="63" dir="1" index="0" bw="1" slack="0"/>
</pin_list>
<bind>
<StgValue><ssdm name=""/></StgValue>
</bind>
</comp>

<comp id="64" class="1001" name="const_64">
<pin_list>
<pin id="65" dir="1" index="0" bw="1" slack="0"/>
</pin_list>
<bind>
<StgValue><ssdm name=""/></StgValue>
</bind>
</comp>

<comp id="66" class="1001" name="const_66">
<pin_list>
<pin id="67" dir="1" index="0" bw="1" slack="0"/>
</pin_list>
<bind>
<StgValue><ssdm name="_ssdm_op_BitConcatenate.i8.i1.i7"/></StgValue>
</bind>
</comp>

<comp id="68" class="1001" name="const_68">
<pin_list>
<pin id="69" dir="1" index="0" bw="1" slack="0"/>
</pin_list>
<bind>
<StgValue><ssdm name=""/></StgValue>
</bind>
</comp>

<comp id="70" class="1001" name="const_70">
<pin_list>
<pin id="71" dir="1" index="0" bw="1" slack="0"/>
</pin_list>
<bind>
<StgValue><ssdm name="_ssdm_op_Mux.ap_auto.2i64.i1"/></StgValue>
</bind>
</comp>

<comp id="72" class="1001" name="const_72">
<pin_list>
<pin id="73" dir="1" index="0" bw="1" slack="0"/>
</pin_list>
<bind>
<StgValue><ssdm name="_ssdm_op_PartSelect.i64.i256.i32.i32"/></StgValue>
</bind>
</comp>

<comp id="74" class="1001" name="const_74">
<pin_list>
<pin id="75" dir="1" index="0" bw="1" slack="0"/>
</pin_list>
<bind>
<StgValue><ssdm name=""/></StgValue>
</bind>
</comp>

<comp id="76" class="1001" name="const_76">
<pin_list>
<pin id="77" dir="1" index="0" bw="1" slack="0"/>
</pin_list>
<bind>
<StgValue><ssdm name=""/></StgValue>
</bind>
</comp>

<comp id="78" class="1001" name="const_78">
<pin_list>
<pin id="79" dir="1" index="0" bw="1" slack="0"/>
</pin_list>
<bind>
<StgValue><ssdm name="bfs_Pipeline_loop_neighbors"/></StgValue>
</bind>
</comp>

<comp id="80" class="1004" name="horizon_fu_80">
<pin_list>
<pin id="81" dir="0" index="0" bw="1" slack="0"/>
<pin id="82" dir="1" index="1" bw="64" slack="0"/>
</pin_list>
<bind>
<opcode="alloca(26) " fcode="alloca"/>
<opset="horizon/1 "/>
</bind>
</comp>

<comp id="84" class="1004" name="cnt_2_0_loc_fu_84">
<pin_list>
<pin id="85" dir="0" index="0" bw="1" slack="0"/>
<pin id="86" dir="1" index="1" bw="64" slack="5"/>
</pin_list>
<bind>
<opcode="alloca(26) " fcode="alloca"/>
<opset="cnt_2_0_loc/1 "/>
</bind>
</comp>

<comp id="88" class="1004" name="cnt_1_0_loc_fu_88">
<pin_list>
<pin id="89" dir="0" index="0" bw="1" slack="0"/>
<pin id="90" dir="1" index="1" bw="64" slack="5"/>
</pin_list>
<bind>
<opcode="alloca(26) " fcode="alloca"/>
<opset="cnt_1_0_loc/1 "/>
</bind>
</comp>

<comp id="92" class="1004" name="starting_node_read_read_fu_92">
<pin_list>
<pin id="93" dir="0" index="0" bw="64" slack="0"/>
<pin id="94" dir="0" index="1" bw="64" slack="0"/>
<pin id="95" dir="1" index="2" bw="64" slack="0"/>
</pin_list>
<bind>
<opcode="read(1150) " fcode="read"/>
<opset="starting_node_read/1 "/>
</bind>
</comp>

<comp id="98" class="1004" name="level_addr_gep_fu_98">
<pin_list>
<pin id="99" dir="0" index="0" bw="8" slack="0"/>
<pin id="100" dir="0" index="1" bw="1" slack="0"/>
<pin id="101" dir="0" index="2" bw="64" slack="0"/>
<pin id="102" dir="1" index="3" bw="8" slack="0"/>
</pin_list>
<bind>
<opcode="getelementptr(29) " fcode="getelementptr"/>
<opset="level_addr/1 "/>
</bind>
</comp>

<comp id="106" class="1004" name="grp_access_fu_106">
<pin_list>
<pin id="107" dir="0" index="0" bw="8" slack="0"/>
<pin id="108" dir="0" index="1" bw="8" slack="0"/>
<pin id="109" dir="0" index="2" bw="0" slack="2147483647"/>
<pin id="110" dir="1" index="3" bw="8" slack="0"/>
</pin_list>
<bind>
<opcode="load(27) store(28) " fcode="load"/>
<opset="store_ln18/1 level_load/3 "/>
</bind>
</comp>

<comp id="113" class="1004" name="level_counts_addr_gep_fu_113">
<pin_list>
<pin id="114" dir="0" index="0" bw="64" slack="0"/>
<pin id="115" dir="0" index="1" bw="1" slack="0"/>
<pin id="116" dir="0" index="2" bw="1" slack="0"/>
<pin id="117" dir="1" index="3" bw="4" slack="0"/>
</pin_list>
<bind>
<opcode="getelementptr(29) " fcode="getelementptr"/>
<opset="level_counts_addr/1 "/>
</bind>
</comp>

<comp id="121" class="1004" name="grp_access_fu_121">
<pin_list>
<pin id="122" dir="0" index="0" bw="4" slack="0"/>
<pin id="123" dir="0" index="1" bw="64" slack="0"/>
<pin id="124" dir="0" index="2" bw="0" slack="2147483647"/>
<pin id="125" dir="1" index="3" bw="64" slack="2147483647"/>
</pin_list>
<bind>
<opcode="store(28) " fcode="store"/>
<opset="store_ln19/1 store_ln39/3 "/>
</bind>
</comp>

<comp id="128" class="1004" name="level_addr_1_gep_fu_128">
<pin_list>
<pin id="129" dir="0" index="0" bw="8" slack="0"/>
<pin id="130" dir="0" index="1" bw="1" slack="0"/>
<pin id="131" dir="0" index="2" bw="9" slack="0"/>
<pin id="132" dir="1" index="3" bw="8" slack="0"/>
</pin_list>
<bind>
<opcode="getelementptr(29) " fcode="getelementptr"/>
<opset="level_addr_1/3 "/>
</bind>
</comp>

<comp id="136" class="1004" name="level_counts_addr_1_gep_fu_136">
<pin_list>
<pin id="137" dir="0" index="0" bw="64" slack="0"/>
<pin id="138" dir="0" index="1" bw="1" slack="0"/>
<pin id="139" dir="0" index="2" bw="64" slack="1"/>
<pin id="140" dir="1" index="3" bw="4" slack="0"/>
</pin_list>
<bind>
<opcode="getelementptr(29) " fcode="getelementptr"/>
<opset="level_counts_addr_1/3 "/>
</bind>
</comp>

<comp id="144" class="1004" name="nodes_0_addr_gep_fu_144">
<pin_list>
<pin id="145" dir="0" index="0" bw="256" slack="0"/>
<pin id="146" dir="0" index="1" bw="1" slack="0"/>
<pin id="147" dir="0" index="2" bw="6" slack="0"/>
<pin id="148" dir="1" index="3" bw="6" slack="0"/>
</pin_list>
<bind>
<opcode="getelementptr(29) " fcode="getelementptr"/>
<opset="nodes_0_addr/4 "/>
</bind>
</comp>

<comp id="151" class="1004" name="grp_access_fu_151">
<pin_list>
<pin id="152" dir="0" index="0" bw="6" slack="0"/>
<pin id="153" dir="0" index="1" bw="256" slack="2147483647"/>
<pin id="154" dir="0" index="2" bw="0" slack="2147483647"/>
<pin id="155" dir="1" index="3" bw="256" slack="0"/>
</pin_list>
<bind>
<opcode="load(27) " fcode="load"/>
<opset="nodes_0_load/4 "/>
</bind>
</comp>

<comp id="157" class="1004" name="nodes_1_addr_gep_fu_157">
<pin_list>
<pin id="158" dir="0" index="0" bw="256" slack="0"/>
<pin id="159" dir="0" index="1" bw="1" slack="0"/>
<pin id="160" dir="0" index="2" bw="6" slack="0"/>
<pin id="161" dir="1" index="3" bw="6" slack="0"/>
</pin_list>
<bind>
<opcode="getelementptr(29) " fcode="getelementptr"/>
<opset="nodes_1_addr/4 "/>
</bind>
</comp>

<comp id="164" class="1004" name="grp_access_fu_164">
<pin_list>
<pin id="165" dir="0" index="0" bw="6" slack="0"/>
<pin id="166" dir="0" index="1" bw="256" slack="2147483647"/>
<pin id="167" dir="0" index="2" bw="0" slack="2147483647"/>
<pin id="168" dir="1" index="3" bw="256" slack="0"/>
</pin_list>
<bind>
<opcode="load(27) " fcode="load"/>
<opset="nodes_1_load/4 "/>
</bind>
</comp>

<comp id="170" class="1005" name="cnt_reg_170">
<pin_list>
<pin id="171" dir="0" index="0" bw="64" slack="1"/>
<pin id="172" dir="1" index="1" bw="64" slack="1"/>
</pin_list>
<bind>
<opset="cnt (phireg) "/>
</bind>
</comp>

<comp id="174" class="1004" name="cnt_phi_fu_174">
<pin_list>
<pin id="175" dir="0" index="0" bw="1" slack="1"/>
<pin id="176" dir="0" index="1" bw="0" slack="2147483647"/>
<pin id="177" dir="0" index="2" bw="64" slack="1"/>
<pin id="178" dir="0" index="3" bw="0" slack="2147483647"/>
<pin id="179" dir="1" index="4" bw="64" slack="0"/>
</pin_list>
<bind>
<opcode="phi(47) " fcode="phi"/>
<opset="cnt/3 "/>
</bind>
</comp>

<comp id="183" class="1005" name="n_reg_183">
<pin_list>
<pin id="184" dir="0" index="0" bw="9" slack="1"/>
<pin id="185" dir="1" index="1" bw="9" slack="1"/>
</pin_list>
<bind>
<opset="n (phireg) "/>
</bind>
</comp>

<comp id="187" class="1004" name="n_phi_fu_187">
<pin_list>
<pin id="188" dir="0" index="0" bw="1" slack="1"/>
<pin id="189" dir="0" index="1" bw="0" slack="2147483647"/>
<pin id="190" dir="0" index="2" bw="9" slack="0"/>
<pin id="191" dir="0" index="3" bw="0" slack="2147483647"/>
<pin id="192" dir="1" index="4" bw="9" slack="0"/>
</pin_list>
<bind>
<opcode="phi(47) " fcode="phi"/>
<opset="n/3 "/>
</bind>
</comp>

<comp id="195" class="1005" name="cnt_1_reg_195">
<pin_list>
<pin id="196" dir="0" index="0" bw="64" slack="1"/>
<pin id="197" dir="1" index="1" bw="64" slack="1"/>
</pin_list>
<bind>
<opset="cnt_1 (phireg) "/>
</bind>
</comp>

<comp id="199" class="1004" name="cnt_1_phi_fu_199">
<pin_list>
<pin id="200" dir="0" index="0" bw="64" slack="0"/>
<pin id="201" dir="0" index="1" bw="0" slack="2147483647"/>
<pin id="202" dir="0" index="2" bw="64" slack="5"/>
<pin id="203" dir="0" index="3" bw="0" slack="2147483647"/>
<pin id="204" dir="0" index="4" bw="64" slack="5"/>
<pin id="205" dir="0" index="5" bw="0" slack="2147483647"/>
<pin id="206" dir="1" index="6" bw="64" slack="1"/>
</pin_list>
<bind>
<opcode="phi(47) " fcode="phi"/>
<opset="cnt_1/8 "/>
</bind>
</comp>

<comp id="210" class="1004" name="grp_bfs_Pipeline_loop_neighbors_fu_210">
<pin_list>
<pin id="211" dir="0" index="0" bw="1" slack="0"/>
<pin id="212" dir="0" index="1" bw="64" slack="3"/>
<pin id="213" dir="0" index="2" bw="64" slack="1"/>
<pin id="214" dir="0" index="3" bw="64" slack="1"/>
<pin id="215" dir="0" index="4" bw="64" slack="0"/>
<pin id="216" dir="0" index="5" bw="64" slack="0"/>
<pin id="217" dir="0" index="6" bw="8" slack="0"/>
<pin id="218" dir="0" index="7" bw="8" slack="4"/>
<pin id="219" dir="0" index="8" bw="64" slack="5"/>
<pin id="220" dir="0" index="9" bw="64" slack="5"/>
<pin id="221" dir="1" index="10" bw="1" slack="1"/>
</pin_list>
<bind>
<opcode="call(48) " fcode="call"/>
<opset="targetBlock/6 "/>
</bind>
</comp>

<comp id="227" class="1004" name="store_ln21_store_fu_227">
<pin_list>
<pin id="228" dir="0" index="0" bw="1" slack="0"/>
<pin id="229" dir="0" index="1" bw="64" slack="0"/>
<pin id="230" dir="1" index="2" bw="0" slack="2147483647"/>
</pin_list>
<bind>
<opcode="store(28) " fcode="store"/>
<opset="store_ln21/1 "/>
</bind>
</comp>

<comp id="232" class="1004" name="horizon_1_load_fu_232">
<pin_list>
<pin id="233" dir="0" index="0" bw="64" slack="1"/>
<pin id="234" dir="1" index="1" bw="64" slack="0"/>
</pin_list>
<bind>
<opcode="load(27) " fcode="load"/>
<opset="horizon_1/2 "/>
</bind>
</comp>

<comp id="235" class="1004" name="trunc_ln21_fu_235">
<pin_list>
<pin id="236" dir="0" index="0" bw="64" slack="0"/>
<pin id="237" dir="1" index="1" bw="8" slack="0"/>
</pin_list>
<bind>
<opcode="trunc(33) " fcode="trunc"/>
<opset="trunc_ln21/2 "/>
</bind>
</comp>

<comp id="239" class="1004" name="add_ln21_fu_239">
<pin_list>
<pin id="240" dir="0" index="0" bw="64" slack="0"/>
<pin id="241" dir="0" index="1" bw="1" slack="0"/>
<pin id="242" dir="1" index="2" bw="64" slack="1"/>
</pin_list>
<bind>
<opcode="add(8) " fcode="add"/>
<opset="add_ln21/2 "/>
</bind>
</comp>

<comp id="245" class="1004" name="empty_fu_245">
<pin_list>
<pin id="246" dir="0" index="0" bw="8" slack="0"/>
<pin id="247" dir="0" index="1" bw="1" slack="0"/>
<pin id="248" dir="1" index="2" bw="8" slack="4"/>
</pin_list>
<bind>
<opcode="add(8) " fcode="add"/>
<opset="empty/2 "/>
</bind>
</comp>

<comp id="251" class="1004" name="icmp_ln24_fu_251">
<pin_list>
<pin id="252" dir="0" index="0" bw="9" slack="0"/>
<pin id="253" dir="0" index="1" bw="9" slack="0"/>
<pin id="254" dir="1" index="2" bw="1" slack="2147483647"/>
</pin_list>
<bind>
<opcode="icmp(45) " fcode="icmp"/>
<opset="icmp_ln24/3 "/>
</bind>
</comp>

<comp id="257" class="1004" name="n_1_fu_257">
<pin_list>
<pin id="258" dir="0" index="0" bw="9" slack="0"/>
<pin id="259" dir="0" index="1" bw="1" slack="0"/>
<pin id="260" dir="1" index="2" bw="9" slack="0"/>
</pin_list>
<bind>
<opcode="add(8) " fcode="add"/>
<opset="n_1/3 "/>
</bind>
</comp>

<comp id="263" class="1004" name="zext_ln24_fu_263">
<pin_list>
<pin id="264" dir="0" index="0" bw="9" slack="0"/>
<pin id="265" dir="1" index="1" bw="64" slack="0"/>
</pin_list>
<bind>
<opcode="zext(34) " fcode="zext"/>
<opset="zext_ln24/3 "/>
</bind>
</comp>

<comp id="268" class="1004" name="icmp_ln39_fu_268">
<pin_list>
<pin id="269" dir="0" index="0" bw="64" slack="0"/>
<pin id="270" dir="0" index="1" bw="64" slack="0"/>
<pin id="271" dir="1" index="2" bw="1" slack="2147483647"/>
</pin_list>
<bind>
<opcode="icmp(45) " fcode="icmp"/>
<opset="icmp_ln39/3 "/>
</bind>
</comp>

<comp id="274" class="1004" name="store_ln39_store_fu_274">
<pin_list>
<pin id="275" dir="0" index="0" bw="64" slack="1"/>
<pin id="276" dir="0" index="1" bw="64" slack="2"/>
<pin id="277" dir="1" index="2" bw="0" slack="2147483647"/>
</pin_list>
<bind>
<opcode="store(28) " fcode="store"/>
<opset="store_ln39/3 "/>
</bind>
</comp>

<comp id="278" class="1004" name="trunc_ln24_fu_278">
<pin_list>
<pin id="279" dir="0" index="0" bw="9" slack="1"/>
<pin id="280" dir="1" index="1" bw="6" slack="0"/>
</pin_list>
<bind>
<opcode="trunc(33) " fcode="trunc"/>
<opset="trunc_ln24/4 "/>
</bind>
</comp>

<comp id="282" class="1004" name="sext_ln25_fu_282">
<pin_list>
<pin id="283" dir="0" index="0" bw="8" slack="0"/>
<pin id="284" dir="1" index="1" bw="32" slack="0"/>
</pin_list>
<bind>
<opcode="sext(35) " fcode="sext"/>
<opset="sext_ln25/4 "/>
</bind>
</comp>

<comp id="286" class="1004" name="zext_ln25_fu_286">
<pin_list>
<pin id="287" dir="0" index="0" bw="8" slack="0"/>
<pin id="288" dir="1" index="1" bw="64" slack="0"/>
</pin_list>
<bind>
<opcode="zext(34) " fcode="zext"/>
<opset="zext_ln25/4 "/>
</bind>
</comp>

<comp id="290" class="1004" name="icmp_ln25_fu_290">
<pin_list>
<pin id="291" dir="0" index="0" bw="64" slack="0"/>
<pin id="292" dir="0" index="1" bw="64" slack="2"/>
<pin id="293" dir="1" index="2" bw="1" slack="4"/>
</pin_list>
<bind>
<opcode="icmp(45) " fcode="icmp"/>
<opset="icmp_ln25/4 "/>
</bind>
</comp>

<comp id="295" class="1004" name="tmp_fu_295">
<pin_list>
<pin id="296" dir="0" index="0" bw="1" slack="0"/>
<pin id="297" dir="0" index="1" bw="9" slack="1"/>
<pin id="298" dir="0" index="2" bw="4" slack="0"/>
<pin id="299" dir="1" index="3" bw="1" slack="1"/>
</pin_list>
<bind>
<opcode="bitselect(1000) " fcode="bitselect"/>
<opset="tmp/4 "/>
</bind>
</comp>

<comp id="303" class="1004" name="tmp_1_fu_303">
<pin_list>
<pin id="304" dir="0" index="0" bw="1" slack="0"/>
<pin id="305" dir="0" index="1" bw="9" slack="1"/>
<pin id="306" dir="0" index="2" bw="4" slack="0"/>
<pin id="307" dir="1" index="3" bw="1" slack="1"/>
</pin_list>
<bind>
<opcode="bitselect(1000) " fcode="bitselect"/>
<opset="tmp_1/4 "/>
</bind>
</comp>

<comp id="311" class="1004" name="zext_ln26_fu_311">
<pin_list>
<pin id="312" dir="0" index="0" bw="6" slack="0"/>
<pin id="313" dir="1" index="1" bw="64" slack="0"/>
</pin_list>
<bind>
<opcode="zext(34) " fcode="zext"/>
<opset="zext_ln26/4 "/>
</bind>
</comp>

<comp id="317" class="1004" name="and_ln_fu_317">
<pin_list>
<pin id="318" dir="0" index="0" bw="8" slack="0"/>
<pin id="319" dir="0" index="1" bw="1" slack="1"/>
<pin id="320" dir="0" index="2" bw="1" slack="0"/>
<pin id="321" dir="1" index="3" bw="8" slack="0"/>
</pin_list>
<bind>
<opcode="bitconcatenate(1004) " fcode="bitconcatenate"/>
<opset="and_ln/5 "/>
</bind>
</comp>

<comp id="324" class="1004" name="zext_ln26_1_fu_324">
<pin_list>
<pin id="325" dir="0" index="0" bw="8" slack="0"/>
<pin id="326" dir="1" index="1" bw="256" slack="0"/>
</pin_list>
<bind>
<opcode="zext(34) " fcode="zext"/>
<opset="zext_ln26_1/5 "/>
</bind>
</comp>

<comp id="328" class="1004" name="lshr_ln26_fu_328">
<pin_list>
<pin id="329" dir="0" index="0" bw="256" slack="0"/>
<pin id="330" dir="0" index="1" bw="8" slack="0"/>
<pin id="331" dir="1" index="2" bw="256" slack="0"/>
</pin_list>
<bind>
<opcode="lshr(21) " fcode="lshr"/>
<opset="lshr_ln26/5 "/>
</bind>
</comp>

<comp id="334" class="1004" name="trunc_ln26_fu_334">
<pin_list>
<pin id="335" dir="0" index="0" bw="256" slack="0"/>
<pin id="336" dir="1" index="1" bw="64" slack="0"/>
</pin_list>
<bind>
<opcode="trunc(33) " fcode="trunc"/>
<opset="trunc_ln26/5 "/>
</bind>
</comp>

<comp id="338" class="1004" name="zext_ln26_2_fu_338">
<pin_list>
<pin id="339" dir="0" index="0" bw="8" slack="0"/>
<pin id="340" dir="1" index="1" bw="256" slack="0"/>
</pin_list>
<bind>
<opcode="zext(34) " fcode="zext"/>
<opset="zext_ln26_2/5 "/>
</bind>
</comp>

<comp id="342" class="1004" name="lshr_ln26_1_fu_342">
<pin_list>
<pin id="343" dir="0" index="0" bw="256" slack="0"/>
<pin id="344" dir="0" index="1" bw="8" slack="0"/>
<pin id="345" dir="1" index="2" bw="256" slack="0"/>
</pin_list>
<bind>
<opcode="lshr(21) " fcode="lshr"/>
<opset="lshr_ln26_1/5 "/>
</bind>
</comp>

<comp id="348" class="1004" name="trunc_ln26_1_fu_348">
<pin_list>
<pin id="349" dir="0" index="0" bw="256" slack="0"/>
<pin id="350" dir="1" index="1" bw="64" slack="0"/>
</pin_list>
<bind>
<opcode="trunc(33) " fcode="trunc"/>
<opset="trunc_ln26_1/5 "/>
</bind>
</comp>

<comp id="352" class="1004" name="tmp_begin_fu_352">
<pin_list>
<pin id="353" dir="0" index="0" bw="64" slack="0"/>
<pin id="354" dir="0" index="1" bw="64" slack="0"/>
<pin id="355" dir="0" index="2" bw="64" slack="0"/>
<pin id="356" dir="0" index="3" bw="1" slack="1"/>
<pin id="357" dir="1" index="4" bw="64" slack="1"/>
</pin_list>
<bind>
<opcode="mux(1196) " fcode="mux"/>
<opset="tmp_begin/5 "/>
</bind>
</comp>

<comp id="361" class="1004" name="trunc_ln2_fu_361">
<pin_list>
<pin id="362" dir="0" index="0" bw="64" slack="0"/>
<pin id="363" dir="0" index="1" bw="256" slack="0"/>
<pin id="364" dir="0" index="2" bw="8" slack="0"/>
<pin id="365" dir="0" index="3" bw="8" slack="0"/>
<pin id="366" dir="1" index="4" bw="64" slack="0"/>
</pin_list>
<bind>
<opcode="partselect(1002) " fcode="partselect"/>
<opset="trunc_ln2/5 "/>
</bind>
</comp>

<comp id="371" class="1004" name="trunc_ln27_1_fu_371">
<pin_list>
<pin id="372" dir="0" index="0" bw="64" slack="0"/>
<pin id="373" dir="0" index="1" bw="256" slack="0"/>
<pin id="374" dir="0" index="2" bw="8" slack="0"/>
<pin id="375" dir="0" index="3" bw="8" slack="0"/>
<pin id="376" dir="1" index="4" bw="64" slack="0"/>
</pin_list>
<bind>
<opcode="partselect(1002) " fcode="partselect"/>
<opset="trunc_ln27_1/5 "/>
</bind>
</comp>

<comp id="381" class="1004" name="tmp_end_fu_381">
<pin_list>
<pin id="382" dir="0" index="0" bw="64" slack="0"/>
<pin id="383" dir="0" index="1" bw="64" slack="0"/>
<pin id="384" dir="0" index="2" bw="64" slack="0"/>
<pin id="385" dir="0" index="3" bw="1" slack="1"/>
<pin id="386" dir="1" index="4" bw="64" slack="1"/>
</pin_list>
<bind>
<opcode="mux(1196) " fcode="mux"/>
<opset="tmp_end/5 "/>
</bind>
</comp>

<comp id="390" class="1004" name="icmp_ln28_fu_390">
<pin_list>
<pin id="391" dir="0" index="0" bw="64" slack="1"/>
<pin id="392" dir="0" index="1" bw="64" slack="1"/>
<pin id="393" dir="1" index="2" bw="1" slack="2"/>
</pin_list>
<bind>
<opcode="icmp(45) " fcode="icmp"/>
<opset="icmp_ln28/6 "/>
</bind>
</comp>

<comp id="394" class="1004" name="cnt_1_0_loc_load_load_fu_394">
<pin_list>
<pin id="395" dir="0" index="0" bw="64" slack="7"/>
<pin id="396" dir="1" index="1" bw="64" slack="0"/>
</pin_list>
<bind>
<opcode="load(27) " fcode="load"/>
<opset="cnt_1_0_loc_load/8 "/>
</bind>
</comp>

<comp id="397" class="1004" name="cnt_2_0_loc_load_load_fu_397">
<pin_list>
<pin id="398" dir="0" index="0" bw="64" slack="7"/>
<pin id="399" dir="1" index="1" bw="64" slack="0"/>
</pin_list>
<bind>
<opcode="load(27) " fcode="load"/>
<opset="cnt_2_0_loc_load/8 "/>
</bind>
</comp>

<comp id="400" class="1004" name="select_ln28_fu_400">
<pin_list>
<pin id="401" dir="0" index="0" bw="1" slack="1"/>
<pin id="402" dir="0" index="1" bw="64" slack="0"/>
<pin id="403" dir="0" index="2" bw="64" slack="0"/>
<pin id="404" dir="1" index="3" bw="64" slack="0"/>
</pin_list>
<bind>
<opcode="select(49) " fcode="select"/>
<opset="select_ln28/8 "/>
</bind>
</comp>

<comp id="408" class="1005" name="horizon_reg_408">
<pin_list>
<pin id="409" dir="0" index="0" bw="64" slack="0"/>
<pin id="410" dir="1" index="1" bw="64" slack="0"/>
</pin_list>
<bind>
<opset="horizon "/>
</bind>
</comp>

<comp id="415" class="1005" name="cnt_2_0_loc_reg_415">
<pin_list>
<pin id="416" dir="0" index="0" bw="64" slack="5"/>
<pin id="417" dir="1" index="1" bw="64" slack="5"/>
</pin_list>
<bind>
<opset="cnt_2_0_loc "/>
</bind>
</comp>

<comp id="421" class="1005" name="cnt_1_0_loc_reg_421">
<pin_list>
<pin id="422" dir="0" index="0" bw="64" slack="5"/>
<pin id="423" dir="1" index="1" bw="64" slack="5"/>
</pin_list>
<bind>
<opset="cnt_1_0_loc "/>
</bind>
</comp>

<comp id="427" class="1005" name="horizon_1_reg_427">
<pin_list>
<pin id="428" dir="0" index="0" bw="64" slack="2"/>
<pin id="429" dir="1" index="1" bw="64" slack="2"/>
</pin_list>
<bind>
<opset="horizon_1 "/>
</bind>
</comp>

<comp id="432" class="1005" name="add_ln21_reg_432">
<pin_list>
<pin id="433" dir="0" index="0" bw="64" slack="1"/>
<pin id="434" dir="1" index="1" bw="64" slack="1"/>
</pin_list>
<bind>
<opset="add_ln21 "/>
</bind>
</comp>

<comp id="438" class="1005" name="empty_reg_438">
<pin_list>
<pin id="439" dir="0" index="0" bw="8" slack="4"/>
<pin id="440" dir="1" index="1" bw="8" slack="4"/>
</pin_list>
<bind>
<opset="empty "/>
</bind>
</comp>

<comp id="446" class="1005" name="n_1_reg_446">
<pin_list>
<pin id="447" dir="0" index="0" bw="9" slack="0"/>
<pin id="448" dir="1" index="1" bw="9" slack="0"/>
</pin_list>
<bind>
<opset="n_1 "/>
</bind>
</comp>

<comp id="451" class="1005" name="level_addr_1_reg_451">
<pin_list>
<pin id="452" dir="0" index="0" bw="8" slack="1"/>
<pin id="453" dir="1" index="1" bw="8" slack="1"/>
</pin_list>
<bind>
<opset="level_addr_1 "/>
</bind>
</comp>

<comp id="459" class="1005" name="icmp_ln25_reg_459">
<pin_list>
<pin id="460" dir="0" index="0" bw="1" slack="4"/>
<pin id="461" dir="1" index="1" bw="1" slack="2147483647"/>
</pin_list>
<bind>
<opset="icmp_ln25 "/>
</bind>
</comp>

<comp id="463" class="1005" name="tmp_reg_463">
<pin_list>
<pin id="464" dir="0" index="0" bw="1" slack="1"/>
<pin id="465" dir="1" index="1" bw="1" slack="1"/>
</pin_list>
<bind>
<opset="tmp "/>
</bind>
</comp>

<comp id="469" class="1005" name="tmp_1_reg_469">
<pin_list>
<pin id="470" dir="0" index="0" bw="1" slack="1"/>
<pin id="471" dir="1" index="1" bw="1" slack="1"/>
</pin_list>
<bind>
<opset="tmp_1 "/>
</bind>
</comp>

<comp id="474" class="1005" name="nodes_0_addr_reg_474">
<pin_list>
<pin id="475" dir="0" index="0" bw="6" slack="1"/>
<pin id="476" dir="1" index="1" bw="6" slack="1"/>
</pin_list>
<bind>
<opset="nodes_0_addr "/>
</bind>
</comp>

<comp id="479" class="1005" name="nodes_1_addr_reg_479">
<pin_list>
<pin id="480" dir="0" index="0" bw="6" slack="1"/>
<pin id="481" dir="1" index="1" bw="6" slack="1"/>
</pin_list>
<bind>
<opset="nodes_1_addr "/>
</bind>
</comp>

<comp id="484" class="1005" name="tmp_begin_reg_484">
<pin_list>
<pin id="485" dir="0" index="0" bw="64" slack="1"/>
<pin id="486" dir="1" index="1" bw="64" slack="1"/>
</pin_list>
<bind>
<opset="tmp_begin "/>
</bind>
</comp>

<comp id="490" class="1005" name="tmp_end_reg_490">
<pin_list>
<pin id="491" dir="0" index="0" bw="64" slack="1"/>
<pin id="492" dir="1" index="1" bw="64" slack="1"/>
</pin_list>
<bind>
<opset="tmp_end "/>
</bind>
</comp>

<comp id="496" class="1005" name="icmp_ln28_reg_496">
<pin_list>
<pin id="497" dir="0" index="0" bw="1" slack="2"/>
<pin id="498" dir="1" index="1" bw="1" slack="2147483647"/>
</pin_list>
<bind>
<opset="icmp_ln28 "/>
</bind>
</comp>

<comp id="500" class="1005" name="targetBlock_reg_500">
<pin_list>
<pin id="501" dir="0" index="0" bw="1" slack="1"/>
<pin id="502" dir="1" index="1" bw="1" slack="1"/>
</pin_list>
<bind>
<opset="targetBlock "/>
</bind>
</comp>

</comp_list>

<net_list>
<net id="83"><net_src comp="14" pin="0"/><net_sink comp="80" pin=0"/></net>

<net id="87"><net_src comp="18" pin="0"/><net_sink comp="84" pin=0"/></net>

<net id="91"><net_src comp="18" pin="0"/><net_sink comp="88" pin=0"/></net>

<net id="96"><net_src comp="16" pin="0"/><net_sink comp="92" pin=0"/></net>

<net id="97"><net_src comp="8" pin="0"/><net_sink comp="92" pin=1"/></net>

<net id="103"><net_src comp="10" pin="0"/><net_sink comp="98" pin=0"/></net>

<net id="104"><net_src comp="38" pin="0"/><net_sink comp="98" pin=1"/></net>

<net id="105"><net_src comp="92" pin="2"/><net_sink comp="98" pin=2"/></net>

<net id="111"><net_src comp="40" pin="0"/><net_sink comp="106" pin=1"/></net>

<net id="112"><net_src comp="98" pin="3"/><net_sink comp="106" pin=0"/></net>

<net id="118"><net_src comp="12" pin="0"/><net_sink comp="113" pin=0"/></net>

<net id="119"><net_src comp="38" pin="0"/><net_sink comp="113" pin=1"/></net>

<net id="120"><net_src comp="38" pin="0"/><net_sink comp="113" pin=2"/></net>

<net id="126"><net_src comp="18" pin="0"/><net_sink comp="121" pin=1"/></net>

<net id="127"><net_src comp="113" pin="3"/><net_sink comp="121" pin=0"/></net>

<net id="133"><net_src comp="10" pin="0"/><net_sink comp="128" pin=0"/></net>

<net id="134"><net_src comp="38" pin="0"/><net_sink comp="128" pin=1"/></net>

<net id="135"><net_src comp="128" pin="3"/><net_sink comp="106" pin=0"/></net>

<net id="141"><net_src comp="12" pin="0"/><net_sink comp="136" pin=0"/></net>

<net id="142"><net_src comp="38" pin="0"/><net_sink comp="136" pin=1"/></net>

<net id="143"><net_src comp="136" pin="3"/><net_sink comp="121" pin=0"/></net>

<net id="149"><net_src comp="0" pin="0"/><net_sink comp="144" pin=0"/></net>

<net id="150"><net_src comp="38" pin="0"/><net_sink comp="144" pin=1"/></net>

<net id="156"><net_src comp="144" pin="3"/><net_sink comp="151" pin=0"/></net>

<net id="162"><net_src comp="2" pin="0"/><net_sink comp="157" pin=0"/></net>

<net id="163"><net_src comp="38" pin="0"/><net_sink comp="157" pin=1"/></net>

<net id="169"><net_src comp="157" pin="3"/><net_sink comp="164" pin=0"/></net>

<net id="173"><net_src comp="38" pin="0"/><net_sink comp="170" pin=0"/></net>

<net id="180"><net_src comp="170" pin="1"/><net_sink comp="174" pin=0"/></net>

<net id="181"><net_src comp="174" pin="4"/><net_sink comp="121" pin=1"/></net>

<net id="182"><net_src comp="174" pin="4"/><net_sink comp="170" pin=0"/></net>

<net id="186"><net_src comp="48" pin="0"/><net_sink comp="183" pin=0"/></net>

<net id="193"><net_src comp="183" pin="1"/><net_sink comp="187" pin=0"/></net>

<net id="194"><net_src comp="187" pin="4"/><net_sink comp="183" pin=0"/></net>

<net id="198"><net_src comp="195" pin="1"/><net_sink comp="174" pin=2"/></net>

<net id="207"><net_src comp="170" pin="1"/><net_sink comp="199" pin=2"/></net>

<net id="208"><net_src comp="170" pin="1"/><net_sink comp="199" pin=4"/></net>

<net id="209"><net_src comp="199" pin="6"/><net_sink comp="195" pin=0"/></net>

<net id="222"><net_src comp="78" pin="0"/><net_sink comp="210" pin=0"/></net>

<net id="223"><net_src comp="170" pin="1"/><net_sink comp="210" pin=1"/></net>

<net id="224"><net_src comp="4" pin="0"/><net_sink comp="210" pin=4"/></net>

<net id="225"><net_src comp="6" pin="0"/><net_sink comp="210" pin=5"/></net>

<net id="226"><net_src comp="10" pin="0"/><net_sink comp="210" pin=6"/></net>

<net id="231"><net_src comp="38" pin="0"/><net_sink comp="227" pin=0"/></net>

<net id="238"><net_src comp="232" pin="1"/><net_sink comp="235" pin=0"/></net>

<net id="243"><net_src comp="232" pin="1"/><net_sink comp="239" pin=0"/></net>

<net id="244"><net_src comp="18" pin="0"/><net_sink comp="239" pin=1"/></net>

<net id="249"><net_src comp="235" pin="1"/><net_sink comp="245" pin=0"/></net>

<net id="250"><net_src comp="46" pin="0"/><net_sink comp="245" pin=1"/></net>

<net id="255"><net_src comp="187" pin="4"/><net_sink comp="251" pin=0"/></net>

<net id="256"><net_src comp="50" pin="0"/><net_sink comp="251" pin=1"/></net>

<net id="261"><net_src comp="187" pin="4"/><net_sink comp="257" pin=0"/></net>

<net id="262"><net_src comp="56" pin="0"/><net_sink comp="257" pin=1"/></net>

<net id="266"><net_src comp="187" pin="4"/><net_sink comp="263" pin=0"/></net>

<net id="267"><net_src comp="263" pin="1"/><net_sink comp="128" pin=2"/></net>

<net id="272"><net_src comp="174" pin="4"/><net_sink comp="268" pin=0"/></net>

<net id="273"><net_src comp="38" pin="0"/><net_sink comp="268" pin=1"/></net>

<net id="281"><net_src comp="183" pin="1"/><net_sink comp="278" pin=0"/></net>

<net id="285"><net_src comp="106" pin="3"/><net_sink comp="282" pin=0"/></net>

<net id="289"><net_src comp="282" pin="1"/><net_sink comp="286" pin=0"/></net>

<net id="294"><net_src comp="286" pin="1"/><net_sink comp="290" pin=0"/></net>

<net id="300"><net_src comp="60" pin="0"/><net_sink comp="295" pin=0"/></net>

<net id="301"><net_src comp="183" pin="1"/><net_sink comp="295" pin=1"/></net>

<net id="302"><net_src comp="62" pin="0"/><net_sink comp="295" pin=2"/></net>

<net id="308"><net_src comp="60" pin="0"/><net_sink comp="303" pin=0"/></net>

<net id="309"><net_src comp="183" pin="1"/><net_sink comp="303" pin=1"/></net>

<net id="310"><net_src comp="64" pin="0"/><net_sink comp="303" pin=2"/></net>

<net id="314"><net_src comp="278" pin="1"/><net_sink comp="311" pin=0"/></net>

<net id="315"><net_src comp="311" pin="1"/><net_sink comp="144" pin=2"/></net>

<net id="316"><net_src comp="311" pin="1"/><net_sink comp="157" pin=2"/></net>

<net id="322"><net_src comp="66" pin="0"/><net_sink comp="317" pin=0"/></net>

<net id="323"><net_src comp="68" pin="0"/><net_sink comp="317" pin=2"/></net>

<net id="327"><net_src comp="317" pin="3"/><net_sink comp="324" pin=0"/></net>

<net id="332"><net_src comp="151" pin="3"/><net_sink comp="328" pin=0"/></net>

<net id="333"><net_src comp="324" pin="1"/><net_sink comp="328" pin=1"/></net>

<net id="337"><net_src comp="328" pin="2"/><net_sink comp="334" pin=0"/></net>

<net id="341"><net_src comp="317" pin="3"/><net_sink comp="338" pin=0"/></net>

<net id="346"><net_src comp="164" pin="3"/><net_sink comp="342" pin=0"/></net>

<net id="347"><net_src comp="338" pin="1"/><net_sink comp="342" pin=1"/></net>

<net id="351"><net_src comp="342" pin="2"/><net_sink comp="348" pin=0"/></net>

<net id="358"><net_src comp="70" pin="0"/><net_sink comp="352" pin=0"/></net>

<net id="359"><net_src comp="334" pin="1"/><net_sink comp="352" pin=1"/></net>

<net id="360"><net_src comp="348" pin="1"/><net_sink comp="352" pin=2"/></net>

<net id="367"><net_src comp="72" pin="0"/><net_sink comp="361" pin=0"/></net>

<net id="368"><net_src comp="328" pin="2"/><net_sink comp="361" pin=1"/></net>

<net id="369"><net_src comp="74" pin="0"/><net_sink comp="361" pin=2"/></net>

<net id="370"><net_src comp="76" pin="0"/><net_sink comp="361" pin=3"/></net>

<net id="377"><net_src comp="72" pin="0"/><net_sink comp="371" pin=0"/></net>

<net id="378"><net_src comp="342" pin="2"/><net_sink comp="371" pin=1"/></net>

<net id="379"><net_src comp="74" pin="0"/><net_sink comp="371" pin=2"/></net>

<net id="380"><net_src comp="76" pin="0"/><net_sink comp="371" pin=3"/></net>

<net id="387"><net_src comp="70" pin="0"/><net_sink comp="381" pin=0"/></net>

<net id="388"><net_src comp="361" pin="4"/><net_sink comp="381" pin=1"/></net>

<net id="389"><net_src comp="371" pin="4"/><net_sink comp="381" pin=2"/></net>

<net id="405"><net_src comp="394" pin="1"/><net_sink comp="400" pin=1"/></net>

<net id="406"><net_src comp="397" pin="1"/><net_sink comp="400" pin=2"/></net>

<net id="407"><net_src comp="400" pin="3"/><net_sink comp="199" pin=0"/></net>

<net id="411"><net_src comp="80" pin="1"/><net_sink comp="408" pin=0"/></net>

<net id="412"><net_src comp="408" pin="1"/><net_sink comp="227" pin=1"/></net>

<net id="413"><net_src comp="408" pin="1"/><net_sink comp="232" pin=0"/></net>

<net id="414"><net_src comp="408" pin="1"/><net_sink comp="274" pin=1"/></net>

<net id="418"><net_src comp="84" pin="1"/><net_sink comp="415" pin=0"/></net>

<net id="419"><net_src comp="415" pin="1"/><net_sink comp="210" pin=9"/></net>

<net id="420"><net_src comp="415" pin="1"/><net_sink comp="397" pin=0"/></net>

<net id="424"><net_src comp="88" pin="1"/><net_sink comp="421" pin=0"/></net>

<net id="425"><net_src comp="421" pin="1"/><net_sink comp="210" pin=8"/></net>

<net id="426"><net_src comp="421" pin="1"/><net_sink comp="394" pin=0"/></net>

<net id="430"><net_src comp="232" pin="1"/><net_sink comp="427" pin=0"/></net>

<net id="431"><net_src comp="427" pin="1"/><net_sink comp="290" pin=1"/></net>

<net id="435"><net_src comp="239" pin="2"/><net_sink comp="432" pin=0"/></net>

<net id="436"><net_src comp="432" pin="1"/><net_sink comp="136" pin=2"/></net>

<net id="437"><net_src comp="432" pin="1"/><net_sink comp="274" pin=0"/></net>

<net id="441"><net_src comp="245" pin="2"/><net_sink comp="438" pin=0"/></net>

<net id="442"><net_src comp="438" pin="1"/><net_sink comp="210" pin=7"/></net>

<net id="449"><net_src comp="257" pin="2"/><net_sink comp="446" pin=0"/></net>

<net id="450"><net_src comp="446" pin="1"/><net_sink comp="187" pin=2"/></net>

<net id="454"><net_src comp="128" pin="3"/><net_sink comp="451" pin=0"/></net>

<net id="455"><net_src comp="451" pin="1"/><net_sink comp="106" pin=0"/></net>

<net id="462"><net_src comp="290" pin="2"/><net_sink comp="459" pin=0"/></net>

<net id="466"><net_src comp="295" pin="3"/><net_sink comp="463" pin=0"/></net>

<net id="467"><net_src comp="463" pin="1"/><net_sink comp="352" pin=3"/></net>

<net id="468"><net_src comp="463" pin="1"/><net_sink comp="381" pin=3"/></net>

<net id="472"><net_src comp="303" pin="3"/><net_sink comp="469" pin=0"/></net>

<net id="473"><net_src comp="469" pin="1"/><net_sink comp="317" pin=1"/></net>

<net id="477"><net_src comp="144" pin="3"/><net_sink comp="474" pin=0"/></net>

<net id="478"><net_src comp="474" pin="1"/><net_sink comp="151" pin=0"/></net>

<net id="482"><net_src comp="157" pin="3"/><net_sink comp="479" pin=0"/></net>

<net id="483"><net_src comp="479" pin="1"/><net_sink comp="164" pin=0"/></net>

<net id="487"><net_src comp="352" pin="4"/><net_sink comp="484" pin=0"/></net>

<net id="488"><net_src comp="484" pin="1"/><net_sink comp="390" pin=0"/></net>

<net id="489"><net_src comp="484" pin="1"/><net_sink comp="210" pin=2"/></net>

<net id="493"><net_src comp="381" pin="4"/><net_sink comp="490" pin=0"/></net>

<net id="494"><net_src comp="490" pin="1"/><net_sink comp="390" pin=1"/></net>

<net id="495"><net_src comp="490" pin="1"/><net_sink comp="210" pin=3"/></net>

<net id="499"><net_src comp="390" pin="2"/><net_sink comp="496" pin=0"/></net>

<net id="503"><net_src comp="210" pin="10"/><net_sink comp="500" pin=0"/></net>

<net id="504"><net_src comp="500" pin="1"/><net_sink comp="400" pin=0"/></net>

</net_list>

</model> 
---------------- Datapath Model END ------------------

* FSMD analyzer results:
  - Output states:
	Port: level | {1 6 7 }
	Port: level_counts | {1 3 }
 - Input state : 
	Port: bfs : nodes_0 | {4 5 }
	Port: bfs : nodes_1 | {4 5 }
	Port: bfs : edges_0 | {6 7 }
	Port: bfs : edges_1 | {6 7 }
	Port: bfs : starting_node | {1 }
	Port: bfs : level | {3 4 6 7 }
  - Chain level:
	State 1
		store_ln18 : 1
		store_ln19 : 1
		store_ln21 : 1
	State 2
		trunc_ln21 : 1
		add_ln21 : 1
		empty : 2
	State 3
		icmp_ln24 : 1
		n_1 : 1
		br_ln24 : 2
		zext_ln24 : 1
		level_addr_1 : 2
		level_load : 3
		store_ln39 : 1
		icmp_ln39 : 1
		br_ln39 : 2
	State 4
		sext_ln25 : 1
		zext_ln25 : 2
		icmp_ln25 : 3
		br_ln25 : 4
		zext_ln26 : 1
		nodes_0_addr : 2
		nodes_0_load : 3
		nodes_1_addr : 2
		nodes_1_load : 3
	State 5
		zext_ln26_1 : 1
		lshr_ln26 : 2
		trunc_ln26 : 3
		zext_ln26_2 : 1
		lshr_ln26_1 : 2
		trunc_ln26_1 : 3
		tmp_begin : 4
		trunc_ln2 : 3
		trunc_ln27_1 : 3
		tmp_end : 4
	State 6
		br_ln28 : 1
	State 7
	State 8
		select_ln28 : 1
		cnt_1 : 2


============================================================
+ Verbose Summary: Datapath Resource usage 
============================================================

* Functional unit list:
|----------|----------------------------------------|---------|---------|---------|
| Operation|             Functional Unit            |  Delay  |    FF   |   LUT   |
|----------|----------------------------------------|---------|---------|---------|
|   lshr   |            lshr_ln26_fu_328            |    0    |    0    |   950   |
|          |           lshr_ln26_1_fu_342           |    0    |    0    |   950   |
|----------|----------------------------------------|---------|---------|---------|
|   call   | grp_bfs_Pipeline_loop_neighbors_fu_210 | 4.23414 |   584   |   441   |
|----------|----------------------------------------|---------|---------|---------|
|          |             add_ln21_fu_239            |    0    |    0    |    71   |
|    add   |              empty_fu_245              |    0    |    0    |    15   |
|          |               n_1_fu_257               |    0    |    0    |    16   |
|----------|----------------------------------------|---------|---------|---------|
|          |            icmp_ln24_fu_251            |    0    |    0    |    11   |
|   icmp   |            icmp_ln39_fu_268            |    0    |    0    |    29   |
|          |            icmp_ln25_fu_290            |    0    |    0    |    29   |
|          |            icmp_ln28_fu_390            |    0    |    0    |    29   |
|----------|----------------------------------------|---------|---------|---------|
|  select  |           select_ln28_fu_400           |    0    |    0    |    64   |
|----------|----------------------------------------|---------|---------|---------|
|    mux   |            tmp_begin_fu_352            |    0    |    0    |    9    |
|          |             tmp_end_fu_381             |    0    |    0    |    9    |
|----------|----------------------------------------|---------|---------|---------|
|   read   |      starting_node_read_read_fu_92     |    0    |    0    |    0    |
|----------|----------------------------------------|---------|---------|---------|
|          |            trunc_ln21_fu_235           |    0    |    0    |    0    |
|   trunc  |            trunc_ln24_fu_278           |    0    |    0    |    0    |
|          |            trunc_ln26_fu_334           |    0    |    0    |    0    |
|          |           trunc_ln26_1_fu_348          |    0    |    0    |    0    |
|----------|----------------------------------------|---------|---------|---------|
|          |            zext_ln24_fu_263            |    0    |    0    |    0    |
|          |            zext_ln25_fu_286            |    0    |    0    |    0    |
|   zext   |            zext_ln26_fu_311            |    0    |    0    |    0    |
|          |           zext_ln26_1_fu_324           |    0    |    0    |    0    |
|          |           zext_ln26_2_fu_338           |    0    |    0    |    0    |
|----------|----------------------------------------|---------|---------|---------|
|   sext   |            sext_ln25_fu_282            |    0    |    0    |    0    |
|----------|----------------------------------------|---------|---------|---------|
| bitselect|               tmp_fu_295               |    0    |    0    |    0    |
|          |              tmp_1_fu_303              |    0    |    0    |    0    |
|----------|----------------------------------------|---------|---------|---------|
|bitconcatenate|              and_ln_fu_317             |    0    |    0    |    0    |
|----------|----------------------------------------|---------|---------|---------|
|partselect|            trunc_ln2_fu_361            |    0    |    0    |    0    |
|          |           trunc_ln27_1_fu_371          |    0    |    0    |    0    |
|----------|----------------------------------------|---------|---------|---------|
|   Total  |                                        | 4.23414 |   584   |   2623  |
|----------|----------------------------------------|---------|---------|---------|

Memories:
N/A

* Register list:
+--------------------+--------+
|                    |   FF   |
+--------------------+--------+
|  add_ln21_reg_432  |   64   |
| cnt_1_0_loc_reg_421|   64   |
|    cnt_1_reg_195   |   64   |
| cnt_2_0_loc_reg_415|   64   |
|     cnt_reg_170    |   64   |
|    empty_reg_438   |    8   |
|  horizon_1_reg_427 |   64   |
|   horizon_reg_408  |   64   |
|  icmp_ln25_reg_459 |    1   |
|  icmp_ln28_reg_496 |    1   |
|level_addr_1_reg_451|    8   |
|     n_1_reg_446    |    9   |
|      n_reg_183     |    9   |
|nodes_0_addr_reg_474|    6   |
|nodes_1_addr_reg_479|    6   |
| targetBlock_reg_500|    1   |
|    tmp_1_reg_469   |    1   |
|  tmp_begin_reg_484 |   64   |
|   tmp_end_reg_490  |   64   |
|     tmp_reg_463    |    1   |
+--------------------+--------+
|        Total       |   627  |
+--------------------+--------+

* Multiplexer (MUX) list: 
|-------------------|------|------|------|--------||---------||---------|
|        Comp       |  Pin | Size |  BW  | S x BW ||  Delay  ||   LUT   |
|-------------------|------|------|------|--------||---------||---------|
| grp_access_fu_106 |  p0  |   3  |   8  |   24   ||    13   |
| grp_access_fu_121 |  p0  |   2  |   4  |    8   ||    9    |
| grp_access_fu_121 |  p1  |   2  |  64  |   128  ||    9    |
| grp_access_fu_151 |  p0  |   2  |   6  |   12   ||    9    |
| grp_access_fu_164 |  p0  |   2  |   6  |   12   ||    9    |
|    cnt_reg_170    |  p0  |   2  |  64  |   128  ||    9    |
|     n_reg_183     |  p0  |   2  |   9  |   18   ||    9    |
|-------------------|------|------|------|--------||---------||---------|
|       Total       |      |      |      |   330  || 5.92214 ||    67   |
|-------------------|------|------|------|--------||---------||---------|



* Summary:
+-----------+--------+--------+--------+
|           |  Delay |   FF   |   LUT  |
+-----------+--------+--------+--------+
|  Function |    4   |   584  |  2623  |
|   Memory  |    -   |    -   |    -   |
|Multiplexer|    5   |    -   |   67   |
|  Register |    -   |   627  |    -   |
+-----------+--------+--------+--------+
|   Total   |   10   |  1211  |  2690  |
+-----------+--------+--------+--------+
