

================================================================
== Vitis HLS Report for 'bfs'
================================================================
* Date:           Mon Mar 10 00:20:33 2025

* Version:        2022.1 (Build 3526262 on Mon Apr 18 15:47:01 MDT 2022)
* Project:        bfs_random_prj_p1
* Solution:       solution (Vivado IP Flow Target)
* Product family: virtex7
* Target device:  xc7vx485t-ffg1761-2


================================================================
== Performance Estimates
================================================================
+ Timing: 
    * Summary: 
    +--------+----------+----------+------------+
    |  Clock |  Target  | Estimated| Uncertainty|
    +--------+----------+----------+------------+
    |ap_clk  |  10.00 ns|  6.539 ns|     2.70 ns|
    +--------+----------+----------+------------+

+ Latency: 
    * Summary: 
    +---------+---------+----------+----------+-----+-----+---------+
    |  Latency (cycles) |  Latency (absolute) |  Interval | Pipeline|
    |   min   |   max   |    min   |    max   | min | max |   Type  |
    +---------+---------+----------+----------+-----+-----+---------+
    |        ?|        ?|         ?|         ?|    ?|    ?|       no|
    +---------+---------+----------+----------+-----+-----+---------+

    + Detail: 
        * Instance: 
        N/A

        * Loop: 
        +---------------------+---------+---------+----------+-----------+-----------+------+----------+
        |                     |  Latency (cycles) | Iteration|  Initiation Interval  | Trip |          |
        |      Loop Name      |   min   |   max   |  Latency |  achieved |   target  | Count| Pipelined|
        +---------------------+---------+---------+----------+-----------+-----------+------+----------+
        |- loop_horizons      |        ?|        ?|         ?|          -|          -|     ?|        no|
        | + loop_nodes        |        ?|        ?|         ?|          -|          -|   256|        no|
        |  ++ loop_neighbors  |        ?|        ?|         7|          -|          -|     ?|        no|
        +---------------------+---------+---------+----------+-----------+-----------+------+----------+



================================================================
== Utilization Estimates
================================================================
* Summary: 
+-----------------+---------+------+--------+--------+-----+
|       Name      | BRAM_18K|  DSP |   FF   |   LUT  | URAM|
+-----------------+---------+------+--------+--------+-----+
|DSP              |        -|     -|       -|       -|    -|
|Expression       |        -|     -|       0|    2743|    -|
|FIFO             |        -|     -|       -|       -|    -|
|Instance         |        -|     -|       0|      18|    -|
|Memory           |        -|     -|       -|       -|    -|
|Multiplexer      |        -|     -|       -|     265|    -|
|Register         |        -|     -|     795|       -|    -|
+-----------------+---------+------+--------+--------+-----+
|Total            |        0|     0|     795|    3026|    0|
+-----------------+---------+------+--------+--------+-----+
|Available        |     2060|  2800|  607200|  303600|    0|
+-----------------+---------+------+--------+--------+-----+
|Utilization (%)  |        0|     0|      ~0|      ~0|    0|
+-----------------+---------+------+--------+--------+-----+

+ Detail: 
    * Instance: 
    +-------------------+----------------+---------+----+---+----+-----+
    |      Instance     |     Module     | BRAM_18K| DSP| FF| LUT| URAM|
    +-------------------+----------------+---------+----+---+----+-----+
    |mux_253_64_1_1_U1  |mux_253_64_1_1  |        0|   0|  0|   9|    0|
    |mux_253_64_1_1_U2  |mux_253_64_1_1  |        0|   0|  0|   9|    0|
    +-------------------+----------------+---------+----+---+----+-----+
    |Total              |                |        0|   0|  0|  18|    0|
    +-------------------+----------------+---------+----+---+----+-----+

    * DSP: 
    N/A

    * Memory: 
    N/A

    * FIFO: 
    N/A

    * Expression: 
    +-------------------------+----------+----+---+-----+------------+------------+
    |      Variable Name      | Operation| DSP| FF| LUT | Bitwidth P0| Bitwidth P1|
    +-------------------------+----------+----+---+-----+------------+------------+
    |add_ln21_cast_fu_421_p2  |         +|   0|  0|   13|           4|           1|
    |add_ln21_fu_415_p2       |         +|   0|  0|   71|          64|           1|
    |add_ln28_1_fu_915_p2     |         +|   0|  0|   71|          64|           2|
    |add_ln28_2_fu_737_p2     |         +|   0|  0|   17|          10|           1|
    |add_ln28_3_fu_746_p2     |         +|   0|  0|   18|          11|           1|
    |add_ln28_fu_731_p2       |         +|   0|  0|   71|          64|           1|
    |add_ln34_1_fu_908_p2     |         +|   0|  0|   71|          64|           1|
    |add_ln34_fu_724_p2       |         +|   0|  0|   71|          64|           1|
    |empty_fu_427_p2          |         +|   0|  0|   15|           8|           1|
    |n_1_fu_443_p2            |         +|   0|  0|   16|           9|           1|
    |and_ln18_fu_397_p2       |       and|   0|  0|   16|          16|          16|
    |and_ln33_1_fu_886_p2     |       and|   0|  0|   16|          16|          16|
    |and_ln33_fu_702_p2       |       and|   0|  0|   16|          16|          16|
    |and_ln39_fu_493_p2       |       and|   0|  0|    2|           1|           1|
    |icmp_ln21_fu_488_p2      |      icmp|   0|  0|   29|          64|           4|
    |icmp_ln24_fu_437_p2      |      icmp|   0|  0|   11|           9|          10|
    |icmp_ln25_fu_537_p2      |      icmp|   0|  0|   29|          64|          64|
    |icmp_ln28_1_fu_562_p2    |      icmp|   0|  0|   29|          64|          64|
    |icmp_ln28_2_fu_752_p2    |      icmp|   0|  0|   29|          64|          64|
    |icmp_ln28_fu_556_p2      |      icmp|   0|  0|   29|          64|          64|
    |icmp_ln32_1_fu_864_p2    |      icmp|   0|  0|   11|           8|           7|
    |icmp_ln32_fu_680_p2      |      icmp|   0|  0|   11|           8|           7|
    |icmp_ln39_fu_482_p2      |      icmp|   0|  0|   29|          64|           1|
    |lshr_ln25_fu_519_p2      |      lshr|   0|  0|   35|          16|          16|
    |lshr_ln29_1_fu_621_p2    |      lshr|   0|  0|  423|         128|         128|
    |lshr_ln29_3_fu_792_p2    |      lshr|   0|  0|  423|         128|         128|
    |lshr_ln29_4_fu_806_p2    |      lshr|   0|  0|  423|         128|         128|
    |lshr_ln29_fu_607_p2      |      lshr|   0|  0|  423|         128|         128|
    |lshr_ln30_2_fu_854_p2    |      lshr|   0|  0|   35|          16|          16|
    |lshr_ln30_fu_670_p2      |      lshr|   0|  0|   35|          16|          16|
    |or_ln33_1_fu_901_p2      |        or|   0|  0|   16|          16|          16|
    |or_ln33_fu_717_p2        |        or|   0|  0|   16|          16|          16|
    |shl_ln18_fu_385_p2       |       shl|   0|  0|   35|           8|          16|
    |shl_ln33_1_fu_711_p2     |       shl|   0|  0|   35|          16|          16|
    |shl_ln33_2_fu_874_p2     |       shl|   0|  0|   35|           8|          16|
    |shl_ln33_3_fu_895_p2     |       shl|   0|  0|   35|          16|          16|
    |shl_ln33_fu_690_p2       |       shl|   0|  0|   35|           8|          16|
    |xor_ln18_fu_391_p2       |       xor|   0|  0|   16|          16|           2|
    |xor_ln33_1_fu_880_p2     |       xor|   0|  0|   16|          16|           2|
    |xor_ln33_fu_696_p2       |       xor|   0|  0|   16|          16|           2|
    +-------------------------+----------+----+---+-----+------------+------------+
    |Total                    |          |   0|  0| 2743|        1516|        1023|
    +-------------------------+----------+----+---+-----+------------+------------+

    * Multiplexer: 
    +----------------------------------+----+-----------+-----+-----------+
    |               Name               | LUT| Input Size| Bits| Total Bits|
    +----------------------------------+----+-----------+-----+-----------+
    |ap_NS_fsm                         |  65|         16|    1|         16|
    |ap_phi_mux_cnt_2_0_phi_fu_302_p4  |  13|          3|   64|        192|
    |ap_phi_mux_cnt_2_1_phi_fu_314_p4  |  13|          3|   64|        192|
    |cnt_1_0_reg_278                   |   9|          2|   64|        128|
    |cnt_1_ph_reg_322                  |   9|          2|   64|        128|
    |cnt_1_reg_334                     |   9|          2|   64|        128|
    |cnt_2_0_reg_299                   |   9|          2|   64|        128|
    |cnt_reg_252                       |   9|          2|   64|        128|
    |e_1_0_reg_289                     |   9|          2|   64|        128|
    |edges_0_address0                  |  13|          3|   10|         30|
    |edges_1_address0                  |  13|          3|   10|         30|
    |horizon_fu_114                    |   9|          2|   64|        128|
    |level_address0                    |  33|          8|    7|         56|
    |level_counts_0_address0           |  13|          3|    3|          9|
    |level_counts_0_d0                 |  13|          3|   64|        192|
    |level_d0                          |  17|          4|   16|         64|
    |n_reg_266                         |   9|          2|    9|         18|
    +----------------------------------+----+-----------+-----+-----------+
    |Total                             | 265|         62|  696|       1695|
    +----------------------------------+----+-----------+-----+-----------+

    * Register: 
    +-----------------------+----+----+-----+-----------+
    |          Name         | FF | LUT| Bits| Const Bits|
    +-----------------------+----+----+-----+-----------+
    |add_ln21_cast_reg_949  |   4|   0|    4|          0|
    |add_ln21_reg_943       |  64|   0|   64|          0|
    |ap_CS_fsm              |  15|   0|   15|          0|
    |cnt_1_0_reg_278        |  64|   0|   64|          0|
    |cnt_1_ph_reg_322       |  64|   0|   64|          0|
    |cnt_1_reg_334          |  64|   0|   64|          0|
    |cnt_2_0_reg_299        |  64|   0|   64|          0|
    |cnt_reg_252            |  64|   0|   64|          0|
    |e_1_0_reg_289          |  64|   0|   64|          0|
    |empty_reg_954          |   8|   0|    8|          0|
    |horizon_1_reg_938      |  64|   0|   64|          0|
    |horizon_fu_114         |  64|   0|   64|          0|
    |level_addr_2_reg_1034  |   7|   0|    7|          0|
    |level_addr_3_reg_1075  |   7|   0|    7|          0|
    |level_addr_reg_933     |   7|   0|    7|          0|
    |lshr_ln29_2_reg_1045   |  53|   0|   53|          0|
    |lshr_ln30_1_reg_1070   |   7|   0|    7|          0|
    |lshr_ln4_reg_1029      |   7|   0|    7|          0|
    |n_1_reg_968            |   9|   0|    9|          0|
    |n_reg_266              |   9|   0|    9|          0|
    |tmp_1_reg_1050         |   1|   0|    1|          0|
    |tmp_end_reg_997        |  64|   0|   64|          0|
    |trunc_ln28_reg_1009    |  10|   0|   10|          0|
    |trunc_ln30_2_reg_1065  |   1|   0|    1|          0|
    |trunc_ln30_reg_1024    |   1|   0|    1|          0|
    |zext_ln24_reg_960      |   9|   0|   64|         55|
    +-----------------------+----+----+-----+-----------+
    |Total                  | 795|   0|  850|         55|
    +-----------------------+----+----+-----+-----------+



================================================================
== Interface
================================================================
* Summary: 
+-------------------------+-----+-----+------------+----------------+--------------+
|        RTL Ports        | Dir | Bits|  Protocol  |  Source Object |    C Type    |
+-------------------------+-----+-----+------------+----------------+--------------+
|ap_clk                   |   in|    1|  ap_ctrl_hs|             bfs|  return value|
|ap_rst                   |   in|    1|  ap_ctrl_hs|             bfs|  return value|
|ap_start                 |   in|    1|  ap_ctrl_hs|             bfs|  return value|
|ap_done                  |  out|    1|  ap_ctrl_hs|             bfs|  return value|
|ap_idle                  |  out|    1|  ap_ctrl_hs|             bfs|  return value|
|ap_ready                 |  out|    1|  ap_ctrl_hs|             bfs|  return value|
|nodes_address0           |  out|    8|   ap_memory|           nodes|         array|
|nodes_ce0                |  out|    1|   ap_memory|           nodes|         array|
|nodes_q0                 |   in|  128|   ap_memory|           nodes|         array|
|edges_0_address0         |  out|   10|   ap_memory|         edges_0|         array|
|edges_0_ce0              |  out|    1|   ap_memory|         edges_0|         array|
|edges_0_q0               |   in|  128|   ap_memory|         edges_0|         array|
|edges_1_address0         |  out|   10|   ap_memory|         edges_1|         array|
|edges_1_ce0              |  out|    1|   ap_memory|         edges_1|         array|
|edges_1_q0               |   in|  128|   ap_memory|         edges_1|         array|
|starting_node            |   in|   64|     ap_none|   starting_node|        scalar|
|level_address0           |  out|    7|   ap_memory|           level|         array|
|level_ce0                |  out|    1|   ap_memory|           level|         array|
|level_we0                |  out|    1|   ap_memory|           level|         array|
|level_d0                 |  out|   16|   ap_memory|           level|         array|
|level_q0                 |   in|   16|   ap_memory|           level|         array|
|level_counts_0_address0  |  out|    3|   ap_memory|  level_counts_0|         array|
|level_counts_0_ce0       |  out|    1|   ap_memory|  level_counts_0|         array|
|level_counts_0_we0       |  out|    1|   ap_memory|  level_counts_0|         array|
|level_counts_0_d0        |  out|   64|   ap_memory|  level_counts_0|         array|
|level_counts_1_address0  |  out|    3|   ap_memory|  level_counts_1|         array|
|level_counts_1_ce0       |  out|    1|   ap_memory|  level_counts_1|         array|
|level_counts_1_we0       |  out|    1|   ap_memory|  level_counts_1|         array|
|level_counts_1_d0        |  out|   64|   ap_memory|  level_counts_1|         array|
+-------------------------+-----+-----+------------+----------------+--------------+

