

================================================================
== Vitis HLS Report for 'bfs'
================================================================
* Date:           Mon Mar 10 00:15:34 2025

* Version:        2022.1 (Build 3526262 on Mon Apr 18 15:47:01 MDT 2022)
* Project:        bfs_random_prj_p1
* Solution:       solution (Vivado IP Flow Target)
* Product family: virtex7
* Target device:  xc7vx485t-ffg1761-2


================================================================
== Performance Estimates
================================================================
+ Timing: 
    * Summary: 
    +--------+----------+----------+------------+
    |  Clock |  Target  | Estimated| Uncertainty|
    +--------+----------+----------+------------+
    |ap_clk  |  10.00 ns|  7.139 ns|     2.70 ns|
    +--------+----------+----------+------------+

+ Latency: 
    * Summary: 
    +---------+---------+----------+----------+-----+-----+---------+
    |  Latency (cycles) |  Latency (absolute) |  Interval | Pipeline|
    |   min   |   max   |    min   |    max   | min | max |   Type  |
    +---------+---------+----------+----------+-----+-----+---------+
    |        ?|        ?|         ?|         ?|    ?|    ?|       no|
    +---------+---------+----------+----------+-----+-----+---------+

    + Detail: 
        * Instance: 
        N/A

        * Loop: 
        +---------------------+---------+---------+----------+-----------+-----------+------+----------+
        |                     |  Latency (cycles) | Iteration|  Initiation Interval  | Trip |          |
        |      Loop Name      |   min   |   max   |  Latency |  achieved |   target  | Count| Pipelined|
        +---------------------+---------+---------+----------+-----------+-----------+------+----------+
        |- loop_horizons      |        ?|        ?|         ?|          -|          -|     ?|        no|
        | + loop_nodes        |        ?|        ?|         ?|          -|          -|   128|        no|
        |  ++ loop_neighbors  |        ?|        ?|         5|          -|          -|     ?|        no|
        |  ++ loop_neighbors  |        ?|        ?|         5|          -|          -|     ?|        no|
        +---------------------+---------+---------+----------+-----------+-----------+------+----------+



================================================================
== Utilization Estimates
================================================================
* Summary: 
+-----------------+---------+------+--------+--------+-----+
|       Name      | BRAM_18K|  DSP |   FF   |   LUT  | URAM|
+-----------------+---------+------+--------+--------+-----+
|DSP              |        -|     -|       -|       -|    -|
|Expression       |        -|     -|       0|    2341|    -|
|FIFO             |        -|     -|       -|       -|    -|
|Instance         |        -|     6|    1140|     693|    -|
|Memory           |        -|     -|       -|       -|    -|
|Multiplexer      |        -|     -|       -|     676|    -|
|Register         |        -|     -|    1489|       -|    -|
+-----------------+---------+------+--------+--------+-----+
|Total            |        0|     6|    2629|    3710|    0|
+-----------------+---------+------+--------+--------+-----+
|Available        |     2060|  2800|  607200|  303600|    0|
+-----------------+---------+------+--------+--------+-----+
|Utilization (%)  |        0|    ~0|      ~0|       1|    0|
+-----------------+---------+------+--------+--------+-----+

+ Detail: 
    * Instance: 
    +------------------------------+---------------------------+---------+----+-----+-----+-----+
    |           Instance           |           Module          | BRAM_18K| DSP|  FF | LUT | URAM|
    +------------------------------+---------------------------+---------+----+-----+-----+-----+
    |mul_64ns_66ns_68_2_1_U7       |mul_64ns_66ns_68_2_1       |        0|   6|  361|  179|    0|
    |mux_21_8_1_1_U1               |mux_21_8_1_1               |        0|   0|    0|    9|    0|
    |mux_253_64_1_1_U3             |mux_253_64_1_1             |        0|   0|    0|    9|    0|
    |mux_253_64_1_1_U5             |mux_253_64_1_1             |        0|   0|    0|    9|    0|
    |mux_257_8_1_1_U4              |mux_257_8_1_1              |        0|   0|    0|    9|    0|
    |mux_257_8_1_1_U6              |mux_257_8_1_1              |        0|   0|    0|    9|    0|
    |urem_64ns_4ns_64_68_seq_1_U2  |urem_64ns_4ns_64_68_seq_1  |        0|   0|  779|  469|    0|
    +------------------------------+---------------------------+---------+----+-----+-----+-----+
    |Total                         |                           |        0|   6| 1140|  693|    0|
    +------------------------------+---------------------------+---------+----+-----+-----+-----+

    * DSP: 
    N/A

    * Memory: 
    N/A

    * FIFO: 
    N/A

    * Expression: 
    +-----------------------+----------+----+---+-----+------------+------------+
    |     Variable Name     | Operation| DSP| FF| LUT | Bitwidth P0| Bitwidth P1|
    +-----------------------+----------+----+---+-----+------------+------------+
    |add_ln21_fu_492_p2     |         +|   0|  0|   71|          64|           1|
    |cnt_4_fu_707_p2        |         +|   0|  0|   71|          64|           1|
    |cnt_7_fu_882_p2        |         +|   0|  0|   71|          64|           1|
    |e_3_fu_713_p2          |         +|   0|  0|   71|          64|           1|
    |e_5_fu_888_p2          |         +|   0|  0|   71|          64|           1|
    |empty_15_fu_498_p2     |         +|   0|  0|   15|           8|           1|
    |n_1_fu_772_p2          |         +|   0|  0|   16|           9|           2|
    |and_ln39_fu_922_p2     |       and|   0|  0|    2|           1|           1|
    |icmp_ln21_fu_917_p2    |      icmp|   0|  0|   29|          64|           4|
    |icmp_ln25_1_fu_727_p2  |      icmp|   0|  0|   29|          64|          64|
    |icmp_ln25_fu_546_p2    |      icmp|   0|  0|   29|          64|          64|
    |icmp_ln28_1_fu_576_p2  |      icmp|   0|  0|   29|          64|          64|
    |icmp_ln28_2_fu_751_p2  |      icmp|   0|  0|   29|          64|          64|
    |icmp_ln28_3_fu_757_p2  |      icmp|   0|  0|   29|          64|          64|
    |icmp_ln28_fu_570_p2    |      icmp|   0|  0|   29|          64|          64|
    |icmp_ln32_1_fu_869_p2  |      icmp|   0|  0|   11|           8|           7|
    |icmp_ln32_fu_694_p2    |      icmp|   0|  0|   11|           8|           7|
    |icmp_ln39_fu_911_p2    |      icmp|   0|  0|   29|          64|           1|
    |lshr_ln29_1_fu_646_p2  |      lshr|   0|  0|  423|         128|         128|
    |lshr_ln29_3_fu_798_p2  |      lshr|   0|  0|  423|         128|         128|
    |lshr_ln29_4_fu_812_p2  |      lshr|   0|  0|  423|         128|         128|
    |lshr_ln29_fu_632_p2    |      lshr|   0|  0|  423|         128|         128|
    |or_ln25_fu_591_p2      |        or|   0|  0|    7|           7|           1|
    +-----------------------+----------+----+---+-----+------------+------------+
    |Total                  |          |   0|  0| 2341|        1385|         925|
    +-----------------------+----------+----+---+-----+------------+------------+

    * Multiplexer: 
    +-------------------------+-----+-----------+-----+-----------+
    |           Name          | LUT | Input Size| Bits| Total Bits|
    +-------------------------+-----+-----------+-----+-----------+
    |ap_NS_fsm                |  416|         86|    1|         86|
    |cnt_1_reg_346            |    9|          2|   64|        128|
    |cnt_2_reg_367            |    9|          2|   64|        128|
    |cnt_3_reg_379            |    9|          2|   64|        128|
    |cnt_5_reg_394            |    9|          2|   64|        128|
    |cnt_6_reg_427            |   13|          3|   64|        192|
    |cnt_8_reg_415            |    9|          2|   64|        128|
    |cnt_reg_320              |    9|          2|   64|        128|
    |e_1_reg_357              |    9|          2|   64|        128|
    |e_4_reg_405              |    9|          2|   64|        128|
    |edges_0_address0         |   13|          3|   10|         30|
    |edges_1_address0         |   13|          3|   10|         30|
    |grp_fu_443_p3            |   13|          3|    1|          3|
    |horizon_fu_114           |    9|          2|   64|        128|
    |level_0_address0         |   33|          8|    7|         56|
    |level_0_d0               |   13|          3|    8|         24|
    |level_1_address0         |   33|          8|    7|         56|
    |level_1_d0               |   13|          3|    8|         24|
    |level_counts_0_address0  |   13|          3|    3|          9|
    |level_counts_0_d0        |   13|          3|   64|        192|
    |n_reg_334                |    9|          2|    9|         18|
    +-------------------------+-----+-----------+-----+-----------+
    |Total                    |  676|        146|  768|       1872|
    +-------------------------+-----+-----------+-----+-----------+

    * Register: 
    +-------------------------+----+----+-----+-----------+
    |           Name          | FF | LUT| Bits| Const Bits|
    +-------------------------+----+----+-----+-----------+
    |add_ln21_reg_945         |  64|   0|   64|          0|
    |ap_CS_fsm                |  85|   0|   85|          0|
    |cnt_1_reg_346            |  64|   0|   64|          0|
    |cnt_2_reg_367            |  64|   0|   64|          0|
    |cnt_3_reg_379            |  64|   0|   64|          0|
    |cnt_5_reg_394            |  64|   0|   64|          0|
    |cnt_6_reg_427            |  64|   0|   64|          0|
    |cnt_8_reg_415            |  64|   0|   64|          0|
    |cnt_reg_320              |  64|   0|   64|          0|
    |e_1_reg_357              |  64|   0|   64|          0|
    |e_3_reg_1064             |  64|   0|   64|          0|
    |e_4_reg_405              |  64|   0|   64|          0|
    |e_5_reg_1151             |  64|   0|   64|          0|
    |empty_15_reg_953         |   8|   0|    8|          0|
    |horizon_fu_114           |  64|   0|   64|          0|
    |icmp_ln25_1_reg_1069     |   1|   0|    1|          0|
    |icmp_ln25_reg_982        |   1|   0|    1|          0|
    |icmp_ln28_2_reg_1088     |   1|   0|    1|          0|
    |icmp_ln28_reg_1001       |   1|   0|    1|          0|
    |level_0_addr_2_reg_1043  |   7|   0|    7|          0|
    |level_0_addr_4_reg_1130  |   7|   0|    7|          0|
    |level_1_addr_2_reg_1048  |   7|   0|    7|          0|
    |level_1_addr_4_reg_1135  |   7|   0|    7|          0|
    |lshr_ln30_1_reg_1125     |  57|   0|   57|          0|
    |lshr_ln3_reg_1038        |  57|   0|   57|          0|
    |n_1_reg_1105             |   9|   0|    9|          0|
    |n_reg_334                |   9|   0|    9|          0|
    |tmp_3_reg_1161           |   1|   0|    1|          0|
    |tmp_4_reg_977            |   1|   0|    1|          0|
    |tmp_dst_1_reg_1120       |  64|   0|   64|          0|
    |tmp_dst_reg_1028         |  64|   0|   64|          0|
    |tmp_end_1_reg_1083       |  64|   0|   64|          0|
    |tmp_end_reg_996          |  64|   0|   64|          0|
    |trunc_ln24_reg_962       |   7|   0|    7|          0|
    |trunc_ln29_2_reg_1033    |   7|   0|    7|          0|
    |trunc_ln29_3_reg_1110    |  64|   0|   64|          0|
    |trunc_ln29_4_reg_1115    |  64|   0|   64|          0|
    +-------------------------+----+----+-----+-----------+
    |Total                    |1489|   0| 1489|          0|
    +-------------------------+----+----+-----+-----------+



================================================================
== Interface
================================================================
* Summary: 
+-------------------------+-----+-----+------------+----------------+--------------+
|        RTL Ports        | Dir | Bits|  Protocol  |  Source Object |    C Type    |
+-------------------------+-----+-----+------------+----------------+--------------+
|ap_clk                   |   in|    1|  ap_ctrl_hs|             bfs|  return value|
|ap_rst                   |   in|    1|  ap_ctrl_hs|             bfs|  return value|
|ap_start                 |   in|    1|  ap_ctrl_hs|             bfs|  return value|
|ap_done                  |  out|    1|  ap_ctrl_hs|             bfs|  return value|
|ap_idle                  |  out|    1|  ap_ctrl_hs|             bfs|  return value|
|ap_ready                 |  out|    1|  ap_ctrl_hs|             bfs|  return value|
|nodes_0_address0         |  out|    7|   ap_memory|         nodes_0|         array|
|nodes_0_ce0              |  out|    1|   ap_memory|         nodes_0|         array|
|nodes_0_q0               |   in|  128|   ap_memory|         nodes_0|         array|
|nodes_1_address0         |  out|    7|   ap_memory|         nodes_1|         array|
|nodes_1_ce0              |  out|    1|   ap_memory|         nodes_1|         array|
|nodes_1_q0               |   in|  128|   ap_memory|         nodes_1|         array|
|edges_0_address0         |  out|   10|   ap_memory|         edges_0|         array|
|edges_0_ce0              |  out|    1|   ap_memory|         edges_0|         array|
|edges_0_q0               |   in|  128|   ap_memory|         edges_0|         array|
|edges_1_address0         |  out|   10|   ap_memory|         edges_1|         array|
|edges_1_ce0              |  out|    1|   ap_memory|         edges_1|         array|
|edges_1_q0               |   in|  128|   ap_memory|         edges_1|         array|
|starting_node            |   in|   64|     ap_none|   starting_node|        scalar|
|level_0_address0         |  out|    7|   ap_memory|         level_0|         array|
|level_0_ce0              |  out|    1|   ap_memory|         level_0|         array|
|level_0_we0              |  out|    1|   ap_memory|         level_0|         array|
|level_0_d0               |  out|    8|   ap_memory|         level_0|         array|
|level_0_q0               |   in|    8|   ap_memory|         level_0|         array|
|level_1_address0         |  out|    7|   ap_memory|         level_1|         array|
|level_1_ce0              |  out|    1|   ap_memory|         level_1|         array|
|level_1_we0              |  out|    1|   ap_memory|         level_1|         array|
|level_1_d0               |  out|    8|   ap_memory|         level_1|         array|
|level_1_q0               |   in|    8|   ap_memory|         level_1|         array|
|level_counts_0_address0  |  out|    3|   ap_memory|  level_counts_0|         array|
|level_counts_0_ce0       |  out|    1|   ap_memory|  level_counts_0|         array|
|level_counts_0_we0       |  out|    1|   ap_memory|  level_counts_0|         array|
|level_counts_0_d0        |  out|   64|   ap_memory|  level_counts_0|         array|
|level_counts_1_address0  |  out|    3|   ap_memory|  level_counts_1|         array|
|level_counts_1_ce0       |  out|    1|   ap_memory|  level_counts_1|         array|
|level_counts_1_we0       |  out|    1|   ap_memory|  level_counts_1|         array|
|level_counts_1_d0        |  out|   64|   ap_memory|  level_counts_1|         array|
+-------------------------+-----+-----+------------+----------------+--------------+

