

================================================================
== Vitis HLS Report for 'bfs'
================================================================
* Date:           Mon Mar 10 00:14:21 2025

* Version:        2022.1 (Build 3526262 on Mon Apr 18 15:47:01 MDT 2022)
* Project:        bfs_random_prj_p1
* Solution:       solution (Vivado IP Flow Target)
* Product family: virtex7
* Target device:  xc7vx485t-ffg1761-2


================================================================
== Performance Estimates
================================================================
+ Timing: 
    * Summary: 
    +--------+----------+----------+------------+
    |  Clock |  Target  | Estimated| Uncertainty|
    +--------+----------+----------+------------+
    |ap_clk  |  10.00 ns|  6.237 ns|     2.70 ns|
    +--------+----------+----------+------------+

+ Latency: 
    * Summary: 
    +---------+---------+----------+----------+-----+-----+---------+
    |  Latency (cycles) |  Latency (absolute) |  Interval | Pipeline|
    |   min   |   max   |    min   |    max   | min | max |   Type  |
    +---------+---------+----------+----------+-----+-----+---------+
    |        ?|        ?|         ?|         ?|    ?|    ?|       no|
    +---------+---------+----------+----------+-----+-----+---------+

    + Detail: 
        * Instance: 
        N/A

        * Loop: 
        +---------------------+---------+---------+----------+-----------+-----------+-------+----------+
        |                     |  Latency (cycles) | Iteration|  Initiation Interval  |  Trip |          |
        |      Loop Name      |   min   |   max   |  Latency |  achieved |   target  | Count | Pipelined|
        +---------------------+---------+---------+----------+-----------+-----------+-------+----------+
        |- loop_horizons      |        ?|        ?|         ?|          -|          -|  1 ~ 5|        no|
        | + loop_nodes        |        ?|        ?|         ?|          -|          -|    128|        no|
        |  ++ loop_neighbors  |        ?|        ?|         4|          -|          -|      ?|        no|
        |  ++ loop_neighbors  |        ?|        ?|         4|          -|          -|      ?|        no|
        | + loop_nodes        |        ?|        ?|         ?|          -|          -|    128|        no|
        |  ++ loop_neighbors  |        ?|        ?|         4|          -|          -|      ?|        no|
        |  ++ loop_neighbors  |        ?|        ?|         3|          -|          -|      ?|        no|
        +---------------------+---------+---------+----------+-----------+-----------+-------+----------+



================================================================
== Utilization Estimates
================================================================
* Summary: 
+-----------------+---------+------+--------+--------+-----+
|       Name      | BRAM_18K|  DSP |   FF   |   LUT  | URAM|
+-----------------+---------+------+--------+--------+-----+
|DSP              |        -|     -|       -|       -|    -|
|Expression       |        -|     -|       0|    1034|    -|
|FIFO             |        -|     -|       -|       -|    -|
|Instance         |        -|     -|       0|      72|    -|
|Memory           |        -|     -|       -|       -|    -|
|Multiplexer      |        -|     -|       -|     577|    -|
|Register         |        -|     -|    1728|       -|    -|
+-----------------+---------+------+--------+--------+-----+
|Total            |        0|     0|    1728|    1683|    0|
+-----------------+---------+------+--------+--------+-----+
|Available        |     2060|  2800|  607200|  303600|    0|
+-----------------+---------+------+--------+--------+-----+
|Utilization (%)  |        0|     0|      ~0|      ~0|    0|
+-----------------+---------+------+--------+--------+-----+

+ Detail: 
    * Instance: 
    +------------------+---------------+---------+----+---+----+-----+
    |     Instance     |     Module    | BRAM_18K| DSP| FF| LUT| URAM|
    +------------------+---------------+---------+----+---+----+-----+
    |mux_21_64_1_1_U1  |mux_21_64_1_1  |        0|   0|  0|   9|    0|
    |mux_21_64_1_1_U3  |mux_21_64_1_1  |        0|   0|  0|   9|    0|
    |mux_21_64_1_1_U5  |mux_21_64_1_1  |        0|   0|  0|   9|    0|
    |mux_21_64_1_1_U7  |mux_21_64_1_1  |        0|   0|  0|   9|    0|
    |mux_21_8_1_1_U2   |mux_21_8_1_1   |        0|   0|  0|   9|    0|
    |mux_21_8_1_1_U4   |mux_21_8_1_1   |        0|   0|  0|   9|    0|
    |mux_21_8_1_1_U6   |mux_21_8_1_1   |        0|   0|  0|   9|    0|
    |mux_21_8_1_1_U8   |mux_21_8_1_1   |        0|   0|  0|   9|    0|
    +------------------+---------------+---------+----+---+----+-----+
    |Total             |               |        0|   0|  0|  72|    0|
    +------------------+---------------+---------+----+---+----+-----+

    * DSP: 
    N/A

    * Memory: 
    N/A

    * FIFO: 
    N/A

    * Expression: 
    +------------------------+----------+----+---+----+------------+------------+
    |      Variable Name     | Operation| DSP| FF| LUT| Bitwidth P0| Bitwidth P1|
    +------------------------+----------+----+---+----+------------+------------+
    |add_ln21_fu_732_p2      |         +|   0|  0|  13|           4|           2|
    |add_ln39_fu_983_p2      |         +|   0|  0|  14|           7|           4|
    |cnt_18_fu_826_p2        |         +|   0|  0|  71|          64|           1|
    |cnt_19_fu_1098_p2       |         +|   0|  0|  71|          64|           1|
    |cnt_20_fu_944_p2        |         +|   0|  0|  71|          64|           1|
    |cnt_21_fu_1216_p2       |         +|   0|  0|  71|          64|           1|
    |e_10_fu_950_p2          |         +|   0|  0|  71|          64|           1|
    |e_11_fu_1223_p2         |         +|   0|  0|  71|          64|           1|
    |e_5_fu_832_p2           |         +|   0|  0|  71|          64|           1|
    |e_8_fu_1104_p2          |         +|   0|  0|  71|          64|           1|
    |n_2_fu_889_p2           |         +|   0|  0|  16|           9|           2|
    |n_3_fu_1161_p2          |         +|   0|  0|  16|           9|           2|
    |icmp_ln21_fu_672_p2     |      icmp|   0|  0|   9|           4|           4|
    |icmp_ln25_1_fu_1013_p2  |      icmp|   0|  0|  11|           8|           8|
    |icmp_ln25_2_fu_838_p2   |      icmp|   0|  0|  11|           8|           8|
    |icmp_ln25_3_fu_1110_p2  |      icmp|   0|  0|  11|           8|           8|
    |icmp_ln25_fu_741_p2     |      icmp|   0|  0|  11|           8|           8|
    |icmp_ln28_1_fu_756_p2   |      icmp|   0|  0|  29|          64|          64|
    |icmp_ln28_2_fu_1022_p2  |      icmp|   0|  0|  29|          64|          64|
    |icmp_ln28_3_fu_862_p2   |      icmp|   0|  0|  29|          64|          64|
    |icmp_ln28_4_fu_1028_p2  |      icmp|   0|  0|  29|          64|          64|
    |icmp_ln28_5_fu_868_p2   |      icmp|   0|  0|  29|          64|          64|
    |icmp_ln28_6_fu_1134_p2  |      icmp|   0|  0|  29|          64|          64|
    |icmp_ln28_7_fu_1140_p2  |      icmp|   0|  0|  29|          64|          64|
    |icmp_ln28_fu_750_p2     |      icmp|   0|  0|  29|          64|          64|
    |icmp_ln32_1_fu_1092_p2  |      icmp|   0|  0|  11|           8|           7|
    |icmp_ln32_2_fu_938_p2   |      icmp|   0|  0|  11|           8|           7|
    |icmp_ln32_3_fu_1210_p2  |      icmp|   0|  0|  11|           8|           7|
    |icmp_ln32_fu_820_p2     |      icmp|   0|  0|  11|           8|           7|
    |icmp_ln39_1_fu_1003_p2  |      icmp|   0|  0|  29|          64|           1|
    |icmp_ln39_fu_726_p2     |      icmp|   0|  0|  29|          64|           1|
    |conv20_fu_678_p2        |        or|   0|  0|   4|           4|           1|
    |or_ln26_1_fu_1119_p2    |        or|   0|  0|   8|           8|           1|
    |or_ln26_fu_847_p2       |        or|   0|  0|   8|           8|           1|
    +------------------------+----------+----+---+----+------------+------------+
    |Total                   |          |   0|  0|1034|        1269|         599|
    +------------------------+----------+----+---+----+------------+------------+

    * Multiplexer: 
    +---------------------------------+-----+-----------+-----+-----------+
    |               Name              | LUT | Input Size| Bits| Total Bits|
    +---------------------------------+-----+-----------+-----+-----------+
    |ap_NS_fsm                        |  147|         30|    1|         30|
    |ap_phi_mux_cnt_17_phi_fu_606_p4  |   13|          3|   64|        192|
    |cnt_11_reg_554                   |    9|          2|   64|        128|
    |cnt_13_reg_581                   |    9|          2|   64|        128|
    |cnt_14_reg_480                   |    9|          2|   64|        128|
    |cnt_15_reg_614                   |   13|          3|   64|        192|
    |cnt_1_reg_508                    |    9|          2|   64|        128|
    |cnt_2_reg_432                    |    9|          2|   64|        128|
    |cnt_3_reg_444                    |    9|          2|   64|        128|
    |cnt_4_reg_411                    |    9|          2|   64|        128|
    |cnt_6_reg_533                    |    9|          2|   64|        128|
    |cnt_7_reg_566                    |    9|          2|   64|        128|
    |cnt_8_reg_459                    |    9|          2|   64|        128|
    |cnt_9_reg_492                    |   13|          3|   64|        192|
    |cnt_reg_386                      |    9|          2|   64|        128|
    |e_1_reg_422                      |    9|          2|   64|        128|
    |e_4_reg_544                      |    9|          2|   64|        128|
    |e_6_reg_470                      |    9|          2|   64|        128|
    |e_9_reg_592                      |    9|          2|   64|        128|
    |edges_0_address0                 |   21|          5|   11|         55|
    |edges_1_address0                 |   21|          5|   11|         55|
    |horizon_fu_110                   |    9|          2|    4|          8|
    |level_0_address0                 |   49|         12|    7|         84|
    |level_0_d0                       |   17|          4|    8|         32|
    |level_1_address0                 |   49|         12|    7|         84|
    |level_1_d0                       |   17|          4|    8|         32|
    |level_counts_address0            |   17|          4|    4|         16|
    |level_counts_d0                  |   17|          4|   64|        256|
    |n_1_reg_521                      |    9|          2|    9|         18|
    |n_reg_399                        |    9|          2|    9|         18|
    |nodes_address0                   |   21|          5|    8|         40|
    +---------------------------------+-----+-----------+-----+-----------+
    |Total                            |  577|        130| 1303|       3224|
    +---------------------------------+-----+-----------+-----+-----------+

    * Register: 
    +-------------------------+----+----+-----+-----------+
    |           Name          | FF | LUT| Bits| Const Bits|
    +-------------------------+----+----+-----+-----------+
    |add_ln21_reg_1293        |   4|   0|    4|          0|
    |ap_CS_fsm                |  29|   0|   29|          0|
    |cnt_11_reg_554           |  64|   0|   64|          0|
    |cnt_13_reg_581           |  64|   0|   64|          0|
    |cnt_14_reg_480           |  64|   0|   64|          0|
    |cnt_15_reg_614           |  64|   0|   64|          0|
    |cnt_1_reg_508            |  64|   0|   64|          0|
    |cnt_2_reg_432            |  64|   0|   64|          0|
    |cnt_3_reg_444            |  64|   0|   64|          0|
    |cnt_4_reg_411            |  64|   0|   64|          0|
    |cnt_6_reg_533            |  64|   0|   64|          0|
    |cnt_7_reg_566            |  64|   0|   64|          0|
    |cnt_8_reg_459            |  64|   0|   64|          0|
    |cnt_9_reg_492            |  64|   0|   64|          0|
    |cnt_reg_386              |  64|   0|   64|          0|
    |conv20_reg_1252          |   3|   0|    4|          1|
    |e_10_reg_1437            |  64|   0|   64|          0|
    |e_1_reg_422              |  64|   0|   64|          0|
    |e_4_reg_544              |  64|   0|   64|          0|
    |e_5_reg_1368             |  64|   0|   64|          0|
    |e_6_reg_470              |  64|   0|   64|          0|
    |e_8_reg_1527             |  64|   0|   64|          0|
    |e_9_reg_592              |  64|   0|   64|          0|
    |horizon_fu_110           |   4|   0|    4|          0|
    |icmp_ln21_reg_1248       |   1|   0|    1|          0|
    |icmp_ln25_1_reg_1463     |   1|   0|    1|          0|
    |icmp_ln25_2_reg_1373     |   1|   0|    1|          0|
    |icmp_ln25_3_reg_1532     |   1|   0|    1|          0|
    |icmp_ln25_reg_1304       |   1|   0|    1|          0|
    |icmp_ln28_2_reg_1482     |   1|   0|    1|          0|
    |icmp_ln28_3_reg_1392     |   1|   0|    1|          0|
    |icmp_ln28_6_reg_1551     |   1|   0|    1|          0|
    |icmp_ln28_reg_1323       |   1|   0|    1|          0|
    |icmp_ln39_reg_1289       |   1|   0|    1|          0|
    |level_0_addr_3_reg_1350  |   7|   0|    7|          0|
    |level_0_addr_4_reg_1509  |   7|   0|    7|          0|
    |level_0_addr_5_reg_1419  |   7|   0|    7|          0|
    |level_0_addr_6_reg_1578  |   7|   0|    7|          0|
    |level_1_addr_1_reg_1355  |   7|   0|    7|          0|
    |level_1_addr_3_reg_1514  |   7|   0|    7|          0|
    |level_1_addr_5_reg_1424  |   7|   0|    7|          0|
    |level_1_addr_6_reg_1583  |   7|   0|    7|          0|
    |n_1_reg_521              |   9|   0|    9|          0|
    |n_2_reg_1409             |   9|   0|    9|          0|
    |n_3_reg_1568             |   9|   0|    9|          0|
    |n_reg_399                |   9|   0|    9|          0|
    |shl_ln_reg_1284          |   3|   0|    7|          4|
    |tmp_end_1_reg_1477       |  64|   0|   64|          0|
    |tmp_end_2_reg_1387       |  64|   0|   64|          0|
    |tmp_end_3_reg_1546       |  64|   0|   64|          0|
    |tmp_end_reg_1318         |  64|   0|   64|          0|
    |trunc_ln29_1_reg_1504    |   1|   0|    1|          0|
    |trunc_ln29_2_reg_1414    |   1|   0|    1|          0|
    |trunc_ln29_3_reg_1573    |   1|   0|    1|          0|
    |trunc_ln29_reg_1345      |   1|   0|    1|          0|
    |zext_ln21_reg_1242       |   4|   0|    8|          4|
    |zext_ln24_1_reg_1266     |   9|   0|   64|         55|
    |zext_ln24_2_reg_1298     |   4|   0|    8|          4|
    |zext_ln24_3_reg_1442     |   9|   0|   64|         55|
    |zext_ln24_reg_1258       |   3|   0|    8|          5|
    |zext_ln25_1_reg_1450     |   7|   0|   64|         57|
    |zext_ln25_reg_1274       |   7|   0|   64|         57|
    +-------------------------+----+----+-----+-----------+
    |Total                    |1728|   0| 1970|        242|
    +-------------------------+----+----+-----+-----------+



================================================================
== Interface
================================================================
* Summary: 
+-----------------------+-----+-----+------------+---------------+--------------+
|       RTL Ports       | Dir | Bits|  Protocol  | Source Object |    C Type    |
+-----------------------+-----+-----+------------+---------------+--------------+
|ap_clk                 |   in|    1|  ap_ctrl_hs|            bfs|  return value|
|ap_rst                 |   in|    1|  ap_ctrl_hs|            bfs|  return value|
|ap_start               |   in|    1|  ap_ctrl_hs|            bfs|  return value|
|ap_done                |  out|    1|  ap_ctrl_hs|            bfs|  return value|
|ap_idle                |  out|    1|  ap_ctrl_hs|            bfs|  return value|
|ap_ready               |  out|    1|  ap_ctrl_hs|            bfs|  return value|
|nodes_address0         |  out|    8|   ap_memory|          nodes|         array|
|nodes_ce0              |  out|    1|   ap_memory|          nodes|         array|
|nodes_q0               |   in|  128|   ap_memory|          nodes|         array|
|edges_0_address0       |  out|   11|   ap_memory|        edges_0|         array|
|edges_0_ce0            |  out|    1|   ap_memory|        edges_0|         array|
|edges_0_q0             |   in|   64|   ap_memory|        edges_0|         array|
|edges_1_address0       |  out|   11|   ap_memory|        edges_1|         array|
|edges_1_ce0            |  out|    1|   ap_memory|        edges_1|         array|
|edges_1_q0             |   in|   64|   ap_memory|        edges_1|         array|
|starting_node          |   in|   64|     ap_none|  starting_node|        scalar|
|level_0_address0       |  out|    7|   ap_memory|        level_0|         array|
|level_0_ce0            |  out|    1|   ap_memory|        level_0|         array|
|level_0_we0            |  out|    1|   ap_memory|        level_0|         array|
|level_0_d0             |  out|    8|   ap_memory|        level_0|         array|
|level_0_q0             |   in|    8|   ap_memory|        level_0|         array|
|level_1_address0       |  out|    7|   ap_memory|        level_1|         array|
|level_1_ce0            |  out|    1|   ap_memory|        level_1|         array|
|level_1_we0            |  out|    1|   ap_memory|        level_1|         array|
|level_1_d0             |  out|    8|   ap_memory|        level_1|         array|
|level_1_q0             |   in|    8|   ap_memory|        level_1|         array|
|level_counts_address0  |  out|    4|   ap_memory|   level_counts|         array|
|level_counts_ce0       |  out|    1|   ap_memory|   level_counts|         array|
|level_counts_we0       |  out|    1|   ap_memory|   level_counts|         array|
|level_counts_d0        |  out|   64|   ap_memory|   level_counts|         array|
+-----------------------+-----+-----+------------+---------------+--------------+

