

================================================================
== Vitis HLS Report for 'bfs'
================================================================
* Date:           Mon Mar 10 00:14:33 2025

* Version:        2022.1 (Build 3526262 on Mon Apr 18 15:47:01 MDT 2022)
* Project:        bfs_random_prj_p1
* Solution:       solution (Vivado IP Flow Target)
* Product family: virtex7
* Target device:  xc7vx485t-ffg1761-2


================================================================
== Performance Estimates
================================================================
+ Timing: 
    * Summary: 
    +--------+----------+----------+------------+
    |  Clock |  Target  | Estimated| Uncertainty|
    +--------+----------+----------+------------+
    |ap_clk  |  10.00 ns|  6.539 ns|     2.70 ns|
    +--------+----------+----------+------------+

+ Latency: 
    * Summary: 
    +---------+---------+----------+----------+-----+-----+---------+
    |  Latency (cycles) |  Latency (absolute) |  Interval | Pipeline|
    |   min   |   max   |    min   |    max   | min | max |   Type  |
    +---------+---------+----------+----------+-----+-----+---------+
    |        ?|        ?|         ?|         ?|    ?|    ?|       no|
    +---------+---------+----------+----------+-----+-----+---------+

    + Detail: 
        * Instance: 
        +-----------------------------------------+------------------------------+---------+---------+----------+----------+-----+-----+---------+
        |                                         |                              |  Latency (cycles) |  Latency (absolute) |  Interval | Pipeline|
        |                 Instance                |            Module            |   min   |   max   |    min   |    max   | min | max |   Type  |
        +-----------------------------------------+------------------------------+---------+---------+----------+----------+-----+-----+---------+
        |grp_bfs_Pipeline_loop_neighbors_fu_371   |bfs_Pipeline_loop_neighbors   |        ?|        ?|         ?|         ?|    ?|    ?|       no|
        |grp_bfs_Pipeline_loop_neighbors1_fu_388  |bfs_Pipeline_loop_neighbors1  |        ?|        ?|         ?|         ?|    ?|    ?|       no|
        |grp_bfs_Pipeline_loop_neighbors2_fu_405  |bfs_Pipeline_loop_neighbors2  |        ?|        ?|         ?|         ?|    ?|    ?|       no|
        |grp_bfs_Pipeline_loop_neighbors3_fu_422  |bfs_Pipeline_loop_neighbors3  |        ?|        ?|         ?|         ?|    ?|    ?|       no|
        +-----------------------------------------+------------------------------+---------+---------+----------+----------+-----+-----+---------+

        * Loop: 
        +-----------------+---------+---------+----------+-----------+-----------+-------+----------+
        |                 |  Latency (cycles) | Iteration|  Initiation Interval  |  Trip |          |
        |    Loop Name    |   min   |   max   |  Latency |  achieved |   target  | Count | Pipelined|
        +-----------------+---------+---------+----------+-----------+-----------+-------+----------+
        |- loop_horizons  |        ?|        ?|         ?|          -|          -|  1 ~ 5|        no|
        | + loop_nodes    |        ?|        ?|         ?|          -|          -|    128|        no|
        | + loop_nodes    |        ?|        ?|         ?|          -|          -|    128|        no|
        +-----------------+---------+---------+----------+-----------+-----------+-------+----------+



================================================================
== Utilization Estimates
================================================================
* Summary: 
+-----------------+---------+------+--------+--------+-----+
|       Name      | BRAM_18K|  DSP |   FF   |   LUT  | URAM|
+-----------------+---------+------+--------+--------+-----+
|DSP              |        -|     -|       -|       -|    -|
|Expression       |        -|     -|       0|     783|    -|
|FIFO             |        -|     -|       -|       -|    -|
|Instance         |        -|     -|    2404|    3408|    -|
|Memory           |        -|     -|       -|       -|    -|
|Multiplexer      |        -|     -|       -|     554|    -|
|Register         |        -|     -|    1343|       -|    -|
+-----------------+---------+------+--------+--------+-----+
|Total            |        0|     0|    3747|    4745|    0|
+-----------------+---------+------+--------+--------+-----+
|Available        |     2060|  2800|  607200|  303600|    0|
+-----------------+---------+------+--------+--------+-----+
|Utilization (%)  |        0|     0|      ~0|       1|    0|
+-----------------+---------+------+--------+--------+-----+

+ Detail: 
    * Instance: 
    +-----------------------------------------+------------------------------+---------+----+-----+-----+-----+
    |                 Instance                |            Module            | BRAM_18K| DSP|  FF | LUT | URAM|
    +-----------------------------------------+------------------------------+---------+----+-----+-----+-----+
    |grp_bfs_Pipeline_loop_neighbors_fu_371   |bfs_Pipeline_loop_neighbors   |        0|   0|  601|  852|    0|
    |grp_bfs_Pipeline_loop_neighbors1_fu_388  |bfs_Pipeline_loop_neighbors1  |        0|   0|  601|  852|    0|
    |grp_bfs_Pipeline_loop_neighbors2_fu_405  |bfs_Pipeline_loop_neighbors2  |        0|   0|  601|  852|    0|
    |grp_bfs_Pipeline_loop_neighbors3_fu_422  |bfs_Pipeline_loop_neighbors3  |        0|   0|  601|  852|    0|
    +-----------------------------------------+------------------------------+---------+----+-----+-----+-----+
    |Total                                    |                              |        0|   0| 2404| 3408|    0|
    +-----------------------------------------+------------------------------+---------+----+-----+-----+-----+

    * DSP: 
    N/A

    * Memory: 
    N/A

    * FIFO: 
    N/A

    * Expression: 
    +-------------------------+----------+----+---+----+------------+------------+
    |      Variable Name      | Operation| DSP| FF| LUT| Bitwidth P0| Bitwidth P1|
    +-------------------------+----------+----+---+----+------------+------------+
    |add_ln21_fu_570_p2       |         +|   0|  0|  13|           4|           2|
    |add_ln39_fu_728_p2       |         +|   0|  0|  14|           7|           4|
    |n_4_fu_705_p2            |         +|   0|  0|  16|           9|           2|
    |n_7_fu_889_p2            |         +|   0|  0|  16|           9|           2|
    |and_ln18_fu_506_p2       |       and|   0|  0|  16|          16|          16|
    |icmp_ln21_fu_516_p2      |      icmp|   0|  0|   9|           4|           4|
    |icmp_ln25_1_fu_797_p2    |      icmp|   0|  0|  11|           8|           8|
    |icmp_ln25_2_fu_676_p2    |      icmp|   0|  0|  11|           8|           8|
    |icmp_ln25_3_fu_859_p2    |      icmp|   0|  0|  11|           8|           8|
    |icmp_ln25_fu_614_p2      |      icmp|   0|  0|  11|           8|           8|
    |icmp_ln28_2_fu_807_p2    |      icmp|   0|  0|  29|          64|          64|
    |icmp_ln28_3_fu_686_p2    |      icmp|   0|  0|  29|          64|          64|
    |icmp_ln28_4_fu_869_p2    |      icmp|   0|  0|  29|          64|          64|
    |icmp_ln28_fu_624_p2      |      icmp|   0|  0|  29|          64|          64|
    |icmp_ln39_1_fu_748_p2    |      icmp|   0|  0|  29|          64|           1|
    |icmp_ln39_fu_564_p2      |      icmp|   0|  0|  29|          64|           1|
    |lshr_ln25_1_fu_666_p2    |      lshr|   0|  0|  35|          16|          16|
    |lshr_ln25_2_fu_787_p2    |      lshr|   0|  0|  35|          16|          16|
    |lshr_ln25_3_fu_849_p2    |      lshr|   0|  0|  35|          16|          16|
    |lshr_ln25_fu_604_p2      |      lshr|   0|  0|  35|          16|          16|
    |conv20_fu_526_p2         |        or|   0|  0|   4|           4|           1|
    |n_2_fu_653_p2            |        or|   0|  0|   8|           8|           1|
    |n_6_fu_836_p2            |        or|   0|  0|   8|           8|           1|
    |or_ln16_1_fu_826_p2      |        or|   0|  0|   7|           7|           1|
    |or_ln16_fu_643_p2        |        or|   0|  0|   7|           7|           1|
    |select_ln28_1_fu_698_p3  |    select|   0|  0|  64|           1|          64|
    |select_ln28_2_fu_819_p3  |    select|   0|  0|  64|           1|          64|
    |select_ln28_3_fu_881_p3  |    select|   0|  0|  64|           1|          64|
    |select_ln28_fu_636_p3    |    select|   0|  0|  64|           1|          64|
    |shl_ln18_fu_494_p2       |       shl|   0|  0|  35|           8|          16|
    |xor_ln18_fu_500_p2       |       xor|   0|  0|  16|          16|           2|
    +-------------------------+----------+----+---+----+------------+------------+
    |Total                    |          |   0|  0| 783|         591|         663|
    +-------------------------+----------+----+---+----+------------+------------+

    * Multiplexer: 
    +--------------------------------+-----+-----------+-----+-----------+
    |              Name              | LUT | Input Size| Bits| Total Bits|
    +--------------------------------+-----+-----------+-----+-----------+
    |ap_NS_fsm                       |  113|         23|    1|         23|
    |ap_phi_mux_cnt_5_phi_fu_360_p6  |    9|          2|   64|        128|
    |cnt_1_reg_317                   |    9|          2|   64|        128|
    |cnt_2_reg_288                   |    9|          2|   64|        128|
    |cnt_3_reg_342                   |    9|          2|   64|        128|
    |cnt_4_reg_302                   |   13|          3|   64|        192|
    |cnt_5_reg_356                   |   13|          3|   64|        192|
    |cnt_reg_263                     |    9|          2|   64|        128|
    |edges_0_address0                |   21|          5|   11|         55|
    |edges_0_address1                |   21|          5|   11|         55|
    |edges_0_ce0                     |   21|          5|    1|          5|
    |edges_0_ce1                     |   21|          5|    1|          5|
    |edges_1_address0                |   21|          5|   11|         55|
    |edges_1_address1                |   21|          5|   11|         55|
    |edges_1_ce0                     |   21|          5|    1|          5|
    |edges_1_ce1                     |   21|          5|    1|          5|
    |horizon_fu_108                  |    9|          2|    4|          8|
    |level_address0                  |   45|         11|    7|         77|
    |level_ce0                       |   25|          6|    1|          6|
    |level_counts_address0           |   17|          4|    4|         16|
    |level_counts_d0                 |   17|          4|   64|        256|
    |level_d0                        |   25|          6|   16|         96|
    |level_we0                       |   25|          6|    1|          6|
    |n_1_reg_330                     |    9|          2|    9|         18|
    |n_reg_276                       |    9|          2|    9|         18|
    |nodes_address0                  |   21|          5|    8|         40|
    +--------------------------------+-----+-----------+-----+-----------+
    |Total                           |  554|        127|  620|       1828|
    +--------------------------------+-----+-----------+-----+-----------+

    * Register: 
    +------------------------------------------------------+----+----+-----+-----------+
    |                         Name                         | FF | LUT| Bits| Const Bits|
    +------------------------------------------------------+----+----+-----+-----------+
    |add_ln21_reg_1009                                     |   4|   0|    4|          0|
    |and_ln1_reg_1021                                      |   1|   0|    4|          3|
    |and_ln25_1_reg_1113                                   |   1|   0|    4|          3|
    |ap_CS_fsm                                             |  22|   0|   22|          0|
    |cnt_10_0_loc_fu_132                                   |  64|   0|   64|          0|
    |cnt_13_0_loc_fu_128                                   |  64|   0|   64|          0|
    |cnt_14_0_loc_fu_116                                   |  64|   0|   64|          0|
    |cnt_17_0_loc_fu_112                                   |  64|   0|   64|          0|
    |cnt_1_reg_317                                         |  64|   0|   64|          0|
    |cnt_2_0_loc_fu_136                                    |  64|   0|   64|          0|
    |cnt_2_reg_288                                         |  64|   0|   64|          0|
    |cnt_3_reg_342                                         |  64|   0|   64|          0|
    |cnt_4_0_loc_fu_140                                    |  64|   0|   64|          0|
    |cnt_4_reg_302                                         |  64|   0|   64|          0|
    |cnt_5_reg_356                                         |  64|   0|   64|          0|
    |cnt_6_0_loc_fu_124                                    |  64|   0|   64|          0|
    |cnt_9_0_loc_fu_120                                    |  64|   0|   64|          0|
    |cnt_reg_263                                           |  64|   0|   64|          0|
    |conv20_reg_973                                        |   3|   0|    4|          1|
    |grp_bfs_Pipeline_loop_neighbors1_fu_388_ap_start_reg  |   1|   0|    1|          0|
    |grp_bfs_Pipeline_loop_neighbors2_fu_405_ap_start_reg  |   1|   0|    1|          0|
    |grp_bfs_Pipeline_loop_neighbors3_fu_422_ap_start_reg  |   1|   0|    1|          0|
    |grp_bfs_Pipeline_loop_neighbors_fu_371_ap_start_reg   |   1|   0|    1|          0|
    |horizon_fu_108                                        |   4|   0|    4|          0|
    |icmp_ln21_reg_963                                     |   1|   0|    1|          0|
    |icmp_ln25_1_reg_1118                                  |   1|   0|    1|          0|
    |icmp_ln25_2_reg_1059                                  |   1|   0|    1|          0|
    |icmp_ln25_3_reg_1151                                  |   1|   0|    1|          0|
    |icmp_ln25_reg_1026                                    |   1|   0|    1|          0|
    |icmp_ln28_2_reg_1132                                  |   1|   0|    1|          0|
    |icmp_ln28_3_reg_1073                                  |   1|   0|    1|          0|
    |icmp_ln28_4_reg_1165                                  |   1|   0|    1|          0|
    |icmp_ln28_reg_1040                                    |   1|   0|    1|          0|
    |icmp_ln39_reg_1005                                    |   1|   0|    1|          0|
    |level_addr_reg_955                                    |   7|   0|    7|          0|
    |n_1_reg_330                                           |   9|   0|    9|          0|
    |n_4_reg_1087                                          |   9|   0|    9|          0|
    |n_reg_276                                             |   9|   0|    9|          0|
    |reg_453                                               |  64|   0|   64|          0|
    |shl_ln_reg_1000                                       |   3|   0|    7|          4|
    |targetBlock2_reg_1077                                 |   1|   0|    1|          0|
    |targetBlock4_reg_1136                                 |   1|   0|    1|          0|
    |targetBlock6_reg_1169                                 |   1|   0|    1|          0|
    |targetBlock_reg_1044                                  |   1|   0|    1|          0|
    |tmp_begin_1_reg_1127                                  |  64|   0|   64|          0|
    |tmp_begin_2_reg_1068                                  |  64|   0|   64|          0|
    |tmp_begin_3_reg_1160                                  |  64|   0|   64|          0|
    |tmp_begin_reg_1035                                    |  64|   0|   64|          0|
    |trunc_ln24_1_reg_1016                                 |   8|   0|    8|          0|
    |trunc_ln24_2_reg_1095                                 |   7|   0|    7|          0|
    |trunc_ln24_3_reg_1108                                 |   8|   0|    8|          0|
    |trunc_ln24_reg_990                                    |   7|   0|    7|          0|
    |zext_ln21_reg_967                                     |   4|   0|    8|          4|
    |zext_ln24_reg_981                                     |   3|   0|    8|          5|
    +------------------------------------------------------+----+----+-----+-----------+
    |Total                                                 |1343|   0| 1363|         20|
    +------------------------------------------------------+----+----+-----+-----------+



================================================================
== Interface
================================================================
* Summary: 
+-----------------------+-----+-----+------------+---------------+--------------+
|       RTL Ports       | Dir | Bits|  Protocol  | Source Object |    C Type    |
+-----------------------+-----+-----+------------+---------------+--------------+
|ap_clk                 |   in|    1|  ap_ctrl_hs|            bfs|  return value|
|ap_rst                 |   in|    1|  ap_ctrl_hs|            bfs|  return value|
|ap_start               |   in|    1|  ap_ctrl_hs|            bfs|  return value|
|ap_done                |  out|    1|  ap_ctrl_hs|            bfs|  return value|
|ap_idle                |  out|    1|  ap_ctrl_hs|            bfs|  return value|
|ap_ready               |  out|    1|  ap_ctrl_hs|            bfs|  return value|
|nodes_address0         |  out|    8|   ap_memory|          nodes|         array|
|nodes_ce0              |  out|    1|   ap_memory|          nodes|         array|
|nodes_q0               |   in|  128|   ap_memory|          nodes|         array|
|edges_0_address0       |  out|   11|   ap_memory|        edges_0|         array|
|edges_0_ce0            |  out|    1|   ap_memory|        edges_0|         array|
|edges_0_q0             |   in|   64|   ap_memory|        edges_0|         array|
|edges_0_address1       |  out|   11|   ap_memory|        edges_0|         array|
|edges_0_ce1            |  out|    1|   ap_memory|        edges_0|         array|
|edges_0_q1             |   in|   64|   ap_memory|        edges_0|         array|
|edges_1_address0       |  out|   11|   ap_memory|        edges_1|         array|
|edges_1_ce0            |  out|    1|   ap_memory|        edges_1|         array|
|edges_1_q0             |   in|   64|   ap_memory|        edges_1|         array|
|edges_1_address1       |  out|   11|   ap_memory|        edges_1|         array|
|edges_1_ce1            |  out|    1|   ap_memory|        edges_1|         array|
|edges_1_q1             |   in|   64|   ap_memory|        edges_1|         array|
|starting_node          |   in|   64|     ap_none|  starting_node|        scalar|
|level_address0         |  out|    7|   ap_memory|          level|         array|
|level_ce0              |  out|    1|   ap_memory|          level|         array|
|level_we0              |  out|    1|   ap_memory|          level|         array|
|level_d0               |  out|   16|   ap_memory|          level|         array|
|level_q0               |   in|   16|   ap_memory|          level|         array|
|level_counts_address0  |  out|    4|   ap_memory|   level_counts|         array|
|level_counts_ce0       |  out|    1|   ap_memory|   level_counts|         array|
|level_counts_we0       |  out|    1|   ap_memory|   level_counts|         array|
|level_counts_d0        |  out|   64|   ap_memory|   level_counts|         array|
+-----------------------+-----+-----+------------+---------------+--------------+

