

================================================================
== Synthesis Summary Report of 'bfs'
================================================================
+ General Information: 
    * Date:           Mon Mar 10 00:14:34 2025
    * Version:        2022.1 (Build 3526262 on Mon Apr 18 15:47:01 MDT 2022)
    * Project:        bfs_random_prj_p1
    * Solution:       solution (Vivado IP Flow Target)
    * Product family: virtex7
    * Target device:  xc7vx485t-ffg1761-2
    

+ Performance & Resource Estimates: 
    
    PS: '+' for module; 'o' for loop; '*' for dataflow
    +-----------------------------------+------+------+---------+--------+----------+---------+------+----------+------+----+------------+-----------+-----+
    |              Modules              | Issue|      | Latency | Latency| Iteration|         | Trip |          |      |    |            |           |     |
    |              & Loops              | Type | Slack| (cycles)|  (ns)  |  Latency | Interval| Count| Pipelined| BRAM | DSP|     FF     |    LUT    | URAM|
    +-----------------------------------+------+------+---------+--------+----------+---------+------+----------+------+----+------------+-----------+-----+
    |+ bfs                              |     -|  0.76|        -|       -|         -|        -|     -|        no|     -|   -|  3747 (~0%)|  4745 (1%)|    -|
    | o loop_horizons                   |     -|  7.30|        -|       -|         -|        -|     -|        no|     -|   -|           -|          -|    -|
    |  o loop_nodes                     |     -|  7.30|        -|       -|         -|        -|     -|        no|     -|   -|           -|          -|    -|
    |   + bfs_Pipeline_loop_neighbors   |     -|  0.76|        -|       -|         -|        -|     -|        no|     -|   -|   601 (~0%)|  852 (~0%)|    -|
    |    o loop_neighbors               |    II|  7.30|        -|       -|         5|        4|     -|       yes|     -|   -|           -|          -|    -|
    |   + bfs_Pipeline_loop_neighbors1  |     -|  0.76|        -|       -|         -|        -|     -|        no|     -|   -|   601 (~0%)|  852 (~0%)|    -|
    |    o loop_neighbors               |    II|  7.30|        -|       -|         5|        4|     -|       yes|     -|   -|           -|          -|    -|
    |  o loop_nodes                     |     -|  7.30|        -|       -|         -|        -|     -|        no|     -|   -|           -|          -|    -|
    |   + bfs_Pipeline_loop_neighbors2  |     -|  0.76|        -|       -|         -|        -|     -|        no|     -|   -|   601 (~0%)|  852 (~0%)|    -|
    |    o loop_neighbors               |    II|  7.30|        -|       -|         5|        4|     -|       yes|     -|   -|           -|          -|    -|
    |   + bfs_Pipeline_loop_neighbors3  |     -|  0.76|        -|       -|         -|        -|     -|        no|     -|   -|   601 (~0%)|  852 (~0%)|    -|
    |    o loop_neighbors               |    II|  7.30|        -|       -|         5|        4|     -|       yes|     -|   -|           -|          -|    -|
    +-----------------------------------+------+------+---------+--------+----------+---------+------+----------+------+----+------------+-----------+-----+


================================================================
== HW Interfaces
================================================================
* AP_MEMORY
+-----------------------+----------+
| Interface             | Bitwidth |
+-----------------------+----------+
| edges_0_address0      | 11       |
| edges_0_address1      | 11       |
| edges_0_q0            | 64       |
| edges_0_q1            | 64       |
| edges_1_address0      | 11       |
| edges_1_address1      | 11       |
| edges_1_q0            | 64       |
| edges_1_q1            | 64       |
| level_address0        | 7        |
| level_counts_address0 | 4        |
| level_counts_d0       | 64       |
| level_d0              | 16       |
| level_q0              | 16       |
| nodes_address0        | 8        |
| nodes_q0              | 128      |
+-----------------------+----------+

* REGISTER
+---------------+---------+----------+
| Interface     | Mode    | Bitwidth |
+---------------+---------+----------+
| starting_node | ap_none | 64       |
+---------------+---------+----------+

* TOP LEVEL CONTROL
+-----------+------------+-----------------------------------+
| Interface | Type       | Ports                             |
+-----------+------------+-----------------------------------+
| ap_clk    | clock      | ap_clk                            |
| ap_rst    | reset      | ap_rst                            |
| ap_ctrl   | ap_ctrl_hs | ap_done ap_idle ap_ready ap_start |
+-----------+------------+-----------------------------------+


================================================================
== SW I/O Information
================================================================
* Top Function Arguments
+---------------+-----------+--------------------+
| Argument      | Direction | Datatype           |
+---------------+-----------+--------------------+
| nodes         | in        | node_t_struct*     |
| edges         | in        | edge_t_struct*     |
| starting_node | in        | long unsigned int  |
| level         | inout     | signed char*       |
| level_counts  | out       | long unsigned int* |
+---------------+-----------+--------------------+

* SW-to-HW Mapping
+---------------+-----------------------+---------+----------+
| Argument      | HW Interface          | HW Type | HW Usage |
+---------------+-----------------------+---------+----------+
| nodes         | nodes_address0        | port    | offset   |
| nodes         | nodes_ce0             | port    |          |
| nodes         | nodes_q0              | port    |          |
| edges         | edges_0_address0      | port    | offset   |
| edges         | edges_0_ce0           | port    |          |
| edges         | edges_0_q0            | port    |          |
| edges         | edges_0_address1      | port    | offset   |
| edges         | edges_0_ce1           | port    |          |
| edges         | edges_0_q1            | port    |          |
| edges         | edges_1_address0      | port    | offset   |
| edges         | edges_1_ce0           | port    |          |
| edges         | edges_1_q0            | port    |          |
| edges         | edges_1_address1      | port    | offset   |
| edges         | edges_1_ce1           | port    |          |
| edges         | edges_1_q1            | port    |          |
| starting_node | starting_node         | port    |          |
| level         | level_address0        | port    | offset   |
| level         | level_ce0             | port    |          |
| level         | level_we0             | port    |          |
| level         | level_d0              | port    |          |
| level         | level_q0              | port    |          |
| level_counts  | level_counts_address0 | port    | offset   |
| level_counts  | level_counts_ce0      | port    |          |
| level_counts  | level_counts_we0      | port    |          |
| level_counts  | level_counts_d0       | port    |          |
+---------------+-----------------------+---------+----------+


================================================================
== M_AXI Burst Information
================================================================
 Note: All burst requests might be further partitioned into multiple requests during RTL generation based on max_read_burst_length or max_write_burst_length settings.

  No burst in design

================================================================
== Bind Op Report
================================================================
+---------------------------------+-----+--------+------------+-----+--------+---------+
| Name                            | DSP | Pragma | Variable   | Op  | Impl   | Latency |
+---------------------------------+-----+--------+------------+-----+--------+---------+
| + bfs                           | 0   |        |            |     |        |         |
|   n_4_fu_705_p2                 | -   |        | n_4        | add | fabric | 0       |
|   add_ln21_fu_570_p2            | -   |        | add_ln21   | add | fabric | 0       |
|   n_7_fu_889_p2                 | -   |        | n_7        | add | fabric | 0       |
|   add_ln39_fu_728_p2            | -   |        | add_ln39   | add | fabric | 0       |
|  + bfs_Pipeline_loop_neighbors  | 0   |        |            |     |        |         |
|    add_ln34_fu_427_p2           | -   |        | add_ln34   | add | fabric | 0       |
|    add_ln28_fu_254_p2           | -   |        | add_ln28   | add | fabric | 0       |
|    add_ln28_5_fu_260_p2         | -   |        | add_ln28_5 | add | fabric | 0       |
|    add_ln34_1_fu_527_p2         | -   |        | add_ln34_1 | add | fabric | 0       |
|    add_ln28_1_fu_437_p2         | -   |        | add_ln28_1 | add | fabric | 0       |
|  + bfs_Pipeline_loop_neighbors1 | 0   |        |            |     |        |         |
|    add_ln34_fu_427_p2           | -   |        | add_ln34   | add | fabric | 0       |
|    add_ln28_3_fu_254_p2         | -   |        | add_ln28_3 | add | fabric | 0       |
|    add_ln28_fu_260_p2           | -   |        | add_ln28   | add | fabric | 0       |
|    add_ln34_3_fu_527_p2         | -   |        | add_ln34_3 | add | fabric | 0       |
|    add_ln28_4_fu_437_p2         | -   |        | add_ln28_4 | add | fabric | 0       |
|  + bfs_Pipeline_loop_neighbors2 | 0   |        |            |     |        |         |
|    add_ln34_fu_427_p2           | -   |        | add_ln34   | add | fabric | 0       |
|    add_ln28_2_fu_254_p2         | -   |        | add_ln28_2 | add | fabric | 0       |
|    add_ln28_fu_260_p2           | -   |        | add_ln28   | add | fabric | 0       |
|    add_ln34_2_fu_527_p2         | -   |        | add_ln34_2 | add | fabric | 0       |
|    add_ln28_3_fu_437_p2         | -   |        | add_ln28_3 | add | fabric | 0       |
|  + bfs_Pipeline_loop_neighbors3 | 0   |        |            |     |        |         |
|    add_ln34_fu_427_p2           | -   |        | add_ln34   | add | fabric | 0       |
|    add_ln28_fu_254_p2           | -   |        | add_ln28   | add | fabric | 0       |
|    add_ln28_1_fu_260_p2         | -   |        | add_ln28_1 | add | fabric | 0       |
|    add_ln34_1_fu_527_p2         | -   |        | add_ln34_1 | add | fabric | 0       |
|    add_ln28_2_fu_437_p2         | -   |        | add_ln28_2 | add | fabric | 0       |
+---------------------------------+-----+--------+------------+-----+--------+---------+


================================================================
== Bind Storage Report
================================================================
  No bind storage info in design

================================================================
== Pragma Report
================================================================
* Valid Pragma Syntax
+--------------------+---------------------------------------------+----------------------------------------------------------------------------------------+
| Type               | Options                                     | Location                                                                               |
+--------------------+---------------------------------------------+----------------------------------------------------------------------------------------+
| array_partition    | variable=edges block factor=2 dim=1         | ../../../../dse_ds/MachSuite/random_ds/bfs/bulk/p1/script/dir_41.tcl:6 in bfs, edges   |
| array_reshape      | variable=level block factor=2 dim=1         | ../../../../dse_ds/MachSuite/random_ds/bfs/bulk/p1/script/dir_41.tcl:7 in bfs, level   |
| bind_op            | variable=cnt op=add impl=dsp latency=-1     | ../../../../dse_ds/MachSuite/random_ds/bfs/bulk/p1/script/dir_41.tcl:11 in bfs, cnt    |
| bind_op            | variable=e op=add impl=dsp latency=-1       | ../../../../dse_ds/MachSuite/random_ds/bfs/bulk/p1/script/dir_41.tcl:10 in bfs, e      |
| bind_op            | variable=horizon op=add impl=dsp latency=-1 | ../../../../dse_ds/MachSuite/random_ds/bfs/bulk/p1/script/dir_41.tcl:8 in bfs, horizon |
| bind_op            | variable=n op=add impl=fabric latency=-1    | ../../../../dse_ds/MachSuite/random_ds/bfs/bulk/p1/script/dir_41.tcl:9 in bfs, n       |
| expression_balance |                                             | ../../../../dse_ds/MachSuite/random_ds/bfs/bulk/p1/script/dir_41.tcl:1 in bfs          |
| pipeline           | style=stp                                   | ../../../../dse_ds/MachSuite/random_ds/bfs/bulk/p1/script/dir_41.tcl:5 in bfs          |
| unroll             | factor=2                                    | ../../../../dse_ds/MachSuite/random_ds/bfs/bulk/p1/script/dir_41.tcl:4 in bfs          |
+--------------------+---------------------------------------------+----------------------------------------------------------------------------------------+


