

================================================================
== Vitis HLS Report for 'bfs'
================================================================
* Date:           Mon Mar 10 00:13:16 2025

* Version:        2022.1 (Build 3526262 on Mon Apr 18 15:47:01 MDT 2022)
* Project:        bfs_random_prj_p1
* Solution:       solution (Vivado IP Flow Target)
* Product family: virtex7
* Target device:  xc7vx485t-ffg1761-2


================================================================
== Performance Estimates
================================================================
+ Timing: 
    * Summary: 
    +--------+----------+----------+------------+
    |  Clock |  Target  | Estimated| Uncertainty|
    +--------+----------+----------+------------+
    |ap_clk  |  10.00 ns|  6.904 ns|     2.70 ns|
    +--------+----------+----------+------------+

+ Latency: 
    * Summary: 
    +---------+---------+----------+----------+-----+-----+---------+
    |  Latency (cycles) |  Latency (absolute) |  Interval | Pipeline|
    |   min   |   max   |    min   |    max   | min | max |   Type  |
    +---------+---------+----------+----------+-----+-----+---------+
    |        ?|        ?|         ?|         ?|    ?|    ?|       no|
    +---------+---------+----------+----------+-----+-----+---------+

    + Detail: 
        * Instance: 
        N/A

        * Loop: 
        +---------------------+---------+---------+----------+-----------+-----------+------+----------+
        |                     |  Latency (cycles) | Iteration|  Initiation Interval  | Trip |          |
        |      Loop Name      |   min   |   max   |  Latency |  achieved |   target  | Count| Pipelined|
        +---------------------+---------+---------+----------+-----------+-----------+------+----------+
        |- loop_horizons      |        ?|        ?|         ?|          -|          -|     ?|        no|
        | + loop_nodes        |        ?|        ?|         ?|          -|          -|   128|        no|
        |  ++ loop_neighbors  |        ?|        ?|         4|          -|          -|     ?|        no|
        |  ++ loop_neighbors  |        ?|        ?|         3|          -|          -|     ?|        no|
        +---------------------+---------+---------+----------+-----------+-----------+------+----------+



================================================================
== Utilization Estimates
================================================================
* Summary: 
+-----------------+---------+------+--------+--------+-----+
|       Name      | BRAM_18K|  DSP |   FF   |   LUT  | URAM|
+-----------------+---------+------+--------+--------+-----+
|DSP              |        -|     -|       -|       -|    -|
|Expression       |        -|     -|       0|    3408|    -|
|FIFO             |        -|     -|       -|       -|    -|
|Instance         |        -|     -|       0|      27|    -|
|Memory           |        -|     -|       -|       -|    -|
|Multiplexer      |        -|     -|       -|     329|    -|
|Register         |        -|     -|    1364|       -|    -|
+-----------------+---------+------+--------+--------+-----+
|Total            |        0|     0|    1364|    3764|    0|
+-----------------+---------+------+--------+--------+-----+
|Available        |     2060|  2800|  607200|  303600|    0|
+-----------------+---------+------+--------+--------+-----+
|Utilization (%)  |        0|     0|      ~0|       1|    0|
+-----------------+---------+------+--------+--------+-----+

+ Detail: 
    * Instance: 
    +------------------+---------------+---------+----+---+----+-----+
    |     Instance     |     Module    | BRAM_18K| DSP| FF| LUT| URAM|
    +------------------+---------------+---------+----+---+----+-----+
    |mux_21_8_1_1_U1   |mux_21_8_1_1   |        0|   0|  0|   9|    0|
    |mux_257_8_1_1_U2  |mux_257_8_1_1  |        0|   0|  0|   9|    0|
    |mux_257_8_1_1_U3  |mux_257_8_1_1  |        0|   0|  0|   9|    0|
    +------------------+---------------+---------+----+---+----+-----+
    |Total             |               |        0|   0|  0|  27|    0|
    +------------------+---------------+---------+----+---+----+-----+

    * DSP: 
    N/A

    * Memory: 
    N/A

    * FIFO: 
    N/A

    * Expression: 
    +-------------------------+----------+----+---+-----+------------+------------+
    |      Variable Name      | Operation| DSP| FF| LUT | Bitwidth P0| Bitwidth P1|
    +-------------------------+----------+----+---+-----+------------+------------+
    |add_ln21_cast_fu_458_p2  |         +|   0|  0|   13|           4|           1|
    |add_ln21_fu_452_p2       |         +|   0|  0|   71|          64|           1|
    |cnt_4_fu_679_p2          |         +|   0|  0|   71|          64|           1|
    |cnt_7_fu_829_p2          |         +|   0|  0|   71|          64|           1|
    |e_3_fu_685_p2            |         +|   0|  0|   71|          64|           1|
    |e_5_fu_836_p2            |         +|   0|  0|   71|          64|           1|
    |empty_17_fu_464_p2       |         +|   0|  0|   15|           8|           1|
    |n_1_fu_755_p2            |         +|   0|  0|   16|           9|           2|
    |and_ln39_fu_517_p2       |       and|   0|  0|    2|           1|           1|
    |icmp_ln21_fu_512_p2      |      icmp|   0|  0|   29|          64|           4|
    |icmp_ln25_1_fu_699_p2    |      icmp|   0|  0|   29|          64|          64|
    |icmp_ln25_fu_544_p2      |      icmp|   0|  0|   29|          64|          64|
    |icmp_ln28_1_fu_586_p2    |      icmp|   0|  0|   29|          64|          64|
    |icmp_ln28_2_fu_735_p2    |      icmp|   0|  0|   29|          64|          64|
    |icmp_ln28_3_fu_741_p2    |      icmp|   0|  0|   29|          64|          64|
    |icmp_ln28_fu_580_p2      |      icmp|   0|  0|   29|          64|          64|
    |icmp_ln32_1_fu_816_p2    |      icmp|   0|  0|   11|           8|           7|
    |icmp_ln32_fu_666_p2      |      icmp|   0|  0|   11|           8|           7|
    |icmp_ln39_fu_506_p2      |      icmp|   0|  0|   29|          64|           1|
    |lshr_ln26_1_fu_715_p2    |      lshr|   0|  0|  950|         256|         256|
    |lshr_ln26_fu_560_p2      |      lshr|   0|  0|  950|         256|         256|
    |lshr_ln29_1_fu_781_p2    |      lshr|   0|  0|  423|         128|         128|
    |lshr_ln29_fu_631_p2      |      lshr|   0|  0|  423|         128|         128|
    |or_ln25_fu_600_p2        |        or|   0|  0|    7|           7|           1|
    +-------------------------+----------+----+---+-----+------------+------------+
    |Total                    |          |   0|  0| 3408|        1645|        1182|
    +-------------------------+----------+----+---+-----+------------+------------+

    * Multiplexer: 
    +--------------------------------+----+-----------+-----+-----------+
    |              Name              | LUT| Input Size| Bits| Total Bits|
    +--------------------------------+----+-----------+-----+-----------+
    |ap_NS_fsm                       |  65|         16|    1|         16|
    |ap_phi_mux_cnt_8_phi_fu_385_p4  |  13|          3|   64|        192|
    |cnt_1_reg_312                   |   9|          2|   64|        128|
    |cnt_2_reg_333                   |   9|          2|   64|        128|
    |cnt_3_reg_345                   |   9|          2|   64|        128|
    |cnt_5_reg_360                   |   9|          2|   64|        128|
    |cnt_6_reg_393                   |  13|          3|   64|        192|
    |cnt_reg_286                     |   9|          2|   64|        128|
    |e_1_reg_323                     |   9|          2|   64|        128|
    |e_4_reg_371                     |   9|          2|   64|        128|
    |edges_address0                  |  13|          3|   11|         33|
    |grp_fu_409_p3                   |  13|          3|    1|          3|
    |horizon_fu_106                  |   9|          2|   64|        128|
    |level_0_address0                |  33|          8|    7|         56|
    |level_0_d0                      |  13|          3|    8|         24|
    |level_1_address0                |  33|          8|    7|         56|
    |level_1_d0                      |  13|          3|    8|         24|
    |level_counts_0_address0         |  13|          3|    3|          9|
    |level_counts_0_d0               |  13|          3|   64|        192|
    |n_reg_300                       |   9|          2|    9|         18|
    |nodes_address0                  |  13|          3|    7|         21|
    +--------------------------------+----+-----------+-----+-----------+
    |Total                           | 329|         77|  766|       1860|
    +--------------------------------+----+-----------+-----+-----------+

    * Register: 
    +-------------------------+-----+----+-----+-----------+
    |           Name          |  FF | LUT| Bits| Const Bits|
    +-------------------------+-----+----+-----+-----------+
    |add_ln21_cast_reg_864    |    4|   0|    4|          0|
    |add_ln21_reg_858         |   64|   0|   64|          0|
    |ap_CS_fsm                |   15|   0|   15|          0|
    |cnt_1_reg_312            |   64|   0|   64|          0|
    |cnt_2_reg_333            |   64|   0|   64|          0|
    |cnt_3_reg_345            |   64|   0|   64|          0|
    |cnt_5_reg_360            |   64|   0|   64|          0|
    |cnt_6_reg_393            |   64|   0|   64|          0|
    |cnt_reg_286              |   64|   0|   64|          0|
    |e_1_reg_323              |   64|   0|   64|          0|
    |e_3_reg_988              |   64|   0|   64|          0|
    |e_4_reg_371              |   64|   0|   64|          0|
    |empty_17_reg_869         |    8|   0|    8|          0|
    |horizon_1_reg_852        |   64|   0|   64|          0|
    |horizon_fu_106           |   64|   0|   64|          0|
    |icmp_ln25_1_reg_993      |    1|   0|    1|          0|
    |icmp_ln25_reg_911        |    1|   0|    1|          0|
    |icmp_ln28_2_reg_1012     |    1|   0|    1|          0|
    |icmp_ln28_reg_930        |    1|   0|    1|          0|
    |level_0_addr_2_reg_967   |    7|   0|    7|          0|
    |level_0_addr_4_reg_1039  |    7|   0|    7|          0|
    |level_1_addr_2_reg_972   |    7|   0|    7|          0|
    |level_1_addr_4_reg_1044  |    7|   0|    7|          0|
    |lshr_ln29_1_reg_1029     |  128|   0|  128|          0|
    |lshr_ln29_reg_957        |  128|   0|  128|          0|
    |lshr_ln2_reg_962         |   57|   0|   57|          0|
    |lshr_ln30_1_reg_1034     |   57|   0|   57|          0|
    |n_1_reg_1024             |    9|   0|    9|          0|
    |n_reg_300                |    9|   0|    9|          0|
    |tmp_3_reg_904            |    1|   0|    1|          0|
    |tmp_end_1_reg_1007       |   64|   0|   64|          0|
    |tmp_end_reg_925          |   64|   0|   64|          0|
    |trunc_ln24_reg_878       |    7|   0|    7|          0|
    |zext_ln25_2_reg_942      |    6|   0|   64|         58|
    |zext_ln25_reg_883        |    7|   0|   64|         57|
    +-------------------------+-----+----+-----+-----------+
    |Total                    | 1364|   0| 1479|        115|
    +-------------------------+-----+----+-----+-----------+



================================================================
== Interface
================================================================
* Summary: 
+-------------------------+-----+-----+------------+----------------+--------------+
|        RTL Ports        | Dir | Bits|  Protocol  |  Source Object |    C Type    |
+-------------------------+-----+-----+------------+----------------+--------------+
|ap_clk                   |   in|    1|  ap_ctrl_hs|             bfs|  return value|
|ap_rst                   |   in|    1|  ap_ctrl_hs|             bfs|  return value|
|ap_start                 |   in|    1|  ap_ctrl_hs|             bfs|  return value|
|ap_done                  |  out|    1|  ap_ctrl_hs|             bfs|  return value|
|ap_idle                  |  out|    1|  ap_ctrl_hs|             bfs|  return value|
|ap_ready                 |  out|    1|  ap_ctrl_hs|             bfs|  return value|
|nodes_address0           |  out|    7|   ap_memory|           nodes|         array|
|nodes_ce0                |  out|    1|   ap_memory|           nodes|         array|
|nodes_q0                 |   in|  256|   ap_memory|           nodes|         array|
|edges_address0           |  out|   11|   ap_memory|           edges|         array|
|edges_ce0                |  out|    1|   ap_memory|           edges|         array|
|edges_q0                 |   in|  128|   ap_memory|           edges|         array|
|starting_node            |   in|   64|     ap_none|   starting_node|        scalar|
|level_0_address0         |  out|    7|   ap_memory|         level_0|         array|
|level_0_ce0              |  out|    1|   ap_memory|         level_0|         array|
|level_0_we0              |  out|    1|   ap_memory|         level_0|         array|
|level_0_d0               |  out|    8|   ap_memory|         level_0|         array|
|level_0_q0               |   in|    8|   ap_memory|         level_0|         array|
|level_1_address0         |  out|    7|   ap_memory|         level_1|         array|
|level_1_ce0              |  out|    1|   ap_memory|         level_1|         array|
|level_1_we0              |  out|    1|   ap_memory|         level_1|         array|
|level_1_d0               |  out|    8|   ap_memory|         level_1|         array|
|level_1_q0               |   in|    8|   ap_memory|         level_1|         array|
|level_counts_0_address0  |  out|    3|   ap_memory|  level_counts_0|         array|
|level_counts_0_ce0       |  out|    1|   ap_memory|  level_counts_0|         array|
|level_counts_0_we0       |  out|    1|   ap_memory|  level_counts_0|         array|
|level_counts_0_d0        |  out|   64|   ap_memory|  level_counts_0|         array|
|level_counts_1_address0  |  out|    3|   ap_memory|  level_counts_1|         array|
|level_counts_1_ce0       |  out|    1|   ap_memory|  level_counts_1|         array|
|level_counts_1_we0       |  out|    1|   ap_memory|  level_counts_1|         array|
|level_counts_1_d0        |  out|   64|   ap_memory|  level_counts_1|         array|
+-------------------------+-----+-----+------------+----------------+--------------+

