

================================================================
== Vitis HLS Report for 'bfs'
================================================================
* Date:           Mon Mar 10 00:14:59 2025

* Version:        2022.1 (Build 3526262 on Mon Apr 18 15:47:01 MDT 2022)
* Project:        bfs_random_prj_p1
* Solution:       solution (Vivado IP Flow Target)
* Product family: virtex7
* Target device:  xc7vx485t-ffg1761-2


================================================================
== Performance Estimates
================================================================
+ Timing: 
    * Summary: 
    +--------+----------+----------+------------+
    |  Clock |  Target  | Estimated| Uncertainty|
    +--------+----------+----------+------------+
    |ap_clk  |  10.00 ns|  6.900 ns|     2.70 ns|
    +--------+----------+----------+------------+

+ Latency: 
    * Summary: 
    +---------+---------+----------+----------+-----+-----+---------+
    |  Latency (cycles) |  Latency (absolute) |  Interval | Pipeline|
    |   min   |   max   |    min   |    max   | min | max |   Type  |
    +---------+---------+----------+----------+-----+-----+---------+
    |        ?|        ?|         ?|         ?|    ?|    ?|       no|
    +---------+---------+----------+----------+-----+-----+---------+

    + Detail: 
        * Instance: 
        +-----------------------------------------+------------------------------+---------+---------+----------+----------+-----+-----+---------+
        |                                         |                              |  Latency (cycles) |  Latency (absolute) |  Interval | Pipeline|
        |                 Instance                |            Module            |   min   |   max   |    min   |    max   | min | max |   Type  |
        +-----------------------------------------+------------------------------+---------+---------+----------+----------+-----+-----+---------+
        |grp_bfs_Pipeline_loop_neighbors_fu_325   |bfs_Pipeline_loop_neighbors   |        ?|        ?|         ?|         ?|    ?|    ?|       no|
        |grp_bfs_Pipeline_loop_neighbors1_fu_340  |bfs_Pipeline_loop_neighbors1  |        ?|        ?|         ?|         ?|    ?|    ?|       no|
        +-----------------------------------------+------------------------------+---------+---------+----------+----------+-----+-----+---------+

        * Loop: 
        +-----------------+---------+---------+----------+-----------+-----------+-------+----------+
        |                 |  Latency (cycles) | Iteration|  Initiation Interval  |  Trip |          |
        |    Loop Name    |   min   |   max   |  Latency |  achieved |   target  | Count | Pipelined|
        +-----------------+---------+---------+----------+-----------+-----------+-------+----------+
        |- loop_horizons  |        ?|        ?|         ?|          -|          -|  1 ~ 5|        no|
        | + loop_nodes    |        ?|        ?|         ?|          -|          -|    256|        no|
        | + loop_nodes    |        ?|        ?|         ?|          -|          -|    256|        no|
        +-----------------+---------+---------+----------+-----------+-----------+-------+----------+



================================================================
== Utilization Estimates
================================================================
* Summary: 
+-----------------+---------+------+--------+--------+-----+
|       Name      | BRAM_18K|  DSP |   FF   |   LUT  | URAM|
+-----------------+---------+------+--------+--------+-----+
|DSP              |        -|     -|       -|       -|    -|
|Expression       |        -|     -|       0|    7303|    -|
|FIFO             |        -|     -|       -|       -|    -|
|Instance         |        -|     0|    1046|    1840|    -|
|Memory           |        -|     -|       -|       -|    -|
|Multiplexer      |        -|     -|       -|     481|    -|
|Register         |        -|     -|     894|       -|    -|
+-----------------+---------+------+--------+--------+-----+
|Total            |        0|     0|    1940|    9624|    0|
+-----------------+---------+------+--------+--------+-----+
|Available        |     2060|  2800|  607200|  303600|    0|
+-----------------+---------+------+--------+--------+-----+
|Utilization (%)  |        0|     0|      ~0|       3|    0|
+-----------------+---------+------+--------+--------+-----+

+ Detail: 
    * Instance: 
    +-----------------------------------------+------------------------------+---------+----+-----+-----+-----+
    |                 Instance                |            Module            | BRAM_18K| DSP|  FF | LUT | URAM|
    +-----------------------------------------+------------------------------+---------+----+-----+-----+-----+
    |grp_bfs_Pipeline_loop_neighbors_fu_325   |bfs_Pipeline_loop_neighbors   |        0|   0|  420|  835|    0|
    |grp_bfs_Pipeline_loop_neighbors1_fu_340  |bfs_Pipeline_loop_neighbors1  |        0|   0|  420|  835|    0|
    |mul_3ns_5ns_7_1_1_U19                    |mul_3ns_5ns_7_1_1             |        0|   0|    0|   17|    0|
    |mul_3ns_5ns_7_1_1_U22                    |mul_3ns_5ns_7_1_1             |        0|   0|    0|   17|    0|
    |mul_4ns_6ns_9_1_1_U18                    |mul_4ns_6ns_9_1_1             |        0|   0|    0|   26|    0|
    |mul_4ns_6ns_9_1_1_U24                    |mul_4ns_6ns_9_1_1             |        0|   0|    0|   26|    0|
    |urem_3ns_3ns_3_7_seq_1_U20               |urem_3ns_3ns_3_7_seq_1        |        0|   0|   45|   19|    0|
    |urem_3ns_3ns_3_7_seq_1_U23               |urem_3ns_3ns_3_7_seq_1        |        0|   0|   45|   19|    0|
    |urem_4ns_4ns_3_8_seq_1_U17               |urem_4ns_4ns_3_8_seq_1        |        0|   0|   58|   23|    0|
    |urem_4ns_4ns_3_8_seq_1_U21               |urem_4ns_4ns_3_8_seq_1        |        0|   0|   58|   23|    0|
    +-----------------------------------------+------------------------------+---------+----+-----+-----+-----+
    |Total                                    |                              |        0|   0| 1046| 1840|    0|
    +-----------------------------------------+------------------------------+---------+----+-----+-----+-----+

    * DSP: 
    N/A

    * Memory: 
    N/A

    * FIFO: 
    N/A

    * Expression: 
    +-------------------------+----------+----+---+-----+------------+------------+
    |      Variable Name      | Operation| DSP| FF| LUT | Bitwidth P0| Bitwidth P1|
    +-------------------------+----------+----+---+-----+------------+------------+
    |add_ln21_fu_717_p2       |         +|   0|  0|   13|           4|           2|
    |n_2_fu_451_p2            |         +|   0|  0|   16|           9|           1|
    |n_3_fu_728_p2            |         +|   0|  0|   16|           9|           1|
    |and_ln18_fu_402_p2       |       and|   0|  0|   16|          16|          16|
    |and_ln39_1_fu_650_p2     |       and|   0|  0|  128|         128|         128|
    |and_ln39_2_fu_965_p2     |       and|   0|  0|  128|         128|         128|
    |and_ln39_3_fu_927_p2     |       and|   0|  0|  128|         128|         128|
    |and_ln39_fu_688_p2       |       and|   0|  0|  128|         128|         128|
    |icmp_ln21_fu_425_p2      |      icmp|   0|  0|    9|           4|           4|
    |icmp_ln24_1_fu_722_p2    |      icmp|   0|  0|   11|           9|          10|
    |icmp_ln24_fu_445_p2      |      icmp|   0|  0|   11|           9|          10|
    |icmp_ln25_1_fu_784_p2    |      icmp|   0|  0|   11|           8|           8|
    |icmp_ln25_fu_507_p2      |      icmp|   0|  0|   11|           8|           8|
    |icmp_ln28_2_fu_835_p2    |      icmp|   0|  0|   29|          64|          64|
    |icmp_ln28_fu_558_p2      |      icmp|   0|  0|   29|          64|          64|
    |icmp_ln39_1_fu_988_p2    |      icmp|   0|  0|   29|          64|           1|
    |icmp_ln39_fu_711_p2      |      icmp|   0|  0|   29|          64|           1|
    |lshr_ln25_2_fu_774_p2    |      lshr|   0|  0|   35|          16|          16|
    |lshr_ln25_fu_497_p2      |      lshr|   0|  0|   35|          16|          16|
    |lshr_ln26_1_fu_813_p2    |      lshr|   0|  0|  950|         256|         256|
    |lshr_ln26_fu_536_p2      |      lshr|   0|  0|  950|         256|         256|
    |conv20_fu_435_p2         |        or|   0|  0|    4|           4|           1|
    |or_ln39_1_fu_666_p2      |        or|   0|  0|  128|         128|         128|
    |or_ln39_2_fu_981_p2      |        or|   0|  0|  128|         128|         128|
    |or_ln39_3_fu_943_p2      |        or|   0|  0|  128|         128|         128|
    |or_ln39_fu_704_p2        |        or|   0|  0|  128|         128|         128|
    |select_ln28_1_fu_847_p3  |    select|   0|  0|   64|           1|          64|
    |select_ln28_fu_570_p3    |    select|   0|  0|   64|           1|          64|
    |shl_ln18_fu_390_p2       |       shl|   0|  0|   35|           8|          16|
    |shl_ln39_2_fu_698_p2     |       shl|   0|  0|  423|         128|         128|
    |shl_ln39_3_fu_638_p2     |       shl|   0|  0|  423|          64|         128|
    |shl_ln39_4_fu_660_p2     |       shl|   0|  0|  423|         128|         128|
    |shl_ln39_5_fu_953_p2     |       shl|   0|  0|  423|          64|         128|
    |shl_ln39_6_fu_975_p2     |       shl|   0|  0|  423|         128|         128|
    |shl_ln39_7_fu_915_p2     |       shl|   0|  0|  423|          64|         128|
    |shl_ln39_8_fu_937_p2     |       shl|   0|  0|  423|         128|         128|
    |shl_ln39_fu_676_p2       |       shl|   0|  0|  423|          64|         128|
    |xor_ln18_fu_396_p2       |       xor|   0|  0|   16|          16|           2|
    |xor_ln39_1_fu_644_p2     |       xor|   0|  0|  128|         128|           2|
    |xor_ln39_2_fu_959_p2     |       xor|   0|  0|  128|         128|           2|
    |xor_ln39_3_fu_921_p2     |       xor|   0|  0|  128|         128|           2|
    |xor_ln39_fu_682_p2       |       xor|   0|  0|  128|         128|           2|
    +-------------------------+----------+----+---+-----+------------+------------+
    |Total                    |          |   0|  0| 7303|        3210|        2937|
    +-------------------------+----------+----+---+-----+------------+------------+

    * Multiplexer: 
    +-------------------------+-----+-----------+-----+-----------+
    |           Name          | LUT | Input Size| Bits| Total Bits|
    +-------------------------+-----+-----------+-----+-----------+
    |ap_NS_fsm                |  193|         44|    1|         44|
    |cnt_1_reg_286            |    9|          2|   64|        128|
    |cnt_2_reg_271            |    9|          2|   64|        128|
    |cnt_3_reg_310            |    9|          2|   64|        128|
    |cnt_reg_247              |    9|          2|   64|        128|
    |edges_address0           |   13|          3|   12|         36|
    |edges_address1           |   13|          3|   12|         36|
    |edges_ce0                |   13|          3|    1|          3|
    |edges_ce1                |   13|          3|    1|          3|
    |horizon_fu_120           |    9|          2|    4|          8|
    |level_address0           |   29|          7|    7|         49|
    |level_ce0                |   17|          4|    1|          4|
    |level_counts_0_address0  |   29|          7|    2|         14|
    |level_counts_0_d0        |   17|          4|  128|        512|
    |level_counts_1_address0  |   21|          5|    2|         10|
    |level_counts_1_d0        |   13|          3|  128|        384|
    |level_d0                 |   17|          4|   16|         64|
    |level_we0                |   17|          4|    1|          4|
    |n_1_reg_298              |    9|          2|    9|         18|
    |n_reg_259                |    9|          2|    9|         18|
    |nodes_address0           |   13|          3|    7|         21|
    +-------------------------+-----+-----------+-----+-----------+
    |Total                    |  481|        111|  597|       1740|
    +-------------------------+-----+-----------+-----+-----------+

    * Register: 
    +------------------------------------------------------+----+----+-----+-----------+
    |                         Name                         | FF | LUT| Bits| Const Bits|
    +------------------------------------------------------+----+----+-----+-----------+
    |add_ln21_reg_1151                                     |   4|   0|    4|          0|
    |ap_CS_fsm                                             |  43|   0|   43|          0|
    |cnt_1_0_loc_fu_136                                    |  64|   0|   64|          0|
    |cnt_1_reg_286                                         |  64|   0|   64|          0|
    |cnt_2_0_loc_fu_132                                    |  64|   0|   64|          0|
    |cnt_2_reg_271                                         |  64|   0|   64|          0|
    |cnt_3_reg_310                                         |  64|   0|   64|          0|
    |cnt_6_0_loc_fu_128                                    |  64|   0|   64|          0|
    |cnt_9_0_loc_fu_124                                    |  64|   0|   64|          0|
    |cnt_reg_247                                           |  64|   0|   64|          0|
    |conv20_reg_1056                                       |   3|   0|    4|          1|
    |grp_bfs_Pipeline_loop_neighbors1_fu_340_ap_start_reg  |   1|   0|    1|          0|
    |grp_bfs_Pipeline_loop_neighbors_fu_325_ap_start_reg   |   1|   0|    1|          0|
    |horizon_fu_120                                        |   4|   0|    4|          0|
    |icmp_ln21_reg_1047                                    |   1|   0|    1|          0|
    |icmp_ln39_reg_1147                                    |   1|   0|    1|          0|
    |level_addr_reg_1034                                   |   7|   0|    7|          0|
    |level_counts_0_addr_1_reg_1137                        |   2|   0|    2|          0|
    |level_counts_0_addr_2_reg_1228                        |   2|   0|    2|          0|
    |level_counts_1_addr_1_reg_1233                        |   2|   0|    2|          0|
    |level_counts_1_addr_reg_1142                          |   2|   0|    2|          0|
    |n_1_reg_298                                           |   9|   0|    9|          0|
    |n_2_reg_1071                                          |   9|   0|    9|          0|
    |n_3_reg_1162                                          |   9|   0|    9|          0|
    |n_reg_259                                             |   9|   0|    9|          0|
    |shl_ln1_reg_1131                                      |   1|   0|    7|          6|
    |shl_ln39_1_reg_1218                                   |   1|   0|    7|          6|
    |targetBlock1_reg_1198                                 |   1|   0|    1|          0|
    |targetBlock_reg_1107                                  |   1|   0|    1|          0|
    |tmp_1_reg_1117                                        |   1|   0|    1|          0|
    |tmp_2_reg_1084                                        |   1|   0|    1|          0|
    |tmp_3_reg_1213                                        |   1|   0|    1|          0|
    |tmp_4_reg_1224                                        |   1|   0|    1|          0|
    |tmp_5_reg_1175                                        |   1|   0|    1|          0|
    |tmp_begin_1_reg_1185                                  |  64|   0|   64|          0|
    |tmp_begin_reg_1094                                    |  64|   0|   64|          0|
    |tmp_end_1_reg_1190                                    |  64|   0|   64|          0|
    |tmp_end_reg_1099                                      |  64|   0|   64|          0|
    |tmp_reg_1126                                          |   1|   0|    1|          0|
    |zext_ln21_reg_1051                                    |   4|   0|    8|          4|
    |zext_ln24_reg_1063                                    |   3|   0|    8|          5|
    +------------------------------------------------------+----+----+-----+-----------+
    |Total                                                 | 894|   0|  916|         22|
    +------------------------------------------------------+----+----+-----+-----------+



================================================================
== Interface
================================================================
* Summary: 
+-------------------------+-----+-----+------------+----------------+--------------+
|        RTL Ports        | Dir | Bits|  Protocol  |  Source Object |    C Type    |
+-------------------------+-----+-----+------------+----------------+--------------+
|ap_clk                   |   in|    1|  ap_ctrl_hs|             bfs|  return value|
|ap_rst                   |   in|    1|  ap_ctrl_hs|             bfs|  return value|
|ap_start                 |   in|    1|  ap_ctrl_hs|             bfs|  return value|
|ap_done                  |  out|    1|  ap_ctrl_hs|             bfs|  return value|
|ap_idle                  |  out|    1|  ap_ctrl_hs|             bfs|  return value|
|ap_ready                 |  out|    1|  ap_ctrl_hs|             bfs|  return value|
|nodes_address0           |  out|    7|   ap_memory|           nodes|         array|
|nodes_ce0                |  out|    1|   ap_memory|           nodes|         array|
|nodes_q0                 |   in|  256|   ap_memory|           nodes|         array|
|edges_address0           |  out|   12|   ap_memory|           edges|         array|
|edges_ce0                |  out|    1|   ap_memory|           edges|         array|
|edges_q0                 |   in|   64|   ap_memory|           edges|         array|
|edges_address1           |  out|   12|   ap_memory|           edges|         array|
|edges_ce1                |  out|    1|   ap_memory|           edges|         array|
|edges_q1                 |   in|   64|   ap_memory|           edges|         array|
|starting_node            |   in|   64|     ap_none|   starting_node|        scalar|
|level_address0           |  out|    7|   ap_memory|           level|         array|
|level_ce0                |  out|    1|   ap_memory|           level|         array|
|level_we0                |  out|    1|   ap_memory|           level|         array|
|level_d0                 |  out|   16|   ap_memory|           level|         array|
|level_q0                 |   in|   16|   ap_memory|           level|         array|
|level_counts_0_address0  |  out|    2|   ap_memory|  level_counts_0|         array|
|level_counts_0_ce0       |  out|    1|   ap_memory|  level_counts_0|         array|
|level_counts_0_we0       |  out|    1|   ap_memory|  level_counts_0|         array|
|level_counts_0_d0        |  out|  128|   ap_memory|  level_counts_0|         array|
|level_counts_0_q0        |   in|  128|   ap_memory|  level_counts_0|         array|
|level_counts_1_address0  |  out|    2|   ap_memory|  level_counts_1|         array|
|level_counts_1_ce0       |  out|    1|   ap_memory|  level_counts_1|         array|
|level_counts_1_we0       |  out|    1|   ap_memory|  level_counts_1|         array|
|level_counts_1_d0        |  out|  128|   ap_memory|  level_counts_1|         array|
|level_counts_1_q0        |   in|  128|   ap_memory|  level_counts_1|         array|
+-------------------------+-----+-----+------------+----------------+--------------+

