

================================================================
== Vitis HLS Report for 'bfs'
================================================================
* Date:           Mon Mar 10 00:10:14 2025

* Version:        2022.1 (Build 3526262 on Mon Apr 18 15:47:01 MDT 2022)
* Project:        bfs_random_prj_p1
* Solution:       solution (Vivado IP Flow Target)
* Product family: virtex7
* Target device:  xc7vx485t-ffg1761-2


================================================================
== Performance Estimates
================================================================
+ Timing: 
    * Summary: 
    +--------+----------+----------+------------+
    |  Clock |  Target  | Estimated| Uncertainty|
    +--------+----------+----------+------------+
    |ap_clk  |  10.00 ns|  6.539 ns|     2.70 ns|
    +--------+----------+----------+------------+

+ Latency: 
    * Summary: 
    +---------+---------+----------+----------+-----+-----+---------+
    |  Latency (cycles) |  Latency (absolute) |  Interval | Pipeline|
    |   min   |   max   |    min   |    max   | min | max |   Type  |
    +---------+---------+----------+----------+-----+-----+---------+
    |        ?|        ?|         ?|         ?|    ?|    ?|       no|
    +---------+---------+----------+----------+-----+-----+---------+

    + Detail: 
        * Instance: 
        N/A

        * Loop: 
        +---------------------+---------+---------+----------+-----------+-----------+------+----------+
        |                     |  Latency (cycles) | Iteration|  Initiation Interval  | Trip |          |
        |      Loop Name      |   min   |   max   |  Latency |  achieved |   target  | Count| Pipelined|
        +---------------------+---------+---------+----------+-----------+-----------+------+----------+
        |- loop_horizons      |        ?|        ?|         ?|          -|          -|     ?|        no|
        | + loop_nodes        |        ?|        ?|         ?|          -|          -|   256|        no|
        |  ++ loop_neighbors  |        ?|        ?|         4|          -|          -|     ?|        no|
        +---------------------+---------+---------+----------+-----------+-----------+------+----------+



================================================================
== Utilization Estimates
================================================================
* Summary: 
+-----------------+---------+------+--------+--------+-----+
|       Name      | BRAM_18K|  DSP |   FF   |   LUT  | URAM|
+-----------------+---------+------+--------+--------+-----+
|DSP              |        -|     -|       -|       -|    -|
|Expression       |        -|     -|       0|    5897|    -|
|FIFO             |        -|     -|       -|       -|    -|
|Instance         |        -|     -|       0|      27|    -|
|Memory           |        -|     -|       -|       -|    -|
|Multiplexer      |        -|     -|       -|     209|    -|
|Register         |        -|     -|     587|       -|    -|
+-----------------+---------+------+--------+--------+-----+
|Total            |        0|     0|     587|    6133|    0|
+-----------------+---------+------+--------+--------+-----+
|Available        |     2060|  2800|  607200|  303600|    0|
+-----------------+---------+------+--------+--------+-----+
|Utilization (%)  |        0|     0|      ~0|       2|    0|
+-----------------+---------+------+--------+--------+-----+

+ Detail: 
    * Instance: 
    +------------------+---------------+---------+----+---+----+-----+
    |     Instance     |     Module    | BRAM_18K| DSP| FF| LUT| URAM|
    +------------------+---------------+---------+----+---+----+-----+
    |mux_21_64_1_1_U1  |mux_21_64_1_1  |        0|   0|  0|   9|    0|
    |mux_21_64_1_1_U2  |mux_21_64_1_1  |        0|   0|  0|   9|    0|
    |mux_21_64_1_1_U3  |mux_21_64_1_1  |        0|   0|  0|   9|    0|
    +------------------+---------------+---------+----+---+----+-----+
    |Total             |               |        0|   0|  0|  27|    0|
    +------------------+---------------+---------+----+---+----+-----+

    * DSP: 
    N/A

    * Memory: 
    N/A

    * FIFO: 
    N/A

    * Expression: 
    +--------------------------+----------+----+---+-----+------------+------------+
    |       Variable Name      | Operation| DSP| FF| LUT | Bitwidth P0| Bitwidth P1|
    +--------------------------+----------+----+---+-----+------------+------------+
    |add_ln21_cast2_fu_415_p2  |         +|   0|  0|   13|           4|           1|
    |add_ln21_cast_fu_421_p2   |         +|   0|  0|   10|           2|           1|
    |add_ln21_fu_409_p2        |         +|   0|  0|   71|          64|           1|
    |cnt_4_fu_810_p2           |         +|   0|  0|   71|          64|           1|
    |e_2_fu_817_p2             |         +|   0|  0|   71|          64|           1|
    |empty_fu_427_p2           |         +|   0|  0|   15|           8|           1|
    |n_1_fu_443_p2             |         +|   0|  0|   16|           9|           1|
    |and_ln18_fu_374_p2        |       and|   0|  0|   16|          16|          16|
    |and_ln33_fu_788_p2        |       and|   0|  0|   16|          16|          16|
    |and_ln39_1_fu_876_p2      |       and|   0|  0|  128|         128|         128|
    |and_ln39_2_fu_838_p2      |       and|   0|  0|  128|         128|         128|
    |and_ln39_fu_910_p2        |       and|   0|  0|    2|           1|           1|
    |icmp_ln21_fu_905_p2       |      icmp|   0|  0|   29|          64|           4|
    |icmp_ln24_fu_437_p2       |      icmp|   0|  0|   11|           9|          10|
    |icmp_ln25_fu_526_p2       |      icmp|   0|  0|   29|          64|          64|
    |icmp_ln28_1_fu_632_p2     |      icmp|   0|  0|   29|          64|          64|
    |icmp_ln28_fu_628_p2       |      icmp|   0|  0|   29|          64|          64|
    |icmp_ln32_fu_766_p2       |      icmp|   0|  0|   11|           8|           7|
    |icmp_ln39_fu_899_p2       |      icmp|   0|  0|   29|          64|           1|
    |lshr_ln25_fu_508_p2       |      lshr|   0|  0|   35|          16|          16|
    |lshr_ln26_1_fu_580_p2     |      lshr|   0|  0|  950|         256|         256|
    |lshr_ln26_fu_566_p2       |      lshr|   0|  0|  950|         256|         256|
    |lshr_ln29_1_fu_703_p2     |      lshr|   0|  0|  423|         128|         128|
    |lshr_ln29_fu_681_p2       |      lshr|   0|  0|  423|         128|         128|
    |lshr_ln30_fu_756_p2       |      lshr|   0|  0|   35|          16|          16|
    |level_counts_1_d0         |        or|   0|  0|  128|         128|         128|
    |or_ln33_fu_803_p2         |        or|   0|  0|   16|          16|          16|
    |or_ln39_fu_892_p2         |        or|   0|  0|  128|         128|         128|
    |shl_ln18_fu_362_p2        |       shl|   0|  0|   35|           8|          16|
    |shl_ln33_1_fu_797_p2      |       shl|   0|  0|   35|          16|          16|
    |shl_ln33_fu_776_p2        |       shl|   0|  0|   35|           8|          16|
    |shl_ln39_1_fu_886_p2      |       shl|   0|  0|  423|         128|         128|
    |shl_ln39_2_fu_826_p2      |       shl|   0|  0|  423|          64|         128|
    |shl_ln39_3_fu_848_p2      |       shl|   0|  0|  423|         128|         128|
    |shl_ln39_fu_864_p2        |       shl|   0|  0|  423|          64|         128|
    |xor_ln18_fu_368_p2        |       xor|   0|  0|   16|          16|           2|
    |xor_ln33_fu_782_p2        |       xor|   0|  0|   16|          16|           2|
    |xor_ln39_1_fu_832_p2      |       xor|   0|  0|  128|         128|           2|
    |xor_ln39_fu_870_p2        |       xor|   0|  0|  128|         128|           2|
    +--------------------------+----------+----+---+-----+------------+------------+
    |Total                     |          |   0|  0| 5897|        2617|        2150|
    +--------------------------+----------+----+---+-----+------------+------------+

    * Multiplexer: 
    +--------------------------------+----+-----------+-----+-----------+
    |              Name              | LUT| Input Size| Bits| Total Bits|
    +--------------------------------+----+-----------+-----+-----------+
    |ap_NS_fsm                       |  57|         14|    1|         14|
    |ap_phi_mux_cnt_2_phi_fu_303_p4  |  13|          3|   64|        192|
    |cnt_1_reg_278                   |   9|          2|   64|        128|
    |cnt_3_reg_311                   |   9|          2|   64|        128|
    |cnt_reg_254                     |   9|          2|   64|        128|
    |e_1_reg_289                     |   9|          2|   64|        128|
    |horizon_fu_128                  |   9|          2|   64|        128|
    |level_address0                  |  25|          6|    7|         42|
    |level_counts_0_address0         |  21|          5|    2|         10|
    |level_counts_0_d0               |  13|          3|  128|        384|
    |level_counts_1_address0         |  13|          3|    2|          6|
    |level_d0                        |  13|          3|   16|         48|
    |n_reg_266                       |   9|          2|    9|         18|
    +--------------------------------+----+-----------+-----+-----------+
    |Total                           | 209|         49|  549|       1354|
    +--------------------------------+----+-----------+-----+-----------+

    * Register: 
    +--------------------------------+----+----+-----+-----------+
    |              Name              | FF | LUT| Bits| Const Bits|
    +--------------------------------+----+----+-----+-----------+
    |add_ln21_cast2_reg_951          |   4|   0|    4|          0|
    |add_ln21_cast_reg_956           |   2|   0|    2|          0|
    |add_ln21_reg_945                |  64|   0|   64|          0|
    |and_ln_reg_986                  |   1|   0|    7|          6|
    |ap_CS_fsm                       |  13|   0|   13|          0|
    |cnt_1_reg_278                   |  64|   0|   64|          0|
    |cnt_3_reg_311                   |  64|   0|   64|          0|
    |cnt_reg_254                     |  64|   0|   64|          0|
    |e_1_reg_289                     |  64|   0|   64|          0|
    |empty_reg_961                   |   8|   0|    8|          0|
    |horizon_fu_128                  |  64|   0|   64|          0|
    |level_addr_2_reg_1062           |   7|   0|    7|          0|
    |level_addr_reg_932              |   7|   0|    7|          0|
    |level_counts_0_addr_1_reg_1001  |   2|   0|    2|          0|
    |level_counts_1_addr_reg_996     |   2|   0|    2|          0|
    |lshr_ln4_reg_1057               |   7|   0|    7|          0|
    |n_1_reg_976                     |   9|   0|    9|          0|
    |n_reg_266                       |   9|   0|    9|          0|
    |tmp_1_reg_1009                  |   1|   0|    1|          0|
    |tmp_begin_reg_1024              |  64|   0|   64|          0|
    |tmp_end_reg_1030                |  64|   0|   64|          0|
    |trunc_ln24_reg_966              |   1|   0|    1|          0|
    |trunc_ln30_reg_1052             |   1|   0|    1|          0|
    |trunc_ln39_reg_992              |   1|   0|    1|          0|
    +--------------------------------+----+----+-----+-----------+
    |Total                           | 587|   0|  593|          6|
    +--------------------------------+----+----+-----+-----------+



================================================================
== Interface
================================================================
* Summary: 
+-------------------------+-----+-----+------------+----------------+--------------+
|        RTL Ports        | Dir | Bits|  Protocol  |  Source Object |    C Type    |
+-------------------------+-----+-----+------------+----------------+--------------+
|ap_clk                   |   in|    1|  ap_ctrl_hs|             bfs|  return value|
|ap_rst                   |   in|    1|  ap_ctrl_hs|             bfs|  return value|
|ap_start                 |   in|    1|  ap_ctrl_hs|             bfs|  return value|
|ap_done                  |  out|    1|  ap_ctrl_hs|             bfs|  return value|
|ap_idle                  |  out|    1|  ap_ctrl_hs|             bfs|  return value|
|ap_ready                 |  out|    1|  ap_ctrl_hs|             bfs|  return value|
|nodes_0_address0         |  out|    6|   ap_memory|         nodes_0|         array|
|nodes_0_ce0              |  out|    1|   ap_memory|         nodes_0|         array|
|nodes_0_q0               |   in|  256|   ap_memory|         nodes_0|         array|
|nodes_1_address0         |  out|    6|   ap_memory|         nodes_1|         array|
|nodes_1_ce0              |  out|    1|   ap_memory|         nodes_1|         array|
|nodes_1_q0               |   in|  256|   ap_memory|         nodes_1|         array|
|edges_0_address0         |  out|   10|   ap_memory|         edges_0|         array|
|edges_0_ce0              |  out|    1|   ap_memory|         edges_0|         array|
|edges_0_q0               |   in|  128|   ap_memory|         edges_0|         array|
|edges_1_address0         |  out|   10|   ap_memory|         edges_1|         array|
|edges_1_ce0              |  out|    1|   ap_memory|         edges_1|         array|
|edges_1_q0               |   in|  128|   ap_memory|         edges_1|         array|
|starting_node            |   in|   64|     ap_none|   starting_node|        scalar|
|level_address0           |  out|    7|   ap_memory|           level|         array|
|level_ce0                |  out|    1|   ap_memory|           level|         array|
|level_we0                |  out|    1|   ap_memory|           level|         array|
|level_d0                 |  out|   16|   ap_memory|           level|         array|
|level_q0                 |   in|   16|   ap_memory|           level|         array|
|level_counts_0_address0  |  out|    2|   ap_memory|  level_counts_0|         array|
|level_counts_0_ce0       |  out|    1|   ap_memory|  level_counts_0|         array|
|level_counts_0_we0       |  out|    1|   ap_memory|  level_counts_0|         array|
|level_counts_0_d0        |  out|  128|   ap_memory|  level_counts_0|         array|
|level_counts_0_q0        |   in|  128|   ap_memory|  level_counts_0|         array|
|level_counts_1_address0  |  out|    2|   ap_memory|  level_counts_1|         array|
|level_counts_1_ce0       |  out|    1|   ap_memory|  level_counts_1|         array|
|level_counts_1_we0       |  out|    1|   ap_memory|  level_counts_1|         array|
|level_counts_1_d0        |  out|  128|   ap_memory|  level_counts_1|         array|
|level_counts_1_q0        |   in|  128|   ap_memory|  level_counts_1|         array|
+-------------------------+-----+-----+------------+----------------+--------------+

