

================================================================
== Vitis HLS Report for 'bfs'
================================================================
* Date:           Mon Mar 10 00:10:33 2025

* Version:        2022.1 (Build 3526262 on Mon Apr 18 15:47:01 MDT 2022)
* Project:        bfs_random_prj_p1
* Solution:       solution (Vivado IP Flow Target)
* Product family: virtex7
* Target device:  xc7vx485t-ffg1761-2


================================================================
== Performance Estimates
================================================================
+ Timing: 
    * Summary: 
    +--------+----------+----------+------------+
    |  Clock |  Target  | Estimated| Uncertainty|
    +--------+----------+----------+------------+
    |ap_clk  |  10.00 ns|  6.904 ns|     2.70 ns|
    +--------+----------+----------+------------+

+ Latency: 
    * Summary: 
    +---------+---------+----------+----------+-----+-----+---------+
    |  Latency (cycles) |  Latency (absolute) |  Interval | Pipeline|
    |   min   |   max   |    min   |    max   | min | max |   Type  |
    +---------+---------+----------+----------+-----+-----+---------+
    |        ?|        ?|         ?|         ?|    ?|    ?|       no|
    +---------+---------+----------+----------+-----+-----+---------+

    + Detail: 
        * Instance: 
        N/A

        * Loop: 
        +---------------------+---------+---------+----------+-----------+-----------+-------+----------+
        |                     |  Latency (cycles) | Iteration|  Initiation Interval  |  Trip |          |
        |      Loop Name      |   min   |   max   |  Latency |  achieved |   target  | Count | Pipelined|
        +---------------------+---------+---------+----------+-----------+-----------+-------+----------+
        |- loop_horizons      |        ?|        ?|         ?|          -|          -|  1 ~ 5|        no|
        | + loop_nodes        |        ?|        ?|         ?|          -|          -|    256|        no|
        |  ++ loop_neighbors  |        ?|        ?|         7|          -|          -|      ?|        no|
        | + loop_nodes        |        ?|        ?|         ?|          -|          -|    256|        no|
        |  ++ loop_neighbors  |        ?|        ?|         5|          -|          -|      ?|        no|
        +---------------------+---------+---------+----------+-----------+-----------+-------+----------+



================================================================
== Utilization Estimates
================================================================
* Summary: 
+-----------------+---------+------+--------+--------+-----+
|       Name      | BRAM_18K|  DSP |   FF   |   LUT  | URAM|
+-----------------+---------+------+--------+--------+-----+
|DSP              |        -|     -|       -|       -|    -|
|Expression       |        -|     -|       0|    3437|    -|
|FIFO             |        -|     -|       -|       -|    -|
|Instance         |        -|     -|       0|      36|    -|
|Memory           |        -|     -|       -|       -|    -|
|Multiplexer      |        -|     -|       -|     480|    -|
|Register         |        -|     -|    1690|       -|    -|
+-----------------+---------+------+--------+--------+-----+
|Total            |        0|     0|    1690|    3953|    0|
+-----------------+---------+------+--------+--------+-----+
|Available        |     2060|  2800|  607200|  303600|    0|
+-----------------+---------+------+--------+--------+-----+
|Utilization (%)  |        0|     0|      ~0|       1|    0|
+-----------------+---------+------+--------+--------+-----+

+ Detail: 
    * Instance: 
    +------------------+---------------+---------+----+---+----+-----+
    |     Instance     |     Module    | BRAM_18K| DSP| FF| LUT| URAM|
    +------------------+---------------+---------+----+---+----+-----+
    |mux_21_64_1_1_U1  |mux_21_64_1_1  |        0|   0|  0|   9|    0|
    |mux_21_64_1_1_U2  |mux_21_64_1_1  |        0|   0|  0|   9|    0|
    |mux_21_64_1_1_U3  |mux_21_64_1_1  |        0|   0|  0|   9|    0|
    |mux_21_64_1_1_U4  |mux_21_64_1_1  |        0|   0|  0|   9|    0|
    +------------------+---------------+---------+----+---+----+-----+
    |Total             |               |        0|   0|  0|  36|    0|
    +------------------+---------------+---------+----+---+----+-----+

    * DSP: 
    N/A

    * Memory: 
    N/A

    * FIFO: 
    N/A

    * Expression: 
    +------------------------+----------+----+---+-----+------------+------------+
    |      Variable Name     | Operation| DSP| FF| LUT | Bitwidth P0| Bitwidth P1|
    +------------------------+----------+----+---+-----+------------+------------+
    |add_ln21_fu_1043_p2     |         +|   0|  0|   13|           4|           2|
    |add_ln28_1_fu_1018_p2   |         +|   0|  0|   71|          64|           2|
    |add_ln28_2_fu_1328_p2   |         +|   0|  0|   71|          64|           1|
    |add_ln28_3_fu_1478_p2   |         +|   0|  0|   71|          64|           2|
    |add_ln28_4_fu_875_p2    |         +|   0|  0|   18|          11|           1|
    |add_ln28_5_fu_1334_p2   |         +|   0|  0|   18|          11|           1|
    |add_ln28_fu_869_p2      |         +|   0|  0|   71|          64|           1|
    |add_ln34_1_fu_1012_p2   |         +|   0|  0|   71|          64|           1|
    |add_ln34_2_fu_1321_p2   |         +|   0|  0|   71|          64|           1|
    |add_ln34_3_fu_1471_p2   |         +|   0|  0|   71|          64|           1|
    |add_ln34_fu_863_p2      |         +|   0|  0|   71|          64|           1|
    |add_ln39_fu_1080_p2     |         +|   0|  0|   14|           7|           5|
    |n_2_fu_618_p2           |         +|   0|  0|   16|           9|           1|
    |n_3_fu_1062_p2          |         +|   0|  0|   16|           9|           1|
    |and_ln18_fu_561_p2      |       and|   0|  0|   16|          16|          16|
    |and_ln33_1_fu_990_p2    |       and|   0|  0|   16|          16|          16|
    |and_ln33_2_fu_1299_p2   |       and|   0|  0|   16|          16|          16|
    |and_ln33_3_fu_1449_p2   |       and|   0|  0|   16|          16|          16|
    |and_ln33_fu_841_p2      |       and|   0|  0|   16|          16|          16|
    |icmp_ln21_fu_588_p2     |      icmp|   0|  0|    9|           4|           4|
    |icmp_ln24_1_fu_1056_p2  |      icmp|   0|  0|   11|           9|          10|
    |icmp_ln24_fu_612_p2     |      icmp|   0|  0|   11|           9|          10|
    |icmp_ln25_1_fu_1131_p2  |      icmp|   0|  0|   11|           8|           8|
    |icmp_ln25_fu_673_p2     |      icmp|   0|  0|   11|           8|           8|
    |icmp_ln28_1_fu_726_p2   |      icmp|   0|  0|   29|          64|          64|
    |icmp_ln28_2_fu_1178_p2  |      icmp|   0|  0|   29|          64|          64|
    |icmp_ln28_3_fu_880_p2   |      icmp|   0|  0|   29|          64|          64|
    |icmp_ln28_4_fu_1184_p2  |      icmp|   0|  0|   29|          64|          64|
    |icmp_ln28_5_fu_1339_p2  |      icmp|   0|  0|   29|          64|          64|
    |icmp_ln28_fu_720_p2     |      icmp|   0|  0|   29|          64|          64|
    |icmp_ln32_1_fu_961_p2   |      icmp|   0|  0|   11|           8|           7|
    |icmp_ln32_2_fu_1270_p2  |      icmp|   0|  0|   11|           8|           7|
    |icmp_ln32_3_fu_1420_p2  |      icmp|   0|  0|   11|           8|           7|
    |icmp_ln32_fu_812_p2     |      icmp|   0|  0|   11|           8|           7|
    |icmp_ln39_1_fu_1497_p2  |      icmp|   0|  0|   29|          64|           1|
    |icmp_ln39_fu_1037_p2    |      icmp|   0|  0|   29|          64|           1|
    |lshr_ln25_1_fu_1121_p2  |      lshr|   0|  0|   35|          16|          16|
    |lshr_ln25_fu_663_p2     |      lshr|   0|  0|   35|          16|          16|
    |lshr_ln29_1_fu_909_p2   |      lshr|   0|  0|  423|         128|         128|
    |lshr_ln29_2_fu_1218_p2  |      lshr|   0|  0|  423|         128|         128|
    |lshr_ln29_3_fu_1368_p2  |      lshr|   0|  0|  423|         128|         128|
    |lshr_ln29_fu_760_p2     |      lshr|   0|  0|  423|         128|         128|
    |lshr_ln30_1_fu_951_p2   |      lshr|   0|  0|   35|          16|          16|
    |lshr_ln30_2_fu_1260_p2  |      lshr|   0|  0|   35|          16|          16|
    |lshr_ln30_3_fu_1410_p2  |      lshr|   0|  0|   35|          16|          16|
    |lshr_ln30_fu_802_p2     |      lshr|   0|  0|   35|          16|          16|
    |conv20_fu_594_p2        |        or|   0|  0|    4|           4|           1|
    |or_ln33_1_fu_1005_p2    |        or|   0|  0|   16|          16|          16|
    |or_ln33_2_fu_1314_p2    |        or|   0|  0|   16|          16|          16|
    |or_ln33_3_fu_1464_p2    |        or|   0|  0|   16|          16|          16|
    |or_ln33_fu_856_p2       |        or|   0|  0|   16|          16|          16|
    |shl_ln18_fu_549_p2      |       shl|   0|  0|   35|           8|          16|
    |shl_ln33_1_fu_850_p2    |       shl|   0|  0|   35|          16|          16|
    |shl_ln33_2_fu_978_p2    |       shl|   0|  0|   35|           8|          16|
    |shl_ln33_3_fu_999_p2    |       shl|   0|  0|   35|          16|          16|
    |shl_ln33_4_fu_1287_p2   |       shl|   0|  0|   35|           8|          16|
    |shl_ln33_5_fu_1308_p2   |       shl|   0|  0|   35|          16|          16|
    |shl_ln33_6_fu_1437_p2   |       shl|   0|  0|   35|           8|          16|
    |shl_ln33_7_fu_1458_p2   |       shl|   0|  0|   35|          16|          16|
    |shl_ln33_fu_829_p2      |       shl|   0|  0|   35|           8|          16|
    |xor_ln18_fu_555_p2      |       xor|   0|  0|   16|          16|           2|
    |xor_ln33_1_fu_984_p2    |       xor|   0|  0|   16|          16|           2|
    |xor_ln33_2_fu_1293_p2   |       xor|   0|  0|   16|          16|           2|
    |xor_ln33_3_fu_1443_p2   |       xor|   0|  0|   16|          16|           2|
    |xor_ln33_fu_835_p2      |       xor|   0|  0|   16|          16|           2|
    +------------------------+----------+----+---+-----+------------+------------+
    |Total                   |          |   0|  0| 3437|        2085|        1382|
    +------------------------+----------+----+---+-----+------------+------------+

    * Multiplexer: 
    +----------------------------------+-----+-----------+-----+-----------+
    |               Name               | LUT | Input Size| Bits| Total Bits|
    +----------------------------------+-----+-----------+-----+-----------+
    |ap_NS_fsm                         |  139|         28|    1|         28|
    |ap_phi_mux_cnt_9_0_phi_fu_448_p4  |   13|          3|   64|        192|
    |ap_phi_mux_cnt_9_1_phi_fu_460_p4  |   13|          3|   64|        192|
    |cnt_1_reg_400                     |    9|          2|   64|        128|
    |cnt_2_0_reg_349                   |    9|          2|   64|        128|
    |cnt_2_1_reg_360                   |    9|          2|   64|        128|
    |cnt_2_ph_reg_372                  |    9|          2|   64|        128|
    |cnt_2_reg_384                     |    9|          2|   64|        128|
    |cnt_3_ph_reg_468                  |    9|          2|   64|        128|
    |cnt_3_reg_480                     |    9|          2|   64|        128|
    |cnt_4_0_reg_328                   |    9|          2|   64|        128|
    |cnt_6_0_reg_424                   |    9|          2|   64|        128|
    |cnt_9_0_reg_445                   |    9|          2|   64|        128|
    |cnt_reg_304                       |    9|          2|   64|        128|
    |e_2_0_reg_339                     |    9|          2|   64|        128|
    |e_4_0_reg_435                     |    9|          2|   64|        128|
    |edges_address0                    |   21|          5|   11|         55|
    |horizon_fu_124                    |    9|          2|    4|          8|
    |level_address0                    |   53|         13|    7|         91|
    |level_counts_address0             |   29|          7|    3|         21|
    |level_counts_d0                   |   17|          4|  128|        512|
    |level_d0                          |   25|          6|   16|         96|
    |n_1_reg_412                       |    9|          2|    9|         18|
    |n_reg_316                         |    9|          2|    9|         18|
    |nodes_0_address0                  |   13|          3|    7|         21|
    |nodes_1_address0                  |   13|          3|    7|         21|
    +----------------------------------+-----+-----------+-----+-----------+
    |Total                             |  480|        107| 1162|       2937|
    +----------------------------------+-----+-----------+-----+-----------+

    * Register: 
    +------------------------------+-----+----+-----+-----------+
    |             Name             |  FF | LUT| Bits| Const Bits|
    +------------------------------+-----+----+-----+-----------+
    |add_ln21_reg_1684             |    4|   0|    4|          0|
    |add_ln28_1_reg_1675           |   64|   0|   64|          0|
    |ap_CS_fsm                     |   27|   0|   27|          0|
    |cnt_1_reg_400                 |   64|   0|   64|          0|
    |cnt_2_0_reg_349               |   64|   0|   64|          0|
    |cnt_2_1_reg_360               |   64|   0|   64|          0|
    |cnt_2_ph_reg_372              |   64|   0|   64|          0|
    |cnt_2_reg_384                 |   64|   0|   64|          0|
    |cnt_3_ph_reg_468              |   64|   0|   64|          0|
    |cnt_3_reg_480                 |   64|   0|   64|          0|
    |cnt_4_0_reg_328               |   64|   0|   64|          0|
    |cnt_6_0_reg_424               |   64|   0|   64|          0|
    |cnt_9_0_reg_445               |   64|   0|   64|          0|
    |cnt_reg_304                   |   64|   0|   64|          0|
    |conv20_reg_1541               |    3|   0|    4|          1|
    |e_2_0_reg_339                 |   64|   0|   64|          0|
    |e_4_0_reg_435                 |   64|   0|   64|          0|
    |horizon_fu_124                |    4|   0|    4|          0|
    |icmp_ln21_reg_1537            |    1|   0|    1|          0|
    |icmp_ln39_reg_1680            |    1|   0|    1|          0|
    |level_addr_3_reg_1626         |    7|   0|    7|          0|
    |level_addr_4_reg_1662         |    7|   0|    7|          0|
    |level_addr_5_reg_1765         |    7|   0|    7|          0|
    |level_addr_6_reg_1796         |    7|   0|    7|          0|
    |level_addr_reg_1519           |    7|   0|    7|          0|
    |level_counts_addr_1_reg_1571  |    3|   0|    3|          0|
    |level_counts_addr_2_reg_1710  |    3|   0|    3|          0|
    |lshr_ln29_1_reg_1652          |  128|   0|  128|          0|
    |lshr_ln29_2_reg_1755          |  128|   0|  128|          0|
    |lshr_ln29_3_reg_1786          |  128|   0|  128|          0|
    |lshr_ln29_reg_1616            |  128|   0|  128|          0|
    |n_1_reg_412                   |    9|   0|    9|          0|
    |n_2_reg_1561                  |    9|   0|    9|          0|
    |n_3_reg_1700                  |    9|   0|    9|          0|
    |n_reg_316                     |    9|   0|    9|          0|
    |tmp_12_reg_1642               |    1|   0|    1|          0|
    |tmp_15_reg_1657               |    1|   0|    1|          0|
    |tmp_20_reg_1760               |    1|   0|    1|          0|
    |tmp_24_reg_1776               |    1|   0|    1|          0|
    |tmp_27_reg_1791               |    1|   0|    1|          0|
    |tmp_9_reg_1621                |    1|   0|    1|          0|
    |tmp_end_1_reg_1733            |   64|   0|   64|          0|
    |tmp_end_reg_1594              |   64|   0|   64|          0|
    |trunc_ln24_2_reg_1691         |    1|   0|    1|          0|
    |trunc_ln24_reg_1552           |    1|   0|    1|          0|
    |trunc_ln28_1_reg_1745         |   11|   0|   11|          0|
    |trunc_ln28_reg_1606           |   11|   0|   11|          0|
    |zext_ln21_reg_1532            |    4|   0|    8|          4|
    |zext_ln24_reg_1547            |    3|   0|    8|          5|
    +------------------------------+-----+----+-----+-----------+
    |Total                         | 1690|   0| 1700|         10|
    +------------------------------+-----+----+-----+-----------+



================================================================
== Interface
================================================================
* Summary: 
+-----------------------+-----+-----+------------+---------------+--------------+
|       RTL Ports       | Dir | Bits|  Protocol  | Source Object |    C Type    |
+-----------------------+-----+-----+------------+---------------+--------------+
|ap_clk                 |   in|    1|  ap_ctrl_hs|            bfs|  return value|
|ap_rst                 |   in|    1|  ap_ctrl_hs|            bfs|  return value|
|ap_start               |   in|    1|  ap_ctrl_hs|            bfs|  return value|
|ap_done                |  out|    1|  ap_ctrl_hs|            bfs|  return value|
|ap_idle                |  out|    1|  ap_ctrl_hs|            bfs|  return value|
|ap_ready               |  out|    1|  ap_ctrl_hs|            bfs|  return value|
|nodes_0_address0       |  out|    7|   ap_memory|        nodes_0|         array|
|nodes_0_ce0            |  out|    1|   ap_memory|        nodes_0|         array|
|nodes_0_q0             |   in|  128|   ap_memory|        nodes_0|         array|
|nodes_1_address0       |  out|    7|   ap_memory|        nodes_1|         array|
|nodes_1_ce0            |  out|    1|   ap_memory|        nodes_1|         array|
|nodes_1_q0             |   in|  128|   ap_memory|        nodes_1|         array|
|edges_address0         |  out|   11|   ap_memory|          edges|         array|
|edges_ce0              |  out|    1|   ap_memory|          edges|         array|
|edges_q0               |   in|  128|   ap_memory|          edges|         array|
|starting_node          |   in|   64|     ap_none|  starting_node|        scalar|
|level_address0         |  out|    7|   ap_memory|          level|         array|
|level_ce0              |  out|    1|   ap_memory|          level|         array|
|level_we0              |  out|    1|   ap_memory|          level|         array|
|level_d0               |  out|   16|   ap_memory|          level|         array|
|level_q0               |   in|   16|   ap_memory|          level|         array|
|level_counts_address0  |  out|    3|   ap_memory|   level_counts|         array|
|level_counts_ce0       |  out|    1|   ap_memory|   level_counts|         array|
|level_counts_we0       |  out|    1|   ap_memory|   level_counts|         array|
|level_counts_d0        |  out|  128|   ap_memory|   level_counts|         array|
|level_counts_q0        |   in|  128|   ap_memory|   level_counts|         array|
+-----------------------+-----+-----+------------+---------------+--------------+

