

================================================================
== Synthesis Summary Report of 'bfs'
================================================================
+ General Information: 
    * Date:           Mon Mar 10 00:10:34 2025
    * Version:        2022.1 (Build 3526262 on Mon Apr 18 15:47:01 MDT 2022)
    * Project:        bfs_random_prj_p1
    * Solution:       solution (Vivado IP Flow Target)
    * Product family: virtex7
    * Target device:  xc7vx485t-ffg1761-2
    

+ Performance & Resource Estimates: 
    
    PS: '+' for module; 'o' for loop; '*' for dataflow
    +---------------------+------+------+---------+--------+----------+---------+------+----------+------+----+------------+-----------+-----+
    |       Modules       | Issue|      | Latency | Latency| Iteration|         | Trip |          |      |    |            |           |     |
    |       & Loops       | Type | Slack| (cycles)|  (ns)  |  Latency | Interval| Count| Pipelined| BRAM | DSP|     FF     |    LUT    | URAM|
    +---------------------+------+------+---------+--------+----------+---------+------+----------+------+----+------------+-----------+-----+
    |+ bfs                |     -|  0.40|        -|       -|         -|        -|     -|        no|     -|   -|  1690 (~0%)|  3953 (1%)|    -|
    | o loop_horizons     |     -|  7.30|        -|       -|         -|        -|     -|        no|     -|   -|           -|          -|    -|
    |  o loop_nodes       |     -|  7.30|        -|       -|         -|        -|     -|        no|     -|   -|           -|          -|    -|
    |   o loop_neighbors  |     -|  7.30|        -|       -|         7|        -|     -|        no|     -|   -|           -|          -|    -|
    |  o loop_nodes       |     -|  7.30|        -|       -|         -|        -|     -|        no|     -|   -|           -|          -|    -|
    |   o loop_neighbors  |     -|  7.30|        -|       -|         5|        -|     -|        no|     -|   -|           -|          -|    -|
    +---------------------+------+------+---------+--------+----------+---------+------+----------+------+----+------------+-----------+-----+


================================================================
== HW Interfaces
================================================================
* AP_MEMORY
+-----------------------+----------+
| Interface             | Bitwidth |
+-----------------------+----------+
| edges_address0        | 11       |
| edges_q0              | 128      |
| level_address0        | 7        |
| level_counts_address0 | 3        |
| level_counts_d0       | 128      |
| level_counts_q0       | 128      |
| level_d0              | 16       |
| level_q0              | 16       |
| nodes_0_address0      | 7        |
| nodes_0_q0            | 128      |
| nodes_1_address0      | 7        |
| nodes_1_q0            | 128      |
+-----------------------+----------+

* REGISTER
+---------------+---------+----------+
| Interface     | Mode    | Bitwidth |
+---------------+---------+----------+
| starting_node | ap_none | 64       |
+---------------+---------+----------+

* TOP LEVEL CONTROL
+-----------+------------+-----------------------------------+
| Interface | Type       | Ports                             |
+-----------+------------+-----------------------------------+
| ap_clk    | clock      | ap_clk                            |
| ap_rst    | reset      | ap_rst                            |
| ap_ctrl   | ap_ctrl_hs | ap_done ap_idle ap_ready ap_start |
+-----------+------------+-----------------------------------+


================================================================
== SW I/O Information
================================================================
* Top Function Arguments
+---------------+-----------+--------------------+
| Argument      | Direction | Datatype           |
+---------------+-----------+--------------------+
| nodes         | in        | node_t_struct*     |
| edges         | in        | edge_t_struct*     |
| starting_node | in        | long unsigned int  |
| level         | inout     | signed char*       |
| level_counts  | inout     | long unsigned int* |
+---------------+-----------+--------------------+

* SW-to-HW Mapping
+---------------+-----------------------+---------+----------+
| Argument      | HW Interface          | HW Type | HW Usage |
+---------------+-----------------------+---------+----------+
| nodes         | nodes_0_address0      | port    | offset   |
| nodes         | nodes_0_ce0           | port    |          |
| nodes         | nodes_0_q0            | port    |          |
| nodes         | nodes_1_address0      | port    | offset   |
| nodes         | nodes_1_ce0           | port    |          |
| nodes         | nodes_1_q0            | port    |          |
| edges         | edges_address0        | port    | offset   |
| edges         | edges_ce0             | port    |          |
| edges         | edges_q0              | port    |          |
| starting_node | starting_node         | port    |          |
| level         | level_address0        | port    | offset   |
| level         | level_ce0             | port    |          |
| level         | level_we0             | port    |          |
| level         | level_d0              | port    |          |
| level         | level_q0              | port    |          |
| level_counts  | level_counts_address0 | port    | offset   |
| level_counts  | level_counts_ce0      | port    |          |
| level_counts  | level_counts_we0      | port    |          |
| level_counts  | level_counts_d0       | port    |          |
| level_counts  | level_counts_q0       | port    |          |
+---------------+-----------------------+---------+----------+


================================================================
== Bind Op Report
================================================================
+-------------------------+-----+--------+------------+-----+--------+---------+
| Name                    | DSP | Pragma | Variable   | Op  | Impl   | Latency |
+-------------------------+-----+--------+------------+-----+--------+---------+
| + bfs                   | 0   |        |            |     |        |         |
|   n_2_fu_618_p2         | -   |        | n_2        | add | fabric | 0       |
|   add_ln34_fu_863_p2    | -   |        | add_ln34   | add | fabric | 0       |
|   add_ln28_fu_869_p2    | -   |        | add_ln28   | add | fabric | 0       |
|   add_ln28_4_fu_875_p2  | -   |        | add_ln28_4 | add | fabric | 0       |
|   add_ln34_1_fu_1012_p2 | -   |        | add_ln34_1 | add | fabric | 0       |
|   add_ln28_1_fu_1018_p2 | -   |        | add_ln28_1 | add | fabric | 0       |
|   add_ln21_fu_1043_p2   | -   |        | add_ln21   | add | fabric | 0       |
|   n_3_fu_1062_p2        | -   |        | n_3        | add | fabric | 0       |
|   add_ln34_2_fu_1321_p2 | -   |        | add_ln34_2 | add | fabric | 0       |
|   add_ln28_2_fu_1328_p2 | -   |        | add_ln28_2 | add | fabric | 0       |
|   add_ln28_5_fu_1334_p2 | -   |        | add_ln28_5 | add | fabric | 0       |
|   add_ln34_3_fu_1471_p2 | -   |        | add_ln34_3 | add | fabric | 0       |
|   add_ln28_3_fu_1478_p2 | -   |        | add_ln28_3 | add | fabric | 0       |
|   add_ln39_fu_1080_p2   | -   |        | add_ln39   | add | fabric | 0       |
+-------------------------+-----+--------+------------+-----+--------+---------+


================================================================
== Bind Storage Report
================================================================
  No bind storage info in design

================================================================
== Pragma Report
================================================================
* Valid Pragma Syntax
+--------------------+------------------------------------------------+--------------------------------------------------------------------------------------------+
| Type               | Options                                        | Location                                                                                   |
+--------------------+------------------------------------------------+--------------------------------------------------------------------------------------------+
| array_partition    | variable=nodes cyclic factor=2 dim=1           | ../../../../dse_ds/MachSuite/random_ds/bfs/bulk/p1/script/dir_3.tcl:5 in bfs, nodes        |
| array_reshape      | variable=edges block factor=2 dim=1            | ../../../../dse_ds/MachSuite/random_ds/bfs/bulk/p1/script/dir_3.tcl:6 in bfs, edges        |
| array_reshape      | variable=level block factor=2 dim=1            | ../../../../dse_ds/MachSuite/random_ds/bfs/bulk/p1/script/dir_3.tcl:7 in bfs, level        |
| array_reshape      | variable=level_counts cyclic factor=2 dim=1    | ../../../../dse_ds/MachSuite/random_ds/bfs/bulk/p1/script/dir_3.tcl:8 in bfs, level_counts |
| bind_op            | variable=cnt op=add impl=dsp latency=-1        | ../../../../dse_ds/MachSuite/random_ds/bfs/bulk/p1/script/dir_3.tcl:12 in bfs, cnt         |
| bind_op            | variable=e op=add impl=fabric latency=-1       | ../../../../dse_ds/MachSuite/random_ds/bfs/bulk/p1/script/dir_3.tcl:11 in bfs, e           |
| bind_op            | variable=horizon op=add impl=fabric latency=-1 | ../../../../dse_ds/MachSuite/random_ds/bfs/bulk/p1/script/dir_3.tcl:9 in bfs, horizon      |
| bind_op            | variable=n op=add impl=fabric latency=-1       | ../../../../dse_ds/MachSuite/random_ds/bfs/bulk/p1/script/dir_3.tcl:10 in bfs, n           |
| expression_balance |                                                | ../../../../dse_ds/MachSuite/random_ds/bfs/bulk/p1/script/dir_3.tcl:1 in bfs               |
| pipeline           | off                                            | ../../../../dse_ds/MachSuite/random_ds/bfs/bulk/p1/script/dir_3.tcl:4 in bfs               |
| unroll             | factor=2                                       | ../../../../dse_ds/MachSuite/random_ds/bfs/bulk/p1/script/dir_3.tcl:3 in bfs               |
+--------------------+------------------------------------------------+--------------------------------------------------------------------------------------------+


