

================================================================
== Vitis HLS Report for 'bfs'
================================================================
* Date:           Mon Mar 10 00:12:42 2025

* Version:        2022.1 (Build 3526262 on Mon Apr 18 15:47:01 MDT 2022)
* Project:        bfs_random_prj_p1
* Solution:       solution (Vivado IP Flow Target)
* Product family: virtex7
* Target device:  xc7vx485t-ffg1761-2


================================================================
== Performance Estimates
================================================================
+ Timing: 
    * Summary: 
    +--------+----------+----------+------------+
    |  Clock |  Target  | Estimated| Uncertainty|
    +--------+----------+----------+------------+
    |ap_clk  |  10.00 ns|  6.904 ns|     2.70 ns|
    +--------+----------+----------+------------+

+ Latency: 
    * Summary: 
    +---------+---------+----------+----------+-----+-----+---------+
    |  Latency (cycles) |  Latency (absolute) |  Interval | Pipeline|
    |   min   |   max   |    min   |    max   | min | max |   Type  |
    +---------+---------+----------+----------+-----+-----+---------+
    |        ?|        ?|         ?|         ?|    ?|    ?|       no|
    +---------+---------+----------+----------+-----+-----+---------+

    + Detail: 
        * Instance: 
        +----------------------------------------+-----------------------------+---------+---------+----------+----------+-----+-----+---------+
        |                                        |                             |  Latency (cycles) |  Latency (absolute) |  Interval | Pipeline|
        |                Instance                |            Module           |   min   |   max   |    min   |    max   | min | max |   Type  |
        +----------------------------------------+-----------------------------+---------+---------+----------+----------+-----+-----+---------+
        |grp_bfs_Pipeline_loop_neighbors_fu_238  |bfs_Pipeline_loop_neighbors  |        ?|        ?|         ?|         ?|    ?|    ?|       no|
        +----------------------------------------+-----------------------------+---------+---------+----------+----------+-----+-----+---------+

        * Loop: 
        +-----------------+---------+---------+----------+-----------+-----------+------+----------+
        |                 |  Latency (cycles) | Iteration|  Initiation Interval  | Trip |          |
        |    Loop Name    |   min   |   max   |  Latency |  achieved |   target  | Count| Pipelined|
        +-----------------+---------+---------+----------+-----------+-----------+------+----------+
        |- loop_horizons  |        ?|        ?|         ?|          -|          -|     ?|        no|
        | + loop_nodes    |        ?|        ?|         ?|          -|          -|   256|        no|
        +-----------------+---------+---------+----------+-----------+-----------+------+----------+



================================================================
== Utilization Estimates
================================================================
* Summary: 
+-----------------+---------+------+--------+--------+-----+
|       Name      | BRAM_18K|  DSP |   FF   |   LUT  | URAM|
+-----------------+---------+------+--------+--------+-----+
|DSP              |        -|     -|       -|       -|    -|
|Expression       |        -|     -|       0|    2246|    -|
|FIFO             |        -|     -|       -|       -|    -|
|Instance         |        -|     -|     206|     849|    -|
|Memory           |        -|     -|       -|       -|    -|
|Multiplexer      |        -|     -|       -|     172|    -|
|Register         |        -|     -|     499|       -|    -|
+-----------------+---------+------+--------+--------+-----+
|Total            |        0|     0|     705|    3267|    0|
+-----------------+---------+------+--------+--------+-----+
|Available        |     2060|  2800|  607200|  303600|    0|
+-----------------+---------+------+--------+--------+-----+
|Utilization (%)  |        0|     0|      ~0|       1|    0|
+-----------------+---------+------+--------+--------+-----+

+ Detail: 
    * Instance: 
    +----------------------------------------+-----------------------------+---------+----+-----+-----+-----+
    |                Instance                |            Module           | BRAM_18K| DSP|  FF | LUT | URAM|
    +----------------------------------------+-----------------------------+---------+----+-----+-----+-----+
    |grp_bfs_Pipeline_loop_neighbors_fu_238  |bfs_Pipeline_loop_neighbors  |        0|   0|  206|  831|    0|
    |mux_21_64_1_1_U8                        |mux_21_64_1_1                |        0|   0|    0|    9|    0|
    |mux_21_64_1_1_U9                        |mux_21_64_1_1                |        0|   0|    0|    9|    0|
    +----------------------------------------+-----------------------------+---------+----+-----+-----+-----+
    |Total                                   |                             |        0|   0|  206|  849|    0|
    +----------------------------------------+-----------------------------+---------+----+-----+-----+-----+

    * DSP: 
    N/A

    * Memory: 
    N/A

    * FIFO: 
    N/A

    * Expression: 
    +-------------------------+----------+----+---+-----+------------+------------+
    |      Variable Name      | Operation| DSP| FF| LUT | Bitwidth P0| Bitwidth P1|
    +-------------------------+----------+----+---+-----+------------+------------+
    |add_ln21_cast_fu_323_p2  |         +|   0|  0|   13|           4|           1|
    |add_ln21_fu_317_p2       |         +|   0|  0|   71|          64|           1|
    |empty_fu_329_p2          |         +|   0|  0|   15|           8|           1|
    |n_1_fu_341_p2            |         +|   0|  0|   16|           9|           1|
    |and_ln18_fu_299_p2       |       and|   0|  0|   16|          16|          16|
    |and_ln39_fu_391_p2       |       and|   0|  0|    2|           1|           1|
    |icmp_ln21_fu_386_p2      |      icmp|   0|  0|   29|          64|           4|
    |icmp_ln24_fu_335_p2      |      icmp|   0|  0|   11|           9|          10|
    |icmp_ln25_fu_445_p2      |      icmp|   0|  0|   29|          64|          64|
    |icmp_ln28_fu_537_p2      |      icmp|   0|  0|   29|          64|          64|
    |icmp_ln39_fu_380_p2      |      icmp|   0|  0|   29|          64|           1|
    |lshr_ln25_fu_427_p2      |      lshr|   0|  0|   35|          16|          16|
    |lshr_ln26_1_fu_489_p2    |      lshr|   0|  0|  950|         256|         256|
    |lshr_ln26_fu_475_p2      |      lshr|   0|  0|  950|         256|         256|
    |shl_ln18_fu_287_p2       |       shl|   0|  0|   35|           8|          16|
    |xor_ln18_fu_293_p2       |       xor|   0|  0|   16|          16|           2|
    +-------------------------+----------+----+---+-----+------------+------------+
    |Total                    |          |   0|  0| 2246|         919|         710|
    +-------------------------+----------+----+---+-----+------------+------------+

    * Multiplexer: 
    +--------------------------------+----+-----------+-----+-----------+
    |              Name              | LUT| Input Size| Bits| Total Bits|
    +--------------------------------+----+-----------+-----+-----------+
    |ap_NS_fsm                       |  41|         10|    1|         10|
    |ap_phi_mux_cnt_3_phi_fu_227_p6  |   9|          2|   64|        128|
    |cnt_3_reg_223                   |   9|          2|   64|        128|
    |cnt_reg_197                     |   9|          2|   64|        128|
    |horizon_fu_100                  |   9|          2|   64|        128|
    |level_address0                  |  21|          5|    7|         35|
    |level_ce0                       |  13|          3|    1|          3|
    |level_counts_0_address0         |  13|          3|    3|          9|
    |level_counts_0_d0               |  13|          3|   64|        192|
    |level_d0                        |  13|          3|   16|         48|
    |level_we0                       |  13|          3|    1|          3|
    |n_reg_211                       |   9|          2|    9|         18|
    +--------------------------------+----+-----------+-----+-----------+
    |Total                           | 172|         40|  358|        830|
    +--------------------------------+----+-----------+-----+-----------+

    * Register: 
    +-----------------------------------------------------+----+----+-----+-----------+
    |                         Name                        | FF | LUT| Bits| Const Bits|
    +-----------------------------------------------------+----+----+-----+-----------+
    |add_ln21_cast_reg_579                                |   4|   0|    4|          0|
    |add_ln21_reg_573                                     |  64|   0|   64|          0|
    |ap_CS_fsm                                            |   9|   0|    9|          0|
    |cnt_3_reg_223                                        |  64|   0|   64|          0|
    |cnt_reg_197                                          |  64|   0|   64|          0|
    |empty_reg_584                                        |   8|   0|    8|          0|
    |grp_bfs_Pipeline_loop_neighbors_fu_238_ap_start_reg  |   1|   0|    1|          0|
    |horizon_1_reg_568                                    |  64|   0|   64|          0|
    |horizon_fu_100                                       |  64|   0|   64|          0|
    |icmp_ln25_reg_614                                    |   1|   0|    1|          0|
    |icmp_ln28_reg_645                                    |   1|   0|    1|          0|
    |level_addr_reg_563                                   |   7|   0|    7|          0|
    |n_1_reg_592                                          |   9|   0|    9|          0|
    |n_reg_211                                            |   9|   0|    9|          0|
    |tmp_begin_reg_633                                    |  64|   0|   64|          0|
    |tmp_end_reg_639                                      |  64|   0|   64|          0|
    |tmp_reg_618                                          |   1|   0|    1|          0|
    |trunc_ln24_reg_608                                   |   1|   0|    1|          0|
    +-----------------------------------------------------+----+----+-----+-----------+
    |Total                                                | 499|   0|  499|          0|
    +-----------------------------------------------------+----+----+-----+-----------+



================================================================
== Interface
================================================================
* Summary: 
+-------------------------+-----+-----+------------+----------------+--------------+
|        RTL Ports        | Dir | Bits|  Protocol  |  Source Object |    C Type    |
+-------------------------+-----+-----+------------+----------------+--------------+
|ap_clk                   |   in|    1|  ap_ctrl_hs|             bfs|  return value|
|ap_rst                   |   in|    1|  ap_ctrl_hs|             bfs|  return value|
|ap_start                 |   in|    1|  ap_ctrl_hs|             bfs|  return value|
|ap_done                  |  out|    1|  ap_ctrl_hs|             bfs|  return value|
|ap_idle                  |  out|    1|  ap_ctrl_hs|             bfs|  return value|
|ap_ready                 |  out|    1|  ap_ctrl_hs|             bfs|  return value|
|nodes_0_address0         |  out|    6|   ap_memory|         nodes_0|         array|
|nodes_0_ce0              |  out|    1|   ap_memory|         nodes_0|         array|
|nodes_0_q0               |   in|  256|   ap_memory|         nodes_0|         array|
|nodes_1_address0         |  out|    6|   ap_memory|         nodes_1|         array|
|nodes_1_ce0              |  out|    1|   ap_memory|         nodes_1|         array|
|nodes_1_q0               |   in|  256|   ap_memory|         nodes_1|         array|
|edges_address0           |  out|   11|   ap_memory|           edges|         array|
|edges_ce0                |  out|    1|   ap_memory|           edges|         array|
|edges_q0                 |   in|  128|   ap_memory|           edges|         array|
|starting_node            |   in|   64|     ap_none|   starting_node|        scalar|
|level_address0           |  out|    7|   ap_memory|           level|         array|
|level_ce0                |  out|    1|   ap_memory|           level|         array|
|level_we0                |  out|    1|   ap_memory|           level|         array|
|level_d0                 |  out|   16|   ap_memory|           level|         array|
|level_q0                 |   in|   16|   ap_memory|           level|         array|
|level_counts_0_address0  |  out|    3|   ap_memory|  level_counts_0|         array|
|level_counts_0_ce0       |  out|    1|   ap_memory|  level_counts_0|         array|
|level_counts_0_we0       |  out|    1|   ap_memory|  level_counts_0|         array|
|level_counts_0_d0        |  out|   64|   ap_memory|  level_counts_0|         array|
|level_counts_1_address0  |  out|    3|   ap_memory|  level_counts_1|         array|
|level_counts_1_ce0       |  out|    1|   ap_memory|  level_counts_1|         array|
|level_counts_1_we0       |  out|    1|   ap_memory|  level_counts_1|         array|
|level_counts_1_d0        |  out|   64|   ap_memory|  level_counts_1|         array|
+-------------------------+-----+-----+------------+----------------+--------------+

