

================================================================
== Vitis HLS Report for 'bfs'
================================================================
* Date:           Mon Mar 10 00:18:16 2025

* Version:        2022.1 (Build 3526262 on Mon Apr 18 15:47:01 MDT 2022)
* Project:        bfs_random_prj_p1
* Solution:       solution (Vivado IP Flow Target)
* Product family: virtex7
* Target device:  xc7vx485t-ffg1761-2


================================================================
== Performance Estimates
================================================================
+ Timing: 
    * Summary: 
    +--------+----------+----------+------------+
    |  Clock |  Target  | Estimated| Uncertainty|
    +--------+----------+----------+------------+
    |ap_clk  |  10.00 ns|  6.822 ns|     2.70 ns|
    +--------+----------+----------+------------+

+ Latency: 
    * Summary: 
    +---------+---------+----------+----------+-----+-----+---------+
    |  Latency (cycles) |  Latency (absolute) |  Interval | Pipeline|
    |   min   |   max   |    min   |    max   | min | max |   Type  |
    +---------+---------+----------+----------+-----+-----+---------+
    |        ?|        ?|         ?|         ?|    ?|    ?|       no|
    +---------+---------+----------+----------+-----+-----+---------+

    + Detail: 
        * Instance: 
        N/A

        * Loop: 
        +---------------------+---------+---------+----------+-----------+-----------+-------+----------+
        |                     |  Latency (cycles) | Iteration|  Initiation Interval  |  Trip |          |
        |      Loop Name      |   min   |   max   |  Latency |  achieved |   target  | Count | Pipelined|
        +---------------------+---------+---------+----------+-----------+-----------+-------+----------+
        |- loop_horizons      |        ?|        ?|         ?|          -|          -|  1 ~ 5|        no|
        | + loop_nodes        |        ?|        ?|         ?|          -|          -|    128|        no|
        |  ++ loop_neighbors  |        ?|        ?|         5|          -|          -|      ?|        no|
        |  ++ loop_neighbors  |        ?|        ?|         5|          -|          -|      ?|        no|
        | + loop_nodes        |        ?|        ?|         ?|          -|          -|    128|        no|
        |  ++ loop_neighbors  |        ?|        ?|         5|          -|          -|      ?|        no|
        |  ++ loop_neighbors  |        ?|        ?|         4|          -|          -|      ?|        no|
        +---------------------+---------+---------+----------+-----------+-----------+-------+----------+



================================================================
== Utilization Estimates
================================================================
* Summary: 
+-----------------+---------+------+--------+--------+-----+
|       Name      | BRAM_18K|  DSP |   FF   |   LUT  | URAM|
+-----------------+---------+------+--------+--------+-----+
|DSP              |        -|     -|       -|       -|    -|
|Expression       |        -|     -|       0|    2283|    -|
|FIFO             |        -|     -|       -|       -|    -|
|Instance         |        -|     -|       0|      36|    -|
|Memory           |        -|     -|       -|       -|    -|
|Multiplexer      |        -|     -|       -|     621|    -|
|Register         |        -|     -|    1946|       -|    -|
+-----------------+---------+------+--------+--------+-----+
|Total            |        0|     0|    1946|    2940|    0|
+-----------------+---------+------+--------+--------+-----+
|Available        |     2060|  2800|  607200|  303600|    0|
+-----------------+---------+------+--------+--------+-----+
|Utilization (%)  |        0|     0|      ~0|      ~0|    0|
+-----------------+---------+------+--------+--------+-----+

+ Detail: 
    * Instance: 
    +-----------------+--------------+---------+----+---+----+-----+
    |     Instance    |    Module    | BRAM_18K| DSP| FF| LUT| URAM|
    +-----------------+--------------+---------+----+---+----+-----+
    |mux_21_8_1_1_U1  |mux_21_8_1_1  |        0|   0|  0|   9|    0|
    |mux_21_8_1_1_U2  |mux_21_8_1_1  |        0|   0|  0|   9|    0|
    |mux_21_8_1_1_U3  |mux_21_8_1_1  |        0|   0|  0|   9|    0|
    |mux_21_8_1_1_U4  |mux_21_8_1_1  |        0|   0|  0|   9|    0|
    +-----------------+--------------+---------+----+---+----+-----+
    |Total            |              |        0|   0|  0|  36|    0|
    +-----------------+--------------+---------+----+---+----+-----+

    * DSP: 
    N/A

    * Memory: 
    N/A

    * FIFO: 
    N/A

    * Expression: 
    +------------------------+----------+----+---+----+------------+------------+
    |      Variable Name     | Operation| DSP| FF| LUT| Bitwidth P0| Bitwidth P1|
    +------------------------+----------+----+---+----+------------+------------+
    |add_ln21_fu_1265_p2     |         +|   0|  0|  13|           4|           2|
    |add_ln39_fu_1300_p2     |         +|   0|  0|  14|           7|           5|
    |cnt_18_fu_1052_p2       |         +|   0|  0|  71|          64|           1|
    |cnt_19_fu_1527_p2       |         +|   0|  0|  71|          64|           1|
    |cnt_20_fu_1234_p2       |         +|   0|  0|  71|          64|           1|
    |cnt_21_fu_1709_p2       |         +|   0|  0|  71|          64|           1|
    |e_10_fu_1240_p2         |         +|   0|  0|  71|          64|           1|
    |e_11_fu_1716_p2         |         +|   0|  0|  71|          64|           1|
    |e_5_fu_1058_p2          |         +|   0|  0|  71|          64|           1|
    |e_8_fu_1533_p2          |         +|   0|  0|  71|          64|           1|
    |n_2_fu_1096_p2          |         +|   0|  0|  16|           9|           2|
    |n_3_fu_1571_p2          |         +|   0|  0|  16|           9|           2|
    |and_ln18_1_fu_731_p2    |       and|   0|  0|  16|          16|          16|
    |and_ln18_fu_761_p2      |       and|   0|  0|  16|          16|          16|
    |and_ln33_1_fu_1010_p2   |       and|   0|  0|  16|          16|          16|
    |and_ln33_2_fu_1506_p2   |       and|   0|  0|  16|          16|          16|
    |and_ln33_3_fu_1485_p2   |       and|   0|  0|  16|          16|          16|
    |and_ln33_4_fu_1213_p2   |       and|   0|  0|  16|          16|          16|
    |and_ln33_5_fu_1192_p2   |       and|   0|  0|  16|          16|          16|
    |and_ln33_6_fu_1688_p2   |       and|   0|  0|  16|          16|          16|
    |and_ln33_7_fu_1667_p2   |       and|   0|  0|  16|          16|          16|
    |and_ln33_fu_1031_p2     |       and|   0|  0|  16|          16|          16|
    |grp_fu_666_p2           |      icmp|   0|  0|  29|          64|          64|
    |icmp_ln21_fu_793_p2     |      icmp|   0|  0|   9|           4|           4|
    |icmp_ln25_1_fu_1366_p2  |      icmp|   0|  0|  11|           8|           8|
    |icmp_ln25_2_fu_1077_p2  |      icmp|   0|  0|  11|           8|           8|
    |icmp_ln25_3_fu_1552_p2  |      icmp|   0|  0|  11|           8|           8|
    |icmp_ln25_fu_891_p2     |      icmp|   0|  0|  11|           8|           8|
    |icmp_ln28_1_fu_906_p2   |      icmp|   0|  0|  29|          64|          64|
    |icmp_ln28_2_fu_1375_p2  |      icmp|   0|  0|  29|          64|          64|
    |icmp_ln28_4_fu_1381_p2  |      icmp|   0|  0|  29|          64|          64|
    |icmp_ln28_5_fu_1082_p2  |      icmp|   0|  0|  29|          64|          64|
    |icmp_ln28_7_fu_1557_p2  |      icmp|   0|  0|  29|          64|          64|
    |icmp_ln28_fu_900_p2     |      icmp|   0|  0|  29|          64|          64|
    |icmp_ln32_1_fu_1456_p2  |      icmp|   0|  0|  11|           8|           7|
    |icmp_ln32_2_fu_1163_p2  |      icmp|   0|  0|  11|           8|           7|
    |icmp_ln32_3_fu_1638_p2  |      icmp|   0|  0|  11|           8|           7|
    |icmp_ln32_fu_981_p2     |      icmp|   0|  0|  11|           8|           7|
    |icmp_ln39_1_fu_1735_p2  |      icmp|   0|  0|  29|          64|           1|
    |icmp_ln39_fu_1259_p2    |      icmp|   0|  0|  29|          64|           1|
    |lshr_ln25_2_fu_1356_p2  |      lshr|   0|  0|  35|          16|          16|
    |lshr_ln25_4_fu_1067_p2  |      lshr|   0|  0|  35|          16|          16|
    |lshr_ln25_5_fu_1542_p2  |      lshr|   0|  0|  35|          16|          16|
    |lshr_ln25_fu_881_p2     |      lshr|   0|  0|  35|          16|          16|
    |lshr_ln30_1_fu_962_p2   |      lshr|   0|  0|  35|          16|          16|
    |lshr_ln30_2_fu_1416_p2  |      lshr|   0|  0|  35|          16|          16|
    |lshr_ln30_3_fu_1437_p2  |      lshr|   0|  0|  35|          16|          16|
    |lshr_ln30_4_fu_1123_p2  |      lshr|   0|  0|  35|          16|          16|
    |lshr_ln30_5_fu_1144_p2  |      lshr|   0|  0|  35|          16|          16|
    |lshr_ln30_6_fu_1598_p2  |      lshr|   0|  0|  35|          16|          16|
    |lshr_ln30_7_fu_1619_p2  |      lshr|   0|  0|  35|          16|          16|
    |lshr_ln30_fu_941_p2     |      lshr|   0|  0|  35|          16|          16|
    |conv20_fu_799_p2        |        or|   0|  0|   4|           4|           1|
    |or_ln33_1_fu_1025_p2    |        or|   0|  0|  16|          16|          16|
    |or_ln33_2_fu_1521_p2    |        or|   0|  0|  16|          16|          16|
    |or_ln33_3_fu_1500_p2    |        or|   0|  0|  16|          16|          16|
    |or_ln33_4_fu_1228_p2    |        or|   0|  0|  16|          16|          16|
    |or_ln33_5_fu_1207_p2    |        or|   0|  0|  16|          16|          16|
    |or_ln33_6_fu_1703_p2    |        or|   0|  0|  16|          16|          16|
    |or_ln33_7_fu_1682_p2    |        or|   0|  0|  16|          16|          16|
    |or_ln33_fu_1046_p2      |        or|   0|  0|  16|          16|          16|
    |shl_ln18_1_fu_719_p2    |       shl|   0|  0|  35|           8|          16|
    |shl_ln18_fu_749_p2      |       shl|   0|  0|  35|           8|          16|
    |shl_ln33_10_fu_1697_p2  |       shl|   0|  0|  35|          16|          16|
    |shl_ln33_11_fu_1676_p2  |       shl|   0|  0|  35|          16|          16|
    |shl_ln33_1_fu_1040_p2   |       shl|   0|  0|  35|          16|          16|
    |shl_ln33_2_fu_1019_p2   |       shl|   0|  0|  35|          16|          16|
    |shl_ln33_3_fu_1473_p2   |       shl|   0|  0|  35|           8|          16|
    |shl_ln33_4_fu_1515_p2   |       shl|   0|  0|  35|          16|          16|
    |shl_ln33_5_fu_1494_p2   |       shl|   0|  0|  35|          16|          16|
    |shl_ln33_6_fu_1180_p2   |       shl|   0|  0|  35|           8|          16|
    |shl_ln33_7_fu_1222_p2   |       shl|   0|  0|  35|          16|          16|
    |shl_ln33_8_fu_1201_p2   |       shl|   0|  0|  35|          16|          16|
    |shl_ln33_9_fu_1655_p2   |       shl|   0|  0|  35|           8|          16|
    |shl_ln33_fu_998_p2      |       shl|   0|  0|  35|           8|          16|
    |xor_ln18_1_fu_725_p2    |       xor|   0|  0|  16|          16|           2|
    |xor_ln18_fu_755_p2      |       xor|   0|  0|  16|          16|           2|
    |xor_ln33_1_fu_1479_p2   |       xor|   0|  0|  16|          16|           2|
    |xor_ln33_2_fu_1186_p2   |       xor|   0|  0|  16|          16|           2|
    |xor_ln33_3_fu_1661_p2   |       xor|   0|  0|  16|          16|           2|
    |xor_ln33_fu_1004_p2     |       xor|   0|  0|  16|          16|           2|
    +------------------------+----------+----+---+----+------------+------------+
    |Total                   |          |   0|  0|2283|        1941|        1250|
    +------------------------+----------+----+---+----+------------+------------+

    * Multiplexer: 
    +---------------------------------+-----+-----------+-----+-----------+
    |               Name              | LUT | Input Size| Bits| Total Bits|
    +---------------------------------+-----+-----------+-----+-----------+
    |ap_NS_fsm                        |  171|         38|    1|         38|
    |ap_phi_mux_cnt_17_phi_fu_578_p4  |    9|          2|   64|        128|
    |cnt_11_reg_526                   |    9|          2|   64|        128|
    |cnt_13_reg_553                   |    9|          2|   64|        128|
    |cnt_14_reg_453                   |    9|          2|   64|        128|
    |cnt_15_reg_586                   |   13|          3|   64|        192|
    |cnt_17_reg_574                   |    9|          2|   64|        128|
    |cnt_1_reg_481                    |    9|          2|   64|        128|
    |cnt_2_reg_405                    |    9|          2|   64|        128|
    |cnt_3_reg_417                    |    9|          2|   64|        128|
    |cnt_4_reg_384                    |    9|          2|   64|        128|
    |cnt_6_reg_505                    |    9|          2|   64|        128|
    |cnt_7_reg_538                    |    9|          2|   64|        128|
    |cnt_8_reg_432                    |    9|          2|   64|        128|
    |cnt_9_reg_465                    |   13|          3|   64|        192|
    |cnt_reg_360                      |    9|          2|   64|        128|
    |e_1_reg_395                      |    9|          2|   64|        128|
    |e_4_reg_516                      |    9|          2|   64|        128|
    |e_6_reg_443                      |    9|          2|   64|        128|
    |e_9_reg_564                      |    9|          2|   64|        128|
    |edges_address0                   |   21|          5|   12|         60|
    |horizon_fu_124                   |    9|          2|    4|          8|
    |level_0_address0                 |   53|         13|    6|         78|
    |level_0_d0                       |   25|          6|   16|         96|
    |level_1_address0                 |   53|         13|    6|         78|
    |level_1_d0                       |   25|          6|   16|         96|
    |level_counts_address0            |   29|          7|    3|         21|
    |level_counts_d0                  |   17|          4|  128|        512|
    |n_1_reg_493                      |    9|          2|    9|         18|
    |n_reg_372                        |    9|          2|    9|         18|
    |nodes_address0                   |   21|          5|    7|         35|
    +---------------------------------+-----+-----------+-----+-----------+
    |Total                            |  621|        143| 1433|       3618|
    +---------------------------------+-----+-----------+-----+-----------+

    * Register: 
    +------------------------------+----+----+-----+-----------+
    |             Name             | FF | LUT| Bits| Const Bits|
    +------------------------------+----+----+-----+-----------+
    |add_ln21_reg_2020             |   4|   0|    4|          0|
    |and_ln1_reg_1826              |   1|   0|    4|          3|
    |and_ln25_1_reg_2047           |   1|   0|    4|          3|
    |ap_CS_fsm                     |  37|   0|   37|          0|
    |cnt_11_reg_526                |  64|   0|   64|          0|
    |cnt_13_reg_553                |  64|   0|   64|          0|
    |cnt_14_reg_453                |  64|   0|   64|          0|
    |cnt_15_reg_586                |  64|   0|   64|          0|
    |cnt_17_reg_574                |  64|   0|   64|          0|
    |cnt_1_reg_481                 |  64|   0|   64|          0|
    |cnt_2_reg_405                 |  64|   0|   64|          0|
    |cnt_3_reg_417                 |  64|   0|   64|          0|
    |cnt_4_reg_384                 |  64|   0|   64|          0|
    |cnt_6_reg_505                 |  64|   0|   64|          0|
    |cnt_7_reg_538                 |  64|   0|   64|          0|
    |cnt_8_reg_432                 |  64|   0|   64|          0|
    |cnt_9_reg_465                 |  64|   0|   64|          0|
    |cnt_reg_360                   |  64|   0|   64|          0|
    |conv20_reg_1794               |   3|   0|    4|          1|
    |e_10_reg_2011                 |  64|   0|   64|          0|
    |e_1_reg_395                   |  64|   0|   64|          0|
    |e_4_reg_516                   |  64|   0|   64|          0|
    |e_5_reg_1921                  |  64|   0|   64|          0|
    |e_6_reg_443                   |  64|   0|   64|          0|
    |e_8_reg_2142                  |  64|   0|   64|          0|
    |e_9_reg_564                   |  64|   0|   64|          0|
    |horizon_fu_124                |   4|   0|    4|          0|
    |icmp_ln21_reg_1790            |   1|   0|    1|          0|
    |icmp_ln25_1_reg_2057          |   1|   0|    1|          0|
    |icmp_ln25_2_reg_1926          |   1|   0|    1|          0|
    |icmp_ln25_3_reg_2147          |   1|   0|    1|          0|
    |icmp_ln25_reg_1836            |   1|   0|    1|          0|
    |icmp_ln28_2_reg_2076          |   1|   0|    1|          0|
    |icmp_ln28_3_reg_1945          |   1|   0|    1|          0|
    |icmp_ln28_6_reg_2166          |   1|   0|    1|          0|
    |icmp_ln28_reg_1855            |   1|   0|    1|          0|
    |icmp_ln32_1_reg_2123          |   1|   0|    1|          0|
    |icmp_ln32_2_reg_1992          |   1|   0|    1|          0|
    |icmp_ln32_3_reg_2213          |   1|   0|    1|          0|
    |icmp_ln32_reg_1902            |   1|   0|    1|          0|
    |icmp_ln39_reg_2016            |   1|   0|    1|          0|
    |level_0_addr_3_reg_1892       |   6|   0|    6|          0|
    |level_0_addr_4_reg_2113       |   6|   0|    6|          0|
    |level_0_addr_5_reg_1982       |   6|   0|    6|          0|
    |level_0_addr_6_reg_2203       |   6|   0|    6|          0|
    |level_0_addr_reg_1759         |   6|   0|    6|          0|
    |level_1_addr_1_reg_1897       |   6|   0|    6|          0|
    |level_1_addr_3_reg_2118       |   6|   0|    6|          0|
    |level_1_addr_5_reg_1987       |   6|   0|    6|          0|
    |level_1_addr_6_reg_2208       |   6|   0|    6|          0|
    |level_1_addr_reg_1764         |   6|   0|    6|          0|
    |level_counts_addr_1_reg_1821  |   3|   0|    3|          0|
    |level_counts_addr_2_reg_2042  |   3|   0|    3|          0|
    |n_1_reg_493                   |   9|   0|    9|          0|
    |n_2_reg_1957                  |   9|   0|    9|          0|
    |n_3_reg_2178                  |   9|   0|    9|          0|
    |n_reg_372                     |   9|   0|    9|          0|
    |or_ln33_1_reg_1906            |  16|   0|   16|          0|
    |or_ln33_2_reg_2132            |  16|   0|   16|          0|
    |or_ln33_3_reg_2127            |  16|   0|   16|          0|
    |or_ln33_4_reg_2001            |  16|   0|   16|          0|
    |or_ln33_5_reg_1996            |  16|   0|   16|          0|
    |or_ln33_6_reg_2222            |  16|   0|   16|          0|
    |or_ln33_7_reg_2217            |  16|   0|   16|          0|
    |or_ln33_reg_1911              |  16|   0|   16|          0|
    |tmp_10_reg_1877               |   1|   0|    1|          0|
    |tmp_11_reg_1882               |   1|   0|    1|          0|
    |tmp_12_reg_1887               |   1|   0|    1|          0|
    |tmp_16_reg_2098               |   1|   0|    1|          0|
    |tmp_17_reg_2103               |   1|   0|    1|          0|
    |tmp_18_reg_2108               |   1|   0|    1|          0|
    |tmp_1_reg_1750                |   1|   0|    1|          0|
    |tmp_22_reg_1967               |   1|   0|    1|          0|
    |tmp_23_reg_1972               |   1|   0|    1|          0|
    |tmp_24_reg_1977               |   1|   0|    1|          0|
    |tmp_28_reg_2188               |   1|   0|    1|          0|
    |tmp_29_reg_2193               |   1|   0|    1|          0|
    |tmp_30_reg_2198               |   1|   0|    1|          0|
    |tmp_end_1_reg_2071            |  64|   0|   64|          0|
    |tmp_end_2_reg_1940            |  64|   0|   64|          0|
    |tmp_end_3_reg_2161            |  64|   0|   64|          0|
    |tmp_end_reg_1850              |  64|   0|   64|          0|
    |tmp_reg_1745                  |   1|   0|    1|          0|
    |trunc_ln18_reg_1755           |   1|   0|    1|          0|
    |trunc_ln29_1_reg_1872         |   1|   0|    1|          0|
    |trunc_ln29_3_reg_2093         |   1|   0|    1|          0|
    |trunc_ln29_5_reg_1962         |   1|   0|    1|          0|
    |trunc_ln29_7_reg_2183         |   1|   0|    1|          0|
    |zext_ln21_reg_1784            |   4|   0|    8|          4|
    |zext_ln24_reg_1802            |   3|   0|    8|          5|
    |zext_ln25_1_reg_1811          |   6|   0|   64|         58|
    |zext_ln25_3_reg_2052          |   7|   0|   64|         57|
    |zext_ln25_4_reg_2032          |   6|   0|   64|         58|
    |zext_ln25_reg_1831            |   7|   0|   64|         57|
    +------------------------------+----+----+-----+-----------+
    |Total                         |1946|   0| 2192|        246|
    +------------------------------+----+----+-----+-----------+



================================================================
== Interface
================================================================
* Summary: 
+-----------------------+-----+-----+------------+---------------+--------------+
|       RTL Ports       | Dir | Bits|  Protocol  | Source Object |    C Type    |
+-----------------------+-----+-----+------------+---------------+--------------+
|ap_clk                 |   in|    1|  ap_ctrl_hs|            bfs|  return value|
|ap_rst                 |   in|    1|  ap_ctrl_hs|            bfs|  return value|
|ap_start               |   in|    1|  ap_ctrl_hs|            bfs|  return value|
|ap_done                |  out|    1|  ap_ctrl_hs|            bfs|  return value|
|ap_idle                |  out|    1|  ap_ctrl_hs|            bfs|  return value|
|ap_ready               |  out|    1|  ap_ctrl_hs|            bfs|  return value|
|nodes_address0         |  out|    7|   ap_memory|          nodes|         array|
|nodes_ce0              |  out|    1|   ap_memory|          nodes|         array|
|nodes_q0               |   in|  256|   ap_memory|          nodes|         array|
|edges_address0         |  out|   12|   ap_memory|          edges|         array|
|edges_ce0              |  out|    1|   ap_memory|          edges|         array|
|edges_q0               |   in|   64|   ap_memory|          edges|         array|
|starting_node          |   in|   64|     ap_none|  starting_node|        scalar|
|level_0_address0       |  out|    6|   ap_memory|        level_0|         array|
|level_0_ce0            |  out|    1|   ap_memory|        level_0|         array|
|level_0_we0            |  out|    1|   ap_memory|        level_0|         array|
|level_0_d0             |  out|   16|   ap_memory|        level_0|         array|
|level_0_q0             |   in|   16|   ap_memory|        level_0|         array|
|level_1_address0       |  out|    6|   ap_memory|        level_1|         array|
|level_1_ce0            |  out|    1|   ap_memory|        level_1|         array|
|level_1_we0            |  out|    1|   ap_memory|        level_1|         array|
|level_1_d0             |  out|   16|   ap_memory|        level_1|         array|
|level_1_q0             |   in|   16|   ap_memory|        level_1|         array|
|level_counts_address0  |  out|    3|   ap_memory|   level_counts|         array|
|level_counts_ce0       |  out|    1|   ap_memory|   level_counts|         array|
|level_counts_we0       |  out|    1|   ap_memory|   level_counts|         array|
|level_counts_d0        |  out|  128|   ap_memory|   level_counts|         array|
|level_counts_q0        |   in|  128|   ap_memory|   level_counts|         array|
+-----------------------+-----+-----+------------+---------------+--------------+

