

================================================================
== Vitis HLS Report for 'bfs'
================================================================
* Date:           Mon Mar 10 00:17:05 2025

* Version:        2022.1 (Build 3526262 on Mon Apr 18 15:47:01 MDT 2022)
* Project:        bfs_random_prj_p1
* Solution:       solution (Vivado IP Flow Target)
* Product family: virtex7
* Target device:  xc7vx485t-ffg1761-2


================================================================
== Performance Estimates
================================================================
+ Timing: 
    * Summary: 
    +--------+----------+----------+------------+
    |  Clock |  Target  | Estimated| Uncertainty|
    +--------+----------+----------+------------+
    |ap_clk  |  10.00 ns|  6.904 ns|     2.70 ns|
    +--------+----------+----------+------------+

+ Latency: 
    * Summary: 
    +---------+---------+----------+----------+-----+-----+---------+
    |  Latency (cycles) |  Latency (absolute) |  Interval | Pipeline|
    |   min   |   max   |    min   |    max   | min | max |   Type  |
    +---------+---------+----------+----------+-----+-----+---------+
    |        ?|        ?|         ?|         ?|    ?|    ?|       no|
    +---------+---------+----------+----------+-----+-----+---------+

    + Detail: 
        * Instance: 
        +----------------------------------------+-----------------------------+---------+---------+----------+----------+-----+-----+---------+
        |                                        |                             |  Latency (cycles) |  Latency (absolute) |  Interval | Pipeline|
        |                Instance                |            Module           |   min   |   max   |    min   |    max   | min | max |   Type  |
        +----------------------------------------+-----------------------------+---------+---------+----------+----------+-----+-----+---------+
        |grp_bfs_Pipeline_loop_neighbors_fu_200  |bfs_Pipeline_loop_neighbors  |        ?|        ?|         ?|         ?|    ?|    ?|       no|
        +----------------------------------------+-----------------------------+---------+---------+----------+----------+-----+-----+---------+

        * Loop: 
        +-----------------+---------+---------+----------+-----------+-----------+------+----------+
        |                 |  Latency (cycles) | Iteration|  Initiation Interval  | Trip |          |
        |    Loop Name    |   min   |   max   |  Latency |  achieved |   target  | Count| Pipelined|
        +-----------------+---------+---------+----------+-----------+-----------+------+----------+
        |- loop_horizons  |        ?|        ?|         ?|          -|          -|     ?|        no|
        | + loop_nodes    |        ?|        ?|         ?|          -|          -|   256|        no|
        +-----------------+---------+---------+----------+-----------+-----------+------+----------+



================================================================
== Utilization Estimates
================================================================
* Summary: 
+-----------------+---------+------+--------+--------+-----+
|       Name      | BRAM_18K|  DSP |   FF   |   LUT  | URAM|
+-----------------+---------+------+--------+--------+-----+
|DSP              |        -|     -|       -|       -|    -|
|Expression       |        -|     -|       0|     244|    -|
|FIFO             |        -|     -|       -|       -|    -|
|Instance         |        -|     -|     143|     678|    -|
|Memory           |        -|     -|       -|       -|    -|
|Multiplexer      |        -|     -|       -|     160|    -|
|Register         |        -|     -|     497|       -|    -|
+-----------------+---------+------+--------+--------+-----+
|Total            |        0|     0|     640|    1082|    0|
+-----------------+---------+------+--------+--------+-----+
|Available        |     2060|  2800|  607200|  303600|    0|
+-----------------+---------+------+--------+--------+-----+
|Utilization (%)  |        0|     0|      ~0|      ~0|    0|
+-----------------+---------+------+--------+--------+-----+

+ Detail: 
    * Instance: 
    +----------------------------------------+-----------------------------+---------+----+-----+-----+-----+
    |                Instance                |            Module           | BRAM_18K| DSP|  FF | LUT | URAM|
    +----------------------------------------+-----------------------------+---------+----+-----+-----+-----+
    |grp_bfs_Pipeline_loop_neighbors_fu_200  |bfs_Pipeline_loop_neighbors  |        0|   0|  143|  678|    0|
    +----------------------------------------+-----------------------------+---------+----+-----+-----+-----+
    |Total                                   |                             |        0|   0|  143|  678|    0|
    +----------------------------------------+-----------------------------+---------+----+-----+-----+-----+

    * DSP: 
    N/A

    * Memory: 
    N/A

    * FIFO: 
    N/A

    * Expression: 
    +-------------------------+----------+----+---+----+------------+------------+
    |      Variable Name      | Operation| DSP| FF| LUT| Bitwidth P0| Bitwidth P1|
    +-------------------------+----------+----+---+----+------------+------------+
    |add_ln21_cast_fu_236_p2  |         +|   0|  0|  13|           4|           1|
    |add_ln21_fu_230_p2       |         +|   0|  0|  71|          64|           1|
    |empty_fu_242_p2          |         +|   0|  0|  15|           8|           1|
    |n_1_fu_254_p2            |         +|   0|  0|  16|           9|           1|
    |and_ln39_fu_294_p2       |       and|   0|  0|   2|           1|           1|
    |icmp_ln21_fu_289_p2      |      icmp|   0|  0|  29|          64|           4|
    |icmp_ln24_fu_248_p2      |      icmp|   0|  0|  11|           9|          10|
    |icmp_ln25_fu_312_p2      |      icmp|   0|  0|  29|          64|          64|
    |icmp_ln28_fu_333_p2      |      icmp|   0|  0|  29|          64|          64|
    |icmp_ln39_fu_283_p2      |      icmp|   0|  0|  29|          64|           1|
    +-------------------------+----------+----+---+----+------------+------------+
    |Total                    |          |   0|  0| 244|         351|         148|
    +-------------------------+----------+----+---+----+------------+------------+

    * Multiplexer: 
    +--------------------------------+----+-----------+-----+-----------+
    |              Name              | LUT| Input Size| Bits| Total Bits|
    +--------------------------------+----+-----------+-----+-----------+
    |ap_NS_fsm                       |  33|          8|    1|          8|
    |ap_phi_mux_cnt_3_phi_fu_189_p6  |   9|          2|   64|        128|
    |cnt_3_reg_185                   |   9|          2|   64|        128|
    |cnt_reg_160                     |   9|          2|   64|        128|
    |horizon_fu_74                   |   9|          2|   64|        128|
    |level_address0                  |  17|          4|    8|         32|
    |level_ce0                       |  13|          3|    1|          3|
    |level_counts_0_address0         |  13|          3|    3|          9|
    |level_counts_0_d0               |  13|          3|   64|        192|
    |level_d0                        |  13|          3|    8|         24|
    |level_we0                       |  13|          3|    1|          3|
    |n_reg_174                       |   9|          2|    9|         18|
    +--------------------------------+----+-----------+-----+-----------+
    |Total                           | 160|         37|  351|        801|
    +--------------------------------+----+-----------+-----+-----------+

    * Register: 
    +-----------------------------------------------------+----+----+-----+-----------+
    |                         Name                        | FF | LUT| Bits| Const Bits|
    +-----------------------------------------------------+----+----+-----+-----------+
    |add_ln21_cast_reg_367                                |   4|   0|    4|          0|
    |add_ln21_reg_361                                     |  64|   0|   64|          0|
    |ap_CS_fsm                                            |   7|   0|    7|          0|
    |cnt_3_reg_185                                        |  64|   0|   64|          0|
    |cnt_reg_160                                          |  64|   0|   64|          0|
    |empty_reg_372                                        |   8|   0|    8|          0|
    |grp_bfs_Pipeline_loop_neighbors_fu_200_ap_start_reg  |   1|   0|    1|          0|
    |horizon_1_reg_356                                    |  64|   0|   64|          0|
    |horizon_fu_74                                        |  64|   0|   64|          0|
    |icmp_ln25_reg_401                                    |   1|   0|    1|          0|
    |icmp_ln28_reg_420                                    |   1|   0|    1|          0|
    |n_1_reg_380                                          |   9|   0|    9|          0|
    |n_reg_174                                            |   9|   0|    9|          0|
    |tmp_begin_reg_410                                    |  64|   0|   64|          0|
    |tmp_end_reg_415                                      |  64|   0|   64|          0|
    |zext_ln24_reg_385                                    |   9|   0|   64|         55|
    +-----------------------------------------------------+----+----+-----+-----------+
    |Total                                                | 497|   0|  552|         55|
    +-----------------------------------------------------+----+----+-----+-----------+



================================================================
== Interface
================================================================
* Summary: 
+-------------------------+-----+-----+------------+----------------+--------------+
|        RTL Ports        | Dir | Bits|  Protocol  |  Source Object |    C Type    |
+-------------------------+-----+-----+------------+----------------+--------------+
|ap_clk                   |   in|    1|  ap_ctrl_hs|             bfs|  return value|
|ap_rst                   |   in|    1|  ap_ctrl_hs|             bfs|  return value|
|ap_start                 |   in|    1|  ap_ctrl_hs|             bfs|  return value|
|ap_done                  |  out|    1|  ap_ctrl_hs|             bfs|  return value|
|ap_idle                  |  out|    1|  ap_ctrl_hs|             bfs|  return value|
|ap_ready                 |  out|    1|  ap_ctrl_hs|             bfs|  return value|
|nodes_address0           |  out|    8|   ap_memory|           nodes|         array|
|nodes_ce0                |  out|    1|   ap_memory|           nodes|         array|
|nodes_q0                 |   in|  128|   ap_memory|           nodes|         array|
|edges_address0           |  out|   11|   ap_memory|           edges|         array|
|edges_ce0                |  out|    1|   ap_memory|           edges|         array|
|edges_q0                 |   in|  128|   ap_memory|           edges|         array|
|starting_node            |   in|   64|     ap_none|   starting_node|        scalar|
|level_address0           |  out|    8|   ap_memory|           level|         array|
|level_ce0                |  out|    1|   ap_memory|           level|         array|
|level_we0                |  out|    1|   ap_memory|           level|         array|
|level_d0                 |  out|    8|   ap_memory|           level|         array|
|level_q0                 |   in|    8|   ap_memory|           level|         array|
|level_counts_0_address0  |  out|    3|   ap_memory|  level_counts_0|         array|
|level_counts_0_ce0       |  out|    1|   ap_memory|  level_counts_0|         array|
|level_counts_0_we0       |  out|    1|   ap_memory|  level_counts_0|         array|
|level_counts_0_d0        |  out|   64|   ap_memory|  level_counts_0|         array|
|level_counts_1_address0  |  out|    3|   ap_memory|  level_counts_1|         array|
|level_counts_1_ce0       |  out|    1|   ap_memory|  level_counts_1|         array|
|level_counts_1_we0       |  out|    1|   ap_memory|  level_counts_1|         array|
|level_counts_1_d0        |  out|   64|   ap_memory|  level_counts_1|         array|
+-------------------------+-----+-----+------------+----------------+--------------+

============================================================
+ Verbose Summary: Synthesis Manager
============================================================
InlineROM: 1
ExposeGlobal: 0
============================================================
+ Verbose Summary: CDFG Model
============================================================
IsTopModel: 1
ResetActiveHigh: 1
IsCombinational: 2
IsDatapathOnly: 2
HasWiredReturn: 1
HasMFsm: 0
HasVarLatency: 1
IsPipeline: 0
IsRtlPipelined: 0
IsInstanceOverlapped: 0
IsDontTouch: 0
HasImplIP: 0
IsGatedGlobalClock: 0


============================================================
+ Verbose Summary: Schedule
============================================================
* Number of FSM states : 7
* Pipeline : 0
* Dataflow Pipeline: 0

* FSM state transitions: 
1 --> 2 
2 --> 3 
3 --> 4 2 
4 --> 5 7 
5 --> 6 7 
6 --> 7 
7 --> 3 

* FSM state operations: 

State 1 <SV = 0> <Delay = 2.26>
ST_1 : Operation 8 [1/1] (0.00ns)   --->   "%horizon = alloca i32 1"   --->   Operation 8 'alloca' 'horizon' <Predicate = true> <Delay = 0.00>
ST_1 : Operation 9 [1/1] (0.00ns)   --->   "%starting_node_read = read i64 @_ssdm_op_Read.ap_auto.i64, i64 %starting_node"   --->   Operation 9 'read' 'starting_node_read' <Predicate = true> <Delay = 0.00>
ST_1 : Operation 10 [1/1] (0.00ns)   --->   "%cnt_1_loc = alloca i64 1"   --->   Operation 10 'alloca' 'cnt_1_loc' <Predicate = true> <Delay = 0.00>
ST_1 : Operation 11 [1/1] (0.00ns)   --->   "%spectopmodule_ln0 = spectopmodule void @_ssdm_op_SpecTopModule, void @empty_2"   --->   Operation 11 'spectopmodule' 'spectopmodule_ln0' <Predicate = true> <Delay = 0.00>
ST_1 : Operation 12 [1/1] (0.00ns)   --->   "%specinterface_ln0 = specinterface void @_ssdm_op_SpecInterface, i128 %nodes, void @empty, i32 0, i32 0, void @empty_0, i32 4294967295, i32 0, void @empty_0, void @empty_0, void @empty_0, i32 0, i32 0, i32 0, i32 0, void @empty_0, void @empty_0, i32 4294967295, i32 0"   --->   Operation 12 'specinterface' 'specinterface_ln0' <Predicate = true> <Delay = 0.00>
ST_1 : Operation 13 [1/1] (0.00ns)   --->   "%specbitsmap_ln0 = specbitsmap void @_ssdm_op_SpecBitsMap, i128 %nodes"   --->   Operation 13 'specbitsmap' 'specbitsmap_ln0' <Predicate = true> <Delay = 0.00>
ST_1 : Operation 14 [1/1] (0.00ns)   --->   "%specinterface_ln0 = specinterface void @_ssdm_op_SpecInterface, i128 %edges, void @empty, i32 0, i32 0, void @empty_0, i32 4294967295, i32 0, void @empty_0, void @empty_0, void @empty_0, i32 0, i32 0, i32 0, i32 0, void @empty_0, void @empty_0, i32 4294967295, i32 0"   --->   Operation 14 'specinterface' 'specinterface_ln0' <Predicate = true> <Delay = 0.00>
ST_1 : Operation 15 [1/1] (0.00ns)   --->   "%specbitsmap_ln0 = specbitsmap void @_ssdm_op_SpecBitsMap, i128 %edges"   --->   Operation 15 'specbitsmap' 'specbitsmap_ln0' <Predicate = true> <Delay = 0.00>
ST_1 : Operation 16 [1/1] (0.00ns)   --->   "%specbitsmap_ln0 = specbitsmap void @_ssdm_op_SpecBitsMap, i64 %starting_node"   --->   Operation 16 'specbitsmap' 'specbitsmap_ln0' <Predicate = true> <Delay = 0.00>
ST_1 : Operation 17 [1/1] (0.00ns)   --->   "%specinterface_ln0 = specinterface void @_ssdm_op_SpecInterface, i64 %starting_node, void @empty_1, i32 0, i32 0, void @empty_0, i32 0, i32 0, void @empty_0, void @empty_0, void @empty_0, i32 0, i32 0, i32 0, i32 0, void @empty_0, void @empty_0, i32 4294967295, i32 0"   --->   Operation 17 'specinterface' 'specinterface_ln0' <Predicate = true> <Delay = 0.00>
ST_1 : Operation 18 [1/1] (0.00ns)   --->   "%specinterface_ln0 = specinterface void @_ssdm_op_SpecInterface, i8 %level, void @empty, i32 0, i32 0, void @empty_0, i32 4294967295, i32 0, void @empty_0, void @empty_0, void @empty_0, i32 0, i32 0, i32 0, i32 0, void @empty_0, void @empty_0, i32 4294967295, i32 0"   --->   Operation 18 'specinterface' 'specinterface_ln0' <Predicate = true> <Delay = 0.00>
ST_1 : Operation 19 [1/1] (0.00ns)   --->   "%specbitsmap_ln0 = specbitsmap void @_ssdm_op_SpecBitsMap, i8 %level"   --->   Operation 19 'specbitsmap' 'specbitsmap_ln0' <Predicate = true> <Delay = 0.00>
ST_1 : Operation 20 [1/1] (0.00ns)   --->   "%specinterface_ln0 = specinterface void @_ssdm_op_SpecInterface, i64 %level_counts_0, void @empty, i32 0, i32 0, void @empty_0, i32 4294967295, i32 0, void @empty_0, void @empty_0, void @empty_0, i32 0, i32 0, i32 0, i32 0, void @empty_0, void @empty_0, i32 4294967295, i32 0"   --->   Operation 20 'specinterface' 'specinterface_ln0' <Predicate = true> <Delay = 0.00>
ST_1 : Operation 21 [1/1] (0.00ns)   --->   "%specbitsmap_ln0 = specbitsmap void @_ssdm_op_SpecBitsMap, i64 %level_counts_0"   --->   Operation 21 'specbitsmap' 'specbitsmap_ln0' <Predicate = true> <Delay = 0.00>
ST_1 : Operation 22 [1/1] (0.00ns)   --->   "%specinterface_ln0 = specinterface void @_ssdm_op_SpecInterface, i64 %level_counts_1, void @empty, i32 0, i32 0, void @empty_0, i32 4294967295, i32 0, void @empty_0, void @empty_0, void @empty_0, i32 0, i32 0, i32 0, i32 0, void @empty_0, void @empty_0, i32 4294967295, i32 0"   --->   Operation 22 'specinterface' 'specinterface_ln0' <Predicate = true> <Delay = 0.00>
ST_1 : Operation 23 [1/1] (0.00ns)   --->   "%specbitsmap_ln0 = specbitsmap void @_ssdm_op_SpecBitsMap, i64 %level_counts_1"   --->   Operation 23 'specbitsmap' 'specbitsmap_ln0' <Predicate = true> <Delay = 0.00>
ST_1 : Operation 24 [1/1] (0.00ns)   --->   "%level_addr = getelementptr i8 %level, i64 0, i64 %starting_node_read" [bfs.c:18]   --->   Operation 24 'getelementptr' 'level_addr' <Predicate = true> <Delay = 0.00>
ST_1 : Operation 25 [1/1] (2.26ns)   --->   "%store_ln18 = store i8 0, i8 %level_addr" [bfs.c:18]   --->   Operation 25 'store' 'store_ln18' <Predicate = true> <Delay = 2.26> <CoreInst = "RAM">   --->   Core 82 'RAM' <Latency = 1> <II = 1> <Delay = 2.26> <Storage> <Opcode : 'load' 'store'> <Ports = 2> <Width = 8> <Depth = 256> <RAM>
ST_1 : Operation 26 [1/1] (0.00ns)   --->   "%level_counts_0_addr = getelementptr i64 %level_counts_0, i64 0, i64 0" [bfs.c:19]   --->   Operation 26 'getelementptr' 'level_counts_0_addr' <Predicate = true> <Delay = 0.00>
ST_1 : Operation 27 [1/1] (1.14ns)   --->   "%store_ln19 = store i64 1, i3 %level_counts_0_addr" [bfs.c:19]   --->   Operation 27 'store' 'store_ln19' <Predicate = true> <Delay = 1.14> <CoreInst = "RAM">   --->   Core 82 'RAM' <Latency = 1> <II = 1> <Delay = 1.14> <Storage> <Opcode : 'load' 'store'> <Ports = 2> <Width = 64> <Depth = 5> <RAM>
ST_1 : Operation 28 [1/1] (0.84ns)   --->   "%store_ln21 = store i64 0, i64 %horizon" [bfs.c:21]   --->   Operation 28 'store' 'store_ln21' <Predicate = true> <Delay = 0.84>
ST_1 : Operation 29 [1/1] (0.00ns)   --->   "%br_ln21 = br void %loop_nodes" [bfs.c:21]   --->   Operation 29 'br' 'br_ln21' <Predicate = true> <Delay = 0.00>

State 2 <SV = 1> <Delay = 1.81>
ST_2 : Operation 30 [1/1] (0.00ns)   --->   "%horizon_1 = load i64 %horizon" [bfs.c:39]   --->   Operation 30 'load' 'horizon_1' <Predicate = true> <Delay = 0.00>
ST_2 : Operation 31 [1/1] (0.00ns)   --->   "%specloopname_ln16 = specloopname void @_ssdm_op_SpecLoopName, void @empty_5" [bfs.c:16]   --->   Operation 31 'specloopname' 'specloopname_ln16' <Predicate = true> <Delay = 0.00>
ST_2 : Operation 32 [1/1] (0.00ns)   --->   "%trunc_ln21 = trunc i64 %horizon_1" [bfs.c:21]   --->   Operation 32 'trunc' 'trunc_ln21' <Predicate = true> <Delay = 0.00>
ST_2 : Operation 33 [1/1] (0.00ns)   --->   "%trunc_ln21_1 = trunc i64 %horizon_1" [bfs.c:21]   --->   Operation 33 'trunc' 'trunc_ln21_1' <Predicate = true> <Delay = 0.00>
ST_2 : Operation 34 [1/1] (1.81ns)   --->   "%add_ln21 = add i64 %horizon_1, i64 1" [bfs.c:21]   --->   Operation 34 'add' 'add_ln21' <Predicate = true> <Delay = 1.81> <CoreInst = "Adder">   --->   Core 1 'Adder' <Latency = 0> <II = 1> <Delay = 1.81> <FuncUnit> <Opcode : 'add' 'sub'> <InPorts = 2> <OutPorts = 1>
ST_2 : Operation 35 [1/1] (1.01ns)   --->   "%add_ln21_cast = add i4 %trunc_ln21_1, i4 1" [bfs.c:21]   --->   Operation 35 'add' 'add_ln21_cast' <Predicate = true> <Delay = 1.01> <CoreInst = "Adder">   --->   Core 1 'Adder' <Latency = 0> <II = 1> <Delay = 1.01> <FuncUnit> <Opcode : 'add' 'sub'> <InPorts = 2> <OutPorts = 1>
ST_2 : Operation 36 [1/1] (1.35ns)   --->   "%empty = add i8 %trunc_ln21, i8 1" [bfs.c:21]   --->   Operation 36 'add' 'empty' <Predicate = true> <Delay = 1.35> <CoreInst = "Adder">   --->   Core 1 'Adder' <Latency = 0> <II = 1> <Delay = 1.35> <FuncUnit> <Opcode : 'add' 'sub'> <InPorts = 2> <OutPorts = 1>
ST_2 : Operation 37 [1/1] (0.84ns)   --->   "%br_ln24 = br void %for.body4" [bfs.c:24]   --->   Operation 37 'br' 'br_ln24' <Predicate = true> <Delay = 0.84>

State 3 <SV = 2> <Delay = 3.21>
ST_3 : Operation 38 [1/1] (0.00ns)   --->   "%cnt = phi i64 0, void %loop_nodes, i64 %cnt_3, void %for.inc24"   --->   Operation 38 'phi' 'cnt' <Predicate = true> <Delay = 0.00>
ST_3 : Operation 39 [1/1] (0.00ns)   --->   "%n = phi i9 0, void %loop_nodes, i9 %n_1, void %for.inc24"   --->   Operation 39 'phi' 'n' <Predicate = true> <Delay = 0.00>
ST_3 : Operation 40 [1/1] (0.90ns)   --->   "%icmp_ln24 = icmp_eq  i9 %n, i9 256" [bfs.c:24]   --->   Operation 40 'icmp' 'icmp_ln24' <Predicate = true> <Delay = 0.90> <CoreInst = "Cmp">   --->   Core 9 'Cmp' <Latency = 0> <II = 1> <Delay = 0.94> <FuncUnit> <Opcode : 'icmp'> <InPorts = 2> <OutPorts = 1>
ST_3 : Operation 41 [1/1] (0.00ns)   --->   "%empty_15 = speclooptripcount i32 @_ssdm_op_SpecLoopTripCount, i64 256, i64 256, i64 256"   --->   Operation 41 'speclooptripcount' 'empty_15' <Predicate = true> <Delay = 0.00>
ST_3 : Operation 42 [1/1] (1.35ns)   --->   "%n_1 = add i9 %n, i9 1" [bfs.c:24]   --->   Operation 42 'add' 'n_1' <Predicate = true> <Delay = 1.35> <CoreInst = "Adder">   --->   Core 1 'Adder' <Latency = 0> <II = 1> <Delay = 1.35> <FuncUnit> <Opcode : 'add' 'sub'> <InPorts = 2> <OutPorts = 1>
ST_3 : Operation 43 [1/1] (0.00ns)   --->   "%br_ln24 = br i1 %icmp_ln24, void %for.body4.split, void %for.end26" [bfs.c:24]   --->   Operation 43 'br' 'br_ln24' <Predicate = true> <Delay = 0.00>
ST_3 : Operation 44 [1/1] (0.00ns)   --->   "%zext_ln24 = zext i9 %n" [bfs.c:24]   --->   Operation 44 'zext' 'zext_ln24' <Predicate = (!icmp_ln24)> <Delay = 0.00>
ST_3 : Operation 45 [1/1] (0.00ns)   --->   "%level_addr_1 = getelementptr i8 %level, i64 0, i64 %zext_ln24" [bfs.c:25]   --->   Operation 45 'getelementptr' 'level_addr_1' <Predicate = (!icmp_ln24)> <Delay = 0.00>
ST_3 : Operation 46 [2/2] (2.26ns)   --->   "%level_load = load i8 %level_addr_1" [bfs.c:25]   --->   Operation 46 'load' 'level_load' <Predicate = (!icmp_ln24)> <Delay = 2.26> <CoreInst = "RAM">   --->   Core 82 'RAM' <Latency = 1> <II = 1> <Delay = 2.26> <Storage> <Opcode : 'load' 'store'> <Ports = 2> <Width = 8> <Depth = 256> <RAM>
ST_3 : Operation 47 [1/1] (0.00ns)   --->   "%trunc_ln39 = trunc i64 %horizon_1" [bfs.c:39]   --->   Operation 47 'trunc' 'trunc_ln39' <Predicate = (icmp_ln24)> <Delay = 0.00>
ST_3 : Operation 48 [1/1] (0.00ns)   --->   "%lshr_ln = partselect i3 @_ssdm_op_PartSelect.i3.i4.i32.i32, i4 %add_ln21_cast, i32 1, i32 3" [bfs.c:39]   --->   Operation 48 'partselect' 'lshr_ln' <Predicate = (icmp_ln24)> <Delay = 0.00>
ST_3 : Operation 49 [1/1] (0.00ns)   --->   "%zext_ln39 = zext i3 %lshr_ln" [bfs.c:39]   --->   Operation 49 'zext' 'zext_ln39' <Predicate = (icmp_ln24)> <Delay = 0.00>
ST_3 : Operation 50 [1/1] (0.00ns)   --->   "%br_ln39 = br i1 %trunc_ln39, void %arrayidx291.case.1, void %arrayidx291.case.0" [bfs.c:39]   --->   Operation 50 'br' 'br_ln39' <Predicate = (icmp_ln24)> <Delay = 0.00>
ST_3 : Operation 51 [1/1] (0.00ns)   --->   "%level_counts_1_addr = getelementptr i64 %level_counts_1, i64 0, i64 %zext_ln39" [bfs.c:39]   --->   Operation 51 'getelementptr' 'level_counts_1_addr' <Predicate = (icmp_ln24 & !trunc_ln39)> <Delay = 0.00>
ST_3 : Operation 52 [1/1] (1.14ns)   --->   "%store_ln39 = store i64 %cnt, i3 %level_counts_1_addr" [bfs.c:39]   --->   Operation 52 'store' 'store_ln39' <Predicate = (icmp_ln24 & !trunc_ln39)> <Delay = 1.14> <CoreInst = "RAM">   --->   Core 82 'RAM' <Latency = 1> <II = 1> <Delay = 1.14> <Storage> <Opcode : 'load' 'store'> <Ports = 2> <Width = 64> <Depth = 5> <RAM>
ST_3 : Operation 53 [1/1] (0.00ns)   --->   "%br_ln39 = br void %arrayidx291.exit" [bfs.c:39]   --->   Operation 53 'br' 'br_ln39' <Predicate = (icmp_ln24 & !trunc_ln39)> <Delay = 0.00>
ST_3 : Operation 54 [1/1] (0.00ns)   --->   "%level_counts_0_addr_1 = getelementptr i64 %level_counts_0, i64 0, i64 %zext_ln39" [bfs.c:39]   --->   Operation 54 'getelementptr' 'level_counts_0_addr_1' <Predicate = (icmp_ln24 & trunc_ln39)> <Delay = 0.00>
ST_3 : Operation 55 [1/1] (1.14ns)   --->   "%store_ln39 = store i64 %cnt, i3 %level_counts_0_addr_1" [bfs.c:39]   --->   Operation 55 'store' 'store_ln39' <Predicate = (icmp_ln24 & trunc_ln39)> <Delay = 1.14> <CoreInst = "RAM">   --->   Core 82 'RAM' <Latency = 1> <II = 1> <Delay = 1.14> <Storage> <Opcode : 'load' 'store'> <Ports = 2> <Width = 64> <Depth = 5> <RAM>
ST_3 : Operation 56 [1/1] (0.00ns)   --->   "%br_ln39 = br void %arrayidx291.exit" [bfs.c:39]   --->   Operation 56 'br' 'br_ln39' <Predicate = (icmp_ln24 & trunc_ln39)> <Delay = 0.00>
ST_3 : Operation 57 [1/1] (1.40ns)   --->   "%icmp_ln39 = icmp_ne  i64 %cnt, i64 0" [bfs.c:39]   --->   Operation 57 'icmp' 'icmp_ln39' <Predicate = (icmp_ln24)> <Delay = 1.40> <CoreInst = "Cmp">   --->   Core 9 'Cmp' <Latency = 0> <II = 1> <Delay = 1.40> <FuncUnit> <Opcode : 'icmp'> <InPorts = 2> <OutPorts = 1>
ST_3 : Operation 58 [1/1] (1.40ns)   --->   "%icmp_ln21 = icmp_slt  i64 %add_ln21, i64 10" [bfs.c:21]   --->   Operation 58 'icmp' 'icmp_ln21' <Predicate = (icmp_ln24)> <Delay = 1.40> <CoreInst = "Cmp">   --->   Core 9 'Cmp' <Latency = 0> <II = 1> <Delay = 1.40> <FuncUnit> <Opcode : 'icmp'> <InPorts = 2> <OutPorts = 1>
ST_3 : Operation 59 [1/1] (0.48ns)   --->   "%and_ln39 = and i1 %icmp_ln39, i1 %icmp_ln21" [bfs.c:39]   --->   Operation 59 'and' 'and_ln39' <Predicate = (icmp_ln24)> <Delay = 0.48> <CoreInst = "LogicGate">   --->   Core 74 'LogicGate' <Latency = 0> <II = 1> <Delay = 0.48> <FuncUnit> <Opcode : 'and' 'or' 'xor'> <InPorts = 2> <OutPorts = 1>
ST_3 : Operation 60 [1/1] (0.00ns)   --->   "%br_ln39 = br i1 %and_ln39, void %for.end35, void %arrayidx291.exit.loop_nodes_crit_edge" [bfs.c:39]   --->   Operation 60 'br' 'br_ln39' <Predicate = (icmp_ln24)> <Delay = 0.00>
ST_3 : Operation 61 [1/1] (0.84ns)   --->   "%store_ln39 = store i64 %add_ln21, i64 %horizon" [bfs.c:39]   --->   Operation 61 'store' 'store_ln39' <Predicate = (icmp_ln24 & and_ln39)> <Delay = 0.84>
ST_3 : Operation 62 [1/1] (0.00ns)   --->   "%br_ln39 = br void %loop_nodes" [bfs.c:39]   --->   Operation 62 'br' 'br_ln39' <Predicate = (icmp_ln24 & and_ln39)> <Delay = 0.00>
ST_3 : Operation 63 [1/1] (0.00ns)   --->   "%ret_ln42 = ret" [bfs.c:42]   --->   Operation 63 'ret' 'ret_ln42' <Predicate = (icmp_ln24 & !and_ln39)> <Delay = 0.00>

State 4 <SV = 3> <Delay = 4.51>
ST_4 : Operation 64 [1/1] (0.00ns)   --->   "%specloopname_ln13 = specloopname void @_ssdm_op_SpecLoopName, void @empty_4" [bfs.c:13]   --->   Operation 64 'specloopname' 'specloopname_ln13' <Predicate = true> <Delay = 0.00>
ST_4 : Operation 65 [1/2] (2.26ns)   --->   "%level_load = load i8 %level_addr_1" [bfs.c:25]   --->   Operation 65 'load' 'level_load' <Predicate = true> <Delay = 2.26> <CoreInst = "RAM">   --->   Core 82 'RAM' <Latency = 1> <II = 1> <Delay = 2.26> <Storage> <Opcode : 'load' 'store'> <Ports = 2> <Width = 8> <Depth = 256> <RAM>
ST_4 : Operation 66 [1/1] (0.00ns)   --->   "%sext_ln25 = sext i8 %level_load" [bfs.c:25]   --->   Operation 66 'sext' 'sext_ln25' <Predicate = true> <Delay = 0.00>
ST_4 : Operation 67 [1/1] (0.00ns)   --->   "%zext_ln25 = zext i32 %sext_ln25" [bfs.c:25]   --->   Operation 67 'zext' 'zext_ln25' <Predicate = true> <Delay = 0.00>
ST_4 : Operation 68 [1/1] (1.40ns)   --->   "%icmp_ln25 = icmp_eq  i64 %zext_ln25, i64 %horizon_1" [bfs.c:25]   --->   Operation 68 'icmp' 'icmp_ln25' <Predicate = true> <Delay = 1.40> <CoreInst = "Cmp">   --->   Core 9 'Cmp' <Latency = 0> <II = 1> <Delay = 1.40> <FuncUnit> <Opcode : 'icmp'> <InPorts = 2> <OutPorts = 1>
ST_4 : Operation 69 [1/1] (0.84ns)   --->   "%br_ln25 = br i1 %icmp_ln25, void %for.inc24, void %loop_neighbors" [bfs.c:25]   --->   Operation 69 'br' 'br_ln25' <Predicate = true> <Delay = 0.84>
ST_4 : Operation 70 [1/1] (0.00ns)   --->   "%nodes_addr = getelementptr i128 %nodes, i64 0, i64 %zext_ln24" [bfs.c:26]   --->   Operation 70 'getelementptr' 'nodes_addr' <Predicate = (icmp_ln25)> <Delay = 0.00>
ST_4 : Operation 71 [2/2] (2.26ns)   --->   "%nodes_load = load i8 %nodes_addr" [bfs.c:26]   --->   Operation 71 'load' 'nodes_load' <Predicate = (icmp_ln25)> <Delay = 2.26> <CoreInst = "RAM">   --->   Core 82 'RAM' <Latency = 1> <II = 1> <Delay = 2.26> <Storage> <Opcode : 'load' 'store'> <Ports = 2> <Width = 128> <Depth = 256> <RAM>

State 5 <SV = 4> <Delay = 4.51>
ST_5 : Operation 72 [1/2] (2.26ns)   --->   "%nodes_load = load i8 %nodes_addr" [bfs.c:26]   --->   Operation 72 'load' 'nodes_load' <Predicate = true> <Delay = 2.26> <CoreInst = "RAM">   --->   Core 82 'RAM' <Latency = 1> <II = 1> <Delay = 2.26> <Storage> <Opcode : 'load' 'store'> <Ports = 2> <Width = 128> <Depth = 256> <RAM>
ST_5 : Operation 73 [1/1] (0.00ns)   --->   "%tmp_begin = trunc i128 %nodes_load" [bfs.c:26]   --->   Operation 73 'trunc' 'tmp_begin' <Predicate = true> <Delay = 0.00>
ST_5 : Operation 74 [1/1] (0.00ns)   --->   "%tmp_end = partselect i64 @_ssdm_op_PartSelect.i64.i128.i32.i32, i128 %nodes_load, i32 64, i32 127" [bfs.c:27]   --->   Operation 74 'partselect' 'tmp_end' <Predicate = true> <Delay = 0.00>
ST_5 : Operation 75 [1/1] (1.40ns)   --->   "%icmp_ln28 = icmp_ult  i64 %tmp_begin, i64 %tmp_end" [bfs.c:28]   --->   Operation 75 'icmp' 'icmp_ln28' <Predicate = true> <Delay = 1.40> <CoreInst = "Cmp">   --->   Core 9 'Cmp' <Latency = 0> <II = 1> <Delay = 1.40> <FuncUnit> <Opcode : 'icmp'> <InPorts = 2> <OutPorts = 1>
ST_5 : Operation 76 [1/1] (0.84ns)   --->   "%br_ln28 = br i1 %icmp_ln28, void %for.inc24, void %for.body13.preheader" [bfs.c:28]   --->   Operation 76 'br' 'br_ln28' <Predicate = true> <Delay = 0.84>
ST_5 : Operation 77 [2/2] (0.84ns)   --->   "%call_ln26 = call void @bfs_Pipeline_loop_neighbors, i64 %cnt, i64 %tmp_begin, i64 %tmp_end, i128 %edges, i8 %level, i8 %empty, i64 %cnt_1_loc" [bfs.c:26]   --->   Operation 77 'call' 'call_ln26' <Predicate = (icmp_ln28)> <Delay = 0.84> <CoreType = "Generic">   --->   Core 0 '' <Latency = 0> <II = 1> <Delay = 1.00> <Generic> <Opcode : >

State 6 <SV = 5> <Delay = 1.40>
ST_6 : Operation 78 [1/2] (1.40ns)   --->   "%call_ln26 = call void @bfs_Pipeline_loop_neighbors, i64 %cnt, i64 %tmp_begin, i64 %tmp_end, i128 %edges, i8 %level, i8 %empty, i64 %cnt_1_loc" [bfs.c:26]   --->   Operation 78 'call' 'call_ln26' <Predicate = true> <Delay = 1.40> <CoreType = "Generic">   --->   Core 0 '' <Latency = 0> <II = 1> <Delay = 1.00> <Generic> <Opcode : >

State 7 <SV = 6> <Delay = 0.84>
ST_7 : Operation 79 [1/1] (0.00ns)   --->   "%cnt_1_loc_load = load i64 %cnt_1_loc"   --->   Operation 79 'load' 'cnt_1_loc_load' <Predicate = (icmp_ln25 & icmp_ln28)> <Delay = 0.00>
ST_7 : Operation 80 [1/1] (0.84ns)   --->   "%br_ln0 = br void %for.inc24"   --->   Operation 80 'br' 'br_ln0' <Predicate = (icmp_ln25 & icmp_ln28)> <Delay = 0.84>
ST_7 : Operation 81 [1/1] (0.00ns)   --->   "%cnt_3 = phi i64 %cnt_1_loc_load, void %for.body13.preheader, i64 %cnt, void %for.body4.split, i64 %cnt, void %loop_neighbors"   --->   Operation 81 'phi' 'cnt_3' <Predicate = true> <Delay = 0.00>
ST_7 : Operation 82 [1/1] (0.00ns)   --->   "%br_ln24 = br void %for.body4" [bfs.c:24]   --->   Operation 82 'br' 'br_ln24' <Predicate = true> <Delay = 0.00>


============================================================
+ Verbose Summary: Binding
============================================================
STG Binding: 
---------------- STG Properties BEGIN ----------------
- Is combinational: 0
- Is one-state seq: 0
- Is datapath-only: 0
- Is pipelined: 0
- Is top level: 1
Port [ Return ] is wired: 1; IO mode=ap_ctrl_hs:ce=0
Port [ nodes]:  wired=1; compound=1; hidden=0; nouse=0; global=0; static=0; extern=0; dir=0; type=1; pingpong=0; private_global=0; MemPort=[13]; IO mode=ap_memory:ce=0
Port [ edges]:  wired=1; compound=1; hidden=0; nouse=0; global=0; static=0; extern=0; dir=0; type=1; pingpong=0; private_global=0; MemPort=[13]; IO mode=ap_memory:ce=0
Port [ starting_node]:  wired=1; compound=0; hidden=0; nouse=0; global=0; static=0; extern=0; dir=0; type=0; pingpong=0; private_global=0; IO mode=ap_none:ce=0
Port [ level]:  wired=1; compound=1; hidden=0; nouse=0; global=0; static=0; extern=0; dir=2; type=1; pingpong=0; private_global=0; MemPort=[23]; IO mode=ap_memory:ce=0
Port [ level_counts_0]:  wired=1; compound=1; hidden=0; nouse=0; global=0; static=0; extern=0; dir=1; type=1; pingpong=0; private_global=0; MemPort=[03]; IO mode=ap_memory:ce=0
Port [ level_counts_1]:  wired=1; compound=1; hidden=0; nouse=0; global=0; static=0; extern=0; dir=1; type=1; pingpong=0; private_global=0; MemPort=[03]; IO mode=ap_memory:ce=0
---------------- STG Properties END ------------------

---------------- Datapath Model BEGIN ----------------

<LifeTime>
<method=bitvector/>
horizon               (alloca           ) [ 01111111]
starting_node_read    (read             ) [ 00000000]
cnt_1_loc             (alloca           ) [ 00111111]
spectopmodule_ln0     (spectopmodule    ) [ 00000000]
specinterface_ln0     (specinterface    ) [ 00000000]
specbitsmap_ln0       (specbitsmap      ) [ 00000000]
specinterface_ln0     (specinterface    ) [ 00000000]
specbitsmap_ln0       (specbitsmap      ) [ 00000000]
specbitsmap_ln0       (specbitsmap      ) [ 00000000]
specinterface_ln0     (specinterface    ) [ 00000000]
specinterface_ln0     (specinterface    ) [ 00000000]
specbitsmap_ln0       (specbitsmap      ) [ 00000000]
specinterface_ln0     (specinterface    ) [ 00000000]
specbitsmap_ln0       (specbitsmap      ) [ 00000000]
specinterface_ln0     (specinterface    ) [ 00000000]
specbitsmap_ln0       (specbitsmap      ) [ 00000000]
level_addr            (getelementptr    ) [ 00000000]
store_ln18            (store            ) [ 00000000]
level_counts_0_addr   (getelementptr    ) [ 00000000]
store_ln19            (store            ) [ 00000000]
store_ln21            (store            ) [ 00000000]
br_ln21               (br               ) [ 00000000]
horizon_1             (load             ) [ 00011111]
specloopname_ln16     (specloopname     ) [ 00000000]
trunc_ln21            (trunc            ) [ 00000000]
trunc_ln21_1          (trunc            ) [ 00000000]
add_ln21              (add              ) [ 00011111]
add_ln21_cast         (add              ) [ 00011111]
empty                 (add              ) [ 00011111]
br_ln24               (br               ) [ 00111111]
cnt                   (phi              ) [ 00011111]
n                     (phi              ) [ 00010000]
icmp_ln24             (icmp             ) [ 00111111]
empty_15              (speclooptripcount) [ 00000000]
n_1                   (add              ) [ 00111111]
br_ln24               (br               ) [ 00000000]
zext_ln24             (zext             ) [ 00001000]
level_addr_1          (getelementptr    ) [ 00001000]
trunc_ln39            (trunc            ) [ 00111111]
lshr_ln               (partselect       ) [ 00000000]
zext_ln39             (zext             ) [ 00000000]
br_ln39               (br               ) [ 00000000]
level_counts_1_addr   (getelementptr    ) [ 00000000]
store_ln39            (store            ) [ 00000000]
br_ln39               (br               ) [ 00000000]
level_counts_0_addr_1 (getelementptr    ) [ 00000000]
store_ln39            (store            ) [ 00000000]
br_ln39               (br               ) [ 00000000]
icmp_ln39             (icmp             ) [ 00000000]
icmp_ln21             (icmp             ) [ 00000000]
and_ln39              (and              ) [ 00111111]
br_ln39               (br               ) [ 00000000]
store_ln39            (store            ) [ 00000000]
br_ln39               (br               ) [ 00000000]
ret_ln42              (ret              ) [ 00000000]
specloopname_ln13     (specloopname     ) [ 00000000]
level_load            (load             ) [ 00000000]
sext_ln25             (sext             ) [ 00000000]
zext_ln25             (zext             ) [ 00000000]
icmp_ln25             (icmp             ) [ 00111111]
br_ln25               (br               ) [ 00111111]
nodes_addr            (getelementptr    ) [ 00000100]
nodes_load            (load             ) [ 00000000]
tmp_begin             (trunc            ) [ 00000010]
tmp_end               (partselect       ) [ 00000010]
icmp_ln28             (icmp             ) [ 00111111]
br_ln28               (br               ) [ 00111111]
call_ln26             (call             ) [ 00000000]
cnt_1_loc_load        (load             ) [ 00000000]
br_ln0                (br               ) [ 00000000]
cnt_3                 (phi              ) [ 00110011]
br_ln24               (br               ) [ 00111111]
</LifeTime>

<model>

<comp_list>
<comp id="0" class="1000" name="nodes">
<pin_list>
<pin id="1" dir="1" index="0" bw="1" slack="0"/>
</pin_list>
<bind>
<StgValue><ssdm name="nodes"/><MemPortTyVec>1 3 </MemPortTyVec>
</StgValue>
</bind>
</comp>

<comp id="2" class="1000" name="edges">
<pin_list>
<pin id="3" dir="1" index="0" bw="1" slack="0"/>
</pin_list>
<bind>
<StgValue><ssdm name="edges"/><MemPortTyVec>1 3 </MemPortTyVec>
</StgValue>
</bind>
</comp>

<comp id="4" class="1000" name="starting_node">
<pin_list>
<pin id="5" dir="1" index="0" bw="1" slack="0"/>
</pin_list>
<bind>
<StgValue><ssdm name="starting_node"/></StgValue>
</bind>
</comp>

<comp id="6" class="1000" name="level">
<pin_list>
<pin id="7" dir="1" index="0" bw="1" slack="0"/>
</pin_list>
<bind>
<StgValue><ssdm name="level"/><MemPortTyVec>2 3 </MemPortTyVec>
</StgValue>
</bind>
</comp>

<comp id="8" class="1000" name="level_counts_0">
<pin_list>
<pin id="9" dir="1" index="0" bw="1" slack="0"/>
</pin_list>
<bind>
<StgValue><ssdm name="level_counts_0"/><MemPortTyVec>0 3 </MemPortTyVec>
</StgValue>
</bind>
</comp>

<comp id="10" class="1000" name="level_counts_1">
<pin_list>
<pin id="11" dir="1" index="0" bw="1" slack="0"/>
</pin_list>
<bind>
<StgValue><ssdm name="level_counts_1"/><MemPortTyVec>0 3 </MemPortTyVec>
</StgValue>
</bind>
</comp>

<comp id="12" class="1001" name="const_12">
<pin_list>
<pin id="13" dir="1" index="0" bw="1" slack="0"/>
</pin_list>
<bind>
<StgValue><ssdm name=""/></StgValue>
</bind>
</comp>

<comp id="14" class="1001" name="const_14">
<pin_list>
<pin id="15" dir="1" index="0" bw="1" slack="0"/>
</pin_list>
<bind>
<StgValue><ssdm name="_ssdm_op_Read.ap_auto.i64"/></StgValue>
</bind>
</comp>

<comp id="16" class="1001" name="const_16">
<pin_list>
<pin id="17" dir="1" index="0" bw="1" slack="0"/>
</pin_list>
<bind>
<StgValue><ssdm name=""/></StgValue>
</bind>
</comp>

<comp id="18" class="1001" name="const_18">
<pin_list>
<pin id="19" dir="1" index="0" bw="1" slack="2147483647"/>
</pin_list>
<bind>
<StgValue><ssdm name="_ssdm_op_SpecTopModule"/></StgValue>
</bind>
</comp>

<comp id="20" class="1001" name="const_20">
<pin_list>
<pin id="21" dir="1" index="0" bw="1" slack="2147483647"/>
</pin_list>
<bind>
<StgValue><ssdm name="empty_2"/></StgValue>
</bind>
</comp>

<comp id="22" class="1001" name="const_22">
<pin_list>
<pin id="23" dir="1" index="0" bw="1" slack="2147483647"/>
</pin_list>
<bind>
<StgValue><ssdm name="_ssdm_op_SpecInterface"/></StgValue>
</bind>
</comp>

<comp id="24" class="1001" name="const_24">
<pin_list>
<pin id="25" dir="1" index="0" bw="1" slack="2147483647"/>
</pin_list>
<bind>
<StgValue><ssdm name="empty"/></StgValue>
</bind>
</comp>

<comp id="26" class="1001" name="const_26">
<pin_list>
<pin id="27" dir="1" index="0" bw="1" slack="2147483647"/>
</pin_list>
<bind>
<StgValue><ssdm name=""/></StgValue>
</bind>
</comp>

<comp id="28" class="1001" name="const_28">
<pin_list>
<pin id="29" dir="1" index="0" bw="1" slack="2147483647"/>
</pin_list>
<bind>
<StgValue><ssdm name="empty_0"/></StgValue>
</bind>
</comp>

<comp id="30" class="1001" name="const_30">
<pin_list>
<pin id="31" dir="1" index="0" bw="1" slack="2147483647"/>
</pin_list>
<bind>
<StgValue><ssdm name=""/></StgValue>
</bind>
</comp>

<comp id="32" class="1001" name="const_32">
<pin_list>
<pin id="33" dir="1" index="0" bw="1" slack="2147483647"/>
</pin_list>
<bind>
<StgValue><ssdm name="_ssdm_op_SpecBitsMap"/></StgValue>
</bind>
</comp>

<comp id="34" class="1001" name="const_34">
<pin_list>
<pin id="35" dir="1" index="0" bw="1" slack="2147483647"/>
</pin_list>
<bind>
<StgValue><ssdm name="empty_1"/></StgValue>
</bind>
</comp>

<comp id="36" class="1001" name="const_36">
<pin_list>
<pin id="37" dir="1" index="0" bw="1" slack="0"/>
</pin_list>
<bind>
<StgValue><ssdm name=""/></StgValue>
</bind>
</comp>

<comp id="38" class="1001" name="const_38">
<pin_list>
<pin id="39" dir="1" index="0" bw="1" slack="0"/>
</pin_list>
<bind>
<StgValue><ssdm name=""/></StgValue>
</bind>
</comp>

<comp id="40" class="1001" name="const_40">
<pin_list>
<pin id="41" dir="1" index="0" bw="1" slack="2147483647"/>
</pin_list>
<bind>
<StgValue><ssdm name="_ssdm_op_SpecLoopName"/></StgValue>
</bind>
</comp>

<comp id="42" class="1001" name="const_42">
<pin_list>
<pin id="43" dir="1" index="0" bw="1" slack="2147483647"/>
</pin_list>
<bind>
<StgValue><ssdm name="empty_5"/></StgValue>
</bind>
</comp>

<comp id="44" class="1001" name="const_44">
<pin_list>
<pin id="45" dir="1" index="0" bw="1" slack="0"/>
</pin_list>
<bind>
<StgValue><ssdm name=""/></StgValue>
</bind>
</comp>

<comp id="46" class="1001" name="const_46">
<pin_list>
<pin id="47" dir="1" index="0" bw="1" slack="0"/>
</pin_list>
<bind>
<StgValue><ssdm name=""/></StgValue>
</bind>
</comp>

<comp id="48" class="1001" name="const_48">
<pin_list>
<pin id="49" dir="1" index="0" bw="1" slack="1"/>
</pin_list>
<bind>
<StgValue><ssdm name=""/></StgValue>
</bind>
</comp>

<comp id="50" class="1001" name="const_50">
<pin_list>
<pin id="51" dir="1" index="0" bw="1" slack="0"/>
</pin_list>
<bind>
<StgValue><ssdm name=""/></StgValue>
</bind>
</comp>

<comp id="52" class="1001" name="const_52">
<pin_list>
<pin id="53" dir="1" index="0" bw="1" slack="2147483647"/>
</pin_list>
<bind>
<StgValue><ssdm name="_ssdm_op_SpecLoopTripCount"/></StgValue>
</bind>
</comp>

<comp id="54" class="1001" name="const_54">
<pin_list>
<pin id="55" dir="1" index="0" bw="1" slack="2147483647"/>
</pin_list>
<bind>
<StgValue><ssdm name=""/></StgValue>
</bind>
</comp>

<comp id="56" class="1001" name="const_56">
<pin_list>
<pin id="57" dir="1" index="0" bw="1" slack="0"/>
</pin_list>
<bind>
<StgValue><ssdm name=""/></StgValue>
</bind>
</comp>

<comp id="58" class="1001" name="const_58">
<pin_list>
<pin id="59" dir="1" index="0" bw="1" slack="0"/>
</pin_list>
<bind>
<StgValue><ssdm name="_ssdm_op_PartSelect.i3.i4.i32.i32"/></StgValue>
</bind>
</comp>

<comp id="60" class="1001" name="const_60">
<pin_list>
<pin id="61" dir="1" index="0" bw="1" slack="0"/>
</pin_list>
<bind>
<StgValue><ssdm name=""/></StgValue>
</bind>
</comp>

<comp id="62" class="1001" name="const_62">
<pin_list>
<pin id="63" dir="1" index="0" bw="1" slack="0"/>
</pin_list>
<bind>
<StgValue><ssdm name=""/></StgValue>
</bind>
</comp>

<comp id="64" class="1001" name="const_64">
<pin_list>
<pin id="65" dir="1" index="0" bw="1" slack="2147483647"/>
</pin_list>
<bind>
<StgValue><ssdm name="empty_4"/></StgValue>
</bind>
</comp>

<comp id="66" class="1001" name="const_66">
<pin_list>
<pin id="67" dir="1" index="0" bw="1" slack="0"/>
</pin_list>
<bind>
<StgValue><ssdm name="_ssdm_op_PartSelect.i64.i128.i32.i32"/></StgValue>
</bind>
</comp>

<comp id="68" class="1001" name="const_68">
<pin_list>
<pin id="69" dir="1" index="0" bw="1" slack="0"/>
</pin_list>
<bind>
<StgValue><ssdm name=""/></StgValue>
</bind>
</comp>

<comp id="70" class="1001" name="const_70">
<pin_list>
<pin id="71" dir="1" index="0" bw="1" slack="0"/>
</pin_list>
<bind>
<StgValue><ssdm name=""/></StgValue>
</bind>
</comp>

<comp id="72" class="1001" name="const_72">
<pin_list>
<pin id="73" dir="1" index="0" bw="1" slack="0"/>
</pin_list>
<bind>
<StgValue><ssdm name="bfs_Pipeline_loop_neighbors"/></StgValue>
</bind>
</comp>

<comp id="74" class="1004" name="horizon_fu_74">
<pin_list>
<pin id="75" dir="0" index="0" bw="1" slack="0"/>
<pin id="76" dir="1" index="1" bw="64" slack="0"/>
</pin_list>
<bind>
<opcode="alloca(26) " fcode="alloca"/>
<opset="horizon/1 "/>
</bind>
</comp>

<comp id="78" class="1004" name="cnt_1_loc_fu_78">
<pin_list>
<pin id="79" dir="0" index="0" bw="1" slack="0"/>
<pin id="80" dir="1" index="1" bw="64" slack="4"/>
</pin_list>
<bind>
<opcode="alloca(26) " fcode="alloca"/>
<opset="cnt_1_loc/1 "/>
</bind>
</comp>

<comp id="82" class="1004" name="starting_node_read_read_fu_82">
<pin_list>
<pin id="83" dir="0" index="0" bw="64" slack="0"/>
<pin id="84" dir="0" index="1" bw="64" slack="0"/>
<pin id="85" dir="1" index="2" bw="64" slack="0"/>
</pin_list>
<bind>
<opcode="read(1150) " fcode="read"/>
<opset="starting_node_read/1 "/>
</bind>
</comp>

<comp id="88" class="1004" name="level_addr_gep_fu_88">
<pin_list>
<pin id="89" dir="0" index="0" bw="8" slack="0"/>
<pin id="90" dir="0" index="1" bw="1" slack="0"/>
<pin id="91" dir="0" index="2" bw="64" slack="0"/>
<pin id="92" dir="1" index="3" bw="8" slack="0"/>
</pin_list>
<bind>
<opcode="getelementptr(29) " fcode="getelementptr"/>
<opset="level_addr/1 "/>
</bind>
</comp>

<comp id="96" class="1004" name="grp_access_fu_96">
<pin_list>
<pin id="97" dir="0" index="0" bw="8" slack="0"/>
<pin id="98" dir="0" index="1" bw="8" slack="0"/>
<pin id="99" dir="0" index="2" bw="0" slack="2147483647"/>
<pin id="100" dir="1" index="3" bw="8" slack="0"/>
</pin_list>
<bind>
<opcode="load(27) store(28) " fcode="load"/>
<opset="store_ln18/1 level_load/3 "/>
</bind>
</comp>

<comp id="103" class="1004" name="level_counts_0_addr_gep_fu_103">
<pin_list>
<pin id="104" dir="0" index="0" bw="64" slack="0"/>
<pin id="105" dir="0" index="1" bw="1" slack="0"/>
<pin id="106" dir="0" index="2" bw="1" slack="0"/>
<pin id="107" dir="1" index="3" bw="3" slack="0"/>
</pin_list>
<bind>
<opcode="getelementptr(29) " fcode="getelementptr"/>
<opset="level_counts_0_addr/1 "/>
</bind>
</comp>

<comp id="111" class="1004" name="grp_access_fu_111">
<pin_list>
<pin id="112" dir="0" index="0" bw="3" slack="0"/>
<pin id="113" dir="0" index="1" bw="64" slack="0"/>
<pin id="114" dir="0" index="2" bw="0" slack="2147483647"/>
<pin id="115" dir="1" index="3" bw="64" slack="2147483647"/>
</pin_list>
<bind>
<opcode="store(28) " fcode="store"/>
<opset="store_ln19/1 store_ln39/3 "/>
</bind>
</comp>

<comp id="118" class="1004" name="level_addr_1_gep_fu_118">
<pin_list>
<pin id="119" dir="0" index="0" bw="8" slack="0"/>
<pin id="120" dir="0" index="1" bw="1" slack="0"/>
<pin id="121" dir="0" index="2" bw="9" slack="0"/>
<pin id="122" dir="1" index="3" bw="8" slack="0"/>
</pin_list>
<bind>
<opcode="getelementptr(29) " fcode="getelementptr"/>
<opset="level_addr_1/3 "/>
</bind>
</comp>

<comp id="126" class="1004" name="level_counts_1_addr_gep_fu_126">
<pin_list>
<pin id="127" dir="0" index="0" bw="64" slack="0"/>
<pin id="128" dir="0" index="1" bw="1" slack="0"/>
<pin id="129" dir="0" index="2" bw="3" slack="0"/>
<pin id="130" dir="1" index="3" bw="3" slack="0"/>
</pin_list>
<bind>
<opcode="getelementptr(29) " fcode="getelementptr"/>
<opset="level_counts_1_addr/3 "/>
</bind>
</comp>

<comp id="133" class="1004" name="store_ln39_access_fu_133">
<pin_list>
<pin id="134" dir="0" index="0" bw="3" slack="0"/>
<pin id="135" dir="0" index="1" bw="64" slack="0"/>
<pin id="136" dir="0" index="2" bw="0" slack="2147483647"/>
<pin id="137" dir="1" index="3" bw="64" slack="2147483647"/>
</pin_list>
<bind>
<opcode="store(28) " fcode="store"/>
<opset="store_ln39/3 "/>
</bind>
</comp>

<comp id="139" class="1004" name="level_counts_0_addr_1_gep_fu_139">
<pin_list>
<pin id="140" dir="0" index="0" bw="64" slack="0"/>
<pin id="141" dir="0" index="1" bw="1" slack="0"/>
<pin id="142" dir="0" index="2" bw="3" slack="0"/>
<pin id="143" dir="1" index="3" bw="3" slack="0"/>
</pin_list>
<bind>
<opcode="getelementptr(29) " fcode="getelementptr"/>
<opset="level_counts_0_addr_1/3 "/>
</bind>
</comp>

<comp id="147" class="1004" name="nodes_addr_gep_fu_147">
<pin_list>
<pin id="148" dir="0" index="0" bw="128" slack="0"/>
<pin id="149" dir="0" index="1" bw="1" slack="0"/>
<pin id="150" dir="0" index="2" bw="9" slack="1"/>
<pin id="151" dir="1" index="3" bw="8" slack="0"/>
</pin_list>
<bind>
<opcode="getelementptr(29) " fcode="getelementptr"/>
<opset="nodes_addr/4 "/>
</bind>
</comp>

<comp id="154" class="1004" name="grp_access_fu_154">
<pin_list>
<pin id="155" dir="0" index="0" bw="8" slack="0"/>
<pin id="156" dir="0" index="1" bw="128" slack="2147483647"/>
<pin id="157" dir="0" index="2" bw="0" slack="2147483647"/>
<pin id="158" dir="1" index="3" bw="128" slack="0"/>
</pin_list>
<bind>
<opcode="load(27) " fcode="load"/>
<opset="nodes_load/4 "/>
</bind>
</comp>

<comp id="160" class="1005" name="cnt_reg_160">
<pin_list>
<pin id="161" dir="0" index="0" bw="64" slack="1"/>
<pin id="162" dir="1" index="1" bw="64" slack="1"/>
</pin_list>
<bind>
<opset="cnt (phireg) "/>
</bind>
</comp>

<comp id="164" class="1004" name="cnt_phi_fu_164">
<pin_list>
<pin id="165" dir="0" index="0" bw="1" slack="1"/>
<pin id="166" dir="0" index="1" bw="0" slack="2147483647"/>
<pin id="167" dir="0" index="2" bw="64" slack="1"/>
<pin id="168" dir="0" index="3" bw="0" slack="2147483647"/>
<pin id="169" dir="1" index="4" bw="64" slack="0"/>
</pin_list>
<bind>
<opcode="phi(47) " fcode="phi"/>
<opset="cnt/3 "/>
</bind>
</comp>

<comp id="174" class="1005" name="n_reg_174">
<pin_list>
<pin id="175" dir="0" index="0" bw="9" slack="1"/>
<pin id="176" dir="1" index="1" bw="9" slack="1"/>
</pin_list>
<bind>
<opset="n (phireg) "/>
</bind>
</comp>

<comp id="178" class="1004" name="n_phi_fu_178">
<pin_list>
<pin id="179" dir="0" index="0" bw="1" slack="1"/>
<pin id="180" dir="0" index="1" bw="0" slack="2147483647"/>
<pin id="181" dir="0" index="2" bw="9" slack="0"/>
<pin id="182" dir="0" index="3" bw="0" slack="2147483647"/>
<pin id="183" dir="1" index="4" bw="9" slack="0"/>
</pin_list>
<bind>
<opcode="phi(47) " fcode="phi"/>
<opset="n/3 "/>
</bind>
</comp>

<comp id="185" class="1005" name="cnt_3_reg_185">
<pin_list>
<pin id="186" dir="0" index="0" bw="64" slack="1"/>
<pin id="187" dir="1" index="1" bw="64" slack="1"/>
</pin_list>
<bind>
<opset="cnt_3 (phireg) "/>
</bind>
</comp>

<comp id="189" class="1004" name="cnt_3_phi_fu_189">
<pin_list>
<pin id="190" dir="0" index="0" bw="64" slack="0"/>
<pin id="191" dir="0" index="1" bw="0" slack="2147483647"/>
<pin id="192" dir="0" index="2" bw="64" slack="4"/>
<pin id="193" dir="0" index="3" bw="0" slack="2147483647"/>
<pin id="194" dir="0" index="4" bw="64" slack="4"/>
<pin id="195" dir="0" index="5" bw="0" slack="2147483647"/>
<pin id="196" dir="1" index="6" bw="64" slack="1"/>
</pin_list>
<bind>
<opcode="phi(47) " fcode="phi"/>
<opset="cnt_3/7 "/>
</bind>
</comp>

<comp id="200" class="1004" name="grp_bfs_Pipeline_loop_neighbors_fu_200">
<pin_list>
<pin id="201" dir="0" index="0" bw="0" slack="0"/>
<pin id="202" dir="0" index="1" bw="64" slack="2"/>
<pin id="203" dir="0" index="2" bw="64" slack="0"/>
<pin id="204" dir="0" index="3" bw="64" slack="0"/>
<pin id="205" dir="0" index="4" bw="128" slack="0"/>
<pin id="206" dir="0" index="5" bw="8" slack="0"/>
<pin id="207" dir="0" index="6" bw="8" slack="3"/>
<pin id="208" dir="0" index="7" bw="64" slack="4"/>
<pin id="209" dir="1" index="8" bw="0" slack="2147483647"/>
</pin_list>
<bind>
<opcode="call(48) " fcode="call"/>
<opset="call_ln26/5 "/>
</bind>
</comp>

<comp id="214" class="1004" name="store_ln21_store_fu_214">
<pin_list>
<pin id="215" dir="0" index="0" bw="1" slack="0"/>
<pin id="216" dir="0" index="1" bw="64" slack="0"/>
<pin id="217" dir="1" index="2" bw="0" slack="2147483647"/>
</pin_list>
<bind>
<opcode="store(28) " fcode="store"/>
<opset="store_ln21/1 "/>
</bind>
</comp>

<comp id="219" class="1004" name="horizon_1_load_fu_219">
<pin_list>
<pin id="220" dir="0" index="0" bw="64" slack="1"/>
<pin id="221" dir="1" index="1" bw="64" slack="0"/>
</pin_list>
<bind>
<opcode="load(27) " fcode="load"/>
<opset="horizon_1/2 "/>
</bind>
</comp>

<comp id="222" class="1004" name="trunc_ln21_fu_222">
<pin_list>
<pin id="223" dir="0" index="0" bw="64" slack="0"/>
<pin id="224" dir="1" index="1" bw="8" slack="0"/>
</pin_list>
<bind>
<opcode="trunc(33) " fcode="trunc"/>
<opset="trunc_ln21/2 "/>
</bind>
</comp>

<comp id="226" class="1004" name="trunc_ln21_1_fu_226">
<pin_list>
<pin id="227" dir="0" index="0" bw="64" slack="0"/>
<pin id="228" dir="1" index="1" bw="4" slack="0"/>
</pin_list>
<bind>
<opcode="trunc(33) " fcode="trunc"/>
<opset="trunc_ln21_1/2 "/>
</bind>
</comp>

<comp id="230" class="1004" name="add_ln21_fu_230">
<pin_list>
<pin id="231" dir="0" index="0" bw="64" slack="0"/>
<pin id="232" dir="0" index="1" bw="1" slack="0"/>
<pin id="233" dir="1" index="2" bw="64" slack="1"/>
</pin_list>
<bind>
<opcode="add(8) " fcode="add"/>
<opset="add_ln21/2 "/>
</bind>
</comp>

<comp id="236" class="1004" name="add_ln21_cast_fu_236">
<pin_list>
<pin id="237" dir="0" index="0" bw="4" slack="0"/>
<pin id="238" dir="0" index="1" bw="1" slack="0"/>
<pin id="239" dir="1" index="2" bw="4" slack="1"/>
</pin_list>
<bind>
<opcode="add(8) " fcode="add"/>
<opset="add_ln21_cast/2 "/>
</bind>
</comp>

<comp id="242" class="1004" name="empty_fu_242">
<pin_list>
<pin id="243" dir="0" index="0" bw="8" slack="0"/>
<pin id="244" dir="0" index="1" bw="1" slack="0"/>
<pin id="245" dir="1" index="2" bw="8" slack="3"/>
</pin_list>
<bind>
<opcode="add(8) " fcode="add"/>
<opset="empty/2 "/>
</bind>
</comp>

<comp id="248" class="1004" name="icmp_ln24_fu_248">
<pin_list>
<pin id="249" dir="0" index="0" bw="9" slack="0"/>
<pin id="250" dir="0" index="1" bw="9" slack="0"/>
<pin id="251" dir="1" index="2" bw="1" slack="2147483647"/>
</pin_list>
<bind>
<opcode="icmp(45) " fcode="icmp"/>
<opset="icmp_ln24/3 "/>
</bind>
</comp>

<comp id="254" class="1004" name="n_1_fu_254">
<pin_list>
<pin id="255" dir="0" index="0" bw="9" slack="0"/>
<pin id="256" dir="0" index="1" bw="1" slack="0"/>
<pin id="257" dir="1" index="2" bw="9" slack="0"/>
</pin_list>
<bind>
<opcode="add(8) " fcode="add"/>
<opset="n_1/3 "/>
</bind>
</comp>

<comp id="260" class="1004" name="zext_ln24_fu_260">
<pin_list>
<pin id="261" dir="0" index="0" bw="9" slack="0"/>
<pin id="262" dir="1" index="1" bw="64" slack="0"/>
</pin_list>
<bind>
<opcode="zext(34) " fcode="zext"/>
<opset="zext_ln24/3 "/>
</bind>
</comp>

<comp id="265" class="1004" name="trunc_ln39_fu_265">
<pin_list>
<pin id="266" dir="0" index="0" bw="64" slack="2147483647"/>
<pin id="267" dir="1" index="1" bw="1" slack="2147483647"/>
</pin_list>
<bind>
<opcode="trunc(33) " fcode="trunc"/>
<opset="trunc_ln39/3 "/>
</bind>
</comp>

<comp id="268" class="1004" name="lshr_ln_fu_268">
<pin_list>
<pin id="269" dir="0" index="0" bw="3" slack="0"/>
<pin id="270" dir="0" index="1" bw="4" slack="1"/>
<pin id="271" dir="0" index="2" bw="1" slack="0"/>
<pin id="272" dir="0" index="3" bw="3" slack="0"/>
<pin id="273" dir="1" index="4" bw="3" slack="0"/>
</pin_list>
<bind>
<opcode="partselect(1002) " fcode="partselect"/>
<opset="lshr_ln/3 "/>
</bind>
</comp>

<comp id="277" class="1004" name="zext_ln39_fu_277">
<pin_list>
<pin id="278" dir="0" index="0" bw="3" slack="0"/>
<pin id="279" dir="1" index="1" bw="64" slack="0"/>
</pin_list>
<bind>
<opcode="zext(34) " fcode="zext"/>
<opset="zext_ln39/3 "/>
</bind>
</comp>

<comp id="283" class="1004" name="icmp_ln39_fu_283">
<pin_list>
<pin id="284" dir="0" index="0" bw="64" slack="0"/>
<pin id="285" dir="0" index="1" bw="64" slack="0"/>
<pin id="286" dir="1" index="2" bw="1" slack="0"/>
</pin_list>
<bind>
<opcode="icmp(45) " fcode="icmp"/>
<opset="icmp_ln39/3 "/>
</bind>
</comp>

<comp id="289" class="1004" name="icmp_ln21_fu_289">
<pin_list>
<pin id="290" dir="0" index="0" bw="64" slack="1"/>
<pin id="291" dir="0" index="1" bw="64" slack="0"/>
<pin id="292" dir="1" index="2" bw="1" slack="0"/>
</pin_list>
<bind>
<opcode="icmp(45) " fcode="icmp"/>
<opset="icmp_ln21/3 "/>
</bind>
</comp>

<comp id="294" class="1004" name="and_ln39_fu_294">
<pin_list>
<pin id="295" dir="0" index="0" bw="1" slack="0"/>
<pin id="296" dir="0" index="1" bw="1" slack="0"/>
<pin id="297" dir="1" index="2" bw="1" slack="2147483647"/>
</pin_list>
<bind>
<opcode="and(23) " fcode="and"/>
<opset="and_ln39/3 "/>
</bind>
</comp>

<comp id="300" class="1004" name="store_ln39_store_fu_300">
<pin_list>
<pin id="301" dir="0" index="0" bw="64" slack="1"/>
<pin id="302" dir="0" index="1" bw="64" slack="2"/>
<pin id="303" dir="1" index="2" bw="0" slack="2147483647"/>
</pin_list>
<bind>
<opcode="store(28) " fcode="store"/>
<opset="store_ln39/3 "/>
</bind>
</comp>

<comp id="304" class="1004" name="sext_ln25_fu_304">
<pin_list>
<pin id="305" dir="0" index="0" bw="8" slack="0"/>
<pin id="306" dir="1" index="1" bw="32" slack="0"/>
</pin_list>
<bind>
<opcode="sext(35) " fcode="sext"/>
<opset="sext_ln25/4 "/>
</bind>
</comp>

<comp id="308" class="1004" name="zext_ln25_fu_308">
<pin_list>
<pin id="309" dir="0" index="0" bw="8" slack="0"/>
<pin id="310" dir="1" index="1" bw="64" slack="0"/>
</pin_list>
<bind>
<opcode="zext(34) " fcode="zext"/>
<opset="zext_ln25/4 "/>
</bind>
</comp>

<comp id="312" class="1004" name="icmp_ln25_fu_312">
<pin_list>
<pin id="313" dir="0" index="0" bw="64" slack="0"/>
<pin id="314" dir="0" index="1" bw="64" slack="2"/>
<pin id="315" dir="1" index="2" bw="1" slack="3"/>
</pin_list>
<bind>
<opcode="icmp(45) " fcode="icmp"/>
<opset="icmp_ln25/4 "/>
</bind>
</comp>

<comp id="317" class="1004" name="tmp_begin_fu_317">
<pin_list>
<pin id="318" dir="0" index="0" bw="128" slack="0"/>
<pin id="319" dir="1" index="1" bw="64" slack="0"/>
</pin_list>
<bind>
<opcode="trunc(33) " fcode="trunc"/>
<opset="tmp_begin/5 "/>
</bind>
</comp>

<comp id="322" class="1004" name="tmp_end_fu_322">
<pin_list>
<pin id="323" dir="0" index="0" bw="64" slack="0"/>
<pin id="324" dir="0" index="1" bw="128" slack="0"/>
<pin id="325" dir="0" index="2" bw="8" slack="0"/>
<pin id="326" dir="0" index="3" bw="8" slack="0"/>
<pin id="327" dir="1" index="4" bw="64" slack="0"/>
</pin_list>
<bind>
<opcode="partselect(1002) " fcode="partselect"/>
<opset="tmp_end/5 "/>
</bind>
</comp>

<comp id="333" class="1004" name="icmp_ln28_fu_333">
<pin_list>
<pin id="334" dir="0" index="0" bw="64" slack="0"/>
<pin id="335" dir="0" index="1" bw="64" slack="0"/>
<pin id="336" dir="1" index="2" bw="1" slack="2"/>
</pin_list>
<bind>
<opcode="icmp(45) " fcode="icmp"/>
<opset="icmp_ln28/5 "/>
</bind>
</comp>

<comp id="339" class="1004" name="cnt_1_loc_load_load_fu_339">
<pin_list>
<pin id="340" dir="0" index="0" bw="64" slack="6"/>
<pin id="341" dir="1" index="1" bw="64" slack="0"/>
</pin_list>
<bind>
<opcode="load(27) " fcode="load"/>
<opset="cnt_1_loc_load/7 "/>
</bind>
</comp>

<comp id="343" class="1005" name="horizon_reg_343">
<pin_list>
<pin id="344" dir="0" index="0" bw="64" slack="0"/>
<pin id="345" dir="1" index="1" bw="64" slack="0"/>
</pin_list>
<bind>
<opset="horizon "/>
</bind>
</comp>

<comp id="350" class="1005" name="cnt_1_loc_reg_350">
<pin_list>
<pin id="351" dir="0" index="0" bw="64" slack="4"/>
<pin id="352" dir="1" index="1" bw="64" slack="4"/>
</pin_list>
<bind>
<opset="cnt_1_loc "/>
</bind>
</comp>

<comp id="356" class="1005" name="horizon_1_reg_356">
<pin_list>
<pin id="357" dir="0" index="0" bw="64" slack="2"/>
<pin id="358" dir="1" index="1" bw="64" slack="2"/>
</pin_list>
<bind>
<opset="horizon_1 "/>
</bind>
</comp>

<comp id="361" class="1005" name="add_ln21_reg_361">
<pin_list>
<pin id="362" dir="0" index="0" bw="64" slack="1"/>
<pin id="363" dir="1" index="1" bw="64" slack="1"/>
</pin_list>
<bind>
<opset="add_ln21 "/>
</bind>
</comp>

<comp id="367" class="1005" name="add_ln21_cast_reg_367">
<pin_list>
<pin id="368" dir="0" index="0" bw="4" slack="1"/>
<pin id="369" dir="1" index="1" bw="4" slack="1"/>
</pin_list>
<bind>
<opset="add_ln21_cast "/>
</bind>
</comp>

<comp id="372" class="1005" name="empty_reg_372">
<pin_list>
<pin id="373" dir="0" index="0" bw="8" slack="3"/>
<pin id="374" dir="1" index="1" bw="8" slack="3"/>
</pin_list>
<bind>
<opset="empty "/>
</bind>
</comp>

<comp id="380" class="1005" name="n_1_reg_380">
<pin_list>
<pin id="381" dir="0" index="0" bw="9" slack="0"/>
<pin id="382" dir="1" index="1" bw="9" slack="0"/>
</pin_list>
<bind>
<opset="n_1 "/>
</bind>
</comp>

<comp id="385" class="1005" name="zext_ln24_reg_385">
<pin_list>
<pin id="386" dir="0" index="0" bw="64" slack="1"/>
<pin id="387" dir="1" index="1" bw="64" slack="1"/>
</pin_list>
<bind>
<opset="zext_ln24 "/>
</bind>
</comp>

<comp id="390" class="1005" name="level_addr_1_reg_390">
<pin_list>
<pin id="391" dir="0" index="0" bw="8" slack="1"/>
<pin id="392" dir="1" index="1" bw="8" slack="1"/>
</pin_list>
<bind>
<opset="level_addr_1 "/>
</bind>
</comp>

<comp id="401" class="1005" name="icmp_ln25_reg_401">
<pin_list>
<pin id="402" dir="0" index="0" bw="1" slack="3"/>
<pin id="403" dir="1" index="1" bw="1" slack="2147483647"/>
</pin_list>
<bind>
<opset="icmp_ln25 "/>
</bind>
</comp>

<comp id="405" class="1005" name="nodes_addr_reg_405">
<pin_list>
<pin id="406" dir="0" index="0" bw="8" slack="1"/>
<pin id="407" dir="1" index="1" bw="8" slack="1"/>
</pin_list>
<bind>
<opset="nodes_addr "/>
</bind>
</comp>

<comp id="410" class="1005" name="tmp_begin_reg_410">
<pin_list>
<pin id="411" dir="0" index="0" bw="64" slack="1"/>
<pin id="412" dir="1" index="1" bw="64" slack="1"/>
</pin_list>
<bind>
<opset="tmp_begin "/>
</bind>
</comp>

<comp id="415" class="1005" name="tmp_end_reg_415">
<pin_list>
<pin id="416" dir="0" index="0" bw="64" slack="1"/>
<pin id="417" dir="1" index="1" bw="64" slack="1"/>
</pin_list>
<bind>
<opset="tmp_end "/>
</bind>
</comp>

<comp id="420" class="1005" name="icmp_ln28_reg_420">
<pin_list>
<pin id="421" dir="0" index="0" bw="1" slack="2"/>
<pin id="422" dir="1" index="1" bw="1" slack="2147483647"/>
</pin_list>
<bind>
<opset="icmp_ln28 "/>
</bind>
</comp>

</comp_list>

<net_list>
<net id="77"><net_src comp="12" pin="0"/><net_sink comp="74" pin=0"/></net>

<net id="81"><net_src comp="16" pin="0"/><net_sink comp="78" pin=0"/></net>

<net id="86"><net_src comp="14" pin="0"/><net_sink comp="82" pin=0"/></net>

<net id="87"><net_src comp="4" pin="0"/><net_sink comp="82" pin=1"/></net>

<net id="93"><net_src comp="6" pin="0"/><net_sink comp="88" pin=0"/></net>

<net id="94"><net_src comp="36" pin="0"/><net_sink comp="88" pin=1"/></net>

<net id="95"><net_src comp="82" pin="2"/><net_sink comp="88" pin=2"/></net>

<net id="101"><net_src comp="38" pin="0"/><net_sink comp="96" pin=1"/></net>

<net id="102"><net_src comp="88" pin="3"/><net_sink comp="96" pin=0"/></net>

<net id="108"><net_src comp="8" pin="0"/><net_sink comp="103" pin=0"/></net>

<net id="109"><net_src comp="36" pin="0"/><net_sink comp="103" pin=1"/></net>

<net id="110"><net_src comp="36" pin="0"/><net_sink comp="103" pin=2"/></net>

<net id="116"><net_src comp="16" pin="0"/><net_sink comp="111" pin=1"/></net>

<net id="117"><net_src comp="103" pin="3"/><net_sink comp="111" pin=0"/></net>

<net id="123"><net_src comp="6" pin="0"/><net_sink comp="118" pin=0"/></net>

<net id="124"><net_src comp="36" pin="0"/><net_sink comp="118" pin=1"/></net>

<net id="125"><net_src comp="118" pin="3"/><net_sink comp="96" pin=0"/></net>

<net id="131"><net_src comp="10" pin="0"/><net_sink comp="126" pin=0"/></net>

<net id="132"><net_src comp="36" pin="0"/><net_sink comp="126" pin=1"/></net>

<net id="138"><net_src comp="126" pin="3"/><net_sink comp="133" pin=0"/></net>

<net id="144"><net_src comp="8" pin="0"/><net_sink comp="139" pin=0"/></net>

<net id="145"><net_src comp="36" pin="0"/><net_sink comp="139" pin=1"/></net>

<net id="146"><net_src comp="139" pin="3"/><net_sink comp="111" pin=0"/></net>

<net id="152"><net_src comp="0" pin="0"/><net_sink comp="147" pin=0"/></net>

<net id="153"><net_src comp="36" pin="0"/><net_sink comp="147" pin=1"/></net>

<net id="159"><net_src comp="147" pin="3"/><net_sink comp="154" pin=0"/></net>

<net id="163"><net_src comp="36" pin="0"/><net_sink comp="160" pin=0"/></net>

<net id="170"><net_src comp="160" pin="1"/><net_sink comp="164" pin=0"/></net>

<net id="171"><net_src comp="164" pin="4"/><net_sink comp="133" pin=1"/></net>

<net id="172"><net_src comp="164" pin="4"/><net_sink comp="111" pin=1"/></net>

<net id="173"><net_src comp="164" pin="4"/><net_sink comp="160" pin=0"/></net>

<net id="177"><net_src comp="48" pin="0"/><net_sink comp="174" pin=0"/></net>

<net id="184"><net_src comp="174" pin="1"/><net_sink comp="178" pin=0"/></net>

<net id="188"><net_src comp="185" pin="1"/><net_sink comp="164" pin=2"/></net>

<net id="197"><net_src comp="160" pin="1"/><net_sink comp="189" pin=2"/></net>

<net id="198"><net_src comp="160" pin="1"/><net_sink comp="189" pin=4"/></net>

<net id="199"><net_src comp="189" pin="6"/><net_sink comp="185" pin=0"/></net>

<net id="210"><net_src comp="72" pin="0"/><net_sink comp="200" pin=0"/></net>

<net id="211"><net_src comp="160" pin="1"/><net_sink comp="200" pin=1"/></net>

<net id="212"><net_src comp="2" pin="0"/><net_sink comp="200" pin=4"/></net>

<net id="213"><net_src comp="6" pin="0"/><net_sink comp="200" pin=5"/></net>

<net id="218"><net_src comp="36" pin="0"/><net_sink comp="214" pin=0"/></net>

<net id="225"><net_src comp="219" pin="1"/><net_sink comp="222" pin=0"/></net>

<net id="229"><net_src comp="219" pin="1"/><net_sink comp="226" pin=0"/></net>

<net id="234"><net_src comp="219" pin="1"/><net_sink comp="230" pin=0"/></net>

<net id="235"><net_src comp="16" pin="0"/><net_sink comp="230" pin=1"/></net>

<net id="240"><net_src comp="226" pin="1"/><net_sink comp="236" pin=0"/></net>

<net id="241"><net_src comp="44" pin="0"/><net_sink comp="236" pin=1"/></net>

<net id="246"><net_src comp="222" pin="1"/><net_sink comp="242" pin=0"/></net>

<net id="247"><net_src comp="46" pin="0"/><net_sink comp="242" pin=1"/></net>

<net id="252"><net_src comp="178" pin="4"/><net_sink comp="248" pin=0"/></net>

<net id="253"><net_src comp="50" pin="0"/><net_sink comp="248" pin=1"/></net>

<net id="258"><net_src comp="178" pin="4"/><net_sink comp="254" pin=0"/></net>

<net id="259"><net_src comp="56" pin="0"/><net_sink comp="254" pin=1"/></net>

<net id="263"><net_src comp="178" pin="4"/><net_sink comp="260" pin=0"/></net>

<net id="264"><net_src comp="260" pin="1"/><net_sink comp="118" pin=2"/></net>

<net id="274"><net_src comp="58" pin="0"/><net_sink comp="268" pin=0"/></net>

<net id="275"><net_src comp="12" pin="0"/><net_sink comp="268" pin=2"/></net>

<net id="276"><net_src comp="60" pin="0"/><net_sink comp="268" pin=3"/></net>

<net id="280"><net_src comp="268" pin="4"/><net_sink comp="277" pin=0"/></net>

<net id="281"><net_src comp="277" pin="1"/><net_sink comp="126" pin=2"/></net>

<net id="282"><net_src comp="277" pin="1"/><net_sink comp="139" pin=2"/></net>

<net id="287"><net_src comp="164" pin="4"/><net_sink comp="283" pin=0"/></net>

<net id="288"><net_src comp="36" pin="0"/><net_sink comp="283" pin=1"/></net>

<net id="293"><net_src comp="62" pin="0"/><net_sink comp="289" pin=1"/></net>

<net id="298"><net_src comp="283" pin="2"/><net_sink comp="294" pin=0"/></net>

<net id="299"><net_src comp="289" pin="2"/><net_sink comp="294" pin=1"/></net>

<net id="307"><net_src comp="96" pin="3"/><net_sink comp="304" pin=0"/></net>

<net id="311"><net_src comp="304" pin="1"/><net_sink comp="308" pin=0"/></net>

<net id="316"><net_src comp="308" pin="1"/><net_sink comp="312" pin=0"/></net>

<net id="320"><net_src comp="154" pin="3"/><net_sink comp="317" pin=0"/></net>

<net id="321"><net_src comp="317" pin="1"/><net_sink comp="200" pin=2"/></net>

<net id="328"><net_src comp="66" pin="0"/><net_sink comp="322" pin=0"/></net>

<net id="329"><net_src comp="154" pin="3"/><net_sink comp="322" pin=1"/></net>

<net id="330"><net_src comp="68" pin="0"/><net_sink comp="322" pin=2"/></net>

<net id="331"><net_src comp="70" pin="0"/><net_sink comp="322" pin=3"/></net>

<net id="332"><net_src comp="322" pin="4"/><net_sink comp="200" pin=3"/></net>

<net id="337"><net_src comp="317" pin="1"/><net_sink comp="333" pin=0"/></net>

<net id="338"><net_src comp="322" pin="4"/><net_sink comp="333" pin=1"/></net>

<net id="342"><net_src comp="339" pin="1"/><net_sink comp="189" pin=0"/></net>

<net id="346"><net_src comp="74" pin="1"/><net_sink comp="343" pin=0"/></net>

<net id="347"><net_src comp="343" pin="1"/><net_sink comp="214" pin=1"/></net>

<net id="348"><net_src comp="343" pin="1"/><net_sink comp="219" pin=0"/></net>

<net id="349"><net_src comp="343" pin="1"/><net_sink comp="300" pin=1"/></net>

<net id="353"><net_src comp="78" pin="1"/><net_sink comp="350" pin=0"/></net>

<net id="354"><net_src comp="350" pin="1"/><net_sink comp="200" pin=7"/></net>

<net id="355"><net_src comp="350" pin="1"/><net_sink comp="339" pin=0"/></net>

<net id="359"><net_src comp="219" pin="1"/><net_sink comp="356" pin=0"/></net>

<net id="360"><net_src comp="356" pin="1"/><net_sink comp="312" pin=1"/></net>

<net id="364"><net_src comp="230" pin="2"/><net_sink comp="361" pin=0"/></net>

<net id="365"><net_src comp="361" pin="1"/><net_sink comp="289" pin=0"/></net>

<net id="366"><net_src comp="361" pin="1"/><net_sink comp="300" pin=0"/></net>

<net id="370"><net_src comp="236" pin="2"/><net_sink comp="367" pin=0"/></net>

<net id="371"><net_src comp="367" pin="1"/><net_sink comp="268" pin=1"/></net>

<net id="375"><net_src comp="242" pin="2"/><net_sink comp="372" pin=0"/></net>

<net id="376"><net_src comp="372" pin="1"/><net_sink comp="200" pin=6"/></net>

<net id="383"><net_src comp="254" pin="2"/><net_sink comp="380" pin=0"/></net>

<net id="384"><net_src comp="380" pin="1"/><net_sink comp="178" pin=2"/></net>

<net id="388"><net_src comp="260" pin="1"/><net_sink comp="385" pin=0"/></net>

<net id="389"><net_src comp="385" pin="1"/><net_sink comp="147" pin=2"/></net>

<net id="393"><net_src comp="118" pin="3"/><net_sink comp="390" pin=0"/></net>

<net id="394"><net_src comp="390" pin="1"/><net_sink comp="96" pin=0"/></net>

<net id="404"><net_src comp="312" pin="2"/><net_sink comp="401" pin=0"/></net>

<net id="408"><net_src comp="147" pin="3"/><net_sink comp="405" pin=0"/></net>

<net id="409"><net_src comp="405" pin="1"/><net_sink comp="154" pin=0"/></net>

<net id="413"><net_src comp="317" pin="1"/><net_sink comp="410" pin=0"/></net>

<net id="414"><net_src comp="410" pin="1"/><net_sink comp="200" pin=2"/></net>

<net id="418"><net_src comp="322" pin="4"/><net_sink comp="415" pin=0"/></net>

<net id="419"><net_src comp="415" pin="1"/><net_sink comp="200" pin=3"/></net>

<net id="423"><net_src comp="333" pin="2"/><net_sink comp="420" pin=0"/></net>

</net_list>

</model> 
---------------- Datapath Model END ------------------

* FSMD analyzer results:
  - Output states:
	Port: level | {1 5 6 }
	Port: level_counts_0 | {1 3 }
	Port: level_counts_1 | {3 }
 - Input state : 
	Port: bfs : nodes | {4 5 }
	Port: bfs : edges | {5 6 }
	Port: bfs : starting_node | {1 }
	Port: bfs : level | {3 4 5 6 }
  - Chain level:
	State 1
		store_ln18 : 1
		store_ln19 : 1
		store_ln21 : 1
	State 2
		trunc_ln21 : 1
		trunc_ln21_1 : 1
		add_ln21 : 1
		add_ln21_cast : 2
		empty : 2
	State 3
		icmp_ln24 : 1
		n_1 : 1
		br_ln24 : 2
		zext_ln24 : 1
		level_addr_1 : 2
		level_load : 3
		zext_ln39 : 1
		br_ln39 : 1
		level_counts_1_addr : 2
		store_ln39 : 3
		level_counts_0_addr_1 : 2
		store_ln39 : 3
		icmp_ln39 : 1
		and_ln39 : 2
		br_ln39 : 2
	State 4
		sext_ln25 : 1
		zext_ln25 : 2
		icmp_ln25 : 3
		br_ln25 : 4
		nodes_load : 1
	State 5
		tmp_begin : 1
		tmp_end : 1
		icmp_ln28 : 2
		br_ln28 : 3
		call_ln26 : 2
	State 6
	State 7
		cnt_3 : 1


============================================================
+ Verbose Summary: Datapath Resource usage 
============================================================

* Functional unit list:
|----------|----------------------------------------|---------|---------|---------|
| Operation|             Functional Unit            |  Delay  |    FF   |   LUT   |
|----------|----------------------------------------|---------|---------|---------|
|   call   | grp_bfs_Pipeline_loop_neighbors_fu_200 |  1.688  |   221   |   623   |
|----------|----------------------------------------|---------|---------|---------|
|          |            icmp_ln24_fu_248            |    0    |    0    |    11   |
|          |            icmp_ln39_fu_283            |    0    |    0    |    29   |
|   icmp   |            icmp_ln21_fu_289            |    0    |    0    |    29   |
|          |            icmp_ln25_fu_312            |    0    |    0    |    29   |
|          |            icmp_ln28_fu_333            |    0    |    0    |    29   |
|----------|----------------------------------------|---------|---------|---------|
|          |             add_ln21_fu_230            |    0    |    0    |    71   |
|    add   |          add_ln21_cast_fu_236          |    0    |    0    |    13   |
|          |              empty_fu_242              |    0    |    0    |    15   |
|          |               n_1_fu_254               |    0    |    0    |    16   |
|----------|----------------------------------------|---------|---------|---------|
|    and   |             and_ln39_fu_294            |    0    |    0    |    2    |
|----------|----------------------------------------|---------|---------|---------|
|   read   |      starting_node_read_read_fu_82     |    0    |    0    |    0    |
|----------|----------------------------------------|---------|---------|---------|
|          |            trunc_ln21_fu_222           |    0    |    0    |    0    |
|   trunc  |           trunc_ln21_1_fu_226          |    0    |    0    |    0    |
|          |            trunc_ln39_fu_265           |    0    |    0    |    0    |
|          |            tmp_begin_fu_317            |    0    |    0    |    0    |
|----------|----------------------------------------|---------|---------|---------|
|          |            zext_ln24_fu_260            |    0    |    0    |    0    |
|   zext   |            zext_ln39_fu_277            |    0    |    0    |    0    |
|          |            zext_ln25_fu_308            |    0    |    0    |    0    |
|----------|----------------------------------------|---------|---------|---------|
|partselect|             lshr_ln_fu_268             |    0    |    0    |    0    |
|          |             tmp_end_fu_322             |    0    |    0    |    0    |
|----------|----------------------------------------|---------|---------|---------|
|   sext   |            sext_ln25_fu_304            |    0    |    0    |    0    |
|----------|----------------------------------------|---------|---------|---------|
|   Total  |                                        |  1.688  |   221   |   867   |
|----------|----------------------------------------|---------|---------|---------|

Memories:
N/A

* Register list:
+---------------------+--------+
|                     |   FF   |
+---------------------+--------+
|add_ln21_cast_reg_367|    4   |
|   add_ln21_reg_361  |   64   |
|  cnt_1_loc_reg_350  |   64   |
|    cnt_3_reg_185    |   64   |
|     cnt_reg_160     |   64   |
|    empty_reg_372    |    8   |
|  horizon_1_reg_356  |   64   |
|   horizon_reg_343   |   64   |
|  icmp_ln25_reg_401  |    1   |
|  icmp_ln28_reg_420  |    1   |
| level_addr_1_reg_390|    8   |
|     n_1_reg_380     |    9   |
|      n_reg_174      |    9   |
|  nodes_addr_reg_405 |    8   |
|  tmp_begin_reg_410  |   64   |
|   tmp_end_reg_415   |   64   |
|  zext_ln24_reg_385  |   64   |
+---------------------+--------+
|        Total        |   624  |
+---------------------+--------+

* Multiplexer (MUX) list: 
|----------------------------------------|------|------|------|--------||---------||---------|
|                  Comp                  |  Pin | Size |  BW  | S x BW ||  Delay  ||   LUT   |
|----------------------------------------|------|------|------|--------||---------||---------|
|            grp_access_fu_96            |  p0  |   3  |   8  |   24   ||    13   |
|            grp_access_fu_111           |  p0  |   2  |   3  |    6   ||    9    |
|            grp_access_fu_111           |  p1  |   2  |  64  |   128  ||    9    |
|            grp_access_fu_154           |  p0  |   2  |   8  |   16   ||    9    |
|               cnt_reg_160              |  p0  |   2  |  64  |   128  ||    9    |
| grp_bfs_Pipeline_loop_neighbors_fu_200 |  p2  |   2  |  64  |   128  ||    9    |
| grp_bfs_Pipeline_loop_neighbors_fu_200 |  p3  |   2  |  64  |   128  ||    9    |
|----------------------------------------|------|------|------|--------||---------||---------|
|                  Total                 |      |      |      |   558  || 5.92214 ||    67   |
|----------------------------------------|------|------|------|--------||---------||---------|



* Summary:
+-----------+--------+--------+--------+
|           |  Delay |   FF   |   LUT  |
+-----------+--------+--------+--------+
|  Function |    1   |   221  |   867  |
|   Memory  |    -   |    -   |    -   |
|Multiplexer|    5   |    -   |   67   |
|  Register |    -   |   624  |    -   |
+-----------+--------+--------+--------+
|   Total   |    7   |   845  |   934  |
+-----------+--------+--------+--------+
