

================================================================
== Vitis HLS Report for 'bfs'
================================================================
* Date:           Mon Mar 10 00:19:55 2025

* Version:        2022.1 (Build 3526262 on Mon Apr 18 15:47:01 MDT 2022)
* Project:        bfs_random_prj_p1
* Solution:       solution (Vivado IP Flow Target)
* Product family: virtex7
* Target device:  xc7vx485t-ffg1761-2


================================================================
== Performance Estimates
================================================================
+ Timing: 
    * Summary: 
    +--------+----------+----------+------------+
    |  Clock |  Target  | Estimated| Uncertainty|
    +--------+----------+----------+------------+
    |ap_clk  |  10.00 ns|  5.679 ns|     2.70 ns|
    +--------+----------+----------+------------+

+ Latency: 
    * Summary: 
    +---------+---------+----------+----------+-----+-----+---------+
    |  Latency (cycles) |  Latency (absolute) |  Interval | Pipeline|
    |   min   |   max   |    min   |    max   | min | max |   Type  |
    +---------+---------+----------+----------+-----+-----+---------+
    |        ?|        ?|         ?|         ?|    ?|    ?|       no|
    +---------+---------+----------+----------+-----+-----+---------+

    + Detail: 
        * Instance: 
        +-----------------------------------------+------------------------------+---------+---------+----------+----------+-----+-----+---------+
        |                                         |                              |  Latency (cycles) |  Latency (absolute) |  Interval | Pipeline|
        |                 Instance                |            Module            |   min   |   max   |    min   |    max   | min | max |   Type  |
        +-----------------------------------------+------------------------------+---------+---------+----------+----------+-----+-----+---------+
        |grp_bfs_Pipeline_loop_neighbors_fu_332   |bfs_Pipeline_loop_neighbors   |        ?|        ?|         ?|         ?|    ?|    ?|       no|
        |grp_bfs_Pipeline_loop_neighbors1_fu_349  |bfs_Pipeline_loop_neighbors1  |        ?|        ?|         ?|         ?|    ?|    ?|       no|
        +-----------------------------------------+------------------------------+---------+---------+----------+----------+-----+-----+---------+

        * Loop: 
        +-----------------+---------+---------+----------+-----------+-----------+-------+----------+
        |                 |  Latency (cycles) | Iteration|  Initiation Interval  |  Trip |          |
        |    Loop Name    |   min   |   max   |  Latency |  achieved |   target  | Count | Pipelined|
        +-----------------+---------+---------+----------+-----------+-----------+-------+----------+
        |- loop_horizons  |        ?|        ?|         ?|          -|          -|  1 ~ 5|        no|
        | + loop_nodes    |        ?|        ?|         ?|          -|          -|    256|        no|
        | + loop_nodes    |        ?|        ?|         ?|          -|          -|    256|        no|
        +-----------------+---------+---------+----------+-----------+-----------+-------+----------+



================================================================
== Utilization Estimates
================================================================
* Summary: 
+-----------------+---------+------+--------+--------+-----+
|       Name      | BRAM_18K|  DSP |   FF   |   LUT  | URAM|
+-----------------+---------+------+--------+--------+-----+
|DSP              |        -|     -|       -|       -|    -|
|Expression       |        -|     -|       0|    6617|    -|
|FIFO             |        -|     -|       -|       -|    -|
|Instance         |        -|     0|    1960|    4536|    -|
|Memory           |        -|     -|       -|       -|    -|
|Multiplexer      |        -|     -|       -|     469|    -|
|Register         |        -|     -|     871|       -|    -|
+-----------------+---------+------+--------+--------+-----+
|Total            |        0|     0|    2831|   11622|    0|
+-----------------+---------+------+--------+--------+-----+
|Available        |     2060|  2800|  607200|  303600|    0|
+-----------------+---------+------+--------+--------+-----+
|Utilization (%)  |        0|     0|      ~0|       3|    0|
+-----------------+---------+------+--------+--------+-----+

+ Detail: 
    * Instance: 
    +-----------------------------------------+------------------------------+---------+----+-----+------+-----+
    |                 Instance                |            Module            | BRAM_18K| DSP|  FF |  LUT | URAM|
    +-----------------------------------------+------------------------------+---------+----+-----+------+-----+
    |grp_bfs_Pipeline_loop_neighbors_fu_332   |bfs_Pipeline_loop_neighbors   |        0|   0|  935|  2214|    0|
    |grp_bfs_Pipeline_loop_neighbors1_fu_349  |bfs_Pipeline_loop_neighbors1  |        0|   0|  935|  2214|    0|
    |mul_3ns_5ns_7_1_1_U27                    |mul_3ns_5ns_7_1_1             |        0|   0|    0|    17|    0|
    |mul_3ns_5ns_7_1_1_U28                    |mul_3ns_5ns_7_1_1             |        0|   0|    0|    17|    0|
    |mux_21_64_1_1_U25                        |mux_21_64_1_1                 |        0|   0|    0|     9|    0|
    |mux_21_64_1_1_U26                        |mux_21_64_1_1                 |        0|   0|    0|     9|    0|
    |mux_21_64_1_1_U30                        |mux_21_64_1_1                 |        0|   0|    0|     9|    0|
    |mux_21_64_1_1_U31                        |mux_21_64_1_1                 |        0|   0|    0|     9|    0|
    |urem_3ns_3ns_3_7_seq_1_U24               |urem_3ns_3ns_3_7_seq_1        |        0|   0|   45|    19|    0|
    |urem_3ns_3ns_3_7_seq_1_U29               |urem_3ns_3ns_3_7_seq_1        |        0|   0|   45|    19|    0|
    +-----------------------------------------+------------------------------+---------+----+-----+------+-----+
    |Total                                    |                              |        0|   0| 1960|  4536|    0|
    +-----------------------------------------+------------------------------+---------+----+-----+------+-----+

    * DSP: 
    N/A

    * Memory: 
    N/A

    * FIFO: 
    N/A

    * Expression: 
    +-------------------------+----------+----+---+-----+------------+------------+
    |      Variable Name      | Operation| DSP| FF| LUT | Bitwidth P0| Bitwidth P1|
    +-------------------------+----------+----+---+-----+------------+------------+
    |add_ln21_fu_635_p2       |         +|   0|  0|   13|           4|           2|
    |add_ln39_fu_657_p2       |         +|   0|  0|   11|           3|           1|
    |n_2_fu_413_p2            |         +|   0|  0|   16|           9|           1|
    |n_3_fu_646_p2            |         +|   0|  0|   16|           9|           1|
    |and_ln39_1_fu_835_p2     |       and|   0|  0|  128|         128|         128|
    |and_ln39_fu_606_p2       |       and|   0|  0|  128|         128|         128|
    |icmp_ln21_fu_387_p2      |      icmp|   0|  0|    9|           4|           4|
    |icmp_ln24_1_fu_640_p2    |      icmp|   0|  0|   11|           9|          10|
    |icmp_ln24_fu_407_p2      |      icmp|   0|  0|   11|           9|          10|
    |icmp_ln25_1_fu_690_p2    |      icmp|   0|  0|   11|           8|           8|
    |icmp_ln25_fu_443_p2      |      icmp|   0|  0|   11|           8|           8|
    |icmp_ln28_2_fu_790_p2    |      icmp|   0|  0|   29|          64|          64|
    |icmp_ln28_fu_543_p2      |      icmp|   0|  0|   29|          64|          64|
    |icmp_ln39_1_fu_858_p2    |      icmp|   0|  0|   29|          64|           1|
    |icmp_ln39_fu_629_p2      |      icmp|   0|  0|   29|          64|           1|
    |lshr_ln26_1_fu_495_p2    |      lshr|   0|  0|  950|         256|         256|
    |lshr_ln26_2_fu_728_p2    |      lshr|   0|  0|  950|         256|         256|
    |lshr_ln26_3_fu_742_p2    |      lshr|   0|  0|  950|         256|         256|
    |lshr_ln26_fu_481_p2      |      lshr|   0|  0|  950|         256|         256|
    |conv20_fu_397_p2         |        or|   0|  0|    4|           4|           1|
    |level_counts_1_d0        |        or|   0|  0|  128|         128|         128|
    |or_ln39_1_fu_851_p2      |        or|   0|  0|  128|         128|         128|
    |select_ln28_1_fu_800_p3  |    select|   0|  0|   64|           1|          64|
    |select_ln28_fu_553_p3    |    select|   0|  0|   64|           1|          64|
    |shl_ln39_2_fu_616_p2     |       shl|   0|  0|  423|         128|         128|
    |shl_ln39_3_fu_823_p2     |       shl|   0|  0|  423|          64|         128|
    |shl_ln39_4_fu_845_p2     |       shl|   0|  0|  423|         128|         128|
    |shl_ln39_fu_594_p2       |       shl|   0|  0|  423|          64|         128|
    |xor_ln39_1_fu_829_p2     |       xor|   0|  0|  128|         128|           2|
    |xor_ln39_fu_600_p2       |       xor|   0|  0|  128|         128|           2|
    +-------------------------+----------+----+---+-----+------------+------------+
    |Total                    |          |   0|  0| 6617|        2501|        2356|
    +-------------------------+----------+----+---+-----+------------+------------+

    * Multiplexer: 
    +-------------------------+-----+-----------+-----+-----------+
    |           Name          | LUT | Input Size| Bits| Total Bits|
    +-------------------------+-----+-----------+-----+-----------+
    |ap_NS_fsm                |  153|         32|    1|         32|
    |cnt_1_reg_293            |    9|          2|   64|        128|
    |cnt_2_reg_278            |    9|          2|   64|        128|
    |cnt_3_reg_317            |    9|          2|   64|        128|
    |cnt_reg_254              |    9|          2|   64|        128|
    |edges_0_address0         |   13|          3|   10|         30|
    |edges_0_address1         |   13|          3|   10|         30|
    |edges_0_ce0              |   13|          3|    1|          3|
    |edges_0_ce1              |   13|          3|    1|          3|
    |edges_1_address0         |   13|          3|   10|         30|
    |edges_1_address1         |   13|          3|   10|         30|
    |edges_1_ce0              |   13|          3|    1|          3|
    |edges_1_ce1              |   13|          3|    1|          3|
    |horizon_fu_120           |    9|          2|    4|          8|
    |level_address0           |   25|          6|    8|         48|
    |level_ce0                |   17|          4|    1|          4|
    |level_counts_0_address0  |   21|          5|    2|         10|
    |level_counts_0_d0        |   13|          3|  128|        384|
    |level_counts_1_address0  |   13|          3|    2|          6|
    |level_d0                 |   17|          4|    8|         32|
    |level_we0                |   17|          4|    1|          4|
    |n_1_reg_305              |    9|          2|    9|         18|
    |n_reg_266                |    9|          2|    9|         18|
    |nodes_0_address0         |   13|          3|    6|         18|
    |nodes_1_address0         |   13|          3|    6|         18|
    +-------------------------+-----+-----------+-----+-----------+
    |Total                    |  469|        105|  485|       1244|
    +-------------------------+-----+-----------+-----+-----------+

    * Register: 
    +------------------------------------------------------+----+----+-----+-----------+
    |                         Name                         | FF | LUT| Bits| Const Bits|
    +------------------------------------------------------+----+----+-----+-----------+
    |add_ln21_reg_1004                                     |   4|   0|    4|          0|
    |ap_CS_fsm                                             |  31|   0|   31|          0|
    |cnt_1_reg_293                                         |  64|   0|   64|          0|
    |cnt_2_0_loc_fu_132                                    |  64|   0|   64|          0|
    |cnt_2_reg_278                                         |  64|   0|   64|          0|
    |cnt_3_reg_317                                         |  64|   0|   64|          0|
    |cnt_4_0_loc_fu_136                                    |  64|   0|   64|          0|
    |cnt_6_0_loc_fu_128                                    |  64|   0|   64|          0|
    |cnt_9_0_loc_fu_124                                    |  64|   0|   64|          0|
    |cnt_reg_254                                           |  64|   0|   64|          0|
    |conv20_reg_916                                        |   3|   0|    4|          1|
    |grp_bfs_Pipeline_loop_neighbors1_fu_349_ap_start_reg  |   1|   0|    1|          0|
    |grp_bfs_Pipeline_loop_neighbors_fu_332_ap_start_reg   |   1|   0|    1|          0|
    |horizon_fu_120                                        |   4|   0|    4|          0|
    |icmp_ln21_reg_907                                     |   1|   0|    1|          0|
    |icmp_ln39_reg_1000                                    |   1|   0|    1|          0|
    |level_counts_0_addr_1_reg_1082                        |   2|   0|    2|          0|
    |level_counts_1_addr_reg_995                           |   2|   0|    2|          0|
    |n_1_reg_305                                           |   9|   0|    9|          0|
    |n_2_reg_929                                           |   9|   0|    9|          0|
    |n_3_reg_1013                                          |   9|   0|    9|          0|
    |n_reg_266                                             |   9|   0|    9|          0|
    |targetBlock4_reg_1072                                 |   1|   0|    1|          0|
    |targetBlock_reg_985                                   |   1|   0|    1|          0|
    |tmp_15_reg_949                                        |   1|   0|    1|          0|
    |tmp_16_reg_955                                        |   1|   0|    1|          0|
    |tmp_17_reg_1028                                       |   1|   0|    1|          0|
    |tmp_18_reg_1036                                       |   1|   0|    1|          0|
    |tmp_19_reg_1042                                       |   1|   0|    1|          0|
    |tmp_begin_1_reg_1057                                  |  64|   0|   64|          0|
    |tmp_begin_reg_970                                     |  64|   0|   64|          0|
    |tmp_end_1_reg_1063                                    |  64|   0|   64|          0|
    |tmp_end_reg_976                                       |  64|   0|   64|          0|
    |trunc_ln_reg_939                                      |   3|   0|    3|          0|
    |zext_ln21_reg_911                                     |   4|   0|    8|          4|
    |zext_ln24_reg_921                                     |   3|   0|    8|          5|
    +------------------------------------------------------+----+----+-----+-----------+
    |Total                                                 | 871|   0|  881|         10|
    +------------------------------------------------------+----+----+-----+-----------+



================================================================
== Interface
================================================================
* Summary: 
+-------------------------+-----+-----+------------+----------------+--------------+
|        RTL Ports        | Dir | Bits|  Protocol  |  Source Object |    C Type    |
+-------------------------+-----+-----+------------+----------------+--------------+
|ap_clk                   |   in|    1|  ap_ctrl_hs|             bfs|  return value|
|ap_rst                   |   in|    1|  ap_ctrl_hs|             bfs|  return value|
|ap_start                 |   in|    1|  ap_ctrl_hs|             bfs|  return value|
|ap_done                  |  out|    1|  ap_ctrl_hs|             bfs|  return value|
|ap_idle                  |  out|    1|  ap_ctrl_hs|             bfs|  return value|
|ap_ready                 |  out|    1|  ap_ctrl_hs|             bfs|  return value|
|nodes_0_address0         |  out|    6|   ap_memory|         nodes_0|         array|
|nodes_0_ce0              |  out|    1|   ap_memory|         nodes_0|         array|
|nodes_0_q0               |   in|  256|   ap_memory|         nodes_0|         array|
|nodes_1_address0         |  out|    6|   ap_memory|         nodes_1|         array|
|nodes_1_ce0              |  out|    1|   ap_memory|         nodes_1|         array|
|nodes_1_q0               |   in|  256|   ap_memory|         nodes_1|         array|
|edges_0_address0         |  out|   10|   ap_memory|         edges_0|         array|
|edges_0_ce0              |  out|    1|   ap_memory|         edges_0|         array|
|edges_0_q0               |   in|  128|   ap_memory|         edges_0|         array|
|edges_0_address1         |  out|   10|   ap_memory|         edges_0|         array|
|edges_0_ce1              |  out|    1|   ap_memory|         edges_0|         array|
|edges_0_q1               |   in|  128|   ap_memory|         edges_0|         array|
|edges_1_address0         |  out|   10|   ap_memory|         edges_1|         array|
|edges_1_ce0              |  out|    1|   ap_memory|         edges_1|         array|
|edges_1_q0               |   in|  128|   ap_memory|         edges_1|         array|
|edges_1_address1         |  out|   10|   ap_memory|         edges_1|         array|
|edges_1_ce1              |  out|    1|   ap_memory|         edges_1|         array|
|edges_1_q1               |   in|  128|   ap_memory|         edges_1|         array|
|starting_node            |   in|   64|     ap_none|   starting_node|        scalar|
|level_address0           |  out|    8|   ap_memory|           level|         array|
|level_ce0                |  out|    1|   ap_memory|           level|         array|
|level_we0                |  out|    1|   ap_memory|           level|         array|
|level_d0                 |  out|    8|   ap_memory|           level|         array|
|level_q0                 |   in|    8|   ap_memory|           level|         array|
|level_counts_0_address0  |  out|    2|   ap_memory|  level_counts_0|         array|
|level_counts_0_ce0       |  out|    1|   ap_memory|  level_counts_0|         array|
|level_counts_0_we0       |  out|    1|   ap_memory|  level_counts_0|         array|
|level_counts_0_d0        |  out|  128|   ap_memory|  level_counts_0|         array|
|level_counts_0_q0        |   in|  128|   ap_memory|  level_counts_0|         array|
|level_counts_1_address0  |  out|    2|   ap_memory|  level_counts_1|         array|
|level_counts_1_ce0       |  out|    1|   ap_memory|  level_counts_1|         array|
|level_counts_1_we0       |  out|    1|   ap_memory|  level_counts_1|         array|
|level_counts_1_d0        |  out|  128|   ap_memory|  level_counts_1|         array|
|level_counts_1_q0        |   in|  128|   ap_memory|  level_counts_1|         array|
+-------------------------+-----+-----+------------+----------------+--------------+

