

================================================================
== Vitis HLS Report for 'bfs'
================================================================
* Date:           Mon Mar 10 00:20:21 2025

* Version:        2022.1 (Build 3526262 on Mon Apr 18 15:47:01 MDT 2022)
* Project:        bfs_random_prj_p1
* Solution:       solution (Vivado IP Flow Target)
* Product family: virtex7
* Target device:  xc7vx485t-ffg1761-2


================================================================
== Performance Estimates
================================================================
+ Timing: 
    * Summary: 
    +--------+----------+----------+------------+
    |  Clock |  Target  | Estimated| Uncertainty|
    +--------+----------+----------+------------+
    |ap_clk  |  10.00 ns|  6.904 ns|     2.70 ns|
    +--------+----------+----------+------------+

+ Latency: 
    * Summary: 
    +---------+---------+----------+----------+-----+-----+---------+
    |  Latency (cycles) |  Latency (absolute) |  Interval | Pipeline|
    |   min   |   max   |    min   |    max   | min | max |   Type  |
    +---------+---------+----------+----------+-----+-----+---------+
    |        ?|        ?|         ?|         ?|    ?|    ?|       no|
    +---------+---------+----------+----------+-----+-----+---------+

    + Detail: 
        * Instance: 
        +-----------------------------------------+------------------------------+---------+---------+----------+----------+-----+-----+---------+
        |                                         |                              |  Latency (cycles) |  Latency (absolute) |  Interval | Pipeline|
        |                 Instance                |            Module            |   min   |   max   |    min   |    max   | min | max |   Type  |
        +-----------------------------------------+------------------------------+---------+---------+----------+----------+-----+-----+---------+
        |grp_bfs_Pipeline_loop_neighbors_fu_328   |bfs_Pipeline_loop_neighbors   |        ?|        ?|         ?|         ?|    ?|    ?|       no|
        |grp_bfs_Pipeline_loop_neighbors1_fu_344  |bfs_Pipeline_loop_neighbors1  |        ?|        ?|         ?|         ?|    ?|    ?|       no|
        +-----------------------------------------+------------------------------+---------+---------+----------+----------+-----+-----+---------+

        * Loop: 
        +-----------------+---------+---------+----------+-----------+-----------+-------+----------+
        |                 |  Latency (cycles) | Iteration|  Initiation Interval  |  Trip |          |
        |    Loop Name    |   min   |   max   |  Latency |  achieved |   target  | Count | Pipelined|
        +-----------------+---------+---------+----------+-----------+-----------+-------+----------+
        |- loop_horizons  |        ?|        ?|         ?|          -|          -|  1 ~ 5|        no|
        | + loop_nodes    |        ?|        ?|         ?|          -|          -|    256|        no|
        | + loop_nodes    |        ?|        ?|         ?|          -|          -|    256|        no|
        +-----------------+---------+---------+----------+-----------+-----------+-------+----------+



================================================================
== Utilization Estimates
================================================================
* Summary: 
+-----------------+---------+------+--------+--------+-----+
|       Name      | BRAM_18K|  DSP |   FF   |   LUT  | URAM|
+-----------------+---------+------+--------+--------+-----+
|DSP              |        -|     -|       -|       -|    -|
|Expression       |        -|     -|       0|    2689|    -|
|FIFO             |        -|     -|       -|       -|    -|
|Instance         |        -|     -|     308|    1418|    -|
|Memory           |        -|     -|       -|       -|    -|
|Multiplexer      |        -|     -|       -|     391|    -|
|Register         |        -|     -|     532|       -|    -|
+-----------------+---------+------+--------+--------+-----+
|Total            |        0|     0|     840|    4498|    0|
+-----------------+---------+------+--------+--------+-----+
|Available        |     2060|  2800|  607200|  303600|    0|
+-----------------+---------+------+--------+--------+-----+
|Utilization (%)  |        0|     0|      ~0|       1|    0|
+-----------------+---------+------+--------+--------+-----+

+ Detail: 
    * Instance: 
    +-----------------------------------------+------------------------------+---------+----+-----+-----+-----+
    |                 Instance                |            Module            | BRAM_18K| DSP|  FF | LUT | URAM|
    +-----------------------------------------+------------------------------+---------+----+-----+-----+-----+
    |grp_bfs_Pipeline_loop_neighbors_fu_328   |bfs_Pipeline_loop_neighbors   |        0|   0|  154|  700|    0|
    |grp_bfs_Pipeline_loop_neighbors1_fu_344  |bfs_Pipeline_loop_neighbors1  |        0|   0|  154|  700|    0|
    |mux_21_8_1_1_U20                         |mux_21_8_1_1                  |        0|   0|    0|    9|    0|
    |mux_21_8_1_1_U21                         |mux_21_8_1_1                  |        0|   0|    0|    9|    0|
    +-----------------------------------------+------------------------------+---------+----+-----+-----+-----+
    |Total                                    |                              |        0|   0|  308| 1418|    0|
    +-----------------------------------------+------------------------------+---------+----+-----+-----+-----+

    * DSP: 
    N/A

    * Memory: 
    N/A

    * FIFO: 
    N/A

    * Expression: 
    +-----------------------+----------+----+---+-----+------------+------------+
    |     Variable Name     | Operation| DSP| FF| LUT | Bitwidth P0| Bitwidth P1|
    +-----------------------+----------+----+---+-----+------------+------------+
    |add_ln21_fu_584_p2     |         +|   0|  0|   13|           4|           2|
    |add_ln39_fu_617_p2     |         +|   0|  0|   11|           3|           1|
    |n_2_fu_445_p2          |         +|   0|  0|   16|           9|           1|
    |n_3_fu_595_p2          |         +|   0|  0|   16|           9|           1|
    |and_ln39_1_fu_703_p2   |       and|   0|  0|  128|         128|         128|
    |and_ln39_fu_555_p2     |       and|   0|  0|  128|         128|         128|
    |icmp_ln21_fu_419_p2    |      icmp|   0|  0|    9|           4|           4|
    |icmp_ln24_1_fu_589_p2  |      icmp|   0|  0|   11|           9|          10|
    |icmp_ln24_fu_439_p2    |      icmp|   0|  0|   11|           9|          10|
    |icmp_ln25_1_fu_660_p2  |      icmp|   0|  0|   11|           8|           8|
    |icmp_ln25_fu_500_p2    |      icmp|   0|  0|   11|           8|           8|
    |icmp_ln28_1_fu_670_p2  |      icmp|   0|  0|   29|          64|          64|
    |icmp_ln28_fu_510_p2    |      icmp|   0|  0|   29|          64|          64|
    |icmp_ln39_1_fu_726_p2  |      icmp|   0|  0|   29|          64|           1|
    |icmp_ln39_fu_578_p2    |      icmp|   0|  0|   29|          64|           1|
    |conv20_fu_429_p2       |        or|   0|  0|    4|           4|           1|
    |level_counts_1_d0      |        or|   0|  0|  128|         128|         128|
    |or_ln39_1_fu_719_p2    |        or|   0|  0|  128|         128|         128|
    |shl_ln39_2_fu_565_p2   |       shl|   0|  0|  423|         128|         128|
    |shl_ln39_3_fu_691_p2   |       shl|   0|  0|  423|          64|         128|
    |shl_ln39_4_fu_713_p2   |       shl|   0|  0|  423|         128|         128|
    |shl_ln39_fu_543_p2     |       shl|   0|  0|  423|          64|         128|
    |xor_ln39_1_fu_697_p2   |       xor|   0|  0|  128|         128|           2|
    |xor_ln39_fu_549_p2     |       xor|   0|  0|  128|         128|           2|
    +-----------------------+----------+----+---+-----+------------+------------+
    |Total                  |          |   0|  0| 2689|        1475|        1204|
    +-----------------------+----------+----+---+-----+------------+------------+

    * Multiplexer: 
    +--------------------------------+----+-----------+-----+-----------+
    |              Name              | LUT| Input Size| Bits| Total Bits|
    +--------------------------------+----+-----------+-----+-----------+
    |ap_NS_fsm                       |  81|         17|    1|         17|
    |ap_phi_mux_cnt_5_phi_fu_317_p6  |   9|          2|   64|        128|
    |cnt_1_reg_289                   |   9|          2|   64|        128|
    |cnt_3_reg_274                   |   9|          2|   64|        128|
    |cnt_5_reg_313                   |   9|          2|   64|        128|
    |cnt_reg_250                     |   9|          2|   64|        128|
    |edges_address0                  |  13|          3|   11|         33|
    |edges_ce0                       |  13|          3|    1|          3|
    |horizon_fu_124                  |   9|          2|    4|          8|
    |level_0_address0                |  25|          6|    7|         42|
    |level_0_ce0                     |  17|          4|    1|          4|
    |level_0_d0                      |  17|          4|    8|         32|
    |level_0_we0                     |  17|          4|    1|          4|
    |level_1_address0                |  25|          6|    7|         42|
    |level_1_ce0                     |  17|          4|    1|          4|
    |level_1_d0                      |  17|          4|    8|         32|
    |level_1_we0                     |  17|          4|    1|          4|
    |level_counts_0_address0         |  21|          5|    2|         10|
    |level_counts_0_d0               |  13|          3|  128|        384|
    |level_counts_1_address0         |  13|          3|    2|          6|
    |n_1_reg_301                     |   9|          2|    9|         18|
    |n_reg_262                       |   9|          2|    9|         18|
    |nodes_address0                  |  13|          3|    8|         24|
    +--------------------------------+----+-----------+-----+-----------+
    |Total                           | 391|         89|  529|       1325|
    +--------------------------------+----+-----------+-----+-----------+

    * Register: 
    +------------------------------------------------------+----+----+-----+-----------+
    |                         Name                         | FF | LUT| Bits| Const Bits|
    +------------------------------------------------------+----+----+-----+-----------+
    |add_ln21_reg_836                                      |   4|   0|    4|          0|
    |ap_CS_fsm                                             |  16|   0|   16|          0|
    |cnt_1_reg_289                                         |  64|   0|   64|          0|
    |cnt_3_reg_274                                         |  64|   0|   64|          0|
    |cnt_5_reg_313                                         |  64|   0|   64|          0|
    |cnt_reg_250                                           |  64|   0|   64|          0|
    |conv20_reg_775                                        |   3|   0|    4|          1|
    |grp_bfs_Pipeline_loop_neighbors1_fu_344_ap_start_reg  |   1|   0|    1|          0|
    |grp_bfs_Pipeline_loop_neighbors_fu_328_ap_start_reg   |   1|   0|    1|          0|
    |horizon_fu_124                                        |   4|   0|    4|          0|
    |icmp_ln21_reg_766                                     |   1|   0|    1|          0|
    |icmp_ln25_1_reg_870                                   |   1|   0|    1|          0|
    |icmp_ln28_1_reg_884                                   |   1|   0|    1|          0|
    |icmp_ln39_reg_832                                     |   1|   0|    1|          0|
    |level_counts_0_addr_1_reg_865                         |   2|   0|    2|          0|
    |level_counts_1_addr_reg_803                           |   2|   0|    2|          0|
    |n_1_reg_301                                           |   9|   0|    9|          0|
    |n_2_reg_788                                           |   9|   0|    9|          0|
    |n_3_reg_845                                           |   9|   0|    9|          0|
    |n_reg_262                                             |   9|   0|    9|          0|
    |reg_372                                               |  64|   0|   64|          0|
    |tmp_begin_1_reg_879                                   |  64|   0|   64|          0|
    |tmp_begin_reg_816                                     |  64|   0|   64|          0|
    |trunc_ln1_reg_827                                     |   3|   0|    3|          0|
    |trunc_ln39_1_reg_860                                  |   1|   0|    1|          0|
    |zext_ln21_reg_770                                     |   4|   0|    8|          4|
    |zext_ln24_reg_780                                     |   3|   0|    8|          5|
    +------------------------------------------------------+----+----+-----+-----------+
    |Total                                                 | 532|   0|  542|         10|
    +------------------------------------------------------+----+----+-----+-----------+



================================================================
== Interface
================================================================
* Summary: 
+-------------------------+-----+-----+------------+----------------+--------------+
|        RTL Ports        | Dir | Bits|  Protocol  |  Source Object |    C Type    |
+-------------------------+-----+-----+------------+----------------+--------------+
|ap_clk                   |   in|    1|  ap_ctrl_hs|             bfs|  return value|
|ap_rst                   |   in|    1|  ap_ctrl_hs|             bfs|  return value|
|ap_start                 |   in|    1|  ap_ctrl_hs|             bfs|  return value|
|ap_done                  |  out|    1|  ap_ctrl_hs|             bfs|  return value|
|ap_idle                  |  out|    1|  ap_ctrl_hs|             bfs|  return value|
|ap_ready                 |  out|    1|  ap_ctrl_hs|             bfs|  return value|
|nodes_address0           |  out|    8|   ap_memory|           nodes|         array|
|nodes_ce0                |  out|    1|   ap_memory|           nodes|         array|
|nodes_q0                 |   in|  128|   ap_memory|           nodes|         array|
|edges_address0           |  out|   11|   ap_memory|           edges|         array|
|edges_ce0                |  out|    1|   ap_memory|           edges|         array|
|edges_q0                 |   in|  128|   ap_memory|           edges|         array|
|starting_node            |   in|   64|     ap_none|   starting_node|        scalar|
|level_0_address0         |  out|    7|   ap_memory|         level_0|         array|
|level_0_ce0              |  out|    1|   ap_memory|         level_0|         array|
|level_0_we0              |  out|    1|   ap_memory|         level_0|         array|
|level_0_d0               |  out|    8|   ap_memory|         level_0|         array|
|level_0_q0               |   in|    8|   ap_memory|         level_0|         array|
|level_1_address0         |  out|    7|   ap_memory|         level_1|         array|
|level_1_ce0              |  out|    1|   ap_memory|         level_1|         array|
|level_1_we0              |  out|    1|   ap_memory|         level_1|         array|
|level_1_d0               |  out|    8|   ap_memory|         level_1|         array|
|level_1_q0               |   in|    8|   ap_memory|         level_1|         array|
|level_counts_0_address0  |  out|    2|   ap_memory|  level_counts_0|         array|
|level_counts_0_ce0       |  out|    1|   ap_memory|  level_counts_0|         array|
|level_counts_0_we0       |  out|    1|   ap_memory|  level_counts_0|         array|
|level_counts_0_d0        |  out|  128|   ap_memory|  level_counts_0|         array|
|level_counts_0_q0        |   in|  128|   ap_memory|  level_counts_0|         array|
|level_counts_1_address0  |  out|    2|   ap_memory|  level_counts_1|         array|
|level_counts_1_ce0       |  out|    1|   ap_memory|  level_counts_1|         array|
|level_counts_1_we0       |  out|    1|   ap_memory|  level_counts_1|         array|
|level_counts_1_d0        |  out|  128|   ap_memory|  level_counts_1|         array|
|level_counts_1_q0        |   in|  128|   ap_memory|  level_counts_1|         array|
+-------------------------+-----+-----+------------+----------------+--------------+

