

================================================================
== Vitis HLS Report for 'bfs'
================================================================
* Date:           Mon Mar 10 00:14:26 2025

* Version:        2022.1 (Build 3526262 on Mon Apr 18 15:47:01 MDT 2022)
* Project:        bfs_random_prj_p1
* Solution:       solution (Vivado IP Flow Target)
* Product family: virtex7
* Target device:  xc7vx485t-ffg1761-2


================================================================
== Performance Estimates
================================================================
+ Timing: 
    * Summary: 
    +--------+----------+----------+------------+
    |  Clock |  Target  | Estimated| Uncertainty|
    +--------+----------+----------+------------+
    |ap_clk  |  10.00 ns|  5.482 ns|     2.70 ns|
    +--------+----------+----------+------------+

+ Latency: 
    * Summary: 
    +---------+---------+----------+----------+-----+-----+---------+
    |  Latency (cycles) |  Latency (absolute) |  Interval | Pipeline|
    |   min   |   max   |    min   |    max   | min | max |   Type  |
    +---------+---------+----------+----------+-----+-----+---------+
    |        ?|        ?|         ?|         ?|    ?|    ?|       no|
    +---------+---------+----------+----------+-----+-----+---------+

    + Detail: 
        * Instance: 
        N/A

        * Loop: 
        +---------------------+---------+---------+----------+-----------+-----------+------+----------+
        |                     |  Latency (cycles) | Iteration|  Initiation Interval  | Trip |          |
        |      Loop Name      |   min   |   max   |  Latency |  achieved |   target  | Count| Pipelined|
        +---------------------+---------+---------+----------+-----------+-----------+------+----------+
        |- loop_horizons      |        ?|        ?|         ?|          -|          -|     ?|        no|
        | + loop_nodes        |        ?|        ?|         ?|          -|          -|   256|        no|
        |  ++ loop_neighbors  |        ?|        ?|         7|          -|          -|     ?|        no|
        +---------------------+---------+---------+----------+-----------+-----------+------+----------+



================================================================
== Utilization Estimates
================================================================
* Summary: 
+-----------------+---------+------+--------+--------+-----+
|       Name      | BRAM_18K|  DSP |   FF   |   LUT  | URAM|
+-----------------+---------+------+--------+--------+-----+
|DSP              |        -|     -|       -|       -|    -|
|Expression       |        -|     -|       0|    3552|    -|
|FIFO             |        -|     -|       -|       -|    -|
|Instance         |        -|     -|       0|      18|    -|
|Memory           |        -|     -|       -|       -|    -|
|Multiplexer      |        -|     -|       -|     273|    -|
|Register         |        -|     -|     654|       -|    -|
+-----------------+---------+------+--------+--------+-----+
|Total            |        0|     0|     654|    3843|    0|
+-----------------+---------+------+--------+--------+-----+
|Available        |     2060|  2800|  607200|  303600|    0|
+-----------------+---------+------+--------+--------+-----+
|Utilization (%)  |        0|     0|      ~0|       1|    0|
+-----------------+---------+------+--------+--------+-----+

+ Detail: 
    * Instance: 
    +------------------+---------------+---------+----+---+----+-----+
    |     Instance     |     Module    | BRAM_18K| DSP| FF| LUT| URAM|
    +------------------+---------------+---------+----+---+----+-----+
    |mux_21_64_1_1_U1  |mux_21_64_1_1  |        0|   0|  0|   9|    0|
    |mux_21_64_1_1_U2  |mux_21_64_1_1  |        0|   0|  0|   9|    0|
    +------------------+---------------+---------+----+---+----+-----+
    |Total             |               |        0|   0|  0|  18|    0|
    +------------------+---------------+---------+----+---+----+-----+

    * DSP: 
    N/A

    * Memory: 
    N/A

    * FIFO: 
    N/A

    * Expression: 
    +--------------------------+----------+----+---+-----+------------+------------+
    |       Variable Name      | Operation| DSP| FF| LUT | Bitwidth P0| Bitwidth P1|
    +--------------------------+----------+----+---+-----+------------+------------+
    |add_ln21_cast1_fu_374_p2  |         +|   0|  0|   13|           4|           1|
    |add_ln21_fu_368_p2        |         +|   0|  0|   71|          64|           1|
    |add_ln28_1_fu_655_p2      |         +|   0|  0|   71|          64|           2|
    |add_ln28_2_fu_553_p2      |         +|   0|  0|   19|          12|           1|
    |add_ln28_3_fu_563_p2      |         +|   0|  0|   10|           2|           1|
    |add_ln28_fu_543_p2        |         +|   0|  0|   71|          64|           1|
    |add_ln34_1_fu_648_p2      |         +|   0|  0|   71|          64|           1|
    |add_ln34_fu_536_p2        |         +|   0|  0|   71|          64|           1|
    |empty_fu_386_p2           |         +|   0|  0|   15|           8|           1|
    |n_1_fu_403_p2             |         +|   0|  0|   16|           9|           1|
    |and_ln39_1_fu_684_p2      |       and|   0|  0|  128|         128|         128|
    |and_ln39_fu_718_p2        |       and|   0|  0|    2|           1|           1|
    |grp_fu_329_p2             |      icmp|   0|  0|   11|           8|           7|
    |icmp_ln21_fu_713_p2       |      icmp|   0|  0|   29|          64|           4|
    |icmp_ln24_fu_397_p2       |      icmp|   0|  0|   11|           9|          10|
    |icmp_ln25_fu_431_p2       |      icmp|   0|  0|   29|          64|          64|
    |icmp_ln28_1_fu_456_p2     |      icmp|   0|  0|   29|          64|          64|
    |icmp_ln28_2_fu_574_p2     |      icmp|   0|  0|   29|          64|          64|
    |icmp_ln28_fu_450_p2       |      icmp|   0|  0|   29|          64|          64|
    |icmp_ln39_fu_707_p2       |      icmp|   0|  0|   29|          64|           1|
    |lshr_ln29_2_fu_511_p2     |      lshr|   0|  0|  423|         128|         128|
    |lshr_ln29_3_fu_614_p2     |      lshr|   0|  0|  423|         128|         128|
    |lshr_ln29_4_fu_628_p2     |      lshr|   0|  0|  423|         128|         128|
    |lshr_ln29_fu_497_p2       |      lshr|   0|  0|  423|         128|         128|
    |or_ln39_fu_700_p2         |        or|   0|  0|  128|         128|         128|
    |shl_ln39_1_fu_694_p2      |       shl|   0|  0|  423|         128|         128|
    |shl_ln39_fu_672_p2        |       shl|   0|  0|  423|          64|         128|
    |add_ln21_cast_fu_380_p2   |       xor|   0|  0|    2|           1|           2|
    |xor_ln28_fu_569_p2        |       xor|   0|  0|    2|           1|           2|
    |xor_ln39_fu_678_p2        |       xor|   0|  0|  128|         128|           2|
    +--------------------------+----------+----+---+-----+------------+------------+
    |Total                     |          |   0|  0| 3552|        1847|        1320|
    +--------------------------+----------+----+---+-----+------------+------------+

    * Multiplexer: 
    +----------------------------------+----+-----------+-----+-----------+
    |               Name               | LUT| Input Size| Bits| Total Bits|
    +----------------------------------+----+-----------+-----+-----------+
    |ap_NS_fsm                         |  81|         17|    1|         17|
    |ap_phi_mux_cnt_2_0_phi_fu_281_p4  |  13|          3|   64|        192|
    |ap_phi_mux_cnt_2_1_phi_fu_293_p4  |  13|          3|   64|        192|
    |cnt_1_0_reg_257                   |   9|          2|   64|        128|
    |cnt_1_ph_reg_301                  |   9|          2|   64|        128|
    |cnt_1_reg_313                     |   9|          2|   64|        128|
    |cnt_2_0_reg_278                   |   9|          2|   64|        128|
    |cnt_reg_234                       |   9|          2|   64|        128|
    |e_1_0_reg_268                     |   9|          2|   64|        128|
    |edges_0_address0                  |  13|          3|   10|         30|
    |edges_1_address0                  |  13|          3|   10|         30|
    |horizon_fu_110                    |   9|          2|   64|        128|
    |level_address0                    |  21|          5|    8|         40|
    |level_counts_address0             |  21|          5|    3|         15|
    |level_counts_d0                   |  13|          3|  128|        384|
    |level_d0                          |  13|          3|    8|         24|
    |n_reg_246                         |   9|          2|    9|         18|
    +----------------------------------+----+-----------+-----+-----------+
    |Total                             | 273|         61|  753|       1838|
    +----------------------------------+----+-----------+-----+-----------+

    * Register: 
    +-----------------------------+----+----+-----+-----------+
    |             Name            | FF | LUT| Bits| Const Bits|
    +-----------------------------+----+----+-----+-----------+
    |add_ln21_cast1_reg_749       |   4|   0|    4|          0|
    |add_ln21_cast_reg_754        |   1|   0|    1|          0|
    |add_ln21_reg_743             |  64|   0|   64|          0|
    |ap_CS_fsm                    |  16|   0|   16|          0|
    |cnt_1_0_reg_257              |  64|   0|   64|          0|
    |cnt_1_ph_reg_301             |  64|   0|   64|          0|
    |cnt_1_reg_313                |  64|   0|   64|          0|
    |cnt_2_0_reg_278              |  64|   0|   64|          0|
    |cnt_reg_234                  |  64|   0|   64|          0|
    |e_1_0_reg_268                |  64|   0|   64|          0|
    |empty_reg_759                |   8|   0|    8|          0|
    |horizon_fu_110               |  64|   0|   64|          0|
    |level_addr_2_reg_827         |   8|   0|    8|          0|
    |level_addr_3_reg_858         |   8|   0|    8|          0|
    |level_counts_addr_1_reg_782  |   3|   0|    3|          0|
    |n_1_reg_772                  |   9|   0|    9|          0|
    |n_reg_246                    |   9|   0|    9|          0|
    |tmp_1_reg_843                |   1|   0|    1|          0|
    |tmp_end_reg_800              |  64|   0|   64|          0|
    |trunc_ln28_reg_822           |   1|   0|    1|          0|
    |xor_ln28_reg_835             |   1|   0|    1|          0|
    |zext_ln24_reg_764            |   9|   0|   64|         55|
    +-----------------------------+----+----+-----+-----------+
    |Total                        | 654|   0|  709|         55|
    +-----------------------------+----+----+-----+-----------+



================================================================
== Interface
================================================================
* Summary: 
+-----------------------+-----+-----+------------+---------------+--------------+
|       RTL Ports       | Dir | Bits|  Protocol  | Source Object |    C Type    |
+-----------------------+-----+-----+------------+---------------+--------------+
|ap_clk                 |   in|    1|  ap_ctrl_hs|            bfs|  return value|
|ap_rst                 |   in|    1|  ap_ctrl_hs|            bfs|  return value|
|ap_start               |   in|    1|  ap_ctrl_hs|            bfs|  return value|
|ap_done                |  out|    1|  ap_ctrl_hs|            bfs|  return value|
|ap_idle                |  out|    1|  ap_ctrl_hs|            bfs|  return value|
|ap_ready               |  out|    1|  ap_ctrl_hs|            bfs|  return value|
|nodes_address0         |  out|    8|   ap_memory|          nodes|         array|
|nodes_ce0              |  out|    1|   ap_memory|          nodes|         array|
|nodes_q0               |   in|  128|   ap_memory|          nodes|         array|
|edges_0_address0       |  out|   10|   ap_memory|        edges_0|         array|
|edges_0_ce0            |  out|    1|   ap_memory|        edges_0|         array|
|edges_0_q0             |   in|  128|   ap_memory|        edges_0|         array|
|edges_1_address0       |  out|   10|   ap_memory|        edges_1|         array|
|edges_1_ce0            |  out|    1|   ap_memory|        edges_1|         array|
|edges_1_q0             |   in|  128|   ap_memory|        edges_1|         array|
|starting_node          |   in|   64|     ap_none|  starting_node|        scalar|
|level_address0         |  out|    8|   ap_memory|          level|         array|
|level_ce0              |  out|    1|   ap_memory|          level|         array|
|level_we0              |  out|    1|   ap_memory|          level|         array|
|level_d0               |  out|    8|   ap_memory|          level|         array|
|level_q0               |   in|    8|   ap_memory|          level|         array|
|level_counts_address0  |  out|    3|   ap_memory|   level_counts|         array|
|level_counts_ce0       |  out|    1|   ap_memory|   level_counts|         array|
|level_counts_we0       |  out|    1|   ap_memory|   level_counts|         array|
|level_counts_d0        |  out|  128|   ap_memory|   level_counts|         array|
|level_counts_q0        |   in|  128|   ap_memory|   level_counts|         array|
+-----------------------+-----+-----+------------+---------------+--------------+

