

================================================================
== Vitis HLS Report for 'bfs'
================================================================
* Date:           Mon Mar 10 00:19:04 2025

* Version:        2022.1 (Build 3526262 on Mon Apr 18 15:47:01 MDT 2022)
* Project:        bfs_random_prj_p1
* Solution:       solution (Vivado IP Flow Target)
* Product family: virtex7
* Target device:  xc7vx485t-ffg1761-2


================================================================
== Performance Estimates
================================================================
+ Timing: 
    * Summary: 
    +--------+----------+----------+------------+
    |  Clock |  Target  | Estimated| Uncertainty|
    +--------+----------+----------+------------+
    |ap_clk  |  10.00 ns|  6.900 ns|     2.70 ns|
    +--------+----------+----------+------------+

+ Latency: 
    * Summary: 
    +---------+---------+----------+----------+-----+-----+---------+
    |  Latency (cycles) |  Latency (absolute) |  Interval | Pipeline|
    |   min   |   max   |    min   |    max   | min | max |   Type  |
    +---------+---------+----------+----------+-----+-----+---------+
    |        ?|        ?|         ?|         ?|    ?|    ?|       no|
    +---------+---------+----------+----------+-----+-----+---------+

    + Detail: 
        * Instance: 
        N/A

        * Loop: 
        +---------------------+---------+---------+----------+-----------+-----------+------+----------+
        |                     |  Latency (cycles) | Iteration|  Initiation Interval  | Trip |          |
        |      Loop Name      |   min   |   max   |  Latency |  achieved |   target  | Count| Pipelined|
        +---------------------+---------+---------+----------+-----------+-----------+------+----------+
        |- loop_horizons      |        ?|        ?|         ?|          -|          -|     ?|        no|
        | + loop_nodes        |        ?|        ?|         ?|          -|          -|   128|        no|
        |  ++ loop_neighbors  |        ?|        ?|         4|          -|          -|     ?|        no|
        |  ++ loop_neighbors  |        ?|        ?|         3|          -|          -|     ?|        no|
        +---------------------+---------+---------+----------+-----------+-----------+------+----------+



================================================================
== Utilization Estimates
================================================================
* Summary: 
+-----------------+---------+------+--------+--------+-----+
|       Name      | BRAM_18K|  DSP |   FF   |   LUT  | URAM|
+-----------------+---------+------+--------+--------+-----+
|DSP              |        -|     -|       -|       -|    -|
|Expression       |        -|     -|       0|    2551|    -|
|FIFO             |        -|     -|       -|       -|    -|
|Instance         |        -|     -|       0|      18|    -|
|Memory           |        -|     -|       -|       -|    -|
|Multiplexer      |        -|     -|       -|     316|    -|
|Register         |        -|     -|    1102|       -|    -|
+-----------------+---------+------+--------+--------+-----+
|Total            |        0|     0|    1102|    2885|    0|
+-----------------+---------+------+--------+--------+-----+
|Available        |     2060|  2800|  607200|  303600|    0|
+-----------------+---------+------+--------+--------+-----+
|Utilization (%)  |        0|     0|      ~0|      ~0|    0|
+-----------------+---------+------+--------+--------+-----+

+ Detail: 
    * Instance: 
    +------------------+---------------+---------+----+---+----+-----+
    |     Instance     |     Module    | BRAM_18K| DSP| FF| LUT| URAM|
    +------------------+---------------+---------+----+---+----+-----+
    |mux_21_8_1_1_U1   |mux_21_8_1_1   |        0|   0|  0|   9|    0|
    |mux_257_8_1_1_U2  |mux_257_8_1_1  |        0|   0|  0|   9|    0|
    +------------------+---------------+---------+----+---+----+-----+
    |Total             |               |        0|   0|  0|  18|    0|
    +------------------+---------------+---------+----+---+----+-----+

    * DSP: 
    N/A

    * Memory: 
    N/A

    * FIFO: 
    N/A

    * Expression: 
    +-------------------------+----------+----+---+-----+------------+------------+
    |      Variable Name      | Operation| DSP| FF| LUT | Bitwidth P0| Bitwidth P1|
    +-------------------------+----------+----+---+-----+------------+------------+
    |add_ln21_cast_fu_513_p2  |         +|   0|  0|   13|           4|           1|
    |add_ln21_fu_507_p2       |         +|   0|  0|   71|          64|           1|
    |cnt_4_fu_686_p2          |         +|   0|  0|   71|          64|           1|
    |cnt_7_fu_788_p2          |         +|   0|  0|   71|          64|           1|
    |e_3_fu_692_p2            |         +|   0|  0|   71|          64|           1|
    |e_5_fu_795_p2            |         +|   0|  0|   71|          64|           1|
    |empty_19_fu_519_p2       |         +|   0|  0|   15|           8|           1|
    |n_1_fu_772_p2            |         +|   0|  0|   16|           9|           2|
    |and_ln39_fu_572_p2       |       and|   0|  0|    2|           1|           1|
    |grp_fu_459_p2            |      icmp|   0|  0|   11|           8|           7|
    |icmp_ln21_fu_567_p2      |      icmp|   0|  0|   29|          64|           4|
    |icmp_ln25_1_fu_706_p2    |      icmp|   0|  0|   29|          64|          64|
    |icmp_ln25_fu_599_p2      |      icmp|   0|  0|   29|          64|          64|
    |icmp_ln28_1_fu_651_p2    |      icmp|   0|  0|   29|          64|          64|
    |icmp_ln28_2_fu_752_p2    |      icmp|   0|  0|   29|          64|          64|
    |icmp_ln28_3_fu_758_p2    |      icmp|   0|  0|   29|          64|          64|
    |icmp_ln28_fu_645_p2      |      icmp|   0|  0|   29|          64|          64|
    |icmp_ln39_fu_561_p2      |      icmp|   0|  0|   29|          64|           1|
    |lshr_ln26_2_fu_732_p2    |      lshr|   0|  0|  950|         256|         256|
    |lshr_ln26_fu_625_p2      |      lshr|   0|  0|  950|         256|         256|
    |or_ln25_fu_665_p2        |        or|   0|  0|    7|           7|           1|
    +-------------------------+----------+----+---+-----+------------+------------+
    |Total                    |          |   0|  0| 2551|        1381|         919|
    +-------------------------+----------+----+---+-----+------------+------------+

    * Multiplexer: 
    +--------------------------------+----+-----------+-----+-----------+
    |              Name              | LUT| Input Size| Bits| Total Bits|
    +--------------------------------+----+-----------+-----+-----------+
    |ap_NS_fsm                       |  65|         16|    1|         16|
    |ap_phi_mux_cnt_8_phi_fu_388_p4  |  13|          3|   64|        192|
    |cnt_1_reg_315                   |   9|          2|   64|        128|
    |cnt_2_reg_336                   |   9|          2|   64|        128|
    |cnt_3_reg_348                   |   9|          2|   64|        128|
    |cnt_5_reg_363                   |   9|          2|   64|        128|
    |cnt_6_reg_396                   |  13|          3|   64|        192|
    |cnt_reg_289                     |   9|          2|   64|        128|
    |e_1_reg_326                     |   9|          2|   64|        128|
    |e_4_reg_374                     |   9|          2|   64|        128|
    |edges_address0                  |  13|          3|   12|         36|
    |grp_fu_412_p3                   |  13|          3|    1|          3|
    |horizon_fu_104                  |   9|          2|   64|        128|
    |level_0_address0                |  33|          8|    7|         56|
    |level_0_d0                      |  13|          3|    8|         24|
    |level_1_address0                |  33|          8|    7|         56|
    |level_1_d0                      |  13|          3|    8|         24|
    |level_counts_0_address0         |  13|          3|    3|          9|
    |level_counts_0_d0               |  13|          3|   64|        192|
    |n_reg_303                       |   9|          2|    9|         18|
    +--------------------------------+----+-----------+-----+-----------+
    |Total                           | 316|         74|  760|       1842|
    +--------------------------------+----+-----------+-----+-----------+

    * Register: 
    +------------------------+----+----+-----+-----------+
    |          Name          | FF | LUT| Bits| Const Bits|
    +------------------------+----+----+-----+-----------+
    |add_ln21_cast_reg_823   |   4|   0|    4|          0|
    |add_ln21_reg_817        |  64|   0|   64|          0|
    |ap_CS_fsm               |  15|   0|   15|          0|
    |cnt_1_reg_315           |  64|   0|   64|          0|
    |cnt_2_reg_336           |  64|   0|   64|          0|
    |cnt_3_reg_348           |  64|   0|   64|          0|
    |cnt_5_reg_363           |  64|   0|   64|          0|
    |cnt_6_reg_396           |  64|   0|   64|          0|
    |cnt_reg_289             |  64|   0|   64|          0|
    |e_1_reg_326             |  64|   0|   64|          0|
    |e_3_reg_925             |  64|   0|   64|          0|
    |e_4_reg_374             |  64|   0|   64|          0|
    |empty_19_reg_828        |   8|   0|    8|          0|
    |horizon_1_reg_811       |  64|   0|   64|          0|
    |horizon_fu_104          |  64|   0|   64|          0|
    |icmp_ln25_1_reg_930     |   1|   0|    1|          0|
    |icmp_ln25_reg_863       |   1|   0|    1|          0|
    |icmp_ln28_2_reg_949     |   1|   0|    1|          0|
    |icmp_ln28_reg_882       |   1|   0|    1|          0|
    |level_0_addr_2_reg_904  |   7|   0|    7|          0|
    |level_0_addr_4_reg_966  |   7|   0|    7|          0|
    |level_1_addr_2_reg_909  |   7|   0|    7|          0|
    |level_1_addr_4_reg_971  |   7|   0|    7|          0|
    |n_1_reg_961             |   9|   0|    9|          0|
    |n_reg_303               |   9|   0|    9|          0|
    |reg_441                 |  64|   0|   64|          0|
    |reg_445                 |  57|   0|   57|          0|
    |tmp_3_reg_858           |   1|   0|    1|          0|
    |tmp_end_1_reg_944       |  64|   0|   64|          0|
    |tmp_end_reg_877         |  64|   0|   64|          0|
    |trunc_ln24_reg_837      |   7|   0|    7|          0|
    +------------------------+----+----+-----+-----------+
    |Total                   |1102|   0| 1102|          0|
    +------------------------+----+----+-----+-----------+



================================================================
== Interface
================================================================
* Summary: 
+-------------------------+-----+-----+------------+----------------+--------------+
|        RTL Ports        | Dir | Bits|  Protocol  |  Source Object |    C Type    |
+-------------------------+-----+-----+------------+----------------+--------------+
|ap_clk                   |   in|    1|  ap_ctrl_hs|             bfs|  return value|
|ap_rst                   |   in|    1|  ap_ctrl_hs|             bfs|  return value|
|ap_start                 |   in|    1|  ap_ctrl_hs|             bfs|  return value|
|ap_done                  |  out|    1|  ap_ctrl_hs|             bfs|  return value|
|ap_idle                  |  out|    1|  ap_ctrl_hs|             bfs|  return value|
|ap_ready                 |  out|    1|  ap_ctrl_hs|             bfs|  return value|
|nodes_0_address0         |  out|    6|   ap_memory|         nodes_0|         array|
|nodes_0_ce0              |  out|    1|   ap_memory|         nodes_0|         array|
|nodes_0_q0               |   in|  256|   ap_memory|         nodes_0|         array|
|nodes_1_address0         |  out|    6|   ap_memory|         nodes_1|         array|
|nodes_1_ce0              |  out|    1|   ap_memory|         nodes_1|         array|
|nodes_1_q0               |   in|  256|   ap_memory|         nodes_1|         array|
|edges_address0           |  out|   12|   ap_memory|           edges|         array|
|edges_ce0                |  out|    1|   ap_memory|           edges|         array|
|edges_q0                 |   in|   64|   ap_memory|           edges|         array|
|starting_node            |   in|   64|     ap_none|   starting_node|        scalar|
|level_0_address0         |  out|    7|   ap_memory|         level_0|         array|
|level_0_ce0              |  out|    1|   ap_memory|         level_0|         array|
|level_0_we0              |  out|    1|   ap_memory|         level_0|         array|
|level_0_d0               |  out|    8|   ap_memory|         level_0|         array|
|level_0_q0               |   in|    8|   ap_memory|         level_0|         array|
|level_1_address0         |  out|    7|   ap_memory|         level_1|         array|
|level_1_ce0              |  out|    1|   ap_memory|         level_1|         array|
|level_1_we0              |  out|    1|   ap_memory|         level_1|         array|
|level_1_d0               |  out|    8|   ap_memory|         level_1|         array|
|level_1_q0               |   in|    8|   ap_memory|         level_1|         array|
|level_counts_0_address0  |  out|    3|   ap_memory|  level_counts_0|         array|
|level_counts_0_ce0       |  out|    1|   ap_memory|  level_counts_0|         array|
|level_counts_0_we0       |  out|    1|   ap_memory|  level_counts_0|         array|
|level_counts_0_d0        |  out|   64|   ap_memory|  level_counts_0|         array|
|level_counts_1_address0  |  out|    3|   ap_memory|  level_counts_1|         array|
|level_counts_1_ce0       |  out|    1|   ap_memory|  level_counts_1|         array|
|level_counts_1_we0       |  out|    1|   ap_memory|  level_counts_1|         array|
|level_counts_1_d0        |  out|   64|   ap_memory|  level_counts_1|         array|
+-------------------------+-----+-----+------------+----------------+--------------+

