

================================================================
== Vitis HLS Report for 'bfs'
================================================================
* Date:           Mon Mar 10 00:12:36 2025

* Version:        2022.1 (Build 3526262 on Mon Apr 18 15:47:01 MDT 2022)
* Project:        bfs_random_prj_p1
* Solution:       solution (Vivado IP Flow Target)
* Product family: virtex7
* Target device:  xc7vx485t-ffg1761-2


================================================================
== Performance Estimates
================================================================
+ Timing: 
    * Summary: 
    +--------+----------+----------+------------+
    |  Clock |  Target  | Estimated| Uncertainty|
    +--------+----------+----------+------------+
    |ap_clk  |  10.00 ns|  7.139 ns|     2.70 ns|
    +--------+----------+----------+------------+

+ Latency: 
    * Summary: 
    +---------+---------+----------+----------+-----+-----+---------+
    |  Latency (cycles) |  Latency (absolute) |  Interval | Pipeline|
    |   min   |   max   |    min   |    max   | min | max |   Type  |
    +---------+---------+----------+----------+-----+-----+---------+
    |        ?|        ?|         ?|         ?|    ?|    ?|       no|
    +---------+---------+----------+----------+-----+-----+---------+

    + Detail: 
        * Instance: 
        +----------------------------------------+-----------------------------+---------+---------+----------+----------+-----+-----+---------+
        |                                        |                             |  Latency (cycles) |  Latency (absolute) |  Interval | Pipeline|
        |                Instance                |            Module           |   min   |   max   |    min   |    max   | min | max |   Type  |
        +----------------------------------------+-----------------------------+---------+---------+----------+----------+-----+-----+---------+
        |grp_bfs_Pipeline_loop_neighbors_fu_257  |bfs_Pipeline_loop_neighbors  |        ?|        ?|         ?|         ?|    ?|    ?|       no|
        +----------------------------------------+-----------------------------+---------+---------+----------+----------+-----+-----+---------+

        * Loop: 
        +-----------------+---------+---------+----------+-----------+-----------+------+----------+
        |                 |  Latency (cycles) | Iteration|  Initiation Interval  | Trip |          |
        |    Loop Name    |   min   |   max   |  Latency |  achieved |   target  | Count| Pipelined|
        +-----------------+---------+---------+----------+-----------+-----------+------+----------+
        |- loop_horizons  |        ?|        ?|         ?|          -|          -|     ?|        no|
        | + loop_nodes    |        ?|        ?|         ?|          -|          -|   256|        no|
        +-----------------+---------+---------+----------+-----------+-----------+------+----------+



================================================================
== Utilization Estimates
================================================================
* Summary: 
+-----------------+---------+------+--------+--------+-----+
|       Name      | BRAM_18K|  DSP |   FF   |   LUT  | URAM|
+-----------------+---------+------+--------+--------+-----+
|DSP              |        -|     -|       -|       -|    -|
|Expression       |        -|     -|       0|    4757|    -|
|FIFO             |        -|     -|       -|       -|    -|
|Instance         |        -|     9|    1611|    3202|    -|
|Memory           |        -|     -|       -|       -|    -|
|Multiplexer      |        -|     -|       -|     507|    -|
|Register         |        -|     -|     633|       -|    -|
+-----------------+---------+------+--------+--------+-----+
|Total            |        0|     9|    2244|    8466|    0|
+-----------------+---------+------+--------+--------+-----+
|Available        |     2060|  2800|  607200|  303600|    0|
+-----------------+---------+------+--------+--------+-----+
|Utilization (%)  |        0|    ~0|      ~0|       2|    0|
+-----------------+---------+------+--------+--------+-----+

+ Detail: 
    * Instance: 
    +----------------------------------------+-----------------------------+---------+----+-----+------+-----+
    |                Instance                |            Module           | BRAM_18K| DSP|  FF |  LUT | URAM|
    +----------------------------------------+-----------------------------+---------+----+-----+------+-----+
    |grp_bfs_Pipeline_loop_neighbors_fu_257  |bfs_Pipeline_loop_neighbors  |        0|   0|  483|  2544|    0|
    |mul_63ns_65ns_123_2_1_U13               |mul_63ns_65ns_123_2_1        |        0|   9|  361|   179|    0|
    |mux_21_64_1_1_U15                       |mux_21_64_1_1                |        0|   0|    0|     9|    0|
    |mux_21_64_1_1_U16                       |mux_21_64_1_1                |        0|   0|    0|     9|    0|
    |urem_63ns_3ns_63_67_seq_1_U14           |urem_63ns_3ns_63_67_seq_1    |        0|   0|  767|   461|    0|
    +----------------------------------------+-----------------------------+---------+----+-----+------+-----+
    |Total                                   |                             |        0|   9| 1611|  3202|    0|
    +----------------------------------------+-----------------------------+---------+----+-----+------+-----+

    * DSP: 
    N/A

    * Memory: 
    N/A

    * FIFO: 
    N/A

    * Expression: 
    +-----------------------+----------+----+---+-----+------------+------------+
    |     Variable Name     | Operation| DSP| FF| LUT | Bitwidth P0| Bitwidth P1|
    +-----------------------+----------+----+---+-----+------------+------------+
    |add_ln21_fu_348_p2     |         +|   0|  0|   71|          64|           1|
    |empty_fu_354_p2        |         +|   0|  0|   15|           8|           1|
    |n_1_fu_366_p2          |         +|   0|  0|   16|           9|           1|
    |and_ln18_fu_321_p2     |       and|   0|  0|   16|          16|          16|
    |and_ln39_1_fu_659_p2   |       and|   0|  0|  128|         128|         128|
    |and_ln39_2_fu_613_p2   |       and|   0|  0|  128|         128|         128|
    |and_ln39_fu_693_p2     |       and|   0|  0|    2|           1|           1|
    |icmp_ln21_fu_688_p2    |      icmp|   0|  0|   29|          64|           4|
    |icmp_ln24_fu_360_p2    |      icmp|   0|  0|   11|           9|          10|
    |icmp_ln25_fu_456_p2    |      icmp|   0|  0|   29|          64|          64|
    |icmp_ln28_fu_548_p2    |      icmp|   0|  0|   29|          64|          64|
    |icmp_ln39_fu_682_p2    |      icmp|   0|  0|   29|          64|           1|
    |lshr_ln25_fu_438_p2    |      lshr|   0|  0|   35|          16|          16|
    |lshr_ln26_1_fu_500_p2  |      lshr|   0|  0|  950|         256|         256|
    |lshr_ln26_fu_486_p2    |      lshr|   0|  0|  950|         256|         256|
    |level_counts_1_d0      |        or|   0|  0|  128|         128|         128|
    |or_ln39_fu_675_p2      |        or|   0|  0|  128|         128|         128|
    |select_ln28_fu_558_p3  |    select|   0|  0|   64|           1|          64|
    |shl_ln18_fu_309_p2     |       shl|   0|  0|   35|           8|          16|
    |shl_ln39_1_fu_669_p2   |       shl|   0|  0|  423|         128|         128|
    |shl_ln39_2_fu_601_p2   |       shl|   0|  0|  423|          64|         128|
    |shl_ln39_3_fu_623_p2   |       shl|   0|  0|  423|         128|         128|
    |shl_ln39_fu_647_p2     |       shl|   0|  0|  423|          64|         128|
    |xor_ln18_fu_315_p2     |       xor|   0|  0|   16|          16|           2|
    |xor_ln39_1_fu_607_p2   |       xor|   0|  0|  128|         128|           2|
    |xor_ln39_fu_653_p2     |       xor|   0|  0|  128|         128|           2|
    +-----------------------+----------+----+---+-----+------------+------------+
    |Total                  |          |   0|  0| 4757|        2068|        1801|
    +-----------------------+----------+----+---+-----+------------+------------+

    * Multiplexer: 
    +-------------------------+-----+-----------+-----+-----------+
    |           Name          | LUT | Input Size| Bits| Total Bits|
    +-------------------------+-----+-----------+-----+-----------+
    |ap_NS_fsm                |  364|         78|    1|         78|
    |cnt_1_reg_242            |    9|          2|   64|        128|
    |cnt_reg_218              |    9|          2|   64|        128|
    |horizon_fu_118           |    9|          2|   64|        128|
    |level_address0           |   21|          5|    7|         35|
    |level_ce0                |   13|          3|    1|          3|
    |level_counts_0_address0  |   21|          5|    2|         10|
    |level_counts_0_d0        |   13|          3|  128|        384|
    |level_counts_1_address0  |   13|          3|    2|          6|
    |level_d0                 |   13|          3|   16|         48|
    |level_we0                |   13|          3|    1|          3|
    |n_reg_230                |    9|          2|    9|         18|
    +-------------------------+-----+-----------+-----+-----------+
    |Total                    |  507|        111|  359|        969|
    +-------------------------+-----+-----------+-----+-----------+

    * Register: 
    +-----------------------------------------------------+----+----+-----+-----------+
    |                         Name                        | FF | LUT| Bits| Const Bits|
    +-----------------------------------------------------+----+----+-----+-----------+
    |add_ln21_reg_740                                     |  64|   0|   64|          0|
    |ap_CS_fsm                                            |  77|   0|   77|          0|
    |cnt_1_0_loc_fu_126                                   |  64|   0|   64|          0|
    |cnt_1_reg_242                                        |  64|   0|   64|          0|
    |cnt_2_0_loc_fu_122                                   |  64|   0|   64|          0|
    |cnt_reg_218                                          |  64|   0|   64|          0|
    |empty_reg_747                                        |   8|   0|    8|          0|
    |grp_bfs_Pipeline_loop_neighbors_fu_257_ap_start_reg  |   1|   0|    1|          0|
    |horizon_fu_118                                       |  64|   0|   64|          0|
    |level_addr_reg_727                                   |   7|   0|    7|          0|
    |level_counts_0_addr_1_reg_843                        |   2|   0|    2|          0|
    |level_counts_1_addr_reg_838                          |   2|   0|    2|          0|
    |n_1_reg_755                                          |   9|   0|    9|          0|
    |n_reg_230                                            |   9|   0|    9|          0|
    |targetBlock_reg_814                                  |   1|   0|    1|          0|
    |tmp_1_reg_829                                        |   1|   0|    1|          0|
    |tmp_4_reg_783                                        |   1|   0|    1|          0|
    |tmp_begin_reg_799                                    |  64|   0|   64|          0|
    |tmp_end_reg_805                                      |  64|   0|   64|          0|
    |tmp_reg_824                                          |   1|   0|    1|          0|
    |trunc_ln25_reg_775                                   |   1|   0|    1|          0|
    |trunc_ln39_reg_834                                   |   1|   0|    1|          0|
    +-----------------------------------------------------+----+----+-----+-----------+
    |Total                                                | 633|   0|  633|          0|
    +-----------------------------------------------------+----+----+-----+-----------+



================================================================
== Interface
================================================================
* Summary: 
+-------------------------+-----+-----+------------+----------------+--------------+
|        RTL Ports        | Dir | Bits|  Protocol  |  Source Object |    C Type    |
+-------------------------+-----+-----+------------+----------------+--------------+
|ap_clk                   |   in|    1|  ap_ctrl_hs|             bfs|  return value|
|ap_rst                   |   in|    1|  ap_ctrl_hs|             bfs|  return value|
|ap_start                 |   in|    1|  ap_ctrl_hs|             bfs|  return value|
|ap_done                  |  out|    1|  ap_ctrl_hs|             bfs|  return value|
|ap_idle                  |  out|    1|  ap_ctrl_hs|             bfs|  return value|
|ap_ready                 |  out|    1|  ap_ctrl_hs|             bfs|  return value|
|nodes_0_address0         |  out|    6|   ap_memory|         nodes_0|         array|
|nodes_0_ce0              |  out|    1|   ap_memory|         nodes_0|         array|
|nodes_0_q0               |   in|  256|   ap_memory|         nodes_0|         array|
|nodes_1_address0         |  out|    6|   ap_memory|         nodes_1|         array|
|nodes_1_ce0              |  out|    1|   ap_memory|         nodes_1|         array|
|nodes_1_q0               |   in|  256|   ap_memory|         nodes_1|         array|
|edges_0_address0         |  out|   10|   ap_memory|         edges_0|         array|
|edges_0_ce0              |  out|    1|   ap_memory|         edges_0|         array|
|edges_0_q0               |   in|  128|   ap_memory|         edges_0|         array|
|edges_0_address1         |  out|   10|   ap_memory|         edges_0|         array|
|edges_0_ce1              |  out|    1|   ap_memory|         edges_0|         array|
|edges_0_q1               |   in|  128|   ap_memory|         edges_0|         array|
|edges_1_address0         |  out|   10|   ap_memory|         edges_1|         array|
|edges_1_ce0              |  out|    1|   ap_memory|         edges_1|         array|
|edges_1_q0               |   in|  128|   ap_memory|         edges_1|         array|
|edges_1_address1         |  out|   10|   ap_memory|         edges_1|         array|
|edges_1_ce1              |  out|    1|   ap_memory|         edges_1|         array|
|edges_1_q1               |   in|  128|   ap_memory|         edges_1|         array|
|starting_node            |   in|   64|     ap_none|   starting_node|        scalar|
|level_address0           |  out|    7|   ap_memory|           level|         array|
|level_ce0                |  out|    1|   ap_memory|           level|         array|
|level_we0                |  out|    1|   ap_memory|           level|         array|
|level_d0                 |  out|   16|   ap_memory|           level|         array|
|level_q0                 |   in|   16|   ap_memory|           level|         array|
|level_counts_0_address0  |  out|    2|   ap_memory|  level_counts_0|         array|
|level_counts_0_ce0       |  out|    1|   ap_memory|  level_counts_0|         array|
|level_counts_0_we0       |  out|    1|   ap_memory|  level_counts_0|         array|
|level_counts_0_d0        |  out|  128|   ap_memory|  level_counts_0|         array|
|level_counts_0_q0        |   in|  128|   ap_memory|  level_counts_0|         array|
|level_counts_1_address0  |  out|    2|   ap_memory|  level_counts_1|         array|
|level_counts_1_ce0       |  out|    1|   ap_memory|  level_counts_1|         array|
|level_counts_1_we0       |  out|    1|   ap_memory|  level_counts_1|         array|
|level_counts_1_d0        |  out|  128|   ap_memory|  level_counts_1|         array|
|level_counts_1_q0        |   in|  128|   ap_memory|  level_counts_1|         array|
+-------------------------+-----+-----+------------+----------------+--------------+

