

================================================================
== Vitis HLS Report for 'bfs'
================================================================
* Date:           Mon Mar 10 00:11:09 2025

* Version:        2022.1 (Build 3526262 on Mon Apr 18 15:47:01 MDT 2022)
* Project:        bfs_random_prj_p1
* Solution:       solution (Vivado IP Flow Target)
* Product family: virtex7
* Target device:  xc7vx485t-ffg1761-2


================================================================
== Performance Estimates
================================================================
+ Timing: 
    * Summary: 
    +--------+----------+----------+------------+
    |  Clock |  Target  | Estimated| Uncertainty|
    +--------+----------+----------+------------+
    |ap_clk  |  10.00 ns|  6.539 ns|     2.70 ns|
    +--------+----------+----------+------------+

+ Latency: 
    * Summary: 
    +---------+---------+----------+----------+-----+-----+---------+
    |  Latency (cycles) |  Latency (absolute) |  Interval | Pipeline|
    |   min   |   max   |    min   |    max   | min | max |   Type  |
    +---------+---------+----------+----------+-----+-----+---------+
    |        ?|        ?|         ?|         ?|    ?|    ?|       no|
    +---------+---------+----------+----------+-----+-----+---------+

    + Detail: 
        * Instance: 
        +-----------------------------------------+------------------------------+---------+---------+----------+----------+-----+-----+---------+
        |                                         |                              |  Latency (cycles) |  Latency (absolute) |  Interval | Pipeline|
        |                 Instance                |            Module            |   min   |   max   |    min   |    max   | min | max |   Type  |
        +-----------------------------------------+------------------------------+---------+---------+----------+----------+-----+-----+---------+
        |grp_bfs_Pipeline_loop_neighbors_fu_344   |bfs_Pipeline_loop_neighbors   |        ?|        ?|         ?|         ?|    ?|    ?|       no|
        |grp_bfs_Pipeline_loop_neighbors1_fu_361  |bfs_Pipeline_loop_neighbors1  |        ?|        ?|         ?|         ?|    ?|    ?|       no|
        +-----------------------------------------+------------------------------+---------+---------+----------+----------+-----+-----+---------+

        * Loop: 
        +-----------------+---------+---------+----------+-----------+-----------+-------+----------+
        |                 |  Latency (cycles) | Iteration|  Initiation Interval  |  Trip |          |
        |    Loop Name    |   min   |   max   |  Latency |  achieved |   target  | Count | Pipelined|
        +-----------------+---------+---------+----------+-----------+-----------+-------+----------+
        |- loop_horizons  |        ?|        ?|         ?|          -|          -|  1 ~ 5|        no|
        | + loop_nodes    |        ?|        ?|         ?|          -|          -|    256|        no|
        | + loop_nodes    |        ?|        ?|         ?|          -|          -|    256|        no|
        +-----------------+---------+---------+----------+-----------+-----------+-------+----------+



================================================================
== Utilization Estimates
================================================================
* Summary: 
+-----------------+---------+------+--------+--------+-----+
|       Name      | BRAM_18K|  DSP |   FF   |   LUT  | URAM|
+-----------------+---------+------+--------+--------+-----+
|DSP              |        -|     -|       -|       -|    -|
|Expression       |        -|     -|       0|    5403|    -|
|FIFO             |        -|     -|       -|       -|    -|
|Instance         |        -|     0|    1062|    1838|    -|
|Memory           |        -|     -|       -|       -|    -|
|Multiplexer      |        -|     -|       -|     506|    -|
|Register         |        -|     -|     880|       -|    -|
+-----------------+---------+------+--------+--------+-----+
|Total            |        0|     0|    1942|    7747|    0|
+-----------------+---------+------+--------+--------+-----+
|Available        |     2060|  2800|  607200|  303600|    0|
+-----------------+---------+------+--------+--------+-----+
|Utilization (%)  |        0|     0|      ~0|       2|    0|
+-----------------+---------+------+--------+--------+-----+

+ Detail: 
    * Instance: 
    +-----------------------------------------+------------------------------+---------+----+-----+-----+-----+
    |                 Instance                |            Module            | BRAM_18K| DSP|  FF | LUT | URAM|
    +-----------------------------------------+------------------------------+---------+----+-----+-----+-----+
    |grp_bfs_Pipeline_loop_neighbors_fu_344   |bfs_Pipeline_loop_neighbors   |        0|   0|  473|  852|    0|
    |grp_bfs_Pipeline_loop_neighbors1_fu_361  |bfs_Pipeline_loop_neighbors1  |        0|   0|  473|  852|    0|
    |mul_4ns_6ns_9_1_1_U27                    |mul_4ns_6ns_9_1_1             |        0|   0|    0|   26|    0|
    |mul_4ns_6ns_9_1_1_U31                    |mul_4ns_6ns_9_1_1             |        0|   0|    0|   26|    0|
    |mux_21_64_1_1_U25                        |mux_21_64_1_1                 |        0|   0|    0|    9|    0|
    |mux_21_64_1_1_U26                        |mux_21_64_1_1                 |        0|   0|    0|    9|    0|
    |mux_21_64_1_1_U29                        |mux_21_64_1_1                 |        0|   0|    0|    9|    0|
    |mux_21_64_1_1_U30                        |mux_21_64_1_1                 |        0|   0|    0|    9|    0|
    |urem_4ns_4ns_4_8_seq_1_U24               |urem_4ns_4ns_4_8_seq_1        |        0|   0|   58|   23|    0|
    |urem_4ns_4ns_4_8_seq_1_U28               |urem_4ns_4ns_4_8_seq_1        |        0|   0|   58|   23|    0|
    +-----------------------------------------+------------------------------+---------+----+-----+-----+-----+
    |Total                                    |                              |        0|   0| 1062| 1838|    0|
    +-----------------------------------------+------------------------------+---------+----+-----+-----+-----+

    * DSP: 
    N/A

    * Memory: 
    N/A

    * FIFO: 
    N/A

    * Expression: 
    +-------------------------+----------+----+---+-----+------------+------------+
    |      Variable Name      | Operation| DSP| FF| LUT | Bitwidth P0| Bitwidth P1|
    +-------------------------+----------+----+---+-----+------------+------------+
    |add_ln21_fu_743_p2       |         +|   0|  0|   13|           4|           2|
    |n_2_fu_494_p2            |         +|   0|  0|   16|           9|           1|
    |n_3_fu_754_p2            |         +|   0|  0|   16|           9|           1|
    |and_ln18_fu_445_p2       |       and|   0|  0|   16|          16|          16|
    |and_ln39_1_fu_676_p2     |       and|   0|  0|  128|         128|         128|
    |and_ln39_2_fu_974_p2     |       and|   0|  0|  128|         128|         128|
    |and_ln39_3_fu_936_p2     |       and|   0|  0|  128|         128|         128|
    |and_ln39_fu_714_p2       |       and|   0|  0|  128|         128|         128|
    |icmp_ln21_fu_468_p2      |      icmp|   0|  0|    9|           4|           4|
    |icmp_ln24_1_fu_748_p2    |      icmp|   0|  0|   11|           9|          10|
    |icmp_ln24_fu_488_p2      |      icmp|   0|  0|   11|           9|          10|
    |icmp_ln25_1_fu_810_p2    |      icmp|   0|  0|   11|           8|           8|
    |icmp_ln25_fu_550_p2      |      icmp|   0|  0|   11|           8|           8|
    |icmp_ln28_2_fu_857_p2    |      icmp|   0|  0|   29|          64|          64|
    |icmp_ln28_fu_597_p2      |      icmp|   0|  0|   29|          64|          64|
    |icmp_ln39_1_fu_997_p2    |      icmp|   0|  0|   29|          64|           1|
    |icmp_ln39_fu_737_p2      |      icmp|   0|  0|   29|          64|           1|
    |lshr_ln25_2_fu_800_p2    |      lshr|   0|  0|   35|          16|          16|
    |lshr_ln25_fu_540_p2      |      lshr|   0|  0|   35|          16|          16|
    |conv20_fu_478_p2         |        or|   0|  0|    4|           4|           1|
    |or_ln39_1_fu_692_p2      |        or|   0|  0|  128|         128|         128|
    |or_ln39_2_fu_990_p2      |        or|   0|  0|  128|         128|         128|
    |or_ln39_3_fu_952_p2      |        or|   0|  0|  128|         128|         128|
    |or_ln39_fu_730_p2        |        or|   0|  0|  128|         128|         128|
    |select_ln28_1_fu_869_p3  |    select|   0|  0|   64|           1|          64|
    |select_ln28_fu_609_p3    |    select|   0|  0|   64|           1|          64|
    |shl_ln18_fu_433_p2       |       shl|   0|  0|   35|           8|          16|
    |shl_ln39_2_fu_724_p2     |       shl|   0|  0|  423|         128|         128|
    |shl_ln39_3_fu_664_p2     |       shl|   0|  0|  423|          64|         128|
    |shl_ln39_4_fu_686_p2     |       shl|   0|  0|  423|         128|         128|
    |shl_ln39_5_fu_962_p2     |       shl|   0|  0|  423|          64|         128|
    |shl_ln39_6_fu_984_p2     |       shl|   0|  0|  423|         128|         128|
    |shl_ln39_7_fu_924_p2     |       shl|   0|  0|  423|          64|         128|
    |shl_ln39_8_fu_946_p2     |       shl|   0|  0|  423|         128|         128|
    |shl_ln39_fu_702_p2       |       shl|   0|  0|  423|          64|         128|
    |xor_ln18_fu_439_p2       |       xor|   0|  0|   16|          16|           2|
    |xor_ln39_1_fu_670_p2     |       xor|   0|  0|  128|         128|           2|
    |xor_ln39_2_fu_968_p2     |       xor|   0|  0|  128|         128|           2|
    |xor_ln39_3_fu_930_p2     |       xor|   0|  0|  128|         128|           2|
    |xor_ln39_fu_708_p2       |       xor|   0|  0|  128|         128|           2|
    +-------------------------+----------+----+---+-----+------------+------------+
    |Total                    |          |   0|  0| 5403|        2698|        2425|
    +-------------------------+----------+----+---+-----+------------+------------+

    * Multiplexer: 
    +-------------------------+-----+-----------+-----+-----------+
    |           Name          | LUT | Input Size| Bits| Total Bits|
    +-------------------------+-----+-----------+-----+-----------+
    |ap_NS_fsm                |  153|         32|    1|         32|
    |cnt_1_reg_305            |    9|          2|   64|        128|
    |cnt_2_reg_290            |    9|          2|   64|        128|
    |cnt_3_reg_329            |    9|          2|   64|        128|
    |cnt_reg_266              |    9|          2|   64|        128|
    |edges_0_address0         |   13|          3|   11|         33|
    |edges_0_address1         |   13|          3|   11|         33|
    |edges_0_ce0              |   13|          3|    1|          3|
    |edges_0_ce1              |   13|          3|    1|          3|
    |edges_1_address0         |   13|          3|   11|         33|
    |edges_1_address1         |   13|          3|   11|         33|
    |edges_1_ce0              |   13|          3|    1|          3|
    |edges_1_ce1              |   13|          3|    1|          3|
    |horizon_fu_118           |    9|          2|    4|          8|
    |level_address0           |   29|          7|    7|         49|
    |level_ce0                |   17|          4|    1|          4|
    |level_counts_0_address0  |   29|          7|    2|         14|
    |level_counts_0_d0        |   17|          4|  128|        512|
    |level_counts_1_address0  |   21|          5|    2|         10|
    |level_counts_1_d0        |   13|          3|  128|        384|
    |level_d0                 |   17|          4|   16|         64|
    |level_we0                |   17|          4|    1|          4|
    |n_1_reg_317              |    9|          2|    9|         18|
    |n_reg_278                |    9|          2|    9|         18|
    |nodes_0_address0         |   13|          3|    7|         21|
    |nodes_1_address0         |   13|          3|    7|         21|
    +-------------------------+-----+-----------+-----+-----------+
    |Total                    |  506|        114|  626|       1815|
    +-------------------------+-----+-----------+-----+-----------+

    * Register: 
    +------------------------------------------------------+----+----+-----+-----------+
    |                         Name                         | FF | LUT| Bits| Const Bits|
    +------------------------------------------------------+----+----+-----+-----------+
    |add_ln21_reg_1156                                     |   4|   0|    4|          0|
    |ap_CS_fsm                                             |  31|   0|   31|          0|
    |cnt_1_0_loc_fu_134                                    |  64|   0|   64|          0|
    |cnt_1_reg_305                                         |  64|   0|   64|          0|
    |cnt_2_0_loc_fu_130                                    |  64|   0|   64|          0|
    |cnt_2_reg_290                                         |  64|   0|   64|          0|
    |cnt_3_reg_329                                         |  64|   0|   64|          0|
    |cnt_6_0_loc_fu_126                                    |  64|   0|   64|          0|
    |cnt_9_0_loc_fu_122                                    |  64|   0|   64|          0|
    |cnt_reg_266                                           |  64|   0|   64|          0|
    |conv20_reg_1065                                       |   3|   0|    4|          1|
    |grp_bfs_Pipeline_loop_neighbors1_fu_361_ap_start_reg  |   1|   0|    1|          0|
    |grp_bfs_Pipeline_loop_neighbors_fu_344_ap_start_reg   |   1|   0|    1|          0|
    |horizon_fu_118                                        |   4|   0|    4|          0|
    |icmp_ln21_reg_1056                                    |   1|   0|    1|          0|
    |icmp_ln39_reg_1152                                    |   1|   0|    1|          0|
    |level_addr_reg_1043                                   |   7|   0|    7|          0|
    |level_counts_0_addr_1_reg_1142                        |   2|   0|    2|          0|
    |level_counts_0_addr_2_reg_1229                        |   2|   0|    2|          0|
    |level_counts_1_addr_1_reg_1234                        |   2|   0|    2|          0|
    |level_counts_1_addr_reg_1147                          |   2|   0|    2|          0|
    |n_1_reg_317                                           |   9|   0|    9|          0|
    |n_2_reg_1080                                          |   9|   0|    9|          0|
    |n_3_reg_1167                                          |   9|   0|    9|          0|
    |n_reg_278                                             |   9|   0|    9|          0|
    |shl_ln1_reg_1136                                      |   1|   0|    7|          6|
    |shl_ln39_1_reg_1219                                   |   1|   0|    7|          6|
    |targetBlock4_reg_1209                                 |   1|   0|    1|          0|
    |targetBlock_reg_1122                                  |   1|   0|    1|          0|
    |tmp_1_reg_1093                                        |   1|   0|    1|          0|
    |tmp_2_reg_1225                                        |   1|   0|    1|          0|
    |tmp_3_reg_1180                                        |   1|   0|    1|          0|
    |tmp_begin_1_reg_1196                                  |  64|   0|   64|          0|
    |tmp_begin_reg_1109                                    |  64|   0|   64|          0|
    |tmp_end_1_reg_1201                                    |  64|   0|   64|          0|
    |tmp_end_reg_1114                                      |  64|   0|   64|          0|
    |tmp_reg_1132                                          |   1|   0|    1|          0|
    |zext_ln21_reg_1060                                    |   4|   0|    8|          4|
    |zext_ln24_reg_1072                                    |   3|   0|    8|          5|
    +------------------------------------------------------+----+----+-----+-----------+
    |Total                                                 | 880|   0|  902|         22|
    +------------------------------------------------------+----+----+-----+-----------+



================================================================
== Interface
================================================================
* Summary: 
+-------------------------+-----+-----+------------+----------------+--------------+
|        RTL Ports        | Dir | Bits|  Protocol  |  Source Object |    C Type    |
+-------------------------+-----+-----+------------+----------------+--------------+
|ap_clk                   |   in|    1|  ap_ctrl_hs|             bfs|  return value|
|ap_rst                   |   in|    1|  ap_ctrl_hs|             bfs|  return value|
|ap_start                 |   in|    1|  ap_ctrl_hs|             bfs|  return value|
|ap_done                  |  out|    1|  ap_ctrl_hs|             bfs|  return value|
|ap_idle                  |  out|    1|  ap_ctrl_hs|             bfs|  return value|
|ap_ready                 |  out|    1|  ap_ctrl_hs|             bfs|  return value|
|nodes_0_address0         |  out|    7|   ap_memory|         nodes_0|         array|
|nodes_0_ce0              |  out|    1|   ap_memory|         nodes_0|         array|
|nodes_0_q0               |   in|  128|   ap_memory|         nodes_0|         array|
|nodes_1_address0         |  out|    7|   ap_memory|         nodes_1|         array|
|nodes_1_ce0              |  out|    1|   ap_memory|         nodes_1|         array|
|nodes_1_q0               |   in|  128|   ap_memory|         nodes_1|         array|
|edges_0_address0         |  out|   11|   ap_memory|         edges_0|         array|
|edges_0_ce0              |  out|    1|   ap_memory|         edges_0|         array|
|edges_0_q0               |   in|   64|   ap_memory|         edges_0|         array|
|edges_0_address1         |  out|   11|   ap_memory|         edges_0|         array|
|edges_0_ce1              |  out|    1|   ap_memory|         edges_0|         array|
|edges_0_q1               |   in|   64|   ap_memory|         edges_0|         array|
|edges_1_address0         |  out|   11|   ap_memory|         edges_1|         array|
|edges_1_ce0              |  out|    1|   ap_memory|         edges_1|         array|
|edges_1_q0               |   in|   64|   ap_memory|         edges_1|         array|
|edges_1_address1         |  out|   11|   ap_memory|         edges_1|         array|
|edges_1_ce1              |  out|    1|   ap_memory|         edges_1|         array|
|edges_1_q1               |   in|   64|   ap_memory|         edges_1|         array|
|starting_node            |   in|   64|     ap_none|   starting_node|        scalar|
|level_address0           |  out|    7|   ap_memory|           level|         array|
|level_ce0                |  out|    1|   ap_memory|           level|         array|
|level_we0                |  out|    1|   ap_memory|           level|         array|
|level_d0                 |  out|   16|   ap_memory|           level|         array|
|level_q0                 |   in|   16|   ap_memory|           level|         array|
|level_counts_0_address0  |  out|    2|   ap_memory|  level_counts_0|         array|
|level_counts_0_ce0       |  out|    1|   ap_memory|  level_counts_0|         array|
|level_counts_0_we0       |  out|    1|   ap_memory|  level_counts_0|         array|
|level_counts_0_d0        |  out|  128|   ap_memory|  level_counts_0|         array|
|level_counts_0_q0        |   in|  128|   ap_memory|  level_counts_0|         array|
|level_counts_1_address0  |  out|    2|   ap_memory|  level_counts_1|         array|
|level_counts_1_ce0       |  out|    1|   ap_memory|  level_counts_1|         array|
|level_counts_1_we0       |  out|    1|   ap_memory|  level_counts_1|         array|
|level_counts_1_d0        |  out|  128|   ap_memory|  level_counts_1|         array|
|level_counts_1_q0        |   in|  128|   ap_memory|  level_counts_1|         array|
+-------------------------+-----+-----+------------+----------------+--------------+

