

================================================================
== Vitis HLS Report for 'bfs'
================================================================
* Date:           Mon Mar 10 00:18:37 2025

* Version:        2022.1 (Build 3526262 on Mon Apr 18 15:47:01 MDT 2022)
* Project:        bfs_random_prj_p1
* Solution:       solution (Vivado IP Flow Target)
* Product family: virtex7
* Target device:  xc7vx485t-ffg1761-2


================================================================
== Performance Estimates
================================================================
+ Timing: 
    * Summary: 
    +--------+----------+----------+------------+
    |  Clock |  Target  | Estimated| Uncertainty|
    +--------+----------+----------+------------+
    |ap_clk  |  10.00 ns|  5.679 ns|     2.70 ns|
    +--------+----------+----------+------------+

+ Latency: 
    * Summary: 
    +---------+---------+----------+----------+-----+-----+---------+
    |  Latency (cycles) |  Latency (absolute) |  Interval | Pipeline|
    |   min   |   max   |    min   |    max   | min | max |   Type  |
    +---------+---------+----------+----------+-----+-----+---------+
    |        ?|        ?|         ?|         ?|    ?|    ?|       no|
    +---------+---------+----------+----------+-----+-----+---------+

    + Detail: 
        * Instance: 
        +-----------------------------------------+------------------------------+---------+---------+----------+----------+-----+-----+---------+
        |                                         |                              |  Latency (cycles) |  Latency (absolute) |  Interval | Pipeline|
        |                 Instance                |            Module            |   min   |   max   |    min   |    max   | min | max |   Type  |
        +-----------------------------------------+------------------------------+---------+---------+----------+----------+-----+-----+---------+
        |grp_bfs_Pipeline_loop_neighbors_fu_326   |bfs_Pipeline_loop_neighbors   |        ?|        ?|         ?|         ?|    ?|    ?|       no|
        |grp_bfs_Pipeline_loop_neighbors1_fu_343  |bfs_Pipeline_loop_neighbors1  |        ?|        ?|         ?|         ?|    ?|    ?|       no|
        +-----------------------------------------+------------------------------+---------+---------+----------+----------+-----+-----+---------+

        * Loop: 
        +-----------------+---------+---------+----------+-----------+-----------+-------+----------+
        |                 |  Latency (cycles) | Iteration|  Initiation Interval  |  Trip |          |
        |    Loop Name    |   min   |   max   |  Latency |  achieved |   target  | Count | Pipelined|
        +-----------------+---------+---------+----------+-----------+-----------+-------+----------+
        |- loop_horizons  |        ?|        ?|         ?|          -|          -|  1 ~ 5|        no|
        | + loop_nodes    |        ?|        ?|         ?|          -|          -|    256|        no|
        | + loop_nodes    |        ?|        ?|         ?|          -|          -|    256|        no|
        +-----------------+---------+---------+----------+-----------+-----------+-------+----------+



================================================================
== Utilization Estimates
================================================================
* Summary: 
+-----------------+---------+------+--------+--------+-----+
|       Name      | BRAM_18K|  DSP |   FF   |   LUT  | URAM|
+-----------------+---------+------+--------+--------+-----+
|DSP              |        -|     -|       -|       -|    -|
|Expression       |        -|     -|       0|    2817|    -|
|FIFO             |        -|     -|       -|       -|    -|
|Instance         |        -|     0|     924|    1150|    -|
|Memory           |        -|     -|       -|       -|    -|
|Multiplexer      |        -|     -|       -|     463|    -|
|Register         |        -|     -|     867|       -|    -|
+-----------------+---------+------+--------+--------+-----+
|Total            |        0|     0|    1791|    4430|    0|
+-----------------+---------+------+--------+--------+-----+
|Available        |     2060|  2800|  607200|  303600|    0|
+-----------------+---------+------+--------+--------+-----+
|Utilization (%)  |        0|     0|      ~0|       1|    0|
+-----------------+---------+------+--------+--------+-----+

+ Detail: 
    * Instance: 
    +-----------------------------------------+------------------------------+---------+----+-----+-----+-----+
    |                 Instance                |            Module            | BRAM_18K| DSP|  FF | LUT | URAM|
    +-----------------------------------------+------------------------------+---------+----+-----+-----+-----+
    |grp_bfs_Pipeline_loop_neighbors_fu_326   |bfs_Pipeline_loop_neighbors   |        0|   0|  417|  521|    0|
    |grp_bfs_Pipeline_loop_neighbors1_fu_343  |bfs_Pipeline_loop_neighbors1  |        0|   0|  417|  521|    0|
    |mul_3ns_5ns_7_1_1_U27                    |mul_3ns_5ns_7_1_1             |        0|   0|    0|   17|    0|
    |mul_3ns_5ns_7_1_1_U28                    |mul_3ns_5ns_7_1_1             |        0|   0|    0|   17|    0|
    |mux_21_64_1_1_U25                        |mux_21_64_1_1                 |        0|   0|    0|    9|    0|
    |mux_21_64_1_1_U26                        |mux_21_64_1_1                 |        0|   0|    0|    9|    0|
    |mux_21_64_1_1_U30                        |mux_21_64_1_1                 |        0|   0|    0|    9|    0|
    |mux_21_64_1_1_U31                        |mux_21_64_1_1                 |        0|   0|    0|    9|    0|
    |urem_3ns_3ns_3_7_seq_1_U24               |urem_3ns_3ns_3_7_seq_1        |        0|   0|   45|   19|    0|
    |urem_3ns_3ns_3_7_seq_1_U29               |urem_3ns_3ns_3_7_seq_1        |        0|   0|   45|   19|    0|
    +-----------------------------------------+------------------------------+---------+----+-----+-----+-----+
    |Total                                    |                              |        0|   0|  924| 1150|    0|
    +-----------------------------------------+------------------------------+---------+----+-----+-----+-----+

    * DSP: 
    N/A

    * Memory: 
    N/A

    * FIFO: 
    N/A

    * Expression: 
    +-------------------------+----------+----+---+-----+------------+------------+
    |      Variable Name      | Operation| DSP| FF| LUT | Bitwidth P0| Bitwidth P1|
    +-------------------------+----------+----+---+-----+------------+------------+
    |add_ln21_fu_598_p2       |         +|   0|  0|   13|           4|           2|
    |add_ln39_fu_620_p2       |         +|   0|  0|   11|           3|           1|
    |n_2_fu_427_p2            |         +|   0|  0|   16|           9|           1|
    |n_3_fu_609_p2            |         +|   0|  0|   16|           9|           1|
    |and_ln39_1_fu_747_p2     |       and|   0|  0|  128|         128|         128|
    |and_ln39_fu_569_p2       |       and|   0|  0|  128|         128|         128|
    |icmp_ln21_fu_401_p2      |      icmp|   0|  0|    9|           4|           4|
    |icmp_ln24_1_fu_603_p2    |      icmp|   0|  0|   11|           9|          10|
    |icmp_ln24_fu_421_p2      |      icmp|   0|  0|   11|           9|          10|
    |icmp_ln25_1_fu_653_p2    |      icmp|   0|  0|   11|           8|           8|
    |icmp_ln25_fu_457_p2      |      icmp|   0|  0|   11|           8|           8|
    |icmp_ln28_2_fu_700_p2    |      icmp|   0|  0|   29|          64|          64|
    |icmp_ln28_fu_504_p2      |      icmp|   0|  0|   29|          64|          64|
    |icmp_ln39_1_fu_770_p2    |      icmp|   0|  0|   29|          64|           1|
    |icmp_ln39_fu_592_p2      |      icmp|   0|  0|   29|          64|           1|
    |conv20_fu_411_p2         |        or|   0|  0|    4|           4|           1|
    |level_counts_1_d0        |        or|   0|  0|  128|         128|         128|
    |or_ln39_1_fu_763_p2      |        or|   0|  0|  128|         128|         128|
    |select_ln28_1_fu_712_p3  |    select|   0|  0|   64|           1|          64|
    |select_ln28_fu_516_p3    |    select|   0|  0|   64|           1|          64|
    |shl_ln39_2_fu_579_p2     |       shl|   0|  0|  423|         128|         128|
    |shl_ln39_3_fu_735_p2     |       shl|   0|  0|  423|          64|         128|
    |shl_ln39_4_fu_757_p2     |       shl|   0|  0|  423|         128|         128|
    |shl_ln39_fu_557_p2       |       shl|   0|  0|  423|          64|         128|
    |xor_ln39_1_fu_741_p2     |       xor|   0|  0|  128|         128|           2|
    |xor_ln39_fu_563_p2       |       xor|   0|  0|  128|         128|           2|
    +-------------------------+----------+----+---+-----+------------+------------+
    |Total                    |          |   0|  0| 2817|        1477|        1332|
    +-------------------------+----------+----+---+-----+------------+------------+

    * Multiplexer: 
    +-------------------------+-----+-----------+-----+-----------+
    |           Name          | LUT | Input Size| Bits| Total Bits|
    +-------------------------+-----+-----------+-----+-----------+
    |ap_NS_fsm                |  147|         30|    1|         30|
    |cnt_1_reg_287            |    9|          2|   64|        128|
    |cnt_2_reg_272            |    9|          2|   64|        128|
    |cnt_3_reg_311            |    9|          2|   64|        128|
    |cnt_reg_248              |    9|          2|   64|        128|
    |edges_0_address0         |   13|          3|   11|         33|
    |edges_0_address1         |   13|          3|   11|         33|
    |edges_0_ce0              |   13|          3|    1|          3|
    |edges_0_ce1              |   13|          3|    1|          3|
    |edges_1_address0         |   13|          3|   11|         33|
    |edges_1_address1         |   13|          3|   11|         33|
    |edges_1_ce0              |   13|          3|    1|          3|
    |edges_1_ce1              |   13|          3|    1|          3|
    |horizon_fu_114           |    9|          2|    4|          8|
    |level_address0           |   25|          6|    8|         48|
    |level_ce0                |   17|          4|    1|          4|
    |level_counts_0_address0  |   21|          5|    2|         10|
    |level_counts_0_d0        |   13|          3|  128|        384|
    |level_counts_1_address0  |   13|          3|    2|          6|
    |level_d0                 |   17|          4|    8|         32|
    |level_we0                |   17|          4|    1|          4|
    |n_1_reg_299              |    9|          2|    9|         18|
    |n_reg_260                |    9|          2|    9|         18|
    |nodes_0_address0         |   13|          3|    7|         21|
    |nodes_1_address0         |   13|          3|    7|         21|
    +-------------------------+-----+-----------+-----+-----------+
    |Total                    |  463|        103|  491|       1260|
    +-------------------------+-----+-----------+-----+-----------+

    * Register: 
    +------------------------------------------------------+----+----+-----+-----------+
    |                         Name                         | FF | LUT| Bits| Const Bits|
    +------------------------------------------------------+----+----+-----+-----------+
    |add_ln21_reg_909                                      |   4|   0|    4|          0|
    |ap_CS_fsm                                             |  29|   0|   29|          0|
    |cnt_1_reg_287                                         |  64|   0|   64|          0|
    |cnt_2_0_loc_fu_126                                    |  64|   0|   64|          0|
    |cnt_2_reg_272                                         |  64|   0|   64|          0|
    |cnt_3_reg_311                                         |  64|   0|   64|          0|
    |cnt_4_0_loc_fu_130                                    |  64|   0|   64|          0|
    |cnt_6_0_loc_fu_122                                    |  64|   0|   64|          0|
    |cnt_9_0_loc_fu_118                                    |  64|   0|   64|          0|
    |cnt_reg_248                                           |  64|   0|   64|          0|
    |conv20_reg_828                                        |   3|   0|    4|          1|
    |grp_bfs_Pipeline_loop_neighbors1_fu_343_ap_start_reg  |   1|   0|    1|          0|
    |grp_bfs_Pipeline_loop_neighbors_fu_326_ap_start_reg   |   1|   0|    1|          0|
    |horizon_fu_114                                        |   4|   0|    4|          0|
    |icmp_ln21_reg_819                                     |   1|   0|    1|          0|
    |icmp_ln39_reg_905                                     |   1|   0|    1|          0|
    |level_counts_0_addr_1_reg_980                         |   2|   0|    2|          0|
    |level_counts_1_addr_reg_900                           |   2|   0|    2|          0|
    |n_1_reg_299                                           |   9|   0|    9|          0|
    |n_2_reg_841                                           |   9|   0|    9|          0|
    |n_3_reg_918                                           |   9|   0|    9|          0|
    |n_reg_260                                             |   9|   0|    9|          0|
    |targetBlock4_reg_970                                  |   1|   0|    1|          0|
    |targetBlock_reg_890                                   |   1|   0|    1|          0|
    |tmp_2_reg_861                                         |   1|   0|    1|          0|
    |tmp_3_reg_933                                         |   1|   0|    1|          0|
    |tmp_4_reg_941                                         |   1|   0|    1|          0|
    |tmp_begin_1_reg_957                                   |  64|   0|   64|          0|
    |tmp_begin_reg_877                                     |  64|   0|   64|          0|
    |tmp_end_1_reg_962                                     |  64|   0|   64|          0|
    |tmp_end_reg_882                                       |  64|   0|   64|          0|
    |trunc_ln_reg_851                                      |   3|   0|    3|          0|
    |zext_ln21_reg_823                                     |   4|   0|    8|          4|
    |zext_ln24_reg_833                                     |   3|   0|    8|          5|
    +------------------------------------------------------+----+----+-----+-----------+
    |Total                                                 | 867|   0|  877|         10|
    +------------------------------------------------------+----+----+-----+-----------+



================================================================
== Interface
================================================================
* Summary: 
+-------------------------+-----+-----+------------+----------------+--------------+
|        RTL Ports        | Dir | Bits|  Protocol  |  Source Object |    C Type    |
+-------------------------+-----+-----+------------+----------------+--------------+
|ap_clk                   |   in|    1|  ap_ctrl_hs|             bfs|  return value|
|ap_rst                   |   in|    1|  ap_ctrl_hs|             bfs|  return value|
|ap_start                 |   in|    1|  ap_ctrl_hs|             bfs|  return value|
|ap_done                  |  out|    1|  ap_ctrl_hs|             bfs|  return value|
|ap_idle                  |  out|    1|  ap_ctrl_hs|             bfs|  return value|
|ap_ready                 |  out|    1|  ap_ctrl_hs|             bfs|  return value|
|nodes_0_address0         |  out|    7|   ap_memory|         nodes_0|         array|
|nodes_0_ce0              |  out|    1|   ap_memory|         nodes_0|         array|
|nodes_0_q0               |   in|  128|   ap_memory|         nodes_0|         array|
|nodes_1_address0         |  out|    7|   ap_memory|         nodes_1|         array|
|nodes_1_ce0              |  out|    1|   ap_memory|         nodes_1|         array|
|nodes_1_q0               |   in|  128|   ap_memory|         nodes_1|         array|
|edges_0_address0         |  out|   11|   ap_memory|         edges_0|         array|
|edges_0_ce0              |  out|    1|   ap_memory|         edges_0|         array|
|edges_0_q0               |   in|   64|   ap_memory|         edges_0|         array|
|edges_0_address1         |  out|   11|   ap_memory|         edges_0|         array|
|edges_0_ce1              |  out|    1|   ap_memory|         edges_0|         array|
|edges_0_q1               |   in|   64|   ap_memory|         edges_0|         array|
|edges_1_address0         |  out|   11|   ap_memory|         edges_1|         array|
|edges_1_ce0              |  out|    1|   ap_memory|         edges_1|         array|
|edges_1_q0               |   in|   64|   ap_memory|         edges_1|         array|
|edges_1_address1         |  out|   11|   ap_memory|         edges_1|         array|
|edges_1_ce1              |  out|    1|   ap_memory|         edges_1|         array|
|edges_1_q1               |   in|   64|   ap_memory|         edges_1|         array|
|starting_node            |   in|   64|     ap_none|   starting_node|        scalar|
|level_address0           |  out|    8|   ap_memory|           level|         array|
|level_ce0                |  out|    1|   ap_memory|           level|         array|
|level_we0                |  out|    1|   ap_memory|           level|         array|
|level_d0                 |  out|    8|   ap_memory|           level|         array|
|level_q0                 |   in|    8|   ap_memory|           level|         array|
|level_counts_0_address0  |  out|    2|   ap_memory|  level_counts_0|         array|
|level_counts_0_ce0       |  out|    1|   ap_memory|  level_counts_0|         array|
|level_counts_0_we0       |  out|    1|   ap_memory|  level_counts_0|         array|
|level_counts_0_d0        |  out|  128|   ap_memory|  level_counts_0|         array|
|level_counts_0_q0        |   in|  128|   ap_memory|  level_counts_0|         array|
|level_counts_1_address0  |  out|    2|   ap_memory|  level_counts_1|         array|
|level_counts_1_ce0       |  out|    1|   ap_memory|  level_counts_1|         array|
|level_counts_1_we0       |  out|    1|   ap_memory|  level_counts_1|         array|
|level_counts_1_d0        |  out|  128|   ap_memory|  level_counts_1|         array|
|level_counts_1_q0        |   in|  128|   ap_memory|  level_counts_1|         array|
+-------------------------+-----+-----+------------+----------------+--------------+

