

================================================================
== Vitis HLS Report for 'bfs'
================================================================
* Date:           Mon Mar 10 00:18:22 2025

* Version:        2022.1 (Build 3526262 on Mon Apr 18 15:47:01 MDT 2022)
* Project:        bfs_random_prj_p1
* Solution:       solution (Vivado IP Flow Target)
* Product family: virtex7
* Target device:  xc7vx485t-ffg1761-2


================================================================
== Performance Estimates
================================================================
+ Timing: 
    * Summary: 
    +--------+----------+----------+------------+
    |  Clock |  Target  | Estimated| Uncertainty|
    +--------+----------+----------+------------+
    |ap_clk  |  10.00 ns|  6.237 ns|     2.70 ns|
    +--------+----------+----------+------------+

+ Latency: 
    * Summary: 
    +---------+---------+----------+----------+-----+-----+---------+
    |  Latency (cycles) |  Latency (absolute) |  Interval | Pipeline|
    |   min   |   max   |    min   |    max   | min | max |   Type  |
    +---------+---------+----------+----------+-----+-----+---------+
    |        ?|        ?|         ?|         ?|    ?|    ?|       no|
    +---------+---------+----------+----------+-----+-----+---------+

    + Detail: 
        * Instance: 
        +-----------------------------------------+------------------------------+---------+---------+----------+----------+-----+-----+---------+
        |                                         |                              |  Latency (cycles) |  Latency (absolute) |  Interval | Pipeline|
        |                 Instance                |            Module            |   min   |   max   |    min   |    max   | min | max |   Type  |
        +-----------------------------------------+------------------------------+---------+---------+----------+----------+-----+-----+---------+
        |grp_bfs_Pipeline_loop_neighbors_fu_310   |bfs_Pipeline_loop_neighbors   |        ?|        ?|         ?|         ?|    ?|    ?|       no|
        |grp_bfs_Pipeline_loop_neighbors1_fu_328  |bfs_Pipeline_loop_neighbors1  |        ?|        ?|         ?|         ?|    ?|    ?|       no|
        +-----------------------------------------+------------------------------+---------+---------+----------+----------+-----+-----+---------+

        * Loop: 
        +-----------------+---------+---------+----------+-----------+-----------+-------+----------+
        |                 |  Latency (cycles) | Iteration|  Initiation Interval  |  Trip |          |
        |    Loop Name    |   min   |   max   |  Latency |  achieved |   target  | Count | Pipelined|
        +-----------------+---------+---------+----------+-----------+-----------+-------+----------+
        |- loop_horizons  |        ?|        ?|         ?|          -|          -|  1 ~ 5|        no|
        | + loop_nodes    |        ?|        ?|         ?|          -|          -|    256|        no|
        | + loop_nodes    |        ?|        ?|         ?|          -|          -|    256|        no|
        +-----------------+---------+---------+----------+-----------+-----------+-------+----------+



================================================================
== Utilization Estimates
================================================================
* Summary: 
+-----------------+---------+------+--------+--------+-----+
|       Name      | BRAM_18K|  DSP |   FF   |   LUT  | URAM|
+-----------------+---------+------+--------+--------+-----+
|DSP              |        -|     -|       -|       -|    -|
|Expression       |        -|     -|       0|     232|    -|
|FIFO             |        -|     -|       -|       -|    -|
|Instance         |        -|     -|     930|    2318|    -|
|Memory           |        -|     -|       -|       -|    -|
|Multiplexer      |        -|     -|       -|     380|    -|
|Register         |        -|     -|     524|       -|    -|
+-----------------+---------+------+--------+--------+-----+
|Total            |        0|     0|    1454|    2930|    0|
+-----------------+---------+------+--------+--------+-----+
|Available        |     2060|  2800|  607200|  303600|    0|
+-----------------+---------+------+--------+--------+-----+
|Utilization (%)  |        0|     0|      ~0|      ~0|    0|
+-----------------+---------+------+--------+--------+-----+

+ Detail: 
    * Instance: 
    +-----------------------------------------+------------------------------+---------+----+-----+------+-----+
    |                 Instance                |            Module            | BRAM_18K| DSP|  FF |  LUT | URAM|
    +-----------------------------------------+------------------------------+---------+----+-----+------+-----+
    |grp_bfs_Pipeline_loop_neighbors_fu_310   |bfs_Pipeline_loop_neighbors   |        0|   0|  465|  1150|    0|
    |grp_bfs_Pipeline_loop_neighbors1_fu_328  |bfs_Pipeline_loop_neighbors1  |        0|   0|  465|  1150|    0|
    |mux_21_8_1_1_U25                         |mux_21_8_1_1                  |        0|   0|    0|     9|    0|
    |mux_21_8_1_1_U26                         |mux_21_8_1_1                  |        0|   0|    0|     9|    0|
    +-----------------------------------------+------------------------------+---------+----+-----+------+-----+
    |Total                                    |                              |        0|   0|  930|  2318|    0|
    +-----------------------------------------+------------------------------+---------+----+-----+------+-----+

    * DSP: 
    N/A

    * Memory: 
    N/A

    * FIFO: 
    N/A

    * Expression: 
    +-----------------------+----------+----+---+----+------------+------------+
    |     Variable Name     | Operation| DSP| FF| LUT| Bitwidth P0| Bitwidth P1|
    +-----------------------+----------+----+---+----+------------+------------+
    |add_ln21_fu_457_p2     |         +|   0|  0|  13|           4|           2|
    |add_ln39_fu_528_p2     |         +|   0|  0|  14|           7|           4|
    |n_2_fu_418_p2          |         +|   0|  0|  16|           9|           1|
    |n_3_fu_506_p2          |         +|   0|  0|  16|           9|           1|
    |icmp_ln21_fu_392_p2    |      icmp|   0|  0|   9|           4|           4|
    |icmp_ln24_1_fu_500_p2  |      icmp|   0|  0|  11|           9|          10|
    |icmp_ln24_fu_412_p2    |      icmp|   0|  0|  11|           9|          10|
    |icmp_ln25_1_fu_577_p2  |      icmp|   0|  0|  11|           8|           8|
    |icmp_ln25_fu_481_p2    |      icmp|   0|  0|  11|           8|           8|
    |icmp_ln28_1_fu_587_p2  |      icmp|   0|  0|  29|          64|          64|
    |icmp_ln28_fu_491_p2    |      icmp|   0|  0|  29|          64|          64|
    |icmp_ln39_1_fu_548_p2  |      icmp|   0|  0|  29|          64|           1|
    |icmp_ln39_fu_451_p2    |      icmp|   0|  0|  29|          64|           1|
    |conv20_fu_402_p2       |        or|   0|  0|   4|           4|           1|
    +-----------------------+----------+----+---+----+------------+------------+
    |Total                  |          |   0|  0| 232|         327|         179|
    +-----------------------+----------+----+---+----+------------+------------+

    * Multiplexer: 
    +--------------------------------+----+-----------+-----+-----------+
    |              Name              | LUT| Input Size| Bits| Total Bits|
    +--------------------------------+----+-----------+-----+-----------+
    |ap_NS_fsm                       |  57|         14|    1|         14|
    |ap_phi_mux_cnt_5_phi_fu_299_p6  |   9|          2|   64|        128|
    |cnt_1_reg_270                   |   9|          2|   64|        128|
    |cnt_3_reg_255                   |   9|          2|   64|        128|
    |cnt_5_reg_295                   |   9|          2|   64|        128|
    |cnt_reg_230                     |   9|          2|   64|        128|
    |edges_0_address0                |  13|          3|   10|         30|
    |edges_0_ce0                     |  13|          3|    1|          3|
    |edges_1_address0                |  13|          3|   10|         30|
    |edges_1_ce0                     |  13|          3|    1|          3|
    |horizon_fu_108                  |   9|          2|    4|          8|
    |level_0_address0                |  25|          6|    7|         42|
    |level_0_ce0                     |  17|          4|    1|          4|
    |level_0_d0                      |  17|          4|    8|         32|
    |level_0_we0                     |  17|          4|    1|          4|
    |level_1_address0                |  25|          6|    7|         42|
    |level_1_ce0                     |  17|          4|    1|          4|
    |level_1_d0                      |  17|          4|    8|         32|
    |level_1_we0                     |  17|          4|    1|          4|
    |level_counts_address0           |  17|          4|    4|         16|
    |level_counts_d0                 |  17|          4|   64|        256|
    |n_1_reg_283                     |   9|          2|    9|         18|
    |n_reg_243                       |   9|          2|    9|         18|
    |nodes_address0                  |  13|          3|    8|         24|
    +--------------------------------+----+-----------+-----+-----------+
    |Total                           | 380|         89|  475|       1224|
    +--------------------------------+----+-----------+-----+-----------+

    * Register: 
    +------------------------------------------------------+----+----+-----+-----------+
    |                         Name                         | FF | LUT| Bits| Const Bits|
    +------------------------------------------------------+----+----+-----+-----------+
    |add_ln21_reg_670                                      |   4|   0|    4|          0|
    |ap_CS_fsm                                             |  13|   0|   13|          0|
    |cnt_1_reg_270                                         |  64|   0|   64|          0|
    |cnt_3_reg_255                                         |  64|   0|   64|          0|
    |cnt_5_reg_295                                         |  64|   0|   64|          0|
    |cnt_reg_230                                           |  64|   0|   64|          0|
    |conv20_reg_631                                        |   3|   0|    4|          1|
    |grp_bfs_Pipeline_loop_neighbors1_fu_328_ap_start_reg  |   1|   0|    1|          0|
    |grp_bfs_Pipeline_loop_neighbors_fu_310_ap_start_reg   |   1|   0|    1|          0|
    |horizon_fu_108                                        |   4|   0|    4|          0|
    |icmp_ln21_reg_622                                     |   1|   0|    1|          0|
    |icmp_ln25_1_reg_716                                   |   1|   0|    1|          0|
    |icmp_ln28_1_reg_730                                   |   1|   0|    1|          0|
    |icmp_ln39_reg_666                                     |   1|   0|    1|          0|
    |n_1_reg_283                                           |   9|   0|    9|          0|
    |n_2_reg_646                                           |   9|   0|    9|          0|
    |n_3_reg_698                                           |   9|   0|    9|          0|
    |n_reg_243                                             |   9|   0|    9|          0|
    |reg_358                                               |  64|   0|   64|          0|
    |shl_ln_reg_661                                        |   3|   0|    7|          4|
    |tmp_begin_1_reg_725                                   |  64|   0|   64|          0|
    |tmp_begin_reg_684                                     |  64|   0|   64|          0|
    |zext_ln21_reg_626                                     |   4|   0|    8|          4|
    |zext_ln24_reg_638                                     |   3|   0|    8|          5|
    +------------------------------------------------------+----+----+-----+-----------+
    |Total                                                 | 524|   0|  538|         14|
    +------------------------------------------------------+----+----+-----+-----------+



================================================================
== Interface
================================================================
* Summary: 
+-----------------------+-----+-----+------------+---------------+--------------+
|       RTL Ports       | Dir | Bits|  Protocol  | Source Object |    C Type    |
+-----------------------+-----+-----+------------+---------------+--------------+
|ap_clk                 |   in|    1|  ap_ctrl_hs|            bfs|  return value|
|ap_rst                 |   in|    1|  ap_ctrl_hs|            bfs|  return value|
|ap_start               |   in|    1|  ap_ctrl_hs|            bfs|  return value|
|ap_done                |  out|    1|  ap_ctrl_hs|            bfs|  return value|
|ap_idle                |  out|    1|  ap_ctrl_hs|            bfs|  return value|
|ap_ready               |  out|    1|  ap_ctrl_hs|            bfs|  return value|
|nodes_address0         |  out|    8|   ap_memory|          nodes|         array|
|nodes_ce0              |  out|    1|   ap_memory|          nodes|         array|
|nodes_q0               |   in|  128|   ap_memory|          nodes|         array|
|edges_0_address0       |  out|   10|   ap_memory|        edges_0|         array|
|edges_0_ce0            |  out|    1|   ap_memory|        edges_0|         array|
|edges_0_q0             |   in|  128|   ap_memory|        edges_0|         array|
|edges_1_address0       |  out|   10|   ap_memory|        edges_1|         array|
|edges_1_ce0            |  out|    1|   ap_memory|        edges_1|         array|
|edges_1_q0             |   in|  128|   ap_memory|        edges_1|         array|
|starting_node          |   in|   64|     ap_none|  starting_node|        scalar|
|level_0_address0       |  out|    7|   ap_memory|        level_0|         array|
|level_0_ce0            |  out|    1|   ap_memory|        level_0|         array|
|level_0_we0            |  out|    1|   ap_memory|        level_0|         array|
|level_0_d0             |  out|    8|   ap_memory|        level_0|         array|
|level_0_q0             |   in|    8|   ap_memory|        level_0|         array|
|level_1_address0       |  out|    7|   ap_memory|        level_1|         array|
|level_1_ce0            |  out|    1|   ap_memory|        level_1|         array|
|level_1_we0            |  out|    1|   ap_memory|        level_1|         array|
|level_1_d0             |  out|    8|   ap_memory|        level_1|         array|
|level_1_q0             |   in|    8|   ap_memory|        level_1|         array|
|level_counts_address0  |  out|    4|   ap_memory|   level_counts|         array|
|level_counts_ce0       |  out|    1|   ap_memory|   level_counts|         array|
|level_counts_we0       |  out|    1|   ap_memory|   level_counts|         array|
|level_counts_d0        |  out|   64|   ap_memory|   level_counts|         array|
+-----------------------+-----+-----+------------+---------------+--------------+

