

================================================================
== Vitis HLS Report for 'bfs'
================================================================
* Date:           Mon Mar 10 00:11:28 2025

* Version:        2022.1 (Build 3526262 on Mon Apr 18 15:47:01 MDT 2022)
* Project:        bfs_random_prj_p1
* Solution:       solution (Vivado IP Flow Target)
* Product family: virtex7
* Target device:  xc7vx485t-ffg1761-2


================================================================
== Performance Estimates
================================================================
+ Timing: 
    * Summary: 
    +--------+----------+----------+------------+
    |  Clock |  Target  | Estimated| Uncertainty|
    +--------+----------+----------+------------+
    |ap_clk  |  10.00 ns|  6.539 ns|     2.70 ns|
    +--------+----------+----------+------------+

+ Latency: 
    * Summary: 
    +---------+---------+----------+----------+-----+-----+---------+
    |  Latency (cycles) |  Latency (absolute) |  Interval | Pipeline|
    |   min   |   max   |    min   |    max   | min | max |   Type  |
    +---------+---------+----------+----------+-----+-----+---------+
    |        ?|        ?|         ?|         ?|    ?|    ?|       no|
    +---------+---------+----------+----------+-----+-----+---------+

    + Detail: 
        * Instance: 
        +-----------------------------------------+------------------------------+---------+---------+----------+----------+-----+-----+---------+
        |                                         |                              |  Latency (cycles) |  Latency (absolute) |  Interval | Pipeline|
        |                 Instance                |            Module            |   min   |   max   |    min   |    max   | min | max |   Type  |
        +-----------------------------------------+------------------------------+---------+---------+----------+----------+-----+-----+---------+
        |grp_bfs_Pipeline_loop_neighbors_fu_319   |bfs_Pipeline_loop_neighbors   |        ?|        ?|         ?|         ?|    ?|    ?|       no|
        |grp_bfs_Pipeline_loop_neighbors1_fu_334  |bfs_Pipeline_loop_neighbors1  |        ?|        ?|         ?|         ?|    ?|    ?|       no|
        +-----------------------------------------+------------------------------+---------+---------+----------+----------+-----+-----+---------+

        * Loop: 
        +-----------------+---------+---------+----------+-----------+-----------+-------+----------+
        |                 |  Latency (cycles) | Iteration|  Initiation Interval  |  Trip |          |
        |    Loop Name    |   min   |   max   |  Latency |  achieved |   target  | Count | Pipelined|
        +-----------------+---------+---------+----------+-----------+-----------+-------+----------+
        |- loop_horizons  |        ?|        ?|         ?|          -|          -|  1 ~ 5|        no|
        | + loop_nodes    |        ?|        ?|         ?|          -|          -|    256|        no|
        | + loop_nodes    |        ?|        ?|         ?|          -|          -|    256|        no|
        +-----------------+---------+---------+----------+-----------+-----------+-------+----------+



================================================================
== Utilization Estimates
================================================================
* Summary: 
+-----------------+---------+------+--------+--------+-----+
|       Name      | BRAM_18K|  DSP |   FF   |   LUT  | URAM|
+-----------------+---------+------+--------+--------+-----+
|DSP              |        -|     -|       -|       -|    -|
|Expression       |        -|     -|       0|     497|    -|
|FIFO             |        -|     -|       -|       -|    -|
|Instance         |        -|     -|     840|    1706|    -|
|Memory           |        -|     -|       -|       -|    -|
|Multiplexer      |        -|     -|       -|     317|    -|
|Register         |        -|     -|     867|       -|    -|
+-----------------+---------+------+--------+--------+-----+
|Total            |        0|     0|    1707|    2520|    0|
+-----------------+---------+------+--------+--------+-----+
|Available        |     2060|  2800|  607200|  303600|    0|
+-----------------+---------+------+--------+--------+-----+
|Utilization (%)  |        0|     0|      ~0|      ~0|    0|
+-----------------+---------+------+--------+--------+-----+

+ Detail: 
    * Instance: 
    +-----------------------------------------+------------------------------+---------+----+-----+-----+-----+
    |                 Instance                |            Module            | BRAM_18K| DSP|  FF | LUT | URAM|
    +-----------------------------------------+------------------------------+---------+----+-----+-----+-----+
    |grp_bfs_Pipeline_loop_neighbors_fu_319   |bfs_Pipeline_loop_neighbors   |        0|   0|  420|  835|    0|
    |grp_bfs_Pipeline_loop_neighbors1_fu_334  |bfs_Pipeline_loop_neighbors1  |        0|   0|  420|  835|    0|
    |mux_21_64_1_1_U17                        |mux_21_64_1_1                 |        0|   0|    0|    9|    0|
    |mux_21_64_1_1_U18                        |mux_21_64_1_1                 |        0|   0|    0|    9|    0|
    |mux_21_64_1_1_U19                        |mux_21_64_1_1                 |        0|   0|    0|    9|    0|
    |mux_21_64_1_1_U20                        |mux_21_64_1_1                 |        0|   0|    0|    9|    0|
    +-----------------------------------------+------------------------------+---------+----+-----+-----+-----+
    |Total                                    |                              |        0|   0|  840| 1706|    0|
    +-----------------------------------------+------------------------------+---------+----+-----+-----+-----+

    * DSP: 
    N/A

    * Memory: 
    N/A

    * FIFO: 
    N/A

    * Expression: 
    +-------------------------+----------+----+---+----+------------+------------+
    |      Variable Name      | Operation| DSP| FF| LUT| Bitwidth P0| Bitwidth P1|
    +-------------------------+----------+----+---+----+------------+------------+
    |add_ln21_fu_497_p2       |         +|   0|  0|  13|           4|           2|
    |add_ln39_fu_613_p2       |         +|   0|  0|  14|           6|           4|
    |n_2_fu_452_p2            |         +|   0|  0|  16|           9|           1|
    |n_3_fu_581_p2            |         +|   0|  0|  16|           9|           1|
    |and_ln18_fu_416_p2       |       and|   0|  0|  16|          16|          16|
    |icmp_ln21_fu_426_p2      |      icmp|   0|  0|   9|           4|           4|
    |icmp_ln24_1_fu_575_p2    |      icmp|   0|  0|  11|           9|          10|
    |icmp_ln24_fu_446_p2      |      icmp|   0|  0|  11|           9|          10|
    |icmp_ln25_1_fu_665_p2    |      icmp|   0|  0|  11|           8|           8|
    |icmp_ln25_fu_523_p2      |      icmp|   0|  0|  11|           8|           8|
    |icmp_ln28_2_fu_698_p2    |      icmp|   0|  0|  29|          64|          64|
    |icmp_ln28_fu_556_p2      |      icmp|   0|  0|  29|          64|          64|
    |icmp_ln39_1_fu_634_p2    |      icmp|   0|  0|  29|          64|           1|
    |icmp_ln39_fu_491_p2      |      icmp|   0|  0|  29|          64|           1|
    |lshr_ln25_2_fu_655_p2    |      lshr|   0|  0|  35|          16|          16|
    |lshr_ln25_fu_513_p2      |      lshr|   0|  0|  35|          16|          16|
    |conv20_fu_436_p2         |        or|   0|  0|   4|           4|           1|
    |select_ln28_1_fu_710_p3  |    select|   0|  0|  64|           1|          64|
    |select_ln28_fu_568_p3    |    select|   0|  0|  64|           1|          64|
    |shl_ln18_fu_404_p2       |       shl|   0|  0|  35|           8|          16|
    |xor_ln18_fu_410_p2       |       xor|   0|  0|  16|          16|           2|
    +-------------------------+----------+----+---+----+------------+------------+
    |Total                    |          |   0|  0| 497|         400|         373|
    +-------------------------+----------+----+---+----+------------+------------+

    * Multiplexer: 
    +--------------------------------+----+-----------+-----+-----------+
    |              Name              | LUT| Input Size| Bits| Total Bits|
    +--------------------------------+----+-----------+-----+-----------+
    |ap_NS_fsm                       |  61|         15|    1|         15|
    |ap_phi_mux_cnt_3_phi_fu_308_p6  |   9|          2|   64|        128|
    |cnt_1_reg_280                   |   9|          2|   64|        128|
    |cnt_2_reg_265                   |   9|          2|   64|        128|
    |cnt_3_reg_304                   |   9|          2|   64|        128|
    |cnt_reg_241                     |   9|          2|   64|        128|
    |edges_address0                  |  13|          3|   12|         36|
    |edges_address1                  |  13|          3|   12|         36|
    |edges_ce0                       |  13|          3|    1|          3|
    |edges_ce1                       |  13|          3|    1|          3|
    |horizon_fu_108                  |   9|          2|    4|          8|
    |level_address0                  |  29|          7|    7|         49|
    |level_ce0                       |  17|          4|    1|          4|
    |level_counts_0_address0         |  13|          3|    3|          9|
    |level_counts_0_d0               |  13|          3|   64|        192|
    |level_d0                        |  17|          4|   16|         64|
    |level_we0                       |  17|          4|    1|          4|
    |n_1_reg_293                     |   9|          2|    9|         18|
    |n_reg_254                       |   9|          2|    9|         18|
    |nodes_0_address0                |  13|          3|    7|         21|
    |nodes_1_address0                |  13|          3|    7|         21|
    +--------------------------------+----+-----------+-----+-----------+
    |Total                           | 317|         74|  475|       1141|
    +--------------------------------+----+-----------+-----+-----------+

    * Register: 
    +------------------------------------------------------+----+----+-----+-----------+
    |                         Name                         | FF | LUT| Bits| Const Bits|
    +------------------------------------------------------+----+----+-----+-----------+
    |add_ln21_reg_811                                      |   4|   0|    4|          0|
    |ap_CS_fsm                                             |  14|   0|   14|          0|
    |cnt_1_reg_280                                         |  64|   0|   64|          0|
    |cnt_2_0_loc_fu_120                                    |  64|   0|   64|          0|
    |cnt_2_reg_265                                         |  64|   0|   64|          0|
    |cnt_3_reg_304                                         |  64|   0|   64|          0|
    |cnt_4_0_loc_fu_124                                    |  64|   0|   64|          0|
    |cnt_6_0_loc_fu_116                                    |  64|   0|   64|          0|
    |cnt_9_0_loc_fu_112                                    |  64|   0|   64|          0|
    |cnt_reg_241                                           |  64|   0|   64|          0|
    |conv20_reg_771                                        |   3|   0|    4|          1|
    |grp_bfs_Pipeline_loop_neighbors1_fu_334_ap_start_reg  |   1|   0|    1|          0|
    |grp_bfs_Pipeline_loop_neighbors_fu_319_ap_start_reg   |   1|   0|    1|          0|
    |horizon_fu_108                                        |   4|   0|    4|          0|
    |icmp_ln21_reg_762                                     |   1|   0|    1|          0|
    |icmp_ln25_1_reg_882                                   |   1|   0|    1|          0|
    |icmp_ln28_2_reg_906                                   |   1|   0|    1|          0|
    |icmp_ln39_reg_807                                     |   1|   0|    1|          0|
    |level_addr_reg_754                                    |   7|   0|    7|          0|
    |n_1_reg_293                                           |   9|   0|    9|          0|
    |n_2_reg_784                                           |   9|   0|    9|          0|
    |n_3_reg_856                                           |   9|   0|    9|          0|
    |n_reg_254                                             |   9|   0|    9|          0|
    |targetBlock2_reg_910                                  |   1|   0|    1|          0|
    |targetBlock_reg_843                                   |   1|   0|    1|          0|
    |tmp_begin_1_reg_896                                   |  64|   0|   64|          0|
    |tmp_begin_reg_830                                     |  64|   0|   64|          0|
    |tmp_end_1_reg_901                                     |  64|   0|   64|          0|
    |tmp_end_reg_835                                       |  64|   0|   64|          0|
    |trunc_ln24_1_reg_861                                  |   1|   0|    1|          0|
    |trunc_ln24_reg_789                                    |   1|   0|    1|          0|
    |zext_ln21_reg_766                                     |   4|   0|    8|          4|
    |zext_ln24_reg_776                                     |   3|   0|    8|          5|
    |zext_ln25_2_reg_868                                   |   7|   0|   64|         57|
    |zext_ln25_reg_796                                     |   7|   0|   64|         57|
    +------------------------------------------------------+----+----+-----+-----------+
    |Total                                                 | 867|   0|  991|        124|
    +------------------------------------------------------+----+----+-----+-----------+



================================================================
== Interface
================================================================
* Summary: 
+-------------------------+-----+-----+------------+----------------+--------------+
|        RTL Ports        | Dir | Bits|  Protocol  |  Source Object |    C Type    |
+-------------------------+-----+-----+------------+----------------+--------------+
|ap_clk                   |   in|    1|  ap_ctrl_hs|             bfs|  return value|
|ap_rst                   |   in|    1|  ap_ctrl_hs|             bfs|  return value|
|ap_start                 |   in|    1|  ap_ctrl_hs|             bfs|  return value|
|ap_done                  |  out|    1|  ap_ctrl_hs|             bfs|  return value|
|ap_idle                  |  out|    1|  ap_ctrl_hs|             bfs|  return value|
|ap_ready                 |  out|    1|  ap_ctrl_hs|             bfs|  return value|
|nodes_0_address0         |  out|    7|   ap_memory|         nodes_0|         array|
|nodes_0_ce0              |  out|    1|   ap_memory|         nodes_0|         array|
|nodes_0_q0               |   in|  128|   ap_memory|         nodes_0|         array|
|nodes_1_address0         |  out|    7|   ap_memory|         nodes_1|         array|
|nodes_1_ce0              |  out|    1|   ap_memory|         nodes_1|         array|
|nodes_1_q0               |   in|  128|   ap_memory|         nodes_1|         array|
|edges_address0           |  out|   12|   ap_memory|           edges|         array|
|edges_ce0                |  out|    1|   ap_memory|           edges|         array|
|edges_q0                 |   in|   64|   ap_memory|           edges|         array|
|edges_address1           |  out|   12|   ap_memory|           edges|         array|
|edges_ce1                |  out|    1|   ap_memory|           edges|         array|
|edges_q1                 |   in|   64|   ap_memory|           edges|         array|
|starting_node            |   in|   64|     ap_none|   starting_node|        scalar|
|level_address0           |  out|    7|   ap_memory|           level|         array|
|level_ce0                |  out|    1|   ap_memory|           level|         array|
|level_we0                |  out|    1|   ap_memory|           level|         array|
|level_d0                 |  out|   16|   ap_memory|           level|         array|
|level_q0                 |   in|   16|   ap_memory|           level|         array|
|level_counts_0_address0  |  out|    3|   ap_memory|  level_counts_0|         array|
|level_counts_0_ce0       |  out|    1|   ap_memory|  level_counts_0|         array|
|level_counts_0_we0       |  out|    1|   ap_memory|  level_counts_0|         array|
|level_counts_0_d0        |  out|   64|   ap_memory|  level_counts_0|         array|
|level_counts_1_address0  |  out|    3|   ap_memory|  level_counts_1|         array|
|level_counts_1_ce0       |  out|    1|   ap_memory|  level_counts_1|         array|
|level_counts_1_we0       |  out|    1|   ap_memory|  level_counts_1|         array|
|level_counts_1_d0        |  out|   64|   ap_memory|  level_counts_1|         array|
+-------------------------+-----+-----+------------+----------------+--------------+

