

================================================================
== Vitis HLS Report for 'bfs'
================================================================
* Date:           Mon Mar 10 00:17:57 2025

* Version:        2022.1 (Build 3526262 on Mon Apr 18 15:47:01 MDT 2022)
* Project:        bfs_random_prj_p1
* Solution:       solution (Vivado IP Flow Target)
* Product family: virtex7
* Target device:  xc7vx485t-ffg1761-2


================================================================
== Performance Estimates
================================================================
+ Timing: 
    * Summary: 
    +--------+----------+----------+------------+
    |  Clock |  Target  | Estimated| Uncertainty|
    +--------+----------+----------+------------+
    |ap_clk  |  10.00 ns|  7.139 ns|     2.70 ns|
    +--------+----------+----------+------------+

+ Latency: 
    * Summary: 
    +---------+---------+----------+----------+-----+-----+---------+
    |  Latency (cycles) |  Latency (absolute) |  Interval | Pipeline|
    |   min   |   max   |    min   |    max   | min | max |   Type  |
    +---------+---------+----------+----------+-----+-----+---------+
    |        ?|        ?|         ?|         ?|    ?|    ?|       no|
    +---------+---------+----------+----------+-----+-----+---------+

    + Detail: 
        * Instance: 
        N/A

        * Loop: 
        +---------------------+---------+---------+----------+-----------+-----------+------+----------+
        |                     |  Latency (cycles) | Iteration|  Initiation Interval  | Trip |          |
        |      Loop Name      |   min   |   max   |  Latency |  achieved |   target  | Count| Pipelined|
        +---------------------+---------+---------+----------+-----------+-----------+------+----------+
        |- loop_horizons      |        ?|        ?|         ?|          -|          -|     ?|        no|
        | + loop_nodes        |        ?|        ?|         ?|          -|          -|   128|        no|
        |  ++ loop_neighbors  |        ?|        ?|         7|          -|          -|     ?|        no|
        |  ++ loop_neighbors  |        ?|        ?|         7|          -|          -|     ?|        no|
        +---------------------+---------+---------+----------+-----------+-----------+------+----------+



================================================================
== Utilization Estimates
================================================================
* Summary: 
+-----------------+---------+------+--------+--------+-----+
|       Name      | BRAM_18K|  DSP |   FF   |   LUT  | URAM|
+-----------------+---------+------+--------+--------+-----+
|DSP              |        -|     -|       -|       -|    -|
|Expression       |        -|     -|       0|    3972|    -|
|FIFO             |        -|     -|       -|       -|    -|
|Instance         |        -|     9|    1140|     684|    -|
|Memory           |        -|     -|       -|       -|    -|
|Multiplexer      |        -|     -|       -|     793|    -|
|Register         |        -|     -|    1380|       -|    -|
+-----------------+---------+------+--------+--------+-----+
|Total            |        0|     9|    2520|    5449|    0|
+-----------------+---------+------+--------+--------+-----+
|Available        |     2060|  2800|  607200|  303600|    0|
+-----------------+---------+------+--------+--------+-----+
|Utilization (%)  |        0|    ~0|      ~0|       1|    0|
+-----------------+---------+------+--------+--------+-----+

+ Detail: 
    * Instance: 
    +------------------------------+---------------------------+---------+----+-----+-----+-----+
    |           Instance           |           Module          | BRAM_18K| DSP|  FF | LUT | URAM|
    +------------------------------+---------------------------+---------+----+-----+-----+-----+
    |mul_64ns_66ns_125_2_1_U6      |mul_64ns_66ns_125_2_1      |        0|   9|  361|  179|    0|
    |mux_21_8_1_1_U2               |mux_21_8_1_1               |        0|   0|    0|    9|    0|
    |mux_21_8_1_1_U3               |mux_21_8_1_1               |        0|   0|    0|    9|    0|
    |mux_21_8_1_1_U4               |mux_21_8_1_1               |        0|   0|    0|    9|    0|
    |mux_21_8_1_1_U5               |mux_21_8_1_1               |        0|   0|    0|    9|    0|
    |urem_64ns_4ns_64_68_seq_1_U1  |urem_64ns_4ns_64_68_seq_1  |        0|   0|  779|  469|    0|
    +------------------------------+---------------------------+---------+----+-----+-----+-----+
    |Total                         |                           |        0|   9| 1140|  684|    0|
    +------------------------------+---------------------------+---------+----+-----+-----+-----+

    * DSP: 
    N/A

    * Memory: 
    N/A

    * FIFO: 
    N/A

    * Expression: 
    +-----------------------+----------+----+---+-----+------------+------------+
    |     Variable Name     | Operation| DSP| FF| LUT | Bitwidth P0| Bitwidth P1|
    +-----------------------+----------+----+---+-----+------------+------------+
    |add_ln21_fu_534_p2     |         +|   0|  0|   71|          64|           1|
    |add_ln28_1_fu_772_p2   |         +|   0|  0|   71|          64|           2|
    |add_ln28_2_fu_898_p2   |         +|   0|  0|   71|          64|           1|
    |add_ln28_3_fu_986_p2   |         +|   0|  0|   71|          64|           2|
    |add_ln28_4_fu_690_p2   |         +|   0|  0|   18|          11|           1|
    |add_ln28_5_fu_904_p2   |         +|   0|  0|   18|          11|           1|
    |add_ln28_fu_684_p2     |         +|   0|  0|   71|          64|           1|
    |add_ln34_1_fu_766_p2   |         +|   0|  0|   71|          64|           1|
    |add_ln34_2_fu_892_p2   |         +|   0|  0|   71|          64|           1|
    |add_ln34_3_fu_980_p2   |         +|   0|  0|   71|          64|           1|
    |add_ln34_fu_678_p2     |         +|   0|  0|   71|          64|           1|
    |empty_fu_540_p2        |         +|   0|  0|   15|           8|           1|
    |n_1_fu_992_p2          |         +|   0|  0|   16|           9|           2|
    |and_ln39_1_fu_1038_p2  |       and|   0|  0|  128|         128|         128|
    |and_ln39_fu_1072_p2    |       and|   0|  0|    2|           1|           1|
    |icmp_ln21_fu_1067_p2   |      icmp|   0|  0|   29|          64|           4|
    |icmp_ln25_1_fu_786_p2  |      icmp|   0|  0|   29|          64|          64|
    |icmp_ln25_fu_587_p2    |      icmp|   0|  0|   29|          64|          64|
    |icmp_ln28_1_fu_602_p2  |      icmp|   0|  0|   29|          64|          64|
    |icmp_ln28_2_fu_810_p2  |      icmp|   0|  0|   29|          64|          64|
    |icmp_ln28_3_fu_695_p2  |      icmp|   0|  0|   29|          64|          64|
    |icmp_ln28_4_fu_816_p2  |      icmp|   0|  0|   29|          64|          64|
    |icmp_ln28_5_fu_909_p2  |      icmp|   0|  0|   29|          64|          64|
    |icmp_ln28_fu_596_p2    |      icmp|   0|  0|   29|          64|          64|
    |icmp_ln32_1_fu_760_p2  |      icmp|   0|  0|   11|           8|           7|
    |icmp_ln32_2_fu_886_p2  |      icmp|   0|  0|   11|           8|           7|
    |icmp_ln32_3_fu_974_p2  |      icmp|   0|  0|   11|           8|           7|
    |icmp_ln32_fu_672_p2    |      icmp|   0|  0|   11|           8|           7|
    |icmp_ln39_fu_1061_p2   |      icmp|   0|  0|   29|          64|           1|
    |lshr_ln29_1_fu_725_p2  |      lshr|   0|  0|  423|         128|         128|
    |lshr_ln29_2_fu_851_p2  |      lshr|   0|  0|  423|         128|         128|
    |lshr_ln29_3_fu_939_p2  |      lshr|   0|  0|  423|         128|         128|
    |lshr_ln29_fu_637_p2    |      lshr|   0|  0|  423|         128|         128|
    |or_ln26_fu_795_p2      |        or|   0|  0|    8|           8|           1|
    |or_ln39_fu_1054_p2     |        or|   0|  0|  128|         128|         128|
    |shl_ln39_1_fu_1048_p2  |       shl|   0|  0|  423|         128|         128|
    |shl_ln39_fu_1026_p2    |       shl|   0|  0|  423|          64|         128|
    |xor_ln39_fu_1032_p2    |       xor|   0|  0|  128|         128|           2|
    +-----------------------+----------+----+---+-----+------------+------------+
    |Total                  |          |   0|  0| 3972|        2384|        1589|
    +-----------------------+----------+----+---+-----+------------+------------+

    * Multiplexer: 
    +-----------------------+-----+-----------+-----+-----------+
    |          Name         | LUT | Input Size| Bits| Total Bits|
    +-----------------------+-----+-----------+-----+-----------+
    |ap_NS_fsm              |  474|         95|    1|         95|
    |cnt_1_0_reg_332        |    9|          2|   64|        128|
    |cnt_1_ph_reg_376       |    9|          2|   64|        128|
    |cnt_1_reg_388          |    9|          2|   64|        128|
    |cnt_2_0_reg_353        |    9|          2|   64|        128|
    |cnt_2_1_reg_364        |    9|          2|   64|        128|
    |cnt_2_ph_reg_447       |    9|          2|   64|        128|
    |cnt_2_reg_459          |    9|          2|   64|        128|
    |cnt_5_0_reg_403        |    9|          2|   64|        128|
    |cnt_8_0_reg_424        |    9|          2|   64|        128|
    |cnt_8_1_reg_435        |    9|          2|   64|        128|
    |cnt_reg_308            |    9|          2|   64|        128|
    |e_1_0_reg_343          |    9|          2|   64|        128|
    |e_4_0_reg_414          |    9|          2|   64|        128|
    |edges_address0         |   21|          5|   11|         55|
    |horizon_fu_110         |    9|          2|   64|        128|
    |level_0_address0       |   45|         11|    7|         77|
    |level_0_d0             |   13|          3|    8|         24|
    |level_1_address0       |   45|         11|    7|         77|
    |level_1_d0             |   13|          3|    8|         24|
    |level_counts_address0  |   21|          5|    3|         15|
    |level_counts_d0        |   13|          3|  128|        384|
    |n_reg_320              |    9|          2|    9|         18|
    |nodes_address0         |   13|          3|    8|         24|
    +-----------------------+-----+-----------+-----+-----------+
    |Total                  |  793|        169| 1086|       2585|
    +-----------------------+-----+-----------+-----+-----------+

    * Register: 
    +------------------------------+----+----+-----+-----------+
    |             Name             | FF | LUT| Bits| Const Bits|
    +------------------------------+----+----+-----+-----------+
    |add_ln21_reg_1100             |  64|   0|   64|          0|
    |add_ln28_1_reg_1222           |  64|   0|   64|          0|
    |add_ln28_3_reg_1322           |  64|   0|   64|          0|
    |ap_CS_fsm                     |  94|   0|   94|          0|
    |cnt_1_0_reg_332               |  64|   0|   64|          0|
    |cnt_1_ph_reg_376              |  64|   0|   64|          0|
    |cnt_1_reg_388                 |  64|   0|   64|          0|
    |cnt_2_0_reg_353               |  64|   0|   64|          0|
    |cnt_2_1_reg_364               |  64|   0|   64|          0|
    |cnt_2_ph_reg_447              |  64|   0|   64|          0|
    |cnt_2_reg_459                 |  64|   0|   64|          0|
    |cnt_5_0_reg_403               |  64|   0|   64|          0|
    |cnt_8_0_reg_424               |  64|   0|   64|          0|
    |cnt_8_1_reg_435               |  64|   0|   64|          0|
    |cnt_reg_308                   |  64|   0|   64|          0|
    |e_1_0_reg_343                 |  64|   0|   64|          0|
    |e_4_0_reg_414                 |  64|   0|   64|          0|
    |empty_reg_1108                |   8|   0|    8|          0|
    |horizon_fu_110                |  64|   0|   64|          0|
    |icmp_ln25_1_reg_1232          |   1|   0|    1|          0|
    |icmp_ln25_reg_1132            |   1|   0|    1|          0|
    |icmp_ln28_2_reg_1246          |   1|   0|    1|          0|
    |icmp_ln28_reg_1146            |   1|   0|    1|          0|
    |level_0_addr_2_reg_1168       |   7|   0|    7|          0|
    |level_0_addr_3_reg_1204       |   7|   0|    7|          0|
    |level_0_addr_4_reg_1268       |   7|   0|    7|          0|
    |level_0_addr_5_reg_1304       |   7|   0|    7|          0|
    |level_1_addr_1_reg_1173       |   7|   0|    7|          0|
    |level_1_addr_3_reg_1209       |   7|   0|    7|          0|
    |level_1_addr_4_reg_1273       |   7|   0|    7|          0|
    |level_1_addr_5_reg_1309       |   7|   0|    7|          0|
    |level_counts_addr_1_reg_1342  |   3|   0|    3|          0|
    |n_1_reg_1327                  |   9|   0|    9|          0|
    |n_reg_320                     |   9|   0|    9|          0|
    |reg_485                       |  64|   0|   64|          0|
    |tmp_1_reg_1337                |   1|   0|    1|          0|
    |tmp_5_reg_1189                |   1|   0|    1|          0|
    |tmp_9_reg_1289                |   1|   0|    1|          0|
    |trunc_ln28_1_reg_1253         |  11|   0|   11|          0|
    |trunc_ln28_reg_1153           |  11|   0|   11|          0|
    |trunc_ln30_1_reg_1199         |   1|   0|    1|          0|
    |trunc_ln30_2_reg_1263         |   1|   0|    1|          0|
    |trunc_ln30_3_reg_1299         |   1|   0|    1|          0|
    |trunc_ln30_reg_1163           |   1|   0|    1|          0|
    |zext_ln24_reg_1114            |   9|   0|   64|         55|
    |zext_ln25_reg_1122            |   7|   0|   64|         57|
    +------------------------------+----+----+-----+-----------+
    |Total                         |1380|   0| 1492|        112|
    +------------------------------+----+----+-----+-----------+



================================================================
== Interface
================================================================
* Summary: 
+-----------------------+-----+-----+------------+---------------+--------------+
|       RTL Ports       | Dir | Bits|  Protocol  | Source Object |    C Type    |
+-----------------------+-----+-----+------------+---------------+--------------+
|ap_clk                 |   in|    1|  ap_ctrl_hs|            bfs|  return value|
|ap_rst                 |   in|    1|  ap_ctrl_hs|            bfs|  return value|
|ap_start               |   in|    1|  ap_ctrl_hs|            bfs|  return value|
|ap_done                |  out|    1|  ap_ctrl_hs|            bfs|  return value|
|ap_idle                |  out|    1|  ap_ctrl_hs|            bfs|  return value|
|ap_ready               |  out|    1|  ap_ctrl_hs|            bfs|  return value|
|nodes_address0         |  out|    8|   ap_memory|          nodes|         array|
|nodes_ce0              |  out|    1|   ap_memory|          nodes|         array|
|nodes_q0               |   in|  128|   ap_memory|          nodes|         array|
|edges_address0         |  out|   11|   ap_memory|          edges|         array|
|edges_ce0              |  out|    1|   ap_memory|          edges|         array|
|edges_q0               |   in|  128|   ap_memory|          edges|         array|
|starting_node          |   in|   64|     ap_none|  starting_node|        scalar|
|level_0_address0       |  out|    7|   ap_memory|        level_0|         array|
|level_0_ce0            |  out|    1|   ap_memory|        level_0|         array|
|level_0_we0            |  out|    1|   ap_memory|        level_0|         array|
|level_0_d0             |  out|    8|   ap_memory|        level_0|         array|
|level_0_q0             |   in|    8|   ap_memory|        level_0|         array|
|level_1_address0       |  out|    7|   ap_memory|        level_1|         array|
|level_1_ce0            |  out|    1|   ap_memory|        level_1|         array|
|level_1_we0            |  out|    1|   ap_memory|        level_1|         array|
|level_1_d0             |  out|    8|   ap_memory|        level_1|         array|
|level_1_q0             |   in|    8|   ap_memory|        level_1|         array|
|level_counts_address0  |  out|    3|   ap_memory|   level_counts|         array|
|level_counts_ce0       |  out|    1|   ap_memory|   level_counts|         array|
|level_counts_we0       |  out|    1|   ap_memory|   level_counts|         array|
|level_counts_d0        |  out|  128|   ap_memory|   level_counts|         array|
|level_counts_q0        |   in|  128|   ap_memory|   level_counts|         array|
+-----------------------+-----+-----+------------+---------------+--------------+

