

================================================================
== Vitis HLS Report for 'bfs'
================================================================
* Date:           Mon Mar 10 00:19:17 2025

* Version:        2022.1 (Build 3526262 on Mon Apr 18 15:47:01 MDT 2022)
* Project:        bfs_random_prj_p1
* Solution:       solution (Vivado IP Flow Target)
* Product family: virtex7
* Target device:  xc7vx485t-ffg1761-2


================================================================
== Performance Estimates
================================================================
+ Timing: 
    * Summary: 
    +--------+----------+----------+------------+
    |  Clock |  Target  | Estimated| Uncertainty|
    +--------+----------+----------+------------+
    |ap_clk  |  10.00 ns|  7.139 ns|     2.70 ns|
    +--------+----------+----------+------------+

+ Latency: 
    * Summary: 
    +---------+---------+----------+----------+-----+-----+---------+
    |  Latency (cycles) |  Latency (absolute) |  Interval | Pipeline|
    |   min   |   max   |    min   |    max   | min | max |   Type  |
    +---------+---------+----------+----------+-----+-----+---------+
    |        ?|        ?|         ?|         ?|    ?|    ?|       no|
    +---------+---------+----------+----------+-----+-----+---------+

    + Detail: 
        * Instance: 
        N/A

        * Loop: 
        +---------------------+---------+---------+----------+-----------+-----------+------+----------+
        |                     |  Latency (cycles) | Iteration|  Initiation Interval  | Trip |          |
        |      Loop Name      |   min   |   max   |  Latency |  achieved |   target  | Count| Pipelined|
        +---------------------+---------+---------+----------+-----------+-----------+------+----------+
        |- loop_horizons      |        ?|        ?|         ?|          -|          -|     ?|        no|
        | + loop_nodes        |        ?|        ?|         ?|          -|          -|   256|        no|
        |  ++ loop_neighbors  |        ?|        ?|     8 ~ 9|          -|          -|     ?|        no|
        +---------------------+---------+---------+----------+-----------+-----------+------+----------+



================================================================
== Utilization Estimates
================================================================
* Summary: 
+-----------------+---------+------+--------+--------+-----+
|       Name      | BRAM_18K|  DSP |   FF   |   LUT  | URAM|
+-----------------+---------+------+--------+--------+-----+
|DSP              |        -|     -|       -|       -|    -|
|Expression       |        -|     -|       0|    5583|    -|
|FIFO             |        -|     -|       -|       -|    -|
|Instance         |        -|     9|    1128|     667|    -|
|Memory           |        -|     -|       -|       -|    -|
|Multiplexer      |        -|     -|       -|     663|    -|
|Register         |        -|     -|    1314|       -|    -|
+-----------------+---------+------+--------+--------+-----+
|Total            |        0|     9|    2442|    6913|    0|
+-----------------+---------+------+--------+--------+-----+
|Available        |     2060|  2800|  607200|  303600|    0|
+-----------------+---------+------+--------+--------+-----+
|Utilization (%)  |        0|    ~0|      ~0|       2|    0|
+-----------------+---------+------+--------+--------+-----+

+ Detail: 
    * Instance: 
    +------------------------------+---------------------------+---------+----+-----+-----+-----+
    |           Instance           |           Module          | BRAM_18K| DSP|  FF | LUT | URAM|
    +------------------------------+---------------------------+---------+----+-----+-----+-----+
    |mul_63ns_65ns_123_2_1_U1      |mul_63ns_65ns_123_2_1      |        0|   9|  361|  179|    0|
    |mux_21_8_1_1_U3               |mux_21_8_1_1               |        0|   0|    0|    9|    0|
    |mux_257_8_1_1_U4              |mux_257_8_1_1              |        0|   0|    0|    9|    0|
    |mux_257_8_1_1_U5              |mux_257_8_1_1              |        0|   0|    0|    9|    0|
    |urem_63ns_3ns_63_67_seq_1_U2  |urem_63ns_3ns_63_67_seq_1  |        0|   0|  767|  461|    0|
    +------------------------------+---------------------------+---------+----+-----+-----+-----+
    |Total                         |                           |        0|   9| 1128|  667|    0|
    +------------------------------+---------------------------+---------+----+-----+-----+-----+

    * DSP: 
    N/A

    * Memory: 
    N/A

    * FIFO: 
    N/A

    * Expression: 
    +-----------------------+----------+----+---+-----+------------+------------+
    |     Variable Name     | Operation| DSP| FF| LUT | Bitwidth P0| Bitwidth P1|
    +-----------------------+----------+----+---+-----+------------+------------+
    |add_ln21_fu_480_p2     |         +|   0|  0|   71|          64|           1|
    |add_ln28_1_fu_1054_p2  |         +|   0|  0|   71|          64|           2|
    |add_ln28_2_fu_865_p2   |         +|   0|  0|   18|          11|           1|
    |add_ln28_fu_859_p2     |         +|   0|  0|   71|          64|           1|
    |add_ln34_1_fu_1048_p2  |         +|   0|  0|   71|          64|           1|
    |add_ln34_fu_853_p2     |         +|   0|  0|   71|          64|           1|
    |empty_22_fu_486_p2     |         +|   0|  0|   15|           8|           1|
    |n_1_fu_502_p2          |         +|   0|  0|   16|           9|           1|
    |and_ln18_1_fu_426_p2   |       and|   0|  0|   16|          16|          16|
    |and_ln18_fu_448_p2     |       and|   0|  0|   16|          16|          16|
    |and_ln33_1_fu_811_p2   |       and|   0|  0|   16|          16|          16|
    |and_ln33_2_fu_1027_p2  |       and|   0|  0|   16|          16|          16|
    |and_ln33_3_fu_1006_p2  |       and|   0|  0|   16|          16|          16|
    |and_ln33_fu_832_p2     |       and|   0|  0|   16|          16|          16|
    |and_ln39_1_fu_1154_p2  |       and|   0|  0|  128|         128|         128|
    |and_ln39_2_fu_1108_p2  |       and|   0|  0|  128|         128|         128|
    |and_ln39_fu_1188_p2    |       and|   0|  0|    2|           1|           1|
    |icmp_ln21_fu_1183_p2   |      icmp|   0|  0|   29|          64|           4|
    |icmp_ln24_fu_496_p2    |      icmp|   0|  0|   11|           9|          10|
    |icmp_ln25_fu_609_p2    |      icmp|   0|  0|   29|          64|          64|
    |icmp_ln28_1_fu_670_p2  |      icmp|   0|  0|   29|          64|          64|
    |icmp_ln28_2_fu_870_p2  |      icmp|   0|  0|   29|          64|          64|
    |icmp_ln28_fu_664_p2    |      icmp|   0|  0|   29|          64|          64|
    |icmp_ln32_1_fu_977_p2  |      icmp|   0|  0|   11|           8|           7|
    |icmp_ln32_fu_782_p2    |      icmp|   0|  0|   11|           8|           7|
    |icmp_ln39_fu_1177_p2   |      icmp|   0|  0|   29|          64|           1|
    |lshr_ln25_1_fu_581_p2  |      lshr|   0|  0|   35|          16|          16|
    |lshr_ln25_fu_567_p2    |      lshr|   0|  0|   35|          16|          16|
    |lshr_ln26_fu_644_p2    |      lshr|   0|  0|  950|         256|         256|
    |lshr_ln29_1_fu_899_p2  |      lshr|   0|  0|  423|         128|         128|
    |lshr_ln29_fu_704_p2    |      lshr|   0|  0|  423|         128|         128|
    |lshr_ln30_1_fu_763_p2  |      lshr|   0|  0|   35|          16|          16|
    |lshr_ln30_3_fu_944_p2  |      lshr|   0|  0|   35|          16|          16|
    |lshr_ln30_4_fu_958_p2  |      lshr|   0|  0|   35|          16|          16|
    |lshr_ln30_fu_749_p2    |      lshr|   0|  0|   35|          16|          16|
    |level_counts_1_d0      |        or|   0|  0|  128|         128|         128|
    |or_ln33_1_fu_826_p2    |        or|   0|  0|   16|          16|          16|
    |or_ln33_2_fu_1042_p2   |        or|   0|  0|   16|          16|          16|
    |or_ln33_3_fu_1021_p2   |        or|   0|  0|   16|          16|          16|
    |or_ln33_fu_847_p2      |        or|   0|  0|   16|          16|          16|
    |or_ln39_fu_1170_p2     |        or|   0|  0|  128|         128|         128|
    |shl_ln18_1_fu_414_p2   |       shl|   0|  0|   35|           8|          16|
    |shl_ln18_fu_436_p2     |       shl|   0|  0|   35|           8|          16|
    |shl_ln33_1_fu_841_p2   |       shl|   0|  0|   35|          16|          16|
    |shl_ln33_2_fu_820_p2   |       shl|   0|  0|   35|          16|          16|
    |shl_ln33_3_fu_994_p2   |       shl|   0|  0|   35|           8|          16|
    |shl_ln33_4_fu_1036_p2  |       shl|   0|  0|   35|          16|          16|
    |shl_ln33_5_fu_1015_p2  |       shl|   0|  0|   35|          16|          16|
    |shl_ln33_fu_799_p2     |       shl|   0|  0|   35|           8|          16|
    |shl_ln39_1_fu_1164_p2  |       shl|   0|  0|  423|         128|         128|
    |shl_ln39_2_fu_1096_p2  |       shl|   0|  0|  423|          64|         128|
    |shl_ln39_3_fu_1118_p2  |       shl|   0|  0|  423|         128|         128|
    |shl_ln39_fu_1142_p2    |       shl|   0|  0|  423|          64|         128|
    |xor_ln18_1_fu_420_p2   |       xor|   0|  0|   16|          16|           2|
    |xor_ln18_fu_442_p2     |       xor|   0|  0|   16|          16|           2|
    |xor_ln33_1_fu_1000_p2  |       xor|   0|  0|   16|          16|           2|
    |xor_ln33_fu_805_p2     |       xor|   0|  0|   16|          16|           2|
    |xor_ln39_1_fu_1102_p2  |       xor|   0|  0|  128|         128|           2|
    |xor_ln39_fu_1148_p2    |       xor|   0|  0|  128|         128|           2|
    +-----------------------+----------+----+---+-----+------------+------------+
    |Total                  |          |   0|  0| 5583|        2838|        2227|
    +-----------------------+----------+----+---+-----+------------+------------+

    * Multiplexer: 
    +-------------------------+-----+-----------+-----+-----------+
    |           Name          | LUT | Input Size| Bits| Total Bits|
    +-------------------------+-----+-----------+-----+-----------+
    |ap_NS_fsm                |  422|         87|    1|         87|
    |cnt_1_0_reg_305          |    9|          2|   64|        128|
    |cnt_1_ph_reg_349         |    9|          2|   64|        128|
    |cnt_1_reg_361            |    9|          2|   64|        128|
    |cnt_2_0_reg_326          |    9|          2|   64|        128|
    |cnt_2_1_reg_337          |    9|          2|   64|        128|
    |cnt_reg_281              |    9|          2|   64|        128|
    |e_1_0_reg_316            |    9|          2|   64|        128|
    |edges_address0           |   13|          3|   11|         33|
    |horizon_fu_128           |    9|          2|   64|        128|
    |level_0_address0         |   33|          8|    6|         48|
    |level_0_d0               |   17|          4|   16|         64|
    |level_1_address0         |   33|          8|    6|         48|
    |level_1_d0               |   17|          4|   16|         64|
    |level_counts_0_address0  |   21|          5|    2|         10|
    |level_counts_0_d0        |   13|          3|  128|        384|
    |level_counts_1_address0  |   13|          3|    2|          6|
    |n_reg_293                |    9|          2|    9|         18|
    +-------------------------+-----+-----------+-----+-----------+
    |Total                    |  663|        143|  709|       1786|
    +-------------------------+-----+-----------+-----+-----------+

    * Register: 
    +--------------------------------+-----+----+-----+-----------+
    |              Name              |  FF | LUT| Bits| Const Bits|
    +--------------------------------+-----+----+-----+-----------+
    |add_ln21_reg_1233               |   64|   0|   64|          0|
    |add_ln28_1_reg_1425             |   64|   0|   64|          0|
    |and_ln_reg_1198                 |    1|   0|    4|          3|
    |ap_CS_fsm                       |   86|   0|   86|          0|
    |cnt_1_0_reg_305                 |   64|   0|   64|          0|
    |cnt_1_ph_reg_349                |   64|   0|   64|          0|
    |cnt_1_reg_361                   |   64|   0|   64|          0|
    |cnt_2_0_reg_326                 |   64|   0|   64|          0|
    |cnt_2_1_reg_337                 |   64|   0|   64|          0|
    |cnt_reg_281                     |   64|   0|   64|          0|
    |e_1_0_reg_316                   |   64|   0|   64|          0|
    |empty_22_reg_1240               |    8|   0|    8|          0|
    |horizon_fu_128                  |   64|   0|   64|          0|
    |icmp_ln25_reg_1276              |    1|   0|    1|          0|
    |icmp_ln32_1_reg_1402            |    1|   0|    1|          0|
    |level_0_addr_2_reg_1332         |    6|   0|    6|          0|
    |level_0_addr_3_reg_1392         |    6|   0|    6|          0|
    |level_0_addr_reg_1208           |    6|   0|    6|          0|
    |level_1_addr_2_reg_1337         |    6|   0|    6|          0|
    |level_1_addr_3_reg_1397         |    6|   0|    6|          0|
    |level_1_addr_reg_1213           |    6|   0|    6|          0|
    |level_counts_0_addr_1_reg_1449  |    2|   0|    2|          0|
    |level_counts_1_addr_reg_1444    |    2|   0|    2|          0|
    |lshr_ln29_1_reg_1377            |  128|   0|  128|          0|
    |lshr_ln29_reg_1317              |  128|   0|  128|          0|
    |lshr_ln2_reg_1322               |   57|   0|   57|          0|
    |lshr_ln30_2_reg_1382            |   57|   0|   57|          0|
    |n_1_reg_1251                    |    9|   0|    9|          0|
    |n_reg_293                       |    9|   0|    9|          0|
    |or_ln33_1_reg_1349              |   16|   0|   16|          0|
    |or_ln33_2_reg_1415              |   16|   0|   16|          0|
    |or_ln33_3_reg_1410              |   16|   0|   16|          0|
    |or_ln33_reg_1354                |   16|   0|   16|          0|
    |tmp_11_reg_1327                 |    1|   0|    1|          0|
    |tmp_12_reg_1345                 |    1|   0|    1|          0|
    |tmp_13_reg_1367                 |    1|   0|    1|          0|
    |tmp_15_reg_1387                 |    1|   0|    1|          0|
    |tmp_16_reg_1406                 |    1|   0|    1|          0|
    |tmp_1_reg_1204                  |    1|   0|    1|          0|
    |tmp_2_reg_1430                  |    1|   0|    1|          0|
    |tmp_3_reg_1435                  |    1|   0|    1|          0|
    |tmp_end_reg_1295                |   64|   0|   64|          0|
    |trunc_ln26_reg_1280             |    1|   0|    1|          0|
    |trunc_ln28_reg_1307             |   11|   0|   11|          0|
    |trunc_ln39_reg_1440             |    1|   0|    1|          0|
    +--------------------------------+-----+----+-----+-----------+
    |Total                           | 1314|   0| 1317|          3|
    +--------------------------------+-----+----+-----+-----------+



================================================================
== Interface
================================================================
* Summary: 
+-------------------------+-----+-----+------------+----------------+--------------+
|        RTL Ports        | Dir | Bits|  Protocol  |  Source Object |    C Type    |
+-------------------------+-----+-----+------------+----------------+--------------+
|ap_clk                   |   in|    1|  ap_ctrl_hs|             bfs|  return value|
|ap_rst                   |   in|    1|  ap_ctrl_hs|             bfs|  return value|
|ap_start                 |   in|    1|  ap_ctrl_hs|             bfs|  return value|
|ap_done                  |  out|    1|  ap_ctrl_hs|             bfs|  return value|
|ap_idle                  |  out|    1|  ap_ctrl_hs|             bfs|  return value|
|ap_ready                 |  out|    1|  ap_ctrl_hs|             bfs|  return value|
|nodes_address0           |  out|    7|   ap_memory|           nodes|         array|
|nodes_ce0                |  out|    1|   ap_memory|           nodes|         array|
|nodes_q0                 |   in|  256|   ap_memory|           nodes|         array|
|edges_address0           |  out|   11|   ap_memory|           edges|         array|
|edges_ce0                |  out|    1|   ap_memory|           edges|         array|
|edges_q0                 |   in|  128|   ap_memory|           edges|         array|
|starting_node            |   in|   64|     ap_none|   starting_node|        scalar|
|level_0_address0         |  out|    6|   ap_memory|         level_0|         array|
|level_0_ce0              |  out|    1|   ap_memory|         level_0|         array|
|level_0_we0              |  out|    1|   ap_memory|         level_0|         array|
|level_0_d0               |  out|   16|   ap_memory|         level_0|         array|
|level_0_q0               |   in|   16|   ap_memory|         level_0|         array|
|level_1_address0         |  out|    6|   ap_memory|         level_1|         array|
|level_1_ce0              |  out|    1|   ap_memory|         level_1|         array|
|level_1_we0              |  out|    1|   ap_memory|         level_1|         array|
|level_1_d0               |  out|   16|   ap_memory|         level_1|         array|
|level_1_q0               |   in|   16|   ap_memory|         level_1|         array|
|level_counts_0_address0  |  out|    2|   ap_memory|  level_counts_0|         array|
|level_counts_0_ce0       |  out|    1|   ap_memory|  level_counts_0|         array|
|level_counts_0_we0       |  out|    1|   ap_memory|  level_counts_0|         array|
|level_counts_0_d0        |  out|  128|   ap_memory|  level_counts_0|         array|
|level_counts_0_q0        |   in|  128|   ap_memory|  level_counts_0|         array|
|level_counts_1_address0  |  out|    2|   ap_memory|  level_counts_1|         array|
|level_counts_1_ce0       |  out|    1|   ap_memory|  level_counts_1|         array|
|level_counts_1_we0       |  out|    1|   ap_memory|  level_counts_1|         array|
|level_counts_1_d0        |  out|  128|   ap_memory|  level_counts_1|         array|
|level_counts_1_q0        |   in|  128|   ap_memory|  level_counts_1|         array|
+-------------------------+-----+-----+------------+----------------+--------------+

