

================================================================
== Vitis HLS Report for 'bfs'
================================================================
* Date:           Mon Mar 10 00:13:55 2025

* Version:        2022.1 (Build 3526262 on Mon Apr 18 15:47:01 MDT 2022)
* Project:        bfs_random_prj_p1
* Solution:       solution (Vivado IP Flow Target)
* Product family: virtex7
* Target device:  xc7vx485t-ffg1761-2


================================================================
== Performance Estimates
================================================================
+ Timing: 
    * Summary: 
    +--------+----------+----------+------------+
    |  Clock |  Target  | Estimated| Uncertainty|
    +--------+----------+----------+------------+
    |ap_clk  |  10.00 ns|  6.237 ns|     2.70 ns|
    +--------+----------+----------+------------+

+ Latency: 
    * Summary: 
    +---------+---------+----------+----------+-----+-----+---------+
    |  Latency (cycles) |  Latency (absolute) |  Interval | Pipeline|
    |   min   |   max   |    min   |    max   | min | max |   Type  |
    +---------+---------+----------+----------+-----+-----+---------+
    |        ?|        ?|         ?|         ?|    ?|    ?|       no|
    +---------+---------+----------+----------+-----+-----+---------+

    + Detail: 
        * Instance: 
        N/A

        * Loop: 
        +---------------------+---------+---------+----------+-----------+-----------+-------+----------+
        |                     |  Latency (cycles) | Iteration|  Initiation Interval  |  Trip |          |
        |      Loop Name      |   min   |   max   |  Latency |  achieved |   target  | Count | Pipelined|
        +---------------------+---------+---------+----------+-----------+-----------+-------+----------+
        |- loop_horizons      |        ?|        ?|         ?|          -|          -|  1 ~ 5|        no|
        | + loop_nodes        |        ?|        ?|         ?|          -|          -|    128|        no|
        |  ++ loop_neighbors  |        ?|        ?|         7|          -|          -|      ?|        no|
        |  ++ loop_neighbors  |        ?|        ?|         5|          -|          -|      ?|        no|
        | + loop_nodes        |        ?|        ?|         ?|          -|          -|    128|        no|
        |  ++ loop_neighbors  |        ?|        ?|         6|          -|          -|      ?|        no|
        |  ++ loop_neighbors  |        ?|        ?|         5|          -|          -|      ?|        no|
        +---------------------+---------+---------+----------+-----------+-----------+-------+----------+



================================================================
== Utilization Estimates
================================================================
* Summary: 
+-----------------+---------+------+--------+--------+-----+
|       Name      | BRAM_18K|  DSP |   FF   |   LUT  | URAM|
+-----------------+---------+------+--------+--------+-----+
|DSP              |        -|     -|       -|       -|    -|
|Expression       |        -|     -|       0|    1824|    -|
|FIFO             |        -|     -|       -|       -|    -|
|Instance         |        -|     -|       0|     162|    -|
|Memory           |        -|     -|       -|       -|    -|
|Multiplexer      |        -|     -|       -|     911|    -|
|Register         |        -|     -|    3081|       -|    -|
+-----------------+---------+------+--------+--------+-----+
|Total            |        0|     0|    3081|    2897|    0|
+-----------------+---------+------+--------+--------+-----+
|Available        |     2060|  2800|  607200|  303600|    0|
+-----------------+---------+------+--------+--------+-----+
|Utilization (%)  |        0|     0|      ~0|      ~0|    0|
+-----------------+---------+------+--------+--------+-----+

+ Detail: 
    * Instance: 
    +-------------------+---------------+---------+----+---+----+-----+
    |      Instance     |     Module    | BRAM_18K| DSP| FF| LUT| URAM|
    +-------------------+---------------+---------+----+---+----+-----+
    |mux_21_64_1_1_U3   |mux_21_64_1_1  |        0|   0|  0|   9|    0|
    |mux_21_64_1_1_U5   |mux_21_64_1_1  |        0|   0|  0|   9|    0|
    |mux_21_64_1_1_U7   |mux_21_64_1_1  |        0|   0|  0|   9|    0|
    |mux_21_64_1_1_U9   |mux_21_64_1_1  |        0|   0|  0|   9|    0|
    |mux_21_64_1_1_U11  |mux_21_64_1_1  |        0|   0|  0|   9|    0|
    |mux_21_64_1_1_U13  |mux_21_64_1_1  |        0|   0|  0|   9|    0|
    |mux_21_64_1_1_U15  |mux_21_64_1_1  |        0|   0|  0|   9|    0|
    |mux_21_64_1_1_U17  |mux_21_64_1_1  |        0|   0|  0|   9|    0|
    |mux_21_8_1_1_U1    |mux_21_8_1_1   |        0|   0|  0|   9|    0|
    |mux_21_8_1_1_U2    |mux_21_8_1_1   |        0|   0|  0|   9|    0|
    |mux_257_8_1_1_U4   |mux_257_8_1_1  |        0|   0|  0|   9|    0|
    |mux_257_8_1_1_U6   |mux_257_8_1_1  |        0|   0|  0|   9|    0|
    |mux_257_8_1_1_U8   |mux_257_8_1_1  |        0|   0|  0|   9|    0|
    |mux_257_8_1_1_U10  |mux_257_8_1_1  |        0|   0|  0|   9|    0|
    |mux_257_8_1_1_U12  |mux_257_8_1_1  |        0|   0|  0|   9|    0|
    |mux_257_8_1_1_U14  |mux_257_8_1_1  |        0|   0|  0|   9|    0|
    |mux_257_8_1_1_U16  |mux_257_8_1_1  |        0|   0|  0|   9|    0|
    |mux_257_8_1_1_U18  |mux_257_8_1_1  |        0|   0|  0|   9|    0|
    +-------------------+---------------+---------+----+---+----+-----+
    |Total              |               |        0|   0|  0| 162|    0|
    +-------------------+---------------+---------+----+---+----+-----+

    * DSP: 
    N/A

    * Memory: 
    N/A

    * FIFO: 
    N/A

    * Expression: 
    +-------------------------+----------+----+---+----+------------+------------+
    |      Variable Name      | Operation| DSP| FF| LUT| Bitwidth P0| Bitwidth P1|
    +-------------------------+----------+----+---+----+------------+------------+
    |add_ln21_fu_1068_p2      |         +|   0|  0|  13|           4|           2|
    |add_ln28_10_fu_1409_p2   |         +|   0|  0|  19|          12|           1|
    |add_ln28_11_fu_1901_p2   |         +|   0|  0|  19|          12|           1|
    |add_ln28_1_fu_1676_p2    |         +|   0|  0|  71|          64|           1|
    |add_ln28_2_fu_1288_p2    |         +|   0|  0|  71|          64|           2|
    |add_ln28_3_fu_1399_p2    |         +|   0|  0|  71|          64|           1|
    |add_ln28_4_fu_1780_p2    |         +|   0|  0|  71|          64|           2|
    |add_ln28_5_fu_1891_p2    |         +|   0|  0|  71|          64|           1|
    |add_ln28_6_fu_1500_p2    |         +|   0|  0|  71|          64|           2|
    |add_ln28_7_fu_1992_p2    |         +|   0|  0|  71|          64|           2|
    |add_ln28_8_fu_1204_p2    |         +|   0|  0|  19|          12|           1|
    |add_ln28_9_fu_1686_p2    |         +|   0|  0|  19|          12|           1|
    |add_ln28_fu_1184_p2      |         +|   0|  0|  71|          64|           1|
    |add_ln34_1_fu_1669_p2    |         +|   0|  0|  71|          64|           1|
    |add_ln34_2_fu_1282_p2    |         +|   0|  0|  71|          64|           1|
    |add_ln34_3_fu_1392_p2    |         +|   0|  0|  71|          64|           1|
    |add_ln34_4_fu_1774_p2    |         +|   0|  0|  71|          64|           1|
    |add_ln34_5_fu_1884_p2    |         +|   0|  0|  71|          64|           1|
    |add_ln34_6_fu_1493_p2    |         +|   0|  0|  71|          64|           1|
    |add_ln34_7_fu_1985_p2    |         +|   0|  0|  71|          64|           1|
    |add_ln34_fu_1178_p2      |         +|   0|  0|  71|          64|           1|
    |add_ln39_fu_1537_p2      |         +|   0|  0|  14|           6|           4|
    |n_2_fu_1506_p2           |         +|   0|  0|  16|           9|           2|
    |n_3_fu_1998_p2           |         +|   0|  0|  16|           9|           2|
    |ap_condition_458         |       and|   0|  0|   2|           1|           1|
    |grp_fu_921_p2            |      icmp|   0|  0|  11|           8|           8|
    |grp_fu_965_p2            |      icmp|   0|  0|  11|           8|           8|
    |icmp_ln21_fu_1014_p2     |      icmp|   0|  0|   9|           4|           4|
    |icmp_ln28_10_fu_1420_p2  |      icmp|   0|  0|  29|          64|          64|
    |icmp_ln28_11_fu_1912_p2  |      icmp|   0|  0|  29|          64|          64|
    |icmp_ln28_1_fu_1101_p2   |      icmp|   0|  0|  29|          64|          64|
    |icmp_ln28_2_fu_1586_p2   |      icmp|   0|  0|  29|          64|          64|
    |icmp_ln28_3_fu_1308_p2   |      icmp|   0|  0|  29|          64|          64|
    |icmp_ln28_4_fu_1592_p2   |      icmp|   0|  0|  29|          64|          64|
    |icmp_ln28_5_fu_1195_p2   |      icmp|   0|  0|  29|          64|          64|
    |icmp_ln28_6_fu_1800_p2   |      icmp|   0|  0|  29|          64|          64|
    |icmp_ln28_7_fu_1314_p2   |      icmp|   0|  0|  29|          64|          64|
    |icmp_ln28_8_fu_1697_p2   |      icmp|   0|  0|  29|          64|          64|
    |icmp_ln28_9_fu_1806_p2   |      icmp|   0|  0|  29|          64|          64|
    |icmp_ln28_fu_1095_p2     |      icmp|   0|  0|  29|          64|          64|
    |icmp_ln32_1_fu_1656_p2   |      icmp|   0|  0|  11|           8|           7|
    |icmp_ln32_2_fu_1269_p2   |      icmp|   0|  0|  11|           8|           7|
    |icmp_ln32_3_fu_1379_p2   |      icmp|   0|  0|  11|           8|           7|
    |icmp_ln32_4_fu_1761_p2   |      icmp|   0|  0|  11|           8|           7|
    |icmp_ln32_5_fu_1871_p2   |      icmp|   0|  0|  11|           8|           7|
    |icmp_ln32_6_fu_1480_p2   |      icmp|   0|  0|  11|           8|           7|
    |icmp_ln32_7_fu_1972_p2   |      icmp|   0|  0|  11|           8|           7|
    |icmp_ln32_fu_1165_p2     |      icmp|   0|  0|  11|           8|           7|
    |icmp_ln39_1_fu_1558_p2   |      icmp|   0|  0|  29|          64|           1|
    |icmp_ln39_fu_1062_p2     |      icmp|   0|  0|  29|          64|           1|
    |conv20_fu_1020_p2        |        or|   0|  0|   4|           4|           1|
    |or_ln25_1_fu_1718_p2     |        or|   0|  0|   7|           7|           1|
    |or_ln25_fu_1226_p2       |        or|   0|  0|   7|           7|           1|
    |xor_ln28_1_fu_1692_p2    |       xor|   0|  0|   2|           1|           2|
    |xor_ln28_2_fu_1415_p2    |       xor|   0|  0|   2|           1|           2|
    |xor_ln28_3_fu_1907_p2    |       xor|   0|  0|   2|           1|           2|
    |xor_ln28_fu_1190_p2      |       xor|   0|  0|   2|           1|           2|
    +-------------------------+----------+----+---+----+------------+------------+
    |Total                    |          |   0|  0|1824|        2103|         892|
    +-------------------------+----------+----+---+----+------------+------------+

    * Multiplexer: 
    +-----------------------------------+-----+-----------+-----+-----------+
    |                Name               | LUT | Input Size| Bits| Total Bits|
    +-----------------------------------+-----+-----------+-----+-----------+
    |ap_NS_fsm                          |  185|         42|    1|         42|
    |ap_phi_mux_cnt_11_0_phi_fu_793_p4  |   13|          3|   64|        192|
    |ap_phi_mux_cnt_14_0_phi_fu_696_p4  |   13|          3|   64|        192|
    |ap_phi_mux_cnt_14_1_phi_fu_708_p4  |   13|          3|   64|        192|
    |ap_phi_mux_cnt_17_0_phi_fu_864_p4  |   13|          3|   64|        192|
    |ap_phi_mux_cnt_17_1_phi_fu_876_p4  |   13|          3|   64|        192|
    |ap_phi_mux_cnt_2_ph_phi_fu_636_p4  |    9|          2|   64|        128|
    |ap_phi_mux_cnt_3_ph_phi_fu_804_p4  |    9|          2|   64|        128|
    |cnt_11_0_reg_790                   |    9|          2|   64|        128|
    |cnt_11_1_reg_813                   |    9|          2|   64|        128|
    |cnt_13_0_reg_840                   |    9|          2|   64|        128|
    |cnt_14_0_reg_693                   |    9|          2|   64|        128|
    |cnt_17_0_reg_861                   |    9|          2|   64|        128|
    |cnt_1_reg_744                      |    9|          2|   64|        128|
    |cnt_2_0_reg_622                    |    9|          2|   64|        128|
    |cnt_2_1_reg_645                    |    9|          2|   64|        128|
    |cnt_2_ph_reg_633                   |    9|          2|   64|        128|
    |cnt_2_reg_657                      |    9|          2|   64|        128|
    |cnt_3_ph_reg_801                   |    9|          2|   64|        128|
    |cnt_3_reg_825                      |    9|          2|   64|        128|
    |cnt_4_0_reg_601                    |    9|          2|   64|        128|
    |cnt_4_ph_reg_716                   |    9|          2|   64|        128|
    |cnt_4_reg_728                      |    9|          2|   64|        128|
    |cnt_5_ph_reg_884                   |    9|          2|   64|        128|
    |cnt_5_reg_896                      |    9|          2|   64|        128|
    |cnt_6_0_reg_769                    |    9|          2|   64|        128|
    |cnt_8_0_reg_672                    |    9|          2|   64|        128|
    |cnt_reg_576                        |    9|          2|   64|        128|
    |e_1_0_reg_612                      |    9|          2|   64|        128|
    |e_4_0_reg_780                      |    9|          2|   64|        128|
    |e_6_0_reg_683                      |    9|          2|   64|        128|
    |e_9_0_reg_851                      |    9|          2|   64|        128|
    |edges_0_address0                   |   37|          9|   11|         99|
    |edges_1_address0                   |   37|          9|   11|         99|
    |grp_fu_912_p3                      |   13|          3|    1|          3|
    |grp_fu_956_p3                      |   13|          3|    1|          3|
    |horizon_fu_130                     |    9|          2|    4|          8|
    |level_0_address0                   |  107|         22|    7|        154|
    |level_0_d0                         |   17|          4|    8|         32|
    |level_1_address0                   |  107|         22|    7|        154|
    |level_1_d0                         |   17|          4|    8|         32|
    |level_counts_0_address0            |   13|          3|    3|          9|
    |level_counts_0_d0                  |   13|          3|   64|        192|
    |n_1_reg_757                        |    9|          2|    9|         18|
    |n_reg_589                          |    9|          2|    9|         18|
    |nodes_0_address0                   |   13|          3|    7|         21|
    |nodes_1_address0                   |   13|          3|    7|         21|
    +-----------------------------------+-----+-----------+-----+-----------+
    |Total                              |  911|        203| 2142|       5193|
    +-----------------------------------+-----+-----------+-----+-----------+

    * Register: 
    +--------------------------+----+----+-----+-----------+
    |           Name           | FF | LUT| Bits| Const Bits|
    +--------------------------+----+----+-----+-----------+
    |add_ln21_reg_2055         |   4|   0|    4|          0|
    |add_ln28_2_reg_2200       |  64|   0|   64|          0|
    |add_ln28_4_reg_2480       |  64|   0|   64|          0|
    |ap_CS_fsm                 |  41|   0|   41|          0|
    |cnt_11_0_reg_790          |  64|   0|   64|          0|
    |cnt_11_1_reg_813          |  64|   0|   64|          0|
    |cnt_13_0_reg_840          |  64|   0|   64|          0|
    |cnt_14_0_reg_693          |  64|   0|   64|          0|
    |cnt_17_0_reg_861          |  64|   0|   64|          0|
    |cnt_1_reg_744             |  64|   0|   64|          0|
    |cnt_2_0_reg_622           |  64|   0|   64|          0|
    |cnt_2_1_reg_645           |  64|   0|   64|          0|
    |cnt_2_ph_reg_633          |  64|   0|   64|          0|
    |cnt_2_reg_657             |  64|   0|   64|          0|
    |cnt_3_ph_reg_801          |  64|   0|   64|          0|
    |cnt_3_reg_825             |  64|   0|   64|          0|
    |cnt_4_0_reg_601           |  64|   0|   64|          0|
    |cnt_4_ph_reg_716          |  64|   0|   64|          0|
    |cnt_4_reg_728             |  64|   0|   64|          0|
    |cnt_5_ph_reg_884          |  64|   0|   64|          0|
    |cnt_5_reg_896             |  64|   0|   64|          0|
    |cnt_6_0_reg_769           |  64|   0|   64|          0|
    |cnt_8_0_reg_672           |  64|   0|   64|          0|
    |cnt_reg_576               |  64|   0|   64|          0|
    |e_1_0_reg_612             |  64|   0|   64|          0|
    |e_4_0_reg_780             |  64|   0|   64|          0|
    |e_6_0_reg_683             |  64|   0|   64|          0|
    |e_9_0_reg_851             |  64|   0|   64|          0|
    |horizon_fu_130            |   4|   0|    4|          0|
    |icmp_ln21_reg_2022        |   1|   0|    1|          0|
    |icmp_ln25_1_reg_2357      |   1|   0|    1|          0|
    |icmp_ln25_2_reg_2215      |   1|   0|    1|          0|
    |icmp_ln25_3_reg_2495      |   1|   0|    1|          0|
    |icmp_ln25_reg_2071        |   1|   0|    1|          0|
    |icmp_ln28_1_reg_2095      |   1|   0|    1|          0|
    |icmp_ln28_2_reg_2377      |   1|   0|    1|          0|
    |icmp_ln28_3_reg_2229      |   1|   0|    1|          0|
    |icmp_ln28_4_reg_2381      |   1|   0|    1|          0|
    |icmp_ln28_5_reg_2150      |   1|   0|    1|          0|
    |icmp_ln28_6_reg_2509      |   1|   0|    1|          0|
    |icmp_ln28_reg_2091        |   1|   0|    1|          0|
    |icmp_ln39_reg_2051        |   1|   0|    1|          0|
    |level_0_addr_10_reg_2541  |   7|   0|    7|          0|
    |level_0_addr_11_reg_2305  |   7|   0|    7|          0|
    |level_0_addr_12_reg_2585  |   7|   0|    7|          0|
    |level_0_addr_3_reg_2124   |   7|   0|    7|          0|
    |level_0_addr_5_reg_2410   |   7|   0|    7|          0|
    |level_0_addr_7_reg_2179   |   7|   0|    7|          0|
    |level_0_addr_8_reg_2261   |   7|   0|    7|          0|
    |level_0_addr_9_reg_2459   |   7|   0|    7|          0|
    |level_1_addr_10_reg_2546  |   7|   0|    7|          0|
    |level_1_addr_11_reg_2310  |   7|   0|    7|          0|
    |level_1_addr_12_reg_2590  |   7|   0|    7|          0|
    |level_1_addr_3_reg_2129   |   7|   0|    7|          0|
    |level_1_addr_5_reg_2415   |   7|   0|    7|          0|
    |level_1_addr_7_reg_2184   |   7|   0|    7|          0|
    |level_1_addr_8_reg_2266   |   7|   0|    7|          0|
    |level_1_addr_9_reg_2464   |   7|   0|    7|          0|
    |lshr_ln30_1_reg_2405      |  57|   0|   57|          0|
    |lshr_ln30_2_reg_2174      |  57|   0|   57|          0|
    |lshr_ln30_3_reg_2256      |  57|   0|   57|          0|
    |lshr_ln30_4_reg_2454      |  57|   0|   57|          0|
    |lshr_ln30_5_reg_2536      |  57|   0|   57|          0|
    |lshr_ln30_6_reg_2300      |  57|   0|   57|          0|
    |lshr_ln30_7_reg_2580      |  57|   0|   57|          0|
    |lshr_ln4_reg_2119         |  57|   0|   57|          0|
    |n_1_reg_757               |   9|   0|    9|          0|
    |n_2_reg_2326              |   9|   0|    9|          0|
    |n_3_reg_2606              |   9|   0|    9|          0|
    |n_reg_589                 |   9|   0|    9|          0|
    |or_ln25_1_reg_2444        |   6|   0|    7|          1|
    |or_ln25_reg_2164          |   6|   0|    7|          1|
    |reg_980                   |  64|   0|   64|          0|
    |tmp_4_reg_2066            |   1|   0|    1|          0|
    |tmp_6_reg_2352            |   1|   0|    1|          0|
    |tmp_dst_1_1_reg_2449      |  64|   0|   64|          0|
    |tmp_dst_1_reg_2400        |  64|   0|   64|          0|
    |tmp_dst_2_1_reg_2295      |  64|   0|   64|          0|
    |tmp_dst_2_reg_2251        |  64|   0|   64|          0|
    |tmp_dst_3_1_reg_2575      |  64|   0|   64|          0|
    |tmp_dst_3_reg_2531        |  64|   0|   64|          0|
    |tmp_dst_reg_2114          |  64|   0|   64|          0|
    |tmp_dst_s_reg_2169        |  64|   0|   64|          0|
    |tmp_end_1_reg_2371        |  64|   0|   64|          0|
    |tmp_end_reg_2085          |  64|   0|   64|          0|
    |trunc_ln24_1_reg_2334     |   7|   0|    7|          0|
    |trunc_ln24_reg_2036       |   7|   0|    7|          0|
    |trunc_ln28_1_reg_2395     |   1|   0|    1|          0|
    |trunc_ln28_4_reg_2246     |   1|   0|    1|          0|
    |trunc_ln28_5_reg_2526     |   1|   0|    1|          0|
    |trunc_ln28_reg_2109       |   1|   0|    1|          0|
    |xor_ln28_1_reg_2426       |   1|   0|    1|          0|
    |xor_ln28_2_reg_2277       |   1|   0|    1|          0|
    |xor_ln28_3_reg_2557       |   1|   0|    1|          0|
    |xor_ln28_reg_2145         |   1|   0|    1|          0|
    |zext_ln21_reg_2017        |   4|   0|    8|          4|
    |zext_ln24_1_reg_2060      |   4|   0|    8|          4|
    |zext_ln24_reg_2026        |   3|   0|    8|          5|
    +--------------------------+----+----+-----+-----------+
    |Total                     |3081|   0| 3096|         15|
    +--------------------------+----+----+-----+-----------+



================================================================
== Interface
================================================================
* Summary: 
+-------------------------+-----+-----+------------+----------------+--------------+
|        RTL Ports        | Dir | Bits|  Protocol  |  Source Object |    C Type    |
+-------------------------+-----+-----+------------+----------------+--------------+
|ap_clk                   |   in|    1|  ap_ctrl_hs|             bfs|  return value|
|ap_rst                   |   in|    1|  ap_ctrl_hs|             bfs|  return value|
|ap_start                 |   in|    1|  ap_ctrl_hs|             bfs|  return value|
|ap_done                  |  out|    1|  ap_ctrl_hs|             bfs|  return value|
|ap_idle                  |  out|    1|  ap_ctrl_hs|             bfs|  return value|
|ap_ready                 |  out|    1|  ap_ctrl_hs|             bfs|  return value|
|nodes_0_address0         |  out|    7|   ap_memory|         nodes_0|         array|
|nodes_0_ce0              |  out|    1|   ap_memory|         nodes_0|         array|
|nodes_0_q0               |   in|  128|   ap_memory|         nodes_0|         array|
|nodes_1_address0         |  out|    7|   ap_memory|         nodes_1|         array|
|nodes_1_ce0              |  out|    1|   ap_memory|         nodes_1|         array|
|nodes_1_q0               |   in|  128|   ap_memory|         nodes_1|         array|
|edges_0_address0         |  out|   11|   ap_memory|         edges_0|         array|
|edges_0_ce0              |  out|    1|   ap_memory|         edges_0|         array|
|edges_0_q0               |   in|   64|   ap_memory|         edges_0|         array|
|edges_1_address0         |  out|   11|   ap_memory|         edges_1|         array|
|edges_1_ce0              |  out|    1|   ap_memory|         edges_1|         array|
|edges_1_q0               |   in|   64|   ap_memory|         edges_1|         array|
|starting_node            |   in|   64|     ap_none|   starting_node|        scalar|
|level_0_address0         |  out|    7|   ap_memory|         level_0|         array|
|level_0_ce0              |  out|    1|   ap_memory|         level_0|         array|
|level_0_we0              |  out|    1|   ap_memory|         level_0|         array|
|level_0_d0               |  out|    8|   ap_memory|         level_0|         array|
|level_0_q0               |   in|    8|   ap_memory|         level_0|         array|
|level_1_address0         |  out|    7|   ap_memory|         level_1|         array|
|level_1_ce0              |  out|    1|   ap_memory|         level_1|         array|
|level_1_we0              |  out|    1|   ap_memory|         level_1|         array|
|level_1_d0               |  out|    8|   ap_memory|         level_1|         array|
|level_1_q0               |   in|    8|   ap_memory|         level_1|         array|
|level_counts_0_address0  |  out|    3|   ap_memory|  level_counts_0|         array|
|level_counts_0_ce0       |  out|    1|   ap_memory|  level_counts_0|         array|
|level_counts_0_we0       |  out|    1|   ap_memory|  level_counts_0|         array|
|level_counts_0_d0        |  out|   64|   ap_memory|  level_counts_0|         array|
|level_counts_1_address0  |  out|    3|   ap_memory|  level_counts_1|         array|
|level_counts_1_ce0       |  out|    1|   ap_memory|  level_counts_1|         array|
|level_counts_1_we0       |  out|    1|   ap_memory|  level_counts_1|         array|
|level_counts_1_d0        |  out|   64|   ap_memory|  level_counts_1|         array|
+-------------------------+-----+-----+------------+----------------+--------------+

