

================================================================
== Vitis HLS Report for 'bfs'
================================================================
* Date:           Mon Mar 10 00:10:45 2025

* Version:        2022.1 (Build 3526262 on Mon Apr 18 15:47:01 MDT 2022)
* Project:        bfs_random_prj_p1
* Solution:       solution (Vivado IP Flow Target)
* Product family: virtex7
* Target device:  xc7vx485t-ffg1761-2


================================================================
== Performance Estimates
================================================================
+ Timing: 
    * Summary: 
    +--------+----------+----------+------------+
    |  Clock |  Target  | Estimated| Uncertainty|
    +--------+----------+----------+------------+
    |ap_clk  |  10.00 ns|  6.904 ns|     2.70 ns|
    +--------+----------+----------+------------+

+ Latency: 
    * Summary: 
    +---------+---------+----------+----------+-----+-----+---------+
    |  Latency (cycles) |  Latency (absolute) |  Interval | Pipeline|
    |   min   |   max   |    min   |    max   | min | max |   Type  |
    +---------+---------+----------+----------+-----+-----+---------+
    |        ?|        ?|         ?|         ?|    ?|    ?|       no|
    +---------+---------+----------+----------+-----+-----+---------+

    + Detail: 
        * Instance: 
        +-----------------------------------------+------------------------------+---------+---------+----------+----------+-----+-----+---------+
        |                                         |                              |  Latency (cycles) |  Latency (absolute) |  Interval | Pipeline|
        |                 Instance                |            Module            |   min   |   max   |    min   |    max   | min | max |   Type  |
        +-----------------------------------------+------------------------------+---------+---------+----------+----------+-----+-----+---------+
        |grp_bfs_Pipeline_loop_neighbors_fu_246   |bfs_Pipeline_loop_neighbors   |        ?|        ?|         ?|         ?|    ?|    ?|       no|
        |grp_bfs_Pipeline_loop_neighbors1_fu_260  |bfs_Pipeline_loop_neighbors1  |        ?|        ?|         ?|         ?|    ?|    ?|       no|
        +-----------------------------------------+------------------------------+---------+---------+----------+----------+-----+-----+---------+

        * Loop: 
        +-----------------+---------+---------+----------+-----------+-----------+------+----------+
        |                 |  Latency (cycles) | Iteration|  Initiation Interval  | Trip |          |
        |    Loop Name    |   min   |   max   |  Latency |  achieved |   target  | Count| Pipelined|
        +-----------------+---------+---------+----------+-----------+-----------+------+----------+
        |- loop_horizons  |        ?|        ?|         ?|          -|          -|     ?|        no|
        | + loop_nodes    |        ?|        ?|         ?|          -|          -|   128|        no|
        +-----------------+---------+---------+----------+-----------+-----------+------+----------+



================================================================
== Utilization Estimates
================================================================
* Summary: 
+-----------------+---------+------+--------+--------+-----+
|       Name      | BRAM_18K|  DSP |   FF   |   LUT  | URAM|
+-----------------+---------+------+--------+--------+-----+
|DSP              |        -|     -|       -|       -|    -|
|Expression       |        -|     -|       0|    1531|    -|
|FIFO             |        -|     -|       -|       -|    -|
|Instance         |        -|     -|     286|    1356|    -|
|Memory           |        -|     -|       -|       -|    -|
|Multiplexer      |        -|     -|       -|     251|    -|
|Register         |        -|     -|     628|       -|    -|
+-----------------+---------+------+--------+--------+-----+
|Total            |        0|     0|     914|    3138|    0|
+-----------------+---------+------+--------+--------+-----+
|Available        |     2060|  2800|  607200|  303600|    0|
+-----------------+---------+------+--------+--------+-----+
|Utilization (%)  |        0|     0|      ~0|       1|    0|
+-----------------+---------+------+--------+--------+-----+

+ Detail: 
    * Instance: 
    +-----------------------------------------+------------------------------+---------+----+-----+-----+-----+
    |                 Instance                |            Module            | BRAM_18K| DSP|  FF | LUT | URAM|
    +-----------------------------------------+------------------------------+---------+----+-----+-----+-----+
    |grp_bfs_Pipeline_loop_neighbors_fu_246   |bfs_Pipeline_loop_neighbors   |        0|   0|  143|  678|    0|
    |grp_bfs_Pipeline_loop_neighbors1_fu_260  |bfs_Pipeline_loop_neighbors1  |        0|   0|  143|  678|    0|
    +-----------------------------------------+------------------------------+---------+----+-----+-----+-----+
    |Total                                    |                              |        0|   0|  286| 1356|    0|
    +-----------------------------------------+------------------------------+---------+----+-----+-----+-----+

    * DSP: 
    N/A

    * Memory: 
    N/A

    * FIFO: 
    N/A

    * Expression: 
    +--------------------------+----------+----+---+-----+------------+------------+
    |       Variable Name      | Operation| DSP| FF| LUT | Bitwidth P0| Bitwidth P1|
    +--------------------------+----------+----+---+-----+------------+------------+
    |add_ln21_cast1_fu_323_p2  |         +|   0|  0|   13|           4|           1|
    |add_ln21_fu_317_p2        |         +|   0|  0|   71|          64|           1|
    |empty_fu_335_p2           |         +|   0|  0|   15|           8|           1|
    |n_2_fu_469_p2             |         +|   0|  0|   16|           9|           2|
    |and_ln39_1_fu_498_p2      |       and|   0|  0|  128|         128|         128|
    |and_ln39_fu_532_p2        |       and|   0|  0|    2|           1|           1|
    |icmp_ln21_fu_527_p2       |      icmp|   0|  0|   29|          64|           4|
    |icmp_ln25_1_fu_433_p2     |      icmp|   0|  0|   29|          64|          64|
    |icmp_ln25_fu_380_p2       |      icmp|   0|  0|   29|          64|          64|
    |icmp_ln28_1_fu_459_p2     |      icmp|   0|  0|   29|          64|          64|
    |icmp_ln28_fu_406_p2       |      icmp|   0|  0|   29|          64|          64|
    |icmp_ln39_fu_521_p2       |      icmp|   0|  0|   29|          64|           1|
    |n_1_fu_415_p2             |        or|   0|  0|    8|           8|           1|
    |or_ln39_fu_514_p2         |        or|   0|  0|  128|         128|         128|
    |shl_ln39_1_fu_508_p2      |       shl|   0|  0|  423|         128|         128|
    |shl_ln39_fu_486_p2        |       shl|   0|  0|  423|          64|         128|
    |add_ln21_cast_fu_329_p2   |       xor|   0|  0|    2|           1|           2|
    |xor_ln39_fu_492_p2        |       xor|   0|  0|  128|         128|           2|
    +--------------------------+----------+----+---+-----+------------+------------+
    |Total                     |          |   0|  0| 1531|        1055|         784|
    +--------------------------+----------+----+---+-----+------------+------------+

    * Multiplexer: 
    +--------------------------------+----+-----------+-----+-----------+
    |              Name              | LUT| Input Size| Bits| Total Bits|
    +--------------------------------+----+-----------+-----+-----------+
    |ap_NS_fsm                       |  57|         14|    1|         14|
    |ap_phi_mux_cnt_4_phi_fu_235_p6  |   9|          2|   64|        128|
    |cnt_3_reg_217                   |   9|          2|   64|        128|
    |cnt_4_reg_231                   |  13|          3|   64|        192|
    |cnt_reg_193                     |   9|          2|   64|        128|
    |edges_address0                  |  13|          3|   11|         33|
    |edges_ce0                       |  13|          3|    1|          3|
    |horizon_fu_96                   |   9|          2|   64|        128|
    |level_address0                  |  25|          6|    8|         48|
    |level_ce0                       |  17|          4|    1|          4|
    |level_counts_address0           |  21|          5|    3|         15|
    |level_counts_d0                 |  13|          3|  128|        384|
    |level_d0                        |  17|          4|    8|         32|
    |level_we0                       |  17|          4|    1|          4|
    |n_reg_205                       |   9|          2|    9|         18|
    +--------------------------------+----+-----------+-----+-----------+
    |Total                           | 251|         59|  491|       1259|
    +--------------------------------+----+-----------+-----+-----------+

    * Register: 
    +------------------------------------------------------+----+----+-----+-----------+
    |                         Name                         | FF | LUT| Bits| Const Bits|
    +------------------------------------------------------+----+----+-----+-----------+
    |add_ln21_cast1_reg_575                                |   4|   0|    4|          0|
    |add_ln21_cast_reg_580                                 |   1|   0|    1|          0|
    |add_ln21_reg_569                                      |  64|   0|   64|          0|
    |ap_CS_fsm                                             |  13|   0|   13|          0|
    |cnt_3_reg_217                                         |  64|   0|   64|          0|
    |cnt_4_reg_231                                         |  64|   0|   64|          0|
    |cnt_reg_193                                           |  64|   0|   64|          0|
    |empty_reg_585                                         |   8|   0|    8|          0|
    |grp_bfs_Pipeline_loop_neighbors1_fu_260_ap_start_reg  |   1|   0|    1|          0|
    |grp_bfs_Pipeline_loop_neighbors_fu_246_ap_start_reg   |   1|   0|    1|          0|
    |horizon_fu_96                                         |  64|   0|   64|          0|
    |icmp_ln25_1_reg_640                                   |   1|   0|    1|          0|
    |icmp_ln25_reg_609                                     |   1|   0|    1|          0|
    |icmp_ln28_1_reg_659                                   |   1|   0|    1|          0|
    |icmp_ln28_reg_628                                     |   1|   0|    1|          0|
    |level_counts_addr_1_reg_599                           |   3|   0|    3|          0|
    |n_reg_205                                             |   9|   0|    9|          0|
    |tmp_begin_1_reg_649                                   |  64|   0|   64|          0|
    |tmp_begin_reg_618                                     |  64|   0|   64|          0|
    |tmp_end_1_reg_654                                     |  64|   0|   64|          0|
    |tmp_end_reg_623                                       |  64|   0|   64|          0|
    |trunc_ln24_reg_604                                    |   8|   0|    8|          0|
    +------------------------------------------------------+----+----+-----+-----------+
    |Total                                                 | 628|   0|  628|          0|
    +------------------------------------------------------+----+----+-----+-----------+



================================================================
== Interface
================================================================
* Summary: 
+-----------------------+-----+-----+------------+---------------+--------------+
|       RTL Ports       | Dir | Bits|  Protocol  | Source Object |    C Type    |
+-----------------------+-----+-----+------------+---------------+--------------+
|ap_clk                 |   in|    1|  ap_ctrl_hs|            bfs|  return value|
|ap_rst                 |   in|    1|  ap_ctrl_hs|            bfs|  return value|
|ap_start               |   in|    1|  ap_ctrl_hs|            bfs|  return value|
|ap_done                |  out|    1|  ap_ctrl_hs|            bfs|  return value|
|ap_idle                |  out|    1|  ap_ctrl_hs|            bfs|  return value|
|ap_ready               |  out|    1|  ap_ctrl_hs|            bfs|  return value|
|nodes_0_address0       |  out|    7|   ap_memory|        nodes_0|         array|
|nodes_0_ce0            |  out|    1|   ap_memory|        nodes_0|         array|
|nodes_0_q0             |   in|  128|   ap_memory|        nodes_0|         array|
|nodes_1_address0       |  out|    7|   ap_memory|        nodes_1|         array|
|nodes_1_ce0            |  out|    1|   ap_memory|        nodes_1|         array|
|nodes_1_q0             |   in|  128|   ap_memory|        nodes_1|         array|
|edges_address0         |  out|   11|   ap_memory|          edges|         array|
|edges_ce0              |  out|    1|   ap_memory|          edges|         array|
|edges_q0               |   in|  128|   ap_memory|          edges|         array|
|starting_node          |   in|   64|     ap_none|  starting_node|        scalar|
|level_address0         |  out|    8|   ap_memory|          level|         array|
|level_ce0              |  out|    1|   ap_memory|          level|         array|
|level_we0              |  out|    1|   ap_memory|          level|         array|
|level_d0               |  out|    8|   ap_memory|          level|         array|
|level_q0               |   in|    8|   ap_memory|          level|         array|
|level_counts_address0  |  out|    3|   ap_memory|   level_counts|         array|
|level_counts_ce0       |  out|    1|   ap_memory|   level_counts|         array|
|level_counts_we0       |  out|    1|   ap_memory|   level_counts|         array|
|level_counts_d0        |  out|  128|   ap_memory|   level_counts|         array|
|level_counts_q0        |   in|  128|   ap_memory|   level_counts|         array|
+-----------------------+-----+-----+------------+---------------+--------------+

